<?xml version="1.0" encoding="UTF-8"?>
<testsuite xmlns:xsi="http://www.w3.org/2001/XMLSchema-instance" xsi:noNamespaceSchemaLocation="https://maven.apache.org/surefire/maven-surefire-plugin/xsd/surefire-test-report-3.0.xsd" version="3.0" name="TestSuite" time="11.4" tests="19" errors="0" skipped="0" failures="0">
  <properties>
    <property name="sun.desktop" value="windows"/>
    <property name="awt.toolkit" value="sun.awt.windows.WToolkit"/>
    <property name="file.encoding.pkg" value="sun.io"/>
    <property name="java.specification.version" value="1.8"/>
    <property name="sun.cpu.isalist" value="amd64"/>
    <property name="sun.jnu.encoding" value="Cp1252"/>
    <property name="java.class.path" value="C:\Users\mdkam\Desktop\Automation Testing\SWADES_Project\target\test-classes;C:\Users\mdkam\Desktop\Automation Testing\SWADES_Project\target\classes;C:\Users\mdkam\.m2\repository\io\rest-assured\rest-assured\5.3.0\rest-assured-5.3.0.jar;C:\Users\mdkam\.m2\repository\org\apache\groovy\groovy\4.0.6\groovy-4.0.6.jar;C:\Users\mdkam\.m2\repository\org\apache\groovy\groovy-xml\4.0.6\groovy-xml-4.0.6.jar;C:\Users\mdkam\.m2\repository\org\apache\httpcomponents\httpclient\4.5.13\httpclient-4.5.13.jar;C:\Users\mdkam\.m2\repository\org\apache\httpcomponents\httpcore\4.4.13\httpcore-4.4.13.jar;C:\Users\mdkam\.m2\repository\commons-logging\commons-logging\1.2\commons-logging-1.2.jar;C:\Users\mdkam\.m2\repository\org\apache\httpcomponents\httpmime\4.5.13\httpmime-4.5.13.jar;C:\Users\mdkam\.m2\repository\org\hamcrest\hamcrest\2.1\hamcrest-2.1.jar;C:\Users\mdkam\.m2\repository\org\ccil\cowan\tagsoup\tagsoup\1.2.1\tagsoup-1.2.1.jar;C:\Users\mdkam\.m2\repository\io\rest-assured\json-path\5.3.0\json-path-5.3.0.jar;C:\Users\mdkam\.m2\repository\org\apache\groovy\groovy-json\4.0.6\groovy-json-4.0.6.jar;C:\Users\mdkam\.m2\repository\io\rest-assured\rest-assured-common\5.3.0\rest-assured-common-5.3.0.jar;C:\Users\mdkam\.m2\repository\io\rest-assured\xml-path\5.3.0\xml-path-5.3.0.jar;C:\Users\mdkam\.m2\repository\org\testng\testng\7.5.1\testng-7.5.1.jar;C:\Users\mdkam\.m2\repository\com\google\code\findbugs\jsr305\3.0.1\jsr305-3.0.1.jar;C:\Users\mdkam\.m2\repository\com\beust\jcommander\1.78\jcommander-1.78.jar;C:\Users\mdkam\.m2\repository\org\webjars\jquery\3.5.1\jquery-3.5.1.jar;C:\Users\mdkam\.m2\repository\com\github\scribejava\scribejava-apis\8.3.1\scribejava-apis-8.3.1.jar;C:\Users\mdkam\.m2\repository\com\github\scribejava\scribejava-core\8.3.1\scribejava-core-8.3.1.jar;C:\Users\mdkam\.m2\repository\com\github\scribejava\scribejava-java8\8.3.1\scribejava-java8-8.3.1.jar;C:\Users\mdkam\.m2\repository\com\fasterxml\jackson\core\jackson-databind\2.12.3\jackson-databind-2.12.3.jar;C:\Users\mdkam\.m2\repository\com\fasterxml\jackson\core\jackson-annotations\2.12.3\jackson-annotations-2.12.3.jar;C:\Users\mdkam\.m2\repository\com\fasterxml\jackson\core\jackson-core\2.12.3\jackson-core-2.12.3.jar;C:\Users\mdkam\.m2\repository\com\github\fge\json-schema-validator\2.2.6\json-schema-validator-2.2.6.jar;C:\Users\mdkam\.m2\repository\joda-time\joda-time\2.3\joda-time-2.3.jar;C:\Users\mdkam\.m2\repository\com\googlecode\libphonenumber\libphonenumber\6.2\libphonenumber-6.2.jar;C:\Users\mdkam\.m2\repository\com\github\fge\json-schema-core\1.2.5\json-schema-core-1.2.5.jar;C:\Users\mdkam\.m2\repository\com\github\fge\uri-template\0.9\uri-template-0.9.jar;C:\Users\mdkam\.m2\repository\com\github\fge\msg-simple\1.1\msg-simple-1.1.jar;C:\Users\mdkam\.m2\repository\com\github\fge\btf\1.2\btf-1.2.jar;C:\Users\mdkam\.m2\repository\com\google\guava\guava\16.0.1\guava-16.0.1.jar;C:\Users\mdkam\.m2\repository\com\github\fge\jackson-coreutils\1.8\jackson-coreutils-1.8.jar;C:\Users\mdkam\.m2\repository\org\mozilla\rhino\1.7R4\rhino-1.7R4.jar;C:\Users\mdkam\.m2\repository\javax\mail\mailapi\1.4.3\mailapi-1.4.3.jar;C:\Users\mdkam\.m2\repository\javax\activation\activation\1.1\activation-1.1.jar;C:\Users\mdkam\.m2\repository\net\sf\jopt-simple\jopt-simple\4.6\jopt-simple-4.6.jar;C:\Users\mdkam\.m2\repository\com\aventstack\extentreports\5.0.9\extentreports-5.0.9.jar;C:\Users\mdkam\.m2\repository\io\reactivex\rxjava3\rxjava\3.0.4\rxjava-3.0.4.jar;C:\Users\mdkam\.m2\repository\org\reactivestreams\reactive-streams\1.0.3\reactive-streams-1.0.3.jar;C:\Users\mdkam\.m2\repository\org\freemarker\freemarker\2.3.30\freemarker-2.3.30.jar;C:\Users\mdkam\.m2\repository\org\projectlombok\lombok\1.18.12\lombok-1.18.12.jar;C:\Users\mdkam\.m2\repository\com\google\code\gson\gson\2.8.6\gson-2.8.6.jar;C:\Users\mdkam\.m2\repository\org\apache\poi\poi\5.2.3\poi-5.2.3.jar;C:\Users\mdkam\.m2\repository\commons-codec\commons-codec\1.15\commons-codec-1.15.jar;C:\Users\mdkam\.m2\repository\org\apache\commons\commons-collections4\4.4\commons-collections4-4.4.jar;C:\Users\mdkam\.m2\repository\org\apache\commons\commons-math3\3.6.1\commons-math3-3.6.1.jar;C:\Users\mdkam\.m2\repository\commons-io\commons-io\2.11.0\commons-io-2.11.0.jar;C:\Users\mdkam\.m2\repository\com\zaxxer\SparseBitSet\1.2\SparseBitSet-1.2.jar;C:\Users\mdkam\.m2\repository\org\apache\poi\poi-ooxml\5.2.3\poi-ooxml-5.2.3.jar;C:\Users\mdkam\.m2\repository\org\apache\poi\poi-ooxml-lite\5.2.3\poi-ooxml-lite-5.2.3.jar;C:\Users\mdkam\.m2\repository\org\apache\xmlbeans\xmlbeans\5.1.1\xmlbeans-5.1.1.jar;C:\Users\mdkam\.m2\repository\xml-apis\xml-apis\1.4.01\xml-apis-1.4.01.jar;C:\Users\mdkam\.m2\repository\org\apache\commons\commons-compress\1.21\commons-compress-1.21.jar;C:\Users\mdkam\.m2\repository\com\github\virtuald\curvesapi\1.07\curvesapi-1.07.jar;C:\Users\mdkam\.m2\repository\com\github\javafaker\javafaker\1.0.2\javafaker-1.0.2.jar;C:\Users\mdkam\.m2\repository\org\apache\commons\commons-lang3\3.5\commons-lang3-3.5.jar;C:\Users\mdkam\.m2\repository\org\yaml\snakeyaml\1.23\snakeyaml-1.23-android.jar;C:\Users\mdkam\.m2\repository\com\github\mifmif\generex\1.0.2\generex-1.0.2.jar;C:\Users\mdkam\.m2\repository\dk\brics\automaton\automaton\1.11-8\automaton-1.11-8.jar;C:\Users\mdkam\.m2\repository\org\apache\logging\log4j\log4j-core\2.17.2\log4j-core-2.17.2.jar;C:\Users\mdkam\.m2\repository\org\apache\logging\log4j\log4j-api\2.17.2\log4j-api-2.17.2.jar;"/>
    <property name="java.vm.vendor" value="Oracle Corporation"/>
    <property name="sun.arch.data.model" value="64"/>
    <property name="user.variant" value=""/>
    <property name="java.vendor.url" value="http://java.oracle.com/"/>
    <property name="user.timezone" value="Asia/Calcutta"/>
    <property name="java.vm.specification.version" value="1.8"/>
    <property name="os.name" value="Windows 10"/>
    <property name="user.country" value="IN"/>
    <property name="sun.java.launcher" value="SUN_STANDARD"/>
    <property name="sun.boot.library.path" value="C:\Program Files\Java\jdk1.8.0_271\jre\bin"/>
    <property name="sun.java.command" value="C:\Users\mdkam\AppData\Local\Temp\surefire2424990412852312707\surefirebooter-20240618123907358_3.jar C:\Users\mdkam\AppData\Local\Temp\surefire2424990412852312707 2024-06-18T12-39-07_019-jvmRun1 surefire-20240618123907358_1tmp surefire_0-20240618123907358_2tmp"/>
    <property name="surefire.test.class.path" value="C:\Users\mdkam\Desktop\Automation Testing\SWADES_Project\target\test-classes;C:\Users\mdkam\Desktop\Automation Testing\SWADES_Project\target\classes;C:\Users\mdkam\.m2\repository\io\rest-assured\rest-assured\5.3.0\rest-assured-5.3.0.jar;C:\Users\mdkam\.m2\repository\org\apache\groovy\groovy\4.0.6\groovy-4.0.6.jar;C:\Users\mdkam\.m2\repository\org\apache\groovy\groovy-xml\4.0.6\groovy-xml-4.0.6.jar;C:\Users\mdkam\.m2\repository\org\apache\httpcomponents\httpclient\4.5.13\httpclient-4.5.13.jar;C:\Users\mdkam\.m2\repository\org\apache\httpcomponents\httpcore\4.4.13\httpcore-4.4.13.jar;C:\Users\mdkam\.m2\repository\commons-logging\commons-logging\1.2\commons-logging-1.2.jar;C:\Users\mdkam\.m2\repository\org\apache\httpcomponents\httpmime\4.5.13\httpmime-4.5.13.jar;C:\Users\mdkam\.m2\repository\org\hamcrest\hamcrest\2.1\hamcrest-2.1.jar;C:\Users\mdkam\.m2\repository\org\ccil\cowan\tagsoup\tagsoup\1.2.1\tagsoup-1.2.1.jar;C:\Users\mdkam\.m2\repository\io\rest-assured\json-path\5.3.0\json-path-5.3.0.jar;C:\Users\mdkam\.m2\repository\org\apache\groovy\groovy-json\4.0.6\groovy-json-4.0.6.jar;C:\Users\mdkam\.m2\repository\io\rest-assured\rest-assured-common\5.3.0\rest-assured-common-5.3.0.jar;C:\Users\mdkam\.m2\repository\io\rest-assured\xml-path\5.3.0\xml-path-5.3.0.jar;C:\Users\mdkam\.m2\repository\org\testng\testng\7.5.1\testng-7.5.1.jar;C:\Users\mdkam\.m2\repository\com\google\code\findbugs\jsr305\3.0.1\jsr305-3.0.1.jar;C:\Users\mdkam\.m2\repository\com\beust\jcommander\1.78\jcommander-1.78.jar;C:\Users\mdkam\.m2\repository\org\webjars\jquery\3.5.1\jquery-3.5.1.jar;C:\Users\mdkam\.m2\repository\com\github\scribejava\scribejava-apis\8.3.1\scribejava-apis-8.3.1.jar;C:\Users\mdkam\.m2\repository\com\github\scribejava\scribejava-core\8.3.1\scribejava-core-8.3.1.jar;C:\Users\mdkam\.m2\repository\com\github\scribejava\scribejava-java8\8.3.1\scribejava-java8-8.3.1.jar;C:\Users\mdkam\.m2\repository\com\fasterxml\jackson\core\jackson-databind\2.12.3\jackson-databind-2.12.3.jar;C:\Users\mdkam\.m2\repository\com\fasterxml\jackson\core\jackson-annotations\2.12.3\jackson-annotations-2.12.3.jar;C:\Users\mdkam\.m2\repository\com\fasterxml\jackson\core\jackson-core\2.12.3\jackson-core-2.12.3.jar;C:\Users\mdkam\.m2\repository\com\github\fge\json-schema-validator\2.2.6\json-schema-validator-2.2.6.jar;C:\Users\mdkam\.m2\repository\joda-time\joda-time\2.3\joda-time-2.3.jar;C:\Users\mdkam\.m2\repository\com\googlecode\libphonenumber\libphonenumber\6.2\libphonenumber-6.2.jar;C:\Users\mdkam\.m2\repository\com\github\fge\json-schema-core\1.2.5\json-schema-core-1.2.5.jar;C:\Users\mdkam\.m2\repository\com\github\fge\uri-template\0.9\uri-template-0.9.jar;C:\Users\mdkam\.m2\repository\com\github\fge\msg-simple\1.1\msg-simple-1.1.jar;C:\Users\mdkam\.m2\repository\com\github\fge\btf\1.2\btf-1.2.jar;C:\Users\mdkam\.m2\repository\com\google\guava\guava\16.0.1\guava-16.0.1.jar;C:\Users\mdkam\.m2\repository\com\github\fge\jackson-coreutils\1.8\jackson-coreutils-1.8.jar;C:\Users\mdkam\.m2\repository\org\mozilla\rhino\1.7R4\rhino-1.7R4.jar;C:\Users\mdkam\.m2\repository\javax\mail\mailapi\1.4.3\mailapi-1.4.3.jar;C:\Users\mdkam\.m2\repository\javax\activation\activation\1.1\activation-1.1.jar;C:\Users\mdkam\.m2\repository\net\sf\jopt-simple\jopt-simple\4.6\jopt-simple-4.6.jar;C:\Users\mdkam\.m2\repository\com\aventstack\extentreports\5.0.9\extentreports-5.0.9.jar;C:\Users\mdkam\.m2\repository\io\reactivex\rxjava3\rxjava\3.0.4\rxjava-3.0.4.jar;C:\Users\mdkam\.m2\repository\org\reactivestreams\reactive-streams\1.0.3\reactive-streams-1.0.3.jar;C:\Users\mdkam\.m2\repository\org\freemarker\freemarker\2.3.30\freemarker-2.3.30.jar;C:\Users\mdkam\.m2\repository\org\projectlombok\lombok\1.18.12\lombok-1.18.12.jar;C:\Users\mdkam\.m2\repository\com\google\code\gson\gson\2.8.6\gson-2.8.6.jar;C:\Users\mdkam\.m2\repository\org\apache\poi\poi\5.2.3\poi-5.2.3.jar;C:\Users\mdkam\.m2\repository\commons-codec\commons-codec\1.15\commons-codec-1.15.jar;C:\Users\mdkam\.m2\repository\org\apache\commons\commons-collections4\4.4\commons-collections4-4.4.jar;C:\Users\mdkam\.m2\repository\org\apache\commons\commons-math3\3.6.1\commons-math3-3.6.1.jar;C:\Users\mdkam\.m2\repository\commons-io\commons-io\2.11.0\commons-io-2.11.0.jar;C:\Users\mdkam\.m2\repository\com\zaxxer\SparseBitSet\1.2\SparseBitSet-1.2.jar;C:\Users\mdkam\.m2\repository\org\apache\poi\poi-ooxml\5.2.3\poi-ooxml-5.2.3.jar;C:\Users\mdkam\.m2\repository\org\apache\poi\poi-ooxml-lite\5.2.3\poi-ooxml-lite-5.2.3.jar;C:\Users\mdkam\.m2\repository\org\apache\xmlbeans\xmlbeans\5.1.1\xmlbeans-5.1.1.jar;C:\Users\mdkam\.m2\repository\xml-apis\xml-apis\1.4.01\xml-apis-1.4.01.jar;C:\Users\mdkam\.m2\repository\org\apache\commons\commons-compress\1.21\commons-compress-1.21.jar;C:\Users\mdkam\.m2\repository\com\github\virtuald\curvesapi\1.07\curvesapi-1.07.jar;C:\Users\mdkam\.m2\repository\com\github\javafaker\javafaker\1.0.2\javafaker-1.0.2.jar;C:\Users\mdkam\.m2\repository\org\apache\commons\commons-lang3\3.5\commons-lang3-3.5.jar;C:\Users\mdkam\.m2\repository\org\yaml\snakeyaml\1.23\snakeyaml-1.23-android.jar;C:\Users\mdkam\.m2\repository\com\github\mifmif\generex\1.0.2\generex-1.0.2.jar;C:\Users\mdkam\.m2\repository\dk\brics\automaton\automaton\1.11-8\automaton-1.11-8.jar;C:\Users\mdkam\.m2\repository\org\apache\logging\log4j\log4j-core\2.17.2\log4j-core-2.17.2.jar;C:\Users\mdkam\.m2\repository\org\apache\logging\log4j\log4j-api\2.17.2\log4j-api-2.17.2.jar;"/>
    <property name="sun.cpu.endian" value="little"/>
    <property name="user.home" value="C:\Users\mdkam"/>
    <property name="user.language" value="en"/>
    <property name="java.specification.vendor" value="Oracle Corporation"/>
    <property name="java.home" value="C:\Program Files\Java\jdk1.8.0_271\jre"/>
    <property name="basedir" value="C:\Users\mdkam\Desktop\Automation Testing\SWADES_Project"/>
    <property name="file.separator" value="\"/>
    <property name="line.separator" value="&#10;"/>
    <property name="java.vm.specification.vendor" value="Oracle Corporation"/>
    <property name="java.specification.name" value="Java Platform API Specification"/>
    <property name="java.awt.graphicsenv" value="sun.awt.Win32GraphicsEnvironment"/>
    <property name="surefire.real.class.path" value="C:\Users\mdkam\AppData\Local\Temp\surefire2424990412852312707\surefirebooter-20240618123907358_3.jar"/>
    <property name="sun.boot.class.path" value="C:\Program Files\Java\jdk1.8.0_271\jre\lib\resources.jar;C:\Program Files\Java\jdk1.8.0_271\jre\lib\rt.jar;C:\Program Files\Java\jdk1.8.0_271\jre\lib\sunrsasign.jar;C:\Program Files\Java\jdk1.8.0_271\jre\lib\jsse.jar;C:\Program Files\Java\jdk1.8.0_271\jre\lib\jce.jar;C:\Program Files\Java\jdk1.8.0_271\jre\lib\charsets.jar;C:\Program Files\Java\jdk1.8.0_271\jre\lib\jfr.jar;C:\Program Files\Java\jdk1.8.0_271\jre\classes"/>
    <property name="user.script" value=""/>
    <property name="sun.management.compiler" value="HotSpot 64-Bit Tiered Compilers"/>
    <property name="java.runtime.version" value="1.8.0_271-b09"/>
    <property name="user.name" value="mdkam"/>
    <property name="path.separator" value=";"/>
    <property name="os.version" value="10.0"/>
    <property name="java.endorsed.dirs" value="C:\Program Files\Java\jdk1.8.0_271\jre\lib\endorsed"/>
    <property name="java.runtime.name" value="Java(TM) SE Runtime Environment"/>
    <property name="file.encoding" value="Cp1252"/>
    <property name="java.vm.name" value="Java HotSpot(TM) 64-Bit Server VM"/>
    <property name="localRepository" value="C:\Users\mdkam\.m2\repository"/>
    <property name="java.vendor.url.bug" value="http://bugreport.sun.com/bugreport/"/>
    <property name="java.io.tmpdir" value="C:\Users\mdkam\AppData\Local\Temp\"/>
    <property name="java.version" value="1.8.0_271"/>
    <property name="user.dir" value="C:\Users\mdkam\Desktop\Automation Testing\SWADES_Project"/>
    <property name="os.arch" value="amd64"/>
    <property name="java.vm.specification.name" value="Java Virtual Machine Specification"/>
    <property name="java.awt.printerjob" value="sun.awt.windows.WPrinterJob"/>
    <property name="sun.os.patch.level" value=""/>
    <property name="java.library.path" value="C:\Program Files\Java\jdk1.8.0_271\jre\bin;C:\windows\Sun\Java\bin;C:\windows\system32;C:\windows;C:\Program Files\Common Files\Oracle\Java\javapath;C:\windows\system32;C:\windows;C:\windows\System32\Wbem;C:\windows\System32\WindowsPowerShell\v1.0\;C:\windows\System32\OpenSSH\;C:\Program Files\Java\jdk-11.0.10;C:\Program Files\Java\jdk1.8.0_271;\bin;C:\Program Files\Java\jdk1.8.0_271;\bin;C:\Program Files\nodejs\;C:\Users\mdkam\AppData\Local\Android\Sdk\platform-tools;C:\Users\mdkam\AppData\Local\Android\Sdk\tools;C:\Users\mdkam\AppData\Local\Android\Sdk\tools\bin;C:\Users\mdkam\AppData\Local\Android\Sdk\platform-tools;C:\Users\mdkam\AppData\Local\Android\Sdk\tools;C:\Users\mdkam\AppData\Local\Android\Sdk\tools\bin;C:\Users\mdkam\Desktop\Gatling\gatling-charts-highcharts-bundle-3.5.1-bundle\gatling-charts-highcharts-bundle-3.5.1\bin;C:\Program Files\Git\cmd;C:\Program Files (x86)\Common Files\Oracle\Java\javapath;C:\Program Files\Java\jdk-11.0.10\bin;C:\Program Files\HP\HP One Agent;C:\Program Files\Java\jdk-22\bin;C:\apache-maven-3.9.4\bin;C:\apache-maven-3.9.4\bin;C:\apache-maven-3.9.4\bin;C:\Program Files\PuTTY\;C:\Users\mdkam\AppData\Local\Programs\Python\Python312\Scripts\;C:\Users\mdkam\AppData\Local\Programs\Python\Python312\;C:\Users\mdkam\AppData\Local\Microsoft\WindowsApps;C:\Users\mdkam\AppData\Roaming\npm;C:\Program Files\JetBrains\PyCharm Community Edition 2024.1.1\bin;;C:\Program Files\JetBrains\IntelliJ IDEA Community Edition 2021.1.1\bin;;C:\Program Files\Java\jdk1.8.0_271\bin;C:\Program Files\New Relic\New Relic CLI\;;."/>
    <property name="java.vm.info" value="mixed mode"/>
    <property name="java.vendor" value="Oracle Corporation"/>
    <property name="java.vm.version" value="25.271-b09"/>
    <property name="java.ext.dirs" value="C:\Program Files\Java\jdk1.8.0_271\jre\lib\ext;C:\windows\Sun\Java\lib\ext"/>
    <property name="sun.io.unicode.encoding" value="UnicodeLittle"/>
    <property name="java.class.version" value="52.0"/>
  </properties>
  <testcase name="get_metric__hrly_data" classname="com.swades.rainFall.testCases.GET_get_metric__hrly_data" time="0.247">
    <system-out><![CDATA[{
    "data": {
        "token": "eyJhbGciOiJIUzI1NiJ9.eyJzdWIiOiJRQVRlc3QiLCJpYXQiOjE3MTg2OTQ1NTAsImV4cCI6NTAwMDAxNzE4Njk0NTUwfQ._s5jhPPZoo7NIo_3y75d9MALW2Oc3pPFYrQF_rc_H2Q",
        "responseToken": null
    },
    "message": "Login SuccessFull",
    "txnId": "ff72c7a2-3629-41d7-864a-8220ef8dfcc7"
}
status code is200
Access token is:eyJhbGciOiJIUzI1NiJ9.eyJzdWIiOiJRQVRlc3QiLCJpYXQiOjE3MTg2OTQ1NTAsImV4cCI6NTAwMDAxNzE4Njk0NTUwfQ._s5jhPPZoo7NIo_3y75d9MALW2Oc3pPFYrQF_rc_H2Q
{
    "data": {
        "token": "eyJhbGciOiJIUzI1NiJ9.eyJzdWIiOiJRQVRlc3QiLCJpYXQiOjE3MTg2OTQ1NTEsImV4cCI6NTAwMDAxNzE4Njk0NTUxfQ.aNA3bdHrbqzZwlOXOxPvZDal_4Ct3Q2zbgv1TutSZ7w",
        "responseToken": null
    },
    "message": "Login SuccessFull",
    "txnId": "d58f7122-8ce7-4d20-b953-e2be9a1abe36"
}
status code is200
Access token is:eyJhbGciOiJIUzI1NiJ9.eyJzdWIiOiJRQVRlc3QiLCJpYXQiOjE3MTg2OTQ1NTEsImV4cCI6NTAwMDAxNzE4Njk0NTUxfQ.aNA3bdHrbqzZwlOXOxPvZDal_4Ct3Q2zbgv1TutSZ7w
{
    "data": {
        "token": "eyJhbGciOiJIUzI1NiJ9.eyJzdWIiOiJRQVRlc3QiLCJpYXQiOjE3MTg2OTQ1NTEsImV4cCI6NTAwMDAxNzE4Njk0NTUxfQ.aNA3bdHrbqzZwlOXOxPvZDal_4Ct3Q2zbgv1TutSZ7w",
        "responseToken": null
    },
    "message": "Login SuccessFull",
    "txnId": "ab0b0b47-7603-4866-9ad6-68eb84b2d89c"
}
status code is200
Access token is:eyJhbGciOiJIUzI1NiJ9.eyJzdWIiOiJRQVRlc3QiLCJpYXQiOjE3MTg2OTQ1NTEsImV4cCI6NTAwMDAxNzE4Njk0NTUxfQ.aNA3bdHrbqzZwlOXOxPvZDal_4Ct3Q2zbgv1TutSZ7w
{
    "data": {
        "token": "eyJhbGciOiJIUzI1NiJ9.eyJzdWIiOiJRQVRlc3QiLCJpYXQiOjE3MTg2OTQ1NTIsImV4cCI6NTAwMDAxNzE4Njk0NTUyfQ.f5l2Wjoe_065uzZgxr0JMFQ12GwkfqbWXQEpgKhCJ20",
        "responseToken": null
    },
    "message": "Login SuccessFull",
    "txnId": "bcf510ec-feb4-4e86-97ae-10a145ddd333"
}
status code is200
Access token is:eyJhbGciOiJIUzI1NiJ9.eyJzdWIiOiJRQVRlc3QiLCJpYXQiOjE3MTg2OTQ1NTIsImV4cCI6NTAwMDAxNzE4Njk0NTUyfQ.f5l2Wjoe_065uzZgxr0JMFQ12GwkfqbWXQEpgKhCJ20
{
    "data": {
        "token": "eyJhbGciOiJIUzI1NiJ9.eyJzdWIiOiJRQVRlc3QiLCJpYXQiOjE3MTg2OTQ1NTIsImV4cCI6NTAwMDAxNzE4Njk0NTUyfQ.f5l2Wjoe_065uzZgxr0JMFQ12GwkfqbWXQEpgKhCJ20",
        "responseToken": null
    },
    "message": "Login SuccessFull",
    "txnId": "4df76cf5-d2bd-43be-9bb6-ea8ab7e86de0"
}
status code is200
Access token is:eyJhbGciOiJIUzI1NiJ9.eyJzdWIiOiJRQVRlc3QiLCJpYXQiOjE3MTg2OTQ1NTIsImV4cCI6NTAwMDAxNzE4Njk0NTUyfQ.f5l2Wjoe_065uzZgxr0JMFQ12GwkfqbWXQEpgKhCJ20
{
    "data": {
        "token": "eyJhbGciOiJIUzI1NiJ9.eyJzdWIiOiJRQVRlc3QiLCJpYXQiOjE3MTg2OTQ1NTIsImV4cCI6NTAwMDAxNzE4Njk0NTUyfQ.f5l2Wjoe_065uzZgxr0JMFQ12GwkfqbWXQEpgKhCJ20",
        "responseToken": null
    },
    "message": "Login SuccessFull",
    "txnId": "579cb152-ce4e-4d90-afbd-60a3ddb2e4db"
}
status code is200
Access token is:eyJhbGciOiJIUzI1NiJ9.eyJzdWIiOiJRQVRlc3QiLCJpYXQiOjE3MTg2OTQ1NTIsImV4cCI6NTAwMDAxNzE4Njk0NTUyfQ.f5l2Wjoe_065uzZgxr0JMFQ12GwkfqbWXQEpgKhCJ20
{
    "data": {
        "token": "eyJhbGciOiJIUzI1NiJ9.eyJzdWIiOiJRQVRlc3QiLCJpYXQiOjE3MTg2OTQ1NTIsImV4cCI6NTAwMDAxNzE4Njk0NTUyfQ.f5l2Wjoe_065uzZgxr0JMFQ12GwkfqbWXQEpgKhCJ20",
        "responseToken": null
    },
    "message": "Login SuccessFull",
    "txnId": "5967886d-fd9c-4f7b-be26-e11150eb168d"
}
status code is200
Access token is:eyJhbGciOiJIUzI1NiJ9.eyJzdWIiOiJRQVRlc3QiLCJpYXQiOjE3MTg2OTQ1NTIsImV4cCI6NTAwMDAxNzE4Njk0NTUyfQ.f5l2Wjoe_065uzZgxr0JMFQ12GwkfqbWXQEpgKhCJ20
{
    "data": {
        "token": "eyJhbGciOiJIUzI1NiJ9.eyJzdWIiOiJRQVRlc3QiLCJpYXQiOjE3MTg2OTQ1NTIsImV4cCI6NTAwMDAxNzE4Njk0NTUyfQ.f5l2Wjoe_065uzZgxr0JMFQ12GwkfqbWXQEpgKhCJ20",
        "responseToken": null
    },
    "message": "Login SuccessFull",
    "txnId": "a00b66e5-5c57-4b82-baca-0035934a09ef"
}
status code is200
Access token is:eyJhbGciOiJIUzI1NiJ9.eyJzdWIiOiJRQVRlc3QiLCJpYXQiOjE3MTg2OTQ1NTIsImV4cCI6NTAwMDAxNzE4Njk0NTUyfQ.f5l2Wjoe_065uzZgxr0JMFQ12GwkfqbWXQEpgKhCJ20
{
    "data": {
        "token": "eyJhbGciOiJIUzI1NiJ9.eyJzdWIiOiJRQVRlc3QiLCJpYXQiOjE3MTg2OTQ1NTIsImV4cCI6NTAwMDAxNzE4Njk0NTUyfQ.f5l2Wjoe_065uzZgxr0JMFQ12GwkfqbWXQEpgKhCJ20",
        "responseToken": null
    },
    "message": "Login SuccessFull",
    "txnId": "a9028093-26de-4910-b2ec-db2e68503d73"
}
status code is200
Access token is:eyJhbGciOiJIUzI1NiJ9.eyJzdWIiOiJRQVRlc3QiLCJpYXQiOjE3MTg2OTQ1NTIsImV4cCI6NTAwMDAxNzE4Njk0NTUyfQ.f5l2Wjoe_065uzZgxr0JMFQ12GwkfqbWXQEpgKhCJ20
{
    "data": {
        "token": "eyJhbGciOiJIUzI1NiJ9.eyJzdWIiOiJRQVRlc3QiLCJpYXQiOjE3MTg2OTQ1NTIsImV4cCI6NTAwMDAxNzE4Njk0NTUyfQ.f5l2Wjoe_065uzZgxr0JMFQ12GwkfqbWXQEpgKhCJ20",
        "responseToken": null
    },
    "message": "Login SuccessFull",
    "txnId": "8b19a109-182d-423e-b4e0-52428a270594"
}
status code is200
Access token is:eyJhbGciOiJIUzI1NiJ9.eyJzdWIiOiJRQVRlc3QiLCJpYXQiOjE3MTg2OTQ1NTIsImV4cCI6NTAwMDAxNzE4Njk0NTUyfQ.f5l2Wjoe_065uzZgxr0JMFQ12GwkfqbWXQEpgKhCJ20
{
    "data": {
        "token": "eyJhbGciOiJIUzI1NiJ9.eyJzdWIiOiJRQVRlc3QiLCJpYXQiOjE3MTg2OTQ1NTIsImV4cCI6NTAwMDAxNzE4Njk0NTUyfQ.f5l2Wjoe_065uzZgxr0JMFQ12GwkfqbWXQEpgKhCJ20",
        "responseToken": null
    },
    "message": "Login SuccessFull",
    "txnId": "319b5c44-0104-4a18-82db-2c5a5579d06c"
}
status code is200
Access token is:eyJhbGciOiJIUzI1NiJ9.eyJzdWIiOiJRQVRlc3QiLCJpYXQiOjE3MTg2OTQ1NTIsImV4cCI6NTAwMDAxNzE4Njk0NTUyfQ.f5l2Wjoe_065uzZgxr0JMFQ12GwkfqbWXQEpgKhCJ20
{
    "data": {
        "token": "eyJhbGciOiJIUzI1NiJ9.eyJzdWIiOiJRQVRlc3QiLCJpYXQiOjE3MTg2OTQ1NTIsImV4cCI6NTAwMDAxNzE4Njk0NTUyfQ.f5l2Wjoe_065uzZgxr0JMFQ12GwkfqbWXQEpgKhCJ20",
        "responseToken": null
    },
    "message": "Login SuccessFull",
    "txnId": "c05348a7-2ead-4950-a00b-a9d9242b69ad"
}
status code is200
Access token is:eyJhbGciOiJIUzI1NiJ9.eyJzdWIiOiJRQVRlc3QiLCJpYXQiOjE3MTg2OTQ1NTIsImV4cCI6NTAwMDAxNzE4Njk0NTUyfQ.f5l2Wjoe_065uzZgxr0JMFQ12GwkfqbWXQEpgKhCJ20
{
    "data": {
        "token": "eyJhbGciOiJIUzI1NiJ9.eyJzdWIiOiJRQVRlc3QiLCJpYXQiOjE3MTg2OTQ1NTMsImV4cCI6NTAwMDAxNzE4Njk0NTUzfQ.FiTkn6nPvHOJQqYBIMxSMxeS6CsvgBRT9yseH3gE5Zg",
        "responseToken": null
    },
    "message": "Login SuccessFull",
    "txnId": "ef335cc0-7946-47d3-94f7-24d60f399115"
}
status code is200
Access token is:eyJhbGciOiJIUzI1NiJ9.eyJzdWIiOiJRQVRlc3QiLCJpYXQiOjE3MTg2OTQ1NTMsImV4cCI6NTAwMDAxNzE4Njk0NTUzfQ.FiTkn6nPvHOJQqYBIMxSMxeS6CsvgBRT9yseH3gE5Zg
{
    "data": {
        "token": "eyJhbGciOiJIUzI1NiJ9.eyJzdWIiOiJRQVRlc3QiLCJpYXQiOjE3MTg2OTQ1NTMsImV4cCI6NTAwMDAxNzE4Njk0NTUzfQ.FiTkn6nPvHOJQqYBIMxSMxeS6CsvgBRT9yseH3gE5Zg",
        "responseToken": null
    },
    "message": "Login SuccessFull",
    "txnId": "6d8504a3-3d2d-4907-aded-6c05e05fdac7"
}
status code is200
Access token is:eyJhbGciOiJIUzI1NiJ9.eyJzdWIiOiJRQVRlc3QiLCJpYXQiOjE3MTg2OTQ1NTMsImV4cCI6NTAwMDAxNzE4Njk0NTUzfQ.FiTkn6nPvHOJQqYBIMxSMxeS6CsvgBRT9yseH3gE5Zg
{
    "data": {
        "token": "eyJhbGciOiJIUzI1NiJ9.eyJzdWIiOiJRQVRlc3QiLCJpYXQiOjE3MTg2OTQ1NTMsImV4cCI6NTAwMDAxNzE4Njk0NTUzfQ.FiTkn6nPvHOJQqYBIMxSMxeS6CsvgBRT9yseH3gE5Zg",
        "responseToken": null
    },
    "message": "Login SuccessFull",
    "txnId": "7ad386be-9427-4bff-a14c-947bcc389460"
}
status code is200
Access token is:eyJhbGciOiJIUzI1NiJ9.eyJzdWIiOiJRQVRlc3QiLCJpYXQiOjE3MTg2OTQ1NTMsImV4cCI6NTAwMDAxNzE4Njk0NTUzfQ.FiTkn6nPvHOJQqYBIMxSMxeS6CsvgBRT9yseH3gE5Zg
{
    "data": {
        "token": "eyJhbGciOiJIUzI1NiJ9.eyJzdWIiOiJRQVRlc3QiLCJpYXQiOjE3MTg2OTQ1NTMsImV4cCI6NTAwMDAxNzE4Njk0NTUzfQ.FiTkn6nPvHOJQqYBIMxSMxeS6CsvgBRT9yseH3gE5Zg",
        "responseToken": null
    },
    "message": "Login SuccessFull",
    "txnId": "4a9397a9-a090-47c1-816a-09f7e99997f3"
}
status code is200
Access token is:eyJhbGciOiJIUzI1NiJ9.eyJzdWIiOiJRQVRlc3QiLCJpYXQiOjE3MTg2OTQ1NTMsImV4cCI6NTAwMDAxNzE4Njk0NTUzfQ.FiTkn6nPvHOJQqYBIMxSMxeS6CsvgBRT9yseH3gE5Zg
{
    "data": {
        "token": "eyJhbGciOiJIUzI1NiJ9.eyJzdWIiOiJRQVRlc3QiLCJpYXQiOjE3MTg2OTQ1NTMsImV4cCI6NTAwMDAxNzE4Njk0NTUzfQ.FiTkn6nPvHOJQqYBIMxSMxeS6CsvgBRT9yseH3gE5Zg",
        "responseToken": null
    },
    "message": "Login SuccessFull",
    "txnId": "2948181d-af11-41bf-a7db-ef7d1f954adf"
}
status code is200
Access token is:eyJhbGciOiJIUzI1NiJ9.eyJzdWIiOiJRQVRlc3QiLCJpYXQiOjE3MTg2OTQ1NTMsImV4cCI6NTAwMDAxNzE4Njk0NTUzfQ.FiTkn6nPvHOJQqYBIMxSMxeS6CsvgBRT9yseH3gE5Zg
{
    "data": {
        "token": "eyJhbGciOiJIUzI1NiJ9.eyJzdWIiOiJRQVRlc3QiLCJpYXQiOjE3MTg2OTQ1NTMsImV4cCI6NTAwMDAxNzE4Njk0NTUzfQ.FiTkn6nPvHOJQqYBIMxSMxeS6CsvgBRT9yseH3gE5Zg",
        "responseToken": null
    },
    "message": "Login SuccessFull",
    "txnId": "55212538-68ec-47b7-afeb-b98573abad2a"
}
status code is200
Access token is:eyJhbGciOiJIUzI1NiJ9.eyJzdWIiOiJRQVRlc3QiLCJpYXQiOjE3MTg2OTQ1NTMsImV4cCI6NTAwMDAxNzE4Njk0NTUzfQ.FiTkn6nPvHOJQqYBIMxSMxeS6CsvgBRT9yseH3gE5Zg
{
    "data": {
        "token": "eyJhbGciOiJIUzI1NiJ9.eyJzdWIiOiJRQVRlc3QiLCJpYXQiOjE3MTg2OTQ1NTMsImV4cCI6NTAwMDAxNzE4Njk0NTUzfQ.FiTkn6nPvHOJQqYBIMxSMxeS6CsvgBRT9yseH3gE5Zg",
        "responseToken": null
    },
    "message": "Login SuccessFull",
    "txnId": "3bcdb3d4-586d-4f60-b398-a123faeaaec7"
}
status code is200
Access token is:eyJhbGciOiJIUzI1NiJ9.eyJzdWIiOiJRQVRlc3QiLCJpYXQiOjE3MTg2OTQ1NTMsImV4cCI6NTAwMDAxNzE4Njk0NTUzfQ.FiTkn6nPvHOJQqYBIMxSMxeS6CsvgBRT9yseH3gE5Zg
On Start method invoked....
Name of test method started:get_metric__hrly_data
Request method:	GET
Request URI:	http://20.198.96.251:9090/data/v1/get-metric-hrly-data?stationId=138&month=5&year=2024
Proxy:			<none>
Request params:	<none>
Query params:	stationId=138
				month=5
				year=2024
Form params:	<none>
Path params:	<none>
Headers:		Authorization=Bearer eyJhbGciOiJIUzI1NiJ9.eyJzdWIiOiJRQVRlc3QiLCJpYXQiOjE3MTg2OTQ1NTAsImV4cCI6NTAwMDAxNzE4Njk0NTUwfQ._s5jhPPZoo7NIo_3y75d9MALW2Oc3pPFYrQF_rc_H2Q
				Accept=*/*
				Content-Type=application/json
Cookies:		<none>
Multiparts:		<none>
Body:			<none>
{
    "data": [
        {
            "metricId": 27,
            "stationId": 138,
            "frequency": 24,
            "dateTime1": "2024-05-10T00:00:00",
            "riverOutFlow": 10.00,
            "nonRiverOutFlow": 10.00,
            "evaporation": 10.00,
            "inflow": 10.00,
            "createdBy": 10,
            "createdOn": "2024-05-10T13:04:33.441",
            "updatedBy": 0,
            "updatedOn": "2024-05-10T13:04:33.441",
            "lastSyncDate": "2024-05-10T13:04:33.441"
        },
        {
            "metricId": 28,
            "stationId": 138,
            "frequency": 24,
            "dateTime1": "2024-05-10T01:00:00",
            "riverOutFlow": 20.00,
            "nonRiverOutFlow": 20.00,
            "evaporation": 20.00,
            "inflow": 20.00,
            "createdBy": 0,
            "createdOn": "2024-05-10T13:04:33.441",
            "updatedBy": 0,
            "updatedOn": "2024-05-10T13:04:33.441",
            "lastSyncDate": "2024-05-10T13:04:33.441"
        },
        {
            "metricId": 29,
            "stationId": 138,
            "frequency": 24,
            "dateTime1": "2024-05-10T02:00:00",
            "riverOutFlow": 40.00,
            "nonRiverOutFlow": 40.00,
            "evaporation": 40.00,
            "inflow": 40.00,
            "createdBy": 0,
            "createdOn": "2024-05-10T13:04:33.441",
            "updatedBy": 0,
            "updatedOn": "2024-05-10T13:04:33.441",
            "lastSyncDate": "2024-05-10T13:04:33.441"
        },
        {
            "metricId": 30,
            "stationId": 138,
            "frequency": 24,
            "dateTime1": "2024-05-10T03:00:00",
            "riverOutFlow": 20.00,
            "nonRiverOutFlow": 20.00,
            "evaporation": 20.00,
            "inflow": 20.00,
            "createdBy": 0,
            "createdOn": "2024-05-10T13:04:33.441",
            "updatedBy": 0,
            "updatedOn": "2024-05-10T13:04:33.441",
            "lastSyncDate": "2024-05-10T13:04:33.441"
        },
        {
            "metricId": 31,
            "stationId": 138,
            "frequency": 24,
            "dateTime1": "2024-05-10T04:00:00",
            "riverOutFlow": 20.00,
            "nonRiverOutFlow": 20.00,
            "evaporation": 20.00,
            "inflow": 20.00,
            "createdBy": 0,
            "createdOn": "2024-05-10T13:04:33.441",
            "updatedBy": 0,
            "updatedOn": "2024-05-10T13:04:33.441",
            "lastSyncDate": "2024-05-10T13:04:33.441"
        },
        {
            "metricId": 32,
            "stationId": 138,
            "frequency": 24,
            "dateTime1": "2024-05-10T05:00:00",
            "riverOutFlow": 10.00,
            "nonRiverOutFlow": 30.00,
            "evaporation": 10.00,
            "inflow": 20.00,
            "createdBy": 30,
            "createdOn": "2024-05-10T13:04:33.441",
            "updatedBy": 0,
            "updatedOn": "2024-05-10T13:04:33.441",
            "lastSyncDate": "2024-05-10T13:04:33.441"
        },
        {
            "metricId": 33,
            "stationId": 138,
            "frequency": 24,
            "dateTime1": "2024-05-10T06:00:00",
            "riverOutFlow": 50.00,
            "nonRiverOutFlow": 50.00,
            "evaporation": 50.00,
            "inflow": 50.00,
            "createdBy": 0,
            "createdOn": "2024-05-10T13:04:33.441",
            "updatedBy": 0,
            "updatedOn": "2024-05-10T13:04:33.441",
            "lastSyncDate": "2024-05-10T13:04:33.441"
        },
        {
            "metricId": 34,
            "stationId": 138,
            "frequency": 24,
            "dateTime1": "2024-05-10T07:00:00",
            "riverOutFlow": 50.00,
            "nonRiverOutFlow": 50.00,
            "evaporation": 50.00,
            "inflow": 50.00,
            "createdBy": 0,
            "createdOn": "2024-05-10T13:04:33.441",
            "updatedBy": 0,
            "updatedOn": "2024-05-10T13:04:33.441",
            "lastSyncDate": "2024-05-10T13:04:33.441"
        },
        {
            "metricId": 35,
            "stationId": 138,
            "frequency": 24,
            "dateTime1": "2024-05-10T08:00:00",
            "riverOutFlow": 9.00,
            "nonRiverOutFlow": 8.00,
            "evaporation": 2.00,
            "inflow": 2.00,
            "createdBy": 0,
            "createdOn": "2024-05-10T13:04:33.441",
            "updatedBy": 0,
            "updatedOn": "2024-05-10T13:04:33.441",
            "lastSyncDate": "2024-05-10T13:04:33.441"
        },
        {
            "metricId": 36,
            "stationId": 138,
            "frequency": 24,
            "dateTime1": "2024-05-10T09:00:00",
            "riverOutFlow": 60.00,
            "nonRiverOutFlow": 6.00,
            "evaporation": 9.00,
            "inflow": 1.00,
            "createdBy": 0,
            "createdOn": "2024-05-10T13:04:33.441",
            "updatedBy": 0,
            "updatedOn": "2024-05-10T13:04:33.441",
            "lastSyncDate": "2024-05-10T13:04:33.441"
        },
        {
            "metricId": 37,
            "stationId": 138,
            "frequency": 24,
            "dateTime1": "2024-05-10T10:00:00",
            "riverOutFlow": 10.00,
            "nonRiverOutFlow": 10.00,
            "evaporation": 10.00,
            "inflow": 10.00,
            "createdBy": 0,
            "createdOn": "2024-05-10T13:04:33.441",
            "updatedBy": 0,
            "updatedOn": "2024-05-10T13:04:33.441",
            "lastSyncDate": "2024-05-10T13:04:33.441"
        },
        {
            "metricId": 38,
            "stationId": 138,
            "frequency": 24,
            "dateTime1": "2024-05-10T11:00:00",
            "riverOutFlow": 30.00,
            "nonRiverOutFlow": 30.00,
            "evaporation": 30.00,
            "inflow": 30.00,
            "createdBy": 0,
            "createdOn": "2024-05-10T13:04:33.441",
            "updatedBy": 0,
            "updatedOn": "2024-05-10T13:04:33.441",
            "lastSyncDate": "2024-05-10T13:04:33.441"
        },
        {
            "metricId": 39,
            "stationId": 138,
            "frequency": 24,
            "dateTime1": "2024-05-10T12:00:00",
            "riverOutFlow": 10.00,
            "nonRiverOutFlow": 10.00,
            "evaporation": 20.00,
            "inflow": 20.00,
            "createdBy": 0,
            "createdOn": "2024-05-10T13:04:33.441",
            "updatedBy": 0,
            "updatedOn": "2024-05-10T13:04:33.441",
            "lastSyncDate": "2024-05-10T13:04:33.441"
        },
        {
            "metricId": 40,
            "stationId": 138,
            "frequency": 24,
            "dateTime1": "2024-05-10T13:00:00",
            "riverOutFlow": 1.00,
            "nonRiverOutFlow": 3.00,
            "evaporation": 5.00,
            "inflow": 6.00,
            "createdBy": 0,
            "createdOn": "2024-05-10T13:04:33.441",
            "updatedBy": 0,
            "updatedOn": "2024-05-10T13:04:33.441",
            "lastSyncDate": "2024-05-10T13:04:33.441"
        },
        {
            "metricId": 41,
            "stationId": 138,
            "frequency": 24,
            "dateTime1": "2024-05-10T14:00:00",
            "riverOutFlow": 15.00,
            "nonRiverOutFlow": 3.00,
            "evaporation": 4.00,
            "inflow": 4.00,
            "createdBy": 0,
            "createdOn": "2024-05-10T13:04:33.441",
            "updatedBy": 0,
            "updatedOn": "2024-05-10T13:04:33.441",
            "lastSyncDate": "2024-05-10T13:04:33.441"
        },
        {
            "metricId": 42,
            "stationId": 138,
            "frequency": 24,
            "dateTime1": "2024-05-10T15:00:00",
            "riverOutFlow": 14.00,
            "nonRiverOutFlow": 12.00,
            "evaporation": 12.00,
            "inflow": 11.00,
            "createdBy": 12,
            "createdOn": "2024-05-10T13:04:33.441",
            "updatedBy": 0,
            "updatedOn": "2024-05-10T13:04:33.441",
            "lastSyncDate": "2024-05-10T13:04:33.441"
        },
        {
            "metricId": 43,
            "stationId": 138,
            "frequency": 24,
            "dateTime1": "2024-05-10T16:00:00",
            "riverOutFlow": 10.00,
            "nonRiverOutFlow": 10.00,
            "evaporation": 10.00,
            "inflow": 10.00,
            "createdBy": 10,
            "createdOn": "2024-05-10T13:04:33.441",
            "updatedBy": 0,
            "updatedOn": "2024-05-10T13:04:33.441",
            "lastSyncDate": "2024-05-10T13:04:33.441"
        },
        {
            "metricId": 44,
            "stationId": 138,
            "frequency": 24,
            "dateTime1": "2024-05-10T17:00:00",
            "riverOutFlow": 10.00,
            "nonRiverOutFlow": 10.00,
            "evaporation": 10.00,
            "inflow": 10.00,
            "createdBy": 10,
            "createdOn": "2024-05-10T13:04:33.441",
            "updatedBy": 0,
            "updatedOn": "2024-05-10T13:04:33.441",
            "lastSyncDate": "2024-05-10T13:04:33.441"
        },
        {
            "metricId": 45,
            "stationId": 138,
            "frequency": 24,
            "dateTime1": "2024-05-10T18:00:00",
            "riverOutFlow": 10.00,
            "nonRiverOutFlow": 10.00,
            "evaporation": 10.00,
            "inflow": 10.00,
            "createdBy": 10,
            "createdOn": "2024-05-10T13:04:33.441",
            "updatedBy": 0,
            "updatedOn": "2024-05-10T13:04:33.441",
            "lastSyncDate": "2024-05-10T13:04:33.441"
        },
        {
            "metricId": 46,
            "stationId": 138,
            "frequency": 24,
            "dateTime1": "2024-05-10T19:00:00",
            "riverOutFlow": 10.00,
            "nonRiverOutFlow": 10.00,
            "evaporation": 10.00,
            "inflow": 10.00,
            "createdBy": 10,
            "createdOn": "2024-05-10T13:04:33.441",
            "updatedBy": 0,
            "updatedOn": "2024-05-10T13:04:33.441",
            "lastSyncDate": "2024-05-10T13:04:33.441"
        },
        {
            "metricId": 47,
            "stationId": 138,
            "frequency": 24,
            "dateTime1": "2024-05-10T20:00:00",
            "riverOutFlow": 10.00,
            "nonRiverOutFlow": 10.00,
            "evaporation": 10.00,
            "inflow": 10.00,
            "createdBy": 10,
            "createdOn": "2024-05-10T13:04:33.441",
            "updatedBy": 10,
            "updatedOn": "2024-05-10T13:04:33.441",
            "lastSyncDate": "2024-05-10T13:04:33.441"
        },
        {
            "metricId": 48,
            "stationId": 138,
            "frequency": 24,
            "dateTime1": "2024-05-10T21:00:00",
            "riverOutFlow": 10.00,
            "nonRiverOutFlow": 10.00,
            "evaporation": 10.00,
            "inflow": 10.00,
            "createdBy": 10,
            "createdOn": "2024-05-10T13:04:33.441",
            "updatedBy": 10,
            "updatedOn": "2024-05-10T13:04:33.441",
            "lastSyncDate": "2024-05-10T13:04:33.441"
        },
        {
            "metricId": 49,
            "stationId": 138,
            "frequency": 24,
            "dateTime1": "2024-05-10T22:00:00",
            "riverOutFlow": 10.00,
            "nonRiverOutFlow": 10.00,
            "evaporation": 10.00,
            "inflow": 10.00,
            "createdBy": 10,
            "createdOn": "2024-05-10T13:04:33.441",
            "updatedBy": 10,
            "updatedOn": "2024-05-10T13:04:33.441",
            "lastSyncDate": "2024-05-10T13:04:33.441"
        },
        {
            "metricId": 50,
            "stationId": 138,
            "frequency": 24,
            "dateTime1": "2024-05-10T23:00:00",
            "riverOutFlow": 10.00,
            "nonRiverOutFlow": 10.00,
            "evaporation": 20.00,
            "inflow": 10.00,
            "createdBy": 10,
            "createdOn": "2024-05-10T13:04:33.441",
            "updatedBy": 10,
            "updatedOn": "2024-05-10T13:04:33.441",
            "lastSyncDate": "2024-05-10T13:04:33.441"
        }
    ],
    "message": "Reservoir Metric Hrly Data Retrieved successfully",
    "txnId": "a53077c1-3f5b-4c7d-a099-9424f05712e7"
}
status code is 
200
Response Time is 
111
HTTP/1.1 200 OK
Name of test method sucessfully executed:get_metric__hrly_data
]]></system-out>
  </testcase>
  <testcase name="getFlowMeasurementData" classname="com.swades.rainFall.testCases.GET_getFlowMeasurementData" time="0.144">
    <system-out><![CDATA[Name of test method started:getFlowMeasurementData
Request method:	GET
Request URI:	http://20.198.96.251:9090/data/v1/getFlowMeasurementData?stationId=138&day=22&month=6&year=2007
Proxy:			<none>
Request params:	<none>
Query params:	stationId=138
				day=22
				month=6
				year=2007
Form params:	<none>
Path params:	<none>
Headers:		Authorization=Bearer eyJhbGciOiJIUzI1NiJ9.eyJzdWIiOiJRQVRlc3QiLCJpYXQiOjE3MTg2OTQ1NTEsImV4cCI6NTAwMDAxNzE4Njk0NTUxfQ.aNA3bdHrbqzZwlOXOxPvZDal_4Ct3Q2zbgv1TutSZ7w
				Accept=*/*
				Content-Type=application/json
Cookies:		<none>
Multiparts:		<none>
Body:			<none>
{
    "data": [
        {
            "flowId": 765,
            "stationId": 138,
            "dateTime1": "2007-06-22",
            "observationNumber": 1,
            "timeFrom": "09:00:00",
            "timeTo": "12:00:00",
            "modeOfCrossing": 40,
            "methodOfVelocityObservation": 48,
            "locationOfDischargeSite": 78,
            "distanceFromPermanentSite": null,
            "locationOfSiteWrtPermanentSite": null,
            "soundingTakenWith": 82,
            "soundingWeightUsed": 102,
            "conditionOfWater": 86,
            "weatherCondition": 52,
            "riverWaterTemperature": null,
            "atmosphericTemperature": null,
            "windDirectionWrtCurrent": null,
            "strengthOfWind": 74,
            "velocityOfWind": null,
            "remarks": null,
            "gaugeReadingAtStartPermanent": 4.1,
            "gaugeReadingAtEndPermanent": 4.1,
            "gaugeReadingAtStartTemporary": null,
            "gaugeReadingAtEndTemporary": null,
            "rlOfZeroGaugePermanent": null,
            "rlOfZeroGaugeTemporary": null,
            "rateOfChangeOfWaterLevel": 0.0,
            "twinStationId": null,
            "timeOfFallObservation": null,
            "fall": null,
            "meterNo": "1843EE-07",
            "spinBeforeMeasurement": 80,
            "spinAfterMeasurement": 70,
            "methodOfSuspendingMeter": "Gauging Reel",
            "weightUsedWithMeter": "50lb (22.7Kg)",
            "noOfCompartments": 1,
            "noOfCompartmentsFloat": null,
            "typeOfFloatUsed": null,
            "lengthOfFloatRun": null,
            "coefficientToBeUsed": null,
            "topWidth": null,
            "wettedPerimeter": null,
            "area": null,
            "discharge": null,
            "topWidthC": 80.0,
            "wettedPerimeterC": 80.95,
            "areaC": 222.75,
            "dischargeC": 150.93,
            "perTopWidth": 0.0,
            "perWettedPeri": 0.0,
            "perArea": 0.0,
            "createdOn": null,
            "createdBy": null,
            "updatedOn": null,
            "updatedBy": null,
            "lastSyncDate": null
        }
    ],
    "message": null,
    "txnId": null
}
status code is 
200
Response Time is 
133
HTTP/1.1 200 OK
Name of test method sucessfully executed:getFlowMeasurementData
]]></system-out>
  </testcase>
  <testcase name="get_reportsargandsunshinedata" classname="com.swades.rainFall.testCases.GET_reportsargandsunshinedata" time="0.115">
    <system-out><![CDATA[Name of test method started:get_reportsargandsunshinedata
Request method:	GET
Request URI:	http://20.198.96.251:9090/data/v1/api/reports/argandsunshinedata?station_id=45&fromDate=2015-12-28&toDate=2015-12-31
Proxy:			<none>
Request params:	<none>
Query params:	station_id=45
				fromDate=2015-12-28
				toDate=2015-12-31
Form params:	<none>
Path params:	<none>
Headers:		Authorization=Bearer eyJhbGciOiJIUzI1NiJ9.eyJzdWIiOiJRQVRlc3QiLCJpYXQiOjE3MTg2OTQ1NTEsImV4cCI6NTAwMDAxNzE4Njk0NTUxfQ.aNA3bdHrbqzZwlOXOxPvZDal_4Ct3Q2zbgv1TutSZ7w
				Accept=*/*
				Content-Type=application/json
Cookies:		<none>
Multiparts:		<none>
Body:			<none>
[
    {
        "ARG_Sunshine_Data": {
            "stationId": 45,
            "dateTime1": "2015-12-28T08:30:00",
            "argValue": [
                null,
                null,
                null,
                null,
                null,
                null,
                null,
                null,
                null,
                null,
                null,
                null,
                null,
                null,
                null,
                null,
                null,
                null,
                null,
                null,
                null,
                null,
                null,
                null
            ],
            "sunshineValue": [
                0.0,
                0.0,
                0.4,
                1.0,
                1.0,
                1.0,
                1.0,
                1.0,
                1.0,
                1.0,
                1.0,
                0.7,
                0.0,
                0.0
            ]
        }
    },
    {
        "ARG_Sunshine_Data": {
            "stationId": 45,
            "dateTime1": "2015-12-29T08:30:00",
            "argValue": [
                null,
                null,
                null,
                null,
                null,
                null,
                null,
                null,
                null,
                null,
                null,
                null,
                null,
                null,
                null,
                null,
                null,
                null,
                null,
                null,
                null,
                null,
                null,
                null
            ],
            "sunshineValue": [
                0.0,
                0.0,
                0.4,
                1.0,
                1.0,
                1.0,
                1.0,
                1.0,
                1.0,
                1.0,
                1.0,
                0.8,
                0.0,
                0.0
            ]
        }
    },
    {
        "ARG_Sunshine_Data": {
            "stationId": 45,
            "dateTime1": "2015-12-30T08:30:00",
            "argValue": [
                null,
                null,
                null,
                null,
                null,
                null,
                null,
                null,
                null,
                null,
                null,
                null,
                null,
                null,
                null,
                null,
                null,
                null,
                null,
                null,
                null,
                null,
                null,
                null
            ],
            "sunshineValue": [
                0.0,
                0.0,
                0.4,
                1.0,
                1.0,
                1.0,
                1.0,
                1.0,
                1.0,
                1.0,
                1.0,
                0.8,
                0.0,
                0.0
            ]
        }
    },
    {
        "ARG_Sunshine_Data": {
            "stationId": 45,
            "dateTime1": "2015-12-31T08:30:00",
            "argValue": [
                null,
                null,
                null,
                null,
                null,
                null,
                null,
                null,
                null,
                null,
                null,
                null,
                null,
                null,
                null,
                null,
                null,
                null,
                null,
                null,
                null,
                null,
                null,
                null
            ],
            "sunshineValue": [
                0.0,
                0.0,
                0.4,
                1.0,
                1.0,
                1.0,
                1.0,
                1.0,
                1.0,
                1.0,
                1.0,
                0.8,
                0.0,
                0.0
            ]
        }
    }
]
status code is 
200
Response Time is 
100
HTTP/1.1 200 OK
Name of test method sucessfully executed:get_reportsargandsunshinedata
]]></system-out>
  </testcase>
  <testcase name="get_reportsclimaticReport" classname="com.swades.rainFall.testCases.GET_reportsclimaticReport" time="0.204">
    <system-out><![CDATA[Name of test method started:get_reportsclimaticReport
Request method:	GET
Request URI:	http://20.198.96.251:9090/data/v1/api/reports/climaticReport?station_ids=14&station_ids=15&flag=4&frequency=2&fromDate=1999-10-08&toDate=2000-10-08
Proxy:			<none>
Request params:	<none>
Query params:	station_ids=[14, 15]
				flag=4
				frequency=2
				fromDate=1999-10-08
				toDate=2000-10-08
Form params:	<none>
Path params:	<none>
Headers:		Authorization=Bearer eyJhbGciOiJIUzI1NiJ9.eyJzdWIiOiJRQVRlc3QiLCJpYXQiOjE3MTg2OTQ1NTIsImV4cCI6NTAwMDAxNzE4Njk0NTUyfQ.f5l2Wjoe_065uzZgxr0JMFQ12GwkfqbWXQEpgKhCJ20
				Accept=*/*
				Content-Type=application/json
Cookies:		<none>
Multiparts:		<none>
Body:			<none>
{
    "relativeHumidity": [
        {
            "value": 26.00,
            "stationId": 15,
            "date": "2000-01-20T17:30:00"
        },
        {
            "value": 84.00,
            "stationId": 15,
            "date": "2000-09-08T08:30:00"
        },
        {
            "value": 26.00,
            "stationId": 15,
            "date": "2000-02-29T17:30:00"
        },
        {
            "value": 20.00,
            "stationId": 15,
            "date": "2000-04-30T17:30:00"
        },
        {
            "value": 49.00,
            "stationId": 15,
            "date": "2000-05-16T17:30:00"
        },
        {
            "value": 44.00,
            "stationId": 15,
            "date": "2000-07-31T08:30:00"
        },
        {
            "value": 54.00,
            "stationId": 15,
            "date": "2000-08-18T17:30:00"
        },
        {
            "value": 77.00,
            "stationId": 15,
            "date": "2000-06-07T17:30:00"
        },
        {
            "value": 65.00,
            "stationId": 15,
            "date": "2000-10-01T17:30:00"
        },
        {
            "value": 21.00,
            "stationId": 15,
            "date": "2000-03-14T17:30:00"
        },
        {
            "value": 84.00,
            "stationId": 15,
            "date": "2000-06-18T08:30:00"
        },
        {
            "value": 44.00,
            "stationId": 15,
            "date": "2000-01-02T17:30:00"
        },
        {
            "value": 52.00,
            "stationId": 15,
            "date": "2000-02-18T08:30:00"
        },
        {
            "value": 77.00,
            "stationId": 15,
            "date": "2000-05-30T08:30:00"
        },
        {
            "value": 28.00,
            "stationId": 15,
            "date": "2000-01-30T17:30:00"
        },
        {
            "value": 52.00,
            "stationId": 15,
            "date": "2000-03-03T08:30:00"
        },
        {
            "value": 43.00,
            "stationId": 15,
            "date": "2000-10-03T17:30:00"
        },
        {
            "value": 18.00,
            "stationId": 15,
            "date": "2000-04-29T17:30:00"
        },
        {
            "value": 92.00,
            "stationId": 15,
            "date": "2000-05-27T17:30:00"
        },
        {
            "value": 72.00,
            "stationId": 15,
            "date": "2000-02-07T08:30:00"
        },
        {
            "value": 84.00,
            "stationId": 15,
            "date": "2000-09-02T08:30:00"
        },
        {
            "value": 71.00,
            "stationId": 15,
            "date": "2000-05-02T08:30:00"
        },
        {
            "value": 25.00,
            "stationId": 15,
            "date": "2000-03-07T17:30:00"
        },
        {
            "value": 29.00,
            "stationId": 15,
            "date": "2000-02-15T08:30:00"
        },
        {
            "value": 70.00,
            "stationId": 15,
            "date": "2000-08-20T17:30:00"
        },
        {
            "value": 66.00,
            "stationId": 15,
            "date": "2000-02-10T08:30:00"
        },
        {
            "value": 39.00,
            "stationId": 15,
            "date": "2000-02-12T17:30:00"
        },
        {
            "value": 45.00,
            "stationId": 15,
            "date": "2000-03-25T08:30:00"
        },
        {
            "value": 76.00,
            "stationId": 15,
            "date": "2000-07-24T17:30:00"
        },
        {
            "value": 84.00,
            "stationId": 15,
            "date": "2000-06-02T08:30:00"
        },
        {
            "value": 41.00,
            "stationId": 15,
            "date": "2000-05-15T17:30:00"
        },
        {
            "value": 77.00,
            "stationId": 15,
            "date": "2000-09-24T08:30:00"
        },
        {
            "value": 60.00,
            "stationId": 15,
            "date": "2000-08-15T17:30:00"
        },
        {
            "value": 76.00,
            "stationId": 15,
            "date": "2000-06-29T08:30:00"
        },
        {
            "value": 70.00,
            "stationId": 15,
            "date": "2000-05-18T08:30:00"
        },
        {
            "value": 29.00,
            "stationId": 15,
            "date": "2000-01-07T17:30:00"
        },
        {
            "value": 54.00,
            "stationId": 15,
            "date": "2000-10-06T17:30:00"
        },
        {
            "value": 65.00,
            "stationId": 15,
            "date": "2000-07-02T17:30:00"
        },
        {
            "value": 76.00,
            "stationId": 15,
            "date": "2000-07-12T17:30:00"
        },
        {
            "value": 38.00,
            "stationId": 15,
            "date": "2000-03-16T08:30:00"
        },
        {
            "value": 50.00,
            "stationId": 15,
            "date": "2000-03-01T08:30:00"
        },
        {
            "value": 53.00,
            "stationId": 15,
            "date": "2000-01-28T08:30:00"
        },
        {
            "value": 25.00,
            "stationId": 15,
            "date": "2000-01-29T17:30:00"
        },
        {
            "value": 59.00,
            "stationId": 15,
            "date": "2000-01-02T08:30:00"
        },
        {
            "value": 22.00,
            "stationId": 15,
            "date": "2000-01-31T17:30:00"
        },
        {
            "value": 29.00,
            "stationId": 15,
            "date": "2000-03-19T08:30:00"
        },
        {
            "value": 34.00,
            "stationId": 15,
            "date": "2000-01-14T17:30:00"
        },
        {
            "value": 84.00,
            "stationId": 15,
            "date": "2000-08-13T08:30:00"
        },
        {
            "value": 84.00,
            "stationId": 15,
            "date": "2000-09-02T17:30:00"
        },
        {
            "value": 91.00,
            "stationId": 15,
            "date": "2000-09-30T08:30:00"
        },
        {
            "value": 34.00,
            "stationId": 15,
            "date": "2000-05-12T17:30:00"
        },
        {
            "value": 45.00,
            "stationId": 15,
            "date": "2000-07-30T08:30:00"
        },
        {
            "value": 84.00,
            "stationId": 15,
            "date": "2000-09-17T08:30:00"
        },
        {
            "value": 31.00,
            "stationId": 15,
            "date": "2000-01-08T17:30:00"
        },
        {
            "value": 71.00,
            "stationId": 15,
            "date": "2000-05-25T08:30:00"
        },
        {
            "value": 84.00,
            "stationId": 15,
            "date": "2000-09-08T17:30:00"
        },
        {
            "value": 51.00,
            "stationId": 15,
            "date": "2000-04-20T08:30:00"
        },
        {
            "value": 71.00,
            "stationId": 15,
            "date": "2000-07-08T17:30:00"
        },
        {
            "value": 26.00,
            "stationId": 15,
            "date": "2000-03-24T17:30:00"
        },
        {
            "value": 75.00,
            "stationId": 15,
            "date": "2000-01-17T08:30:00"
        },
        {
            "value": 76.00,
            "stationId": 15,
            "date": "2000-08-02T08:30:00"
        },
        {
            "value": 47.00,
            "stationId": 15,
            "date": "2000-06-25T17:30:00"
        },
        {
            "value": 26.00,
            "stationId": 15,
            "date": "2000-02-08T17:30:00"
        },
        {
            "value": 22.00,
            "stationId": 15,
            "date": "2000-03-17T17:30:00"
        },
        {
            "value": 92.00,
            "stationId": 15,
            "date": "2000-06-02T17:30:00"
        },
        {
            "value": 56.00,
            "stationId": 15,
            "date": "2000-09-18T17:30:00"
        },
        {
            "value": 39.00,
            "stationId": 15,
            "date": "2000-02-26T17:30:00"
        },
        {
            "value": 77.00,
            "stationId": 15,
            "date": "2000-05-22T08:30:00"
        },
        {
            "value": 19.00,
            "stationId": 15,
            "date": "2000-04-04T17:30:00"
        },
        {
            "value": 66.00,
            "stationId": 15,
            "date": "2000-01-03T08:30:00"
        },
        {
            "value": 34.00,
            "stationId": 15,
            "date": "2000-05-13T17:30:00"
        },
        {
            "value": 76.00,
            "stationId": 15,
            "date": "2000-08-22T08:30:00"
        },
        {
            "value": 57.00,
            "stationId": 15,
            "date": "2000-07-03T17:30:00"
        },
        {
            "value": 50.00,
            "stationId": 15,
            "date": "2000-09-20T17:30:00"
        },
        {
            "value": 71.00,
            "stationId": 15,
            "date": "2000-04-11T08:30:00"
        },
        {
            "value": 37.00,
            "stationId": 15,
            "date": "2000-03-17T08:30:00"
        },
        {
            "value": 76.00,
            "stationId": 15,
            "date": "2000-06-19T08:30:00"
        },
        {
            "value": 34.00,
            "stationId": 15,
            "date": "2000-01-19T17:30:00"
        },
        {
            "value": 58.00,
            "stationId": 15,
            "date": "2000-04-28T08:30:00"
        },
        {
            "value": 34.00,
            "stationId": 15,
            "date": "2000-05-09T17:30:00"
        },
        {
            "value": 65.00,
            "stationId": 15,
            "date": "2000-06-21T17:30:00"
        },
        {
            "value": 25.00,
            "stationId": 15,
            "date": "2000-03-10T17:30:00"
        },
        {
            "value": 84.00,
            "stationId": 15,
            "date": "2000-07-08T08:30:00"
        },
        {
            "value": 91.00,
            "stationId": 15,
            "date": "2000-09-01T08:30:00"
        },
        {
            "value": 53.00,
            "stationId": 15,
            "date": "2000-06-18T17:30:00"
        },
        {
            "value": 84.00,
            "stationId": 15,
            "date": "2000-07-15T08:30:00"
        },
        {
            "value": 47.00,
            "stationId": 15,
            "date": "2000-01-30T08:30:00"
        },
        {
            "value": 29.00,
            "stationId": 15,
            "date": "2000-05-04T17:30:00"
        },
        {
            "value": 76.00,
            "stationId": 15,
            "date": "2000-07-17T08:30:00"
        },
        {
            "value": 84.00,
            "stationId": 15,
            "date": "2000-08-31T17:30:00"
        },
        {
            "value": 59.00,
            "stationId": 15,
            "date": "2000-06-29T17:30:00"
        },
        {
            "value": 71.00,
            "stationId": 15,
            "date": "2000-08-14T17:30:00"
        },
        {
            "value": 29.00,
            "stationId": 15,
            "date": "2000-01-06T17:30:00"
        },
        {
            "value": 71.00,
            "stationId": 15,
            "date": "2000-07-17T17:30:00"
        },
        {
            "value": 17.00,
            "stationId": 15,
            "date": "2000-04-01T17:30:00"
        },
        {
            "value": 71.00,
            "stationId": 15,
            "date": "2000-09-16T17:30:00"
        },
        {
            "value": 92.00,
            "stationId": 15,
            "date": "2000-06-08T08:30:00"
        },
        {
            "value": 76.00,
            "stationId": 15,
            "date": "2000-07-02T08:30:00"
        },
        {
            "value": 45.00,
            "stationId": 15,
            "date": "2000-09-15T17:30:00"
        },
        {
            "value": 41.00,
            "stationId": 15,
            "date": "2000-03-05T08:30:00"
        },
        {
            "value": 71.00,
            "stationId": 15,
            "date": "2000-04-18T08:30:00"
        },
        {
            "value": 54.00,
            "stationId": 15,
            "date": "2000-07-24T08:30:00"
        },
        {
            "value": 44.00,
            "stationId": 15,
            "date": "2000-01-01T17:30:00"
        },
        {
            "value": 54.00,
            "stationId": 15,
            "date": "2000-06-14T17:30:00"
        },
        {
            "value": 75.00,
            "stationId": 15,
            "date": "2000-02-24T08:30:00"
        },
        {
            "value": 65.00,
            "stationId": 15,
            "date": "2000-06-15T17:30:00"
        },
        {
            "value": 78.00,
            "stationId": 15,
            "date": "2000-06-05T17:30:00"
        },
        {
            "value": 44.00,
            "stationId": 15,
            "date": "2000-02-01T08:30:00"
        },
        {
            "value": 46.00,
            "stationId": 15,
            "date": "2000-05-18T17:30:00"
        },
        {
            "value": 92.00,
            "stationId": 15,
            "date": "2000-10-01T08:30:00"
        },
        {
            "value": 65.00,
            "stationId": 15,
            "date": "2000-07-15T17:30:00"
        },
        {
            "value": 71.00,
            "stationId": 15,
            "date": "2000-08-08T17:30:00"
        },
        {
            "value": 71.00,
            "stationId": 15,
            "date": "2000-05-23T08:30:00"
        },
        {
            "value": 71.00,
            "stationId": 15,
            "date": "2000-07-19T17:30:00"
        },
        {
            "value": 69.00,
            "stationId": 15,
            "date": "2000-01-15T08:30:00"
        },
        {
            "value": 49.00,
            "stationId": 15,
            "date": "2000-09-25T17:30:00"
        },
        {
            "value": 76.00,
            "stationId": 15,
            "date": "2000-07-06T08:30:00"
        },
        {
            "value": 76.00,
            "stationId": 15,
            "date": "2000-09-11T08:30:00"
        },
        {
            "value": 65.00,
            "stationId": 15,
            "date": "2000-09-04T17:30:00"
        },
        {
            "value": 50.00,
            "stationId": 15,
            "date": "2000-05-23T17:30:00"
        },
        {
            "value": 84.00,
            "stationId": 15,
            "date": "2000-06-03T08:30:00"
        },
        {
            "value": 44.00,
            "stationId": 15,
            "date": "2000-05-05T17:30:00"
        },
        {
            "value": 76.00,
            "stationId": 15,
            "date": "2000-08-09T08:30:00"
        },
        {
            "value": 84.00,
            "stationId": 15,
            "date": "2000-07-12T08:30:00"
        },
        {
            "value": 92.00,
            "stationId": 15,
            "date": "2000-07-14T08:30:00"
        },
        {
            "value": 54.00,
            "stationId": 15,
            "date": "2000-06-19T17:30:00"
        },
        {
            "value": 70.00,
            "stationId": 15,
            "date": "2000-04-16T08:30:00"
        },
        {
            "value": 76.00,
            "stationId": 15,
            "date": "2000-09-14T08:30:00"
        },
        {
            "value": 84.00,
            "stationId": 15,
            "date": "2000-06-07T08:30:00"
        },
        {
            "value": 34.00,
            "stationId": 15,
            "date": "2000-03-27T08:30:00"
        },
        {
            "value": 84.00,
            "stationId": 15,
            "date": "2000-08-19T08:30:00"
        },
        {
            "value": 27.00,
            "stationId": 15,
            "date": "2000-01-28T17:30:00"
        },
        {
            "value": 50.00,
            "stationId": 15,
            "date": "2000-05-24T17:30:00"
        },
        {
            "value": 77.00,
            "stationId": 15,
            "date": "2000-08-13T17:30:00"
        },
        {
            "value": 91.00,
            "stationId": 15,
            "date": "2000-08-10T08:30:00"
        },
        {
            "value": 84.00,
            "stationId": 15,
            "date": "2000-08-27T08:30:00"
        },
        {
            "value": 76.00,
            "stationId": 15,
            "date": "2000-06-14T08:30:00"
        },
        {
            "value": 57.00,
            "stationId": 15,
            "date": "2000-01-31T08:30:00"
        },
        {
            "value": 42.00,
            "stationId": 15,
            "date": "2000-03-28T08:30:00"
        },
        {
            "value": 84.00,
            "stationId": 15,
            "date": "2000-07-01T17:30:00"
        },
        {
            "value": 25.00,
            "stationId": 15,
            "date": "2000-02-06T17:30:00"
        },
        {
            "value": 75.00,
            "stationId": 15,
            "date": "2000-07-01T08:30:00"
        },
        {
            "value": 84.00,
            "stationId": 15,
            "date": "2000-06-16T08:30:00"
        },
        {
            "value": 76.00,
            "stationId": 15,
            "date": "2000-07-31T17:30:00"
        },
        {
            "value": 53.00,
            "stationId": 15,
            "date": "2000-02-04T08:30:00"
        },
        {
            "value": 20.00,
            "stationId": 15,
            "date": "2000-03-30T17:30:00"
        },
        {
            "value": 31.00,
            "stationId": 15,
            "date": "2000-04-03T17:30:00"
        },
        {
            "value": 20.00,
            "stationId": 15,
            "date": "2000-04-27T17:30:00"
        },
        {
            "value": 77.00,
            "stationId": 15,
            "date": "2000-04-01T08:30:00"
        },
        {
            "value": 65.00,
            "stationId": 15,
            "date": "2000-08-22T17:30:00"
        },
        {
            "value": 54.00,
            "stationId": 15,
            "date": "2000-03-14T08:30:00"
        },
        {
            "value": 84.00,
            "stationId": 15,
            "date": "2000-07-21T08:30:00"
        },
        {
            "value": 56.00,
            "stationId": 15,
            "date": "2000-03-12T08:30:00"
        },
        {
            "value": 23.00,
            "stationId": 15,
            "date": "2000-02-19T17:30:00"
        },
        {
            "value": 69.00,
            "stationId": 15,
            "date": "2000-07-26T17:30:00"
        },
        {
            "value": 84.00,
            "stationId": 15,
            "date": "2000-04-21T08:30:00"
        },
        {
            "value": 76.00,
            "stationId": 15,
            "date": "2000-07-20T08:30:00"
        },
        {
            "value": 64.00,
            "stationId": 15,
            "date": "2000-04-06T08:30:00"
        },
        {
            "value": 55.00,
            "stationId": 15,
            "date": "2000-09-24T17:30:00"
        },
        {
            "value": 35.00,
            "stationId": 15,
            "date": "2000-02-14T17:30:00"
        },
        {
            "value": 76.00,
            "stationId": 15,
            "date": "2000-08-24T17:30:00"
        },
        {
            "value": 76.00,
            "stationId": 15,
            "date": "2000-09-12T08:30:00"
        },
        {
            "value": 84.00,
            "stationId": 15,
            "date": "2000-10-07T08:30:00"
        },
        {
            "value": 26.00,
            "stationId": 15,
            "date": "2000-03-27T17:30:00"
        },
        {
            "value": 26.00,
            "stationId": 15,
            "date": "2000-04-14T17:30:00"
        },
        {
            "value": 84.00,
            "stationId": 15,
            "date": "2000-06-15T08:30:00"
        },
        {
            "value": 77.00,
            "stationId": 15,
            "date": "2000-04-25T08:30:00"
        },
        {
            "value": 43.00,
            "stationId": 15,
            "date": "2000-01-12T17:30:00"
        },
        {
            "value": 77.00,
            "stationId": 15,
            "date": "2000-04-17T08:30:00"
        },
        {
            "value": 76.00,
            "stationId": 15,
            "date": "2000-08-21T08:30:00"
        },
        {
            "value": 31.00,
            "stationId": 15,
            "date": "2000-01-16T17:30:00"
        },
        {
            "value": 66.00,
            "stationId": 15,
            "date": "2000-02-11T08:30:00"
        },
        {
            "value": 77.00,
            "stationId": 15,
            "date": "2000-08-09T17:30:00"
        },
        {
            "value": 23.00,
            "stationId": 15,
            "date": "2000-03-20T17:30:00"
        },
        {
            "value": 25.00,
            "stationId": 15,
            "date": "2000-02-20T17:30:00"
        },
        {
            "value": 40.00,
            "stationId": 15,
            "date": "2000-02-25T17:30:00"
        },
        {
            "value": 76.00,
            "stationId": 15,
            "date": "2000-10-05T08:30:00"
        },
        {
            "value": 65.00,
            "stationId": 15,
            "date": "2000-09-22T17:30:00"
        },
        {
            "value": 21.00,
            "stationId": 15,
            "date": "2000-03-06T17:30:00"
        },
        {
            "value": 76.00,
            "stationId": 15,
            "date": "2000-08-01T08:30:00"
        },
        {
            "value": 77.00,
            "stationId": 15,
            "date": "2000-06-08T17:30:00"
        },
        {
            "value": 22.00,
            "stationId": 15,
            "date": "2000-03-29T17:30:00"
        },
        {
            "value": 31.00,
            "stationId": 15,
            "date": "2000-04-17T17:30:00"
        },
        {
            "value": 76.00,
            "stationId": 15,
            "date": "2000-08-20T08:30:00"
        },
        {
            "value": 84.00,
            "stationId": 15,
            "date": "2000-07-11T17:30:00"
        },
        {
            "value": 64.00,
            "stationId": 15,
            "date": "2000-04-26T08:30:00"
        },
        {
            "value": 76.00,
            "stationId": 15,
            "date": "2000-06-24T08:30:00"
        },
        {
            "value": 65.00,
            "stationId": 15,
            "date": "2000-09-03T17:30:00"
        },
        {
            "value": 77.00,
            "stationId": 15,
            "date": "2000-09-22T08:30:00"
        },
        {
            "value": 20.00,
            "stationId": 15,
            "date": "2000-02-07T17:30:00"
        },
        {
            "value": 65.00,
            "stationId": 15,
            "date": "2000-05-01T08:30:00"
        },
        {
            "value": 48.00,
            "stationId": 15,
            "date": "2000-09-09T17:30:00"
        },
        {
            "value": 84.00,
            "stationId": 15,
            "date": "2000-06-23T08:30:00"
        },
        {
            "value": 84.00,
            "stationId": 15,
            "date": "2000-08-18T08:30:00"
        },
        {
            "value": 45.00,
            "stationId": 15,
            "date": "2000-02-22T08:30:00"
        },
        {
            "value": 47.00,
            "stationId": 15,
            "date": "2000-05-25T17:30:00"
        },
        {
            "value": 34.00,
            "stationId": 15,
            "date": "2000-01-05T17:30:00"
        },
        {
            "value": 71.00,
            "stationId": 15,
            "date": "2000-04-08T08:30:00"
        },
        {
            "value": 39.00,
            "stationId": 15,
            "date": "2000-01-03T17:30:00"
        },
        {
            "value": 54.00,
            "stationId": 15,
            "date": "2000-09-07T17:30:00"
        },
        {
            "value": 54.00,
            "stationId": 15,
            "date": "2000-06-16T17:30:00"
        },
        {
            "value": 77.00,
            "stationId": 15,
            "date": "2000-07-14T17:30:00"
        },
        {
            "value": 83.00,
            "stationId": 15,
            "date": "2000-09-09T08:30:00"
        },
        {
            "value": 48.00,
            "stationId": 15,
            "date": "2000-01-27T08:30:00"
        },
        {
            "value": 22.00,
            "stationId": 15,
            "date": "2000-04-25T17:30:00"
        },
        {
            "value": 56.00,
            "stationId": 15,
            "date": "2000-04-27T08:30:00"
        },
        {
            "value": 64.00,
            "stationId": 15,
            "date": "2000-04-30T08:30:00"
        },
        {
            "value": 63.00,
            "stationId": 15,
            "date": "2000-04-09T08:30:00"
        },
        {
            "value": 71.00,
            "stationId": 15,
            "date": "2000-05-31T08:30:00"
        },
        {
            "value": 71.00,
            "stationId": 15,
            "date": "2000-06-13T17:30:00"
        },
        {
            "value": 65.00,
            "stationId": 15,
            "date": "2000-08-28T17:30:00"
        },
        {
            "value": 84.00,
            "stationId": 15,
            "date": "2000-07-19T08:30:00"
        },
        {
            "value": 29.00,
            "stationId": 15,
            "date": "2000-04-19T17:30:00"
        },
        {
            "value": 73.00,
            "stationId": 15,
            "date": "2000-02-19T08:30:00"
        },
        {
            "value": 84.00,
            "stationId": 15,
            "date": "2000-07-16T08:30:00"
        },
        {
            "value": 60.00,
            "stationId": 15,
            "date": "2000-09-21T17:30:00"
        },
        {
            "value": 69.00,
            "stationId": 15,
            "date": "2000-05-12T08:30:00"
        },
        {
            "value": 77.00,
            "stationId": 15,
            "date": "2000-09-15T08:30:00"
        },
        {
            "value": 54.00,
            "stationId": 15,
            "date": "2000-05-30T17:30:00"
        },
        {
            "value": 54.00,
            "stationId": 15,
            "date": "2000-08-07T17:30:00"
        },
        {
            "value": 54.00,
            "stationId": 15,
            "date": "2000-07-22T17:30:00"
        },
        {
            "value": 41.00,
            "stationId": 15,
            "date": "2000-08-03T17:30:00"
        },
        {
            "value": 50.00,
            "stationId": 15,
            "date": "2000-07-28T08:30:00"
        },
        {
            "value": 84.00,
            "stationId": 15,
            "date": "2000-07-22T08:30:00"
        },
        {
            "value": 76.00,
            "stationId": 15,
            "date": "2000-10-06T08:30:00"
        },
        {
            "value": 60.00,
            "stationId": 15,
            "date": "2000-01-16T08:30:00"
        },
        {
            "value": 70.00,
            "stationId": 15,
            "date": "2000-07-03T08:30:00"
        },
        {
            "value": 84.00,
            "stationId": 15,
            "date": "2000-08-25T08:30:00"
        },
        {
            "value": 53.00,
            "stationId": 15,
            "date": "2000-09-10T17:30:00"
        },
        {
            "value": 71.00,
            "stationId": 15,
            "date": "2000-09-26T08:30:00"
        },
        {
            "value": 37.00,
            "stationId": 15,
            "date": "2000-01-09T17:30:00"
        },
        {
            "value": 85.00,
            "stationId": 15,
            "date": "2000-08-25T17:30:00"
        },
        {
            "value": 70.00,
            "stationId": 15,
            "date": "2000-05-04T08:30:00"
        },
        {
            "value": 59.00,
            "stationId": 15,
            "date": "2000-02-14T08:30:00"
        },
        {
            "value": 50.00,
            "stationId": 15,
            "date": "2000-07-29T08:30:00"
        },
        {
            "value": 63.00,
            "stationId": 15,
            "date": "2000-07-10T17:30:00"
        },
        {
            "value": 25.00,
            "stationId": 15,
            "date": "2000-03-20T08:30:00"
        },
        {
            "value": 71.00,
            "stationId": 15,
            "date": "2000-05-07T08:30:00"
        },
        {
            "value": 84.00,
            "stationId": 15,
            "date": "2000-08-23T08:30:00"
        },
        {
            "value": 70.00,
            "stationId": 15,
            "date": "2000-09-25T08:30:00"
        },
        {
            "value": 59.00,
            "stationId": 15,
            "date": "2000-07-20T17:30:00"
        },
        {
            "value": 46.00,
            "stationId": 15,
            "date": "2000-03-29T08:30:00"
        },
        {
            "value": 53.00,
            "stationId": 15,
            "date": "2000-01-18T08:30:00"
        },
        {
            "value": 84.00,
            "stationId": 15,
            "date": "2000-10-03T08:30:00"
        },
        {
            "value": 83.00,
            "stationId": 15,
            "date": "2000-09-05T08:30:00"
        },
        {
            "value": 19.00,
            "stationId": 15,
            "date": "2000-04-26T17:30:00"
        },
        {
            "value": 78.00,
            "stationId": 15,
            "date": "2000-09-30T17:30:00"
        },
        {
            "value": 70.00,
            "stationId": 15,
            "date": "2000-04-15T08:30:00"
        },
        {
            "value": 84.00,
            "stationId": 15,
            "date": "2000-06-12T08:30:00"
        },
        {
            "value": 27.00,
            "stationId": 15,
            "date": "2000-01-27T17:30:00"
        },
        {
            "value": 44.00,
            "stationId": 15,
            "date": "2000-07-25T08:30:00"
        },
        {
            "value": 18.00,
            "stationId": 15,
            "date": "2000-03-25T17:30:00"
        },
        {
            "value": 30.00,
            "stationId": 15,
            "date": "2000-03-23T17:30:00"
        },
        {
            "value": 65.00,
            "stationId": 15,
            "date": "2000-01-06T08:30:00"
        },
        {
            "value": 77.00,
            "stationId": 15,
            "date": "2000-04-29T08:30:00"
        },
        {
            "value": 73.00,
            "stationId": 15,
            "date": "2000-02-12T08:30:00"
        },
        {
            "value": 50.00,
            "stationId": 15,
            "date": "2000-05-21T17:30:00"
        },
        {
            "value": 65.00,
            "stationId": 15,
            "date": "2000-04-24T08:30:00"
        },
        {
            "value": 59.00,
            "stationId": 15,
            "date": "2000-06-27T17:30:00"
        },
        {
            "value": 84.00,
            "stationId": 15,
            "date": "2000-08-12T17:30:00"
        },
        {
            "value": 29.00,
            "stationId": 15,
            "date": "2000-02-09T17:30:00"
        },
        {
            "value": 28.00,
            "stationId": 15,
            "date": "2000-04-24T17:30:00"
        },
        {
            "value": 70.00,
            "stationId": 15,
            "date": "2000-08-04T08:30:00"
        },
        {
            "value": 76.00,
            "stationId": 15,
            "date": "2000-07-25T17:30:00"
        },
        {
            "value": 76.00,
            "stationId": 15,
            "date": "2000-07-27T17:30:00"
        },
        {
            "value": 84.00,
            "stationId": 15,
            "date": "2000-08-08T08:30:00"
        },
        {
            "value": 67.00,
            "stationId": 15,
            "date": "2000-03-13T08:30:00"
        },
        {
            "value": 39.00,
            "stationId": 15,
            "date": "2000-05-14T17:30:00"
        },
        {
            "value": 84.00,
            "stationId": 15,
            "date": "2000-08-14T08:30:00"
        },
        {
            "value": 76.00,
            "stationId": 15,
            "date": "2000-08-23T17:30:00"
        },
        {
            "value": 19.00,
            "stationId": 15,
            "date": "2000-02-01T17:30:00"
        },
        {
            "value": 84.00,
            "stationId": 15,
            "date": "2000-09-04T08:30:00"
        },
        {
            "value": 84.00,
            "stationId": 15,
            "date": "2000-07-11T08:30:00"
        },
        {
            "value": 84.00,
            "stationId": 15,
            "date": "2000-06-04T08:30:00"
        },
        {
            "value": 45.00,
            "stationId": 15,
            "date": "2000-05-20T17:30:00"
        },
        {
            "value": 20.00,
            "stationId": 15,
            "date": "2000-03-12T17:30:00"
        },
        {
            "value": 84.00,
            "stationId": 15,
            "date": "2000-06-30T08:30:00"
        },
        {
            "value": 35.00,
            "stationId": 15,
            "date": "2000-02-13T17:30:00"
        },
        {
            "value": 22.00,
            "stationId": 15,
            "date": "2000-03-11T17:30:00"
        },
        {
            "value": 77.00,
            "stationId": 15,
            "date": "2000-03-31T08:30:00"
        },
        {
            "value": 65.00,
            "stationId": 15,
            "date": "2000-06-23T17:30:00"
        },
        {
            "value": 35.00,
            "stationId": 15,
            "date": "2000-03-02T08:30:00"
        },
        {
            "value": 31.00,
            "stationId": 15,
            "date": "2000-04-18T17:30:00"
        },
        {
            "value": 77.00,
            "stationId": 15,
            "date": "2000-05-10T08:30:00"
        },
        {
            "value": 77.00,
            "stationId": 15,
            "date": "2000-06-01T08:30:00"
        },
        {
            "value": 41.00,
            "stationId": 15,
            "date": "2000-03-15T08:30:00"
        },
        {
            "value": 43.00,
            "stationId": 15,
            "date": "2000-09-11T17:30:00"
        },
        {
            "value": 92.00,
            "stationId": 15,
            "date": "2000-08-15T08:30:00"
        },
        {
            "value": 73.00,
            "stationId": 15,
            "date": "2000-02-21T08:30:00"
        },
        {
            "value": 21.00,
            "stationId": 15,
            "date": "2000-04-05T17:30:00"
        },
        {
            "value": 84.00,
            "stationId": 15,
            "date": "2000-10-02T08:30:00"
        },
        {
            "value": 73.00,
            "stationId": 15,
            "date": "2000-02-08T08:30:00"
        },
        {
            "value": 42.00,
            "stationId": 15,
            "date": "2000-05-08T17:30:00"
        },
        {
            "value": 92.00,
            "stationId": 15,
            "date": "2000-06-04T17:30:00"
        },
        {
            "value": 28.00,
            "stationId": 15,
            "date": "2000-04-15T17:30:00"
        },
        {
            "value": 39.00,
            "stationId": 15,
            "date": "2000-05-10T17:30:00"
        },
        {
            "value": 84.00,
            "stationId": 15,
            "date": "2000-06-22T08:30:00"
        },
        {
            "value": 59.00,
            "stationId": 15,
            "date": "2000-03-08T08:30:00"
        },
        {
            "value": 70.00,
            "stationId": 15,
            "date": "2000-07-09T17:30:00"
        },
        {
            "value": 49.00,
            "stationId": 15,
            "date": "2000-07-27T08:30:00"
        },
        {
            "value": 54.00,
            "stationId": 15,
            "date": "2000-08-17T17:30:00"
        },
        {
            "value": 22.00,
            "stationId": 15,
            "date": "2000-03-02T17:30:00"
        },
        {
            "value": 84.00,
            "stationId": 15,
            "date": "2000-08-29T17:30:00"
        },
        {
            "value": 83.00,
            "stationId": 15,
            "date": "2000-08-11T17:30:00"
        },
        {
            "value": 44.00,
            "stationId": 15,
            "date": "2000-02-23T17:30:00"
        },
        {
            "value": 47.00,
            "stationId": 15,
            "date": "2000-03-06T08:30:00"
        },
        {
            "value": 75.00,
            "stationId": 15,
            "date": "2000-02-27T08:30:00"
        },
        {
            "value": 84.00,
            "stationId": 15,
            "date": "2000-06-13T08:30:00"
        },
        {
            "value": 71.00,
            "stationId": 15,
            "date": "2000-05-26T17:30:00"
        },
        {
            "value": 71.00,
            "stationId": 15,
            "date": "2000-05-19T08:30:00"
        },
        {
            "value": 19.00,
            "stationId": 15,
            "date": "2000-03-01T17:30:00"
        },
        {
            "value": 84.00,
            "stationId": 15,
            "date": "2000-08-29T08:30:00"
        },
        {
            "value": 28.00,
            "stationId": 15,
            "date": "2000-04-16T17:30:00"
        },
        {
            "value": 29.00,
            "stationId": 15,
            "date": "2000-02-15T17:30:00"
        },
        {
            "value": 27.00,
            "stationId": 15,
            "date": "2000-03-26T08:30:00"
        },
        {
            "value": 60.00,
            "stationId": 15,
            "date": "2000-08-16T17:30:00"
        },
        {
            "value": 76.00,
            "stationId": 15,
            "date": "2000-06-17T08:30:00"
        },
        {
            "value": 76.00,
            "stationId": 15,
            "date": "2000-08-17T08:30:00"
        },
        {
            "value": 66.00,
            "stationId": 15,
            "date": "2000-09-29T17:30:00"
        },
        {
            "value": 67.00,
            "stationId": 15,
            "date": "2000-01-11T08:30:00"
        },
        {
            "value": 62.00,
            "stationId": 15,
            "date": "2000-02-02T08:30:00"
        },
        {
            "value": 68.00,
            "stationId": 15,
            "date": "2000-01-12T08:30:00"
        },
        {
            "value": 23.00,
            "stationId": 15,
            "date": "2000-02-04T17:30:00"
        },
        {
            "value": 19.00,
            "stationId": 15,
            "date": "2000-04-08T17:30:00"
        },
        {
            "value": 25.00,
            "stationId": 15,
            "date": "2000-01-24T17:30:00"
        },
        {
            "value": 47.00,
            "stationId": 15,
            "date": "2000-01-29T08:30:00"
        },
        {
            "value": 60.00,
            "stationId": 15,
            "date": "2000-09-23T17:30:00"
        },
        {
            "value": 91.00,
            "stationId": 15,
            "date": "2000-09-19T08:30:00"
        },
        {
            "value": 65.00,
            "stationId": 15,
            "date": "2000-04-05T08:30:00"
        },
        {
            "value": 72.00,
            "stationId": 15,
            "date": "2000-02-03T08:30:00"
        },
        {
            "value": 49.00,
            "stationId": 15,
            "date": "2000-06-17T17:30:00"
        },
        {
            "value": 62.00,
            "stationId": 15,
            "date": "2000-03-21T08:30:00"
        },
        {
            "value": 60.00,
            "stationId": 15,
            "date": "2000-06-20T17:30:00"
        },
        {
            "value": 69.00,
            "stationId": 15,
            "date": "2000-02-28T08:30:00"
        },
        {
            "value": 77.00,
            "stationId": 15,
            "date": "2000-05-24T08:30:00"
        },
        {
            "value": 60.00,
            "stationId": 15,
            "date": "2000-07-05T17:30:00"
        },
        {
            "value": 77.00,
            "stationId": 15,
            "date": "2000-06-30T17:30:00"
        },
        {
            "value": 53.00,
            "stationId": 15,
            "date": "2000-01-26T08:30:00"
        },
        {
            "value": 34.00,
            "stationId": 15,
            "date": "2000-05-11T17:30:00"
        },
        {
            "value": 56.00,
            "stationId": 15,
            "date": "2000-02-06T08:30:00"
        },
        {
            "value": 61.00,
            "stationId": 15,
            "date": "2000-08-06T17:30:00"
        },
        {
            "value": 15.00,
            "stationId": 15,
            "date": "2000-03-04T17:30:00"
        },
        {
            "value": 84.00,
            "stationId": 15,
            "date": "2000-09-18T08:30:00"
        },
        {
            "value": 76.00,
            "stationId": 15,
            "date": "2000-09-06T08:30:00"
        },
        {
            "value": 15.00,
            "stationId": 15,
            "date": "2000-03-03T17:30:00"
        },
        {
            "value": 58.00,
            "stationId": 15,
            "date": "2000-02-13T08:30:00"
        },
        {
            "value": 25.00,
            "stationId": 15,
            "date": "2000-04-06T17:30:00"
        },
        {
            "value": 28.00,
            "stationId": 15,
            "date": "2000-02-17T17:30:00"
        },
        {
            "value": 84.00,
            "stationId": 15,
            "date": "2000-09-07T08:30:00"
        },
        {
            "value": 92.00,
            "stationId": 15,
            "date": "2000-08-26T17:30:00"
        },
        {
            "value": 71.00,
            "stationId": 15,
            "date": "2000-09-01T17:30:00"
        },
        {
            "value": 77.00,
            "stationId": 15,
            "date": "2000-09-27T08:30:00"
        },
        {
            "value": 76.00,
            "stationId": 15,
            "date": "2000-05-28T08:30:00"
        },
        {
            "value": 84.00,
            "stationId": 15,
            "date": "2000-06-25T08:30:00"
        },
        {
            "value": 91.00,
            "stationId": 15,
            "date": "2000-08-12T08:30:00"
        },
        {
            "value": 69.00,
            "stationId": 15,
            "date": "2000-08-03T08:30:00"
        },
        {
            "value": 53.00,
            "stationId": 15,
            "date": "2000-06-26T17:30:00"
        },
        {
            "value": 77.00,
            "stationId": 15,
            "date": "2000-06-10T08:30:00"
        },
        {
            "value": 84.00,
            "stationId": 15,
            "date": "2000-08-19T17:30:00"
        },
        {
            "value": 32.00,
            "stationId": 15,
            "date": "2000-02-10T17:30:00"
        },
        {
            "value": 65.00,
            "stationId": 15,
            "date": "2000-01-05T08:30:00"
        },
        {
            "value": 91.00,
            "stationId": 15,
            "date": "2000-08-11T08:30:00"
        },
        {
            "value": 26.00,
            "stationId": 15,
            "date": "2000-01-22T17:30:00"
        },
        {
            "value": 59.00,
            "stationId": 15,
            "date": "2000-08-21T17:30:00"
        },
        {
            "value": 58.00,
            "stationId": 15,
            "date": "2000-01-25T08:30:00"
        },
        {
            "value": 84.00,
            "stationId": 15,
            "date": "2000-08-30T17:30:00"
        },
        {
            "value": 34.00,
            "stationId": 15,
            "date": "2000-01-11T17:30:00"
        },
        {
            "value": 77.00,
            "stationId": 15,
            "date": "2000-09-21T08:30:00"
        },
        {
            "value": 60.00,
            "stationId": 15,
            "date": "2000-06-03T17:30:00"
        },
        {
            "value": 70.00,
            "stationId": 15,
            "date": "2000-03-22T08:30:00"
        },
        {
            "value": 33.00,
            "stationId": 15,
            "date": "2000-02-27T17:30:00"
        },
        {
            "value": 44.00,
            "stationId": 15,
            "date": "2000-09-14T17:30:00"
        },
        {
            "value": 50.00,
            "stationId": 15,
            "date": "2000-05-06T17:30:00"
        },
        {
            "value": 84.00,
            "stationId": 15,
            "date": "2000-06-06T08:30:00"
        },
        {
            "value": 48.00,
            "stationId": 15,
            "date": "2000-03-09T08:30:00"
        },
        {
            "value": 64.00,
            "stationId": 15,
            "date": "2000-05-14T08:30:00"
        },
        {
            "value": 76.00,
            "stationId": 15,
            "date": "2000-09-03T08:30:00"
        },
        {
            "value": 53.00,
            "stationId": 15,
            "date": "2000-01-22T08:30:00"
        },
        {
            "value": 19.00,
            "stationId": 15,
            "date": "2000-05-07T17:30:00"
        },
        {
            "value": 84.00,
            "stationId": 15,
            "date": "2000-09-16T08:30:00"
        },
        {
            "value": 21.00,
            "stationId": 15,
            "date": "2000-04-12T17:30:00"
        },
        {
            "value": 34.00,
            "stationId": 15,
            "date": "2000-01-04T17:30:00"
        },
        {
            "value": 64.00,
            "stationId": 15,
            "date": "2000-05-15T08:30:00"
        },
        {
            "value": 76.00,
            "stationId": 15,
            "date": "2000-08-05T08:30:00"
        },
        {
            "value": 57.00,
            "stationId": 15,
            "date": "2000-02-09T08:30:00"
        },
        {
            "value": 52.00,
            "stationId": 15,
            "date": "2000-02-11T17:30:00"
        },
        {
            "value": 76.00,
            "stationId": 15,
            "date": "2000-02-23T08:30:00"
        },
        {
            "value": 91.00,
            "stationId": 15,
            "date": "2000-08-06T08:30:00"
        },
        {
            "value": 18.00,
            "stationId": 15,
            "date": "2000-03-26T17:30:00"
        },
        {
            "value": 77.00,
            "stationId": 15,
            "date": "2000-05-21T08:30:00"
        },
        {
            "value": 84.00,
            "stationId": 15,
            "date": "2000-08-30T08:30:00"
        },
        {
            "value": 46.00,
            "stationId": 15,
            "date": "2000-03-24T08:30:00"
        },
        {
            "value": 65.00,
            "stationId": 15,
            "date": "2000-01-21T08:30:00"
        },
        {
            "value": 23.00,
            "stationId": 15,
            "date": "2000-02-05T17:30:00"
        },
        {
            "value": 54.00,
            "stationId": 15,
            "date": "2000-02-16T08:30:00"
        },
        {
            "value": 59.00,
            "stationId": 15,
            "date": "2000-10-04T17:30:00"
        },
        {
            "value": 25.00,
            "stationId": 15,
            "date": "2000-03-28T17:30:00"
        },
        {
            "value": 71.00,
            "stationId": 15,
            "date": "2000-07-07T17:30:00"
        },
        {
            "value": 17.00,
            "stationId": 15,
            "date": "2000-03-18T17:30:00"
        },
        {
            "value": 27.00,
            "stationId": 15,
            "date": "2000-05-03T17:30:00"
        },
        {
            "value": 84.00,
            "stationId": 15,
            "date": "2000-09-20T08:30:00"
        },
        {
            "value": 55.00,
            "stationId": 15,
            "date": "2000-09-27T17:30:00"
        },
        {
            "value": 71.00,
            "stationId": 15,
            "date": "2000-05-29T17:30:00"
        },
        {
            "value": 69.00,
            "stationId": 15,
            "date": "2000-02-26T08:30:00"
        },
        {
            "value": 65.00,
            "stationId": 15,
            "date": "2000-09-28T17:30:00"
        },
        {
            "value": 77.00,
            "stationId": 15,
            "date": "2000-08-26T08:30:00"
        },
        {
            "value": 67.00,
            "stationId": 15,
            "date": "2000-01-10T08:30:00"
        },
        {
            "value": 21.00,
            "stationId": 15,
            "date": "2000-04-28T17:30:00"
        },
        {
            "value": 92.00,
            "stationId": 15,
            "date": "2000-06-09T08:30:00"
        },
        {
            "value": 23.00,
            "stationId": 15,
            "date": "2000-03-13T17:30:00"
        },
        {
            "value": 60.00,
            "stationId": 15,
            "date": "2000-06-22T17:30:00"
        },
        {
            "value": 58.00,
            "stationId": 15,
            "date": "2000-01-01T08:30:00"
        },
        {
            "value": 84.00,
            "stationId": 15,
            "date": "2000-05-26T08:30:00"
        },
        {
            "value": 29.00,
            "stationId": 15,
            "date": "2000-01-25T17:30:00"
        },
        {
            "value": 28.00,
            "stationId": 15,
            "date": "2000-01-21T17:30:00"
        },
        {
            "value": 25.00,
            "stationId": 15,
            "date": "2000-01-17T17:30:00"
        },
        {
            "value": 18.00,
            "stationId": 15,
            "date": "2000-05-02T17:30:00"
        },
        {
            "value": 62.00,
            "stationId": 15,
            "date": "2000-04-02T08:30:00"
        },
        {
            "value": 65.00,
            "stationId": 15,
            "date": "2000-10-07T17:30:00"
        },
        {
            "value": 45.00,
            "stationId": 15,
            "date": "2000-09-13T17:30:00"
        },
        {
            "value": 71.00,
            "stationId": 15,
            "date": "2000-04-23T08:30:00"
        },
        {
            "value": 76.00,
            "stationId": 15,
            "date": "2000-06-26T08:30:00"
        },
        {
            "value": 42.00,
            "stationId": 15,
            "date": "2000-01-07T08:30:00"
        },
        {
            "value": 82.00,
            "stationId": 15,
            "date": "2000-02-20T08:30:00"
        },
        {
            "value": 29.00,
            "stationId": 15,
            "date": "2000-04-07T17:30:00"
        },
        {
            "value": 28.00,
            "stationId": 15,
            "date": "2000-02-03T17:30:00"
        },
        {
            "value": 41.00,
            "stationId": 15,
            "date": "2000-08-04T17:30:00"
        },
        {
            "value": 84.00,
            "stationId": 15,
            "date": "2000-08-16T08:30:00"
        },
        {
            "value": 65.00,
            "stationId": 15,
            "date": "2000-04-03T08:30:00"
        },
        {
            "value": 83.00,
            "stationId": 15,
            "date": "2000-01-14T08:30:00"
        },
        {
            "value": 57.00,
            "stationId": 15,
            "date": "2000-01-19T08:30:00"
        },
        {
            "value": 21.00,
            "stationId": 15,
            "date": "2000-03-09T17:30:00"
        },
        {
            "value": 84.00,
            "stationId": 15,
            "date": "2000-06-12T17:30:00"
        },
        {
            "value": 54.00,
            "stationId": 15,
            "date": "2000-09-12T17:30:00"
        },
        {
            "value": 20.00,
            "stationId": 15,
            "date": "2000-05-01T17:30:00"
        },
        {
            "value": 27.00,
            "stationId": 15,
            "date": "2000-03-22T17:30:00"
        },
        {
            "value": 37.00,
            "stationId": 15,
            "date": "2000-03-11T08:30:00"
        },
        {
            "value": 76.00,
            "stationId": 15,
            "date": "2000-08-27T17:30:00"
        },
        {
            "value": 32.00,
            "stationId": 15,
            "date": "2000-03-18T08:30:00"
        },
        {
            "value": 84.00,
            "stationId": 15,
            "date": "2000-06-11T08:30:00"
        },
        {
            "value": 65.00,
            "stationId": 15,
            "date": "2000-04-10T08:30:00"
        },
        {
            "value": 84.00,
            "stationId": 15,
            "date": "2000-05-09T08:30:00"
        },
        {
            "value": 29.00,
            "stationId": 15,
            "date": "2000-01-23T08:30:00"
        },
        {
            "value": 69.00,
            "stationId": 15,
            "date": "2000-07-04T08:30:00"
        },
        {
            "value": 77.00,
            "stationId": 15,
            "date": "2000-09-17T17:30:00"
        },
        {
            "value": 41.00,
            "stationId": 15,
            "date": "2000-03-30T08:30:00"
        },
        {
            "value": 76.00,
            "stationId": 15,
            "date": "2000-07-28T17:30:00"
        },
        {
            "value": 21.00,
            "stationId": 15,
            "date": "2000-03-05T17:30:00"
        },
        {
            "value": 82.00,
            "stationId": 15,
            "date": "2000-02-05T08:30:00"
        },
        {
            "value": 31.00,
            "stationId": 15,
            "date": "2000-01-26T17:30:00"
        },
        {
            "value": 43.00,
            "stationId": 15,
            "date": "2000-03-10T08:30:00"
        },
        {
            "value": 70.00,
            "stationId": 15,
            "date": "2000-04-22T08:30:00"
        },
        {
            "value": 84.00,
            "stationId": 15,
            "date": "2000-07-07T08:30:00"
        },
        {
            "value": 58.00,
            "stationId": 15,
            "date": "2000-01-08T08:30:00"
        },
        {
            "value": 84.00,
            "stationId": 15,
            "date": "2000-09-10T08:30:00"
        },
        {
            "value": 31.00,
            "stationId": 15,
            "date": "2000-02-02T17:30:00"
        },
        {
            "value": 76.00,
            "stationId": 15,
            "date": "2000-07-23T08:30:00"
        },
        {
            "value": 60.00,
            "stationId": 15,
            "date": "2000-02-17T08:30:00"
        },
        {
            "value": 84.00,
            "stationId": 15,
            "date": "2000-08-31T08:30:00"
        },
        {
            "value": 45.00,
            "stationId": 15,
            "date": "2000-05-17T17:30:00"
        },
        {
            "value": 76.00,
            "stationId": 15,
            "date": "2000-07-18T08:30:00"
        },
        {
            "value": 70.00,
            "stationId": 15,
            "date": "2000-04-14T08:30:00"
        },
        {
            "value": 70.00,
            "stationId": 15,
            "date": "2000-05-13T08:30:00"
        },
        {
            "value": 31.00,
            "stationId": 15,
            "date": "2000-03-21T17:30:00"
        },
        {
            "value": 76.00,
            "stationId": 15,
            "date": "2000-09-13T08:30:00"
        },
        {
            "value": 76.00,
            "stationId": 15,
            "date": "2000-10-04T08:30:00"
        },
        {
            "value": 26.00,
            "stationId": 15,
            "date": "2000-04-10T17:30:00"
        },
        {
            "value": 71.00,
            "stationId": 15,
            "date": "2000-05-16T08:30:00"
        },
        {
            "value": 84.00,
            "stationId": 15,
            "date": "2000-06-10T17:30:00"
        },
        {
            "value": 84.00,
            "stationId": 15,
            "date": "2000-09-23T08:30:00"
        },
        {
            "value": 46.00,
            "stationId": 15,
            "date": "2000-08-05T17:30:00"
        },
        {
            "value": 34.00,
            "stationId": 15,
            "date": "2000-02-22T17:30:00"
        },
        {
            "value": 62.00,
            "stationId": 15,
            "date": "2000-02-29T08:30:00"
        },
        {
            "value": 56.00,
            "stationId": 15,
            "date": "2000-03-23T08:30:00"
        },
        {
            "value": 91.00,
            "stationId": 15,
            "date": "2000-07-13T08:30:00"
        },
        {
            "value": 92.00,
            "stationId": 15,
            "date": "2000-08-07T08:30:00"
        },
        {
            "value": 84.00,
            "stationId": 15,
            "date": "2000-06-05T08:30:00"
        },
        {
            "value": 70.00,
            "stationId": 15,
            "date": "2000-04-13T08:30:00"
        },
        {
            "value": 31.00,
            "stationId": 15,
            "date": "2000-02-21T17:30:00"
        },
        {
            "value": 77.00,
            "stationId": 15,
            "date": "2000-09-19T17:30:00"
        },
        {
            "value": 40.00,
            "stationId": 15,
            "date": "2000-02-24T17:30:00"
        },
        {
            "value": 92.00,
            "stationId": 15,
            "date": "2000-06-06T17:30:00"
        },
        {
            "value": 66.00,
            "stationId": 15,
            "date": "2000-01-09T08:30:00"
        },
        {
            "value": 35.00,
            "stationId": 15,
            "date": "2000-01-23T17:30:00"
        },
        {
            "value": 45.00,
            "stationId": 15,
            "date": "2000-05-19T17:30:00"
        },
        {
            "value": 70.00,
            "stationId": 15,
            "date": "2000-06-27T08:30:00"
        },
        {
            "value": 71.00,
            "stationId": 15,
            "date": "2000-05-17T08:30:00"
        },
        {
            "value": 20.00,
            "stationId": 15,
            "date": "2000-04-11T17:30:00"
        },
        {
            "value": 77.00,
            "stationId": 15,
            "date": "2000-06-11T17:30:00"
        },
        {
            "value": 70.00,
            "stationId": 15,
            "date": "2000-06-28T17:30:00"
        },
        {
            "value": 20.00,
            "stationId": 15,
            "date": "2000-04-02T17:30:00"
        },
        {
            "value": 76.00,
            "stationId": 15,
            "date": "2000-07-30T17:30:00"
        },
        {
            "value": 71.00,
            "stationId": 15,
            "date": "2000-04-19T08:30:00"
        },
        {
            "value": 75.00,
            "stationId": 15,
            "date": "2000-01-13T08:30:00"
        },
        {
            "value": 77.00,
            "stationId": 15,
            "date": "2000-08-02T17:30:00"
        },
        {
            "value": 58.00,
            "stationId": 15,
            "date": "2000-01-04T08:30:00"
        },
        {
            "value": 34.00,
            "stationId": 15,
            "date": "2000-02-28T17:30:00"
        },
        {
            "value": 59.00,
            "stationId": 15,
            "date": "2000-07-21T17:30:00"
        },
        {
            "value": 71.00,
            "stationId": 15,
            "date": "2000-04-12T08:30:00"
        },
        {
            "value": 84.00,
            "stationId": 15,
            "date": "2000-05-27T08:30:00"
        },
        {
            "value": 84.00,
            "stationId": 15,
            "date": "2000-06-20T08:30:00"
        },
        {
            "value": 77.00,
            "stationId": 15,
            "date": "2000-05-31T17:30:00"
        },
        {
            "value": 60.00,
            "stationId": 15,
            "date": "2000-07-06T17:30:00"
        },
        {
            "value": 68.00,
            "stationId": 15,
            "date": "2000-02-25T08:30:00"
        },
        {
            "value": 34.00,
            "stationId": 15,
            "date": "2000-01-10T17:30:00"
        },
        {
            "value": 77.00,
            "stationId": 15,
            "date": "2000-05-20T08:30:00"
        },
        {
            "value": 84.00,
            "stationId": 15,
            "date": "2000-09-29T08:30:00"
        },
        {
            "value": 23.00,
            "stationId": 15,
            "date": "2000-04-13T17:30:00"
        },
        {
            "value": 20.00,
            "stationId": 15,
            "date": "2000-03-19T17:30:00"
        },
        {
            "value": 59.00,
            "stationId": 15,
            "date": "2000-05-28T17:30:00"
        },
        {
            "value": 41.00,
            "stationId": 15,
            "date": "2000-08-01T17:30:00"
        },
        {
            "value": 70.00,
            "stationId": 15,
            "date": "2000-05-06T08:30:00"
        },
        {
            "value": 84.00,
            "stationId": 15,
            "date": "2000-07-09T08:30:00"
        },
        {
            "value": 48.00,
            "stationId": 15,
            "date": "2000-01-13T17:30:00"
        },
        {
            "value": 54.00,
            "stationId": 15,
            "date": "2000-06-01T17:30:00"
        },
        {
            "value": 28.00,
            "stationId": 15,
            "date": "2000-02-16T17:30:00"
        },
        {
            "value": 28.00,
            "stationId": 15,
            "date": "2000-04-09T17:30:00"
        },
        {
            "value": 50.00,
            "stationId": 15,
            "date": "2000-09-26T17:30:00"
        },
        {
            "value": 84.00,
            "stationId": 15,
            "date": "2000-08-28T08:30:00"
        },
        {
            "value": 76.00,
            "stationId": 15,
            "date": "2000-05-05T08:30:00"
        },
        {
            "value": 84.00,
            "stationId": 15,
            "date": "2000-06-09T17:30:00"
        },
        {
            "value": 71.00,
            "stationId": 15,
            "date": "2000-05-11T08:30:00"
        },
        {
            "value": 40.00,
            "stationId": 15,
            "date": "2000-01-15T17:30:00"
        },
        {
            "value": 49.00,
            "stationId": 15,
            "date": "2000-07-26T08:30:00"
        },
        {
            "value": 66.00,
            "stationId": 15,
            "date": "2000-03-07T08:30:00"
        },
        {
            "value": 43.00,
            "stationId": 15,
            "date": "2000-03-04T08:30:00"
        },
        {
            "value": 22.00,
            "stationId": 15,
            "date": "2000-03-15T17:30:00"
        },
        {
            "value": 76.00,
            "stationId": 15,
            "date": "2000-07-29T17:30:00"
        },
        {
            "value": 91.00,
            "stationId": 15,
            "date": "2000-08-24T08:30:00"
        },
        {
            "value": 26.00,
            "stationId": 15,
            "date": "2000-04-23T17:30:00"
        },
        {
            "value": 17.00,
            "stationId": 15,
            "date": "2000-03-31T17:30:00"
        },
        {
            "value": 66.00,
            "stationId": 15,
            "date": "2000-01-20T08:30:00"
        },
        {
            "value": 91.00,
            "stationId": 15,
            "date": "2000-07-13T17:30:00"
        },
        {
            "value": 69.00,
            "stationId": 15,
            "date": "2000-05-08T08:30:00"
        },
        {
            "value": 76.00,
            "stationId": 15,
            "date": "2000-07-23T17:30:00"
        },
        {
            "value": 58.00,
            "stationId": 15,
            "date": "2000-09-05T17:30:00"
        },
        {
            "value": 25.00,
            "stationId": 15,
            "date": "2000-03-08T17:30:00"
        },
        {
            "value": 20.00,
            "stationId": 15,
            "date": "2000-01-18T17:30:00"
        },
        {
            "value": 29.00,
            "stationId": 15,
            "date": "2000-04-20T17:30:00"
        },
        {
            "value": 84.00,
            "stationId": 15,
            "date": "2000-07-05T08:30:00"
        },
        {
            "value": 71.00,
            "stationId": 15,
            "date": "2000-07-18T17:30:00"
        },
        {
            "value": 54.00,
            "stationId": 15,
            "date": "2000-06-24T17:30:00"
        },
        {
            "value": 84.00,
            "stationId": 15,
            "date": "2000-10-05T17:30:00"
        },
        {
            "value": 76.00,
            "stationId": 15,
            "date": "2000-08-10T17:30:00"
        },
        {
            "value": 76.00,
            "stationId": 15,
            "date": "2000-05-29T08:30:00"
        },
        {
            "value": 44.00,
            "stationId": 15,
            "date": "2000-10-02T17:30:00"
        },
        {
            "value": 53.00,
            "stationId": 15,
            "date": "2000-09-06T17:30:00"
        },
        {
            "value": 22.00,
            "stationId": 15,
            "date": "2000-03-16T17:30:00"
        },
        {
            "value": 77.00,
            "stationId": 15,
            "date": "2000-09-28T08:30:00"
        },
        {
            "value": 71.00,
            "stationId": 15,
            "date": "2000-06-28T08:30:00"
        },
        {
            "value": 64.00,
            "stationId": 15,
            "date": "2000-05-03T08:30:00"
        },
        {
            "value": 23.00,
            "stationId": 15,
            "date": "2000-02-18T17:30:00"
        },
        {
            "value": 50.00,
            "stationId": 15,
            "date": "2000-05-22T17:30:00"
        },
        {
            "value": 70.00,
            "stationId": 15,
            "date": "2000-04-07T08:30:00"
        },
        {
            "value": 65.00,
            "stationId": 15,
            "date": "2000-07-16T17:30:00"
        },
        {
            "value": 21.00,
            "stationId": 15,
            "date": "2000-04-22T17:30:00"
        },
        {
            "value": 44.00,
            "stationId": 15,
            "date": "2000-01-24T08:30:00"
        },
        {
            "value": 77.00,
            "stationId": 15,
            "date": "2000-06-21T08:30:00"
        },
        {
            "value": 58.00,
            "stationId": 15,
            "date": "2000-07-04T17:30:00"
        },
        {
            "value": 25.00,
            "stationId": 15,
            "date": "2000-04-21T17:30:00"
        },
        {
            "value": 84.00,
            "stationId": 15,
            "date": "2000-07-10T08:30:00"
        },
        {
            "value": 71.00,
            "stationId": 15,
            "date": "2000-04-04T08:30:00"
        }
    ]
}
status code is 
200
Response Time is 
107
HTTP/1.1 200 OK
Name of test method sucessfully executed:get_reportsclimaticReport
]]></system-out>
  </testcase>
  <testcase name="get_reportsargandsrgdata" classname="com.swades.rainFall.testCases.GET_reportsargandsrgdata" time="0.403">
    <system-out><![CDATA[Name of test method started:get_reportsargandsrgdata
Request method:	GET
Request URI:	http://20.198.96.251:9090/data/v1/api/reports/argandsrgdata?station_id=15&fromDate=1999-08-13&toDate=1999-09-15
Proxy:			<none>
Request params:	<none>
Query params:	station_id=15
				fromDate=1999-08-13
				toDate=1999-09-15
Form params:	<none>
Path params:	<none>
Headers:		Authorization=Bearer eyJhbGciOiJIUzI1NiJ9.eyJzdWIiOiJRQVRlc3QiLCJpYXQiOjE3MTg2OTQ1NTIsImV4cCI6NTAwMDAxNzE4Njk0NTUyfQ.f5l2Wjoe_065uzZgxr0JMFQ12GwkfqbWXQEpgKhCJ20
				Accept=*/*
				Content-Type=application/json
Cookies:		<none>
Multiparts:		<none>
Body:			<none>
[
    {
        "ARG_SRG_Data": {
            "stationId": 15,
            "dateTime1": "1999-08-13T08:30:00",
            "arg": 1.40,
            "srg": 1.40
        }
    },
    {
        "ARG_SRG_Data": {
            "stationId": 15,
            "dateTime1": "1999-08-14T08:30:00",
            "arg": 0.70,
            "srg": 0.70
        }
    },
    {
        "ARG_SRG_Data": {
            "stationId": 15,
            "dateTime1": "1999-08-15T08:30:00",
            "arg": 0.00,
            "srg": 0.00
        }
    },
    {
        "ARG_SRG_Data": {
            "stationId": 15,
            "dateTime1": "1999-08-16T08:30:00",
            "arg": 0.00,
            "srg": 0.00
        }
    },
    {
        "ARG_SRG_Data": {
            "stationId": 15,
            "dateTime1": "1999-08-17T08:30:00",
            "arg": 27.40,
            "srg": 27.40
        }
    },
    {
        "ARG_SRG_Data": {
            "stationId": 15,
            "dateTime1": "1999-08-18T08:30:00",
            "arg": 0.00,
            "srg": 0.00
        }
    },
    {
        "ARG_SRG_Data": {
            "stationId": 15,
            "dateTime1": "1999-08-19T08:30:00",
            "arg": 0.00,
            "srg": 0.00
        }
    },
    {
        "ARG_SRG_Data": {
            "stationId": 15,
            "dateTime1": "1999-08-20T08:30:00",
            "arg": 0.00,
            "srg": 0.00
        }
    },
    {
        "ARG_SRG_Data": {
            "stationId": 15,
            "dateTime1": "1999-08-21T08:30:00",
            "arg": 0.00,
            "srg": 0.00
        }
    },
    {
        "ARG_SRG_Data": {
            "stationId": 15,
            "dateTime1": "1999-08-22T08:30:00",
            "arg": 0.00,
            "srg": 0.00
        }
    },
    {
        "ARG_SRG_Data": {
            "stationId": 15,
            "dateTime1": "1999-08-23T08:30:00",
            "arg": 2.00,
            "srg": 2.00
        }
    },
    {
        "ARG_SRG_Data": {
            "stationId": 15,
            "dateTime1": "1999-08-24T08:30:00",
            "arg": 0.00,
            "srg": 0.00
        }
    },
    {
        "ARG_SRG_Data": {
            "stationId": 15,
            "dateTime1": "1999-08-25T08:30:00",
            "arg": 0.00,
            "srg": 0.00
        }
    },
    {
        "ARG_SRG_Data": {
            "stationId": 15,
            "dateTime1": "1999-08-26T08:30:00",
            "arg": 6.70,
            "srg": 6.70
        }
    },
    {
        "ARG_SRG_Data": {
            "stationId": 15,
            "dateTime1": "1999-08-27T08:30:00",
            "arg": 0.00,
            "srg": 0.00
        }
    },
    {
        "ARG_SRG_Data": {
            "stationId": 15,
            "dateTime1": "1999-08-28T08:30:00",
            "arg": 4.90,
            "srg": 4.90
        }
    },
    {
        "ARG_SRG_Data": {
            "stationId": 15,
            "dateTime1": "1999-08-29T08:30:00",
            "arg": 27.80,
            "srg": 27.80
        }
    },
    {
        "ARG_SRG_Data": {
            "stationId": 15,
            "dateTime1": "1999-08-30T08:30:00",
            "arg": 0.00,
            "srg": 0.00
        }
    },
    {
        "ARG_SRG_Data": {
            "stationId": 15,
            "dateTime1": "1999-08-31T08:30:00",
            "arg": 3.50,
            "srg": 3.50
        }
    },
    {
        "ARG_SRG_Data": {
            "stationId": 15,
            "dateTime1": "1999-09-01T08:30:00",
            "arg": 0.00,
            "srg": 0.00
        }
    },
    {
        "ARG_SRG_Data": {
            "stationId": 15,
            "dateTime1": "1999-09-02T08:30:00",
            "arg": 0.00,
            "srg": 0.00
        }
    },
    {
        "ARG_SRG_Data": {
            "stationId": 15,
            "dateTime1": "1999-09-03T08:30:00",
            "arg": 0.00,
            "srg": 0.00
        }
    },
    {
        "ARG_SRG_Data": {
            "stationId": 15,
            "dateTime1": "1999-09-04T08:30:00",
            "arg": 0.00,
            "srg": 0.00
        }
    },
    {
        "ARG_SRG_Data": {
            "stationId": 15,
            "dateTime1": "1999-09-05T08:30:00",
            "arg": 0.00,
            "srg": 0.00
        }
    },
    {
        "ARG_SRG_Data": {
            "stationId": 15,
            "dateTime1": "1999-09-06T08:30:00",
            "arg": 0.00,
            "srg": 0.00
        }
    },
    {
        "ARG_SRG_Data": {
            "stationId": 15,
            "dateTime1": "1999-09-07T08:30:00",
            "arg": 3.50,
            "srg": 3.50
        }
    },
    {
        "ARG_SRG_Data": {
            "stationId": 15,
            "dateTime1": "1999-09-08T08:30:00",
            "arg": 0.00,
            "srg": 0.00
        }
    },
    {
        "ARG_SRG_Data": {
            "stationId": 15,
            "dateTime1": "1999-09-09T08:30:00",
            "arg": 0.00,
            "srg": 0.00
        }
    },
    {
        "ARG_SRG_Data": {
            "stationId": 15,
            "dateTime1": "1999-09-10T08:30:00",
            "arg": 2.80,
            "srg": 2.80
        }
    },
    {
        "ARG_SRG_Data": {
            "stationId": 15,
            "dateTime1": "1999-09-11T08:30:00",
            "arg": 0.00,
            "srg": 0.00
        }
    },
    {
        "ARG_SRG_Data": {
            "stationId": 15,
            "dateTime1": "1999-09-12T08:30:00",
            "arg": 0.00,
            "srg": 0.00
        }
    },
    {
        "ARG_SRG_Data": {
            "stationId": 15,
            "dateTime1": "1999-09-13T08:30:00",
            "arg": 0.00,
            "srg": 0.00
        }
    },
    {
        "ARG_SRG_Data": {
            "stationId": 15,
            "dateTime1": "1999-09-14T08:30:00",
            "arg": 0.00,
            "srg": 0.00
        }
    },
    {
        "ARG_SRG_Data": {
            "stationId": 15,
            "dateTime1": "1999-09-15T08:30:00",
            "arg": 0.00,
            "srg": 0.00
        }
    }
]
status code is 
200
Response Time is 
415
HTTP/1.1 200 OK
Name of test method sucessfully executed:get_reportsargandsrgdata
]]></system-out>
  </testcase>
  <testcase name="get_reportsrainfallReport" classname="com.swades.rainFall.testCases.GET_reportsrainfallReport" time="0.32">
    <system-out><![CDATA[Name of test method started:get_reportsrainfallReport
Request method:	GET
Request URI:	http://20.198.96.251:9090/data/v1/api/reports/rainfallReport?station_ids=14&station_ids=15&frequency=1&fromDate=1998-08-01&toDate=2000-04-26
Proxy:			<none>
Request params:	<none>
Query params:	station_ids=[14, 15]
				frequency=1
				fromDate=1998-08-01
				toDate=2000-04-26
Form params:	<none>
Path params:	<none>
Headers:		Authorization=Bearer eyJhbGciOiJIUzI1NiJ9.eyJzdWIiOiJRQVRlc3QiLCJpYXQiOjE3MTg2OTQ1NTIsImV4cCI6NTAwMDAxNzE4Njk0NTUyfQ.f5l2Wjoe_065uzZgxr0JMFQ12GwkfqbWXQEpgKhCJ20
				Accept=*/*
				Content-Type=application/json
Cookies:		<none>
Multiparts:		<none>
Body:			<none>
[
    {
        "stationId": 14,
        "dateTime1": "2000-04-25T08:30:00",
        "value1": 0.00,
        "value2": null,
        "time2": null
    },
    {
        "stationId": 14,
        "dateTime1": "2000-04-24T08:30:00",
        "value1": 0.00,
        "value2": null,
        "time2": null
    },
    {
        "stationId": 14,
        "dateTime1": "2000-04-23T08:30:00",
        "value1": 0.00,
        "value2": null,
        "time2": null
    },
    {
        "stationId": 14,
        "dateTime1": "2000-04-22T08:30:00",
        "value1": 0.00,
        "value2": null,
        "time2": null
    },
    {
        "stationId": 14,
        "dateTime1": "2000-04-21T08:30:00",
        "value1": 0.00,
        "value2": null,
        "time2": null
    },
    {
        "stationId": 14,
        "dateTime1": "2000-04-20T08:30:00",
        "value1": 0.00,
        "value2": null,
        "time2": null
    },
    {
        "stationId": 14,
        "dateTime1": "2000-04-19T08:30:00",
        "value1": 14.20,
        "value2": null,
        "time2": null
    },
    {
        "stationId": 14,
        "dateTime1": "2000-04-18T08:30:00",
        "value1": 0.00,
        "value2": null,
        "time2": null
    },
    {
        "stationId": 14,
        "dateTime1": "2000-04-17T08:30:00",
        "value1": 0.00,
        "value2": null,
        "time2": null
    },
    {
        "stationId": 14,
        "dateTime1": "2000-04-16T08:30:00",
        "value1": 0.00,
        "value2": null,
        "time2": null
    },
    {
        "stationId": 14,
        "dateTime1": "2000-04-15T08:30:00",
        "value1": 0.00,
        "value2": null,
        "time2": null
    },
    {
        "stationId": 14,
        "dateTime1": "2000-04-14T08:30:00",
        "value1": 0.00,
        "value2": null,
        "time2": null
    },
    {
        "stationId": 14,
        "dateTime1": "2000-04-13T08:30:00",
        "value1": 0.00,
        "value2": null,
        "time2": null
    },
    {
        "stationId": 14,
        "dateTime1": "2000-04-12T08:30:00",
        "value1": 0.00,
        "value2": null,
        "time2": null
    },
    {
        "stationId": 14,
        "dateTime1": "2000-04-11T08:30:00",
        "value1": 0.00,
        "value2": null,
        "time2": null
    },
    {
        "stationId": 14,
        "dateTime1": "2000-04-10T08:30:00",
        "value1": 0.00,
        "value2": null,
        "time2": null
    },
    {
        "stationId": 14,
        "dateTime1": "2000-04-09T08:30:00",
        "value1": 0.00,
        "value2": null,
        "time2": null
    },
    {
        "stationId": 14,
        "dateTime1": "2000-04-08T08:30:00",
        "value1": 0.00,
        "value2": null,
        "time2": null
    },
    {
        "stationId": 14,
        "dateTime1": "2000-04-07T08:30:00",
        "value1": 0.00,
        "value2": null,
        "time2": null
    },
    {
        "stationId": 14,
        "dateTime1": "2000-04-06T08:30:00",
        "value1": 0.00,
        "value2": null,
        "time2": null
    },
    {
        "stationId": 14,
        "dateTime1": "2000-04-05T08:30:00",
        "value1": 0.00,
        "value2": null,
        "time2": null
    },
    {
        "stationId": 14,
        "dateTime1": "2000-04-04T08:30:00",
        "value1": 0.00,
        "value2": null,
        "time2": null
    },
    {
        "stationId": 14,
        "dateTime1": "2000-04-03T08:30:00",
        "value1": 0.00,
        "value2": null,
        "time2": null
    },
    {
        "stationId": 14,
        "dateTime1": "2000-04-02T08:30:00",
        "value1": 0.00,
        "value2": null,
        "time2": null
    },
    {
        "stationId": 14,
        "dateTime1": "2000-04-01T08:30:00",
        "value1": 0.00,
        "value2": null,
        "time2": null
    },
    {
        "stationId": 14,
        "dateTime1": "2000-03-31T08:30:00",
        "value1": 0.00,
        "value2": null,
        "time2": null
    },
    {
        "stationId": 14,
        "dateTime1": "2000-03-30T08:30:00",
        "value1": 0.00,
        "value2": null,
        "time2": null
    },
    {
        "stationId": 14,
        "dateTime1": "2000-03-29T08:30:00",
        "value1": 0.00,
        "value2": null,
        "time2": null
    },
    {
        "stationId": 14,
        "dateTime1": "2000-03-28T08:30:00",
        "value1": 0.00,
        "value2": null,
        "time2": null
    },
    {
        "stationId": 14,
        "dateTime1": "2000-03-27T08:30:00",
        "value1": 0.00,
        "value2": null,
        "time2": null
    },
    {
        "stationId": 14,
        "dateTime1": "2000-03-26T08:30:00",
        "value1": 0.00,
        "value2": null,
        "time2": null
    },
    {
        "stationId": 14,
        "dateTime1": "2000-03-25T08:30:00",
        "value1": 0.00,
        "value2": null,
        "time2": null
    },
    {
        "stationId": 14,
        "dateTime1": "2000-03-24T08:30:00",
        "value1": 0.00,
        "value2": null,
        "time2": null
    },
    {
        "stationId": 14,
        "dateTime1": "2000-03-23T08:30:00",
        "value1": 0.00,
        "value2": null,
        "time2": null
    },
    {
        "stationId": 14,
        "dateTime1": "2000-03-22T08:30:00",
        "value1": 0.00,
        "value2": null,
        "time2": null
    },
    {
        "stationId": 14,
        "dateTime1": "2000-03-21T08:30:00",
        "value1": 0.00,
        "value2": null,
        "time2": null
    },
    {
        "stationId": 14,
        "dateTime1": "2000-03-20T08:30:00",
        "value1": 0.00,
        "value2": null,
        "time2": null
    },
    {
        "stationId": 14,
        "dateTime1": "2000-03-19T08:30:00",
        "value1": 0.00,
        "value2": null,
        "time2": null
    },
    {
        "stationId": 14,
        "dateTime1": "2000-03-18T08:30:00",
        "value1": 0.00,
        "value2": null,
        "time2": null
    },
    {
        "stationId": 14,
        "dateTime1": "2000-03-17T08:30:00",
        "value1": 0.00,
        "value2": null,
        "time2": null
    },
    {
        "stationId": 14,
        "dateTime1": "2000-03-16T08:30:00",
        "value1": 0.00,
        "value2": null,
        "time2": null
    },
    {
        "stationId": 14,
        "dateTime1": "2000-03-15T08:30:00",
        "value1": 0.00,
        "value2": null,
        "time2": null
    },
    {
        "stationId": 14,
        "dateTime1": "2000-03-14T08:30:00",
        "value1": 0.00,
        "value2": null,
        "time2": null
    },
    {
        "stationId": 14,
        "dateTime1": "2000-03-13T08:30:00",
        "value1": 0.00,
        "value2": null,
        "time2": null
    },
    {
        "stationId": 14,
        "dateTime1": "2000-03-12T08:30:00",
        "value1": 0.00,
        "value2": null,
        "time2": null
    },
    {
        "stationId": 14,
        "dateTime1": "2000-03-11T08:30:00",
        "value1": 0.00,
        "value2": null,
        "time2": null
    },
    {
        "stationId": 14,
        "dateTime1": "2000-03-10T08:30:00",
        "value1": 0.00,
        "value2": null,
        "time2": null
    },
    {
        "stationId": 14,
        "dateTime1": "2000-03-09T08:30:00",
        "value1": 0.00,
        "value2": null,
        "time2": null
    },
    {
        "stationId": 14,
        "dateTime1": "2000-03-08T08:30:00",
        "value1": 0.00,
        "value2": null,
        "time2": null
    },
    {
        "stationId": 14,
        "dateTime1": "2000-03-07T08:30:00",
        "value1": 0.00,
        "value2": null,
        "time2": null
    },
    {
        "stationId": 14,
        "dateTime1": "2000-03-06T08:30:00",
        "value1": 0.00,
        "value2": null,
        "time2": null
    },
    {
        "stationId": 14,
        "dateTime1": "2000-03-05T08:30:00",
        "value1": 0.00,
        "value2": null,
        "time2": null
    },
    {
        "stationId": 14,
        "dateTime1": "2000-03-04T08:30:00",
        "value1": 0.00,
        "value2": null,
        "time2": null
    },
    {
        "stationId": 14,
        "dateTime1": "2000-03-03T08:30:00",
        "value1": 0.00,
        "value2": null,
        "time2": null
    },
    {
        "stationId": 14,
        "dateTime1": "2000-03-02T08:30:00",
        "value1": 0.00,
        "value2": null,
        "time2": null
    },
    {
        "stationId": 14,
        "dateTime1": "2000-03-01T08:30:00",
        "value1": 0.00,
        "value2": null,
        "time2": null
    },
    {
        "stationId": 14,
        "dateTime1": "2000-02-29T08:30:00",
        "value1": 0.00,
        "value2": null,
        "time2": null
    },
    {
        "stationId": 14,
        "dateTime1": "2000-02-28T08:30:00",
        "value1": 0.00,
        "value2": null,
        "time2": null
    },
    {
        "stationId": 14,
        "dateTime1": "2000-02-27T08:30:00",
        "value1": 0.00,
        "value2": null,
        "time2": null
    },
    {
        "stationId": 14,
        "dateTime1": "2000-02-26T08:30:00",
        "value1": 0.00,
        "value2": null,
        "time2": null
    },
    {
        "stationId": 14,
        "dateTime1": "2000-02-25T08:30:00",
        "value1": 0.00,
        "value2": null,
        "time2": null
    },
    {
        "stationId": 14,
        "dateTime1": "2000-02-24T08:30:00",
        "value1": 0.00,
        "value2": null,
        "time2": null
    },
    {
        "stationId": 14,
        "dateTime1": "2000-02-23T08:30:00",
        "value1": 0.00,
        "value2": null,
        "time2": null
    },
    {
        "stationId": 14,
        "dateTime1": "2000-02-22T08:30:00",
        "value1": 0.00,
        "value2": null,
        "time2": null
    },
    {
        "stationId": 14,
        "dateTime1": "2000-02-21T08:30:00",
        "value1": 0.00,
        "value2": null,
        "time2": null
    },
    {
        "stationId": 14,
        "dateTime1": "2000-02-20T08:30:00",
        "value1": 0.00,
        "value2": null,
        "time2": null
    },
    {
        "stationId": 14,
        "dateTime1": "2000-02-19T08:30:00",
        "value1": 0.00,
        "value2": null,
        "time2": null
    },
    {
        "stationId": 14,
        "dateTime1": "2000-02-18T08:30:00",
        "value1": 0.00,
        "value2": null,
        "time2": null
    },
    {
        "stationId": 14,
        "dateTime1": "2000-02-17T08:30:00",
        "value1": 0.00,
        "value2": null,
        "time2": null
    },
    {
        "stationId": 14,
        "dateTime1": "2000-02-16T08:30:00",
        "value1": 0.00,
        "value2": null,
        "time2": null
    },
    {
        "stationId": 14,
        "dateTime1": "2000-02-15T08:30:00",
        "value1": 0.00,
        "value2": null,
        "time2": null
    },
    {
        "stationId": 14,
        "dateTime1": "2000-02-14T08:30:00",
        "value1": 0.00,
        "value2": null,
        "time2": null
    },
    {
        "stationId": 14,
        "dateTime1": "2000-02-13T08:30:00",
        "value1": 0.00,
        "value2": null,
        "time2": null
    },
    {
        "stationId": 14,
        "dateTime1": "2000-02-12T08:30:00",
        "value1": 0.00,
        "value2": null,
        "time2": null
    },
    {
        "stationId": 14,
        "dateTime1": "2000-02-11T08:30:00",
        "value1": 0.00,
        "value2": null,
        "time2": null
    },
    {
        "stationId": 14,
        "dateTime1": "2000-02-10T08:30:00",
        "value1": 0.00,
        "value2": null,
        "time2": null
    },
    {
        "stationId": 14,
        "dateTime1": "2000-02-09T08:30:00",
        "value1": 0.00,
        "value2": null,
        "time2": null
    },
    {
        "stationId": 14,
        "dateTime1": "2000-02-08T08:30:00",
        "value1": 0.00,
        "value2": null,
        "time2": null
    },
    {
        "stationId": 14,
        "dateTime1": "2000-02-07T08:30:00",
        "value1": 0.00,
        "value2": null,
        "time2": null
    },
    {
        "stationId": 14,
        "dateTime1": "2000-02-06T08:30:00",
        "value1": 0.00,
        "value2": null,
        "time2": null
    },
    {
        "stationId": 14,
        "dateTime1": "2000-02-05T08:30:00",
        "value1": 0.00,
        "value2": null,
        "time2": null
    },
    {
        "stationId": 14,
        "dateTime1": "2000-02-04T08:30:00",
        "value1": 0.00,
        "value2": null,
        "time2": null
    },
    {
        "stationId": 14,
        "dateTime1": "2000-02-03T08:30:00",
        "value1": 0.00,
        "value2": null,
        "time2": null
    },
    {
        "stationId": 14,
        "dateTime1": "2000-02-02T08:30:00",
        "value1": 0.00,
        "value2": null,
        "time2": null
    },
    {
        "stationId": 14,
        "dateTime1": "2000-02-01T08:30:00",
        "value1": 0.00,
        "value2": null,
        "time2": null
    },
    {
        "stationId": 14,
        "dateTime1": "2000-01-31T08:30:00",
        "value1": 0.00,
        "value2": null,
        "time2": null
    },
    {
        "stationId": 14,
        "dateTime1": "2000-01-30T08:30:00",
        "value1": 0.00,
        "value2": null,
        "time2": null
    },
    {
        "stationId": 14,
        "dateTime1": "2000-01-29T08:30:00",
        "value1": 0.00,
        "value2": null,
        "time2": null
    },
    {
        "stationId": 14,
        "dateTime1": "2000-01-28T08:30:00",
        "value1": 0.00,
        "value2": null,
        "time2": null
    },
    {
        "stationId": 14,
        "dateTime1": "2000-01-27T08:30:00",
        "value1": 0.00,
        "value2": null,
        "time2": null
    },
    {
        "stationId": 14,
        "dateTime1": "2000-01-26T08:30:00",
        "value1": 0.00,
        "value2": null,
        "time2": null
    },
    {
        "stationId": 14,
        "dateTime1": "2000-01-25T08:30:00",
        "value1": 0.00,
        "value2": null,
        "time2": null
    },
    {
        "stationId": 14,
        "dateTime1": "2000-01-24T08:30:00",
        "value1": 0.00,
        "value2": null,
        "time2": null
    },
    {
        "stationId": 14,
        "dateTime1": "2000-01-23T08:30:00",
        "value1": 0.00,
        "value2": null,
        "time2": null
    },
    {
        "stationId": 14,
        "dateTime1": "2000-01-22T08:30:00",
        "value1": 0.00,
        "value2": null,
        "time2": null
    },
    {
        "stationId": 14,
        "dateTime1": "2000-01-21T08:30:00",
        "value1": 0.00,
        "value2": null,
        "time2": null
    },
    {
        "stationId": 14,
        "dateTime1": "2000-01-20T08:30:00",
        "value1": 0.00,
        "value2": null,
        "time2": null
    },
    {
        "stationId": 14,
        "dateTime1": "2000-01-19T08:30:00",
        "value1": 0.00,
        "value2": null,
        "time2": null
    },
    {
        "stationId": 14,
        "dateTime1": "2000-01-18T08:30:00",
        "value1": 0.00,
        "value2": null,
        "time2": null
    },
    {
        "stationId": 14,
        "dateTime1": "2000-01-17T08:30:00",
        "value1": 0.00,
        "value2": null,
        "time2": null
    },
    {
        "stationId": 14,
        "dateTime1": "2000-01-16T08:30:00",
        "value1": 0.00,
        "value2": null,
        "time2": null
    },
    {
        "stationId": 14,
        "dateTime1": "2000-01-15T08:30:00",
        "value1": 0.00,
        "value2": null,
        "time2": null
    },
    {
        "stationId": 14,
        "dateTime1": "2000-01-14T08:30:00",
        "value1": 0.00,
        "value2": null,
        "time2": null
    },
    {
        "stationId": 14,
        "dateTime1": "2000-01-13T08:30:00",
        "value1": 0.00,
        "value2": null,
        "time2": null
    },
    {
        "stationId": 14,
        "dateTime1": "2000-01-12T08:30:00",
        "value1": 0.00,
        "value2": null,
        "time2": null
    },
    {
        "stationId": 14,
        "dateTime1": "2000-01-11T08:30:00",
        "value1": 0.00,
        "value2": null,
        "time2": null
    },
    {
        "stationId": 14,
        "dateTime1": "2000-01-10T08:30:00",
        "value1": 0.00,
        "value2": null,
        "time2": null
    },
    {
        "stationId": 14,
        "dateTime1": "2000-01-09T08:30:00",
        "value1": 0.00,
        "value2": null,
        "time2": null
    },
    {
        "stationId": 14,
        "dateTime1": "2000-01-08T08:30:00",
        "value1": 0.00,
        "value2": null,
        "time2": null
    },
    {
        "stationId": 14,
        "dateTime1": "2000-01-07T08:30:00",
        "value1": 0.00,
        "value2": null,
        "time2": null
    },
    {
        "stationId": 14,
        "dateTime1": "2000-01-06T08:30:00",
        "value1": 0.00,
        "value2": null,
        "time2": null
    },
    {
        "stationId": 14,
        "dateTime1": "2000-01-05T08:30:00",
        "value1": 0.00,
        "value2": null,
        "time2": null
    },
    {
        "stationId": 14,
        "dateTime1": "2000-01-04T08:30:00",
        "value1": 0.00,
        "value2": null,
        "time2": null
    },
    {
        "stationId": 14,
        "dateTime1": "2000-01-03T08:30:00",
        "value1": 0.00,
        "value2": null,
        "time2": null
    },
    {
        "stationId": 14,
        "dateTime1": "2000-01-02T08:30:00",
        "value1": 0.00,
        "value2": null,
        "time2": null
    },
    {
        "stationId": 14,
        "dateTime1": "2000-01-01T08:30:00",
        "value1": 0.00,
        "value2": null,
        "time2": null
    },
    {
        "stationId": 14,
        "dateTime1": "1999-12-31T08:30:00",
        "value1": 0.00,
        "value2": null,
        "time2": null
    },
    {
        "stationId": 14,
        "dateTime1": "1999-12-30T08:30:00",
        "value1": 0.00,
        "value2": null,
        "time2": null
    },
    {
        "stationId": 14,
        "dateTime1": "1999-12-29T08:30:00",
        "value1": 0.00,
        "value2": null,
        "time2": null
    },
    {
        "stationId": 14,
        "dateTime1": "1999-12-28T08:30:00",
        "value1": 0.00,
        "value2": null,
        "time2": null
    },
    {
        "stationId": 14,
        "dateTime1": "1999-12-27T08:30:00",
        "value1": 0.00,
        "value2": null,
        "time2": null
    },
    {
        "stationId": 14,
        "dateTime1": "1999-12-26T08:30:00",
        "value1": 0.00,
        "value2": null,
        "time2": null
    },
    {
        "stationId": 14,
        "dateTime1": "1999-12-25T08:30:00",
        "value1": 0.00,
        "value2": null,
        "time2": null
    },
    {
        "stationId": 14,
        "dateTime1": "1999-12-24T08:30:00",
        "value1": 0.00,
        "value2": null,
        "time2": null
    },
    {
        "stationId": 14,
        "dateTime1": "1999-12-23T08:30:00",
        "value1": 0.00,
        "value2": null,
        "time2": null
    },
    {
        "stationId": 14,
        "dateTime1": "1999-12-22T08:30:00",
        "value1": 0.00,
        "value2": null,
        "time2": null
    },
    {
        "stationId": 14,
        "dateTime1": "1999-12-21T08:30:00",
        "value1": 0.00,
        "value2": null,
        "time2": null
    },
    {
        "stationId": 14,
        "dateTime1": "1999-12-20T08:30:00",
        "value1": 0.00,
        "value2": null,
        "time2": null
    },
    {
        "stationId": 14,
        "dateTime1": "1999-12-19T08:30:00",
        "value1": 0.00,
        "value2": null,
        "time2": null
    },
    {
        "stationId": 14,
        "dateTime1": "1999-12-18T08:30:00",
        "value1": 0.00,
        "value2": null,
        "time2": null
    },
    {
        "stationId": 14,
        "dateTime1": "1999-12-17T08:30:00",
        "value1": 0.00,
        "value2": null,
        "time2": null
    },
    {
        "stationId": 14,
        "dateTime1": "1999-12-16T08:30:00",
        "value1": 0.00,
        "value2": null,
        "time2": null
    },
    {
        "stationId": 14,
        "dateTime1": "1999-12-15T08:30:00",
        "value1": 0.00,
        "value2": null,
        "time2": null
    },
    {
        "stationId": 14,
        "dateTime1": "1999-12-14T08:30:00",
        "value1": 0.00,
        "value2": null,
        "time2": null
    },
    {
        "stationId": 14,
        "dateTime1": "1999-12-13T08:30:00",
        "value1": 0.00,
        "value2": null,
        "time2": null
    },
    {
        "stationId": 14,
        "dateTime1": "1999-12-12T08:30:00",
        "value1": 0.00,
        "value2": null,
        "time2": null
    },
    {
        "stationId": 14,
        "dateTime1": "1999-12-11T08:30:00",
        "value1": 0.00,
        "value2": null,
        "time2": null
    },
    {
        "stationId": 14,
        "dateTime1": "1999-12-10T08:30:00",
        "value1": 0.00,
        "value2": null,
        "time2": null
    },
    {
        "stationId": 14,
        "dateTime1": "1999-12-09T08:30:00",
        "value1": 0.00,
        "value2": null,
        "time2": null
    },
    {
        "stationId": 14,
        "dateTime1": "1999-12-08T08:30:00",
        "value1": 0.00,
        "value2": null,
        "time2": null
    },
    {
        "stationId": 14,
        "dateTime1": "1999-12-07T08:30:00",
        "value1": 0.00,
        "value2": null,
        "time2": null
    },
    {
        "stationId": 14,
        "dateTime1": "1999-12-06T08:30:00",
        "value1": 0.00,
        "value2": null,
        "time2": null
    },
    {
        "stationId": 14,
        "dateTime1": "1999-12-05T08:30:00",
        "value1": 0.00,
        "value2": null,
        "time2": null
    },
    {
        "stationId": 14,
        "dateTime1": "1999-12-04T08:30:00",
        "value1": 0.00,
        "value2": null,
        "time2": null
    },
    {
        "stationId": 14,
        "dateTime1": "1999-12-03T08:30:00",
        "value1": 0.00,
        "value2": null,
        "time2": null
    },
    {
        "stationId": 14,
        "dateTime1": "1999-12-02T08:30:00",
        "value1": 0.00,
        "value2": null,
        "time2": null
    },
    {
        "stationId": 14,
        "dateTime1": "1999-12-01T08:30:00",
        "value1": 0.00,
        "value2": null,
        "time2": null
    },
    {
        "stationId": 14,
        "dateTime1": "1999-11-30T08:30:00",
        "value1": 0.00,
        "value2": null,
        "time2": null
    },
    {
        "stationId": 14,
        "dateTime1": "1999-11-29T08:30:00",
        "value1": 0.00,
        "value2": null,
        "time2": null
    },
    {
        "stationId": 14,
        "dateTime1": "1999-11-28T08:30:00",
        "value1": 0.00,
        "value2": null,
        "time2": null
    },
    {
        "stationId": 14,
        "dateTime1": "1999-11-27T08:30:00",
        "value1": 0.00,
        "value2": null,
        "time2": null
    },
    {
        "stationId": 14,
        "dateTime1": "1999-11-26T08:30:00",
        "value1": 0.00,
        "value2": null,
        "time2": null
    },
    {
        "stationId": 14,
        "dateTime1": "1999-11-25T08:30:00",
        "value1": 0.00,
        "value2": null,
        "time2": null
    },
    {
        "stationId": 14,
        "dateTime1": "1999-11-24T08:30:00",
        "value1": 0.00,
        "value2": null,
        "time2": null
    },
    {
        "stationId": 14,
        "dateTime1": "1999-11-23T08:30:00",
        "value1": 0.00,
        "value2": null,
        "time2": null
    },
    {
        "stationId": 14,
        "dateTime1": "1999-11-22T08:30:00",
        "value1": 0.00,
        "value2": null,
        "time2": null
    },
    {
        "stationId": 14,
        "dateTime1": "1999-11-21T08:30:00",
        "value1": 0.00,
        "value2": null,
        "time2": null
    },
    {
        "stationId": 14,
        "dateTime1": "1999-11-20T08:30:00",
        "value1": 0.00,
        "value2": null,
        "time2": null
    },
    {
        "stationId": 14,
        "dateTime1": "1999-11-19T08:30:00",
        "value1": 0.00,
        "value2": null,
        "time2": null
    },
    {
        "stationId": 14,
        "dateTime1": "1999-11-18T08:30:00",
        "value1": 0.00,
        "value2": null,
        "time2": null
    },
    {
        "stationId": 14,
        "dateTime1": "1999-11-17T08:30:00",
        "value1": 0.00,
        "value2": null,
        "time2": null
    },
    {
        "stationId": 14,
        "dateTime1": "1999-11-16T08:30:00",
        "value1": 0.00,
        "value2": null,
        "time2": null
    },
    {
        "stationId": 14,
        "dateTime1": "1999-11-15T08:30:00",
        "value1": 0.00,
        "value2": null,
        "time2": null
    },
    {
        "stationId": 14,
        "dateTime1": "1999-11-14T08:30:00",
        "value1": 0.00,
        "value2": null,
        "time2": null
    },
    {
        "stationId": 14,
        "dateTime1": "1999-11-13T08:30:00",
        "value1": 0.00,
        "value2": null,
        "time2": null
    },
    {
        "stationId": 14,
        "dateTime1": "1999-11-12T08:30:00",
        "value1": 0.00,
        "value2": null,
        "time2": null
    },
    {
        "stationId": 14,
        "dateTime1": "1999-11-11T08:30:00",
        "value1": 0.00,
        "value2": null,
        "time2": null
    },
    {
        "stationId": 14,
        "dateTime1": "1999-11-10T08:30:00",
        "value1": 0.00,
        "value2": null,
        "time2": null
    },
    {
        "stationId": 14,
        "dateTime1": "1999-11-09T08:30:00",
        "value1": 0.00,
        "value2": null,
        "time2": null
    },
    {
        "stationId": 14,
        "dateTime1": "1999-11-08T08:30:00",
        "value1": 0.00,
        "value2": null,
        "time2": null
    },
    {
        "stationId": 14,
        "dateTime1": "1999-11-07T08:30:00",
        "value1": 0.00,
        "value2": null,
        "time2": null
    },
    {
        "stationId": 14,
        "dateTime1": "1999-11-06T08:30:00",
        "value1": 0.00,
        "value2": null,
        "time2": null
    },
    {
        "stationId": 14,
        "dateTime1": "1999-11-05T08:30:00",
        "value1": 0.00,
        "value2": null,
        "time2": null
    },
    {
        "stationId": 14,
        "dateTime1": "1999-11-04T08:30:00",
        "value1": 0.00,
        "value2": null,
        "time2": null
    },
    {
        "stationId": 14,
        "dateTime1": "1999-11-03T08:30:00",
        "value1": 0.00,
        "value2": null,
        "time2": null
    },
    {
        "stationId": 14,
        "dateTime1": "1999-11-02T08:30:00",
        "value1": 0.00,
        "value2": null,
        "time2": null
    },
    {
        "stationId": 14,
        "dateTime1": "1999-11-01T08:30:00",
        "value1": 0.00,
        "value2": null,
        "time2": null
    },
    {
        "stationId": 14,
        "dateTime1": "1999-10-31T08:30:00",
        "value1": 0.00,
        "value2": null,
        "time2": null
    },
    {
        "stationId": 14,
        "dateTime1": "1999-10-30T08:30:00",
        "value1": 0.00,
        "value2": null,
        "time2": null
    },
    {
        "stationId": 14,
        "dateTime1": "1999-10-29T08:30:00",
        "value1": 0.00,
        "value2": null,
        "time2": null
    },
    {
        "stationId": 14,
        "dateTime1": "1999-10-28T08:30:00",
        "value1": 3.00,
        "value2": null,
        "time2": null
    },
    {
        "stationId": 14,
        "dateTime1": "1999-10-27T08:30:00",
        "value1": 8.80,
        "value2": null,
        "time2": null
    },
    {
        "stationId": 14,
        "dateTime1": "1999-10-26T08:30:00",
        "value1": 1.80,
        "value2": null,
        "time2": null
    },
    {
        "stationId": 14,
        "dateTime1": "1999-10-25T08:30:00",
        "value1": 0.00,
        "value2": null,
        "time2": null
    },
    {
        "stationId": 14,
        "dateTime1": "1999-10-24T08:30:00",
        "value1": 0.00,
        "value2": null,
        "time2": null
    },
    {
        "stationId": 14,
        "dateTime1": "1999-10-23T08:30:00",
        "value1": 0.00,
        "value2": null,
        "time2": null
    },
    {
        "stationId": 14,
        "dateTime1": "1999-10-22T08:30:00",
        "value1": 0.00,
        "value2": null,
        "time2": null
    },
    {
        "stationId": 14,
        "dateTime1": "1999-10-21T08:30:00",
        "value1": 0.00,
        "value2": null,
        "time2": null
    },
    {
        "stationId": 14,
        "dateTime1": "1999-10-20T08:30:00",
        "value1": 0.00,
        "value2": null,
        "time2": null
    },
    {
        "stationId": 14,
        "dateTime1": "1999-10-19T08:30:00",
        "value1": 0.00,
        "value2": null,
        "time2": null
    },
    {
        "stationId": 14,
        "dateTime1": "1999-10-18T08:30:00",
        "value1": 0.00,
        "value2": null,
        "time2": null
    },
    {
        "stationId": 14,
        "dateTime1": "1999-10-17T08:30:00",
        "value1": 0.00,
        "value2": null,
        "time2": null
    },
    {
        "stationId": 14,
        "dateTime1": "1999-10-16T08:30:00",
        "value1": 15.40,
        "value2": null,
        "time2": null
    },
    {
        "stationId": 14,
        "dateTime1": "1999-10-15T08:30:00",
        "value1": 6.60,
        "value2": null,
        "time2": null
    },
    {
        "stationId": 14,
        "dateTime1": "1999-10-14T08:30:00",
        "value1": 0.00,
        "value2": null,
        "time2": null
    },
    {
        "stationId": 14,
        "dateTime1": "1999-10-13T08:30:00",
        "value1": 26.20,
        "value2": null,
        "time2": null
    },
    {
        "stationId": 14,
        "dateTime1": "1999-10-12T08:30:00",
        "value1": 3.60,
        "value2": null,
        "time2": null
    },
    {
        "stationId": 14,
        "dateTime1": "1999-10-11T08:30:00",
        "value1": 0.00,
        "value2": null,
        "time2": null
    },
    {
        "stationId": 14,
        "dateTime1": "1999-10-10T08:30:00",
        "value1": 44.60,
        "value2": null,
        "time2": null
    },
    {
        "stationId": 14,
        "dateTime1": "1999-10-09T08:30:00",
        "value1": 0.00,
        "value2": null,
        "time2": null
    },
    {
        "stationId": 14,
        "dateTime1": "1999-10-08T08:30:00",
        "value1": 0.00,
        "value2": null,
        "time2": null
    },
    {
        "stationId": 14,
        "dateTime1": "1999-10-07T08:30:00",
        "value1": 0.00,
        "value2": null,
        "time2": null
    },
    {
        "stationId": 14,
        "dateTime1": "1999-10-06T08:30:00",
        "value1": 2.80,
        "value2": null,
        "time2": null
    },
    {
        "stationId": 14,
        "dateTime1": "1999-10-05T08:30:00",
        "value1": 12.00,
        "value2": null,
        "time2": null
    },
    {
        "stationId": 14,
        "dateTime1": "1999-10-04T08:30:00",
        "value1": 2.40,
        "value2": null,
        "time2": null
    },
    {
        "stationId": 14,
        "dateTime1": "1999-10-03T08:30:00",
        "value1": 3.20,
        "value2": null,
        "time2": null
    },
    {
        "stationId": 14,
        "dateTime1": "1999-10-02T08:30:00",
        "value1": 12.40,
        "value2": null,
        "time2": null
    },
    {
        "stationId": 14,
        "dateTime1": "1999-10-01T08:30:00",
        "value1": 0.00,
        "value2": null,
        "time2": null
    },
    {
        "stationId": 14,
        "dateTime1": "1999-09-30T08:30:00",
        "value1": 43.20,
        "value2": null,
        "time2": null
    },
    {
        "stationId": 14,
        "dateTime1": "1999-09-29T08:30:00",
        "value1": 22.00,
        "value2": null,
        "time2": null
    },
    {
        "stationId": 14,
        "dateTime1": "1999-09-28T08:30:00",
        "value1": 0.00,
        "value2": null,
        "time2": null
    },
    {
        "stationId": 14,
        "dateTime1": "1999-09-27T08:30:00",
        "value1": 3.40,
        "value2": null,
        "time2": null
    },
    {
        "stationId": 14,
        "dateTime1": "1999-09-26T08:30:00",
        "value1": 9.80,
        "value2": null,
        "time2": null
    },
    {
        "stationId": 14,
        "dateTime1": "1999-09-25T08:30:00",
        "value1": 0.00,
        "value2": null,
        "time2": null
    },
    {
        "stationId": 14,
        "dateTime1": "1999-09-24T08:30:00",
        "value1": 0.00,
        "value2": null,
        "time2": null
    },
    {
        "stationId": 14,
        "dateTime1": "1999-09-23T08:30:00",
        "value1": 0.00,
        "value2": null,
        "time2": null
    },
    {
        "stationId": 14,
        "dateTime1": "1999-09-22T08:30:00",
        "value1": 0.00,
        "value2": null,
        "time2": null
    },
    {
        "stationId": 14,
        "dateTime1": "1999-09-21T08:30:00",
        "value1": 0.00,
        "value2": null,
        "time2": null
    },
    {
        "stationId": 14,
        "dateTime1": "1999-09-20T08:30:00",
        "value1": 0.00,
        "value2": null,
        "time2": null
    },
    {
        "stationId": 14,
        "dateTime1": "1999-09-19T08:30:00",
        "value1": 0.00,
        "value2": null,
        "time2": null
    },
    {
        "stationId": 14,
        "dateTime1": "1999-09-18T08:30:00",
        "value1": 0.00,
        "value2": null,
        "time2": null
    },
    {
        "stationId": 14,
        "dateTime1": "1999-09-17T08:30:00",
        "value1": 0.00,
        "value2": null,
        "time2": null
    },
    {
        "stationId": 14,
        "dateTime1": "1999-09-16T08:30:00",
        "value1": 0.00,
        "value2": null,
        "time2": null
    },
    {
        "stationId": 14,
        "dateTime1": "1999-09-15T08:30:00",
        "value1": 0.00,
        "value2": null,
        "time2": null
    },
    {
        "stationId": 14,
        "dateTime1": "1999-09-14T08:30:00",
        "value1": 0.00,
        "value2": null,
        "time2": null
    },
    {
        "stationId": 14,
        "dateTime1": "1999-09-13T08:30:00",
        "value1": 0.00,
        "value2": null,
        "time2": null
    },
    {
        "stationId": 14,
        "dateTime1": "1999-09-12T08:30:00",
        "value1": 0.00,
        "value2": null,
        "time2": null
    },
    {
        "stationId": 14,
        "dateTime1": "1999-09-11T08:30:00",
        "value1": 0.00,
        "value2": null,
        "time2": null
    },
    {
        "stationId": 14,
        "dateTime1": "1999-09-10T08:30:00",
        "value1": 23.20,
        "value2": null,
        "time2": null
    },
    {
        "stationId": 14,
        "dateTime1": "1999-09-09T08:30:00",
        "value1": 1.60,
        "value2": null,
        "time2": null
    },
    {
        "stationId": 14,
        "dateTime1": "1999-09-08T08:30:00",
        "value1": 0.00,
        "value2": null,
        "time2": null
    },
    {
        "stationId": 14,
        "dateTime1": "1999-09-07T08:30:00",
        "value1": 12.80,
        "value2": null,
        "time2": null
    },
    {
        "stationId": 14,
        "dateTime1": "1999-09-06T08:30:00",
        "value1": 0.00,
        "value2": null,
        "time2": null
    },
    {
        "stationId": 14,
        "dateTime1": "1999-09-05T08:30:00",
        "value1": 0.00,
        "value2": null,
        "time2": null
    },
    {
        "stationId": 14,
        "dateTime1": "1999-09-04T08:30:00",
        "value1": 0.00,
        "value2": null,
        "time2": null
    },
    {
        "stationId": 14,
        "dateTime1": "1999-09-03T08:30:00",
        "value1": 0.00,
        "value2": null,
        "time2": null
    },
    {
        "stationId": 14,
        "dateTime1": "1999-09-02T08:30:00",
        "value1": 0.00,
        "value2": null,
        "time2": null
    },
    {
        "stationId": 14,
        "dateTime1": "1999-09-01T08:30:00",
        "value1": 20.40,
        "value2": null,
        "time2": null
    },
    {
        "stationId": 14,
        "dateTime1": "1999-08-31T08:30:00",
        "value1": 0.00,
        "value2": null,
        "time2": null
    },
    {
        "stationId": 14,
        "dateTime1": "1999-08-30T08:30:00",
        "value1": 0.00,
        "value2": null,
        "time2": null
    },
    {
        "stationId": 14,
        "dateTime1": "1999-08-29T08:30:00",
        "value1": 0.00,
        "value2": null,
        "time2": null
    },
    {
        "stationId": 14,
        "dateTime1": "1999-08-28T08:30:00",
        "value1": 0.00,
        "value2": null,
        "time2": null
    },
    {
        "stationId": 14,
        "dateTime1": "1999-08-27T08:30:00",
        "value1": 0.00,
        "value2": null,
        "time2": null
    },
    {
        "stationId": 14,
        "dateTime1": "1999-08-26T08:30:00",
        "value1": 0.00,
        "value2": null,
        "time2": null
    },
    {
        "stationId": 14,
        "dateTime1": "1999-08-25T08:30:00",
        "value1": 0.00,
        "value2": null,
        "time2": null
    },
    {
        "stationId": 14,
        "dateTime1": "1999-08-24T08:30:00",
        "value1": 0.00,
        "value2": null,
        "time2": null
    },
    {
        "stationId": 14,
        "dateTime1": "1999-08-23T08:30:00",
        "value1": 0.00,
        "value2": null,
        "time2": null
    },
    {
        "stationId": 14,
        "dateTime1": "1999-08-22T08:30:00",
        "value1": 0.00,
        "value2": null,
        "time2": null
    },
    {
        "stationId": 14,
        "dateTime1": "1999-08-21T08:30:00",
        "value1": 0.00,
        "value2": null,
        "time2": null
    },
    {
        "stationId": 14,
        "dateTime1": "1999-08-20T08:30:00",
        "value1": 0.00,
        "value2": null,
        "time2": null
    },
    {
        "stationId": 14,
        "dateTime1": "1999-08-19T08:30:00",
        "value1": 0.00,
        "value2": null,
        "time2": null
    },
    {
        "stationId": 14,
        "dateTime1": "1999-08-18T08:30:00",
        "value1": 2.50,
        "value2": null,
        "time2": null
    },
    {
        "stationId": 14,
        "dateTime1": "1999-08-17T08:30:00",
        "value1": 0.00,
        "value2": null,
        "time2": null
    },
    {
        "stationId": 14,
        "dateTime1": "1999-08-16T08:30:00",
        "value1": 0.00,
        "value2": null,
        "time2": null
    },
    {
        "stationId": 14,
        "dateTime1": "1999-08-15T08:30:00",
        "value1": 13.00,
        "value2": null,
        "time2": null
    },
    {
        "stationId": 14,
        "dateTime1": "1999-08-14T08:30:00",
        "value1": 0.00,
        "value2": null,
        "time2": null
    },
    {
        "stationId": 14,
        "dateTime1": "1999-08-13T08:30:00",
        "value1": 0.00,
        "value2": null,
        "time2": null
    },
    {
        "stationId": 14,
        "dateTime1": "1999-08-12T08:30:00",
        "value1": 0.00,
        "value2": null,
        "time2": null
    },
    {
        "stationId": 14,
        "dateTime1": "1999-08-11T08:30:00",
        "value1": 0.00,
        "value2": null,
        "time2": null
    },
    {
        "stationId": 14,
        "dateTime1": "1999-08-10T08:30:00",
        "value1": 0.00,
        "value2": null,
        "time2": null
    },
    {
        "stationId": 14,
        "dateTime1": "1999-08-09T08:30:00",
        "value1": 0.00,
        "value2": null,
        "time2": null
    },
    {
        "stationId": 14,
        "dateTime1": "1999-08-08T08:30:00",
        "value1": 0.00,
        "value2": null,
        "time2": null
    },
    {
        "stationId": 14,
        "dateTime1": "1999-08-07T08:30:00",
        "value1": 0.00,
        "value2": null,
        "time2": null
    },
    {
        "stationId": 14,
        "dateTime1": "1999-08-06T08:30:00",
        "value1": 0.00,
        "value2": null,
        "time2": null
    },
    {
        "stationId": 14,
        "dateTime1": "1999-08-05T08:30:00",
        "value1": 0.00,
        "value2": null,
        "time2": null
    },
    {
        "stationId": 14,
        "dateTime1": "1999-08-04T08:30:00",
        "value1": 0.00,
        "value2": null,
        "time2": null
    },
    {
        "stationId": 14,
        "dateTime1": "1999-08-03T08:30:00",
        "value1": 0.00,
        "value2": null,
        "time2": null
    },
    {
        "stationId": 14,
        "dateTime1": "1999-08-02T08:30:00",
        "value1": 7.60,
        "value2": null,
        "time2": null
    },
    {
        "stationId": 14,
        "dateTime1": "1999-08-01T08:30:00",
        "value1": 0.00,
        "value2": null,
        "time2": null
    },
    {
        "stationId": 14,
        "dateTime1": "1999-07-31T08:30:00",
        "value1": 0.00,
        "value2": null,
        "time2": null
    },
    {
        "stationId": 14,
        "dateTime1": "1999-07-30T08:30:00",
        "value1": 1.60,
        "value2": null,
        "time2": null
    },
    {
        "stationId": 14,
        "dateTime1": "1999-07-29T08:30:00",
        "value1": 0.00,
        "value2": null,
        "time2": null
    },
    {
        "stationId": 14,
        "dateTime1": "1999-07-28T08:30:00",
        "value1": 2.20,
        "value2": null,
        "time2": null
    },
    {
        "stationId": 14,
        "dateTime1": "1999-07-27T08:30:00",
        "value1": 0.00,
        "value2": null,
        "time2": null
    },
    {
        "stationId": 14,
        "dateTime1": "1999-07-26T08:30:00",
        "value1": 6.00,
        "value2": null,
        "time2": null
    },
    {
        "stationId": 14,
        "dateTime1": "1999-07-25T08:30:00",
        "value1": 0.00,
        "value2": null,
        "time2": null
    },
    {
        "stationId": 14,
        "dateTime1": "1999-07-24T08:30:00",
        "value1": 0.00,
        "value2": null,
        "time2": null
    },
    {
        "stationId": 14,
        "dateTime1": "1999-07-23T08:30:00",
        "value1": 0.00,
        "value2": null,
        "time2": null
    },
    {
        "stationId": 14,
        "dateTime1": "1999-07-22T08:30:00",
        "value1": 1.20,
        "value2": null,
        "time2": null
    },
    {
        "stationId": 14,
        "dateTime1": "1999-07-21T08:30:00",
        "value1": 5.40,
        "value2": null,
        "time2": null
    },
    {
        "stationId": 14,
        "dateTime1": "1999-07-20T08:30:00",
        "value1": 1.80,
        "value2": null,
        "time2": null
    },
    {
        "stationId": 14,
        "dateTime1": "1999-07-19T08:30:00",
        "value1": 0.00,
        "value2": null,
        "time2": null
    },
    {
        "stationId": 14,
        "dateTime1": "1999-07-18T08:30:00",
        "value1": 0.00,
        "value2": null,
        "time2": null
    },
    {
        "stationId": 14,
        "dateTime1": "1999-07-17T08:30:00",
        "value1": 0.00,
        "value2": null,
        "time2": null
    },
    {
        "stationId": 14,
        "dateTime1": "1999-07-16T08:30:00",
        "value1": 4.00,
        "value2": null,
        "time2": null
    },
    {
        "stationId": 14,
        "dateTime1": "1999-07-15T08:30:00",
        "value1": 0.00,
        "value2": null,
        "time2": null
    },
    {
        "stationId": 14,
        "dateTime1": "1999-07-14T08:30:00",
        "value1": 1.40,
        "value2": null,
        "time2": null
    },
    {
        "stationId": 14,
        "dateTime1": "1999-07-13T08:30:00",
        "value1": 0.00,
        "value2": null,
        "time2": null
    },
    {
        "stationId": 14,
        "dateTime1": "1999-07-12T08:30:00",
        "value1": 0.00,
        "value2": null,
        "time2": null
    },
    {
        "stationId": 14,
        "dateTime1": "1999-07-11T08:30:00",
        "value1": 0.00,
        "value2": null,
        "time2": null
    },
    {
        "stationId": 14,
        "dateTime1": "1999-07-10T08:30:00",
        "value1": 3.40,
        "value2": null,
        "time2": null
    },
    {
        "stationId": 14,
        "dateTime1": "1999-07-09T08:30:00",
        "value1": 0.00,
        "value2": null,
        "time2": null
    },
    {
        "stationId": 14,
        "dateTime1": "1999-07-08T08:30:00",
        "value1": 14.00,
        "value2": null,
        "time2": null
    },
    {
        "stationId": 14,
        "dateTime1": "1999-07-07T08:30:00",
        "value1": 23.00,
        "value2": null,
        "time2": null
    },
    {
        "stationId": 14,
        "dateTime1": "1999-07-06T08:30:00",
        "value1": 0.00,
        "value2": null,
        "time2": null
    },
    {
        "stationId": 14,
        "dateTime1": "1999-07-05T08:30:00",
        "value1": 0.00,
        "value2": null,
        "time2": null
    },
    {
        "stationId": 14,
        "dateTime1": "1999-07-04T08:30:00",
        "value1": 0.00,
        "value2": null,
        "time2": null
    },
    {
        "stationId": 14,
        "dateTime1": "1999-07-03T08:30:00",
        "value1": 0.00,
        "value2": null,
        "time2": null
    },
    {
        "stationId": 14,
        "dateTime1": "1999-07-02T08:30:00",
        "value1": 0.00,
        "value2": null,
        "time2": null
    },
    {
        "stationId": 14,
        "dateTime1": "1999-07-01T08:30:00",
        "value1": 0.00,
        "value2": null,
        "time2": null
    },
    {
        "stationId": 14,
        "dateTime1": "1999-06-30T08:30:00",
        "value1": 0.00,
        "value2": null,
        "time2": null
    },
    {
        "stationId": 14,
        "dateTime1": "1999-06-29T08:30:00",
        "value1": 0.00,
        "value2": null,
        "time2": null
    },
    {
        "stationId": 14,
        "dateTime1": "1999-06-28T08:30:00",
        "value1": 0.00,
        "value2": null,
        "time2": null
    },
    {
        "stationId": 14,
        "dateTime1": "1999-06-27T08:30:00",
        "value1": 0.00,
        "value2": null,
        "time2": null
    },
    {
        "stationId": 14,
        "dateTime1": "1999-06-26T08:30:00",
        "value1": 13.80,
        "value2": null,
        "time2": null
    },
    {
        "stationId": 14,
        "dateTime1": "1999-06-25T08:30:00",
        "value1": 1.00,
        "value2": null,
        "time2": null
    },
    {
        "stationId": 14,
        "dateTime1": "1999-06-24T08:30:00",
        "value1": 4.40,
        "value2": null,
        "time2": null
    },
    {
        "stationId": 14,
        "dateTime1": "1999-06-23T08:30:00",
        "value1": 0.00,
        "value2": null,
        "time2": null
    },
    {
        "stationId": 14,
        "dateTime1": "1999-06-22T08:30:00",
        "value1": 0.00,
        "value2": null,
        "time2": null
    },
    {
        "stationId": 14,
        "dateTime1": "1999-06-21T08:30:00",
        "value1": 0.00,
        "value2": null,
        "time2": null
    },
    {
        "stationId": 14,
        "dateTime1": "1999-06-20T08:30:00",
        "value1": 0.00,
        "value2": null,
        "time2": null
    },
    {
        "stationId": 14,
        "dateTime1": "1999-06-19T08:30:00",
        "value1": 0.00,
        "value2": null,
        "time2": null
    },
    {
        "stationId": 14,
        "dateTime1": "1999-06-18T08:30:00",
        "value1": 0.00,
        "value2": null,
        "time2": null
    },
    {
        "stationId": 14,
        "dateTime1": "1999-06-17T08:30:00",
        "value1": 0.00,
        "value2": null,
        "time2": null
    },
    {
        "stationId": 14,
        "dateTime1": "1999-06-16T08:30:00",
        "value1": 7.80,
        "value2": null,
        "time2": null
    },
    {
        "stationId": 14,
        "dateTime1": "1999-06-15T08:30:00",
        "value1": 0.00,
        "value2": null,
        "time2": null
    },
    {
        "stationId": 14,
        "dateTime1": "1999-06-14T08:30:00",
        "value1": 0.00,
        "value2": null,
        "time2": null
    },
    {
        "stationId": 14,
        "dateTime1": "1999-06-13T08:30:00",
        "value1": 13.40,
        "value2": null,
        "time2": null
    },
    {
        "stationId": 14,
        "dateTime1": "1999-06-12T08:30:00",
        "value1": 2.10,
        "value2": null,
        "time2": null
    },
    {
        "stationId": 14,
        "dateTime1": "1999-06-11T08:30:00",
        "value1": 1.00,
        "value2": null,
        "time2": null
    },
    {
        "stationId": 14,
        "dateTime1": "1999-06-10T08:30:00",
        "value1": 2.30,
        "value2": null,
        "time2": null
    },
    {
        "stationId": 14,
        "dateTime1": "1999-06-09T08:30:00",
        "value1": 1.80,
        "value2": null,
        "time2": null
    },
    {
        "stationId": 14,
        "dateTime1": "1999-06-08T08:30:00",
        "value1": 0.00,
        "value2": null,
        "time2": null
    },
    {
        "stationId": 14,
        "dateTime1": "1999-06-07T08:30:00",
        "value1": 0.00,
        "value2": null,
        "time2": null
    },
    {
        "stationId": 14,
        "dateTime1": "1999-06-06T08:30:00",
        "value1": 0.00,
        "value2": null,
        "time2": null
    },
    {
        "stationId": 14,
        "dateTime1": "1999-06-05T08:30:00",
        "value1": 18.20,
        "value2": null,
        "time2": null
    },
    {
        "stationId": 14,
        "dateTime1": "1999-06-04T08:30:00",
        "value1": 0.00,
        "value2": null,
        "time2": null
    },
    {
        "stationId": 14,
        "dateTime1": "1999-06-03T08:30:00",
        "value1": 0.00,
        "value2": null,
        "time2": null
    },
    {
        "stationId": 14,
        "dateTime1": "1999-06-02T08:30:00",
        "value1": 0.00,
        "value2": null,
        "time2": null
    },
    {
        "stationId": 14,
        "dateTime1": "1999-06-01T08:30:00",
        "value1": 0.00,
        "value2": null,
        "time2": null
    },
    {
        "stationId": 14,
        "dateTime1": "1999-05-31T08:30:00",
        "value1": 0.00,
        "value2": null,
        "time2": null
    },
    {
        "stationId": 14,
        "dateTime1": "1999-05-30T08:30:00",
        "value1": 0.00,
        "value2": null,
        "time2": null
    },
    {
        "stationId": 14,
        "dateTime1": "1999-05-29T08:30:00",
        "value1": 0.00,
        "value2": null,
        "time2": null
    },
    {
        "stationId": 14,
        "dateTime1": "1999-05-28T08:30:00",
        "value1": 34.00,
        "value2": null,
        "time2": null
    },
    {
        "stationId": 14,
        "dateTime1": "1999-05-27T08:30:00",
        "value1": 6.10,
        "value2": null,
        "time2": null
    },
    {
        "stationId": 14,
        "dateTime1": "1999-05-26T08:30:00",
        "value1": 0.00,
        "value2": null,
        "time2": null
    },
    {
        "stationId": 14,
        "dateTime1": "1999-05-25T08:30:00",
        "value1": 22.40,
        "value2": null,
        "time2": null
    },
    {
        "stationId": 14,
        "dateTime1": "1999-05-24T08:30:00",
        "value1": 0.00,
        "value2": null,
        "time2": null
    },
    {
        "stationId": 14,
        "dateTime1": "1999-05-23T08:30:00",
        "value1": 0.00,
        "value2": null,
        "time2": null
    },
    {
        "stationId": 14,
        "dateTime1": "1999-05-22T08:30:00",
        "value1": 0.00,
        "value2": null,
        "time2": null
    },
    {
        "stationId": 14,
        "dateTime1": "1999-05-21T08:30:00",
        "value1": 14.60,
        "value2": null,
        "time2": null
    },
    {
        "stationId": 14,
        "dateTime1": "1999-05-20T08:30:00",
        "value1": 0.00,
        "value2": null,
        "time2": null
    },
    {
        "stationId": 14,
        "dateTime1": "1999-05-19T08:30:00",
        "value1": 0.00,
        "value2": null,
        "time2": null
    },
    {
        "stationId": 14,
        "dateTime1": "1999-05-18T08:30:00",
        "value1": 0.00,
        "value2": null,
        "time2": null
    },
    {
        "stationId": 14,
        "dateTime1": "1999-05-17T08:30:00",
        "value1": 0.00,
        "value2": null,
        "time2": null
    },
    {
        "stationId": 14,
        "dateTime1": "1999-05-16T08:30:00",
        "value1": 0.00,
        "value2": null,
        "time2": null
    },
    {
        "stationId": 14,
        "dateTime1": "1999-05-15T08:30:00",
        "value1": 15.20,
        "value2": null,
        "time2": null
    },
    {
        "stationId": 14,
        "dateTime1": "1999-05-14T08:30:00",
        "value1": 5.60,
        "value2": null,
        "time2": null
    },
    {
        "stationId": 14,
        "dateTime1": "1999-05-13T08:30:00",
        "value1": 0.00,
        "value2": null,
        "time2": null
    },
    {
        "stationId": 14,
        "dateTime1": "1999-05-12T08:30:00",
        "value1": 6.60,
        "value2": null,
        "time2": null
    },
    {
        "stationId": 14,
        "dateTime1": "1999-05-11T08:30:00",
        "value1": 0.00,
        "value2": null,
        "time2": null
    },
    {
        "stationId": 14,
        "dateTime1": "1999-05-10T08:30:00",
        "value1": 3.80,
        "value2": null,
        "time2": null
    },
    {
        "stationId": 14,
        "dateTime1": "1999-05-09T08:30:00",
        "value1": 0.00,
        "value2": null,
        "time2": null
    },
    {
        "stationId": 14,
        "dateTime1": "1999-05-08T08:30:00",
        "value1": 4.60,
        "value2": null,
        "time2": null
    },
    {
        "stationId": 14,
        "dateTime1": "1999-05-07T08:30:00",
        "value1": 0.00,
        "value2": null,
        "time2": null
    },
    {
        "stationId": 14,
        "dateTime1": "1999-05-06T08:30:00",
        "value1": 0.00,
        "value2": null,
        "time2": null
    },
    {
        "stationId": 14,
        "dateTime1": "1999-05-05T08:30:00",
        "value1": 0.00,
        "value2": null,
        "time2": null
    },
    {
        "stationId": 14,
        "dateTime1": "1999-05-04T08:30:00",
        "value1": 0.00,
        "value2": null,
        "time2": null
    },
    {
        "stationId": 14,
        "dateTime1": "1999-05-03T08:30:00",
        "value1": 0.00,
        "value2": null,
        "time2": null
    },
    {
        "stationId": 14,
        "dateTime1": "1999-05-02T08:30:00",
        "value1": 0.00,
        "value2": null,
        "time2": null
    },
    {
        "stationId": 14,
        "dateTime1": "1999-05-01T08:30:00",
        "value1": 0.00,
        "value2": null,
        "time2": null
    },
    {
        "stationId": 14,
        "dateTime1": "1999-04-30T08:30:00",
        "value1": 0.00,
        "value2": null,
        "time2": null
    },
    {
        "stationId": 14,
        "dateTime1": "1999-04-29T08:30:00",
        "value1": 0.00,
        "value2": null,
        "time2": null
    },
    {
        "stationId": 14,
        "dateTime1": "1999-04-28T08:30:00",
        "value1": 0.00,
        "value2": null,
        "time2": null
    },
    {
        "stationId": 14,
        "dateTime1": "1999-04-27T08:30:00",
        "value1": 0.00,
        "value2": null,
        "time2": null
    },
    {
        "stationId": 14,
        "dateTime1": "1999-04-26T08:30:00",
        "value1": 0.00,
        "value2": null,
        "time2": null
    },
    {
        "stationId": 14,
        "dateTime1": "1999-04-25T08:30:00",
        "value1": 0.00,
        "value2": null,
        "time2": null
    },
    {
        "stationId": 14,
        "dateTime1": "1999-04-24T08:30:00",
        "value1": 0.00,
        "value2": null,
        "time2": null
    },
    {
        "stationId": 14,
        "dateTime1": "1999-04-23T08:30:00",
        "value1": 0.00,
        "value2": null,
        "time2": null
    },
    {
        "stationId": 14,
        "dateTime1": "1999-04-22T08:30:00",
        "value1": 0.00,
        "value2": null,
        "time2": null
    },
    {
        "stationId": 14,
        "dateTime1": "1999-04-21T08:30:00",
        "value1": 0.00,
        "value2": null,
        "time2": null
    },
    {
        "stationId": 14,
        "dateTime1": "1999-04-20T08:30:00",
        "value1": 0.00,
        "value2": null,
        "time2": null
    },
    {
        "stationId": 14,
        "dateTime1": "1999-04-19T08:30:00",
        "value1": 0.00,
        "value2": null,
        "time2": null
    },
    {
        "stationId": 14,
        "dateTime1": "1999-04-18T08:30:00",
        "value1": 0.00,
        "value2": null,
        "time2": null
    },
    {
        "stationId": 14,
        "dateTime1": "1999-04-17T08:30:00",
        "value1": 0.00,
        "value2": null,
        "time2": null
    },
    {
        "stationId": 14,
        "dateTime1": "1999-04-16T08:30:00",
        "value1": 0.00,
        "value2": null,
        "time2": null
    },
    {
        "stationId": 14,
        "dateTime1": "1999-04-15T08:30:00",
        "value1": 0.00,
        "value2": null,
        "time2": null
    },
    {
        "stationId": 14,
        "dateTime1": "1999-04-14T08:30:00",
        "value1": 0.00,
        "value2": null,
        "time2": null
    },
    {
        "stationId": 14,
        "dateTime1": "1999-04-13T08:30:00",
        "value1": 0.00,
        "value2": null,
        "time2": null
    },
    {
        "stationId": 14,
        "dateTime1": "1999-04-12T08:30:00",
        "value1": 0.00,
        "value2": null,
        "time2": null
    },
    {
        "stationId": 14,
        "dateTime1": "1999-04-11T08:30:00",
        "value1": 0.00,
        "value2": null,
        "time2": null
    },
    {
        "stationId": 14,
        "dateTime1": "1999-04-10T08:30:00",
        "value1": 0.00,
        "value2": null,
        "time2": null
    },
    {
        "stationId": 14,
        "dateTime1": "1999-04-09T08:30:00",
        "value1": 0.00,
        "value2": null,
        "time2": null
    },
    {
        "stationId": 14,
        "dateTime1": "1999-04-08T08:30:00",
        "value1": 0.00,
        "value2": null,
        "time2": null
    },
    {
        "stationId": 14,
        "dateTime1": "1999-04-07T08:30:00",
        "value1": 0.00,
        "value2": null,
        "time2": null
    },
    {
        "stationId": 14,
        "dateTime1": "1999-04-06T08:30:00",
        "value1": 0.00,
        "value2": null,
        "time2": null
    },
    {
        "stationId": 14,
        "dateTime1": "1999-04-05T08:30:00",
        "value1": 0.00,
        "value2": null,
        "time2": null
    },
    {
        "stationId": 14,
        "dateTime1": "1999-04-04T08:30:00",
        "value1": 0.00,
        "value2": null,
        "time2": null
    },
    {
        "stationId": 14,
        "dateTime1": "1999-04-03T08:30:00",
        "value1": 0.00,
        "value2": null,
        "time2": null
    },
    {
        "stationId": 14,
        "dateTime1": "1999-04-02T08:30:00",
        "value1": 0.00,
        "value2": null,
        "time2": null
    },
    {
        "stationId": 14,
        "dateTime1": "1999-04-01T08:30:00",
        "value1": 0.00,
        "value2": null,
        "time2": null
    },
    {
        "stationId": 14,
        "dateTime1": "1999-03-31T08:30:00",
        "value1": 0.00,
        "value2": null,
        "time2": null
    },
    {
        "stationId": 14,
        "dateTime1": "1999-03-30T08:30:00",
        "value1": 0.00,
        "value2": null,
        "time2": null
    },
    {
        "stationId": 14,
        "dateTime1": "1999-03-29T08:30:00",
        "value1": 0.00,
        "value2": null,
        "time2": null
    },
    {
        "stationId": 14,
        "dateTime1": "1999-03-28T08:30:00",
        "value1": 0.00,
        "value2": null,
        "time2": null
    },
    {
        "stationId": 14,
        "dateTime1": "1999-03-27T08:30:00",
        "value1": 0.00,
        "value2": null,
        "time2": null
    },
    {
        "stationId": 14,
        "dateTime1": "1999-03-26T08:30:00",
        "value1": 0.00,
        "value2": null,
        "time2": null
    },
    {
        "stationId": 14,
        "dateTime1": "1999-03-25T08:30:00",
        "value1": 0.00,
        "value2": null,
        "time2": null
    },
    {
        "stationId": 14,
        "dateTime1": "1999-03-24T08:30:00",
        "value1": 0.00,
        "value2": null,
        "time2": null
    },
    {
        "stationId": 14,
        "dateTime1": "1999-03-23T08:30:00",
        "value1": 0.00,
        "value2": null,
        "time2": null
    },
    {
        "stationId": 14,
        "dateTime1": "1999-03-22T08:30:00",
        "value1": 0.00,
        "value2": null,
        "time2": null
    },
    {
        "stationId": 14,
        "dateTime1": "1999-03-21T08:30:00",
        "value1": 0.00,
        "value2": null,
        "time2": null
    },
    {
        "stationId": 14,
        "dateTime1": "1999-03-20T08:30:00",
        "value1": 0.00,
        "value2": null,
        "time2": null
    },
    {
        "stationId": 14,
        "dateTime1": "1999-03-19T08:30:00",
        "value1": 0.00,
        "value2": null,
        "time2": null
    },
    {
        "stationId": 14,
        "dateTime1": "1999-03-18T08:30:00",
        "value1": 0.00,
        "value2": null,
        "time2": null
    },
    {
        "stationId": 14,
        "dateTime1": "1999-03-17T08:30:00",
        "value1": 0.00,
        "value2": null,
        "time2": null
    },
    {
        "stationId": 14,
        "dateTime1": "1999-03-16T08:30:00",
        "value1": 0.00,
        "value2": null,
        "time2": null
    },
    {
        "stationId": 14,
        "dateTime1": "1999-03-15T08:30:00",
        "value1": 0.00,
        "value2": null,
        "time2": null
    },
    {
        "stationId": 14,
        "dateTime1": "1999-03-14T08:30:00",
        "value1": 0.00,
        "value2": null,
        "time2": null
    },
    {
        "stationId": 14,
        "dateTime1": "1999-03-13T08:30:00",
        "value1": 0.00,
        "value2": null,
        "time2": null
    },
    {
        "stationId": 14,
        "dateTime1": "1999-03-12T08:30:00",
        "value1": 0.00,
        "value2": null,
        "time2": null
    },
    {
        "stationId": 14,
        "dateTime1": "1999-03-11T08:30:00",
        "value1": 0.00,
        "value2": null,
        "time2": null
    },
    {
        "stationId": 14,
        "dateTime1": "1999-03-10T08:30:00",
        "value1": 0.00,
        "value2": null,
        "time2": null
    },
    {
        "stationId": 14,
        "dateTime1": "1999-03-09T08:30:00",
        "value1": 0.00,
        "value2": null,
        "time2": null
    },
    {
        "stationId": 14,
        "dateTime1": "1999-03-08T08:30:00",
        "value1": 0.00,
        "value2": null,
        "time2": null
    },
    {
        "stationId": 14,
        "dateTime1": "1999-03-07T08:30:00",
        "value1": 0.00,
        "value2": null,
        "time2": null
    },
    {
        "stationId": 14,
        "dateTime1": "1999-03-06T08:30:00",
        "value1": 0.00,
        "value2": null,
        "time2": null
    },
    {
        "stationId": 14,
        "dateTime1": "1999-03-05T08:30:00",
        "value1": 0.00,
        "value2": null,
        "time2": null
    },
    {
        "stationId": 14,
        "dateTime1": "1999-03-04T08:30:00",
        "value1": 0.00,
        "value2": null,
        "time2": null
    },
    {
        "stationId": 14,
        "dateTime1": "1999-03-03T08:30:00",
        "value1": 0.00,
        "value2": null,
        "time2": null
    },
    {
        "stationId": 14,
        "dateTime1": "1999-03-02T08:30:00",
        "value1": 0.00,
        "value2": null,
        "time2": null
    },
    {
        "stationId": 14,
        "dateTime1": "1999-03-01T08:30:00",
        "value1": 0.00,
        "value2": null,
        "time2": null
    },
    {
        "stationId": 14,
        "dateTime1": "1999-02-28T08:30:00",
        "value1": 0.00,
        "value2": null,
        "time2": null
    },
    {
        "stationId": 14,
        "dateTime1": "1999-02-27T08:30:00",
        "value1": 0.00,
        "value2": null,
        "time2": null
    },
    {
        "stationId": 14,
        "dateTime1": "1999-02-26T08:30:00",
        "value1": 0.00,
        "value2": null,
        "time2": null
    },
    {
        "stationId": 14,
        "dateTime1": "1999-02-25T08:30:00",
        "value1": 0.00,
        "value2": null,
        "time2": null
    },
    {
        "stationId": 14,
        "dateTime1": "1999-02-24T08:30:00",
        "value1": 0.00,
        "value2": null,
        "time2": null
    },
    {
        "stationId": 14,
        "dateTime1": "1999-02-23T08:30:00",
        "value1": 0.00,
        "value2": null,
        "time2": null
    },
    {
        "stationId": 14,
        "dateTime1": "1999-02-22T08:30:00",
        "value1": 0.00,
        "value2": null,
        "time2": null
    },
    {
        "stationId": 14,
        "dateTime1": "1999-02-21T08:30:00",
        "value1": 0.00,
        "value2": null,
        "time2": null
    },
    {
        "stationId": 14,
        "dateTime1": "1999-02-20T08:30:00",
        "value1": 0.00,
        "value2": null,
        "time2": null
    },
    {
        "stationId": 14,
        "dateTime1": "1999-02-19T08:30:00",
        "value1": 0.00,
        "value2": null,
        "time2": null
    },
    {
        "stationId": 14,
        "dateTime1": "1999-02-18T08:30:00",
        "value1": 0.00,
        "value2": null,
        "time2": null
    },
    {
        "stationId": 14,
        "dateTime1": "1999-02-17T08:30:00",
        "value1": 0.00,
        "value2": null,
        "time2": null
    },
    {
        "stationId": 14,
        "dateTime1": "1999-02-16T08:30:00",
        "value1": 0.00,
        "value2": null,
        "time2": null
    },
    {
        "stationId": 14,
        "dateTime1": "1999-02-15T08:30:00",
        "value1": 0.00,
        "value2": null,
        "time2": null
    },
    {
        "stationId": 14,
        "dateTime1": "1999-02-14T08:30:00",
        "value1": 0.00,
        "value2": null,
        "time2": null
    },
    {
        "stationId": 14,
        "dateTime1": "1999-02-13T08:30:00",
        "value1": 0.00,
        "value2": null,
        "time2": null
    },
    {
        "stationId": 14,
        "dateTime1": "1999-02-12T08:30:00",
        "value1": 0.00,
        "value2": null,
        "time2": null
    },
    {
        "stationId": 14,
        "dateTime1": "1999-02-11T08:30:00",
        "value1": 0.00,
        "value2": null,
        "time2": null
    },
    {
        "stationId": 14,
        "dateTime1": "1999-02-10T08:30:00",
        "value1": 0.00,
        "value2": null,
        "time2": null
    },
    {
        "stationId": 14,
        "dateTime1": "1999-02-09T08:30:00",
        "value1": 0.00,
        "value2": null,
        "time2": null
    },
    {
        "stationId": 14,
        "dateTime1": "1999-02-08T08:30:00",
        "value1": 0.00,
        "value2": null,
        "time2": null
    },
    {
        "stationId": 14,
        "dateTime1": "1999-02-07T08:30:00",
        "value1": 0.00,
        "value2": null,
        "time2": null
    },
    {
        "stationId": 14,
        "dateTime1": "1999-02-06T08:30:00",
        "value1": 0.00,
        "value2": null,
        "time2": null
    },
    {
        "stationId": 14,
        "dateTime1": "1999-02-05T08:30:00",
        "value1": 0.00,
        "value2": null,
        "time2": null
    },
    {
        "stationId": 14,
        "dateTime1": "1999-02-04T08:30:00",
        "value1": 0.00,
        "value2": null,
        "time2": null
    },
    {
        "stationId": 14,
        "dateTime1": "1999-02-03T08:30:00",
        "value1": 0.00,
        "value2": null,
        "time2": null
    },
    {
        "stationId": 14,
        "dateTime1": "1999-02-02T08:30:00",
        "value1": 0.00,
        "value2": null,
        "time2": null
    },
    {
        "stationId": 14,
        "dateTime1": "1999-02-01T08:30:00",
        "value1": 0.00,
        "value2": null,
        "time2": null
    },
    {
        "stationId": 14,
        "dateTime1": "1999-01-31T08:30:00",
        "value1": 0.00,
        "value2": null,
        "time2": null
    },
    {
        "stationId": 14,
        "dateTime1": "1999-01-30T08:30:00",
        "value1": 0.00,
        "value2": null,
        "time2": null
    },
    {
        "stationId": 14,
        "dateTime1": "1999-01-29T08:30:00",
        "value1": 0.00,
        "value2": null,
        "time2": null
    },
    {
        "stationId": 14,
        "dateTime1": "1999-01-28T08:30:00",
        "value1": 0.00,
        "value2": null,
        "time2": null
    },
    {
        "stationId": 14,
        "dateTime1": "1999-01-27T08:30:00",
        "value1": 0.00,
        "value2": null,
        "time2": null
    },
    {
        "stationId": 14,
        "dateTime1": "1999-01-26T08:30:00",
        "value1": 0.00,
        "value2": null,
        "time2": null
    },
    {
        "stationId": 14,
        "dateTime1": "1999-01-25T08:30:00",
        "value1": 0.00,
        "value2": null,
        "time2": null
    },
    {
        "stationId": 14,
        "dateTime1": "1999-01-24T08:30:00",
        "value1": 0.00,
        "value2": null,
        "time2": null
    },
    {
        "stationId": 14,
        "dateTime1": "1999-01-23T08:30:00",
        "value1": 0.00,
        "value2": null,
        "time2": null
    },
    {
        "stationId": 14,
        "dateTime1": "1999-01-22T08:30:00",
        "value1": 0.00,
        "value2": null,
        "time2": null
    },
    {
        "stationId": 14,
        "dateTime1": "1999-01-21T08:30:00",
        "value1": 0.00,
        "value2": null,
        "time2": null
    },
    {
        "stationId": 14,
        "dateTime1": "1999-01-20T08:30:00",
        "value1": 0.00,
        "value2": null,
        "time2": null
    },
    {
        "stationId": 14,
        "dateTime1": "1999-01-19T08:30:00",
        "value1": 0.00,
        "value2": null,
        "time2": null
    },
    {
        "stationId": 14,
        "dateTime1": "1999-01-18T08:30:00",
        "value1": 0.00,
        "value2": null,
        "time2": null
    },
    {
        "stationId": 14,
        "dateTime1": "1999-01-17T08:30:00",
        "value1": 0.00,
        "value2": null,
        "time2": null
    },
    {
        "stationId": 14,
        "dateTime1": "1999-01-16T08:30:00",
        "value1": 0.00,
        "value2": null,
        "time2": null
    },
    {
        "stationId": 14,
        "dateTime1": "1999-01-15T08:30:00",
        "value1": 0.00,
        "value2": null,
        "time2": null
    },
    {
        "stationId": 14,
        "dateTime1": "1999-01-14T08:30:00",
        "value1": 0.00,
        "value2": null,
        "time2": null
    },
    {
        "stationId": 14,
        "dateTime1": "1999-01-13T08:30:00",
        "value1": 0.00,
        "value2": null,
        "time2": null
    },
    {
        "stationId": 14,
        "dateTime1": "1999-01-12T08:30:00",
        "value1": 0.00,
        "value2": null,
        "time2": null
    },
    {
        "stationId": 14,
        "dateTime1": "1999-01-11T08:30:00",
        "value1": 0.00,
        "value2": null,
        "time2": null
    },
    {
        "stationId": 14,
        "dateTime1": "1999-01-10T08:30:00",
        "value1": 0.00,
        "value2": null,
        "time2": null
    },
    {
        "stationId": 14,
        "dateTime1": "1999-01-09T08:30:00",
        "value1": 0.00,
        "value2": null,
        "time2": null
    },
    {
        "stationId": 14,
        "dateTime1": "1999-01-08T08:30:00",
        "value1": 0.00,
        "value2": null,
        "time2": null
    },
    {
        "stationId": 14,
        "dateTime1": "1999-01-07T08:30:00",
        "value1": 0.00,
        "value2": null,
        "time2": null
    },
    {
        "stationId": 14,
        "dateTime1": "1999-01-06T08:30:00",
        "value1": 0.00,
        "value2": null,
        "time2": null
    },
    {
        "stationId": 14,
        "dateTime1": "1999-01-05T08:30:00",
        "value1": 0.00,
        "value2": null,
        "time2": null
    },
    {
        "stationId": 14,
        "dateTime1": "1999-01-04T08:30:00",
        "value1": 0.00,
        "value2": null,
        "time2": null
    },
    {
        "stationId": 14,
        "dateTime1": "1999-01-03T08:30:00",
        "value1": 0.00,
        "value2": null,
        "time2": null
    },
    {
        "stationId": 14,
        "dateTime1": "1999-01-02T08:30:00",
        "value1": 0.00,
        "value2": null,
        "time2": null
    },
    {
        "stationId": 14,
        "dateTime1": "1999-01-01T08:30:00",
        "value1": 0.00,
        "value2": null,
        "time2": null
    },
    {
        "stationId": 14,
        "dateTime1": "1998-12-31T08:30:00",
        "value1": 0.00,
        "value2": null,
        "time2": null
    },
    {
        "stationId": 14,
        "dateTime1": "1998-12-30T08:30:00",
        "value1": 0.00,
        "value2": null,
        "time2": null
    },
    {
        "stationId": 14,
        "dateTime1": "1998-12-29T08:30:00",
        "value1": 0.00,
        "value2": null,
        "time2": null
    },
    {
        "stationId": 14,
        "dateTime1": "1998-12-28T08:30:00",
        "value1": 0.00,
        "value2": null,
        "time2": null
    },
    {
        "stationId": 14,
        "dateTime1": "1998-12-27T08:30:00",
        "value1": 0.00,
        "value2": null,
        "time2": null
    },
    {
        "stationId": 14,
        "dateTime1": "1998-12-26T08:30:00",
        "value1": 0.00,
        "value2": null,
        "time2": null
    },
    {
        "stationId": 14,
        "dateTime1": "1998-12-25T08:30:00",
        "value1": 0.00,
        "value2": null,
        "time2": null
    },
    {
        "stationId": 14,
        "dateTime1": "1998-12-24T08:30:00",
        "value1": 0.00,
        "value2": null,
        "time2": null
    },
    {
        "stationId": 14,
        "dateTime1": "1998-12-23T08:30:00",
        "value1": 0.00,
        "value2": null,
        "time2": null
    },
    {
        "stationId": 14,
        "dateTime1": "1998-12-22T08:30:00",
        "value1": 0.00,
        "value2": null,
        "time2": null
    },
    {
        "stationId": 14,
        "dateTime1": "1998-12-21T08:30:00",
        "value1": 0.00,
        "value2": null,
        "time2": null
    },
    {
        "stationId": 14,
        "dateTime1": "1998-12-20T08:30:00",
        "value1": 0.00,
        "value2": null,
        "time2": null
    },
    {
        "stationId": 14,
        "dateTime1": "1998-12-19T08:30:00",
        "value1": 0.00,
        "value2": null,
        "time2": null
    },
    {
        "stationId": 14,
        "dateTime1": "1998-12-18T08:30:00",
        "value1": 0.00,
        "value2": null,
        "time2": null
    },
    {
        "stationId": 14,
        "dateTime1": "1998-12-17T08:30:00",
        "value1": 0.00,
        "value2": null,
        "time2": null
    },
    {
        "stationId": 14,
        "dateTime1": "1998-12-16T08:30:00",
        "value1": 0.00,
        "value2": null,
        "time2": null
    },
    {
        "stationId": 14,
        "dateTime1": "1998-12-15T08:30:00",
        "value1": 0.00,
        "value2": null,
        "time2": null
    },
    {
        "stationId": 14,
        "dateTime1": "1998-12-14T08:30:00",
        "value1": 0.00,
        "value2": null,
        "time2": null
    },
    {
        "stationId": 14,
        "dateTime1": "1998-12-13T08:30:00",
        "value1": 0.00,
        "value2": null,
        "time2": null
    },
    {
        "stationId": 14,
        "dateTime1": "1998-12-12T08:30:00",
        "value1": 0.00,
        "value2": null,
        "time2": null
    },
    {
        "stationId": 14,
        "dateTime1": "1998-12-11T08:30:00",
        "value1": 0.00,
        "value2": null,
        "time2": null
    },
    {
        "stationId": 14,
        "dateTime1": "1998-12-10T08:30:00",
        "value1": 0.00,
        "value2": null,
        "time2": null
    },
    {
        "stationId": 14,
        "dateTime1": "1998-12-09T08:30:00",
        "value1": 0.00,
        "value2": null,
        "time2": null
    },
    {
        "stationId": 14,
        "dateTime1": "1998-12-08T08:30:00",
        "value1": 0.00,
        "value2": null,
        "time2": null
    },
    {
        "stationId": 14,
        "dateTime1": "1998-12-07T08:30:00",
        "value1": 0.00,
        "value2": null,
        "time2": null
    },
    {
        "stationId": 14,
        "dateTime1": "1998-12-06T08:30:00",
        "value1": 0.00,
        "value2": null,
        "time2": null
    },
    {
        "stationId": 14,
        "dateTime1": "1998-12-05T08:30:00",
        "value1": 0.00,
        "value2": null,
        "time2": null
    },
    {
        "stationId": 14,
        "dateTime1": "1998-12-04T08:30:00",
        "value1": 0.00,
        "value2": null,
        "time2": null
    },
    {
        "stationId": 14,
        "dateTime1": "1998-12-03T08:30:00",
        "value1": 0.00,
        "value2": null,
        "time2": null
    },
    {
        "stationId": 14,
        "dateTime1": "1998-12-02T08:30:00",
        "value1": 0.00,
        "value2": null,
        "time2": null
    },
    {
        "stationId": 14,
        "dateTime1": "1998-12-01T08:30:00",
        "value1": 0.00,
        "value2": null,
        "time2": null
    },
    {
        "stationId": 14,
        "dateTime1": "1998-11-30T08:30:00",
        "value1": 0.00,
        "value2": null,
        "time2": null
    },
    {
        "stationId": 14,
        "dateTime1": "1998-11-29T08:30:00",
        "value1": 0.00,
        "value2": null,
        "time2": null
    },
    {
        "stationId": 14,
        "dateTime1": "1998-11-28T08:30:00",
        "value1": 0.00,
        "value2": null,
        "time2": null
    },
    {
        "stationId": 14,
        "dateTime1": "1998-11-27T08:30:00",
        "value1": 0.00,
        "value2": null,
        "time2": null
    },
    {
        "stationId": 14,
        "dateTime1": "1998-11-26T08:30:00",
        "value1": 0.00,
        "value2": null,
        "time2": null
    },
    {
        "stationId": 14,
        "dateTime1": "1998-11-25T08:30:00",
        "value1": 0.00,
        "value2": null,
        "time2": null
    },
    {
        "stationId": 14,
        "dateTime1": "1998-11-24T08:30:00",
        "value1": 0.00,
        "value2": null,
        "time2": null
    },
    {
        "stationId": 14,
        "dateTime1": "1998-11-23T08:30:00",
        "value1": 0.00,
        "value2": null,
        "time2": null
    },
    {
        "stationId": 14,
        "dateTime1": "1998-11-22T08:30:00",
        "value1": 0.00,
        "value2": null,
        "time2": null
    },
    {
        "stationId": 14,
        "dateTime1": "1998-11-21T08:30:00",
        "value1": 0.00,
        "value2": null,
        "time2": null
    },
    {
        "stationId": 14,
        "dateTime1": "1998-11-20T08:30:00",
        "value1": 0.00,
        "value2": null,
        "time2": null
    },
    {
        "stationId": 14,
        "dateTime1": "1998-11-19T08:30:00",
        "value1": 0.00,
        "value2": null,
        "time2": null
    },
    {
        "stationId": 14,
        "dateTime1": "1998-11-18T08:30:00",
        "value1": 0.00,
        "value2": null,
        "time2": null
    },
    {
        "stationId": 14,
        "dateTime1": "1998-11-17T08:30:00",
        "value1": 0.00,
        "value2": null,
        "time2": null
    },
    {
        "stationId": 14,
        "dateTime1": "1998-11-16T08:30:00",
        "value1": 0.00,
        "value2": null,
        "time2": null
    },
    {
        "stationId": 14,
        "dateTime1": "1998-11-15T08:30:00",
        "value1": 0.00,
        "value2": null,
        "time2": null
    },
    {
        "stationId": 14,
        "dateTime1": "1998-11-14T08:30:00",
        "value1": 0.00,
        "value2": null,
        "time2": null
    },
    {
        "stationId": 14,
        "dateTime1": "1998-11-13T08:30:00",
        "value1": 0.00,
        "value2": null,
        "time2": null
    },
    {
        "stationId": 14,
        "dateTime1": "1998-11-12T08:30:00",
        "value1": 0.00,
        "value2": null,
        "time2": null
    },
    {
        "stationId": 14,
        "dateTime1": "1998-11-11T08:30:00",
        "value1": 0.00,
        "value2": null,
        "time2": null
    },
    {
        "stationId": 14,
        "dateTime1": "1998-11-10T08:30:00",
        "value1": 0.00,
        "value2": null,
        "time2": null
    },
    {
        "stationId": 14,
        "dateTime1": "1998-11-09T08:30:00",
        "value1": 0.00,
        "value2": null,
        "time2": null
    },
    {
        "stationId": 14,
        "dateTime1": "1998-11-08T08:30:00",
        "value1": 0.00,
        "value2": null,
        "time2": null
    },
    {
        "stationId": 14,
        "dateTime1": "1998-11-07T08:30:00",
        "value1": 0.00,
        "value2": null,
        "time2": null
    },
    {
        "stationId": 14,
        "dateTime1": "1998-11-06T08:30:00",
        "value1": 0.00,
        "value2": null,
        "time2": null
    },
    {
        "stationId": 14,
        "dateTime1": "1998-11-05T08:30:00",
        "value1": 0.00,
        "value2": null,
        "time2": null
    },
    {
        "stationId": 14,
        "dateTime1": "1998-11-04T08:30:00",
        "value1": 0.00,
        "value2": null,
        "time2": null
    },
    {
        "stationId": 14,
        "dateTime1": "1998-11-03T08:30:00",
        "value1": 0.00,
        "value2": null,
        "time2": null
    },
    {
        "stationId": 14,
        "dateTime1": "1998-11-02T08:30:00",
        "value1": 0.00,
        "value2": null,
        "time2": null
    },
    {
        "stationId": 14,
        "dateTime1": "1998-11-01T08:30:00",
        "value1": 0.00,
        "value2": null,
        "time2": null
    },
    {
        "stationId": 14,
        "dateTime1": "1998-10-31T08:30:00",
        "value1": 0.00,
        "value2": null,
        "time2": null
    },
    {
        "stationId": 14,
        "dateTime1": "1998-10-30T08:30:00",
        "value1": 0.00,
        "value2": null,
        "time2": null
    },
    {
        "stationId": 14,
        "dateTime1": "1998-10-29T08:30:00",
        "value1": 0.00,
        "value2": null,
        "time2": null
    },
    {
        "stationId": 14,
        "dateTime1": "1998-10-28T08:30:00",
        "value1": 0.00,
        "value2": null,
        "time2": null
    },
    {
        "stationId": 14,
        "dateTime1": "1998-10-27T08:30:00",
        "value1": 0.00,
        "value2": null,
        "time2": null
    },
    {
        "stationId": 14,
        "dateTime1": "1998-10-26T08:30:00",
        "value1": 0.00,
        "value2": null,
        "time2": null
    },
    {
        "stationId": 14,
        "dateTime1": "1998-10-25T08:30:00",
        "value1": 0.00,
        "value2": null,
        "time2": null
    },
    {
        "stationId": 14,
        "dateTime1": "1998-10-24T08:30:00",
        "value1": 0.00,
        "value2": null,
        "time2": null
    },
    {
        "stationId": 14,
        "dateTime1": "1998-10-23T08:30:00",
        "value1": 0.00,
        "value2": null,
        "time2": null
    },
    {
        "stationId": 14,
        "dateTime1": "1998-10-22T08:30:00",
        "value1": 0.00,
        "value2": null,
        "time2": null
    },
    {
        "stationId": 14,
        "dateTime1": "1998-10-21T08:30:00",
        "value1": 0.00,
        "value2": null,
        "time2": null
    },
    {
        "stationId": 14,
        "dateTime1": "1998-10-20T08:30:00",
        "value1": 0.00,
        "value2": null,
        "time2": null
    },
    {
        "stationId": 14,
        "dateTime1": "1998-10-19T08:30:00",
        "value1": 0.00,
        "value2": null,
        "time2": null
    },
    {
        "stationId": 14,
        "dateTime1": "1998-10-18T08:30:00",
        "value1": 0.00,
        "value2": null,
        "time2": null
    },
    {
        "stationId": 14,
        "dateTime1": "1998-10-17T08:30:00",
        "value1": 0.00,
        "value2": null,
        "time2": null
    },
    {
        "stationId": 14,
        "dateTime1": "1998-10-16T08:30:00",
        "value1": 0.00,
        "value2": null,
        "time2": null
    },
    {
        "stationId": 14,
        "dateTime1": "1998-10-15T08:30:00",
        "value1": 27.00,
        "value2": null,
        "time2": null
    },
    {
        "stationId": 14,
        "dateTime1": "1998-10-14T08:30:00",
        "value1": 40.50,
        "value2": null,
        "time2": null
    },
    {
        "stationId": 14,
        "dateTime1": "1998-10-13T08:30:00",
        "value1": 15.80,
        "value2": null,
        "time2": null
    },
    {
        "stationId": 14,
        "dateTime1": "1998-10-12T08:30:00",
        "value1": 26.00,
        "value2": null,
        "time2": null
    },
    {
        "stationId": 14,
        "dateTime1": "1998-10-11T08:30:00",
        "value1": 12.40,
        "value2": null,
        "time2": null
    },
    {
        "stationId": 14,
        "dateTime1": "1998-10-10T08:30:00",
        "value1": 10.60,
        "value2": null,
        "time2": null
    },
    {
        "stationId": 14,
        "dateTime1": "1998-10-09T08:30:00",
        "value1": 0.00,
        "value2": null,
        "time2": null
    },
    {
        "stationId": 14,
        "dateTime1": "1998-10-08T08:30:00",
        "value1": 11.20,
        "value2": null,
        "time2": null
    },
    {
        "stationId": 14,
        "dateTime1": "1998-10-07T08:30:00",
        "value1": 74.20,
        "value2": null,
        "time2": null
    },
    {
        "stationId": 14,
        "dateTime1": "1998-10-06T08:30:00",
        "value1": 0.00,
        "value2": null,
        "time2": null
    },
    {
        "stationId": 14,
        "dateTime1": "1998-10-05T08:30:00",
        "value1": 23.40,
        "value2": null,
        "time2": null
    },
    {
        "stationId": 14,
        "dateTime1": "1998-10-04T08:30:00",
        "value1": 4.60,
        "value2": null,
        "time2": null
    },
    {
        "stationId": 14,
        "dateTime1": "1998-10-03T08:30:00",
        "value1": 56.00,
        "value2": null,
        "time2": null
    },
    {
        "stationId": 14,
        "dateTime1": "1998-10-02T08:30:00",
        "value1": 0.00,
        "value2": null,
        "time2": null
    },
    {
        "stationId": 14,
        "dateTime1": "1998-10-01T08:30:00",
        "value1": 0.00,
        "value2": null,
        "time2": null
    },
    {
        "stationId": 14,
        "dateTime1": "1998-09-30T08:30:00",
        "value1": 0.00,
        "value2": null,
        "time2": null
    },
    {
        "stationId": 14,
        "dateTime1": "1998-09-29T08:30:00",
        "value1": 1.40,
        "value2": null,
        "time2": null
    },
    {
        "stationId": 14,
        "dateTime1": "1998-09-28T08:30:00",
        "value1": 15.80,
        "value2": null,
        "time2": null
    },
    {
        "stationId": 14,
        "dateTime1": "1998-09-27T08:30:00",
        "value1": 21.00,
        "value2": null,
        "time2": null
    },
    {
        "stationId": 14,
        "dateTime1": "1998-09-26T08:30:00",
        "value1": 2.80,
        "value2": null,
        "time2": null
    },
    {
        "stationId": 14,
        "dateTime1": "1998-09-25T08:30:00",
        "value1": 6.20,
        "value2": null,
        "time2": null
    },
    {
        "stationId": 14,
        "dateTime1": "1998-09-24T08:30:00",
        "value1": 0.00,
        "value2": null,
        "time2": null
    },
    {
        "stationId": 14,
        "dateTime1": "1998-09-23T08:30:00",
        "value1": 0.00,
        "value2": null,
        "time2": null
    },
    {
        "stationId": 14,
        "dateTime1": "1998-09-22T08:30:00",
        "value1": 33.40,
        "value2": null,
        "time2": null
    },
    {
        "stationId": 14,
        "dateTime1": "1998-09-21T08:30:00",
        "value1": 4.80,
        "value2": null,
        "time2": null
    },
    {
        "stationId": 14,
        "dateTime1": "1998-09-20T08:30:00",
        "value1": 0.00,
        "value2": null,
        "time2": null
    },
    {
        "stationId": 14,
        "dateTime1": "1998-09-19T08:30:00",
        "value1": 0.00,
        "value2": null,
        "time2": null
    },
    {
        "stationId": 14,
        "dateTime1": "1998-09-18T08:30:00",
        "value1": 0.00,
        "value2": null,
        "time2": null
    },
    {
        "stationId": 14,
        "dateTime1": "1998-09-17T08:30:00",
        "value1": 0.00,
        "value2": null,
        "time2": null
    },
    {
        "stationId": 14,
        "dateTime1": "1998-09-16T08:30:00",
        "value1": 0.00,
        "value2": null,
        "time2": null
    },
    {
        "stationId": 14,
        "dateTime1": "1998-09-15T08:30:00",
        "value1": 0.00,
        "value2": null,
        "time2": null
    },
    {
        "stationId": 14,
        "dateTime1": "1998-09-14T08:30:00",
        "value1": 4.40,
        "value2": null,
        "time2": null
    },
    {
        "stationId": 14,
        "dateTime1": "1998-09-13T08:30:00",
        "value1": 42.40,
        "value2": null,
        "time2": null
    },
    {
        "stationId": 14,
        "dateTime1": "1998-09-12T08:30:00",
        "value1": 0.00,
        "value2": null,
        "time2": null
    },
    {
        "stationId": 14,
        "dateTime1": "1998-09-11T08:30:00",
        "value1": 0.00,
        "value2": null,
        "time2": null
    },
    {
        "stationId": 14,
        "dateTime1": "1998-09-10T08:30:00",
        "value1": 5.00,
        "value2": null,
        "time2": null
    },
    {
        "stationId": 14,
        "dateTime1": "1998-09-09T08:30:00",
        "value1": 10.80,
        "value2": null,
        "time2": null
    },
    {
        "stationId": 14,
        "dateTime1": "1998-09-08T08:30:00",
        "value1": 11.20,
        "value2": null,
        "time2": null
    },
    {
        "stationId": 14,
        "dateTime1": "1998-09-07T08:30:00",
        "value1": 0.00,
        "value2": null,
        "time2": null
    },
    {
        "stationId": 14,
        "dateTime1": "1998-09-06T08:30:00",
        "value1": 8.60,
        "value2": null,
        "time2": null
    },
    {
        "stationId": 14,
        "dateTime1": "1998-09-05T08:30:00",
        "value1": 13.60,
        "value2": null,
        "time2": null
    },
    {
        "stationId": 14,
        "dateTime1": "1998-09-04T08:30:00",
        "value1": 0.00,
        "value2": null,
        "time2": null
    },
    {
        "stationId": 14,
        "dateTime1": "1998-09-03T08:30:00",
        "value1": 0.00,
        "value2": null,
        "time2": null
    },
    {
        "stationId": 14,
        "dateTime1": "1998-09-02T08:30:00",
        "value1": 4.20,
        "value2": null,
        "time2": null
    },
    {
        "stationId": 14,
        "dateTime1": "1998-09-01T08:30:00",
        "value1": 0.00,
        "value2": null,
        "time2": null
    },
    {
        "stationId": 14,
        "dateTime1": "1998-08-31T08:30:00",
        "value1": 0.00,
        "value2": null,
        "time2": null
    },
    {
        "stationId": 14,
        "dateTime1": "1998-08-30T08:30:00",
        "value1": 0.00,
        "value2": null,
        "time2": null
    },
    {
        "stationId": 14,
        "dateTime1": "1998-08-29T08:30:00",
        "value1": 0.00,
        "value2": null,
        "time2": null
    },
    {
        "stationId": 14,
        "dateTime1": "1998-08-28T08:30:00",
        "value1": 0.00,
        "value2": null,
        "time2": null
    },
    {
        "stationId": 14,
        "dateTime1": "1998-08-27T08:30:00",
        "value1": 3.00,
        "value2": null,
        "time2": null
    },
    {
        "stationId": 14,
        "dateTime1": "1998-08-26T08:30:00",
        "value1": 2.20,
        "value2": null,
        "time2": null
    },
    {
        "stationId": 14,
        "dateTime1": "1998-08-25T08:30:00",
        "value1": 22.40,
        "value2": null,
        "time2": null
    },
    {
        "stationId": 14,
        "dateTime1": "1998-08-24T08:30:00",
        "value1": 0.00,
        "value2": null,
        "time2": null
    },
    {
        "stationId": 14,
        "dateTime1": "1998-08-23T08:30:00",
        "value1": 0.00,
        "value2": null,
        "time2": null
    },
    {
        "stationId": 14,
        "dateTime1": "1998-08-22T08:30:00",
        "value1": 30.60,
        "value2": null,
        "time2": null
    },
    {
        "stationId": 14,
        "dateTime1": "1998-08-21T08:30:00",
        "value1": 0.00,
        "value2": null,
        "time2": null
    },
    {
        "stationId": 14,
        "dateTime1": "1998-08-20T08:30:00",
        "value1": 0.00,
        "value2": null,
        "time2": null
    },
    {
        "stationId": 14,
        "dateTime1": "1998-08-19T08:30:00",
        "value1": 13.20,
        "value2": null,
        "time2": null
    },
    {
        "stationId": 14,
        "dateTime1": "1998-08-18T08:30:00",
        "value1": 0.00,
        "value2": null,
        "time2": null
    },
    {
        "stationId": 14,
        "dateTime1": "1998-08-17T08:30:00",
        "value1": 0.00,
        "value2": null,
        "time2": null
    },
    {
        "stationId": 14,
        "dateTime1": "1998-08-16T08:30:00",
        "value1": 0.00,
        "value2": null,
        "time2": null
    },
    {
        "stationId": 14,
        "dateTime1": "1998-08-15T08:30:00",
        "value1": 0.00,
        "value2": null,
        "time2": null
    },
    {
        "stationId": 14,
        "dateTime1": "1998-08-14T08:30:00",
        "value1": 0.00,
        "value2": null,
        "time2": null
    },
    {
        "stationId": 14,
        "dateTime1": "1998-08-13T08:30:00",
        "value1": 0.00,
        "value2": null,
        "time2": null
    },
    {
        "stationId": 14,
        "dateTime1": "1998-08-12T08:30:00",
        "value1": 0.00,
        "value2": null,
        "time2": null
    },
    {
        "stationId": 14,
        "dateTime1": "1998-08-11T08:30:00",
        "value1": 12.00,
        "value2": null,
        "time2": null
    },
    {
        "stationId": 14,
        "dateTime1": "1998-08-10T08:30:00",
        "value1": 1.80,
        "value2": null,
        "time2": null
    },
    {
        "stationId": 14,
        "dateTime1": "1998-08-09T08:30:00",
        "value1": 10.40,
        "value2": null,
        "time2": null
    },
    {
        "stationId": 14,
        "dateTime1": "1998-08-08T08:30:00",
        "value1": 0.00,
        "value2": null,
        "time2": null
    },
    {
        "stationId": 14,
        "dateTime1": "1998-08-07T08:30:00",
        "value1": 31.20,
        "value2": null,
        "time2": null
    },
    {
        "stationId": 14,
        "dateTime1": "1998-08-06T08:30:00",
        "value1": 0.00,
        "value2": null,
        "time2": null
    },
    {
        "stationId": 14,
        "dateTime1": "1998-08-05T08:30:00",
        "value1": 0.00,
        "value2": null,
        "time2": null
    },
    {
        "stationId": 14,
        "dateTime1": "1998-08-04T08:30:00",
        "value1": 0.00,
        "value2": null,
        "time2": null
    },
    {
        "stationId": 14,
        "dateTime1": "1998-08-03T08:30:00",
        "value1": 0.00,
        "value2": null,
        "time2": null
    },
    {
        "stationId": 14,
        "dateTime1": "1998-08-02T08:30:00",
        "value1": 0.00,
        "value2": null,
        "time2": null
    },
    {
        "stationId": 14,
        "dateTime1": "1998-08-01T08:30:00",
        "value1": 0.00,
        "value2": null,
        "time2": null
    },
    {
        "stationId": 15,
        "dateTime1": "2000-04-25T08:30:00",
        "value1": 0.00,
        "value2": null,
        "time2": null
    },
    {
        "stationId": 15,
        "dateTime1": "2000-04-24T08:30:00",
        "value1": 1.40,
        "value2": null,
        "time2": null
    },
    {
        "stationId": 15,
        "dateTime1": "2000-04-23T08:30:00",
        "value1": 0.00,
        "value2": null,
        "time2": null
    },
    {
        "stationId": 15,
        "dateTime1": "2000-04-22T08:30:00",
        "value1": 0.00,
        "value2": null,
        "time2": null
    },
    {
        "stationId": 15,
        "dateTime1": "2000-04-21T08:30:00",
        "value1": 0.00,
        "value2": null,
        "time2": null
    },
    {
        "stationId": 15,
        "dateTime1": "2000-04-20T08:30:00",
        "value1": 0.00,
        "value2": null,
        "time2": null
    },
    {
        "stationId": 15,
        "dateTime1": "2000-04-19T08:30:00",
        "value1": 1.60,
        "value2": null,
        "time2": null
    },
    {
        "stationId": 15,
        "dateTime1": "2000-04-18T08:30:00",
        "value1": 0.00,
        "value2": null,
        "time2": null
    },
    {
        "stationId": 15,
        "dateTime1": "2000-04-17T08:30:00",
        "value1": 0.00,
        "value2": null,
        "time2": null
    },
    {
        "stationId": 15,
        "dateTime1": "2000-04-16T08:30:00",
        "value1": 0.00,
        "value2": null,
        "time2": null
    },
    {
        "stationId": 15,
        "dateTime1": "2000-04-15T08:30:00",
        "value1": 0.00,
        "value2": null,
        "time2": null
    },
    {
        "stationId": 15,
        "dateTime1": "2000-04-14T08:30:00",
        "value1": 0.00,
        "value2": null,
        "time2": null
    },
    {
        "stationId": 15,
        "dateTime1": "2000-04-13T08:30:00",
        "value1": 0.00,
        "value2": null,
        "time2": null
    },
    {
        "stationId": 15,
        "dateTime1": "2000-04-12T08:30:00",
        "value1": 0.00,
        "value2": null,
        "time2": null
    },
    {
        "stationId": 15,
        "dateTime1": "2000-04-11T08:30:00",
        "value1": 0.00,
        "value2": null,
        "time2": null
    },
    {
        "stationId": 15,
        "dateTime1": "2000-04-10T08:30:00",
        "value1": 0.00,
        "value2": null,
        "time2": null
    },
    {
        "stationId": 15,
        "dateTime1": "2000-04-09T08:30:00",
        "value1": 0.00,
        "value2": null,
        "time2": null
    },
    {
        "stationId": 15,
        "dateTime1": "2000-04-08T08:30:00",
        "value1": 0.00,
        "value2": null,
        "time2": null
    },
    {
        "stationId": 15,
        "dateTime1": "2000-04-07T08:30:00",
        "value1": 0.00,
        "value2": null,
        "time2": null
    },
    {
        "stationId": 15,
        "dateTime1": "2000-04-06T08:30:00",
        "value1": 0.00,
        "value2": null,
        "time2": null
    },
    {
        "stationId": 15,
        "dateTime1": "2000-04-05T08:30:00",
        "value1": 0.00,
        "value2": null,
        "time2": null
    },
    {
        "stationId": 15,
        "dateTime1": "2000-04-04T08:30:00",
        "value1": 0.00,
        "value2": null,
        "time2": null
    },
    {
        "stationId": 15,
        "dateTime1": "2000-04-03T08:30:00",
        "value1": 0.00,
        "value2": null,
        "time2": null
    },
    {
        "stationId": 15,
        "dateTime1": "2000-04-02T08:30:00",
        "value1": 0.00,
        "value2": null,
        "time2": null
    },
    {
        "stationId": 15,
        "dateTime1": "2000-04-01T08:30:00",
        "value1": 0.00,
        "value2": null,
        "time2": null
    },
    {
        "stationId": 15,
        "dateTime1": "2000-03-31T08:30:00",
        "value1": 0.00,
        "value2": null,
        "time2": null
    },
    {
        "stationId": 15,
        "dateTime1": "2000-03-30T08:30:00",
        "value1": 0.00,
        "value2": null,
        "time2": null
    },
    {
        "stationId": 15,
        "dateTime1": "2000-03-29T08:30:00",
        "value1": 0.00,
        "value2": null,
        "time2": null
    },
    {
        "stationId": 15,
        "dateTime1": "2000-03-28T08:30:00",
        "value1": 0.00,
        "value2": null,
        "time2": null
    },
    {
        "stationId": 15,
        "dateTime1": "2000-03-27T08:30:00",
        "value1": 0.00,
        "value2": null,
        "time2": null
    },
    {
        "stationId": 15,
        "dateTime1": "2000-03-26T08:30:00",
        "value1": 0.00,
        "value2": null,
        "time2": null
    },
    {
        "stationId": 15,
        "dateTime1": "2000-03-25T08:30:00",
        "value1": 0.00,
        "value2": null,
        "time2": null
    },
    {
        "stationId": 15,
        "dateTime1": "2000-03-24T08:30:00",
        "value1": 0.00,
        "value2": null,
        "time2": null
    },
    {
        "stationId": 15,
        "dateTime1": "2000-03-23T08:30:00",
        "value1": 0.00,
        "value2": null,
        "time2": null
    },
    {
        "stationId": 15,
        "dateTime1": "2000-03-22T08:30:00",
        "value1": 0.00,
        "value2": null,
        "time2": null
    },
    {
        "stationId": 15,
        "dateTime1": "2000-03-21T08:30:00",
        "value1": 0.00,
        "value2": null,
        "time2": null
    },
    {
        "stationId": 15,
        "dateTime1": "2000-03-20T08:30:00",
        "value1": 0.00,
        "value2": null,
        "time2": null
    },
    {
        "stationId": 15,
        "dateTime1": "2000-03-19T08:30:00",
        "value1": 0.00,
        "value2": null,
        "time2": null
    },
    {
        "stationId": 15,
        "dateTime1": "2000-03-18T08:30:00",
        "value1": 0.00,
        "value2": null,
        "time2": null
    },
    {
        "stationId": 15,
        "dateTime1": "2000-03-17T08:30:00",
        "value1": 0.00,
        "value2": null,
        "time2": null
    },
    {
        "stationId": 15,
        "dateTime1": "2000-03-16T08:30:00",
        "value1": 0.00,
        "value2": null,
        "time2": null
    },
    {
        "stationId": 15,
        "dateTime1": "2000-03-15T08:30:00",
        "value1": 0.00,
        "value2": null,
        "time2": null
    },
    {
        "stationId": 15,
        "dateTime1": "2000-03-14T08:30:00",
        "value1": 0.00,
        "value2": null,
        "time2": null
    },
    {
        "stationId": 15,
        "dateTime1": "2000-03-13T08:30:00",
        "value1": 0.00,
        "value2": null,
        "time2": null
    },
    {
        "stationId": 15,
        "dateTime1": "2000-03-12T08:30:00",
        "value1": 0.00,
        "value2": null,
        "time2": null
    },
    {
        "stationId": 15,
        "dateTime1": "2000-03-11T08:30:00",
        "value1": 0.00,
        "value2": null,
        "time2": null
    },
    {
        "stationId": 15,
        "dateTime1": "2000-03-10T08:30:00",
        "value1": 0.00,
        "value2": null,
        "time2": null
    },
    {
        "stationId": 15,
        "dateTime1": "2000-03-09T08:30:00",
        "value1": 0.00,
        "value2": null,
        "time2": null
    },
    {
        "stationId": 15,
        "dateTime1": "2000-03-08T08:30:00",
        "value1": 0.00,
        "value2": null,
        "time2": null
    },
    {
        "stationId": 15,
        "dateTime1": "2000-03-07T08:30:00",
        "value1": 0.00,
        "value2": null,
        "time2": null
    },
    {
        "stationId": 15,
        "dateTime1": "2000-03-06T08:30:00",
        "value1": 0.00,
        "value2": null,
        "time2": null
    },
    {
        "stationId": 15,
        "dateTime1": "2000-03-05T08:30:00",
        "value1": 0.00,
        "value2": null,
        "time2": null
    },
    {
        "stationId": 15,
        "dateTime1": "2000-03-04T08:30:00",
        "value1": 0.00,
        "value2": null,
        "time2": null
    },
    {
        "stationId": 15,
        "dateTime1": "2000-03-03T08:30:00",
        "value1": 0.00,
        "value2": null,
        "time2": null
    },
    {
        "stationId": 15,
        "dateTime1": "2000-03-02T08:30:00",
        "value1": 0.00,
        "value2": null,
        "time2": null
    },
    {
        "stationId": 15,
        "dateTime1": "2000-03-01T08:30:00",
        "value1": 0.00,
        "value2": null,
        "time2": null
    },
    {
        "stationId": 15,
        "dateTime1": "2000-02-29T08:30:00",
        "value1": 0.00,
        "value2": null,
        "time2": null
    },
    {
        "stationId": 15,
        "dateTime1": "2000-02-28T08:30:00",
        "value1": 0.00,
        "value2": null,
        "time2": null
    },
    {
        "stationId": 15,
        "dateTime1": "2000-02-27T08:30:00",
        "value1": 0.00,
        "value2": null,
        "time2": null
    },
    {
        "stationId": 15,
        "dateTime1": "2000-02-26T08:30:00",
        "value1": 0.00,
        "value2": null,
        "time2": null
    },
    {
        "stationId": 15,
        "dateTime1": "2000-02-25T08:30:00",
        "value1": 0.00,
        "value2": null,
        "time2": null
    },
    {
        "stationId": 15,
        "dateTime1": "2000-02-24T08:30:00",
        "value1": 0.00,
        "value2": null,
        "time2": null
    },
    {
        "stationId": 15,
        "dateTime1": "2000-02-23T08:30:00",
        "value1": 0.00,
        "value2": null,
        "time2": null
    },
    {
        "stationId": 15,
        "dateTime1": "2000-02-22T08:30:00",
        "value1": 0.00,
        "value2": null,
        "time2": null
    },
    {
        "stationId": 15,
        "dateTime1": "2000-02-21T08:30:00",
        "value1": 0.00,
        "value2": null,
        "time2": null
    },
    {
        "stationId": 15,
        "dateTime1": "2000-02-20T08:30:00",
        "value1": 0.00,
        "value2": null,
        "time2": null
    },
    {
        "stationId": 15,
        "dateTime1": "2000-02-19T08:30:00",
        "value1": 0.00,
        "value2": null,
        "time2": null
    },
    {
        "stationId": 15,
        "dateTime1": "2000-02-18T08:30:00",
        "value1": 0.00,
        "value2": null,
        "time2": null
    },
    {
        "stationId": 15,
        "dateTime1": "2000-02-17T08:30:00",
        "value1": 0.00,
        "value2": null,
        "time2": null
    },
    {
        "stationId": 15,
        "dateTime1": "2000-02-16T08:30:00",
        "value1": 0.00,
        "value2": null,
        "time2": null
    },
    {
        "stationId": 15,
        "dateTime1": "2000-02-15T08:30:00",
        "value1": 0.00,
        "value2": null,
        "time2": null
    },
    {
        "stationId": 15,
        "dateTime1": "2000-02-14T08:30:00",
        "value1": 0.00,
        "value2": null,
        "time2": null
    },
    {
        "stationId": 15,
        "dateTime1": "2000-02-13T08:30:00",
        "value1": 0.00,
        "value2": null,
        "time2": null
    },
    {
        "stationId": 15,
        "dateTime1": "2000-02-12T08:30:00",
        "value1": 0.00,
        "value2": null,
        "time2": null
    },
    {
        "stationId": 15,
        "dateTime1": "2000-02-11T08:30:00",
        "value1": 0.00,
        "value2": null,
        "time2": null
    },
    {
        "stationId": 15,
        "dateTime1": "2000-02-10T08:30:00",
        "value1": 0.00,
        "value2": null,
        "time2": null
    },
    {
        "stationId": 15,
        "dateTime1": "2000-02-09T08:30:00",
        "value1": 0.00,
        "value2": null,
        "time2": null
    },
    {
        "stationId": 15,
        "dateTime1": "2000-02-08T08:30:00",
        "value1": 0.00,
        "value2": null,
        "time2": null
    },
    {
        "stationId": 15,
        "dateTime1": "2000-02-07T08:30:00",
        "value1": 0.00,
        "value2": null,
        "time2": null
    },
    {
        "stationId": 15,
        "dateTime1": "2000-02-06T08:30:00",
        "value1": 0.00,
        "value2": null,
        "time2": null
    },
    {
        "stationId": 15,
        "dateTime1": "2000-02-05T08:30:00",
        "value1": 0.00,
        "value2": null,
        "time2": null
    },
    {
        "stationId": 15,
        "dateTime1": "2000-02-04T08:30:00",
        "value1": 0.00,
        "value2": null,
        "time2": null
    },
    {
        "stationId": 15,
        "dateTime1": "2000-02-03T08:30:00",
        "value1": 0.00,
        "value2": null,
        "time2": null
    },
    {
        "stationId": 15,
        "dateTime1": "2000-02-02T08:30:00",
        "value1": 0.00,
        "value2": null,
        "time2": null
    },
    {
        "stationId": 15,
        "dateTime1": "2000-02-01T08:30:00",
        "value1": 0.00,
        "value2": null,
        "time2": null
    },
    {
        "stationId": 15,
        "dateTime1": "2000-01-31T08:30:00",
        "value1": 0.00,
        "value2": null,
        "time2": null
    },
    {
        "stationId": 15,
        "dateTime1": "2000-01-30T08:30:00",
        "value1": 0.00,
        "value2": null,
        "time2": null
    },
    {
        "stationId": 15,
        "dateTime1": "2000-01-29T08:30:00",
        "value1": 0.00,
        "value2": null,
        "time2": null
    },
    {
        "stationId": 15,
        "dateTime1": "2000-01-28T08:30:00",
        "value1": 0.00,
        "value2": null,
        "time2": null
    },
    {
        "stationId": 15,
        "dateTime1": "2000-01-27T08:30:00",
        "value1": 0.00,
        "value2": null,
        "time2": null
    },
    {
        "stationId": 15,
        "dateTime1": "2000-01-26T08:30:00",
        "value1": 0.00,
        "value2": null,
        "time2": null
    },
    {
        "stationId": 15,
        "dateTime1": "2000-01-25T08:30:00",
        "value1": 0.00,
        "value2": null,
        "time2": null
    },
    {
        "stationId": 15,
        "dateTime1": "2000-01-24T08:30:00",
        "value1": 0.00,
        "value2": null,
        "time2": null
    },
    {
        "stationId": 15,
        "dateTime1": "2000-01-23T08:30:00",
        "value1": 0.00,
        "value2": null,
        "time2": null
    },
    {
        "stationId": 15,
        "dateTime1": "2000-01-22T08:30:00",
        "value1": 0.00,
        "value2": null,
        "time2": null
    },
    {
        "stationId": 15,
        "dateTime1": "2000-01-21T08:30:00",
        "value1": 0.00,
        "value2": null,
        "time2": null
    },
    {
        "stationId": 15,
        "dateTime1": "2000-01-20T08:30:00",
        "value1": 0.00,
        "value2": null,
        "time2": null
    },
    {
        "stationId": 15,
        "dateTime1": "2000-01-19T08:30:00",
        "value1": 0.00,
        "value2": null,
        "time2": null
    },
    {
        "stationId": 15,
        "dateTime1": "2000-01-18T08:30:00",
        "value1": 0.00,
        "value2": null,
        "time2": null
    },
    {
        "stationId": 15,
        "dateTime1": "2000-01-17T08:30:00",
        "value1": 0.00,
        "value2": null,
        "time2": null
    },
    {
        "stationId": 15,
        "dateTime1": "2000-01-16T08:30:00",
        "value1": 0.00,
        "value2": null,
        "time2": null
    },
    {
        "stationId": 15,
        "dateTime1": "2000-01-15T08:30:00",
        "value1": 0.00,
        "value2": null,
        "time2": null
    },
    {
        "stationId": 15,
        "dateTime1": "2000-01-14T08:30:00",
        "value1": 0.00,
        "value2": null,
        "time2": null
    },
    {
        "stationId": 15,
        "dateTime1": "2000-01-13T08:30:00",
        "value1": 0.00,
        "value2": null,
        "time2": null
    },
    {
        "stationId": 15,
        "dateTime1": "2000-01-12T08:30:00",
        "value1": 0.00,
        "value2": null,
        "time2": null
    },
    {
        "stationId": 15,
        "dateTime1": "2000-01-11T08:30:00",
        "value1": 0.00,
        "value2": null,
        "time2": null
    },
    {
        "stationId": 15,
        "dateTime1": "2000-01-10T08:30:00",
        "value1": 0.00,
        "value2": null,
        "time2": null
    },
    {
        "stationId": 15,
        "dateTime1": "2000-01-09T08:30:00",
        "value1": 0.00,
        "value2": null,
        "time2": null
    },
    {
        "stationId": 15,
        "dateTime1": "2000-01-08T08:30:00",
        "value1": 0.00,
        "value2": null,
        "time2": null
    },
    {
        "stationId": 15,
        "dateTime1": "2000-01-07T08:30:00",
        "value1": 0.00,
        "value2": null,
        "time2": null
    },
    {
        "stationId": 15,
        "dateTime1": "2000-01-06T08:30:00",
        "value1": 0.00,
        "value2": null,
        "time2": null
    },
    {
        "stationId": 15,
        "dateTime1": "2000-01-05T08:30:00",
        "value1": 0.00,
        "value2": null,
        "time2": null
    },
    {
        "stationId": 15,
        "dateTime1": "2000-01-04T08:30:00",
        "value1": 0.00,
        "value2": null,
        "time2": null
    },
    {
        "stationId": 15,
        "dateTime1": "2000-01-03T08:30:00",
        "value1": 0.00,
        "value2": null,
        "time2": null
    },
    {
        "stationId": 15,
        "dateTime1": "2000-01-02T08:30:00",
        "value1": 0.00,
        "value2": null,
        "time2": null
    },
    {
        "stationId": 15,
        "dateTime1": "2000-01-01T08:30:00",
        "value1": 0.00,
        "value2": null,
        "time2": null
    },
    {
        "stationId": 15,
        "dateTime1": "1999-12-31T08:30:00",
        "value1": 0.00,
        "value2": null,
        "time2": null
    },
    {
        "stationId": 15,
        "dateTime1": "1999-12-30T08:30:00",
        "value1": 0.00,
        "value2": null,
        "time2": null
    },
    {
        "stationId": 15,
        "dateTime1": "1999-12-29T08:30:00",
        "value1": 0.00,
        "value2": null,
        "time2": null
    },
    {
        "stationId": 15,
        "dateTime1": "1999-12-28T08:30:00",
        "value1": 0.00,
        "value2": null,
        "time2": null
    },
    {
        "stationId": 15,
        "dateTime1": "1999-12-27T08:30:00",
        "value1": 0.00,
        "value2": null,
        "time2": null
    },
    {
        "stationId": 15,
        "dateTime1": "1999-12-26T08:30:00",
        "value1": 0.00,
        "value2": null,
        "time2": null
    },
    {
        "stationId": 15,
        "dateTime1": "1999-12-25T08:30:00",
        "value1": 0.00,
        "value2": null,
        "time2": null
    },
    {
        "stationId": 15,
        "dateTime1": "1999-12-24T08:30:00",
        "value1": 0.00,
        "value2": null,
        "time2": null
    },
    {
        "stationId": 15,
        "dateTime1": "1999-12-23T08:30:00",
        "value1": 0.00,
        "value2": null,
        "time2": null
    },
    {
        "stationId": 15,
        "dateTime1": "1999-12-22T08:30:00",
        "value1": 0.00,
        "value2": null,
        "time2": null
    },
    {
        "stationId": 15,
        "dateTime1": "1999-12-21T08:30:00",
        "value1": 0.00,
        "value2": null,
        "time2": null
    },
    {
        "stationId": 15,
        "dateTime1": "1999-12-20T08:30:00",
        "value1": 0.00,
        "value2": null,
        "time2": null
    },
    {
        "stationId": 15,
        "dateTime1": "1999-12-19T08:30:00",
        "value1": 0.00,
        "value2": null,
        "time2": null
    },
    {
        "stationId": 15,
        "dateTime1": "1999-12-18T08:30:00",
        "value1": 0.00,
        "value2": null,
        "time2": null
    },
    {
        "stationId": 15,
        "dateTime1": "1999-12-17T08:30:00",
        "value1": 0.00,
        "value2": null,
        "time2": null
    },
    {
        "stationId": 15,
        "dateTime1": "1999-12-16T08:30:00",
        "value1": 0.00,
        "value2": null,
        "time2": null
    },
    {
        "stationId": 15,
        "dateTime1": "1999-12-15T08:30:00",
        "value1": 0.00,
        "value2": null,
        "time2": null
    },
    {
        "stationId": 15,
        "dateTime1": "1999-12-14T08:30:00",
        "value1": 0.00,
        "value2": null,
        "time2": null
    },
    {
        "stationId": 15,
        "dateTime1": "1999-12-13T08:30:00",
        "value1": 0.00,
        "value2": null,
        "time2": null
    },
    {
        "stationId": 15,
        "dateTime1": "1999-12-12T08:30:00",
        "value1": 0.00,
        "value2": null,
        "time2": null
    },
    {
        "stationId": 15,
        "dateTime1": "1999-12-11T08:30:00",
        "value1": 0.00,
        "value2": null,
        "time2": null
    },
    {
        "stationId": 15,
        "dateTime1": "1999-12-10T08:30:00",
        "value1": 0.00,
        "value2": null,
        "time2": null
    },
    {
        "stationId": 15,
        "dateTime1": "1999-12-09T08:30:00",
        "value1": 0.00,
        "value2": null,
        "time2": null
    },
    {
        "stationId": 15,
        "dateTime1": "1999-12-08T08:30:00",
        "value1": 0.00,
        "value2": null,
        "time2": null
    },
    {
        "stationId": 15,
        "dateTime1": "1999-12-07T08:30:00",
        "value1": 0.00,
        "value2": null,
        "time2": null
    },
    {
        "stationId": 15,
        "dateTime1": "1999-12-06T08:30:00",
        "value1": 0.00,
        "value2": null,
        "time2": null
    },
    {
        "stationId": 15,
        "dateTime1": "1999-12-05T08:30:00",
        "value1": 0.00,
        "value2": null,
        "time2": null
    },
    {
        "stationId": 15,
        "dateTime1": "1999-12-04T08:30:00",
        "value1": 0.00,
        "value2": null,
        "time2": null
    },
    {
        "stationId": 15,
        "dateTime1": "1999-12-03T08:30:00",
        "value1": 0.00,
        "value2": null,
        "time2": null
    },
    {
        "stationId": 15,
        "dateTime1": "1999-12-02T08:30:00",
        "value1": 0.00,
        "value2": null,
        "time2": null
    },
    {
        "stationId": 15,
        "dateTime1": "1999-12-01T08:30:00",
        "value1": 0.00,
        "value2": null,
        "time2": null
    },
    {
        "stationId": 15,
        "dateTime1": "1999-11-30T08:30:00",
        "value1": 0.00,
        "value2": null,
        "time2": null
    },
    {
        "stationId": 15,
        "dateTime1": "1999-11-29T08:30:00",
        "value1": 0.00,
        "value2": null,
        "time2": null
    },
    {
        "stationId": 15,
        "dateTime1": "1999-11-28T08:30:00",
        "value1": 0.00,
        "value2": null,
        "time2": null
    },
    {
        "stationId": 15,
        "dateTime1": "1999-11-27T08:30:00",
        "value1": 0.00,
        "value2": null,
        "time2": null
    },
    {
        "stationId": 15,
        "dateTime1": "1999-11-26T08:30:00",
        "value1": 0.00,
        "value2": null,
        "time2": null
    },
    {
        "stationId": 15,
        "dateTime1": "1999-11-25T08:30:00",
        "value1": 0.00,
        "value2": null,
        "time2": null
    },
    {
        "stationId": 15,
        "dateTime1": "1999-11-24T08:30:00",
        "value1": 0.00,
        "value2": null,
        "time2": null
    },
    {
        "stationId": 15,
        "dateTime1": "1999-11-23T08:30:00",
        "value1": 0.00,
        "value2": null,
        "time2": null
    },
    {
        "stationId": 15,
        "dateTime1": "1999-11-22T08:30:00",
        "value1": 0.00,
        "value2": null,
        "time2": null
    },
    {
        "stationId": 15,
        "dateTime1": "1999-11-21T08:30:00",
        "value1": 0.00,
        "value2": null,
        "time2": null
    },
    {
        "stationId": 15,
        "dateTime1": "1999-11-20T08:30:00",
        "value1": 0.00,
        "value2": null,
        "time2": null
    },
    {
        "stationId": 15,
        "dateTime1": "1999-11-19T08:30:00",
        "value1": 0.00,
        "value2": null,
        "time2": null
    },
    {
        "stationId": 15,
        "dateTime1": "1999-11-18T08:30:00",
        "value1": 0.00,
        "value2": null,
        "time2": null
    },
    {
        "stationId": 15,
        "dateTime1": "1999-11-17T08:30:00",
        "value1": 0.00,
        "value2": null,
        "time2": null
    },
    {
        "stationId": 15,
        "dateTime1": "1999-11-16T08:30:00",
        "value1": 0.00,
        "value2": null,
        "time2": null
    },
    {
        "stationId": 15,
        "dateTime1": "1999-11-15T08:30:00",
        "value1": 0.00,
        "value2": null,
        "time2": null
    },
    {
        "stationId": 15,
        "dateTime1": "1999-11-14T08:30:00",
        "value1": 0.00,
        "value2": null,
        "time2": null
    },
    {
        "stationId": 15,
        "dateTime1": "1999-11-13T08:30:00",
        "value1": 0.00,
        "value2": null,
        "time2": null
    },
    {
        "stationId": 15,
        "dateTime1": "1999-11-12T08:30:00",
        "value1": 0.00,
        "value2": null,
        "time2": null
    },
    {
        "stationId": 15,
        "dateTime1": "1999-11-11T08:30:00",
        "value1": 0.00,
        "value2": null,
        "time2": null
    },
    {
        "stationId": 15,
        "dateTime1": "1999-11-10T08:30:00",
        "value1": 0.00,
        "value2": null,
        "time2": null
    },
    {
        "stationId": 15,
        "dateTime1": "1999-11-09T08:30:00",
        "value1": 0.00,
        "value2": null,
        "time2": null
    },
    {
        "stationId": 15,
        "dateTime1": "1999-11-08T08:30:00",
        "value1": 0.00,
        "value2": null,
        "time2": null
    },
    {
        "stationId": 15,
        "dateTime1": "1999-11-07T08:30:00",
        "value1": 0.00,
        "value2": null,
        "time2": null
    },
    {
        "stationId": 15,
        "dateTime1": "1999-11-06T08:30:00",
        "value1": 0.00,
        "value2": null,
        "time2": null
    },
    {
        "stationId": 15,
        "dateTime1": "1999-11-05T08:30:00",
        "value1": 0.00,
        "value2": null,
        "time2": null
    },
    {
        "stationId": 15,
        "dateTime1": "1999-11-04T08:30:00",
        "value1": 0.00,
        "value2": null,
        "time2": null
    },
    {
        "stationId": 15,
        "dateTime1": "1999-11-03T08:30:00",
        "value1": 0.00,
        "value2": null,
        "time2": null
    },
    {
        "stationId": 15,
        "dateTime1": "1999-11-02T08:30:00",
        "value1": 0.00,
        "value2": null,
        "time2": null
    },
    {
        "stationId": 15,
        "dateTime1": "1999-11-01T08:30:00",
        "value1": 0.00,
        "value2": null,
        "time2": null
    },
    {
        "stationId": 15,
        "dateTime1": "1999-10-31T08:30:00",
        "value1": 0.00,
        "value2": null,
        "time2": null
    },
    {
        "stationId": 15,
        "dateTime1": "1999-10-30T08:30:00",
        "value1": 0.00,
        "value2": null,
        "time2": null
    },
    {
        "stationId": 15,
        "dateTime1": "1999-10-29T08:30:00",
        "value1": 0.00,
        "value2": null,
        "time2": null
    },
    {
        "stationId": 15,
        "dateTime1": "1999-10-28T08:30:00",
        "value1": 24.20,
        "value2": null,
        "time2": null
    },
    {
        "stationId": 15,
        "dateTime1": "1999-10-27T08:30:00",
        "value1": 0.50,
        "value2": null,
        "time2": null
    },
    {
        "stationId": 15,
        "dateTime1": "1999-10-26T08:30:00",
        "value1": 2.60,
        "value2": null,
        "time2": null
    },
    {
        "stationId": 15,
        "dateTime1": "1999-10-25T08:30:00",
        "value1": 0.00,
        "value2": null,
        "time2": null
    },
    {
        "stationId": 15,
        "dateTime1": "1999-10-24T08:30:00",
        "value1": 0.00,
        "value2": null,
        "time2": null
    },
    {
        "stationId": 15,
        "dateTime1": "1999-10-23T08:30:00",
        "value1": 0.00,
        "value2": null,
        "time2": null
    },
    {
        "stationId": 15,
        "dateTime1": "1999-10-22T08:30:00",
        "value1": 0.00,
        "value2": null,
        "time2": null
    },
    {
        "stationId": 15,
        "dateTime1": "1999-10-21T08:30:00",
        "value1": 0.00,
        "value2": null,
        "time2": null
    },
    {
        "stationId": 15,
        "dateTime1": "1999-10-20T08:30:00",
        "value1": 0.00,
        "value2": null,
        "time2": null
    },
    {
        "stationId": 15,
        "dateTime1": "1999-10-19T08:30:00",
        "value1": 0.00,
        "value2": null,
        "time2": null
    },
    {
        "stationId": 15,
        "dateTime1": "1999-10-18T08:30:00",
        "value1": 0.00,
        "value2": null,
        "time2": null
    },
    {
        "stationId": 15,
        "dateTime1": "1999-10-17T08:30:00",
        "value1": 0.00,
        "value2": null,
        "time2": null
    },
    {
        "stationId": 15,
        "dateTime1": "1999-10-16T08:30:00",
        "value1": 5.20,
        "value2": null,
        "time2": null
    },
    {
        "stationId": 15,
        "dateTime1": "1999-10-15T08:30:00",
        "value1": 0.60,
        "value2": null,
        "time2": null
    },
    {
        "stationId": 15,
        "dateTime1": "1999-10-14T08:30:00",
        "value1": 1.20,
        "value2": null,
        "time2": null
    },
    {
        "stationId": 15,
        "dateTime1": "1999-10-13T08:30:00",
        "value1": 1.60,
        "value2": null,
        "time2": null
    },
    {
        "stationId": 15,
        "dateTime1": "1999-10-12T08:30:00",
        "value1": 0.00,
        "value2": null,
        "time2": null
    },
    {
        "stationId": 15,
        "dateTime1": "1999-10-11T08:30:00",
        "value1": 32.20,
        "value2": null,
        "time2": null
    },
    {
        "stationId": 15,
        "dateTime1": "1999-10-10T08:30:00",
        "value1": 5.50,
        "value2": null,
        "time2": null
    },
    {
        "stationId": 15,
        "dateTime1": "1999-10-09T08:30:00",
        "value1": 0.00,
        "value2": null,
        "time2": null
    },
    {
        "stationId": 15,
        "dateTime1": "1999-10-08T08:30:00",
        "value1": 0.00,
        "value2": null,
        "time2": null
    },
    {
        "stationId": 15,
        "dateTime1": "1999-10-07T08:30:00",
        "value1": 0.00,
        "value2": null,
        "time2": null
    },
    {
        "stationId": 15,
        "dateTime1": "1999-10-06T08:30:00",
        "value1": 2.50,
        "value2": null,
        "time2": null
    },
    {
        "stationId": 15,
        "dateTime1": "1999-10-05T08:30:00",
        "value1": 0.00,
        "value2": null,
        "time2": null
    },
    {
        "stationId": 15,
        "dateTime1": "1999-10-04T08:30:00",
        "value1": 8.00,
        "value2": null,
        "time2": null
    },
    {
        "stationId": 15,
        "dateTime1": "1999-10-03T08:30:00",
        "value1": 21.80,
        "value2": null,
        "time2": null
    },
    {
        "stationId": 15,
        "dateTime1": "1999-10-02T08:30:00",
        "value1": 56.00,
        "value2": null,
        "time2": null
    },
    {
        "stationId": 15,
        "dateTime1": "1999-10-01T08:30:00",
        "value1": 2.60,
        "value2": null,
        "time2": null
    },
    {
        "stationId": 15,
        "dateTime1": "1999-09-30T08:30:00",
        "value1": 8.00,
        "value2": null,
        "time2": null
    },
    {
        "stationId": 15,
        "dateTime1": "1999-09-29T08:30:00",
        "value1": 22.30,
        "value2": null,
        "time2": null
    },
    {
        "stationId": 15,
        "dateTime1": "1999-09-28T08:30:00",
        "value1": 0.00,
        "value2": null,
        "time2": null
    },
    {
        "stationId": 15,
        "dateTime1": "1999-09-27T08:30:00",
        "value1": 5.50,
        "value2": null,
        "time2": null
    },
    {
        "stationId": 15,
        "dateTime1": "1999-09-26T08:30:00",
        "value1": 1.00,
        "value2": null,
        "time2": null
    },
    {
        "stationId": 15,
        "dateTime1": "1999-09-25T08:30:00",
        "value1": 0.00,
        "value2": null,
        "time2": null
    },
    {
        "stationId": 15,
        "dateTime1": "1999-09-24T08:30:00",
        "value1": 0.00,
        "value2": null,
        "time2": null
    },
    {
        "stationId": 15,
        "dateTime1": "1999-09-23T08:30:00",
        "value1": 0.00,
        "value2": null,
        "time2": null
    },
    {
        "stationId": 15,
        "dateTime1": "1999-09-22T08:30:00",
        "value1": 0.00,
        "value2": null,
        "time2": null
    },
    {
        "stationId": 15,
        "dateTime1": "1999-09-21T08:30:00",
        "value1": 0.00,
        "value2": null,
        "time2": null
    },
    {
        "stationId": 15,
        "dateTime1": "1999-09-20T08:30:00",
        "value1": 0.00,
        "value2": null,
        "time2": null
    },
    {
        "stationId": 15,
        "dateTime1": "1999-09-19T08:30:00",
        "value1": 0.00,
        "value2": null,
        "time2": null
    },
    {
        "stationId": 15,
        "dateTime1": "1999-09-18T08:30:00",
        "value1": 0.00,
        "value2": null,
        "time2": null
    },
    {
        "stationId": 15,
        "dateTime1": "1999-09-17T08:30:00",
        "value1": 0.00,
        "value2": null,
        "time2": null
    },
    {
        "stationId": 15,
        "dateTime1": "1999-09-16T08:30:00",
        "value1": 0.00,
        "value2": null,
        "time2": null
    },
    {
        "stationId": 15,
        "dateTime1": "1999-09-15T08:30:00",
        "value1": 0.00,
        "value2": null,
        "time2": null
    },
    {
        "stationId": 15,
        "dateTime1": "1999-09-14T08:30:00",
        "value1": 0.00,
        "value2": null,
        "time2": null
    },
    {
        "stationId": 15,
        "dateTime1": "1999-09-13T08:30:00",
        "value1": 0.00,
        "value2": null,
        "time2": null
    },
    {
        "stationId": 15,
        "dateTime1": "1999-09-12T08:30:00",
        "value1": 0.00,
        "value2": null,
        "time2": null
    },
    {
        "stationId": 15,
        "dateTime1": "1999-09-11T08:30:00",
        "value1": 0.00,
        "value2": null,
        "time2": null
    },
    {
        "stationId": 15,
        "dateTime1": "1999-09-10T08:30:00",
        "value1": 2.80,
        "value2": null,
        "time2": null
    },
    {
        "stationId": 15,
        "dateTime1": "1999-09-09T08:30:00",
        "value1": 0.00,
        "value2": null,
        "time2": null
    },
    {
        "stationId": 15,
        "dateTime1": "1999-09-08T08:30:00",
        "value1": 0.00,
        "value2": null,
        "time2": null
    },
    {
        "stationId": 15,
        "dateTime1": "1999-09-07T08:30:00",
        "value1": 3.50,
        "value2": null,
        "time2": null
    },
    {
        "stationId": 15,
        "dateTime1": "1999-09-06T08:30:00",
        "value1": 0.00,
        "value2": null,
        "time2": null
    },
    {
        "stationId": 15,
        "dateTime1": "1999-09-05T08:30:00",
        "value1": 0.00,
        "value2": null,
        "time2": null
    },
    {
        "stationId": 15,
        "dateTime1": "1999-09-04T08:30:00",
        "value1": 0.00,
        "value2": null,
        "time2": null
    },
    {
        "stationId": 15,
        "dateTime1": "1999-09-03T08:30:00",
        "value1": 0.00,
        "value2": null,
        "time2": null
    },
    {
        "stationId": 15,
        "dateTime1": "1999-09-02T08:30:00",
        "value1": 0.00,
        "value2": null,
        "time2": null
    },
    {
        "stationId": 15,
        "dateTime1": "1999-09-01T08:30:00",
        "value1": 0.00,
        "value2": null,
        "time2": null
    },
    {
        "stationId": 15,
        "dateTime1": "1999-08-31T08:30:00",
        "value1": 3.50,
        "value2": null,
        "time2": null
    },
    {
        "stationId": 15,
        "dateTime1": "1999-08-30T08:30:00",
        "value1": 0.00,
        "value2": null,
        "time2": null
    },
    {
        "stationId": 15,
        "dateTime1": "1999-08-29T08:30:00",
        "value1": 27.80,
        "value2": null,
        "time2": null
    },
    {
        "stationId": 15,
        "dateTime1": "1999-08-28T08:30:00",
        "value1": 4.90,
        "value2": null,
        "time2": null
    },
    {
        "stationId": 15,
        "dateTime1": "1999-08-27T08:30:00",
        "value1": 0.00,
        "value2": null,
        "time2": null
    },
    {
        "stationId": 15,
        "dateTime1": "1999-08-26T08:30:00",
        "value1": 6.70,
        "value2": null,
        "time2": null
    },
    {
        "stationId": 15,
        "dateTime1": "1999-08-25T08:30:00",
        "value1": 0.00,
        "value2": null,
        "time2": null
    },
    {
        "stationId": 15,
        "dateTime1": "1999-08-24T08:30:00",
        "value1": 0.00,
        "value2": null,
        "time2": null
    },
    {
        "stationId": 15,
        "dateTime1": "1999-08-23T08:30:00",
        "value1": 2.00,
        "value2": null,
        "time2": null
    },
    {
        "stationId": 15,
        "dateTime1": "1999-08-22T08:30:00",
        "value1": 0.00,
        "value2": null,
        "time2": null
    },
    {
        "stationId": 15,
        "dateTime1": "1999-08-21T08:30:00",
        "value1": 0.00,
        "value2": null,
        "time2": null
    },
    {
        "stationId": 15,
        "dateTime1": "1999-08-20T08:30:00",
        "value1": 0.00,
        "value2": null,
        "time2": null
    },
    {
        "stationId": 15,
        "dateTime1": "1999-08-19T08:30:00",
        "value1": 0.00,
        "value2": null,
        "time2": null
    },
    {
        "stationId": 15,
        "dateTime1": "1999-08-18T08:30:00",
        "value1": 0.00,
        "value2": null,
        "time2": null
    },
    {
        "stationId": 15,
        "dateTime1": "1999-08-17T08:30:00",
        "value1": 27.40,
        "value2": null,
        "time2": null
    },
    {
        "stationId": 15,
        "dateTime1": "1999-08-16T08:30:00",
        "value1": 0.00,
        "value2": null,
        "time2": null
    },
    {
        "stationId": 15,
        "dateTime1": "1999-08-15T08:30:00",
        "value1": 0.00,
        "value2": null,
        "time2": null
    },
    {
        "stationId": 15,
        "dateTime1": "1999-08-14T08:30:00",
        "value1": 0.70,
        "value2": null,
        "time2": null
    },
    {
        "stationId": 15,
        "dateTime1": "1999-08-13T08:30:00",
        "value1": 1.40,
        "value2": null,
        "time2": null
    },
    {
        "stationId": 15,
        "dateTime1": "1999-08-12T08:30:00",
        "value1": 0.00,
        "value2": null,
        "time2": null
    },
    {
        "stationId": 15,
        "dateTime1": "1999-08-11T08:30:00",
        "value1": 0.00,
        "value2": null,
        "time2": null
    },
    {
        "stationId": 15,
        "dateTime1": "1999-08-10T08:30:00",
        "value1": 0.40,
        "value2": null,
        "time2": null
    },
    {
        "stationId": 15,
        "dateTime1": "1999-08-09T08:30:00",
        "value1": 0.60,
        "value2": null,
        "time2": null
    },
    {
        "stationId": 15,
        "dateTime1": "1999-08-08T08:30:00",
        "value1": 0.00,
        "value2": null,
        "time2": null
    },
    {
        "stationId": 15,
        "dateTime1": "1999-08-07T08:30:00",
        "value1": 0.00,
        "value2": null,
        "time2": null
    },
    {
        "stationId": 15,
        "dateTime1": "1999-08-06T08:30:00",
        "value1": 0.00,
        "value2": null,
        "time2": null
    },
    {
        "stationId": 15,
        "dateTime1": "1999-08-05T08:30:00",
        "value1": 0.00,
        "value2": null,
        "time2": null
    },
    {
        "stationId": 15,
        "dateTime1": "1999-08-04T08:30:00",
        "value1": 0.00,
        "value2": null,
        "time2": null
    },
    {
        "stationId": 15,
        "dateTime1": "1999-08-03T08:30:00",
        "value1": 0.00,
        "value2": null,
        "time2": null
    },
    {
        "stationId": 15,
        "dateTime1": "1999-08-02T08:30:00",
        "value1": 6.20,
        "value2": null,
        "time2": null
    },
    {
        "stationId": 15,
        "dateTime1": "1999-08-01T08:30:00",
        "value1": 0.00,
        "value2": null,
        "time2": null
    },
    {
        "stationId": 15,
        "dateTime1": "1999-07-31T08:30:00",
        "value1": 1.00,
        "value2": null,
        "time2": null
    },
    {
        "stationId": 15,
        "dateTime1": "1999-07-30T08:30:00",
        "value1": 0.00,
        "value2": null,
        "time2": null
    },
    {
        "stationId": 15,
        "dateTime1": "1999-07-29T08:30:00",
        "value1": 2.00,
        "value2": null,
        "time2": null
    },
    {
        "stationId": 15,
        "dateTime1": "1999-07-28T08:30:00",
        "value1": 1.40,
        "value2": null,
        "time2": null
    },
    {
        "stationId": 15,
        "dateTime1": "1999-07-27T08:30:00",
        "value1": 0.00,
        "value2": null,
        "time2": null
    },
    {
        "stationId": 15,
        "dateTime1": "1999-07-26T08:30:00",
        "value1": 0.40,
        "value2": null,
        "time2": null
    },
    {
        "stationId": 15,
        "dateTime1": "1999-07-25T08:30:00",
        "value1": 0.00,
        "value2": null,
        "time2": null
    },
    {
        "stationId": 15,
        "dateTime1": "1999-07-24T08:30:00",
        "value1": 0.00,
        "value2": null,
        "time2": null
    },
    {
        "stationId": 15,
        "dateTime1": "1999-07-23T08:30:00",
        "value1": 1.50,
        "value2": null,
        "time2": null
    },
    {
        "stationId": 15,
        "dateTime1": "1999-07-22T08:30:00",
        "value1": 1.60,
        "value2": null,
        "time2": null
    },
    {
        "stationId": 15,
        "dateTime1": "1999-07-21T08:30:00",
        "value1": 2.60,
        "value2": null,
        "time2": null
    },
    {
        "stationId": 15,
        "dateTime1": "1999-07-20T08:30:00",
        "value1": 4.00,
        "value2": null,
        "time2": null
    },
    {
        "stationId": 15,
        "dateTime1": "1999-07-19T08:30:00",
        "value1": 0.00,
        "value2": null,
        "time2": null
    },
    {
        "stationId": 15,
        "dateTime1": "1999-07-18T08:30:00",
        "value1": 0.00,
        "value2": null,
        "time2": null
    },
    {
        "stationId": 15,
        "dateTime1": "1999-07-17T08:30:00",
        "value1": 0.00,
        "value2": null,
        "time2": null
    },
    {
        "stationId": 15,
        "dateTime1": "1999-07-16T08:30:00",
        "value1": 4.20,
        "value2": null,
        "time2": null
    },
    {
        "stationId": 15,
        "dateTime1": "1999-07-15T08:30:00",
        "value1": 0.00,
        "value2": null,
        "time2": null
    },
    {
        "stationId": 15,
        "dateTime1": "1999-07-14T08:30:00",
        "value1": 2.40,
        "value2": null,
        "time2": null
    },
    {
        "stationId": 15,
        "dateTime1": "1999-07-13T08:30:00",
        "value1": 0.00,
        "value2": null,
        "time2": null
    },
    {
        "stationId": 15,
        "dateTime1": "1999-07-12T08:30:00",
        "value1": 0.00,
        "value2": null,
        "time2": null
    },
    {
        "stationId": 15,
        "dateTime1": "1999-07-11T08:30:00",
        "value1": 0.00,
        "value2": null,
        "time2": null
    },
    {
        "stationId": 15,
        "dateTime1": "1999-07-10T08:30:00",
        "value1": 0.00,
        "value2": null,
        "time2": null
    },
    {
        "stationId": 15,
        "dateTime1": "1999-07-09T08:30:00",
        "value1": 0.00,
        "value2": null,
        "time2": null
    },
    {
        "stationId": 15,
        "dateTime1": "1999-07-08T08:30:00",
        "value1": 0.00,
        "value2": null,
        "time2": null
    },
    {
        "stationId": 15,
        "dateTime1": "1999-07-07T08:30:00",
        "value1": 0.00,
        "value2": null,
        "time2": null
    },
    {
        "stationId": 15,
        "dateTime1": "1999-07-06T08:30:00",
        "value1": 64.00,
        "value2": null,
        "time2": null
    },
    {
        "stationId": 15,
        "dateTime1": "1999-07-05T08:30:00",
        "value1": 0.00,
        "value2": null,
        "time2": null
    },
    {
        "stationId": 15,
        "dateTime1": "1999-07-04T08:30:00",
        "value1": 0.00,
        "value2": null,
        "time2": null
    },
    {
        "stationId": 15,
        "dateTime1": "1999-07-03T08:30:00",
        "value1": 0.00,
        "value2": null,
        "time2": null
    },
    {
        "stationId": 15,
        "dateTime1": "1999-07-02T08:30:00",
        "value1": 0.00,
        "value2": null,
        "time2": null
    },
    {
        "stationId": 15,
        "dateTime1": "1999-07-01T08:30:00",
        "value1": 1.80,
        "value2": null,
        "time2": null
    },
    {
        "stationId": 15,
        "dateTime1": "1999-06-30T08:30:00",
        "value1": 0.00,
        "value2": null,
        "time2": null
    },
    {
        "stationId": 15,
        "dateTime1": "1999-06-29T08:30:00",
        "value1": 0.00,
        "value2": null,
        "time2": null
    },
    {
        "stationId": 15,
        "dateTime1": "1999-06-28T08:30:00",
        "value1": 0.00,
        "value2": null,
        "time2": null
    },
    {
        "stationId": 15,
        "dateTime1": "1999-06-27T08:30:00",
        "value1": 0.00,
        "value2": null,
        "time2": null
    },
    {
        "stationId": 15,
        "dateTime1": "1999-06-26T08:30:00",
        "value1": 0.00,
        "value2": null,
        "time2": null
    },
    {
        "stationId": 15,
        "dateTime1": "1999-06-25T08:30:00",
        "value1": 0.70,
        "value2": null,
        "time2": null
    },
    {
        "stationId": 15,
        "dateTime1": "1999-06-24T08:30:00",
        "value1": 0.00,
        "value2": null,
        "time2": null
    },
    {
        "stationId": 15,
        "dateTime1": "1999-06-23T08:30:00",
        "value1": 1.50,
        "value2": null,
        "time2": null
    },
    {
        "stationId": 15,
        "dateTime1": "1999-06-22T08:30:00",
        "value1": 0.00,
        "value2": null,
        "time2": null
    },
    {
        "stationId": 15,
        "dateTime1": "1999-06-21T08:30:00",
        "value1": 0.00,
        "value2": null,
        "time2": null
    },
    {
        "stationId": 15,
        "dateTime1": "1999-06-20T08:30:00",
        "value1": 0.50,
        "value2": null,
        "time2": null
    },
    {
        "stationId": 15,
        "dateTime1": "1999-06-19T08:30:00",
        "value1": 0.00,
        "value2": null,
        "time2": null
    },
    {
        "stationId": 15,
        "dateTime1": "1999-06-18T08:30:00",
        "value1": 0.00,
        "value2": null,
        "time2": null
    },
    {
        "stationId": 15,
        "dateTime1": "1999-06-17T08:30:00",
        "value1": 0.00,
        "value2": null,
        "time2": null
    },
    {
        "stationId": 15,
        "dateTime1": "1999-06-16T08:30:00",
        "value1": 11.50,
        "value2": null,
        "time2": null
    },
    {
        "stationId": 15,
        "dateTime1": "1999-06-15T08:30:00",
        "value1": 0.00,
        "value2": null,
        "time2": null
    },
    {
        "stationId": 15,
        "dateTime1": "1999-06-14T08:30:00",
        "value1": 0.00,
        "value2": null,
        "time2": null
    },
    {
        "stationId": 15,
        "dateTime1": "1999-06-13T08:30:00",
        "value1": 7.00,
        "value2": null,
        "time2": null
    },
    {
        "stationId": 15,
        "dateTime1": "1999-06-12T08:30:00",
        "value1": 1.80,
        "value2": null,
        "time2": null
    },
    {
        "stationId": 15,
        "dateTime1": "1999-06-11T08:30:00",
        "value1": 8.00,
        "value2": null,
        "time2": null
    },
    {
        "stationId": 15,
        "dateTime1": "1999-06-10T08:30:00",
        "value1": 1.70,
        "value2": null,
        "time2": null
    },
    {
        "stationId": 15,
        "dateTime1": "1999-06-09T08:30:00",
        "value1": 0.00,
        "value2": null,
        "time2": null
    },
    {
        "stationId": 15,
        "dateTime1": "1999-06-08T08:30:00",
        "value1": 0.00,
        "value2": null,
        "time2": null
    },
    {
        "stationId": 15,
        "dateTime1": "1999-06-07T08:30:00",
        "value1": 0.00,
        "value2": null,
        "time2": null
    },
    {
        "stationId": 15,
        "dateTime1": "1999-06-06T08:30:00",
        "value1": 0.00,
        "value2": null,
        "time2": null
    },
    {
        "stationId": 15,
        "dateTime1": "1999-06-05T08:30:00",
        "value1": 2.30,
        "value2": null,
        "time2": null
    },
    {
        "stationId": 15,
        "dateTime1": "1999-06-04T08:30:00",
        "value1": 3.00,
        "value2": null,
        "time2": null
    },
    {
        "stationId": 15,
        "dateTime1": "1999-06-03T08:30:00",
        "value1": 0.00,
        "value2": null,
        "time2": null
    },
    {
        "stationId": 15,
        "dateTime1": "1999-06-02T08:30:00",
        "value1": 0.00,
        "value2": null,
        "time2": null
    },
    {
        "stationId": 15,
        "dateTime1": "1999-06-01T08:30:00",
        "value1": 0.00,
        "value2": null,
        "time2": null
    },
    {
        "stationId": 15,
        "dateTime1": "1999-05-31T08:30:00",
        "value1": 0.00,
        "value2": null,
        "time2": null
    },
    {
        "stationId": 15,
        "dateTime1": "1999-05-30T08:30:00",
        "value1": 0.00,
        "value2": null,
        "time2": null
    },
    {
        "stationId": 15,
        "dateTime1": "1999-05-29T08:30:00",
        "value1": 0.00,
        "value2": null,
        "time2": null
    },
    {
        "stationId": 15,
        "dateTime1": "1999-05-28T08:30:00",
        "value1": 8.20,
        "value2": null,
        "time2": null
    },
    {
        "stationId": 15,
        "dateTime1": "1999-05-27T08:30:00",
        "value1": 1.30,
        "value2": null,
        "time2": null
    },
    {
        "stationId": 15,
        "dateTime1": "1999-05-26T08:30:00",
        "value1": 1.60,
        "value2": null,
        "time2": null
    },
    {
        "stationId": 15,
        "dateTime1": "1999-05-25T08:30:00",
        "value1": 4.20,
        "value2": null,
        "time2": null
    },
    {
        "stationId": 15,
        "dateTime1": "1999-05-24T08:30:00",
        "value1": 0.00,
        "value2": null,
        "time2": null
    },
    {
        "stationId": 15,
        "dateTime1": "1999-05-23T08:30:00",
        "value1": 0.00,
        "value2": null,
        "time2": null
    },
    {
        "stationId": 15,
        "dateTime1": "1999-05-22T08:30:00",
        "value1": 0.00,
        "value2": null,
        "time2": null
    },
    {
        "stationId": 15,
        "dateTime1": "1999-05-21T08:30:00",
        "value1": 0.00,
        "value2": null,
        "time2": null
    },
    {
        "stationId": 15,
        "dateTime1": "1999-05-20T08:30:00",
        "value1": 0.00,
        "value2": null,
        "time2": null
    },
    {
        "stationId": 15,
        "dateTime1": "1999-05-19T08:30:00",
        "value1": 0.00,
        "value2": null,
        "time2": null
    },
    {
        "stationId": 15,
        "dateTime1": "1999-05-18T08:30:00",
        "value1": 0.00,
        "value2": null,
        "time2": null
    },
    {
        "stationId": 15,
        "dateTime1": "1999-05-17T08:30:00",
        "value1": 0.00,
        "value2": null,
        "time2": null
    },
    {
        "stationId": 15,
        "dateTime1": "1999-05-16T08:30:00",
        "value1": 0.00,
        "value2": null,
        "time2": null
    },
    {
        "stationId": 15,
        "dateTime1": "1999-05-15T08:30:00",
        "value1": 1.80,
        "value2": null,
        "time2": null
    },
    {
        "stationId": 15,
        "dateTime1": "1999-05-14T08:30:00",
        "value1": 2.40,
        "value2": null,
        "time2": null
    },
    {
        "stationId": 15,
        "dateTime1": "1999-05-13T08:30:00",
        "value1": 0.00,
        "value2": null,
        "time2": null
    },
    {
        "stationId": 15,
        "dateTime1": "1999-05-12T08:30:00",
        "value1": 1.20,
        "value2": null,
        "time2": null
    },
    {
        "stationId": 15,
        "dateTime1": "1999-05-11T08:30:00",
        "value1": 0.00,
        "value2": null,
        "time2": null
    },
    {
        "stationId": 15,
        "dateTime1": "1999-05-10T08:30:00",
        "value1": 0.00,
        "value2": null,
        "time2": null
    },
    {
        "stationId": 15,
        "dateTime1": "1999-05-09T08:30:00",
        "value1": 0.00,
        "value2": null,
        "time2": null
    },
    {
        "stationId": 15,
        "dateTime1": "1999-05-08T08:30:00",
        "value1": 0.00,
        "value2": null,
        "time2": null
    },
    {
        "stationId": 15,
        "dateTime1": "1999-05-07T08:30:00",
        "value1": 0.30,
        "value2": null,
        "time2": null
    },
    {
        "stationId": 15,
        "dateTime1": "1999-05-06T08:30:00",
        "value1": 28.20,
        "value2": null,
        "time2": null
    },
    {
        "stationId": 15,
        "dateTime1": "1999-05-05T08:30:00",
        "value1": 7.10,
        "value2": null,
        "time2": null
    },
    {
        "stationId": 15,
        "dateTime1": "1999-05-04T08:30:00",
        "value1": 0.00,
        "value2": null,
        "time2": null
    },
    {
        "stationId": 15,
        "dateTime1": "1999-05-03T08:30:00",
        "value1": 0.00,
        "value2": null,
        "time2": null
    },
    {
        "stationId": 15,
        "dateTime1": "1999-05-02T08:30:00",
        "value1": 0.00,
        "value2": null,
        "time2": null
    },
    {
        "stationId": 15,
        "dateTime1": "1999-05-01T08:30:00",
        "value1": 0.00,
        "value2": null,
        "time2": null
    },
    {
        "stationId": 15,
        "dateTime1": "1999-04-30T08:30:00",
        "value1": 0.00,
        "value2": null,
        "time2": null
    },
    {
        "stationId": 15,
        "dateTime1": "1999-04-29T08:30:00",
        "value1": 0.00,
        "value2": null,
        "time2": null
    },
    {
        "stationId": 15,
        "dateTime1": "1999-04-28T08:30:00",
        "value1": 0.00,
        "value2": null,
        "time2": null
    },
    {
        "stationId": 15,
        "dateTime1": "1999-04-27T08:30:00",
        "value1": 0.00,
        "value2": null,
        "time2": null
    },
    {
        "stationId": 15,
        "dateTime1": "1999-04-26T08:30:00",
        "value1": 12.50,
        "value2": null,
        "time2": null
    },
    {
        "stationId": 15,
        "dateTime1": "1999-04-25T08:30:00",
        "value1": 0.00,
        "value2": null,
        "time2": null
    },
    {
        "stationId": 15,
        "dateTime1": "1999-04-24T08:30:00",
        "value1": 0.00,
        "value2": null,
        "time2": null
    },
    {
        "stationId": 15,
        "dateTime1": "1999-04-23T08:30:00",
        "value1": 0.00,
        "value2": null,
        "time2": null
    },
    {
        "stationId": 15,
        "dateTime1": "1999-04-22T08:30:00",
        "value1": 0.00,
        "value2": null,
        "time2": null
    },
    {
        "stationId": 15,
        "dateTime1": "1999-04-21T08:30:00",
        "value1": 0.00,
        "value2": null,
        "time2": null
    },
    {
        "stationId": 15,
        "dateTime1": "1999-04-20T08:30:00",
        "value1": 0.00,
        "value2": null,
        "time2": null
    },
    {
        "stationId": 15,
        "dateTime1": "1999-04-19T08:30:00",
        "value1": 0.00,
        "value2": null,
        "time2": null
    },
    {
        "stationId": 15,
        "dateTime1": "1999-04-18T08:30:00",
        "value1": 0.00,
        "value2": null,
        "time2": null
    },
    {
        "stationId": 15,
        "dateTime1": "1999-04-17T08:30:00",
        "value1": 0.00,
        "value2": null,
        "time2": null
    },
    {
        "stationId": 15,
        "dateTime1": "1999-04-16T08:30:00",
        "value1": 0.00,
        "value2": null,
        "time2": null
    },
    {
        "stationId": 15,
        "dateTime1": "1999-04-15T08:30:00",
        "value1": 0.00,
        "value2": null,
        "time2": null
    },
    {
        "stationId": 15,
        "dateTime1": "1999-04-14T08:30:00",
        "value1": 0.00,
        "value2": null,
        "time2": null
    },
    {
        "stationId": 15,
        "dateTime1": "1999-04-13T08:30:00",
        "value1": 0.00,
        "value2": null,
        "time2": null
    },
    {
        "stationId": 15,
        "dateTime1": "1999-04-12T08:30:00",
        "value1": 0.00,
        "value2": null,
        "time2": null
    },
    {
        "stationId": 15,
        "dateTime1": "1999-04-11T08:30:00",
        "value1": 0.00,
        "value2": null,
        "time2": null
    },
    {
        "stationId": 15,
        "dateTime1": "1999-04-10T08:30:00",
        "value1": 0.00,
        "value2": null,
        "time2": null
    },
    {
        "stationId": 15,
        "dateTime1": "1999-04-09T08:30:00",
        "value1": 0.00,
        "value2": null,
        "time2": null
    },
    {
        "stationId": 15,
        "dateTime1": "1999-04-08T08:30:00",
        "value1": 0.00,
        "value2": null,
        "time2": null
    },
    {
        "stationId": 15,
        "dateTime1": "1999-04-07T08:30:00",
        "value1": 0.00,
        "value2": null,
        "time2": null
    },
    {
        "stationId": 15,
        "dateTime1": "1999-04-06T08:30:00",
        "value1": 0.00,
        "value2": null,
        "time2": null
    },
    {
        "stationId": 15,
        "dateTime1": "1999-04-05T08:30:00",
        "value1": 0.00,
        "value2": null,
        "time2": null
    },
    {
        "stationId": 15,
        "dateTime1": "1999-04-04T08:30:00",
        "value1": 0.00,
        "value2": null,
        "time2": null
    },
    {
        "stationId": 15,
        "dateTime1": "1999-04-03T08:30:00",
        "value1": 0.00,
        "value2": null,
        "time2": null
    },
    {
        "stationId": 15,
        "dateTime1": "1999-04-02T08:30:00",
        "value1": 0.00,
        "value2": null,
        "time2": null
    },
    {
        "stationId": 15,
        "dateTime1": "1999-04-01T08:30:00",
        "value1": 0.00,
        "value2": null,
        "time2": null
    },
    {
        "stationId": 15,
        "dateTime1": "1999-03-31T08:30:00",
        "value1": 0.00,
        "value2": null,
        "time2": null
    },
    {
        "stationId": 15,
        "dateTime1": "1999-03-30T08:30:00",
        "value1": 0.00,
        "value2": null,
        "time2": null
    },
    {
        "stationId": 15,
        "dateTime1": "1999-03-29T08:30:00",
        "value1": 0.00,
        "value2": null,
        "time2": null
    },
    {
        "stationId": 15,
        "dateTime1": "1999-03-28T08:30:00",
        "value1": 0.00,
        "value2": null,
        "time2": null
    },
    {
        "stationId": 15,
        "dateTime1": "1999-03-27T08:30:00",
        "value1": 0.00,
        "value2": null,
        "time2": null
    },
    {
        "stationId": 15,
        "dateTime1": "1999-03-26T08:30:00",
        "value1": 0.00,
        "value2": null,
        "time2": null
    },
    {
        "stationId": 15,
        "dateTime1": "1999-03-25T08:30:00",
        "value1": 0.00,
        "value2": null,
        "time2": null
    },
    {
        "stationId": 15,
        "dateTime1": "1999-03-24T08:30:00",
        "value1": 0.00,
        "value2": null,
        "time2": null
    },
    {
        "stationId": 15,
        "dateTime1": "1999-03-23T08:30:00",
        "value1": 0.00,
        "value2": null,
        "time2": null
    },
    {
        "stationId": 15,
        "dateTime1": "1999-03-22T08:30:00",
        "value1": 0.00,
        "value2": null,
        "time2": null
    },
    {
        "stationId": 15,
        "dateTime1": "1999-03-21T08:30:00",
        "value1": 0.00,
        "value2": null,
        "time2": null
    },
    {
        "stationId": 15,
        "dateTime1": "1999-03-20T08:30:00",
        "value1": 0.00,
        "value2": null,
        "time2": null
    },
    {
        "stationId": 15,
        "dateTime1": "1999-03-19T08:30:00",
        "value1": 0.00,
        "value2": null,
        "time2": null
    },
    {
        "stationId": 15,
        "dateTime1": "1999-03-18T08:30:00",
        "value1": 0.00,
        "value2": null,
        "time2": null
    },
    {
        "stationId": 15,
        "dateTime1": "1999-03-17T08:30:00",
        "value1": 0.00,
        "value2": null,
        "time2": null
    },
    {
        "stationId": 15,
        "dateTime1": "1999-03-16T08:30:00",
        "value1": 0.00,
        "value2": null,
        "time2": null
    },
    {
        "stationId": 15,
        "dateTime1": "1999-03-15T08:30:00",
        "value1": 0.00,
        "value2": null,
        "time2": null
    },
    {
        "stationId": 15,
        "dateTime1": "1999-03-14T08:30:00",
        "value1": 0.00,
        "value2": null,
        "time2": null
    },
    {
        "stationId": 15,
        "dateTime1": "1999-03-13T08:30:00",
        "value1": 0.00,
        "value2": null,
        "time2": null
    },
    {
        "stationId": 15,
        "dateTime1": "1999-03-12T08:30:00",
        "value1": 0.00,
        "value2": null,
        "time2": null
    },
    {
        "stationId": 15,
        "dateTime1": "1999-03-11T08:30:00",
        "value1": 0.00,
        "value2": null,
        "time2": null
    },
    {
        "stationId": 15,
        "dateTime1": "1999-03-10T08:30:00",
        "value1": 0.00,
        "value2": null,
        "time2": null
    },
    {
        "stationId": 15,
        "dateTime1": "1999-03-09T08:30:00",
        "value1": 0.00,
        "value2": null,
        "time2": null
    },
    {
        "stationId": 15,
        "dateTime1": "1999-03-08T08:30:00",
        "value1": 0.00,
        "value2": null,
        "time2": null
    },
    {
        "stationId": 15,
        "dateTime1": "1999-03-07T08:30:00",
        "value1": 0.00,
        "value2": null,
        "time2": null
    },
    {
        "stationId": 15,
        "dateTime1": "1999-03-06T08:30:00",
        "value1": 0.00,
        "value2": null,
        "time2": null
    },
    {
        "stationId": 15,
        "dateTime1": "1999-03-05T08:30:00",
        "value1": 0.00,
        "value2": null,
        "time2": null
    },
    {
        "stationId": 15,
        "dateTime1": "1999-03-04T08:30:00",
        "value1": 0.00,
        "value2": null,
        "time2": null
    },
    {
        "stationId": 15,
        "dateTime1": "1999-03-03T08:30:00",
        "value1": 0.00,
        "value2": null,
        "time2": null
    },
    {
        "stationId": 15,
        "dateTime1": "1999-03-02T08:30:00",
        "value1": 0.00,
        "value2": null,
        "time2": null
    },
    {
        "stationId": 15,
        "dateTime1": "1999-03-01T08:30:00",
        "value1": 0.00,
        "value2": null,
        "time2": null
    },
    {
        "stationId": 15,
        "dateTime1": "1999-02-28T08:30:00",
        "value1": 0.00,
        "value2": null,
        "time2": null
    },
    {
        "stationId": 15,
        "dateTime1": "1999-02-27T08:30:00",
        "value1": 0.00,
        "value2": null,
        "time2": null
    },
    {
        "stationId": 15,
        "dateTime1": "1999-02-26T08:30:00",
        "value1": 0.00,
        "value2": null,
        "time2": null
    },
    {
        "stationId": 15,
        "dateTime1": "1999-02-25T08:30:00",
        "value1": 0.00,
        "value2": null,
        "time2": null
    },
    {
        "stationId": 15,
        "dateTime1": "1999-02-24T08:30:00",
        "value1": 0.00,
        "value2": null,
        "time2": null
    },
    {
        "stationId": 15,
        "dateTime1": "1999-02-23T08:30:00",
        "value1": 0.00,
        "value2": null,
        "time2": null
    },
    {
        "stationId": 15,
        "dateTime1": "1999-02-22T08:30:00",
        "value1": 0.00,
        "value2": null,
        "time2": null
    },
    {
        "stationId": 15,
        "dateTime1": "1999-02-21T08:30:00",
        "value1": 0.00,
        "value2": null,
        "time2": null
    },
    {
        "stationId": 15,
        "dateTime1": "1999-02-20T08:30:00",
        "value1": 0.00,
        "value2": null,
        "time2": null
    },
    {
        "stationId": 15,
        "dateTime1": "1999-02-19T08:30:00",
        "value1": 0.00,
        "value2": null,
        "time2": null
    },
    {
        "stationId": 15,
        "dateTime1": "1999-02-18T08:30:00",
        "value1": 0.00,
        "value2": null,
        "time2": null
    },
    {
        "stationId": 15,
        "dateTime1": "1999-02-17T08:30:00",
        "value1": 0.00,
        "value2": null,
        "time2": null
    },
    {
        "stationId": 15,
        "dateTime1": "1999-02-16T08:30:00",
        "value1": 0.00,
        "value2": null,
        "time2": null
    },
    {
        "stationId": 15,
        "dateTime1": "1999-02-15T08:30:00",
        "value1": 0.00,
        "value2": null,
        "time2": null
    },
    {
        "stationId": 15,
        "dateTime1": "1999-02-14T08:30:00",
        "value1": 0.00,
        "value2": null,
        "time2": null
    },
    {
        "stationId": 15,
        "dateTime1": "1999-02-13T08:30:00",
        "value1": 0.00,
        "value2": null,
        "time2": null
    },
    {
        "stationId": 15,
        "dateTime1": "1999-02-12T08:30:00",
        "value1": 0.00,
        "value2": null,
        "time2": null
    },
    {
        "stationId": 15,
        "dateTime1": "1999-02-11T08:30:00",
        "value1": 0.00,
        "value2": null,
        "time2": null
    },
    {
        "stationId": 15,
        "dateTime1": "1999-02-10T08:30:00",
        "value1": 0.00,
        "value2": null,
        "time2": null
    },
    {
        "stationId": 15,
        "dateTime1": "1999-02-09T08:30:00",
        "value1": 0.00,
        "value2": null,
        "time2": null
    },
    {
        "stationId": 15,
        "dateTime1": "1999-02-08T08:30:00",
        "value1": 17.40,
        "value2": null,
        "time2": null
    },
    {
        "stationId": 15,
        "dateTime1": "1999-02-07T08:30:00",
        "value1": 0.00,
        "value2": null,
        "time2": null
    },
    {
        "stationId": 15,
        "dateTime1": "1999-02-06T08:30:00",
        "value1": 0.00,
        "value2": null,
        "time2": null
    },
    {
        "stationId": 15,
        "dateTime1": "1999-02-05T08:30:00",
        "value1": 0.00,
        "value2": null,
        "time2": null
    },
    {
        "stationId": 15,
        "dateTime1": "1999-02-04T08:30:00",
        "value1": 0.00,
        "value2": null,
        "time2": null
    },
    {
        "stationId": 15,
        "dateTime1": "1999-02-03T08:30:00",
        "value1": 0.00,
        "value2": null,
        "time2": null
    },
    {
        "stationId": 15,
        "dateTime1": "1999-02-02T08:30:00",
        "value1": 0.00,
        "value2": null,
        "time2": null
    },
    {
        "stationId": 15,
        "dateTime1": "1999-02-01T08:30:00",
        "value1": 0.00,
        "value2": null,
        "time2": null
    },
    {
        "stationId": 15,
        "dateTime1": "1999-01-31T08:30:00",
        "value1": 0.00,
        "value2": null,
        "time2": null
    },
    {
        "stationId": 15,
        "dateTime1": "1999-01-30T08:30:00",
        "value1": 0.00,
        "value2": null,
        "time2": null
    },
    {
        "stationId": 15,
        "dateTime1": "1999-01-29T08:30:00",
        "value1": 0.00,
        "value2": null,
        "time2": null
    },
    {
        "stationId": 15,
        "dateTime1": "1999-01-28T08:30:00",
        "value1": 0.00,
        "value2": null,
        "time2": null
    },
    {
        "stationId": 15,
        "dateTime1": "1999-01-27T08:30:00",
        "value1": 0.00,
        "value2": null,
        "time2": null
    },
    {
        "stationId": 15,
        "dateTime1": "1999-01-26T08:30:00",
        "value1": 0.00,
        "value2": null,
        "time2": null
    },
    {
        "stationId": 15,
        "dateTime1": "1999-01-25T08:30:00",
        "value1": 0.00,
        "value2": null,
        "time2": null
    },
    {
        "stationId": 15,
        "dateTime1": "1999-01-24T08:30:00",
        "value1": 0.00,
        "value2": null,
        "time2": null
    },
    {
        "stationId": 15,
        "dateTime1": "1999-01-23T08:30:00",
        "value1": 0.00,
        "value2": null,
        "time2": null
    },
    {
        "stationId": 15,
        "dateTime1": "1999-01-22T08:30:00",
        "value1": 0.00,
        "value2": null,
        "time2": null
    },
    {
        "stationId": 15,
        "dateTime1": "1999-01-21T08:30:00",
        "value1": 0.00,
        "value2": null,
        "time2": null
    },
    {
        "stationId": 15,
        "dateTime1": "1999-01-20T08:30:00",
        "value1": 0.00,
        "value2": null,
        "time2": null
    },
    {
        "stationId": 15,
        "dateTime1": "1999-01-19T08:30:00",
        "value1": 0.00,
        "value2": null,
        "time2": null
    },
    {
        "stationId": 15,
        "dateTime1": "1999-01-18T08:30:00",
        "value1": 0.00,
        "value2": null,
        "time2": null
    },
    {
        "stationId": 15,
        "dateTime1": "1999-01-17T08:30:00",
        "value1": 0.00,
        "value2": null,
        "time2": null
    },
    {
        "stationId": 15,
        "dateTime1": "1999-01-16T08:30:00",
        "value1": 0.00,
        "value2": null,
        "time2": null
    },
    {
        "stationId": 15,
        "dateTime1": "1999-01-15T08:30:00",
        "value1": 0.00,
        "value2": null,
        "time2": null
    },
    {
        "stationId": 15,
        "dateTime1": "1999-01-14T08:30:00",
        "value1": 0.00,
        "value2": null,
        "time2": null
    },
    {
        "stationId": 15,
        "dateTime1": "1999-01-13T08:30:00",
        "value1": 0.00,
        "value2": null,
        "time2": null
    },
    {
        "stationId": 15,
        "dateTime1": "1999-01-12T08:30:00",
        "value1": 0.00,
        "value2": null,
        "time2": null
    },
    {
        "stationId": 15,
        "dateTime1": "1999-01-11T08:30:00",
        "value1": 0.00,
        "value2": null,
        "time2": null
    },
    {
        "stationId": 15,
        "dateTime1": "1999-01-10T08:30:00",
        "value1": 0.00,
        "value2": null,
        "time2": null
    },
    {
        "stationId": 15,
        "dateTime1": "1999-01-09T08:30:00",
        "value1": 0.00,
        "value2": null,
        "time2": null
    },
    {
        "stationId": 15,
        "dateTime1": "1999-01-08T08:30:00",
        "value1": 0.00,
        "value2": null,
        "time2": null
    },
    {
        "stationId": 15,
        "dateTime1": "1999-01-07T08:30:00",
        "value1": 0.00,
        "value2": null,
        "time2": null
    },
    {
        "stationId": 15,
        "dateTime1": "1999-01-06T08:30:00",
        "value1": 0.00,
        "value2": null,
        "time2": null
    },
    {
        "stationId": 15,
        "dateTime1": "1999-01-05T08:30:00",
        "value1": 0.00,
        "value2": null,
        "time2": null
    },
    {
        "stationId": 15,
        "dateTime1": "1999-01-04T08:30:00",
        "value1": 0.00,
        "value2": null,
        "time2": null
    },
    {
        "stationId": 15,
        "dateTime1": "1999-01-03T08:30:00",
        "value1": 0.00,
        "value2": null,
        "time2": null
    },
    {
        "stationId": 15,
        "dateTime1": "1999-01-02T08:30:00",
        "value1": 0.00,
        "value2": null,
        "time2": null
    },
    {
        "stationId": 15,
        "dateTime1": "1999-01-01T08:30:00",
        "value1": 0.00,
        "value2": null,
        "time2": null
    },
    {
        "stationId": 15,
        "dateTime1": "1998-12-31T08:30:00",
        "value1": 0.00,
        "value2": null,
        "time2": null
    },
    {
        "stationId": 15,
        "dateTime1": "1998-12-30T08:30:00",
        "value1": 0.00,
        "value2": null,
        "time2": null
    },
    {
        "stationId": 15,
        "dateTime1": "1998-12-29T08:30:00",
        "value1": 0.00,
        "value2": null,
        "time2": null
    },
    {
        "stationId": 15,
        "dateTime1": "1998-12-28T08:30:00",
        "value1": 0.00,
        "value2": null,
        "time2": null
    },
    {
        "stationId": 15,
        "dateTime1": "1998-12-27T08:30:00",
        "value1": 0.00,
        "value2": null,
        "time2": null
    },
    {
        "stationId": 15,
        "dateTime1": "1998-12-26T08:30:00",
        "value1": 0.00,
        "value2": null,
        "time2": null
    },
    {
        "stationId": 15,
        "dateTime1": "1998-12-25T08:30:00",
        "value1": 0.00,
        "value2": null,
        "time2": null
    },
    {
        "stationId": 15,
        "dateTime1": "1998-12-24T08:30:00",
        "value1": 0.00,
        "value2": null,
        "time2": null
    },
    {
        "stationId": 15,
        "dateTime1": "1998-12-23T08:30:00",
        "value1": 0.00,
        "value2": null,
        "time2": null
    },
    {
        "stationId": 15,
        "dateTime1": "1998-12-22T08:30:00",
        "value1": 0.00,
        "value2": null,
        "time2": null
    },
    {
        "stationId": 15,
        "dateTime1": "1998-12-21T08:30:00",
        "value1": 0.00,
        "value2": null,
        "time2": null
    },
    {
        "stationId": 15,
        "dateTime1": "1998-12-20T08:30:00",
        "value1": 0.00,
        "value2": null,
        "time2": null
    },
    {
        "stationId": 15,
        "dateTime1": "1998-12-19T08:30:00",
        "value1": 0.00,
        "value2": null,
        "time2": null
    },
    {
        "stationId": 15,
        "dateTime1": "1998-12-18T08:30:00",
        "value1": 0.00,
        "value2": null,
        "time2": null
    },
    {
        "stationId": 15,
        "dateTime1": "1998-12-17T08:30:00",
        "value1": 0.00,
        "value2": null,
        "time2": null
    },
    {
        "stationId": 15,
        "dateTime1": "1998-12-16T08:30:00",
        "value1": 0.00,
        "value2": null,
        "time2": null
    },
    {
        "stationId": 15,
        "dateTime1": "1998-12-15T08:30:00",
        "value1": 0.00,
        "value2": null,
        "time2": null
    },
    {
        "stationId": 15,
        "dateTime1": "1998-12-14T08:30:00",
        "value1": 0.00,
        "value2": null,
        "time2": null
    },
    {
        "stationId": 15,
        "dateTime1": "1998-12-13T08:30:00",
        "value1": 0.00,
        "value2": null,
        "time2": null
    },
    {
        "stationId": 15,
        "dateTime1": "1998-12-12T08:30:00",
        "value1": 0.00,
        "value2": null,
        "time2": null
    },
    {
        "stationId": 15,
        "dateTime1": "1998-12-11T08:30:00",
        "value1": 0.00,
        "value2": null,
        "time2": null
    },
    {
        "stationId": 15,
        "dateTime1": "1998-12-10T08:30:00",
        "value1": 0.00,
        "value2": null,
        "time2": null
    },
    {
        "stationId": 15,
        "dateTime1": "1998-12-09T08:30:00",
        "value1": 0.00,
        "value2": null,
        "time2": null
    },
    {
        "stationId": 15,
        "dateTime1": "1998-12-08T08:30:00",
        "value1": 0.00,
        "value2": null,
        "time2": null
    },
    {
        "stationId": 15,
        "dateTime1": "1998-12-07T08:30:00",
        "value1": 0.00,
        "value2": null,
        "time2": null
    },
    {
        "stationId": 15,
        "dateTime1": "1998-12-06T08:30:00",
        "value1": 0.00,
        "value2": null,
        "time2": null
    },
    {
        "stationId": 15,
        "dateTime1": "1998-12-05T08:30:00",
        "value1": 0.00,
        "value2": null,
        "time2": null
    },
    {
        "stationId": 15,
        "dateTime1": "1998-12-04T08:30:00",
        "value1": 0.00,
        "value2": null,
        "time2": null
    },
    {
        "stationId": 15,
        "dateTime1": "1998-12-03T08:30:00",
        "value1": 0.00,
        "value2": null,
        "time2": null
    },
    {
        "stationId": 15,
        "dateTime1": "1998-12-02T08:30:00",
        "value1": 0.00,
        "value2": null,
        "time2": null
    },
    {
        "stationId": 15,
        "dateTime1": "1998-12-01T08:30:00",
        "value1": 0.00,
        "value2": null,
        "time2": null
    },
    {
        "stationId": 15,
        "dateTime1": "1998-11-30T08:30:00",
        "value1": 0.00,
        "value2": null,
        "time2": null
    },
    {
        "stationId": 15,
        "dateTime1": "1998-11-29T08:30:00",
        "value1": 0.00,
        "value2": null,
        "time2": null
    },
    {
        "stationId": 15,
        "dateTime1": "1998-11-28T08:30:00",
        "value1": 0.00,
        "value2": null,
        "time2": null
    },
    {
        "stationId": 15,
        "dateTime1": "1998-11-27T08:30:00",
        "value1": 0.00,
        "value2": null,
        "time2": null
    },
    {
        "stationId": 15,
        "dateTime1": "1998-11-26T08:30:00",
        "value1": 0.00,
        "value2": null,
        "time2": null
    },
    {
        "stationId": 15,
        "dateTime1": "1998-11-25T08:30:00",
        "value1": 0.00,
        "value2": null,
        "time2": null
    },
    {
        "stationId": 15,
        "dateTime1": "1998-11-24T08:30:00",
        "value1": 0.00,
        "value2": null,
        "time2": null
    },
    {
        "stationId": 15,
        "dateTime1": "1998-11-23T08:30:00",
        "value1": 0.00,
        "value2": null,
        "time2": null
    },
    {
        "stationId": 15,
        "dateTime1": "1998-11-22T08:30:00",
        "value1": 0.00,
        "value2": null,
        "time2": null
    },
    {
        "stationId": 15,
        "dateTime1": "1998-11-21T08:30:00",
        "value1": 0.00,
        "value2": null,
        "time2": null
    },
    {
        "stationId": 15,
        "dateTime1": "1998-11-20T08:30:00",
        "value1": 0.00,
        "value2": null,
        "time2": null
    },
    {
        "stationId": 15,
        "dateTime1": "1998-11-19T08:30:00",
        "value1": 0.00,
        "value2": null,
        "time2": null
    },
    {
        "stationId": 15,
        "dateTime1": "1998-11-18T08:30:00",
        "value1": 0.00,
        "value2": null,
        "time2": null
    },
    {
        "stationId": 15,
        "dateTime1": "1998-11-17T08:30:00",
        "value1": 0.00,
        "value2": null,
        "time2": null
    },
    {
        "stationId": 15,
        "dateTime1": "1998-11-16T08:30:00",
        "value1": 0.00,
        "value2": null,
        "time2": null
    },
    {
        "stationId": 15,
        "dateTime1": "1998-11-15T08:30:00",
        "value1": 0.00,
        "value2": null,
        "time2": null
    },
    {
        "stationId": 15,
        "dateTime1": "1998-11-14T08:30:00",
        "value1": 0.00,
        "value2": null,
        "time2": null
    },
    {
        "stationId": 15,
        "dateTime1": "1998-11-13T08:30:00",
        "value1": 0.00,
        "value2": null,
        "time2": null
    },
    {
        "stationId": 15,
        "dateTime1": "1998-11-12T08:30:00",
        "value1": 0.00,
        "value2": null,
        "time2": null
    },
    {
        "stationId": 15,
        "dateTime1": "1998-11-11T08:30:00",
        "value1": 0.00,
        "value2": null,
        "time2": null
    },
    {
        "stationId": 15,
        "dateTime1": "1998-11-10T08:30:00",
        "value1": 0.00,
        "value2": null,
        "time2": null
    },
    {
        "stationId": 15,
        "dateTime1": "1998-11-09T08:30:00",
        "value1": 16.70,
        "value2": null,
        "time2": null
    },
    {
        "stationId": 15,
        "dateTime1": "1998-11-08T08:30:00",
        "value1": 6.40,
        "value2": null,
        "time2": null
    },
    {
        "stationId": 15,
        "dateTime1": "1998-11-07T08:30:00",
        "value1": 0.60,
        "value2": null,
        "time2": null
    },
    {
        "stationId": 15,
        "dateTime1": "1998-11-06T08:30:00",
        "value1": 0.00,
        "value2": null,
        "time2": null
    },
    {
        "stationId": 15,
        "dateTime1": "1998-11-05T08:30:00",
        "value1": 1.40,
        "value2": null,
        "time2": null
    },
    {
        "stationId": 15,
        "dateTime1": "1998-11-04T08:30:00",
        "value1": 0.00,
        "value2": null,
        "time2": null
    },
    {
        "stationId": 15,
        "dateTime1": "1998-11-03T08:30:00",
        "value1": 0.00,
        "value2": null,
        "time2": null
    },
    {
        "stationId": 15,
        "dateTime1": "1998-11-02T08:30:00",
        "value1": 0.00,
        "value2": null,
        "time2": null
    },
    {
        "stationId": 15,
        "dateTime1": "1998-11-01T08:30:00",
        "value1": 0.00,
        "value2": null,
        "time2": null
    },
    {
        "stationId": 15,
        "dateTime1": "1998-10-31T08:30:00",
        "value1": 0.00,
        "value2": null,
        "time2": null
    },
    {
        "stationId": 15,
        "dateTime1": "1998-10-30T08:30:00",
        "value1": 0.00,
        "value2": null,
        "time2": null
    },
    {
        "stationId": 15,
        "dateTime1": "1998-10-29T08:30:00",
        "value1": 0.00,
        "value2": null,
        "time2": null
    },
    {
        "stationId": 15,
        "dateTime1": "1998-10-28T08:30:00",
        "value1": 0.00,
        "value2": null,
        "time2": null
    },
    {
        "stationId": 15,
        "dateTime1": "1998-10-27T08:30:00",
        "value1": 0.00,
        "value2": null,
        "time2": null
    },
    {
        "stationId": 15,
        "dateTime1": "1998-10-26T08:30:00",
        "value1": 0.00,
        "value2": null,
        "time2": null
    },
    {
        "stationId": 15,
        "dateTime1": "1998-10-25T08:30:00",
        "value1": 0.00,
        "value2": null,
        "time2": null
    },
    {
        "stationId": 15,
        "dateTime1": "1998-10-24T08:30:00",
        "value1": 0.00,
        "value2": null,
        "time2": null
    },
    {
        "stationId": 15,
        "dateTime1": "1998-10-23T08:30:00",
        "value1": 0.00,
        "value2": null,
        "time2": null
    },
    {
        "stationId": 15,
        "dateTime1": "1998-10-22T08:30:00",
        "value1": 0.00,
        "value2": null,
        "time2": null
    },
    {
        "stationId": 15,
        "dateTime1": "1998-10-21T08:30:00",
        "value1": 0.00,
        "value2": null,
        "time2": null
    },
    {
        "stationId": 15,
        "dateTime1": "1998-10-20T08:30:00",
        "value1": 0.00,
        "value2": null,
        "time2": null
    },
    {
        "stationId": 15,
        "dateTime1": "1998-10-19T08:30:00",
        "value1": 0.00,
        "value2": null,
        "time2": null
    },
    {
        "stationId": 15,
        "dateTime1": "1998-10-18T08:30:00",
        "value1": 0.00,
        "value2": null,
        "time2": null
    },
    {
        "stationId": 15,
        "dateTime1": "1998-10-17T08:30:00",
        "value1": 3.00,
        "value2": null,
        "time2": null
    },
    {
        "stationId": 15,
        "dateTime1": "1998-10-16T08:30:00",
        "value1": 3.40,
        "value2": null,
        "time2": null
    },
    {
        "stationId": 15,
        "dateTime1": "1998-10-15T08:30:00",
        "value1": 30.00,
        "value2": null,
        "time2": null
    },
    {
        "stationId": 15,
        "dateTime1": "1998-10-14T08:30:00",
        "value1": 13.20,
        "value2": null,
        "time2": null
    },
    {
        "stationId": 15,
        "dateTime1": "1998-10-13T08:30:00",
        "value1": 9.80,
        "value2": null,
        "time2": null
    },
    {
        "stationId": 15,
        "dateTime1": "1998-10-12T08:30:00",
        "value1": 2.60,
        "value2": null,
        "time2": null
    },
    {
        "stationId": 15,
        "dateTime1": "1998-10-11T08:30:00",
        "value1": 8.10,
        "value2": null,
        "time2": null
    },
    {
        "stationId": 15,
        "dateTime1": "1998-10-10T08:30:00",
        "value1": 1.00,
        "value2": null,
        "time2": null
    },
    {
        "stationId": 15,
        "dateTime1": "1998-10-09T08:30:00",
        "value1": 1.00,
        "value2": null,
        "time2": null
    },
    {
        "stationId": 15,
        "dateTime1": "1998-10-08T08:30:00",
        "value1": 0.00,
        "value2": null,
        "time2": null
    },
    {
        "stationId": 15,
        "dateTime1": "1998-10-07T08:30:00",
        "value1": 0.60,
        "value2": null,
        "time2": null
    },
    {
        "stationId": 15,
        "dateTime1": "1998-10-06T08:30:00",
        "value1": 0.00,
        "value2": null,
        "time2": null
    },
    {
        "stationId": 15,
        "dateTime1": "1998-10-05T08:30:00",
        "value1": 12.00,
        "value2": null,
        "time2": null
    },
    {
        "stationId": 15,
        "dateTime1": "1998-10-04T08:30:00",
        "value1": 0.00,
        "value2": null,
        "time2": null
    },
    {
        "stationId": 15,
        "dateTime1": "1998-10-03T08:30:00",
        "value1": 53.00,
        "value2": null,
        "time2": null
    },
    {
        "stationId": 15,
        "dateTime1": "1998-10-02T08:30:00",
        "value1": 0.00,
        "value2": null,
        "time2": null
    },
    {
        "stationId": 15,
        "dateTime1": "1998-10-01T08:30:00",
        "value1": 0.00,
        "value2": null,
        "time2": null
    },
    {
        "stationId": 15,
        "dateTime1": "1998-09-30T08:30:00",
        "value1": 53.00,
        "value2": null,
        "time2": null
    },
    {
        "stationId": 15,
        "dateTime1": "1998-09-29T08:30:00",
        "value1": 2.80,
        "value2": null,
        "time2": null
    },
    {
        "stationId": 15,
        "dateTime1": "1998-09-28T08:30:00",
        "value1": 27.80,
        "value2": null,
        "time2": null
    },
    {
        "stationId": 15,
        "dateTime1": "1998-09-27T08:30:00",
        "value1": 53.20,
        "value2": null,
        "time2": null
    },
    {
        "stationId": 15,
        "dateTime1": "1998-09-26T08:30:00",
        "value1": 3.40,
        "value2": null,
        "time2": null
    },
    {
        "stationId": 15,
        "dateTime1": "1998-09-25T08:30:00",
        "value1": 2.20,
        "value2": null,
        "time2": null
    },
    {
        "stationId": 15,
        "dateTime1": "1998-09-24T08:30:00",
        "value1": 0.00,
        "value2": null,
        "time2": null
    },
    {
        "stationId": 15,
        "dateTime1": "1998-09-23T08:30:00",
        "value1": 0.00,
        "value2": null,
        "time2": null
    },
    {
        "stationId": 15,
        "dateTime1": "1998-09-22T08:30:00",
        "value1": 0.00,
        "value2": null,
        "time2": null
    },
    {
        "stationId": 15,
        "dateTime1": "1998-09-21T08:30:00",
        "value1": 3.80,
        "value2": null,
        "time2": null
    },
    {
        "stationId": 15,
        "dateTime1": "1998-09-20T08:30:00",
        "value1": 1.60,
        "value2": null,
        "time2": null
    },
    {
        "stationId": 15,
        "dateTime1": "1998-09-19T08:30:00",
        "value1": 0.00,
        "value2": null,
        "time2": null
    },
    {
        "stationId": 15,
        "dateTime1": "1998-09-18T08:30:00",
        "value1": 0.00,
        "value2": null,
        "time2": null
    },
    {
        "stationId": 15,
        "dateTime1": "1998-09-17T08:30:00",
        "value1": 0.00,
        "value2": null,
        "time2": null
    },
    {
        "stationId": 15,
        "dateTime1": "1998-09-16T08:30:00",
        "value1": 0.00,
        "value2": null,
        "time2": null
    },
    {
        "stationId": 15,
        "dateTime1": "1998-09-15T08:30:00",
        "value1": 0.00,
        "value2": null,
        "time2": null
    },
    {
        "stationId": 15,
        "dateTime1": "1998-09-14T08:30:00",
        "value1": 21.60,
        "value2": null,
        "time2": null
    },
    {
        "stationId": 15,
        "dateTime1": "1998-09-13T08:30:00",
        "value1": 0.00,
        "value2": null,
        "time2": null
    },
    {
        "stationId": 15,
        "dateTime1": "1998-09-12T08:30:00",
        "value1": 3.20,
        "value2": null,
        "time2": null
    },
    {
        "stationId": 15,
        "dateTime1": "1998-09-11T08:30:00",
        "value1": 0.00,
        "value2": null,
        "time2": null
    },
    {
        "stationId": 15,
        "dateTime1": "1998-09-10T08:30:00",
        "value1": 18.00,
        "value2": null,
        "time2": null
    },
    {
        "stationId": 15,
        "dateTime1": "1998-09-09T08:30:00",
        "value1": 9.30,
        "value2": null,
        "time2": null
    },
    {
        "stationId": 15,
        "dateTime1": "1998-09-08T08:30:00",
        "value1": 0.00,
        "value2": null,
        "time2": null
    },
    {
        "stationId": 15,
        "dateTime1": "1998-09-07T08:30:00",
        "value1": 0.00,
        "value2": null,
        "time2": null
    },
    {
        "stationId": 15,
        "dateTime1": "1998-09-06T08:30:00",
        "value1": 0.00,
        "value2": null,
        "time2": null
    },
    {
        "stationId": 15,
        "dateTime1": "1998-09-05T08:30:00",
        "value1": 50.00,
        "value2": null,
        "time2": null
    },
    {
        "stationId": 15,
        "dateTime1": "1998-09-04T08:30:00",
        "value1": 0.00,
        "value2": null,
        "time2": null
    },
    {
        "stationId": 15,
        "dateTime1": "1998-09-03T08:30:00",
        "value1": 13.00,
        "value2": null,
        "time2": null
    },
    {
        "stationId": 15,
        "dateTime1": "1998-09-02T08:30:00",
        "value1": 3.80,
        "value2": null,
        "time2": null
    },
    {
        "stationId": 15,
        "dateTime1": "1998-09-01T08:30:00",
        "value1": 0.00,
        "value2": null,
        "time2": null
    },
    {
        "stationId": 15,
        "dateTime1": "1998-08-31T08:30:00",
        "value1": 0.00,
        "value2": null,
        "time2": null
    },
    {
        "stationId": 15,
        "dateTime1": "1998-08-30T08:30:00",
        "value1": 0.00,
        "value2": null,
        "time2": null
    },
    {
        "stationId": 15,
        "dateTime1": "1998-08-29T08:30:00",
        "value1": 0.00,
        "value2": null,
        "time2": null
    },
    {
        "stationId": 15,
        "dateTime1": "1998-08-28T08:30:00",
        "value1": 0.00,
        "value2": null,
        "time2": null
    },
    {
        "stationId": 15,
        "dateTime1": "1998-08-27T08:30:00",
        "value1": 5.10,
        "value2": null,
        "time2": null
    },
    {
        "stationId": 15,
        "dateTime1": "1998-08-26T08:30:00",
        "value1": 6.30,
        "value2": null,
        "time2": null
    },
    {
        "stationId": 15,
        "dateTime1": "1998-08-25T08:30:00",
        "value1": 15.50,
        "value2": null,
        "time2": null
    },
    {
        "stationId": 15,
        "dateTime1": "1998-08-24T08:30:00",
        "value1": 2.40,
        "value2": null,
        "time2": null
    },
    {
        "stationId": 15,
        "dateTime1": "1998-08-23T08:30:00",
        "value1": 26.20,
        "value2": null,
        "time2": null
    },
    {
        "stationId": 15,
        "dateTime1": "1998-08-22T08:30:00",
        "value1": 2.40,
        "value2": null,
        "time2": null
    },
    {
        "stationId": 15,
        "dateTime1": "1998-08-21T08:30:00",
        "value1": 9.50,
        "value2": null,
        "time2": null
    },
    {
        "stationId": 15,
        "dateTime1": "1998-08-20T08:30:00",
        "value1": 0.00,
        "value2": null,
        "time2": null
    },
    {
        "stationId": 15,
        "dateTime1": "1998-08-19T08:30:00",
        "value1": 20.60,
        "value2": null,
        "time2": null
    },
    {
        "stationId": 15,
        "dateTime1": "1998-08-18T08:30:00",
        "value1": 0.00,
        "value2": null,
        "time2": null
    },
    {
        "stationId": 15,
        "dateTime1": "1998-08-17T08:30:00",
        "value1": 26.00,
        "value2": null,
        "time2": null
    },
    {
        "stationId": 15,
        "dateTime1": "1998-08-16T08:30:00",
        "value1": 0.00,
        "value2": null,
        "time2": null
    },
    {
        "stationId": 15,
        "dateTime1": "1998-08-15T08:30:00",
        "value1": 0.00,
        "value2": null,
        "time2": null
    },
    {
        "stationId": 15,
        "dateTime1": "1998-08-14T08:30:00",
        "value1": 0.00,
        "value2": null,
        "time2": null
    },
    {
        "stationId": 15,
        "dateTime1": "1998-08-13T08:30:00",
        "value1": 0.00,
        "value2": null,
        "time2": null
    },
    {
        "stationId": 15,
        "dateTime1": "1998-08-12T08:30:00",
        "value1": 0.00,
        "value2": null,
        "time2": null
    },
    {
        "stationId": 15,
        "dateTime1": "1998-08-11T08:30:00",
        "value1": 0.80,
        "value2": null,
        "time2": null
    },
    {
        "stationId": 15,
        "dateTime1": "1998-08-10T08:30:00",
        "value1": 3.50,
        "value2": null,
        "time2": null
    },
    {
        "stationId": 15,
        "dateTime1": "1998-08-09T08:30:00",
        "value1": 8.70,
        "value2": null,
        "time2": null
    },
    {
        "stationId": 15,
        "dateTime1": "1998-08-08T08:30:00",
        "value1": 33.00,
        "value2": null,
        "time2": null
    },
    {
        "stationId": 15,
        "dateTime1": "1998-08-07T08:30:00",
        "value1": 7.70,
        "value2": null,
        "time2": null
    },
    {
        "stationId": 15,
        "dateTime1": "1998-08-06T08:30:00",
        "value1": 0.00,
        "value2": null,
        "time2": null
    },
    {
        "stationId": 15,
        "dateTime1": "1998-08-05T08:30:00",
        "value1": 1.30,
        "value2": null,
        "time2": null
    },
    {
        "stationId": 15,
        "dateTime1": "1998-08-04T08:30:00",
        "value1": 12.80,
        "value2": null,
        "time2": null
    },
    {
        "stationId": 15,
        "dateTime1": "1998-08-03T08:30:00",
        "value1": 0.00,
        "value2": null,
        "time2": null
    },
    {
        "stationId": 15,
        "dateTime1": "1998-08-02T08:30:00",
        "value1": 0.00,
        "value2": null,
        "time2": null
    },
    {
        "stationId": 15,
        "dateTime1": "1998-08-01T08:30:00",
        "value1": 0.00,
        "value2": null,
        "time2": null
    }
]
status code is 
200
Response Time is 
98
HTTP/1.1 200 OK
Name of test method sucessfully executed:get_reportsrainfallReport
]]></system-out>
  </testcase>
  <testcase name="get_fps_hrly_data" classname="com.swades.rainFall.testCases.GET_get_fps_hrly_data" time="0.057">
    <system-out><![CDATA[Name of test method started:get_fps_hrly_data
Request method:	GET
Request URI:	http://20.198.96.251:9090/data/v1/get-fps-hrly-data?stationId=136&month=5&year=2024
Proxy:			<none>
Request params:	<none>
Query params:	stationId=136
				month=5
				year=2024
Form params:	<none>
Path params:	<none>
Headers:		Authorization=Bearer eyJhbGciOiJIUzI1NiJ9.eyJzdWIiOiJRQVRlc3QiLCJpYXQiOjE3MTg2OTQ1NTIsImV4cCI6NTAwMDAxNzE4Njk0NTUyfQ.f5l2Wjoe_065uzZgxr0JMFQ12GwkfqbWXQEpgKhCJ20
				Accept=*/*
				Content-Type=application/json
Cookies:		<none>
Multiparts:		<none>
Body:			<none>
{
    "data": [
        {
            "fpsId": 1,
            "stationId": 136,
            "frequency": 24,
            "dateTime1": "2024-05-08T00:00:00",
            "riverOutFlow": null,
            "nonRiverOutFlow": null,
            "evaporation": null,
            "inflow": null,
            "createdBy": 10,
            "createdOn": "2024-05-08T13:04:33.441",
            "updatedBy": 0,
            "updatedOn": "2024-05-08T20:05:48",
            "lastSyncDate": "2024-05-08T13:04:33.441"
        },
        {
            "fpsId": 2,
            "stationId": 136,
            "frequency": 24,
            "dateTime1": "2024-05-08T01:00:00",
            "riverOutFlow": null,
            "nonRiverOutFlow": null,
            "evaporation": null,
            "inflow": null,
            "createdBy": 0,
            "createdOn": "2024-05-08T13:04:33.441",
            "updatedBy": 0,
            "updatedOn": "2024-05-08T20:05:48",
            "lastSyncDate": "2024-05-08T13:04:33.441"
        },
        {
            "fpsId": 3,
            "stationId": 136,
            "frequency": 24,
            "dateTime1": "2024-05-08T02:00:00",
            "riverOutFlow": null,
            "nonRiverOutFlow": null,
            "evaporation": null,
            "inflow": null,
            "createdBy": 0,
            "createdOn": "2024-05-08T13:04:33.441",
            "updatedBy": 0,
            "updatedOn": "2024-05-08T20:05:48",
            "lastSyncDate": "2024-05-08T13:04:33.441"
        },
        {
            "fpsId": 4,
            "stationId": 136,
            "frequency": 24,
            "dateTime1": "2024-05-08T03:00:00",
            "riverOutFlow": null,
            "nonRiverOutFlow": null,
            "evaporation": null,
            "inflow": null,
            "createdBy": 0,
            "createdOn": "2024-05-08T13:04:33.441",
            "updatedBy": 0,
            "updatedOn": "2024-05-08T20:05:48",
            "lastSyncDate": "2024-05-08T13:04:33.441"
        },
        {
            "fpsId": 5,
            "stationId": 136,
            "frequency": 24,
            "dateTime1": "2024-05-08T04:00:00",
            "riverOutFlow": null,
            "nonRiverOutFlow": null,
            "evaporation": null,
            "inflow": null,
            "createdBy": 0,
            "createdOn": "2024-05-08T13:04:33.441",
            "updatedBy": 0,
            "updatedOn": "2024-05-08T20:05:48",
            "lastSyncDate": "2024-05-08T13:04:33.441"
        },
        {
            "fpsId": 6,
            "stationId": 136,
            "frequency": 24,
            "dateTime1": "2024-05-08T05:00:00",
            "riverOutFlow": null,
            "nonRiverOutFlow": null,
            "evaporation": null,
            "inflow": null,
            "createdBy": 30,
            "createdOn": "2024-05-08T13:04:33.441",
            "updatedBy": 0,
            "updatedOn": "2024-05-08T20:05:48",
            "lastSyncDate": "2024-05-08T13:04:33.441"
        },
        {
            "fpsId": 7,
            "stationId": 136,
            "frequency": 24,
            "dateTime1": "2024-05-08T06:00:00",
            "riverOutFlow": null,
            "nonRiverOutFlow": null,
            "evaporation": null,
            "inflow": null,
            "createdBy": 0,
            "createdOn": "2024-05-08T13:04:33.441",
            "updatedBy": 0,
            "updatedOn": "2024-05-08T20:05:48",
            "lastSyncDate": "2024-05-08T13:04:33.441"
        },
        {
            "fpsId": 28,
            "stationId": 136,
            "frequency": 24,
            "dateTime1": "2024-05-08T07:00:00",
            "riverOutFlow": null,
            "nonRiverOutFlow": null,
            "evaporation": null,
            "inflow": null,
            "createdBy": 0,
            "createdOn": "2024-05-08T13:04:33.441",
            "updatedBy": 0,
            "updatedOn": "2024-05-08T20:05:48",
            "lastSyncDate": "2024-05-08T13:04:33.441"
        },
        {
            "fpsId": 8,
            "stationId": 136,
            "frequency": 24,
            "dateTime1": "2024-05-08T08:00:00",
            "riverOutFlow": null,
            "nonRiverOutFlow": null,
            "evaporation": null,
            "inflow": null,
            "createdBy": 0,
            "createdOn": "2024-05-08T13:04:33.441",
            "updatedBy": 0,
            "updatedOn": "2024-05-08T20:05:48",
            "lastSyncDate": "2024-05-08T13:04:33.441"
        },
        {
            "fpsId": 9,
            "stationId": 136,
            "frequency": 24,
            "dateTime1": "2024-05-08T09:00:00",
            "riverOutFlow": null,
            "nonRiverOutFlow": null,
            "evaporation": null,
            "inflow": null,
            "createdBy": 0,
            "createdOn": "2024-05-08T13:04:33.441",
            "updatedBy": 0,
            "updatedOn": "2024-05-08T20:05:48",
            "lastSyncDate": "2024-05-08T13:04:33.441"
        },
        {
            "fpsId": 10,
            "stationId": 136,
            "frequency": 24,
            "dateTime1": "2024-05-08T10:00:00",
            "riverOutFlow": null,
            "nonRiverOutFlow": null,
            "evaporation": null,
            "inflow": null,
            "createdBy": 0,
            "createdOn": "2024-05-08T13:04:33.441",
            "updatedBy": 0,
            "updatedOn": "2024-05-08T20:05:48",
            "lastSyncDate": "2024-05-08T13:04:33.441"
        },
        {
            "fpsId": 11,
            "stationId": 136,
            "frequency": 24,
            "dateTime1": "2024-05-08T11:00:00",
            "riverOutFlow": null,
            "nonRiverOutFlow": null,
            "evaporation": null,
            "inflow": null,
            "createdBy": 0,
            "createdOn": "2024-05-08T13:04:33.441",
            "updatedBy": 0,
            "updatedOn": "2024-05-08T20:05:48",
            "lastSyncDate": "2024-05-08T13:04:33.441"
        },
        {
            "fpsId": 12,
            "stationId": 136,
            "frequency": 24,
            "dateTime1": "2024-05-08T12:00:00",
            "riverOutFlow": null,
            "nonRiverOutFlow": null,
            "evaporation": null,
            "inflow": null,
            "createdBy": 0,
            "createdOn": "2024-05-08T13:04:33.441",
            "updatedBy": 0,
            "updatedOn": "2024-05-08T20:05:48",
            "lastSyncDate": "2024-05-08T13:04:33.441"
        },
        {
            "fpsId": 13,
            "stationId": 136,
            "frequency": 24,
            "dateTime1": "2024-05-08T13:00:00",
            "riverOutFlow": null,
            "nonRiverOutFlow": null,
            "evaporation": null,
            "inflow": null,
            "createdBy": 0,
            "createdOn": "2024-05-08T13:04:33.441",
            "updatedBy": 0,
            "updatedOn": "2024-05-08T20:05:48",
            "lastSyncDate": "2024-05-08T13:04:33.441"
        },
        {
            "fpsId": 14,
            "stationId": 136,
            "frequency": 24,
            "dateTime1": "2024-05-08T14:00:00",
            "riverOutFlow": null,
            "nonRiverOutFlow": null,
            "evaporation": null,
            "inflow": null,
            "createdBy": 0,
            "createdOn": "2024-05-08T13:04:33.441",
            "updatedBy": 0,
            "updatedOn": "2024-05-08T20:05:48",
            "lastSyncDate": "2024-05-08T13:04:33.441"
        },
        {
            "fpsId": 15,
            "stationId": 136,
            "frequency": 24,
            "dateTime1": "2024-05-08T15:00:00",
            "riverOutFlow": null,
            "nonRiverOutFlow": null,
            "evaporation": null,
            "inflow": null,
            "createdBy": 12,
            "createdOn": "2024-05-08T13:04:33.441",
            "updatedBy": 0,
            "updatedOn": "2024-05-08T20:05:48",
            "lastSyncDate": "2024-05-08T13:04:33.441"
        },
        {
            "fpsId": 16,
            "stationId": 136,
            "frequency": 24,
            "dateTime1": "2024-05-08T16:00:00",
            "riverOutFlow": null,
            "nonRiverOutFlow": null,
            "evaporation": null,
            "inflow": null,
            "createdBy": 10,
            "createdOn": "2024-05-08T13:04:33.441",
            "updatedBy": 0,
            "updatedOn": "2024-05-08T20:05:48",
            "lastSyncDate": "2024-05-08T13:04:33.441"
        },
        {
            "fpsId": 17,
            "stationId": 136,
            "frequency": 24,
            "dateTime1": "2024-05-08T17:00:00",
            "riverOutFlow": null,
            "nonRiverOutFlow": null,
            "evaporation": null,
            "inflow": null,
            "createdBy": 10,
            "createdOn": "2024-05-08T13:04:33.441",
            "updatedBy": 0,
            "updatedOn": "2024-05-08T20:05:48",
            "lastSyncDate": "2024-05-08T13:04:33.441"
        },
        {
            "fpsId": 18,
            "stationId": 136,
            "frequency": 24,
            "dateTime1": "2024-05-08T18:00:00",
            "riverOutFlow": null,
            "nonRiverOutFlow": null,
            "evaporation": null,
            "inflow": null,
            "createdBy": 10,
            "createdOn": "2024-05-08T13:04:33.441",
            "updatedBy": 0,
            "updatedOn": "2024-05-08T20:05:48",
            "lastSyncDate": "2024-05-08T13:04:33.441"
        },
        {
            "fpsId": 19,
            "stationId": 136,
            "frequency": 24,
            "dateTime1": "2024-05-08T19:00:00",
            "riverOutFlow": null,
            "nonRiverOutFlow": null,
            "evaporation": null,
            "inflow": null,
            "createdBy": 10,
            "createdOn": "2024-05-08T13:04:33.441",
            "updatedBy": 0,
            "updatedOn": "2024-05-08T20:05:48",
            "lastSyncDate": "2024-05-08T13:04:33.441"
        },
        {
            "fpsId": 20,
            "stationId": 136,
            "frequency": 24,
            "dateTime1": "2024-05-08T20:00:00",
            "riverOutFlow": null,
            "nonRiverOutFlow": null,
            "evaporation": null,
            "inflow": null,
            "createdBy": 10,
            "createdOn": "2024-05-08T13:04:33.441",
            "updatedBy": 10,
            "updatedOn": "2024-05-08T20:05:48",
            "lastSyncDate": "2024-05-08T13:04:33.441"
        },
        {
            "fpsId": 21,
            "stationId": 136,
            "frequency": 24,
            "dateTime1": "2024-05-08T21:00:00",
            "riverOutFlow": null,
            "nonRiverOutFlow": null,
            "evaporation": null,
            "inflow": null,
            "createdBy": 10,
            "createdOn": "2024-05-08T13:04:33.441",
            "updatedBy": 10,
            "updatedOn": "2024-05-08T20:05:48",
            "lastSyncDate": "2024-05-08T13:04:33.441"
        },
        {
            "fpsId": 22,
            "stationId": 136,
            "frequency": 24,
            "dateTime1": "2024-05-08T22:00:00",
            "riverOutFlow": null,
            "nonRiverOutFlow": null,
            "evaporation": null,
            "inflow": null,
            "createdBy": 10,
            "createdOn": "2024-05-08T13:04:33.441",
            "updatedBy": 10,
            "updatedOn": "2024-05-08T20:05:48",
            "lastSyncDate": "2024-05-08T13:04:33.441"
        },
        {
            "fpsId": 23,
            "stationId": 136,
            "frequency": 24,
            "dateTime1": "2024-05-08T23:00:00",
            "riverOutFlow": null,
            "nonRiverOutFlow": null,
            "evaporation": null,
            "inflow": null,
            "createdBy": 10,
            "createdOn": "2024-05-08T13:04:33.441",
            "updatedBy": 10,
            "updatedOn": "2024-05-08T20:05:48",
            "lastSyncDate": "2024-05-08T13:04:33.441"
        }
    ],
    "message": "Reservoir FPS Hrly Data Retrieved successfully",
    "txnId": "ae7a997f-d004-41f6-90db-5c89be3e529c"
}
status code is 
200
Response Time is 
84
HTTP/1.1 200 OK
Name of test method sucessfully executed:get_fps_hrly_data
]]></system-out>
  </testcase>
  <testcase name="get_sum_sqs_data" classname="com.swades.rainFall.testCases.GET_get_sum_sqs_data" time="0.099">
    <system-out><![CDATA[Name of test method started:get_sum_sqs_data
Request method:	GET
Request URI:	http://20.198.96.251:9090/data/v1/api/get-sum-sqs-data?stationId=138&month=5&year=2024
Proxy:			<none>
Request params:	<none>
Query params:	stationId=138
				month=5
				year=2024
Form params:	<none>
Path params:	<none>
Headers:		Authorization=Bearer eyJhbGciOiJIUzI1NiJ9.eyJzdWIiOiJRQVRlc3QiLCJpYXQiOjE3MTg2OTQ1NTIsImV4cCI6NTAwMDAxNzE4Njk0NTUyfQ.f5l2Wjoe_065uzZgxr0JMFQ12GwkfqbWXQEpgKhCJ20
				Accept=*/*
				Content-Type=application/json
Cookies:		<none>
Multiparts:		<none>
Body:			<none>
{
    "data": [
        {
            "sqsId": 46690,
            "stationId": 138,
            "datatypeId": 55,
            "dateTime1": "2024-05-16T08:30:00",
            "observationNumber": 1,
            "meanGaugeReading": null,
            "wlZeroGauge": null,
            "gradientWrt": null,
            "fall": null,
            "w": null,
            "p": null,
            "a": null,
            "modeOfCrossing": null,
            "methodOfVelocityObservation": null,
            "noVerticalFloatCompartment": null,
            "vmax": null,
            "s": null,
            "weatherCondition": null,
            "windDirection": null,
            "velocityOfWind": null,
            "remarks": null,
            "observedComputed": null,
            "coarseFraction": null,
            "mediumFraction": null,
            "sandSiltFraction": null,
            "fineFraction": null,
            "tss": null,
            "sedimentUnit": null,
            "dry": null,
            "noflow": null,
            "createdOn": "2024-05-15T08:30:00",
            "createdBy": null,
            "updatedOn": "2024-06-14T10:15:12",
            "updatedBy": null,
            "lastSyncDate": null,
            "rlOfZeroGauge": 525.33,
            "qtotal": null
        }
    ],
    "message": "SumSqs data retrieved successfully",
    "txnId": "8e67af04-2a47-41c0-9ab6-9b4eb6bb2480"
}
status code is 
200
Response Time is 
104
HTTP/1.1 200 OK
Name of test method sucessfully executed:get_sum_sqs_data
]]></system-out>
  </testcase>
  <testcase name="get_climaticall" classname="com.swades.rainFall.testCases.GET_climaticall" time="0.094">
    <system-out><![CDATA[Name of test method started:get_climaticall
Request method:	GET
Request URI:	http://20.198.96.251:9090/data/v1/climatic/all?stationId=136&month=5&year=2024
Proxy:			<none>
Request params:	<none>
Query params:	stationId=136
				month=5
				year=2024
Form params:	<none>
Path params:	<none>
Headers:		Authorization=Bearer eyJhbGciOiJIUzI1NiJ9.eyJzdWIiOiJRQVRlc3QiLCJpYXQiOjE3MTg2OTQ1NTIsImV4cCI6NTAwMDAxNzE4Njk0NTUyfQ.f5l2Wjoe_065uzZgxr0JMFQ12GwkfqbWXQEpgKhCJ20
				Accept=*/*
				Content-Type=application/json
Cookies:		<none>
Multiparts:		<none>
Body:			<none>
[
    
]
status code is 
200
Response Time is 
86
HTTP/1.1 200 OK
Name of test method sucessfully executed:get_climaticall
]]></system-out>
  </testcase>
  <testcase name="get_reportsargtdandsrgdata" classname="com.swades.rainFall.testCases.GET_reportsargtdandsrgdata" time="0.109">
    <system-out><![CDATA[Name of test method started:get_reportsargtdandsrgdata
Request method:	GET
Request URI:	http://20.198.96.251:9090/data/v1/api/reports/argtdandsrgdata?station_id=15&fromDate=2000-07-01&toDate=2000-07-02
Proxy:			<none>
Request params:	<none>
Query params:	station_id=15
				fromDate=2000-07-01
				toDate=2000-07-02
Form params:	<none>
Path params:	<none>
Headers:		Authorization=Bearer eyJhbGciOiJIUzI1NiJ9.eyJzdWIiOiJRQVRlc3QiLCJpYXQiOjE3MTg2OTQ1NTIsImV4cCI6NTAwMDAxNzE4Njk0NTUyfQ.f5l2Wjoe_065uzZgxr0JMFQ12GwkfqbWXQEpgKhCJ20
				Accept=*/*
				Content-Type=application/json
Cookies:		<none>
Multiparts:		<none>
Body:			<none>
[
    {
        "ARGTD_SRG_Data": {
            "stationId": 15,
            "dateTime1": "2000-07-01T08:30:00",
            "arg": 0.00,
            "srgvalue1": 1.10,
            "srgvalue2": 3.40
        }
    },
    {
        "ARGTD_SRG_Data": {
            "stationId": 15,
            "dateTime1": "2000-07-02T08:30:00",
            "arg": 0.00,
            "srgvalue1": 0.00,
            "srgvalue2": 0.00
        }
    }
]
status code is 
200
Response Time is 
91
HTTP/1.1 200 OK
Name of test method sucessfully executed:get_reportsargtdandsrgdata
]]></system-out>
  </testcase>
  <testcase name="get_ObsDataHRall" classname="com.swades.rainFall.testCases.GET_ObsDataHRall" time="0.421">
    <system-out><![CDATA[Name of test method started:get_ObsDataHRall
Request method:	GET
Request URI:	http://20.198.96.251:9090/data/v1/ObsDataHR/all?stationId=45&datatypeId=41&year=2005&month=3&year2=2006&month2=4
Proxy:			<none>
Request params:	<none>
Query params:	stationId=45
				datatypeId=41
				year=2005
				month=3
				year2=2006
				month2=4
Form params:	<none>
Path params:	<none>
Headers:		Authorization=Bearer eyJhbGciOiJIUzI1NiJ9.eyJzdWIiOiJRQVRlc3QiLCJpYXQiOjE3MTg2OTQ1NTIsImV4cCI6NTAwMDAxNzE4Njk0NTUyfQ.f5l2Wjoe_065uzZgxr0JMFQ12GwkfqbWXQEpgKhCJ20
				Accept=*/*
				Content-Type=application/json
Cookies:		<none>
Multiparts:		<none>
Body:			<none>
{
    "data": [
        {
            "obsdatahrId": 237284,
            "stationId": 45,
            "datatypeId": 41,
            "frequency": 24,
            "datetime1": "2006-04-30T08:30:00",
            "valuesCsv": ",,,,,,,,,,,,,,,,,,,,,,,",
            "valuesCsvInArray": [
                null,
                null,
                null,
                null,
                null,
                null,
                null,
                null,
                null,
                null,
                null,
                null,
                null,
                null,
                null,
                null,
                null,
                null,
                null,
                null,
                null,
                null,
                null,
                null
            ],
            "remarks": null,
            "dailyMin": null,
            "dailyMax": null,
            "dailyAvg": null,
            "dailySum": 0.00,
            "dailyCount": 0,
            "createdBy": null,
            "createdOn": null,
            "updatedBy": null,
            "updatedOn": null,
            "lastSyncDate": null
        },
        {
            "obsdatahrId": 237255,
            "stationId": 45,
            "datatypeId": 41,
            "frequency": 24,
            "datetime1": "2006-04-29T08:30:00",
            "valuesCsv": ",,,,,,,,,,,,,,,,,,,,,,,",
            "valuesCsvInArray": [
                null,
                null,
                null,
                null,
                null,
                null,
                null,
                null,
                null,
                null,
                null,
                null,
                null,
                null,
                null,
                null,
                null,
                null,
                null,
                null,
                null,
                null,
                null,
                null
            ],
            "remarks": null,
            "dailyMin": null,
            "dailyMax": null,
            "dailyAvg": null,
            "dailySum": 0.00,
            "dailyCount": 0,
            "createdBy": null,
            "createdOn": null,
            "updatedBy": null,
            "updatedOn": null,
            "lastSyncDate": null
        },
        {
            "obsdatahrId": 237254,
            "stationId": 45,
            "datatypeId": 41,
            "frequency": 24,
            "datetime1": "2006-04-28T08:30:00",
            "valuesCsv": ",,,,,,,,,,,,,,,,,,,,,,,",
            "valuesCsvInArray": [
                null,
                null,
                null,
                null,
                null,
                null,
                null,
                null,
                null,
                null,
                null,
                null,
                null,
                null,
                null,
                null,
                null,
                null,
                null,
                null,
                null,
                null,
                null,
                null
            ],
            "remarks": null,
            "dailyMin": null,
            "dailyMax": null,
            "dailyAvg": null,
            "dailySum": 0.00,
            "dailyCount": 0,
            "createdBy": null,
            "createdOn": null,
            "updatedBy": null,
            "updatedOn": null,
            "lastSyncDate": null
        },
        {
            "obsdatahrId": 237225,
            "stationId": 45,
            "datatypeId": 41,
            "frequency": 24,
            "datetime1": "2006-04-27T08:30:00",
            "valuesCsv": ",,,,,,,,,,,,,,,,,,,,,,,",
            "valuesCsvInArray": [
                null,
                null,
                null,
                null,
                null,
                null,
                null,
                null,
                null,
                null,
                null,
                null,
                null,
                null,
                null,
                null,
                null,
                null,
                null,
                null,
                null,
                null,
                null,
                null
            ],
            "remarks": null,
            "dailyMin": null,
            "dailyMax": null,
            "dailyAvg": null,
            "dailySum": 0.00,
            "dailyCount": 0,
            "createdBy": null,
            "createdOn": null,
            "updatedBy": null,
            "updatedOn": null,
            "lastSyncDate": null
        },
        {
            "obsdatahrId": 237224,
            "stationId": 45,
            "datatypeId": 41,
            "frequency": 24,
            "datetime1": "2006-04-26T08:30:00",
            "valuesCsv": ",,,,,,,,,,,,,,,,,,,,,,,",
            "valuesCsvInArray": [
                null,
                null,
                null,
                null,
                null,
                null,
                null,
                null,
                null,
                null,
                null,
                null,
                null,
                null,
                null,
                null,
                null,
                null,
                null,
                null,
                null,
                null,
                null,
                null
            ],
            "remarks": null,
            "dailyMin": null,
            "dailyMax": null,
            "dailyAvg": null,
            "dailySum": 0.00,
            "dailyCount": 0,
            "createdBy": null,
            "createdOn": null,
            "updatedBy": null,
            "updatedOn": null,
            "lastSyncDate": null
        },
        {
            "obsdatahrId": 237195,
            "stationId": 45,
            "datatypeId": 41,
            "frequency": 24,
            "datetime1": "2006-04-25T08:30:00",
            "valuesCsv": ",,,,,,,,,,,,,,,,,,,,,,,",
            "valuesCsvInArray": [
                null,
                null,
                null,
                null,
                null,
                null,
                null,
                null,
                null,
                null,
                null,
                null,
                null,
                null,
                null,
                null,
                null,
                null,
                null,
                null,
                null,
                null,
                null,
                null
            ],
            "remarks": null,
            "dailyMin": null,
            "dailyMax": null,
            "dailyAvg": null,
            "dailySum": 0.00,
            "dailyCount": 0,
            "createdBy": null,
            "createdOn": null,
            "updatedBy": null,
            "updatedOn": null,
            "lastSyncDate": null
        },
        {
            "obsdatahrId": 237194,
            "stationId": 45,
            "datatypeId": 41,
            "frequency": 24,
            "datetime1": "2006-04-24T08:30:00",
            "valuesCsv": ",,,,,,,,,,,,,,,,,,,,,,,",
            "valuesCsvInArray": [
                null,
                null,
                null,
                null,
                null,
                null,
                null,
                null,
                null,
                null,
                null,
                null,
                null,
                null,
                null,
                null,
                null,
                null,
                null,
                null,
                null,
                null,
                null,
                null
            ],
            "remarks": null,
            "dailyMin": null,
            "dailyMax": null,
            "dailyAvg": null,
            "dailySum": 0.00,
            "dailyCount": 0,
            "createdBy": null,
            "createdOn": null,
            "updatedBy": null,
            "updatedOn": null,
            "lastSyncDate": null
        },
        {
            "obsdatahrId": 237165,
            "stationId": 45,
            "datatypeId": 41,
            "frequency": 24,
            "datetime1": "2006-04-23T08:30:00",
            "valuesCsv": ",,,,,,,,,,,,,,,,,,,,,,,",
            "valuesCsvInArray": [
                null,
                null,
                null,
                null,
                null,
                null,
                null,
                null,
                null,
                null,
                null,
                null,
                null,
                null,
                null,
                null,
                null,
                null,
                null,
                null,
                null,
                null,
                null,
                null
            ],
            "remarks": null,
            "dailyMin": null,
            "dailyMax": null,
            "dailyAvg": null,
            "dailySum": 0.00,
            "dailyCount": 0,
            "createdBy": null,
            "createdOn": null,
            "updatedBy": null,
            "updatedOn": null,
            "lastSyncDate": null
        },
        {
            "obsdatahrId": 237164,
            "stationId": 45,
            "datatypeId": 41,
            "frequency": 24,
            "datetime1": "2006-04-22T08:30:00",
            "valuesCsv": ",,,,,,,,,,,,,,,,,,,,,,,",
            "valuesCsvInArray": [
                null,
                null,
                null,
                null,
                null,
                null,
                null,
                null,
                null,
                null,
                null,
                null,
                null,
                null,
                null,
                null,
                null,
                null,
                null,
                null,
                null,
                null,
                null,
                null
            ],
            "remarks": null,
            "dailyMin": null,
            "dailyMax": null,
            "dailyAvg": null,
            "dailySum": 0.00,
            "dailyCount": 0,
            "createdBy": null,
            "createdOn": null,
            "updatedBy": null,
            "updatedOn": null,
            "lastSyncDate": null
        },
        {
            "obsdatahrId": 237134,
            "stationId": 45,
            "datatypeId": 41,
            "frequency": 24,
            "datetime1": "2006-04-21T08:30:00",
            "valuesCsv": ",,,,,,,,,,,,,,,,,,,,,,,",
            "valuesCsvInArray": [
                null,
                null,
                null,
                null,
                null,
                null,
                null,
                null,
                null,
                null,
                null,
                null,
                null,
                null,
                null,
                null,
                null,
                null,
                null,
                null,
                null,
                null,
                null,
                null
            ],
            "remarks": null,
            "dailyMin": null,
            "dailyMax": null,
            "dailyAvg": null,
            "dailySum": 0.00,
            "dailyCount": 0,
            "createdBy": null,
            "createdOn": null,
            "updatedBy": null,
            "updatedOn": null,
            "lastSyncDate": null
        },
        {
            "obsdatahrId": 237133,
            "stationId": 45,
            "datatypeId": 41,
            "frequency": 24,
            "datetime1": "2006-04-20T08:30:00",
            "valuesCsv": ",,,,,,,,,,,,,,,,,,,,,,,",
            "valuesCsvInArray": [
                null,
                null,
                null,
                null,
                null,
                null,
                null,
                null,
                null,
                null,
                null,
                null,
                null,
                null,
                null,
                null,
                null,
                null,
                null,
                null,
                null,
                null,
                null,
                null
            ],
            "remarks": null,
            "dailyMin": null,
            "dailyMax": null,
            "dailyAvg": null,
            "dailySum": 0.00,
            "dailyCount": 0,
            "createdBy": null,
            "createdOn": null,
            "updatedBy": null,
            "updatedOn": null,
            "lastSyncDate": null
        },
        {
            "obsdatahrId": 236745,
            "stationId": 45,
            "datatypeId": 41,
            "frequency": 24,
            "datetime1": "2006-04-19T08:30:00",
            "valuesCsv": ",,,,,,,,,,,,,,,,,,,,,,,",
            "valuesCsvInArray": [
                null,
                null,
                null,
                null,
                null,
                null,
                null,
                null,
                null,
                null,
                null,
                null,
                null,
                null,
                null,
                null,
                null,
                null,
                null,
                null,
                null,
                null,
                null,
                null
            ],
            "remarks": null,
            "dailyMin": null,
            "dailyMax": null,
            "dailyAvg": null,
            "dailySum": 0.00,
            "dailyCount": 0,
            "createdBy": null,
            "createdOn": null,
            "updatedBy": null,
            "updatedOn": null,
            "lastSyncDate": null
        },
        {
            "obsdatahrId": 236716,
            "stationId": 45,
            "datatypeId": 41,
            "frequency": 24,
            "datetime1": "2006-04-18T08:30:00",
            "valuesCsv": ",,,,,,,,,,,,,,,,,,,,,,,",
            "valuesCsvInArray": [
                null,
                null,
                null,
                null,
                null,
                null,
                null,
                null,
                null,
                null,
                null,
                null,
                null,
                null,
                null,
                null,
                null,
                null,
                null,
                null,
                null,
                null,
                null,
                null
            ],
            "remarks": null,
            "dailyMin": null,
            "dailyMax": null,
            "dailyAvg": null,
            "dailySum": 0.00,
            "dailyCount": 0,
            "createdBy": null,
            "createdOn": null,
            "updatedBy": null,
            "updatedOn": null,
            "lastSyncDate": null
        },
        {
            "obsdatahrId": 236687,
            "stationId": 45,
            "datatypeId": 41,
            "frequency": 24,
            "datetime1": "2006-04-17T08:30:00",
            "valuesCsv": ",,,,,,,,,,,,,,,,,,,,,,,",
            "valuesCsvInArray": [
                null,
                null,
                null,
                null,
                null,
                null,
                null,
                null,
                null,
                null,
                null,
                null,
                null,
                null,
                null,
                null,
                null,
                null,
                null,
                null,
                null,
                null,
                null,
                null
            ],
            "remarks": null,
            "dailyMin": null,
            "dailyMax": null,
            "dailyAvg": null,
            "dailySum": 0.00,
            "dailyCount": 0,
            "createdBy": null,
            "createdOn": null,
            "updatedBy": null,
            "updatedOn": null,
            "lastSyncDate": null
        },
        {
            "obsdatahrId": 236658,
            "stationId": 45,
            "datatypeId": 41,
            "frequency": 24,
            "datetime1": "2006-04-16T08:30:00",
            "valuesCsv": ",,,,,,,,,,,,,,,,,,,,,,,",
            "valuesCsvInArray": [
                null,
                null,
                null,
                null,
                null,
                null,
                null,
                null,
                null,
                null,
                null,
                null,
                null,
                null,
                null,
                null,
                null,
                null,
                null,
                null,
                null,
                null,
                null,
                null
            ],
            "remarks": null,
            "dailyMin": null,
            "dailyMax": null,
            "dailyAvg": null,
            "dailySum": 0.00,
            "dailyCount": 0,
            "createdBy": null,
            "createdOn": null,
            "updatedBy": null,
            "updatedOn": null,
            "lastSyncDate": null
        },
        {
            "obsdatahrId": 236629,
            "stationId": 45,
            "datatypeId": 41,
            "frequency": 24,
            "datetime1": "2006-04-15T08:30:00",
            "valuesCsv": ",,,,,,,,,,,,,,,,,,,,,,,",
            "valuesCsvInArray": [
                null,
                null,
                null,
                null,
                null,
                null,
                null,
                null,
                null,
                null,
                null,
                null,
                null,
                null,
                null,
                null,
                null,
                null,
                null,
                null,
                null,
                null,
                null,
                null
            ],
            "remarks": null,
            "dailyMin": null,
            "dailyMax": null,
            "dailyAvg": null,
            "dailySum": 0.00,
            "dailyCount": 0,
            "createdBy": null,
            "createdOn": null,
            "updatedBy": null,
            "updatedOn": null,
            "lastSyncDate": null
        },
        {
            "obsdatahrId": 236600,
            "stationId": 45,
            "datatypeId": 41,
            "frequency": 24,
            "datetime1": "2006-04-14T08:30:00",
            "valuesCsv": ",,,,,,,,,,,,,,,,,,,,,,,",
            "valuesCsvInArray": [
                null,
                null,
                null,
                null,
                null,
                null,
                null,
                null,
                null,
                null,
                null,
                null,
                null,
                null,
                null,
                null,
                null,
                null,
                null,
                null,
                null,
                null,
                null,
                null
            ],
            "remarks": null,
            "dailyMin": null,
            "dailyMax": null,
            "dailyAvg": null,
            "dailySum": 0.00,
            "dailyCount": 0,
            "createdBy": null,
            "createdOn": null,
            "updatedBy": null,
            "updatedOn": null,
            "lastSyncDate": null
        },
        {
            "obsdatahrId": 236571,
            "stationId": 45,
            "datatypeId": 41,
            "frequency": 24,
            "datetime1": "2006-04-13T08:30:00",
            "valuesCsv": ",,,,,,,,,,,,,,,,,,,,,,,",
            "valuesCsvInArray": [
                null,
                null,
                null,
                null,
                null,
                null,
                null,
                null,
                null,
                null,
                null,
                null,
                null,
                null,
                null,
                null,
                null,
                null,
                null,
                null,
                null,
                null,
                null,
                null
            ],
            "remarks": null,
            "dailyMin": null,
            "dailyMax": null,
            "dailyAvg": null,
            "dailySum": 0.00,
            "dailyCount": 0,
            "createdBy": null,
            "createdOn": null,
            "updatedBy": null,
            "updatedOn": null,
            "lastSyncDate": null
        },
        {
            "obsdatahrId": 236542,
            "stationId": 45,
            "datatypeId": 41,
            "frequency": 24,
            "datetime1": "2006-04-12T08:30:00",
            "valuesCsv": ",,,,,,,,,,,,,,,,,,,,,,,",
            "valuesCsvInArray": [
                null,
                null,
                null,
                null,
                null,
                null,
                null,
                null,
                null,
                null,
                null,
                null,
                null,
                null,
                null,
                null,
                null,
                null,
                null,
                null,
                null,
                null,
                null,
                null
            ],
            "remarks": null,
            "dailyMin": null,
            "dailyMax": null,
            "dailyAvg": null,
            "dailySum": 0.00,
            "dailyCount": 0,
            "createdBy": null,
            "createdOn": null,
            "updatedBy": null,
            "updatedOn": null,
            "lastSyncDate": null
        },
        {
            "obsdatahrId": 236513,
            "stationId": 45,
            "datatypeId": 41,
            "frequency": 24,
            "datetime1": "2006-04-11T08:30:00",
            "valuesCsv": ",,,,,,,,,,,,,,,,,,,,,,,",
            "valuesCsvInArray": [
                null,
                null,
                null,
                null,
                null,
                null,
                null,
                null,
                null,
                null,
                null,
                null,
                null,
                null,
                null,
                null,
                null,
                null,
                null,
                null,
                null,
                null,
                null,
                null
            ],
            "remarks": null,
            "dailyMin": null,
            "dailyMax": null,
            "dailyAvg": null,
            "dailySum": 0.00,
            "dailyCount": 0,
            "createdBy": null,
            "createdOn": null,
            "updatedBy": null,
            "updatedOn": null,
            "lastSyncDate": null
        },
        {
            "obsdatahrId": 236484,
            "stationId": 45,
            "datatypeId": 41,
            "frequency": 24,
            "datetime1": "2006-04-10T08:30:00",
            "valuesCsv": ",,,,,,,,,,,,,,,,,,,,,,,",
            "valuesCsvInArray": [
                null,
                null,
                null,
                null,
                null,
                null,
                null,
                null,
                null,
                null,
                null,
                null,
                null,
                null,
                null,
                null,
                null,
                null,
                null,
                null,
                null,
                null,
                null,
                null
            ],
            "remarks": null,
            "dailyMin": null,
            "dailyMax": null,
            "dailyAvg": null,
            "dailySum": 0.00,
            "dailyCount": 0,
            "createdBy": null,
            "createdOn": null,
            "updatedBy": null,
            "updatedOn": null,
            "lastSyncDate": null
        },
        {
            "obsdatahrId": 236383,
            "stationId": 45,
            "datatypeId": 41,
            "frequency": 24,
            "datetime1": "2006-04-09T08:30:00",
            "valuesCsv": ",,,,,,,,,,,,,,,,,,,,,,,",
            "valuesCsvInArray": [
                null,
                null,
                null,
                null,
                null,
                null,
                null,
                null,
                null,
                null,
                null,
                null,
                null,
                null,
                null,
                null,
                null,
                null,
                null,
                null,
                null,
                null,
                null,
                null
            ],
            "remarks": null,
            "dailyMin": null,
            "dailyMax": null,
            "dailyAvg": null,
            "dailySum": 0.00,
            "dailyCount": 0,
            "createdBy": null,
            "createdOn": null,
            "updatedBy": null,
            "updatedOn": null,
            "lastSyncDate": null
        },
        {
            "obsdatahrId": 236352,
            "stationId": 45,
            "datatypeId": 41,
            "frequency": 24,
            "datetime1": "2006-04-08T08:30:00",
            "valuesCsv": ",,,,,,,,,,,,,,,,,,,,,,,",
            "valuesCsvInArray": [
                null,
                null,
                null,
                null,
                null,
                null,
                null,
                null,
                null,
                null,
                null,
                null,
                null,
                null,
                null,
                null,
                null,
                null,
                null,
                null,
                null,
                null,
                null,
                null
            ],
            "remarks": null,
            "dailyMin": null,
            "dailyMax": null,
            "dailyAvg": null,
            "dailySum": 0.00,
            "dailyCount": 0,
            "createdBy": null,
            "createdOn": null,
            "updatedBy": null,
            "updatedOn": null,
            "lastSyncDate": null
        },
        {
            "obsdatahrId": 236321,
            "stationId": 45,
            "datatypeId": 41,
            "frequency": 24,
            "datetime1": "2006-04-07T08:30:00",
            "valuesCsv": ",,,,,,,,,,,,,,,,,,,,,,,",
            "valuesCsvInArray": [
                null,
                null,
                null,
                null,
                null,
                null,
                null,
                null,
                null,
                null,
                null,
                null,
                null,
                null,
                null,
                null,
                null,
                null,
                null,
                null,
                null,
                null,
                null,
                null
            ],
            "remarks": null,
            "dailyMin": null,
            "dailyMax": null,
            "dailyAvg": null,
            "dailySum": 0.00,
            "dailyCount": 0,
            "createdBy": null,
            "createdOn": null,
            "updatedBy": null,
            "updatedOn": null,
            "lastSyncDate": null
        },
        {
            "obsdatahrId": 236320,
            "stationId": 45,
            "datatypeId": 41,
            "frequency": 24,
            "datetime1": "2006-04-06T08:30:00",
            "valuesCsv": ",,,,,,,,,,,,,,,,,,,,,,,",
            "valuesCsvInArray": [
                null,
                null,
                null,
                null,
                null,
                null,
                null,
                null,
                null,
                null,
                null,
                null,
                null,
                null,
                null,
                null,
                null,
                null,
                null,
                null,
                null,
                null,
                null,
                null
            ],
            "remarks": null,
            "dailyMin": null,
            "dailyMax": null,
            "dailyAvg": null,
            "dailySum": 0.00,
            "dailyCount": 0,
            "createdBy": null,
            "createdOn": null,
            "updatedBy": null,
            "updatedOn": null,
            "lastSyncDate": null
        },
        {
            "obsdatahrId": 236243,
            "stationId": 45,
            "datatypeId": 41,
            "frequency": 24,
            "datetime1": "2006-04-05T08:30:00",
            "valuesCsv": ",,,,,,,,,,,,,,,,,,,,,,,",
            "valuesCsvInArray": [
                null,
                null,
                null,
                null,
                null,
                null,
                null,
                null,
                null,
                null,
                null,
                null,
                null,
                null,
                null,
                null,
                null,
                null,
                null,
                null,
                null,
                null,
                null,
                null
            ],
            "remarks": null,
            "dailyMin": null,
            "dailyMax": null,
            "dailyAvg": null,
            "dailySum": 0.00,
            "dailyCount": 0,
            "createdBy": null,
            "createdOn": null,
            "updatedBy": null,
            "updatedOn": null,
            "lastSyncDate": null
        },
        {
            "obsdatahrId": 236242,
            "stationId": 45,
            "datatypeId": 41,
            "frequency": 24,
            "datetime1": "2006-04-04T08:30:00",
            "valuesCsv": ",,,,,,,,,,,,,,,,,,,,,,,",
            "valuesCsvInArray": [
                null,
                null,
                null,
                null,
                null,
                null,
                null,
                null,
                null,
                null,
                null,
                null,
                null,
                null,
                null,
                null,
                null,
                null,
                null,
                null,
                null,
                null,
                null,
                null
            ],
            "remarks": null,
            "dailyMin": null,
            "dailyMax": null,
            "dailyAvg": null,
            "dailySum": 0.00,
            "dailyCount": 0,
            "createdBy": null,
            "createdOn": null,
            "updatedBy": null,
            "updatedOn": null,
            "lastSyncDate": null
        },
        {
            "obsdatahrId": 236860,
            "stationId": 45,
            "datatypeId": 41,
            "frequency": 24,
            "datetime1": "2006-04-03T08:30:00",
            "valuesCsv": ",,,,,,,,,,,,,,,,,,,,,,,",
            "valuesCsvInArray": [
                null,
                null,
                null,
                null,
                null,
                null,
                null,
                null,
                null,
                null,
                null,
                null,
                null,
                null,
                null,
                null,
                null,
                null,
                null,
                null,
                null,
                null,
                null,
                null
            ],
            "remarks": null,
            "dailyMin": null,
            "dailyMax": null,
            "dailyAvg": null,
            "dailySum": 0.00,
            "dailyCount": 0,
            "createdBy": null,
            "createdOn": null,
            "updatedBy": null,
            "updatedOn": null,
            "lastSyncDate": null
        },
        {
            "obsdatahrId": 236859,
            "stationId": 45,
            "datatypeId": 41,
            "frequency": 24,
            "datetime1": "2006-04-02T08:30:00",
            "valuesCsv": ",,,,,,,,,,,,,,,,,,,,,,,",
            "valuesCsvInArray": [
                null,
                null,
                null,
                null,
                null,
                null,
                null,
                null,
                null,
                null,
                null,
                null,
                null,
                null,
                null,
                null,
                null,
                null,
                null,
                null,
                null,
                null,
                null,
                null
            ],
            "remarks": null,
            "dailyMin": null,
            "dailyMax": null,
            "dailyAvg": null,
            "dailySum": 0.00,
            "dailyCount": 0,
            "createdBy": null,
            "createdOn": null,
            "updatedBy": null,
            "updatedOn": null,
            "lastSyncDate": null
        },
        {
            "obsdatahrId": 236830,
            "stationId": 45,
            "datatypeId": 41,
            "frequency": 24,
            "datetime1": "2006-04-01T08:30:00",
            "valuesCsv": ",,,,,,,,,,,,,,,,,,,,,,,",
            "valuesCsvInArray": [
                null,
                null,
                null,
                null,
                null,
                null,
                null,
                null,
                null,
                null,
                null,
                null,
                null,
                null,
                null,
                null,
                null,
                null,
                null,
                null,
                null,
                null,
                null,
                null
            ],
            "remarks": null,
            "dailyMin": null,
            "dailyMax": null,
            "dailyAvg": null,
            "dailySum": 0.00,
            "dailyCount": 0,
            "createdBy": null,
            "createdOn": null,
            "updatedBy": null,
            "updatedOn": null,
            "lastSyncDate": null
        },
        {
            "obsdatahrId": 236829,
            "stationId": 45,
            "datatypeId": 41,
            "frequency": 24,
            "datetime1": "2006-03-31T08:30:00",
            "valuesCsv": ",,,,,,,,,,,,,,,,,,,,,,,",
            "valuesCsvInArray": [
                null,
                null,
                null,
                null,
                null,
                null,
                null,
                null,
                null,
                null,
                null,
                null,
                null,
                null,
                null,
                null,
                null,
                null,
                null,
                null,
                null,
                null,
                null,
                null
            ],
            "remarks": null,
            "dailyMin": null,
            "dailyMax": null,
            "dailyAvg": null,
            "dailySum": 0.00,
            "dailyCount": 0,
            "createdBy": null,
            "createdOn": null,
            "updatedBy": null,
            "updatedOn": null,
            "lastSyncDate": null
        },
        {
            "obsdatahrId": 236800,
            "stationId": 45,
            "datatypeId": 41,
            "frequency": 24,
            "datetime1": "2006-03-30T08:30:00",
            "valuesCsv": ",,,,,,,,,,,,,,,,,,,,,,,",
            "valuesCsvInArray": [
                null,
                null,
                null,
                null,
                null,
                null,
                null,
                null,
                null,
                null,
                null,
                null,
                null,
                null,
                null,
                null,
                null,
                null,
                null,
                null,
                null,
                null,
                null,
                null
            ],
            "remarks": null,
            "dailyMin": null,
            "dailyMax": null,
            "dailyAvg": null,
            "dailySum": 0.00,
            "dailyCount": 0,
            "createdBy": null,
            "createdOn": null,
            "updatedBy": null,
            "updatedOn": null,
            "lastSyncDate": null
        },
        {
            "obsdatahrId": 236799,
            "stationId": 45,
            "datatypeId": 41,
            "frequency": 24,
            "datetime1": "2006-03-29T08:30:00",
            "valuesCsv": ",,,,,,,,,,,,,,,,,,,,,,,",
            "valuesCsvInArray": [
                null,
                null,
                null,
                null,
                null,
                null,
                null,
                null,
                null,
                null,
                null,
                null,
                null,
                null,
                null,
                null,
                null,
                null,
                null,
                null,
                null,
                null,
                null,
                null
            ],
            "remarks": null,
            "dailyMin": null,
            "dailyMax": null,
            "dailyAvg": null,
            "dailySum": 0.00,
            "dailyCount": 0,
            "createdBy": null,
            "createdOn": null,
            "updatedBy": null,
            "updatedOn": null,
            "lastSyncDate": null
        },
        {
            "obsdatahrId": 236770,
            "stationId": 45,
            "datatypeId": 41,
            "frequency": 24,
            "datetime1": "2006-03-28T08:30:00",
            "valuesCsv": ",,,,,,,,,,,,,,,,,,,,,,,",
            "valuesCsvInArray": [
                null,
                null,
                null,
                null,
                null,
                null,
                null,
                null,
                null,
                null,
                null,
                null,
                null,
                null,
                null,
                null,
                null,
                null,
                null,
                null,
                null,
                null,
                null,
                null
            ],
            "remarks": null,
            "dailyMin": null,
            "dailyMax": null,
            "dailyAvg": null,
            "dailySum": 0.00,
            "dailyCount": 0,
            "createdBy": null,
            "createdOn": null,
            "updatedBy": null,
            "updatedOn": null,
            "lastSyncDate": null
        },
        {
            "obsdatahrId": 236769,
            "stationId": 45,
            "datatypeId": 41,
            "frequency": 24,
            "datetime1": "2006-03-27T08:30:00",
            "valuesCsv": ",,,,,,,,,,,,,,,,,,,,,,,",
            "valuesCsvInArray": [
                null,
                null,
                null,
                null,
                null,
                null,
                null,
                null,
                null,
                null,
                null,
                null,
                null,
                null,
                null,
                null,
                null,
                null,
                null,
                null,
                null,
                null,
                null,
                null
            ],
            "remarks": null,
            "dailyMin": null,
            "dailyMax": null,
            "dailyAvg": null,
            "dailySum": 0.00,
            "dailyCount": 0,
            "createdBy": null,
            "createdOn": null,
            "updatedBy": null,
            "updatedOn": null,
            "lastSyncDate": null
        },
        {
            "obsdatahrId": 236740,
            "stationId": 45,
            "datatypeId": 41,
            "frequency": 24,
            "datetime1": "2006-03-26T08:30:00",
            "valuesCsv": ",,,,,,,,,,,,,,,,,,,,,,,",
            "valuesCsvInArray": [
                null,
                null,
                null,
                null,
                null,
                null,
                null,
                null,
                null,
                null,
                null,
                null,
                null,
                null,
                null,
                null,
                null,
                null,
                null,
                null,
                null,
                null,
                null,
                null
            ],
            "remarks": null,
            "dailyMin": null,
            "dailyMax": null,
            "dailyAvg": null,
            "dailySum": 0.00,
            "dailyCount": 0,
            "createdBy": null,
            "createdOn": null,
            "updatedBy": null,
            "updatedOn": null,
            "lastSyncDate": null
        },
        {
            "obsdatahrId": 236739,
            "stationId": 45,
            "datatypeId": 41,
            "frequency": 24,
            "datetime1": "2006-03-25T08:30:00",
            "valuesCsv": ",,,,,,,,,,,,,,,,,,,,,,,",
            "valuesCsvInArray": [
                null,
                null,
                null,
                null,
                null,
                null,
                null,
                null,
                null,
                null,
                null,
                null,
                null,
                null,
                null,
                null,
                null,
                null,
                null,
                null,
                null,
                null,
                null,
                null
            ],
            "remarks": null,
            "dailyMin": null,
            "dailyMax": null,
            "dailyAvg": null,
            "dailySum": 0.00,
            "dailyCount": 0,
            "createdBy": null,
            "createdOn": null,
            "updatedBy": null,
            "updatedOn": null,
            "lastSyncDate": null
        },
        {
            "obsdatahrId": 236710,
            "stationId": 45,
            "datatypeId": 41,
            "frequency": 24,
            "datetime1": "2006-03-24T08:30:00",
            "valuesCsv": ",,,,,,,,,,,,,,,,,,,,,,,",
            "valuesCsvInArray": [
                null,
                null,
                null,
                null,
                null,
                null,
                null,
                null,
                null,
                null,
                null,
                null,
                null,
                null,
                null,
                null,
                null,
                null,
                null,
                null,
                null,
                null,
                null,
                null
            ],
            "remarks": null,
            "dailyMin": null,
            "dailyMax": null,
            "dailyAvg": null,
            "dailySum": 0.00,
            "dailyCount": 0,
            "createdBy": null,
            "createdOn": null,
            "updatedBy": null,
            "updatedOn": null,
            "lastSyncDate": null
        },
        {
            "obsdatahrId": 236709,
            "stationId": 45,
            "datatypeId": 41,
            "frequency": 24,
            "datetime1": "2006-03-23T08:30:00",
            "valuesCsv": ",,,,,,,,,,,,,,,,,,,,,,,",
            "valuesCsvInArray": [
                null,
                null,
                null,
                null,
                null,
                null,
                null,
                null,
                null,
                null,
                null,
                null,
                null,
                null,
                null,
                null,
                null,
                null,
                null,
                null,
                null,
                null,
                null,
                null
            ],
            "remarks": null,
            "dailyMin": null,
            "dailyMax": null,
            "dailyAvg": null,
            "dailySum": 0.00,
            "dailyCount": 0,
            "createdBy": null,
            "createdOn": null,
            "updatedBy": null,
            "updatedOn": null,
            "lastSyncDate": null
        },
        {
            "obsdatahrId": 236680,
            "stationId": 45,
            "datatypeId": 41,
            "frequency": 24,
            "datetime1": "2006-03-22T08:30:00",
            "valuesCsv": ",,,,,,,,,,,,,,,,,,,,,,,",
            "valuesCsvInArray": [
                null,
                null,
                null,
                null,
                null,
                null,
                null,
                null,
                null,
                null,
                null,
                null,
                null,
                null,
                null,
                null,
                null,
                null,
                null,
                null,
                null,
                null,
                null,
                null
            ],
            "remarks": null,
            "dailyMin": null,
            "dailyMax": null,
            "dailyAvg": null,
            "dailySum": 0.00,
            "dailyCount": 0,
            "createdBy": null,
            "createdOn": null,
            "updatedBy": null,
            "updatedOn": null,
            "lastSyncDate": null
        },
        {
            "obsdatahrId": 236679,
            "stationId": 45,
            "datatypeId": 41,
            "frequency": 24,
            "datetime1": "2006-03-21T08:30:00",
            "valuesCsv": ",,,,,,,,,,,,,,,,,,,,,,,",
            "valuesCsvInArray": [
                null,
                null,
                null,
                null,
                null,
                null,
                null,
                null,
                null,
                null,
                null,
                null,
                null,
                null,
                null,
                null,
                null,
                null,
                null,
                null,
                null,
                null,
                null,
                null
            ],
            "remarks": null,
            "dailyMin": null,
            "dailyMax": null,
            "dailyAvg": null,
            "dailySum": 0.00,
            "dailyCount": 0,
            "createdBy": null,
            "createdOn": null,
            "updatedBy": null,
            "updatedOn": null,
            "lastSyncDate": null
        },
        {
            "obsdatahrId": 236650,
            "stationId": 45,
            "datatypeId": 41,
            "frequency": 24,
            "datetime1": "2006-03-20T08:30:00",
            "valuesCsv": ",,,,,,,,,,,,,,,,,,,,,,,",
            "valuesCsvInArray": [
                null,
                null,
                null,
                null,
                null,
                null,
                null,
                null,
                null,
                null,
                null,
                null,
                null,
                null,
                null,
                null,
                null,
                null,
                null,
                null,
                null,
                null,
                null,
                null
            ],
            "remarks": null,
            "dailyMin": null,
            "dailyMax": null,
            "dailyAvg": null,
            "dailySum": 0.00,
            "dailyCount": 0,
            "createdBy": null,
            "createdOn": null,
            "updatedBy": null,
            "updatedOn": null,
            "lastSyncDate": null
        },
        {
            "obsdatahrId": 236649,
            "stationId": 45,
            "datatypeId": 41,
            "frequency": 24,
            "datetime1": "2006-03-19T08:30:00",
            "valuesCsv": ",,,,,,,,,,,,,,,,,,,,,,,",
            "valuesCsvInArray": [
                null,
                null,
                null,
                null,
                null,
                null,
                null,
                null,
                null,
                null,
                null,
                null,
                null,
                null,
                null,
                null,
                null,
                null,
                null,
                null,
                null,
                null,
                null,
                null
            ],
            "remarks": null,
            "dailyMin": null,
            "dailyMax": null,
            "dailyAvg": null,
            "dailySum": 0.00,
            "dailyCount": 0,
            "createdBy": null,
            "createdOn": null,
            "updatedBy": null,
            "updatedOn": null,
            "lastSyncDate": null
        },
        {
            "obsdatahrId": 236620,
            "stationId": 45,
            "datatypeId": 41,
            "frequency": 24,
            "datetime1": "2006-03-18T08:30:00",
            "valuesCsv": ",,,,,,,,,,,,,,,,,,,,,,,",
            "valuesCsvInArray": [
                null,
                null,
                null,
                null,
                null,
                null,
                null,
                null,
                null,
                null,
                null,
                null,
                null,
                null,
                null,
                null,
                null,
                null,
                null,
                null,
                null,
                null,
                null,
                null
            ],
            "remarks": null,
            "dailyMin": null,
            "dailyMax": null,
            "dailyAvg": null,
            "dailySum": 0.00,
            "dailyCount": 0,
            "createdBy": null,
            "createdOn": null,
            "updatedBy": null,
            "updatedOn": null,
            "lastSyncDate": null
        },
        {
            "obsdatahrId": 236619,
            "stationId": 45,
            "datatypeId": 41,
            "frequency": 24,
            "datetime1": "2006-03-17T08:30:00",
            "valuesCsv": ",,,,,,,,,,,,,,,,,,,,,,,",
            "valuesCsvInArray": [
                null,
                null,
                null,
                null,
                null,
                null,
                null,
                null,
                null,
                null,
                null,
                null,
                null,
                null,
                null,
                null,
                null,
                null,
                null,
                null,
                null,
                null,
                null,
                null
            ],
            "remarks": null,
            "dailyMin": null,
            "dailyMax": null,
            "dailyAvg": null,
            "dailySum": 0.00,
            "dailyCount": 0,
            "createdBy": null,
            "createdOn": null,
            "updatedBy": null,
            "updatedOn": null,
            "lastSyncDate": null
        },
        {
            "obsdatahrId": 236590,
            "stationId": 45,
            "datatypeId": 41,
            "frequency": 24,
            "datetime1": "2006-03-16T08:30:00",
            "valuesCsv": ",,,,,,,,,,,,,,,,,,,,,,,",
            "valuesCsvInArray": [
                null,
                null,
                null,
                null,
                null,
                null,
                null,
                null,
                null,
                null,
                null,
                null,
                null,
                null,
                null,
                null,
                null,
                null,
                null,
                null,
                null,
                null,
                null,
                null
            ],
            "remarks": null,
            "dailyMin": null,
            "dailyMax": null,
            "dailyAvg": null,
            "dailySum": 0.00,
            "dailyCount": 0,
            "createdBy": null,
            "createdOn": null,
            "updatedBy": null,
            "updatedOn": null,
            "lastSyncDate": null
        },
        {
            "obsdatahrId": 236589,
            "stationId": 45,
            "datatypeId": 41,
            "frequency": 24,
            "datetime1": "2006-03-15T08:30:00",
            "valuesCsv": ",,,,,,,,,,,,,,,,,,,,,,,",
            "valuesCsvInArray": [
                null,
                null,
                null,
                null,
                null,
                null,
                null,
                null,
                null,
                null,
                null,
                null,
                null,
                null,
                null,
                null,
                null,
                null,
                null,
                null,
                null,
                null,
                null,
                null
            ],
            "remarks": null,
            "dailyMin": null,
            "dailyMax": null,
            "dailyAvg": null,
            "dailySum": 0.00,
            "dailyCount": 0,
            "createdBy": null,
            "createdOn": null,
            "updatedBy": null,
            "updatedOn": null,
            "lastSyncDate": null
        },
        {
            "obsdatahrId": 236560,
            "stationId": 45,
            "datatypeId": 41,
            "frequency": 24,
            "datetime1": "2006-03-14T08:30:00",
            "valuesCsv": ",,,,,,,,,,,,,,,,,,,,,,,",
            "valuesCsvInArray": [
                null,
                null,
                null,
                null,
                null,
                null,
                null,
                null,
                null,
                null,
                null,
                null,
                null,
                null,
                null,
                null,
                null,
                null,
                null,
                null,
                null,
                null,
                null,
                null
            ],
            "remarks": null,
            "dailyMin": null,
            "dailyMax": null,
            "dailyAvg": null,
            "dailySum": 0.00,
            "dailyCount": 0,
            "createdBy": null,
            "createdOn": null,
            "updatedBy": null,
            "updatedOn": null,
            "lastSyncDate": null
        },
        {
            "obsdatahrId": 236559,
            "stationId": 45,
            "datatypeId": 41,
            "frequency": 24,
            "datetime1": "2006-03-13T08:30:00",
            "valuesCsv": ",,,,,,,,,,,,,,,,,,,,,,,",
            "valuesCsvInArray": [
                null,
                null,
                null,
                null,
                null,
                null,
                null,
                null,
                null,
                null,
                null,
                null,
                null,
                null,
                null,
                null,
                null,
                null,
                null,
                null,
                null,
                null,
                null,
                null
            ],
            "remarks": null,
            "dailyMin": null,
            "dailyMax": null,
            "dailyAvg": null,
            "dailySum": 0.00,
            "dailyCount": 0,
            "createdBy": null,
            "createdOn": null,
            "updatedBy": null,
            "updatedOn": null,
            "lastSyncDate": null
        },
        {
            "obsdatahrId": 236530,
            "stationId": 45,
            "datatypeId": 41,
            "frequency": 24,
            "datetime1": "2006-03-12T08:30:00",
            "valuesCsv": ",,,,,,,,,,,,,,,,,,,,,,,",
            "valuesCsvInArray": [
                null,
                null,
                null,
                null,
                null,
                null,
                null,
                null,
                null,
                null,
                null,
                null,
                null,
                null,
                null,
                null,
                null,
                null,
                null,
                null,
                null,
                null,
                null,
                null
            ],
            "remarks": null,
            "dailyMin": null,
            "dailyMax": null,
            "dailyAvg": null,
            "dailySum": 0.00,
            "dailyCount": 0,
            "createdBy": null,
            "createdOn": null,
            "updatedBy": null,
            "updatedOn": null,
            "lastSyncDate": null
        },
        {
            "obsdatahrId": 236529,
            "stationId": 45,
            "datatypeId": 41,
            "frequency": 24,
            "datetime1": "2006-03-11T08:30:00",
            "valuesCsv": ",,,,,,,,,,,,,,,,,,,,,,,",
            "valuesCsvInArray": [
                null,
                null,
                null,
                null,
                null,
                null,
                null,
                null,
                null,
                null,
                null,
                null,
                null,
                null,
                null,
                null,
                null,
                null,
                null,
                null,
                null,
                null,
                null,
                null
            ],
            "remarks": null,
            "dailyMin": null,
            "dailyMax": null,
            "dailyAvg": null,
            "dailySum": 0.00,
            "dailyCount": 0,
            "createdBy": null,
            "createdOn": null,
            "updatedBy": null,
            "updatedOn": null,
            "lastSyncDate": null
        },
        {
            "obsdatahrId": 236500,
            "stationId": 45,
            "datatypeId": 41,
            "frequency": 24,
            "datetime1": "2006-03-10T08:30:00",
            "valuesCsv": ",,,,,,,,,,,,,,,,,,,,,,,",
            "valuesCsvInArray": [
                null,
                null,
                null,
                null,
                null,
                null,
                null,
                null,
                null,
                null,
                null,
                null,
                null,
                null,
                null,
                null,
                null,
                null,
                null,
                null,
                null,
                null,
                null,
                null
            ],
            "remarks": null,
            "dailyMin": null,
            "dailyMax": null,
            "dailyAvg": null,
            "dailySum": 0.00,
            "dailyCount": 0,
            "createdBy": null,
            "createdOn": null,
            "updatedBy": null,
            "updatedOn": null,
            "lastSyncDate": null
        },
        {
            "obsdatahrId": 236499,
            "stationId": 45,
            "datatypeId": 41,
            "frequency": 24,
            "datetime1": "2006-03-09T08:30:00",
            "valuesCsv": ",,,,,,,,,,,,,,,,,,,,,,,",
            "valuesCsvInArray": [
                null,
                null,
                null,
                null,
                null,
                null,
                null,
                null,
                null,
                null,
                null,
                null,
                null,
                null,
                null,
                null,
                null,
                null,
                null,
                null,
                null,
                null,
                null,
                null
            ],
            "remarks": null,
            "dailyMin": null,
            "dailyMax": null,
            "dailyAvg": null,
            "dailySum": 0.00,
            "dailyCount": 0,
            "createdBy": null,
            "createdOn": null,
            "updatedBy": null,
            "updatedOn": null,
            "lastSyncDate": null
        },
        {
            "obsdatahrId": 236470,
            "stationId": 45,
            "datatypeId": 41,
            "frequency": 24,
            "datetime1": "2006-03-08T08:30:00",
            "valuesCsv": ",,,,,,,,,,,,,,,,,,,,,,,",
            "valuesCsvInArray": [
                null,
                null,
                null,
                null,
                null,
                null,
                null,
                null,
                null,
                null,
                null,
                null,
                null,
                null,
                null,
                null,
                null,
                null,
                null,
                null,
                null,
                null,
                null,
                null
            ],
            "remarks": null,
            "dailyMin": null,
            "dailyMax": null,
            "dailyAvg": null,
            "dailySum": 0.00,
            "dailyCount": 0,
            "createdBy": null,
            "createdOn": null,
            "updatedBy": null,
            "updatedOn": null,
            "lastSyncDate": null
        },
        {
            "obsdatahrId": 236469,
            "stationId": 45,
            "datatypeId": 41,
            "frequency": 24,
            "datetime1": "2006-03-07T08:30:00",
            "valuesCsv": ",,,,,,,,,,,,,,,,,,,,,,,",
            "valuesCsvInArray": [
                null,
                null,
                null,
                null,
                null,
                null,
                null,
                null,
                null,
                null,
                null,
                null,
                null,
                null,
                null,
                null,
                null,
                null,
                null,
                null,
                null,
                null,
                null,
                null
            ],
            "remarks": null,
            "dailyMin": null,
            "dailyMax": null,
            "dailyAvg": null,
            "dailySum": 0.00,
            "dailyCount": 0,
            "createdBy": null,
            "createdOn": null,
            "updatedBy": null,
            "updatedOn": null,
            "lastSyncDate": null
        },
        {
            "obsdatahrId": 236396,
            "stationId": 45,
            "datatypeId": 41,
            "frequency": 24,
            "datetime1": "2006-03-06T08:30:00",
            "valuesCsv": ",,,,,,,,,,,,,,,,,,,,,,,",
            "valuesCsvInArray": [
                null,
                null,
                null,
                null,
                null,
                null,
                null,
                null,
                null,
                null,
                null,
                null,
                null,
                null,
                null,
                null,
                null,
                null,
                null,
                null,
                null,
                null,
                null,
                null
            ],
            "remarks": null,
            "dailyMin": null,
            "dailyMax": null,
            "dailyAvg": null,
            "dailySum": 0.00,
            "dailyCount": 0,
            "createdBy": null,
            "createdOn": null,
            "updatedBy": null,
            "updatedOn": null,
            "lastSyncDate": null
        },
        {
            "obsdatahrId": 236395,
            "stationId": 45,
            "datatypeId": 41,
            "frequency": 24,
            "datetime1": "2006-03-05T08:30:00",
            "valuesCsv": ",,,,,,,,,,,,,,,,,,,,,,,",
            "valuesCsvInArray": [
                null,
                null,
                null,
                null,
                null,
                null,
                null,
                null,
                null,
                null,
                null,
                null,
                null,
                null,
                null,
                null,
                null,
                null,
                null,
                null,
                null,
                null,
                null,
                null
            ],
            "remarks": null,
            "dailyMin": null,
            "dailyMax": null,
            "dailyAvg": null,
            "dailySum": 0.00,
            "dailyCount": 0,
            "createdBy": null,
            "createdOn": null,
            "updatedBy": null,
            "updatedOn": null,
            "lastSyncDate": null
        },
        {
            "obsdatahrId": 236366,
            "stationId": 45,
            "datatypeId": 41,
            "frequency": 24,
            "datetime1": "2006-03-04T08:30:00",
            "valuesCsv": ",,,,,,,,,,,,,,,,,,,,,,,",
            "valuesCsvInArray": [
                null,
                null,
                null,
                null,
                null,
                null,
                null,
                null,
                null,
                null,
                null,
                null,
                null,
                null,
                null,
                null,
                null,
                null,
                null,
                null,
                null,
                null,
                null,
                null
            ],
            "remarks": null,
            "dailyMin": null,
            "dailyMax": null,
            "dailyAvg": null,
            "dailySum": 0.00,
            "dailyCount": 0,
            "createdBy": null,
            "createdOn": null,
            "updatedBy": null,
            "updatedOn": null,
            "lastSyncDate": null
        },
        {
            "obsdatahrId": 236365,
            "stationId": 45,
            "datatypeId": 41,
            "frequency": 24,
            "datetime1": "2006-03-03T08:30:00",
            "valuesCsv": ",,,,,,,,,,,,,,,,,,,,,,,",
            "valuesCsvInArray": [
                null,
                null,
                null,
                null,
                null,
                null,
                null,
                null,
                null,
                null,
                null,
                null,
                null,
                null,
                null,
                null,
                null,
                null,
                null,
                null,
                null,
                null,
                null,
                null
            ],
            "remarks": null,
            "dailyMin": null,
            "dailyMax": null,
            "dailyAvg": null,
            "dailySum": 0.00,
            "dailyCount": 0,
            "createdBy": null,
            "createdOn": null,
            "updatedBy": null,
            "updatedOn": null,
            "lastSyncDate": null
        },
        {
            "obsdatahrId": 236332,
            "stationId": 45,
            "datatypeId": 41,
            "frequency": 24,
            "datetime1": "2006-03-02T08:30:00",
            "valuesCsv": ",,,,,,,,,,,,,,,,,,,,,,,",
            "valuesCsvInArray": [
                null,
                null,
                null,
                null,
                null,
                null,
                null,
                null,
                null,
                null,
                null,
                null,
                null,
                null,
                null,
                null,
                null,
                null,
                null,
                null,
                null,
                null,
                null,
                null
            ],
            "remarks": null,
            "dailyMin": null,
            "dailyMax": null,
            "dailyAvg": null,
            "dailySum": 0.00,
            "dailyCount": 0,
            "createdBy": null,
            "createdOn": null,
            "updatedBy": null,
            "updatedOn": null,
            "lastSyncDate": null
        },
        {
            "obsdatahrId": 236331,
            "stationId": 45,
            "datatypeId": 41,
            "frequency": 24,
            "datetime1": "2006-03-01T08:30:00",
            "valuesCsv": ",,,,,,,,,,,,,,,,,,,,,,,",
            "valuesCsvInArray": [
                null,
                null,
                null,
                null,
                null,
                null,
                null,
                null,
                null,
                null,
                null,
                null,
                null,
                null,
                null,
                null,
                null,
                null,
                null,
                null,
                null,
                null,
                null,
                null
            ],
            "remarks": null,
            "dailyMin": null,
            "dailyMax": null,
            "dailyAvg": null,
            "dailySum": 0.00,
            "dailyCount": 0,
            "createdBy": null,
            "createdOn": null,
            "updatedBy": null,
            "updatedOn": null,
            "lastSyncDate": null
        },
        {
            "obsdatahrId": 236299,
            "stationId": 45,
            "datatypeId": 41,
            "frequency": 24,
            "datetime1": "2006-02-28T08:30:00",
            "valuesCsv": ",,,,,,,,,,,,,,,,,,,,,,,",
            "valuesCsvInArray": [
                null,
                null,
                null,
                null,
                null,
                null,
                null,
                null,
                null,
                null,
                null,
                null,
                null,
                null,
                null,
                null,
                null,
                null,
                null,
                null,
                null,
                null,
                null,
                null
            ],
            "remarks": null,
            "dailyMin": null,
            "dailyMax": null,
            "dailyAvg": null,
            "dailySum": 0.00,
            "dailyCount": 0,
            "createdBy": null,
            "createdOn": null,
            "updatedBy": null,
            "updatedOn": null,
            "lastSyncDate": null
        },
        {
            "obsdatahrId": 236203,
            "stationId": 45,
            "datatypeId": 41,
            "frequency": 24,
            "datetime1": "2006-02-27T08:30:00",
            "valuesCsv": ",,,,,,,,,,,,,,,,,,,,,,,",
            "valuesCsvInArray": [
                null,
                null,
                null,
                null,
                null,
                null,
                null,
                null,
                null,
                null,
                null,
                null,
                null,
                null,
                null,
                null,
                null,
                null,
                null,
                null,
                null,
                null,
                null,
                null
            ],
            "remarks": null,
            "dailyMin": null,
            "dailyMax": null,
            "dailyAvg": null,
            "dailySum": 0.00,
            "dailyCount": 0,
            "createdBy": null,
            "createdOn": null,
            "updatedBy": null,
            "updatedOn": null,
            "lastSyncDate": null
        },
        {
            "obsdatahrId": 237474,
            "stationId": 45,
            "datatypeId": 41,
            "frequency": 24,
            "datetime1": "2006-02-26T08:30:00",
            "valuesCsv": ",,,,,,,,,,,,,,,,,,,,,,,",
            "valuesCsvInArray": [
                null,
                null,
                null,
                null,
                null,
                null,
                null,
                null,
                null,
                null,
                null,
                null,
                null,
                null,
                null,
                null,
                null,
                null,
                null,
                null,
                null,
                null,
                null,
                null
            ],
            "remarks": null,
            "dailyMin": null,
            "dailyMax": null,
            "dailyAvg": null,
            "dailySum": 0.00,
            "dailyCount": 0,
            "createdBy": null,
            "createdOn": null,
            "updatedBy": null,
            "updatedOn": null,
            "lastSyncDate": null
        },
        {
            "obsdatahrId": 237473,
            "stationId": 45,
            "datatypeId": 41,
            "frequency": 24,
            "datetime1": "2006-02-25T08:30:00",
            "valuesCsv": ",,,,,,,,,,,,,,,,,,,,,,,",
            "valuesCsvInArray": [
                null,
                null,
                null,
                null,
                null,
                null,
                null,
                null,
                null,
                null,
                null,
                null,
                null,
                null,
                null,
                null,
                null,
                null,
                null,
                null,
                null,
                null,
                null,
                null
            ],
            "remarks": null,
            "dailyMin": null,
            "dailyMax": null,
            "dailyAvg": null,
            "dailySum": 0.00,
            "dailyCount": 0,
            "createdBy": null,
            "createdOn": null,
            "updatedBy": null,
            "updatedOn": null,
            "lastSyncDate": null
        },
        {
            "obsdatahrId": 237472,
            "stationId": 45,
            "datatypeId": 41,
            "frequency": 24,
            "datetime1": "2006-02-24T08:30:00",
            "valuesCsv": ",,,,,,,,,,,,,,,,,,,,,,,",
            "valuesCsvInArray": [
                null,
                null,
                null,
                null,
                null,
                null,
                null,
                null,
                null,
                null,
                null,
                null,
                null,
                null,
                null,
                null,
                null,
                null,
                null,
                null,
                null,
                null,
                null,
                null
            ],
            "remarks": null,
            "dailyMin": null,
            "dailyMax": null,
            "dailyAvg": null,
            "dailySum": 0.00,
            "dailyCount": 0,
            "createdBy": null,
            "createdOn": null,
            "updatedBy": null,
            "updatedOn": null,
            "lastSyncDate": null
        },
        {
            "obsdatahrId": 237471,
            "stationId": 45,
            "datatypeId": 41,
            "frequency": 24,
            "datetime1": "2006-02-23T08:30:00",
            "valuesCsv": ",,,,,,,,,,,,,,,,,,,,,,,",
            "valuesCsvInArray": [
                null,
                null,
                null,
                null,
                null,
                null,
                null,
                null,
                null,
                null,
                null,
                null,
                null,
                null,
                null,
                null,
                null,
                null,
                null,
                null,
                null,
                null,
                null,
                null
            ],
            "remarks": null,
            "dailyMin": null,
            "dailyMax": null,
            "dailyAvg": null,
            "dailySum": 0.00,
            "dailyCount": 0,
            "createdBy": null,
            "createdOn": null,
            "updatedBy": null,
            "updatedOn": null,
            "lastSyncDate": null
        },
        {
            "obsdatahrId": 237470,
            "stationId": 45,
            "datatypeId": 41,
            "frequency": 24,
            "datetime1": "2006-02-22T08:30:00",
            "valuesCsv": ",,,,,,,,,,,,,,,,,,,,,,,",
            "valuesCsvInArray": [
                null,
                null,
                null,
                null,
                null,
                null,
                null,
                null,
                null,
                null,
                null,
                null,
                null,
                null,
                null,
                null,
                null,
                null,
                null,
                null,
                null,
                null,
                null,
                null
            ],
            "remarks": null,
            "dailyMin": null,
            "dailyMax": null,
            "dailyAvg": null,
            "dailySum": 0.00,
            "dailyCount": 0,
            "createdBy": null,
            "createdOn": null,
            "updatedBy": null,
            "updatedOn": null,
            "lastSyncDate": null
        },
        {
            "obsdatahrId": 237469,
            "stationId": 45,
            "datatypeId": 41,
            "frequency": 24,
            "datetime1": "2006-02-21T08:30:00",
            "valuesCsv": ",,,,,,,,,,,,,,,,,,,,,,,",
            "valuesCsvInArray": [
                null,
                null,
                null,
                null,
                null,
                null,
                null,
                null,
                null,
                null,
                null,
                null,
                null,
                null,
                null,
                null,
                null,
                null,
                null,
                null,
                null,
                null,
                null,
                null
            ],
            "remarks": null,
            "dailyMin": null,
            "dailyMax": null,
            "dailyAvg": null,
            "dailySum": 0.00,
            "dailyCount": 0,
            "createdBy": null,
            "createdOn": null,
            "updatedBy": null,
            "updatedOn": null,
            "lastSyncDate": null
        },
        {
            "obsdatahrId": 237374,
            "stationId": 45,
            "datatypeId": 41,
            "frequency": 24,
            "datetime1": "2006-02-20T08:30:00",
            "valuesCsv": ",,,,,,,,,,,,,,,,,,,,,,,",
            "valuesCsvInArray": [
                null,
                null,
                null,
                null,
                null,
                null,
                null,
                null,
                null,
                null,
                null,
                null,
                null,
                null,
                null,
                null,
                null,
                null,
                null,
                null,
                null,
                null,
                null,
                null
            ],
            "remarks": null,
            "dailyMin": null,
            "dailyMax": null,
            "dailyAvg": null,
            "dailySum": 0.00,
            "dailyCount": 0,
            "createdBy": null,
            "createdOn": null,
            "updatedBy": null,
            "updatedOn": null,
            "lastSyncDate": null
        },
        {
            "obsdatahrId": 237373,
            "stationId": 45,
            "datatypeId": 41,
            "frequency": 24,
            "datetime1": "2006-02-19T08:30:00",
            "valuesCsv": ",,,,,,,,,,,,,,,,,,,,,,,",
            "valuesCsvInArray": [
                null,
                null,
                null,
                null,
                null,
                null,
                null,
                null,
                null,
                null,
                null,
                null,
                null,
                null,
                null,
                null,
                null,
                null,
                null,
                null,
                null,
                null,
                null,
                null
            ],
            "remarks": null,
            "dailyMin": null,
            "dailyMax": null,
            "dailyAvg": null,
            "dailySum": 0.00,
            "dailyCount": 0,
            "createdBy": null,
            "createdOn": null,
            "updatedBy": null,
            "updatedOn": null,
            "lastSyncDate": null
        },
        {
            "obsdatahrId": 237142,
            "stationId": 45,
            "datatypeId": 41,
            "frequency": 24,
            "datetime1": "2006-02-18T08:30:00",
            "valuesCsv": ",,,,,,,,,,,,,,,,,,,,,,,",
            "valuesCsvInArray": [
                null,
                null,
                null,
                null,
                null,
                null,
                null,
                null,
                null,
                null,
                null,
                null,
                null,
                null,
                null,
                null,
                null,
                null,
                null,
                null,
                null,
                null,
                null,
                null
            ],
            "remarks": null,
            "dailyMin": null,
            "dailyMax": null,
            "dailyAvg": null,
            "dailySum": 0.00,
            "dailyCount": 0,
            "createdBy": null,
            "createdOn": null,
            "updatedBy": null,
            "updatedOn": null,
            "lastSyncDate": null
        },
        {
            "obsdatahrId": 236363,
            "stationId": 45,
            "datatypeId": 41,
            "frequency": 24,
            "datetime1": "2006-02-17T08:30:00",
            "valuesCsv": ",,,,,,,,,,,,,,,,,,,,,,,",
            "valuesCsvInArray": [
                null,
                null,
                null,
                null,
                null,
                null,
                null,
                null,
                null,
                null,
                null,
                null,
                null,
                null,
                null,
                null,
                null,
                null,
                null,
                null,
                null,
                null,
                null,
                null
            ],
            "remarks": null,
            "dailyMin": null,
            "dailyMax": null,
            "dailyAvg": null,
            "dailySum": 0.00,
            "dailyCount": 0,
            "createdBy": null,
            "createdOn": null,
            "updatedBy": null,
            "updatedOn": null,
            "lastSyncDate": null
        },
        {
            "obsdatahrId": 236362,
            "stationId": 45,
            "datatypeId": 41,
            "frequency": 24,
            "datetime1": "2006-02-16T08:30:00",
            "valuesCsv": ",,,,,,,,,,,,,,,,,,,,,,,",
            "valuesCsvInArray": [
                null,
                null,
                null,
                null,
                null,
                null,
                null,
                null,
                null,
                null,
                null,
                null,
                null,
                null,
                null,
                null,
                null,
                null,
                null,
                null,
                null,
                null,
                null,
                null
            ],
            "remarks": null,
            "dailyMin": null,
            "dailyMax": null,
            "dailyAvg": null,
            "dailySum": 0.00,
            "dailyCount": 0,
            "createdBy": null,
            "createdOn": null,
            "updatedBy": null,
            "updatedOn": null,
            "lastSyncDate": null
        },
        {
            "obsdatahrId": 236334,
            "stationId": 45,
            "datatypeId": 41,
            "frequency": 24,
            "datetime1": "2006-02-15T08:30:00",
            "valuesCsv": ",,,,,,,,,,,,,,,,,,,,,,,",
            "valuesCsvInArray": [
                null,
                null,
                null,
                null,
                null,
                null,
                null,
                null,
                null,
                null,
                null,
                null,
                null,
                null,
                null,
                null,
                null,
                null,
                null,
                null,
                null,
                null,
                null,
                null
            ],
            "remarks": null,
            "dailyMin": null,
            "dailyMax": null,
            "dailyAvg": null,
            "dailySum": 0.00,
            "dailyCount": 0,
            "createdBy": null,
            "createdOn": null,
            "updatedBy": null,
            "updatedOn": null,
            "lastSyncDate": null
        },
        {
            "obsdatahrId": 236333,
            "stationId": 45,
            "datatypeId": 41,
            "frequency": 24,
            "datetime1": "2006-02-14T08:30:00",
            "valuesCsv": ",,,,,,,,,,,,,,,,,,,,,,,",
            "valuesCsvInArray": [
                null,
                null,
                null,
                null,
                null,
                null,
                null,
                null,
                null,
                null,
                null,
                null,
                null,
                null,
                null,
                null,
                null,
                null,
                null,
                null,
                null,
                null,
                null,
                null
            ],
            "remarks": null,
            "dailyMin": null,
            "dailyMax": null,
            "dailyAvg": null,
            "dailySum": 0.00,
            "dailyCount": 0,
            "createdBy": null,
            "createdOn": null,
            "updatedBy": null,
            "updatedOn": null,
            "lastSyncDate": null
        },
        {
            "obsdatahrId": 236303,
            "stationId": 45,
            "datatypeId": 41,
            "frequency": 24,
            "datetime1": "2006-02-13T08:30:00",
            "valuesCsv": ",,,,,,,,,,,,,,,,,,,,,,,",
            "valuesCsvInArray": [
                null,
                null,
                null,
                null,
                null,
                null,
                null,
                null,
                null,
                null,
                null,
                null,
                null,
                null,
                null,
                null,
                null,
                null,
                null,
                null,
                null,
                null,
                null,
                null
            ],
            "remarks": null,
            "dailyMin": null,
            "dailyMax": null,
            "dailyAvg": null,
            "dailySum": 0.00,
            "dailyCount": 0,
            "createdBy": null,
            "createdOn": null,
            "updatedBy": null,
            "updatedOn": null,
            "lastSyncDate": null
        },
        {
            "obsdatahrId": 236302,
            "stationId": 45,
            "datatypeId": 41,
            "frequency": 24,
            "datetime1": "2006-02-12T08:30:00",
            "valuesCsv": ",,,,,,,,,,,,,,,,,,,,,,,",
            "valuesCsvInArray": [
                null,
                null,
                null,
                null,
                null,
                null,
                null,
                null,
                null,
                null,
                null,
                null,
                null,
                null,
                null,
                null,
                null,
                null,
                null,
                null,
                null,
                null,
                null,
                null
            ],
            "remarks": null,
            "dailyMin": null,
            "dailyMax": null,
            "dailyAvg": null,
            "dailySum": 0.00,
            "dailyCount": 0,
            "createdBy": null,
            "createdOn": null,
            "updatedBy": null,
            "updatedOn": null,
            "lastSyncDate": null
        },
        {
            "obsdatahrId": 237468,
            "stationId": 45,
            "datatypeId": 41,
            "frequency": 24,
            "datetime1": "2006-02-11T08:30:00",
            "valuesCsv": ",,,,,,,,,,,,,,,,,,,,,,,",
            "valuesCsvInArray": [
                null,
                null,
                null,
                null,
                null,
                null,
                null,
                null,
                null,
                null,
                null,
                null,
                null,
                null,
                null,
                null,
                null,
                null,
                null,
                null,
                null,
                null,
                null,
                null
            ],
            "remarks": null,
            "dailyMin": null,
            "dailyMax": null,
            "dailyAvg": null,
            "dailySum": 0.00,
            "dailyCount": 0,
            "createdBy": null,
            "createdOn": null,
            "updatedBy": null,
            "updatedOn": null,
            "lastSyncDate": null
        },
        {
            "obsdatahrId": 237467,
            "stationId": 45,
            "datatypeId": 41,
            "frequency": 24,
            "datetime1": "2006-02-10T08:30:00",
            "valuesCsv": ",,,,,,,,,,,,,,,,,,,,,,,",
            "valuesCsvInArray": [
                null,
                null,
                null,
                null,
                null,
                null,
                null,
                null,
                null,
                null,
                null,
                null,
                null,
                null,
                null,
                null,
                null,
                null,
                null,
                null,
                null,
                null,
                null,
                null
            ],
            "remarks": null,
            "dailyMin": null,
            "dailyMax": null,
            "dailyAvg": null,
            "dailySum": 0.00,
            "dailyCount": 0,
            "createdBy": null,
            "createdOn": null,
            "updatedBy": null,
            "updatedOn": null,
            "lastSyncDate": null
        },
        {
            "obsdatahrId": 237466,
            "stationId": 45,
            "datatypeId": 41,
            "frequency": 24,
            "datetime1": "2006-02-09T08:30:00",
            "valuesCsv": ",,,,,,,,,,,,,,,,,,,,,,,",
            "valuesCsvInArray": [
                null,
                null,
                null,
                null,
                null,
                null,
                null,
                null,
                null,
                null,
                null,
                null,
                null,
                null,
                null,
                null,
                null,
                null,
                null,
                null,
                null,
                null,
                null,
                null
            ],
            "remarks": null,
            "dailyMin": null,
            "dailyMax": null,
            "dailyAvg": null,
            "dailySum": 0.00,
            "dailyCount": 0,
            "createdBy": null,
            "createdOn": null,
            "updatedBy": null,
            "updatedOn": null,
            "lastSyncDate": null
        },
        {
            "obsdatahrId": 237465,
            "stationId": 45,
            "datatypeId": 41,
            "frequency": 24,
            "datetime1": "2006-02-08T08:30:00",
            "valuesCsv": ",,,,,,,,,,,,,,,,,,,,,,,",
            "valuesCsvInArray": [
                null,
                null,
                null,
                null,
                null,
                null,
                null,
                null,
                null,
                null,
                null,
                null,
                null,
                null,
                null,
                null,
                null,
                null,
                null,
                null,
                null,
                null,
                null,
                null
            ],
            "remarks": null,
            "dailyMin": null,
            "dailyMax": null,
            "dailyAvg": null,
            "dailySum": 0.00,
            "dailyCount": 0,
            "createdBy": null,
            "createdOn": null,
            "updatedBy": null,
            "updatedOn": null,
            "lastSyncDate": null
        },
        {
            "obsdatahrId": 237464,
            "stationId": 45,
            "datatypeId": 41,
            "frequency": 24,
            "datetime1": "2006-02-07T08:30:00",
            "valuesCsv": ",,,,,,,,,,,,,,,,,,,,,,,",
            "valuesCsvInArray": [
                null,
                null,
                null,
                null,
                null,
                null,
                null,
                null,
                null,
                null,
                null,
                null,
                null,
                null,
                null,
                null,
                null,
                null,
                null,
                null,
                null,
                null,
                null,
                null
            ],
            "remarks": null,
            "dailyMin": null,
            "dailyMax": null,
            "dailyAvg": null,
            "dailySum": 0.00,
            "dailyCount": 0,
            "createdBy": null,
            "createdOn": null,
            "updatedBy": null,
            "updatedOn": null,
            "lastSyncDate": null
        },
        {
            "obsdatahrId": 237463,
            "stationId": 45,
            "datatypeId": 41,
            "frequency": 24,
            "datetime1": "2006-02-06T08:30:00",
            "valuesCsv": ",,,,,,,,,,,,,,,,,,,,,,,",
            "valuesCsvInArray": [
                null,
                null,
                null,
                null,
                null,
                null,
                null,
                null,
                null,
                null,
                null,
                null,
                null,
                null,
                null,
                null,
                null,
                null,
                null,
                null,
                null,
                null,
                null,
                null
            ],
            "remarks": null,
            "dailyMin": null,
            "dailyMax": null,
            "dailyAvg": null,
            "dailySum": 0.00,
            "dailyCount": 0,
            "createdBy": null,
            "createdOn": null,
            "updatedBy": null,
            "updatedOn": null,
            "lastSyncDate": null
        },
        {
            "obsdatahrId": 237462,
            "stationId": 45,
            "datatypeId": 41,
            "frequency": 24,
            "datetime1": "2006-02-05T08:30:00",
            "valuesCsv": ",,,,,,,,,,,,,,,,,,,,,,,",
            "valuesCsvInArray": [
                null,
                null,
                null,
                null,
                null,
                null,
                null,
                null,
                null,
                null,
                null,
                null,
                null,
                null,
                null,
                null,
                null,
                null,
                null,
                null,
                null,
                null,
                null,
                null
            ],
            "remarks": null,
            "dailyMin": null,
            "dailyMax": null,
            "dailyAvg": null,
            "dailySum": 0.00,
            "dailyCount": 0,
            "createdBy": null,
            "createdOn": null,
            "updatedBy": null,
            "updatedOn": null,
            "lastSyncDate": null
        },
        {
            "obsdatahrId": 237461,
            "stationId": 45,
            "datatypeId": 41,
            "frequency": 24,
            "datetime1": "2006-02-04T08:30:00",
            "valuesCsv": ",,,,,,,,,,,,,,,,,,,,,,,",
            "valuesCsvInArray": [
                null,
                null,
                null,
                null,
                null,
                null,
                null,
                null,
                null,
                null,
                null,
                null,
                null,
                null,
                null,
                null,
                null,
                null,
                null,
                null,
                null,
                null,
                null,
                null
            ],
            "remarks": null,
            "dailyMin": null,
            "dailyMax": null,
            "dailyAvg": null,
            "dailySum": 0.00,
            "dailyCount": 0,
            "createdBy": null,
            "createdOn": null,
            "updatedBy": null,
            "updatedOn": null,
            "lastSyncDate": null
        },
        {
            "obsdatahrId": 237460,
            "stationId": 45,
            "datatypeId": 41,
            "frequency": 24,
            "datetime1": "2006-02-03T08:30:00",
            "valuesCsv": ",,,,,,,,,,,,,,,,,,,,,,,",
            "valuesCsvInArray": [
                null,
                null,
                null,
                null,
                null,
                null,
                null,
                null,
                null,
                null,
                null,
                null,
                null,
                null,
                null,
                null,
                null,
                null,
                null,
                null,
                null,
                null,
                null,
                null
            ],
            "remarks": null,
            "dailyMin": null,
            "dailyMax": null,
            "dailyAvg": null,
            "dailySum": 0.00,
            "dailyCount": 0,
            "createdBy": null,
            "createdOn": null,
            "updatedBy": null,
            "updatedOn": null,
            "lastSyncDate": null
        },
        {
            "obsdatahrId": 237459,
            "stationId": 45,
            "datatypeId": 41,
            "frequency": 24,
            "datetime1": "2006-02-02T08:30:00",
            "valuesCsv": ",,,,,,,,,,,,,,,,,,,,,,,",
            "valuesCsvInArray": [
                null,
                null,
                null,
                null,
                null,
                null,
                null,
                null,
                null,
                null,
                null,
                null,
                null,
                null,
                null,
                null,
                null,
                null,
                null,
                null,
                null,
                null,
                null,
                null
            ],
            "remarks": null,
            "dailyMin": null,
            "dailyMax": null,
            "dailyAvg": null,
            "dailySum": 0.00,
            "dailyCount": 0,
            "createdBy": null,
            "createdOn": null,
            "updatedBy": null,
            "updatedOn": null,
            "lastSyncDate": null
        },
        {
            "obsdatahrId": 237458,
            "stationId": 45,
            "datatypeId": 41,
            "frequency": 24,
            "datetime1": "2006-02-01T08:30:00",
            "valuesCsv": ",,,,,,,,,,,,,,,,,,,,,,,",
            "valuesCsvInArray": [
                null,
                null,
                null,
                null,
                null,
                null,
                null,
                null,
                null,
                null,
                null,
                null,
                null,
                null,
                null,
                null,
                null,
                null,
                null,
                null,
                null,
                null,
                null,
                null
            ],
            "remarks": null,
            "dailyMin": null,
            "dailyMax": null,
            "dailyAvg": null,
            "dailySum": 0.00,
            "dailyCount": 0,
            "createdBy": null,
            "createdOn": null,
            "updatedBy": null,
            "updatedOn": null,
            "lastSyncDate": null
        },
        {
            "obsdatahrId": 237457,
            "stationId": 45,
            "datatypeId": 41,
            "frequency": 24,
            "datetime1": "2006-01-31T08:30:00",
            "valuesCsv": "22,25,27.5,30,31.5,32.5,30.5,29,27,25,23.5,23.5,23.5,23.5,21.5,21,20.5,19,18,18.5,18.5,18,18,19",
            "valuesCsvInArray": [
                22.0,
                25.0,
                27.5,
                30.0,
                31.5,
                32.5,
                30.5,
                29.0,
                27.0,
                25.0,
                23.5,
                23.5,
                23.5,
                23.5,
                21.5,
                21.0,
                20.5,
                19.0,
                18.0,
                18.5,
                18.5,
                18.0,
                18.0,
                19.0
            ],
            "remarks": null,
            "dailyMin": 18.00,
            "dailyMax": 32.50,
            "dailyAvg": 23.58,
            "dailySum": 566.00,
            "dailyCount": 24,
            "createdBy": null,
            "createdOn": null,
            "updatedBy": null,
            "updatedOn": null,
            "lastSyncDate": null
        },
        {
            "obsdatahrId": 237456,
            "stationId": 45,
            "datatypeId": 41,
            "frequency": 24,
            "datetime1": "2006-01-30T08:30:00",
            "valuesCsv": "25,26.5,28.5,31,31.5,31.5,31.5,31.5,29.5,27.5,26,24,21,19.5,19.5,19.5,19.5,18.5,17.5,16.5,18.5,16.5,17.5,17",
            "valuesCsvInArray": [
                25.0,
                26.5,
                28.5,
                31.0,
                31.5,
                31.5,
                31.5,
                31.5,
                29.5,
                27.5,
                26.0,
                24.0,
                21.0,
                19.5,
                19.5,
                19.5,
                19.5,
                18.5,
                17.5,
                16.5,
                18.5,
                16.5,
                17.5,
                17.0
            ],
            "remarks": null,
            "dailyMin": 16.50,
            "dailyMax": 31.50,
            "dailyAvg": 23.54,
            "dailySum": 565.00,
            "dailyCount": 24,
            "createdBy": null,
            "createdOn": null,
            "updatedBy": null,
            "updatedOn": null,
            "lastSyncDate": null
        },
        {
            "obsdatahrId": 237455,
            "stationId": 45,
            "datatypeId": 41,
            "frequency": 24,
            "datetime1": "2006-01-29T08:30:00",
            "valuesCsv": "24,26.5,28.5,29.5,30.5,30,29.5,29,29,27.5,25,23.5,23,23.5,22.5,21.5,20,18.5,17,16.5,16.5,16.5,16.5,19",
            "valuesCsvInArray": [
                24.0,
                26.5,
                28.5,
                29.5,
                30.5,
                30.0,
                29.5,
                29.0,
                29.0,
                27.5,
                25.0,
                23.5,
                23.0,
                23.5,
                22.5,
                21.5,
                20.0,
                18.5,
                17.0,
                16.5,
                16.5,
                16.5,
                16.5,
                19.0
            ],
            "remarks": null,
            "dailyMin": 16.50,
            "dailyMax": 30.50,
            "dailyAvg": 23.48,
            "dailySum": 563.50,
            "dailyCount": 24,
            "createdBy": null,
            "createdOn": null,
            "updatedBy": null,
            "updatedOn": null,
            "lastSyncDate": null
        },
        {
            "obsdatahrId": 237454,
            "stationId": 45,
            "datatypeId": 41,
            "frequency": 24,
            "datetime1": "2006-01-28T08:30:00",
            "valuesCsv": "23.5,26,27,28.5,29,30,29.5,29.5,29.5,28,28.5,23.5,22,21,19,19.5,18.5,17.5,17,16,16,15.5,16,20",
            "valuesCsvInArray": [
                23.5,
                26.0,
                27.0,
                28.5,
                29.0,
                30.0,
                29.5,
                29.5,
                29.5,
                28.0,
                28.5,
                23.5,
                22.0,
                21.0,
                19.0,
                19.5,
                18.5,
                17.5,
                17.0,
                16.0,
                16.0,
                15.5,
                16.0,
                20.0
            ],
            "remarks": null,
            "dailyMin": 15.50,
            "dailyMax": 30.00,
            "dailyAvg": 22.94,
            "dailySum": 550.50,
            "dailyCount": 24,
            "createdBy": null,
            "createdOn": null,
            "updatedBy": null,
            "updatedOn": null,
            "lastSyncDate": null
        },
        {
            "obsdatahrId": 237452,
            "stationId": 45,
            "datatypeId": 41,
            "frequency": 24,
            "datetime1": "2006-01-27T08:30:00",
            "valuesCsv": "20.5,23,25.5,27.5,28.5,29,29.5,29.5,28,25.5,25.5,22,22,21,20.5,18,18.5,18,17.5,17,16.5,16,15.5,18",
            "valuesCsvInArray": [
                20.5,
                23.0,
                25.5,
                27.5,
                28.5,
                29.0,
                29.5,
                29.5,
                28.0,
                25.5,
                25.5,
                22.0,
                22.0,
                21.0,
                20.5,
                18.0,
                18.5,
                18.0,
                17.5,
                17.0,
                16.5,
                16.0,
                15.5,
                18.0
            ],
            "remarks": null,
            "dailyMin": 15.50,
            "dailyMax": 29.50,
            "dailyAvg": 22.19,
            "dailySum": 532.50,
            "dailyCount": 24,
            "createdBy": null,
            "createdOn": null,
            "updatedBy": null,
            "updatedOn": null,
            "lastSyncDate": null
        },
        {
            "obsdatahrId": 237451,
            "stationId": 45,
            "datatypeId": 41,
            "frequency": 24,
            "datetime1": "2006-01-26T08:30:00",
            "valuesCsv": "23.5,24.5,27,29,28.5,28.5,28.5,27.5,25.5,24.5,22.5,20.5,18,16.5,15.5,14,14,14,14.5,15,15.5,17,19.5,21",
            "valuesCsvInArray": [
                23.5,
                24.5,
                27.0,
                29.0,
                28.5,
                28.5,
                28.5,
                27.5,
                25.5,
                24.5,
                22.5,
                20.5,
                18.0,
                16.5,
                15.5,
                14.0,
                14.0,
                14.0,
                14.5,
                15.0,
                15.5,
                17.0,
                19.5,
                21.0
            ],
            "remarks": null,
            "dailyMin": 14.00,
            "dailyMax": 29.00,
            "dailyAvg": 21.02,
            "dailySum": 504.50,
            "dailyCount": 24,
            "createdBy": null,
            "createdOn": null,
            "updatedBy": null,
            "updatedOn": null,
            "lastSyncDate": null
        },
        {
            "obsdatahrId": 237450,
            "stationId": 45,
            "datatypeId": 41,
            "frequency": 24,
            "datetime1": "2006-01-25T08:30:00",
            "valuesCsv": "20,20,22,22.5,28,28,28,28.5,28,27,25,24,23.5,20,17.5,15.5,15,15.5,15.5,16,16,17.5,18.5,21.5",
            "valuesCsvInArray": [
                20.0,
                20.0,
                22.0,
                22.5,
                28.0,
                28.0,
                28.0,
                28.5,
                28.0,
                27.0,
                25.0,
                24.0,
                23.5,
                20.0,
                17.5,
                15.5,
                15.0,
                15.5,
                15.5,
                16.0,
                16.0,
                17.5,
                18.5,
                21.5
            ],
            "remarks": null,
            "dailyMin": 15.00,
            "dailyMax": 28.50,
            "dailyAvg": 21.38,
            "dailySum": 513.00,
            "dailyCount": 24,
            "createdBy": null,
            "createdOn": null,
            "updatedBy": null,
            "updatedOn": null,
            "lastSyncDate": null
        },
        {
            "obsdatahrId": 237449,
            "stationId": 45,
            "datatypeId": 41,
            "frequency": 24,
            "datetime1": "2006-01-24T08:30:00",
            "valuesCsv": "19.5,22.5,24.5,26.5,24.5,24,24.5,24.5,27.5,26,25,23.5,23,22.5,22.5,21.5,20.5,19,18,17.5,17,17.5,19.5,21",
            "valuesCsvInArray": [
                19.5,
                22.5,
                24.5,
                26.5,
                24.5,
                24.0,
                24.5,
                24.5,
                27.5,
                26.0,
                25.0,
                23.5,
                23.0,
                22.5,
                22.5,
                21.5,
                20.5,
                19.0,
                18.0,
                17.5,
                17.0,
                17.5,
                19.5,
                21.0
            ],
            "remarks": null,
            "dailyMin": 17.00,
            "dailyMax": 27.50,
            "dailyAvg": 22.17,
            "dailySum": 532.00,
            "dailyCount": 24,
            "createdBy": null,
            "createdOn": null,
            "updatedBy": null,
            "updatedOn": null,
            "lastSyncDate": null
        },
        {
            "obsdatahrId": 237448,
            "stationId": 45,
            "datatypeId": 41,
            "frequency": 24,
            "datetime1": "2006-01-23T08:30:00",
            "valuesCsv": "23.5,24.5,27.6,28.5,28.5,27.5,26.5,25,24,23.5,21.5,20.5,19,17.5,16.5,16,15.5,14,13.5,14,14.5,15.5,16.5,16.5",
            "valuesCsvInArray": [
                23.5,
                24.5,
                27.6,
                28.5,
                28.5,
                27.5,
                26.5,
                25.0,
                24.0,
                23.5,
                21.5,
                20.5,
                19.0,
                17.5,
                16.5,
                16.0,
                15.5,
                14.0,
                13.5,
                14.0,
                14.5,
                15.5,
                16.5,
                16.5
            ],
            "remarks": null,
            "dailyMin": 13.50,
            "dailyMax": 28.50,
            "dailyAvg": 20.42,
            "dailySum": 490.10,
            "dailyCount": 24,
            "createdBy": null,
            "createdOn": null,
            "updatedBy": null,
            "updatedOn": null,
            "lastSyncDate": null
        },
        {
            "obsdatahrId": 237447,
            "stationId": 45,
            "datatypeId": 41,
            "frequency": 24,
            "datetime1": "2006-01-22T08:30:00",
            "valuesCsv": "25,26.5,28.5,29.5,29.5,33,34.5,33.5,32.5,30.5,28,26.5,24.5,23.5,23,22,21,20.5,20,19.5,19.5,20.5,20,22",
            "valuesCsvInArray": [
                25.0,
                26.5,
                28.5,
                29.5,
                29.5,
                33.0,
                34.5,
                33.5,
                32.5,
                30.5,
                28.0,
                26.5,
                24.5,
                23.5,
                23.0,
                22.0,
                21.0,
                20.5,
                20.0,
                19.5,
                19.5,
                20.5,
                20.0,
                22.0
            ],
            "remarks": null,
            "dailyMin": 19.50,
            "dailyMax": 34.50,
            "dailyAvg": 25.56,
            "dailySum": 613.50,
            "dailyCount": 24,
            "createdBy": null,
            "createdOn": null,
            "updatedBy": null,
            "updatedOn": null,
            "lastSyncDate": null
        },
        {
            "obsdatahrId": 237446,
            "stationId": 45,
            "datatypeId": 41,
            "frequency": 24,
            "datetime1": "2006-01-21T08:30:00",
            "valuesCsv": "24.5,30,32.5,33.5,33.5,32.5,32.5,32,31,38.5,38,26.5,26,25,23.5,23.5,22.5,22.5,21.5,21,21,20.5,20.5,22.5",
            "valuesCsvInArray": [
                24.5,
                30.0,
                32.5,
                33.5,
                33.5,
                32.5,
                32.5,
                32.0,
                31.0,
                38.5,
                38.0,
                26.5,
                26.0,
                25.0,
                23.5,
                23.5,
                22.5,
                22.5,
                21.5,
                21.0,
                21.0,
                20.5,
                20.5,
                22.5
            ],
            "remarks": null,
            "dailyMin": 20.50,
            "dailyMax": 38.50,
            "dailyAvg": 27.29,
            "dailySum": 655.00,
            "dailyCount": 24,
            "createdBy": null,
            "createdOn": null,
            "updatedBy": null,
            "updatedOn": null,
            "lastSyncDate": null
        },
        {
            "obsdatahrId": 237445,
            "stationId": 45,
            "datatypeId": 41,
            "frequency": 24,
            "datetime1": "2006-01-20T08:30:00",
            "valuesCsv": "25.5,28.5,32,33.5,34,34,33.5,32.5,31,29.5,27.5,26.5,26,25.5,24,24,23.5,22.5,21.5,21.5,21,19.5,19.5,22.5",
            "valuesCsvInArray": [
                25.5,
                28.5,
                32.0,
                33.5,
                34.0,
                34.0,
                33.5,
                32.5,
                31.0,
                29.5,
                27.5,
                26.5,
                26.0,
                25.5,
                24.0,
                24.0,
                23.5,
                22.5,
                21.5,
                21.5,
                21.0,
                19.5,
                19.5,
                22.5
            ],
            "remarks": null,
            "dailyMin": 19.50,
            "dailyMax": 34.00,
            "dailyAvg": 26.63,
            "dailySum": 639.00,
            "dailyCount": 24,
            "createdBy": null,
            "createdOn": null,
            "updatedBy": null,
            "updatedOn": null,
            "lastSyncDate": null
        },
        {
            "obsdatahrId": 237444,
            "stationId": 45,
            "datatypeId": 41,
            "frequency": 24,
            "datetime1": "2006-01-19T08:30:00",
            "valuesCsv": "24.5,26.5,29,32,33,33.5,32.5,31,31.5,29.5,28,26.5,25.5,25,24.5,23.5,23,20.5,20.5,20.5,20.5,19.5,19.5,22",
            "valuesCsvInArray": [
                24.5,
                26.5,
                29.0,
                32.0,
                33.0,
                33.5,
                32.5,
                31.0,
                31.5,
                29.5,
                28.0,
                26.5,
                25.5,
                25.0,
                24.5,
                23.5,
                23.0,
                20.5,
                20.5,
                20.5,
                20.5,
                19.5,
                19.5,
                22.0
            ],
            "remarks": null,
            "dailyMin": 19.50,
            "dailyMax": 33.50,
            "dailyAvg": 25.92,
            "dailySum": 622.00,
            "dailyCount": 24,
            "createdBy": null,
            "createdOn": null,
            "updatedBy": null,
            "updatedOn": null,
            "lastSyncDate": null
        },
        {
            "obsdatahrId": 237443,
            "stationId": 45,
            "datatypeId": 41,
            "frequency": 24,
            "datetime1": "2006-01-18T08:30:00",
            "valuesCsv": "26.5,28.5,30.5,32.5,32.5,32.5,32.5,31.5,30.5,28,25.5,23.5,20.5,20.5,20,19.5,20.5,20,21,21.5,21.5,22.5,22.5,21",
            "valuesCsvInArray": [
                26.5,
                28.5,
                30.5,
                32.5,
                32.5,
                32.5,
                32.5,
                31.5,
                30.5,
                28.0,
                25.5,
                23.5,
                20.5,
                20.5,
                20.0,
                19.5,
                20.5,
                20.0,
                21.0,
                21.5,
                21.5,
                22.5,
                22.5,
                21.0
            ],
            "remarks": null,
            "dailyMin": 19.50,
            "dailyMax": 32.50,
            "dailyAvg": 25.23,
            "dailySum": 605.50,
            "dailyCount": 24,
            "createdBy": null,
            "createdOn": null,
            "updatedBy": null,
            "updatedOn": null,
            "lastSyncDate": null
        },
        {
            "obsdatahrId": 237442,
            "stationId": 45,
            "datatypeId": 41,
            "frequency": 24,
            "datetime1": "2006-01-17T08:30:00",
            "valuesCsv": "24.5,29,32,32.5,33,33,32,29,31.5,29.5,27.5,26.5,25.5,25.5,24.5,23.5,22.5,22.5,22.5,22.5,22,21.5,20.5,22.5",
            "valuesCsvInArray": [
                24.5,
                29.0,
                32.0,
                32.5,
                33.0,
                33.0,
                32.0,
                29.0,
                31.5,
                29.5,
                27.5,
                26.5,
                25.5,
                25.5,
                24.5,
                23.5,
                22.5,
                22.5,
                22.5,
                22.5,
                22.0,
                21.5,
                20.5,
                22.5
            ],
            "remarks": null,
            "dailyMin": 20.50,
            "dailyMax": 33.00,
            "dailyAvg": 26.48,
            "dailySum": 635.50,
            "dailyCount": 24,
            "createdBy": null,
            "createdOn": null,
            "updatedBy": null,
            "updatedOn": null,
            "lastSyncDate": null
        },
        {
            "obsdatahrId": 237441,
            "stationId": 45,
            "datatypeId": 41,
            "frequency": 24,
            "datetime1": "2006-01-16T08:30:00",
            "valuesCsv": "25.5,28,31,32.5,33,34,34.5,34.5,32.5,30.5,28.5,28,26.5,25.5,24.5,23.5,23.5,21,22.5,21.5,21.5,20.5,20.5,23",
            "valuesCsvInArray": [
                25.5,
                28.0,
                31.0,
                32.5,
                33.0,
                34.0,
                34.5,
                34.5,
                32.5,
                30.5,
                28.5,
                28.0,
                26.5,
                25.5,
                24.5,
                23.5,
                23.5,
                21.0,
                22.5,
                21.5,
                21.5,
                20.5,
                20.5,
                23.0
            ],
            "remarks": null,
            "dailyMin": 20.50,
            "dailyMax": 34.50,
            "dailyAvg": 26.94,
            "dailySum": 646.50,
            "dailyCount": 24,
            "createdBy": null,
            "createdOn": null,
            "updatedBy": null,
            "updatedOn": null,
            "lastSyncDate": null
        },
        {
            "obsdatahrId": 237440,
            "stationId": 45,
            "datatypeId": 41,
            "frequency": 24,
            "datetime1": "2006-01-15T08:30:00",
            "valuesCsv": "26.5,28.5,29.5,30.5,31,34,31.5,30.5,29,27.5,25.5,22.5,22.5,21,20.5,20,20,18.5,18.5,18.5,18.5,18.5,19,22",
            "valuesCsvInArray": [
                26.5,
                28.5,
                29.5,
                30.5,
                31.0,
                34.0,
                31.5,
                30.5,
                29.0,
                27.5,
                25.5,
                22.5,
                22.5,
                21.0,
                20.5,
                20.0,
                20.0,
                18.5,
                18.5,
                18.5,
                18.5,
                18.5,
                19.0,
                22.0
            ],
            "remarks": null,
            "dailyMin": 18.50,
            "dailyMax": 34.00,
            "dailyAvg": 24.33,
            "dailySum": 584.00,
            "dailyCount": 24,
            "createdBy": null,
            "createdOn": null,
            "updatedBy": null,
            "updatedOn": null,
            "lastSyncDate": null
        },
        {
            "obsdatahrId": 237439,
            "stationId": 45,
            "datatypeId": 41,
            "frequency": 24,
            "datetime1": "2006-01-14T08:30:00",
            "valuesCsv": "23.5,26.5,29.5,31,31.5,32.5,31.5,30.5,29,26,26.5,25.5,25,22.5,21,21.5,21.5,20.5,19.5,19.5,19.5,19,18.5,21",
            "valuesCsvInArray": [
                23.5,
                26.5,
                29.5,
                31.0,
                31.5,
                32.5,
                31.5,
                30.5,
                29.0,
                26.0,
                26.5,
                25.5,
                25.0,
                22.5,
                21.0,
                21.5,
                21.5,
                20.5,
                19.5,
                19.5,
                19.5,
                19.0,
                18.5,
                21.0
            ],
            "remarks": null,
            "dailyMin": 18.50,
            "dailyMax": 32.50,
            "dailyAvg": 24.69,
            "dailySum": 592.50,
            "dailyCount": 24,
            "createdBy": null,
            "createdOn": null,
            "updatedBy": null,
            "updatedOn": null,
            "lastSyncDate": null
        },
        {
            "obsdatahrId": 237438,
            "stationId": 45,
            "datatypeId": 41,
            "frequency": 24,
            "datetime1": "2006-01-13T08:30:00",
            "valuesCsv": "24,26.5,28,29.5,30.5,31,29.5,29.5,28,27.5,26.5,25.5,25.5,25.5,25.5,24.5,23.5,22.5,22.5,21.5,20.5,20.5,18,20",
            "valuesCsvInArray": [
                24.0,
                26.5,
                28.0,
                29.5,
                30.5,
                31.0,
                29.5,
                29.5,
                28.0,
                27.5,
                26.5,
                25.5,
                25.5,
                25.5,
                25.5,
                24.5,
                23.5,
                22.5,
                22.5,
                21.5,
                20.5,
                20.5,
                18.0,
                20.0
            ],
            "remarks": null,
            "dailyMin": 18.00,
            "dailyMax": 31.00,
            "dailyAvg": 25.25,
            "dailySum": 606.00,
            "dailyCount": 24,
            "createdBy": null,
            "createdOn": null,
            "updatedBy": null,
            "updatedOn": null,
            "lastSyncDate": null
        },
        {
            "obsdatahrId": 237435,
            "stationId": 45,
            "datatypeId": 41,
            "frequency": 24,
            "datetime1": "2006-01-12T08:30:00",
            "valuesCsv": "24.5,28,29,29.5,30,30.5,30.5,30.5,29.5,27.5,26.5,25.5,24.5,23.5,23.5,22,21.5,21.5,21.5,20.5,20.5,19.5,19,20",
            "valuesCsvInArray": [
                24.5,
                28.0,
                29.0,
                29.5,
                30.0,
                30.5,
                30.5,
                30.5,
                29.5,
                27.5,
                26.5,
                25.5,
                24.5,
                23.5,
                23.5,
                22.0,
                21.5,
                21.5,
                21.5,
                20.5,
                20.5,
                19.5,
                19.0,
                20.0
            ],
            "remarks": null,
            "dailyMin": 19.00,
            "dailyMax": 30.50,
            "dailyAvg": 24.96,
            "dailySum": 599.00,
            "dailyCount": 24,
            "createdBy": null,
            "createdOn": null,
            "updatedBy": null,
            "updatedOn": null,
            "lastSyncDate": null
        },
        {
            "obsdatahrId": 237434,
            "stationId": 45,
            "datatypeId": 41,
            "frequency": 24,
            "datetime1": "2006-01-11T08:30:00",
            "valuesCsv": "25.5,27.5,29,30.5,30.5,31,31,30.5,29.5,27.5,26,25,24.5,23.5,22.5,22,22,21.5,21,20.5,20,19.5,18.5,20",
            "valuesCsvInArray": [
                25.5,
                27.5,
                29.0,
                30.5,
                30.5,
                31.0,
                31.0,
                30.5,
                29.5,
                27.5,
                26.0,
                25.0,
                24.5,
                23.5,
                22.5,
                22.0,
                22.0,
                21.5,
                21.0,
                20.5,
                20.0,
                19.5,
                18.5,
                20.0
            ],
            "remarks": null,
            "dailyMin": 18.50,
            "dailyMax": 31.00,
            "dailyAvg": 24.96,
            "dailySum": 599.00,
            "dailyCount": 24,
            "createdBy": null,
            "createdOn": null,
            "updatedBy": null,
            "updatedOn": null,
            "lastSyncDate": null
        },
        {
            "obsdatahrId": 237433,
            "stationId": 45,
            "datatypeId": 41,
            "frequency": 24,
            "datetime1": "2006-01-10T08:30:00",
            "valuesCsv": "26,28.5,29.5,30.5,31.5,31.5,31.5,31,30,28,27,25.5,24.5,24,23.5,23,22,22,20.5,20,20,20,20,20",
            "valuesCsvInArray": [
                26.0,
                28.5,
                29.5,
                30.5,
                31.5,
                31.5,
                31.5,
                31.0,
                30.0,
                28.0,
                27.0,
                25.5,
                24.5,
                24.0,
                23.5,
                23.0,
                22.0,
                22.0,
                20.5,
                20.0,
                20.0,
                20.0,
                20.0,
                20.0
            ],
            "remarks": null,
            "dailyMin": 20.00,
            "dailyMax": 31.50,
            "dailyAvg": 25.42,
            "dailySum": 610.00,
            "dailyCount": 24,
            "createdBy": null,
            "createdOn": null,
            "updatedBy": null,
            "updatedOn": null,
            "lastSyncDate": null
        },
        {
            "obsdatahrId": 237432,
            "stationId": 45,
            "datatypeId": 41,
            "frequency": 24,
            "datetime1": "2006-01-09T08:30:00",
            "valuesCsv": "25,28,29.5,30.5,31.5,30.5,30,30,29.5,28.5,27,26.5,25.5,24.5,24,23.5,23.5,28,22.5,21.5,21,20.5,20.5,21.5",
            "valuesCsvInArray": [
                25.0,
                28.0,
                29.5,
                30.5,
                31.5,
                30.5,
                30.0,
                30.0,
                29.5,
                28.5,
                27.0,
                26.5,
                25.5,
                24.5,
                24.0,
                23.5,
                23.5,
                28.0,
                22.5,
                21.5,
                21.0,
                20.5,
                20.5,
                21.5
            ],
            "remarks": null,
            "dailyMin": 20.50,
            "dailyMax": 31.50,
            "dailyAvg": 25.96,
            "dailySum": 623.00,
            "dailyCount": 24,
            "createdBy": null,
            "createdOn": null,
            "updatedBy": null,
            "updatedOn": null,
            "lastSyncDate": null
        },
        {
            "obsdatahrId": 237431,
            "stationId": 45,
            "datatypeId": 41,
            "frequency": 24,
            "datetime1": "2006-01-08T08:30:00",
            "valuesCsv": "25.5,27,28.5,29.5,31,30.5,30.5,29.5,29,29,27.5,26,25.5,25.5,25.5,25.5,24,23.5,23,22.5,22.5,21.5,21,22",
            "valuesCsvInArray": [
                25.5,
                27.0,
                28.5,
                29.5,
                31.0,
                30.5,
                30.5,
                29.5,
                29.0,
                29.0,
                27.5,
                26.0,
                25.5,
                25.5,
                25.5,
                25.5,
                24.0,
                23.5,
                23.0,
                22.5,
                22.5,
                21.5,
                21.0,
                22.0
            ],
            "remarks": null,
            "dailyMin": 21.00,
            "dailyMax": 31.00,
            "dailyAvg": 26.06,
            "dailySum": 625.50,
            "dailyCount": 24,
            "createdBy": null,
            "createdOn": null,
            "updatedBy": null,
            "updatedOn": null,
            "lastSyncDate": null
        },
        {
            "obsdatahrId": 237430,
            "stationId": 45,
            "datatypeId": 41,
            "frequency": 24,
            "datetime1": "2006-01-07T08:30:00",
            "valuesCsv": "25,27.5,28.5,29,28.5,30,30,28,26.5,25,23.5,23,22.5,22.5,22.5,21.5,21.5,21.5,20.5,19.5,19,19,21,21",
            "valuesCsvInArray": [
                25.0,
                27.5,
                28.5,
                29.0,
                28.5,
                30.0,
                30.0,
                28.0,
                26.5,
                25.0,
                23.5,
                23.0,
                22.5,
                22.5,
                22.5,
                21.5,
                21.5,
                21.5,
                20.5,
                19.5,
                19.0,
                19.0,
                21.0,
                21.0
            ],
            "remarks": null,
            "dailyMin": 19.00,
            "dailyMax": 30.00,
            "dailyAvg": 24.02,
            "dailySum": 576.50,
            "dailyCount": 24,
            "createdBy": null,
            "createdOn": null,
            "updatedBy": null,
            "updatedOn": null,
            "lastSyncDate": null
        },
        {
            "obsdatahrId": 237429,
            "stationId": 45,
            "datatypeId": 41,
            "frequency": 24,
            "datetime1": "2006-01-06T08:30:00",
            "valuesCsv": "23,25,26.5,28,29,29.5,29,28.5,27,25.5,23.5,23,23,22,21,20,17,17,19.5,19,18.5,18,17,17",
            "valuesCsvInArray": [
                23.0,
                25.0,
                26.5,
                28.0,
                29.0,
                29.5,
                29.0,
                28.5,
                27.0,
                25.5,
                23.5,
                23.0,
                23.0,
                22.0,
                21.0,
                20.0,
                17.0,
                17.0,
                19.5,
                19.0,
                18.5,
                18.0,
                17.0,
                17.0
            ],
            "remarks": null,
            "dailyMin": 17.00,
            "dailyMax": 29.50,
            "dailyAvg": 22.77,
            "dailySum": 546.50,
            "dailyCount": 24,
            "createdBy": null,
            "createdOn": null,
            "updatedBy": null,
            "updatedOn": null,
            "lastSyncDate": null
        },
        {
            "obsdatahrId": 237428,
            "stationId": 45,
            "datatypeId": 41,
            "frequency": 24,
            "datetime1": "2006-01-05T08:30:00",
            "valuesCsv": "23,26,27.5,28,28,28,29.5,29,28.5,27,25.5,23,22.5,22,22,21.5,20,19,18.5,18.5,18.5,17.5,16.5,16.5",
            "valuesCsvInArray": [
                23.0,
                26.0,
                27.5,
                28.0,
                28.0,
                28.0,
                29.5,
                29.0,
                28.5,
                27.0,
                25.5,
                23.0,
                22.5,
                22.0,
                22.0,
                21.5,
                20.0,
                19.0,
                18.5,
                18.5,
                18.5,
                17.5,
                16.5,
                16.5
            ],
            "remarks": null,
            "dailyMin": 16.50,
            "dailyMax": 29.50,
            "dailyAvg": 23.17,
            "dailySum": 556.00,
            "dailyCount": 24,
            "createdBy": null,
            "createdOn": null,
            "updatedBy": null,
            "updatedOn": null,
            "lastSyncDate": null
        },
        {
            "obsdatahrId": 237427,
            "stationId": 45,
            "datatypeId": 41,
            "frequency": 24,
            "datetime1": "2006-01-04T08:30:00",
            "valuesCsv": "23,25.5,26.5,27.5,28.5,29,29,29,27,25.5,23.5,22.5,21.5,20.5,20,19.5,18.5,19.5,17.5,17,16.5,16.5,16,19",
            "valuesCsvInArray": [
                23.0,
                25.5,
                26.5,
                27.5,
                28.5,
                29.0,
                29.0,
                29.0,
                27.0,
                25.5,
                23.5,
                22.5,
                21.5,
                20.5,
                20.0,
                19.5,
                18.5,
                19.5,
                17.5,
                17.0,
                16.5,
                16.5,
                16.0,
                19.0
            ],
            "remarks": null,
            "dailyMin": 16.00,
            "dailyMax": 29.00,
            "dailyAvg": 22.44,
            "dailySum": 538.50,
            "dailyCount": 24,
            "createdBy": null,
            "createdOn": null,
            "updatedBy": null,
            "updatedOn": null,
            "lastSyncDate": null
        },
        {
            "obsdatahrId": 237426,
            "stationId": 45,
            "datatypeId": 41,
            "frequency": 24,
            "datetime1": "2006-01-03T08:30:00",
            "valuesCsv": "24,25.5,26,26,26.5,27.5,27.5,26.5,25.5,24.5,23.5,22,21.5,21,20,19.5,19.5,19,17.5,17.5,17.5,17,17,19.5",
            "valuesCsvInArray": [
                24.0,
                25.5,
                26.0,
                26.0,
                26.5,
                27.5,
                27.5,
                26.5,
                25.5,
                24.5,
                23.5,
                22.0,
                21.5,
                21.0,
                20.0,
                19.5,
                19.5,
                19.0,
                17.5,
                17.5,
                17.5,
                17.0,
                17.0,
                19.5
            ],
            "remarks": null,
            "dailyMin": 17.00,
            "dailyMax": 27.50,
            "dailyAvg": 22.15,
            "dailySum": 531.50,
            "dailyCount": 24,
            "createdBy": null,
            "createdOn": null,
            "updatedBy": null,
            "updatedOn": null,
            "lastSyncDate": null
        },
        {
            "obsdatahrId": 237425,
            "stationId": 45,
            "datatypeId": 41,
            "frequency": 24,
            "datetime1": "2006-01-02T08:30:00",
            "valuesCsv": "24,25.5,26.5,27,28,28.5,28.5,28,26,24.5,23.5,22.5,21.5,21,21,20.5,19.5,18.8,18.5,17.5,17.5,17.5,17.5,20",
            "valuesCsvInArray": [
                24.0,
                25.5,
                26.5,
                27.0,
                28.0,
                28.5,
                28.5,
                28.0,
                26.0,
                24.5,
                23.5,
                22.5,
                21.5,
                21.0,
                21.0,
                20.5,
                19.5,
                18.8,
                18.5,
                17.5,
                17.5,
                17.5,
                17.5,
                20.0
            ],
            "remarks": null,
            "dailyMin": 17.50,
            "dailyMax": 28.50,
            "dailyAvg": 22.64,
            "dailySum": 543.30,
            "dailyCount": 24,
            "createdBy": null,
            "createdOn": null,
            "updatedBy": null,
            "updatedOn": null,
            "lastSyncDate": null
        },
        {
            "obsdatahrId": 237423,
            "stationId": 45,
            "datatypeId": 41,
            "frequency": 24,
            "datetime1": "2006-01-01T08:30:00",
            "valuesCsv": "22,24.5,27,27.5,28.5,29,29,28.5,26.5,23.5,22.5,21.5,20,19.5,18.5,18,18,17.5,18,17,17,16.5,16.5,18",
            "valuesCsvInArray": [
                22.0,
                24.5,
                27.0,
                27.5,
                28.5,
                29.0,
                29.0,
                28.5,
                26.5,
                23.5,
                22.5,
                21.5,
                20.0,
                19.5,
                18.5,
                18.0,
                18.0,
                17.5,
                18.0,
                17.0,
                17.0,
                16.5,
                16.5,
                18.0
            ],
            "remarks": null,
            "dailyMin": 16.50,
            "dailyMax": 29.00,
            "dailyAvg": 21.85,
            "dailySum": 524.50,
            "dailyCount": 24,
            "createdBy": null,
            "createdOn": null,
            "updatedBy": null,
            "updatedOn": null,
            "lastSyncDate": null
        },
        {
            "obsdatahrId": 236636,
            "stationId": 45,
            "datatypeId": 41,
            "frequency": 24,
            "datetime1": "2005-12-31T08:30:00",
            "valuesCsv": "24.5,26,27.5,28,29,29.5,29.5,29,28,26.5,24.5,23,21.5,20,19,18.5,18,17.5,17.5,17.5,16.5,16,17,17.5",
            "valuesCsvInArray": [
                24.5,
                26.0,
                27.5,
                28.0,
                29.0,
                29.5,
                29.5,
                29.0,
                28.0,
                26.5,
                24.5,
                23.0,
                21.5,
                20.0,
                19.0,
                18.5,
                18.0,
                17.5,
                17.5,
                17.5,
                16.5,
                16.0,
                17.0,
                17.5
            ],
            "remarks": null,
            "dailyMin": 16.00,
            "dailyMax": 29.50,
            "dailyAvg": 22.56,
            "dailySum": 541.50,
            "dailyCount": 24,
            "createdBy": null,
            "createdOn": null,
            "updatedBy": null,
            "updatedOn": null,
            "lastSyncDate": null
        },
        {
            "obsdatahrId": 236635,
            "stationId": 45,
            "datatypeId": 41,
            "frequency": 24,
            "datetime1": "2005-12-30T08:30:00",
            "valuesCsv": "23.5,26.5,27.5,28.5,28.5,29.5,29.5,28.5,27,25,23,22,21.5,21.5,20.5,20,19,18.5,17,17,16.5,16.5,16.5,21",
            "valuesCsvInArray": [
                23.5,
                26.5,
                27.5,
                28.5,
                28.5,
                29.5,
                29.5,
                28.5,
                27.0,
                25.0,
                23.0,
                22.0,
                21.5,
                21.5,
                20.5,
                20.0,
                19.0,
                18.5,
                17.0,
                17.0,
                16.5,
                16.5,
                16.5,
                21.0
            ],
            "remarks": null,
            "dailyMin": 16.50,
            "dailyMax": 29.50,
            "dailyAvg": 22.69,
            "dailySum": 544.50,
            "dailyCount": 24,
            "createdBy": null,
            "createdOn": null,
            "updatedBy": null,
            "updatedOn": null,
            "lastSyncDate": null
        },
        {
            "obsdatahrId": 236634,
            "stationId": 45,
            "datatypeId": 41,
            "frequency": 24,
            "datetime1": "2005-12-29T08:30:00",
            "valuesCsv": "20,24.5,26.5,26.5,28.5,29,29,28.5,27.5,25,23.5,22.5,22,20.5,19.5,19.5,19,19,18.5,18,17.5,16,14.5,18",
            "valuesCsvInArray": [
                20.0,
                24.5,
                26.5,
                26.5,
                28.5,
                29.0,
                29.0,
                28.5,
                27.5,
                25.0,
                23.5,
                22.5,
                22.0,
                20.5,
                19.5,
                19.5,
                19.0,
                19.0,
                18.5,
                18.0,
                17.5,
                16.0,
                14.5,
                18.0
            ],
            "remarks": null,
            "dailyMin": 14.50,
            "dailyMax": 29.00,
            "dailyAvg": 22.21,
            "dailySum": 533.00,
            "dailyCount": 24,
            "createdBy": null,
            "createdOn": null,
            "updatedBy": null,
            "updatedOn": null,
            "lastSyncDate": null
        },
        {
            "obsdatahrId": 236633,
            "stationId": 45,
            "datatypeId": 41,
            "frequency": 24,
            "datetime1": "2005-12-28T08:30:00",
            "valuesCsv": "20.5,24,25.5,27,28,28,27.5,27.5,26,24.5,23,22,21.5,21,20,19.5,19,18.5,18.5,18,17,17,16.5,19",
            "valuesCsvInArray": [
                20.5,
                24.0,
                25.5,
                27.0,
                28.0,
                28.0,
                27.5,
                27.5,
                26.0,
                24.5,
                23.0,
                22.0,
                21.5,
                21.0,
                20.0,
                19.5,
                19.0,
                18.5,
                18.5,
                18.0,
                17.0,
                17.0,
                16.5,
                19.0
            ],
            "remarks": null,
            "dailyMin": 16.50,
            "dailyMax": 28.00,
            "dailyAvg": 22.04,
            "dailySum": 529.00,
            "dailyCount": 24,
            "createdBy": null,
            "createdOn": null,
            "updatedBy": null,
            "updatedOn": null,
            "lastSyncDate": null
        },
        {
            "obsdatahrId": 236632,
            "stationId": 45,
            "datatypeId": 41,
            "frequency": 24,
            "datetime1": "2005-12-27T08:30:00",
            "valuesCsv": "22.5,24.5,27.5,27.5,28,28.5,28.5,28.5,28.5,27,23,19.5,18,17.5,16.5,16,15.5,14.5,14,14,14,15.5,15.5,18",
            "valuesCsvInArray": [
                22.5,
                24.5,
                27.5,
                27.5,
                28.0,
                28.5,
                28.5,
                28.5,
                28.5,
                27.0,
                23.0,
                19.5,
                18.0,
                17.5,
                16.5,
                16.0,
                15.5,
                14.5,
                14.0,
                14.0,
                14.0,
                15.5,
                15.5,
                18.0
            ],
            "remarks": null,
            "dailyMin": 14.00,
            "dailyMax": 28.50,
            "dailyAvg": 20.94,
            "dailySum": 502.50,
            "dailyCount": 24,
            "createdBy": null,
            "createdOn": null,
            "updatedBy": null,
            "updatedOn": null,
            "lastSyncDate": null
        },
        {
            "obsdatahrId": 236631,
            "stationId": 45,
            "datatypeId": 41,
            "frequency": 24,
            "datetime1": "2005-12-26T08:30:00",
            "valuesCsv": "20.5,24,25.5,27,28,28,27.5,27.5,26,24.5,23,22,21.5,21,20,19.5,19,18.5,18.5,18,17,17,16.5,19",
            "valuesCsvInArray": [
                20.5,
                24.0,
                25.5,
                27.0,
                28.0,
                28.0,
                27.5,
                27.5,
                26.0,
                24.5,
                23.0,
                22.0,
                21.5,
                21.0,
                20.0,
                19.5,
                19.0,
                18.5,
                18.5,
                18.0,
                17.0,
                17.0,
                16.5,
                19.0
            ],
            "remarks": null,
            "dailyMin": 16.50,
            "dailyMax": 28.00,
            "dailyAvg": 22.04,
            "dailySum": 529.00,
            "dailyCount": 24,
            "createdBy": null,
            "createdOn": null,
            "updatedBy": null,
            "updatedOn": null,
            "lastSyncDate": null
        },
        {
            "obsdatahrId": 236630,
            "stationId": 45,
            "datatypeId": 41,
            "frequency": 24,
            "datetime1": "2005-12-25T08:30:00",
            "valuesCsv": "23,24.5,26.5,27.5,29.5,29.5,29,28,26.5,25,23.5,22.5,21.5,21.5,21,20.5,19.5,19,18,17.5,17,16.5,16.5,19",
            "valuesCsvInArray": [
                23.0,
                24.5,
                26.5,
                27.5,
                29.5,
                29.5,
                29.0,
                28.0,
                26.5,
                25.0,
                23.5,
                22.5,
                21.5,
                21.5,
                21.0,
                20.5,
                19.5,
                19.0,
                18.0,
                17.5,
                17.0,
                16.5,
                16.5,
                19.0
            ],
            "remarks": null,
            "dailyMin": 16.50,
            "dailyMax": 29.50,
            "dailyAvg": 22.60,
            "dailySum": 542.50,
            "dailyCount": 24,
            "createdBy": null,
            "createdOn": null,
            "updatedBy": null,
            "updatedOn": null,
            "lastSyncDate": null
        },
        {
            "obsdatahrId": 236628,
            "stationId": 45,
            "datatypeId": 41,
            "frequency": 24,
            "datetime1": "2005-12-24T08:30:00",
            "valuesCsv": "21,23,24.5,26.5,28.5,29,30,28,26.5,25.5,24,23.5,23.5,23,22,21.5,21.5,20.5,20,19.5,19.5,19.5,20,21.5",
            "valuesCsvInArray": [
                21.0,
                23.0,
                24.5,
                26.5,
                28.5,
                29.0,
                30.0,
                28.0,
                26.5,
                25.5,
                24.0,
                23.5,
                23.5,
                23.0,
                22.0,
                21.5,
                21.5,
                20.5,
                20.0,
                19.5,
                19.5,
                19.5,
                20.0,
                21.5
            ],
            "remarks": null,
            "dailyMin": 19.50,
            "dailyMax": 30.00,
            "dailyAvg": 23.42,
            "dailySum": 562.00,
            "dailyCount": 24,
            "createdBy": null,
            "createdOn": null,
            "updatedBy": null,
            "updatedOn": null,
            "lastSyncDate": null
        },
        {
            "obsdatahrId": 236627,
            "stationId": 45,
            "datatypeId": 41,
            "frequency": 24,
            "datetime1": "2005-12-23T08:30:00",
            "valuesCsv": "23,23.5,25,26.5,27.5,29,28.5,28,26,24.5,23.5,22.5,22.5,21.5,21,20.5,19.5,19,19,19,18.5,18.5,18,19",
            "valuesCsvInArray": [
                23.0,
                23.5,
                25.0,
                26.5,
                27.5,
                29.0,
                28.5,
                28.0,
                26.0,
                24.5,
                23.5,
                22.5,
                22.5,
                21.5,
                21.0,
                20.5,
                19.5,
                19.0,
                19.0,
                19.0,
                18.5,
                18.5,
                18.0,
                19.0
            ],
            "remarks": null,
            "dailyMin": 18.00,
            "dailyMax": 29.00,
            "dailyAvg": 22.65,
            "dailySum": 543.50,
            "dailyCount": 24,
            "createdBy": null,
            "createdOn": null,
            "updatedBy": null,
            "updatedOn": null,
            "lastSyncDate": null
        },
        {
            "obsdatahrId": 236626,
            "stationId": 45,
            "datatypeId": 41,
            "frequency": 24,
            "datetime1": "2005-12-22T08:30:00",
            "valuesCsv": "23,24.5,26,27.5,28.5,29,29.5,29.5,29,27,25.5,24.5,23.5,22.5,21.5,21.5,21,20.5,20,19.5,19.5,18.5,18.5,20.5",
            "valuesCsvInArray": [
                23.0,
                24.5,
                26.0,
                27.5,
                28.5,
                29.0,
                29.5,
                29.5,
                29.0,
                27.0,
                25.5,
                24.5,
                23.5,
                22.5,
                21.5,
                21.5,
                21.0,
                20.5,
                20.0,
                19.5,
                19.5,
                18.5,
                18.5,
                20.5
            ],
            "remarks": null,
            "dailyMin": 18.50,
            "dailyMax": 29.50,
            "dailyAvg": 23.77,
            "dailySum": 570.50,
            "dailyCount": 24,
            "createdBy": null,
            "createdOn": null,
            "updatedBy": null,
            "updatedOn": null,
            "lastSyncDate": null
        },
        {
            "obsdatahrId": 236625,
            "stationId": 45,
            "datatypeId": 41,
            "frequency": 24,
            "datetime1": "2005-12-21T08:30:00",
            "valuesCsv": "23,24,26,29.5,29.5,30.5,30.5,30.5,30,28,26.5,25.5,24.5,24,23.5,22.5,22.5,21.5,21,20.5,20.5,19.5,19.5,22",
            "valuesCsvInArray": [
                23.0,
                24.0,
                26.0,
                29.5,
                29.5,
                30.5,
                30.5,
                30.5,
                30.0,
                28.0,
                26.5,
                25.5,
                24.5,
                24.0,
                23.5,
                22.5,
                22.5,
                21.5,
                21.0,
                20.5,
                20.5,
                19.5,
                19.5,
                22.0
            ],
            "remarks": null,
            "dailyMin": 19.50,
            "dailyMax": 30.50,
            "dailyAvg": 24.79,
            "dailySum": 595.00,
            "dailyCount": 24,
            "createdBy": null,
            "createdOn": null,
            "updatedBy": null,
            "updatedOn": null,
            "lastSyncDate": null
        },
        {
            "obsdatahrId": 236624,
            "stationId": 45,
            "datatypeId": 41,
            "frequency": 24,
            "datetime1": "2005-12-20T08:30:00",
            "valuesCsv": "26,28,29,30,30,30,30.5,30.5,30,27,26,24,23,22,22,20.5,20,19.5,19,18.5,18,19,19,21.5",
            "valuesCsvInArray": [
                26.0,
                28.0,
                29.0,
                30.0,
                30.0,
                30.0,
                30.5,
                30.5,
                30.0,
                27.0,
                26.0,
                24.0,
                23.0,
                22.0,
                22.0,
                20.5,
                20.0,
                19.5,
                19.0,
                18.5,
                18.0,
                19.0,
                19.0,
                21.5
            ],
            "remarks": null,
            "dailyMin": 18.00,
            "dailyMax": 30.50,
            "dailyAvg": 24.29,
            "dailySum": 583.00,
            "dailyCount": 24,
            "createdBy": null,
            "createdOn": null,
            "updatedBy": null,
            "updatedOn": null,
            "lastSyncDate": null
        },
        {
            "obsdatahrId": 236583,
            "stationId": 45,
            "datatypeId": 41,
            "frequency": 24,
            "datetime1": "2005-12-19T08:30:00",
            "valuesCsv": "21.5,24.5,26.5,27.5,28.5,30,30.5,29,27.5,25.5,23.5,23,22.5,22.5,21.5,20.5,19,19,19,19,18.5,18.5,18.5,20",
            "valuesCsvInArray": [
                21.5,
                24.5,
                26.5,
                27.5,
                28.5,
                30.0,
                30.5,
                29.0,
                27.5,
                25.5,
                23.5,
                23.0,
                22.5,
                22.5,
                21.5,
                20.5,
                19.0,
                19.0,
                19.0,
                19.0,
                18.5,
                18.5,
                18.5,
                20.0
            ],
            "remarks": null,
            "dailyMin": 18.50,
            "dailyMax": 30.50,
            "dailyAvg": 23.17,
            "dailySum": 556.00,
            "dailyCount": 24,
            "createdBy": null,
            "createdOn": null,
            "updatedBy": null,
            "updatedOn": null,
            "lastSyncDate": null
        },
        {
            "obsdatahrId": 236582,
            "stationId": 45,
            "datatypeId": 41,
            "frequency": 24,
            "datetime1": "2005-12-18T08:30:00",
            "valuesCsv": "20.5,25.5,27,28,29.5,29.5,29.5,29,28.5,25.5,23.5,22.5,22,20.5,19.5,19,18.5,18,18,12.5,16.5,15.5,17,19",
            "valuesCsvInArray": [
                20.5,
                25.5,
                27.0,
                28.0,
                29.5,
                29.5,
                29.5,
                29.0,
                28.5,
                25.5,
                23.5,
                22.5,
                22.0,
                20.5,
                19.5,
                19.0,
                18.5,
                18.0,
                18.0,
                12.5,
                16.5,
                15.5,
                17.0,
                19.0
            ],
            "remarks": null,
            "dailyMin": 12.50,
            "dailyMax": 29.50,
            "dailyAvg": 22.27,
            "dailySum": 534.50,
            "dailyCount": 24,
            "createdBy": null,
            "createdOn": null,
            "updatedBy": null,
            "updatedOn": null,
            "lastSyncDate": null
        },
        {
            "obsdatahrId": 236581,
            "stationId": 45,
            "datatypeId": 41,
            "frequency": 24,
            "datetime1": "2005-12-17T08:30:00",
            "valuesCsv": "21.5,24.5,25.5,26.5,28.5,29.5,28.5,28,27,24.5,24,23.5,22.5,21,19,18,17.5,16.5,16,15.5,15,14.5,14.5,18",
            "valuesCsvInArray": [
                21.5,
                24.5,
                25.5,
                26.5,
                28.5,
                29.5,
                28.5,
                28.0,
                27.0,
                24.5,
                24.0,
                23.5,
                22.5,
                21.0,
                19.0,
                18.0,
                17.5,
                16.5,
                16.0,
                15.5,
                15.0,
                14.5,
                14.5,
                18.0
            ],
            "remarks": null,
            "dailyMin": 14.50,
            "dailyMax": 29.50,
            "dailyAvg": 21.65,
            "dailySum": 519.50,
            "dailyCount": 24,
            "createdBy": null,
            "createdOn": null,
            "updatedBy": null,
            "updatedOn": null,
            "lastSyncDate": null
        },
        {
            "obsdatahrId": 236580,
            "stationId": 45,
            "datatypeId": 41,
            "frequency": 24,
            "datetime1": "2005-12-16T08:30:00",
            "valuesCsv": "21.5,25.5,27.5,28.5,29,29,29,29,28,25,23,21.5,20.5,20,19,15.5,17.5,17,16.5,15.5,15.5,15.5,15.5,17.5",
            "valuesCsvInArray": [
                21.5,
                25.5,
                27.5,
                28.5,
                29.0,
                29.0,
                29.0,
                29.0,
                28.0,
                25.0,
                23.0,
                21.5,
                20.5,
                20.0,
                19.0,
                15.5,
                17.5,
                17.0,
                16.5,
                15.5,
                15.5,
                15.5,
                15.5,
                17.5
            ],
            "remarks": null,
            "dailyMin": 15.50,
            "dailyMax": 29.00,
            "dailyAvg": 21.75,
            "dailySum": 522.00,
            "dailyCount": 24,
            "createdBy": null,
            "createdOn": null,
            "updatedBy": null,
            "updatedOn": null,
            "lastSyncDate": null
        },
        {
            "obsdatahrId": 236579,
            "stationId": 45,
            "datatypeId": 41,
            "frequency": 24,
            "datetime1": "2005-12-15T08:30:00",
            "valuesCsv": "23,26,27.5,29,30,30,30,30,28,24.5,23,16,11.5,12.5,13,14.5,16.5,18,17.5,16.5,15.5,15.5,16,19.5",
            "valuesCsvInArray": [
                23.0,
                26.0,
                27.5,
                29.0,
                30.0,
                30.0,
                30.0,
                30.0,
                28.0,
                24.5,
                23.0,
                16.0,
                11.5,
                12.5,
                13.0,
                14.5,
                16.5,
                18.0,
                17.5,
                16.5,
                15.5,
                15.5,
                16.0,
                19.5
            ],
            "remarks": null,
            "dailyMin": 11.50,
            "dailyMax": 30.00,
            "dailyAvg": 20.98,
            "dailySum": 503.50,
            "dailyCount": 24,
            "createdBy": null,
            "createdOn": null,
            "updatedBy": null,
            "updatedOn": null,
            "lastSyncDate": null
        },
        {
            "obsdatahrId": 236578,
            "stationId": 45,
            "datatypeId": 41,
            "frequency": 24,
            "datetime1": "2005-12-14T08:30:00",
            "valuesCsv": "25,27,28.5,29,29.5,30,28,26,27.5,25,23.5,22.5,22,21,20.5,19.5,18.5,18,17.5,16.5,16.5,15.5,15.5,18",
            "valuesCsvInArray": [
                25.0,
                27.0,
                28.5,
                29.0,
                29.5,
                30.0,
                28.0,
                26.0,
                27.5,
                25.0,
                23.5,
                22.5,
                22.0,
                21.0,
                20.5,
                19.5,
                18.5,
                18.0,
                17.5,
                16.5,
                16.5,
                15.5,
                15.5,
                18.0
            ],
            "remarks": null,
            "dailyMin": 15.50,
            "dailyMax": 30.00,
            "dailyAvg": 22.52,
            "dailySum": 540.50,
            "dailyCount": 24,
            "createdBy": null,
            "createdOn": null,
            "updatedBy": null,
            "updatedOn": null,
            "lastSyncDate": null
        },
        {
            "obsdatahrId": 236577,
            "stationId": 45,
            "datatypeId": 41,
            "frequency": 24,
            "datetime1": "2005-12-13T08:30:00",
            "valuesCsv": "25,25.5,27,27.5,27.5,27.5,28.5,28.5,28,26,24.5,23.5,23.5,22,21,20.5,20,19.5,18.5,17.5,17.5,17.5,17.5,20.5",
            "valuesCsvInArray": [
                25.0,
                25.5,
                27.0,
                27.5,
                27.5,
                27.5,
                28.5,
                28.5,
                28.0,
                26.0,
                24.5,
                23.5,
                23.5,
                22.0,
                21.0,
                20.5,
                20.0,
                19.5,
                18.5,
                17.5,
                17.5,
                17.5,
                17.5,
                20.5
            ],
            "remarks": null,
            "dailyMin": 17.50,
            "dailyMax": 28.50,
            "dailyAvg": 23.10,
            "dailySum": 554.50,
            "dailyCount": 24,
            "createdBy": null,
            "createdOn": null,
            "updatedBy": null,
            "updatedOn": null,
            "lastSyncDate": null
        },
        {
            "obsdatahrId": 236576,
            "stationId": 45,
            "datatypeId": 41,
            "frequency": 24,
            "datetime1": "2005-12-12T08:30:00",
            "valuesCsv": "25,27.5,28.5,30,30.5,30.5,30.5,30,27.5,26.5,26,25,25,24.5,24,23.5,23,22.5,21.5,21,20.5,20.5,19.5,21",
            "valuesCsvInArray": [
                25.0,
                27.5,
                28.5,
                30.0,
                30.5,
                30.5,
                30.5,
                30.0,
                27.5,
                26.5,
                26.0,
                25.0,
                25.0,
                24.5,
                24.0,
                23.5,
                23.0,
                22.5,
                21.5,
                21.0,
                20.5,
                20.5,
                19.5,
                21.0
            ],
            "remarks": null,
            "dailyMin": 19.50,
            "dailyMax": 30.50,
            "dailyAvg": 25.17,
            "dailySum": 604.00,
            "dailyCount": 24,
            "createdBy": null,
            "createdOn": null,
            "updatedBy": null,
            "updatedOn": null,
            "lastSyncDate": null
        },
        {
            "obsdatahrId": 236575,
            "stationId": 45,
            "datatypeId": 41,
            "frequency": 24,
            "datetime1": "2005-12-11T08:30:00",
            "valuesCsv": "22,26.5,28,28.5,29.5,30.5,31,30,28.5,27,25.5,24.5,23.5,23,22.5,21.5,21,20.5,20,19.5,19,18.5,18.5,21",
            "valuesCsvInArray": [
                22.0,
                26.5,
                28.0,
                28.5,
                29.5,
                30.5,
                31.0,
                30.0,
                28.5,
                27.0,
                25.5,
                24.5,
                23.5,
                23.0,
                22.5,
                21.5,
                21.0,
                20.5,
                20.0,
                19.5,
                19.0,
                18.5,
                18.5,
                21.0
            ],
            "remarks": null,
            "dailyMin": 18.50,
            "dailyMax": 31.00,
            "dailyAvg": 24.17,
            "dailySum": 580.00,
            "dailyCount": 24,
            "createdBy": null,
            "createdOn": null,
            "updatedBy": null,
            "updatedOn": null,
            "lastSyncDate": null
        },
        {
            "obsdatahrId": 236574,
            "stationId": 45,
            "datatypeId": 41,
            "frequency": 24,
            "datetime1": "2005-12-10T08:30:00",
            "valuesCsv": "22.5,26,28,29.5,30.5,30.5,29,28.5,28,25.5,24,23.5,22.5,21,21,20.5,20.5,20.5,19.5,17.5,17.5,17.5,17.5,19",
            "valuesCsvInArray": [
                22.5,
                26.0,
                28.0,
                29.5,
                30.5,
                30.5,
                29.0,
                28.5,
                28.0,
                25.5,
                24.0,
                23.5,
                22.5,
                21.0,
                21.0,
                20.5,
                20.5,
                20.5,
                19.5,
                17.5,
                17.5,
                17.5,
                17.5,
                19.0
            ],
            "remarks": null,
            "dailyMin": 17.50,
            "dailyMax": 30.50,
            "dailyAvg": 23.33,
            "dailySum": 560.00,
            "dailyCount": 24,
            "createdBy": null,
            "createdOn": null,
            "updatedBy": null,
            "updatedOn": null,
            "lastSyncDate": null
        },
        {
            "obsdatahrId": 236573,
            "stationId": 45,
            "datatypeId": 41,
            "frequency": 24,
            "datetime1": "2005-12-09T08:30:00",
            "valuesCsv": "23.5,26.5,28.5,29.5,30.5,29.5,29.5,29,28,25.5,24,23.5,23,21.5,20,19.5,19.5,19.5,18,17.5,16.5,16.5,16.5,19",
            "valuesCsvInArray": [
                23.5,
                26.5,
                28.5,
                29.5,
                30.5,
                29.5,
                29.5,
                29.0,
                28.0,
                25.5,
                24.0,
                23.5,
                23.0,
                21.5,
                20.0,
                19.5,
                19.5,
                19.5,
                18.0,
                17.5,
                16.5,
                16.5,
                16.5,
                19.0
            ],
            "remarks": null,
            "dailyMin": 16.50,
            "dailyMax": 30.50,
            "dailyAvg": 23.10,
            "dailySum": 554.50,
            "dailyCount": 24,
            "createdBy": null,
            "createdOn": null,
            "updatedBy": null,
            "updatedOn": null,
            "lastSyncDate": null
        },
        {
            "obsdatahrId": 236572,
            "stationId": 45,
            "datatypeId": 41,
            "frequency": 24,
            "datetime1": "2005-12-08T08:30:00",
            "valuesCsv": "24,26,28.5,28.5,29,29.5,29.5,29.5,29,26,24.5,24.5,23,21.5,21,20.5,20,19,18,17.5,17.5,16.5,16.5,19.5",
            "valuesCsvInArray": [
                24.0,
                26.0,
                28.5,
                28.5,
                29.0,
                29.5,
                29.5,
                29.5,
                29.0,
                26.0,
                24.5,
                24.5,
                23.0,
                21.5,
                21.0,
                20.5,
                20.0,
                19.0,
                18.0,
                17.5,
                17.5,
                16.5,
                16.5,
                19.5
            ],
            "remarks": null,
            "dailyMin": 16.50,
            "dailyMax": 29.50,
            "dailyAvg": 23.29,
            "dailySum": 559.00,
            "dailyCount": 24,
            "createdBy": null,
            "createdOn": null,
            "updatedBy": null,
            "updatedOn": null,
            "lastSyncDate": null
        },
        {
            "obsdatahrId": 236570,
            "stationId": 45,
            "datatypeId": 41,
            "frequency": 24,
            "datetime1": "2005-12-07T08:30:00",
            "valuesCsv": "26.5,28,29,29.5,30,30.5,30.5,30.5,30,27.5,26,25,24.5,23.5,22.5,21.5,20.5,19.5,18,18.5,18,17.5,17.5,19",
            "valuesCsvInArray": [
                26.5,
                28.0,
                29.0,
                29.5,
                30.0,
                30.5,
                30.5,
                30.5,
                30.0,
                27.5,
                26.0,
                25.0,
                24.5,
                23.5,
                22.5,
                21.5,
                20.5,
                19.5,
                18.0,
                18.5,
                18.0,
                17.5,
                17.5,
                19.0
            ],
            "remarks": null,
            "dailyMin": 17.50,
            "dailyMax": 30.50,
            "dailyAvg": 24.31,
            "dailySum": 583.50,
            "dailyCount": 24,
            "createdBy": null,
            "createdOn": null,
            "updatedBy": null,
            "updatedOn": null,
            "lastSyncDate": null
        },
        {
            "obsdatahrId": 236569,
            "stationId": 45,
            "datatypeId": 41,
            "frequency": 24,
            "datetime1": "2005-12-06T08:30:00",
            "valuesCsv": "27.5,29.5,29.5,30.5,30.5,31,30.5,30,29.5,28.5,27.5,27.5,27,26.5,25.5,24.5,23.5,22.5,22,21.5,21.5,20.5,21,23",
            "valuesCsvInArray": [
                27.5,
                29.5,
                29.5,
                30.5,
                30.5,
                31.0,
                30.5,
                30.0,
                29.5,
                28.5,
                27.5,
                27.5,
                27.0,
                26.5,
                25.5,
                24.5,
                23.5,
                22.5,
                22.0,
                21.5,
                21.5,
                20.5,
                21.0,
                23.0
            ],
            "remarks": null,
            "dailyMin": 20.50,
            "dailyMax": 31.00,
            "dailyAvg": 26.29,
            "dailySum": 631.00,
            "dailyCount": 24,
            "createdBy": null,
            "createdOn": null,
            "updatedBy": null,
            "updatedOn": null,
            "lastSyncDate": null
        },
        {
            "obsdatahrId": 236568,
            "stationId": 45,
            "datatypeId": 41,
            "frequency": 24,
            "datetime1": "2005-12-05T08:30:00",
            "valuesCsv": "27,29,30.5,30.5,32,32,32,31.5,30.5,29,29,28.5,28.5,28,27.5,26.5,26,25.5,25.5,23.5,23,22.5,22.5,24",
            "valuesCsvInArray": [
                27.0,
                29.0,
                30.5,
                30.5,
                32.0,
                32.0,
                32.0,
                31.5,
                30.5,
                29.0,
                29.0,
                28.5,
                28.5,
                28.0,
                27.5,
                26.5,
                26.0,
                25.5,
                25.5,
                23.5,
                23.0,
                22.5,
                22.5,
                24.0
            ],
            "remarks": null,
            "dailyMin": 22.50,
            "dailyMax": 32.00,
            "dailyAvg": 27.69,
            "dailySum": 664.50,
            "dailyCount": 24,
            "createdBy": null,
            "createdOn": null,
            "updatedBy": null,
            "updatedOn": null,
            "lastSyncDate": null
        },
        {
            "obsdatahrId": 236623,
            "stationId": 45,
            "datatypeId": 41,
            "frequency": 24,
            "datetime1": "2005-12-04T08:30:00",
            "valuesCsv": "25.5,27.5,30,30.5,31,31,30,30,29.5,28.5,28,27,26.5,26.5,26.5,26.5,25.5,25.5,25.5,25.5,25.5,25,25,25",
            "valuesCsvInArray": [
                25.5,
                27.5,
                30.0,
                30.5,
                31.0,
                31.0,
                30.0,
                30.0,
                29.5,
                28.5,
                28.0,
                27.0,
                26.5,
                26.5,
                26.5,
                26.5,
                25.5,
                25.5,
                25.5,
                25.5,
                25.5,
                25.0,
                25.0,
                25.0
            ],
            "remarks": null,
            "dailyMin": 25.00,
            "dailyMax": 31.00,
            "dailyAvg": 27.38,
            "dailySum": 657.00,
            "dailyCount": 24,
            "createdBy": null,
            "createdOn": null,
            "updatedBy": null,
            "updatedOn": null,
            "lastSyncDate": null
        },
        {
            "obsdatahrId": 236622,
            "stationId": 45,
            "datatypeId": 41,
            "frequency": 24,
            "datetime1": "2005-12-03T08:30:00",
            "valuesCsv": "26,27,28.5,29,30,30.5,30.5,30.5,29,28.5,28.5,28,28,27.5,26.5,26,25.5,24.5,23.5,22.5,22.5,22,22,23.5",
            "valuesCsvInArray": [
                26.0,
                27.0,
                28.5,
                29.0,
                30.0,
                30.5,
                30.5,
                30.5,
                29.0,
                28.5,
                28.5,
                28.0,
                28.0,
                27.5,
                26.5,
                26.0,
                25.5,
                24.5,
                23.5,
                22.5,
                22.5,
                22.0,
                22.0,
                23.5
            ],
            "remarks": null,
            "dailyMin": 22.00,
            "dailyMax": 30.50,
            "dailyAvg": 26.67,
            "dailySum": 640.00,
            "dailyCount": 24,
            "createdBy": null,
            "createdOn": null,
            "updatedBy": null,
            "updatedOn": null,
            "lastSyncDate": null
        },
        {
            "obsdatahrId": 236621,
            "stationId": 45,
            "datatypeId": 41,
            "frequency": 24,
            "datetime1": "2005-12-02T08:30:00",
            "valuesCsv": "25.5,27,27.5,30,31,31.5,32,31.5,31,29.5,27.5,26,25.5,25,25,24.5,23.5,23.5,23.5,23.5,22.5,22,21.5,22",
            "valuesCsvInArray": [
                25.5,
                27.0,
                27.5,
                30.0,
                31.0,
                31.5,
                32.0,
                31.5,
                31.0,
                29.5,
                27.5,
                26.0,
                25.5,
                25.0,
                25.0,
                24.5,
                23.5,
                23.5,
                23.5,
                23.5,
                22.5,
                22.0,
                21.5,
                22.0
            ],
            "remarks": null,
            "dailyMin": 21.50,
            "dailyMax": 32.00,
            "dailyAvg": 26.33,
            "dailySum": 632.00,
            "dailyCount": 24,
            "createdBy": null,
            "createdOn": null,
            "updatedBy": null,
            "updatedOn": null,
            "lastSyncDate": null
        },
        {
            "obsdatahrId": 236618,
            "stationId": 45,
            "datatypeId": 41,
            "frequency": 24,
            "datetime1": "2005-12-01T08:30:00",
            "valuesCsv": "24.5,28,28.5,29.5,30.5,30,29,29,28.5,27.5,25.5,25.5,25.5,24.5,24.5,24.5,23.5,22.5,22.5,22.5,22.5,21.5,21.5,22.5",
            "valuesCsvInArray": [
                24.5,
                28.0,
                28.5,
                29.5,
                30.5,
                30.0,
                29.0,
                29.0,
                28.5,
                27.5,
                25.5,
                25.5,
                25.5,
                24.5,
                24.5,
                24.5,
                23.5,
                22.5,
                22.5,
                22.5,
                22.5,
                21.5,
                21.5,
                22.5
            ],
            "remarks": null,
            "dailyMin": 21.50,
            "dailyMax": 30.50,
            "dailyAvg": 25.58,
            "dailySum": 614.00,
            "dailyCount": 24,
            "createdBy": null,
            "createdOn": null,
            "updatedBy": null,
            "updatedOn": null,
            "lastSyncDate": null
        },
        {
            "obsdatahrId": 236669,
            "stationId": 45,
            "datatypeId": 41,
            "frequency": 24,
            "datetime1": "2005-11-30T08:30:00",
            "valuesCsv": "26.5,28,28.5,29.5,30.5,30.5,30,29.5,28,25.5,24,23.5,23.5,22.5,21.5,21.5,21.5,20.5,20,19.5,19,19,20,22",
            "valuesCsvInArray": [
                26.5,
                28.0,
                28.5,
                29.5,
                30.5,
                30.5,
                30.0,
                29.5,
                28.0,
                25.5,
                24.0,
                23.5,
                23.5,
                22.5,
                21.5,
                21.5,
                21.5,
                20.5,
                20.0,
                19.5,
                19.0,
                19.0,
                20.0,
                22.0
            ],
            "remarks": null,
            "dailyMin": 19.00,
            "dailyMax": 30.50,
            "dailyAvg": 24.35,
            "dailySum": 584.50,
            "dailyCount": 24,
            "createdBy": null,
            "createdOn": null,
            "updatedBy": null,
            "updatedOn": null,
            "lastSyncDate": null
        },
        {
            "obsdatahrId": 236668,
            "stationId": 45,
            "datatypeId": 41,
            "frequency": 24,
            "datetime1": "2005-11-29T08:30:00",
            "valuesCsv": "27,27.5,28.5,29.5,30,30,30,29.5,28,26,24.5,23.5,22.5,22.5,22,21,21,20,19.5,19.5,19.5,18,18.5,23",
            "valuesCsvInArray": [
                27.0,
                27.5,
                28.5,
                29.5,
                30.0,
                30.0,
                30.0,
                29.5,
                28.0,
                26.0,
                24.5,
                23.5,
                22.5,
                22.5,
                22.0,
                21.0,
                21.0,
                20.0,
                19.5,
                19.5,
                19.5,
                18.0,
                18.5,
                23.0
            ],
            "remarks": null,
            "dailyMin": 18.00,
            "dailyMax": 30.00,
            "dailyAvg": 24.21,
            "dailySum": 581.00,
            "dailyCount": 24,
            "createdBy": null,
            "createdOn": null,
            "updatedBy": null,
            "updatedOn": null,
            "lastSyncDate": null
        },
        {
            "obsdatahrId": 236667,
            "stationId": 45,
            "datatypeId": 41,
            "frequency": 24,
            "datetime1": "2005-11-28T08:30:00",
            "valuesCsv": "25.5,27.5,28,29.5,29.5,30.5,30.5,30,28.5,27.5,26.5,25.5,24.5,24.5,24,23,22,21.5,21.5,21,20.5,20,19.5,23",
            "valuesCsvInArray": [
                25.5,
                27.5,
                28.0,
                29.5,
                29.5,
                30.5,
                30.5,
                30.0,
                28.5,
                27.5,
                26.5,
                25.5,
                24.5,
                24.5,
                24.0,
                23.0,
                22.0,
                21.5,
                21.5,
                21.0,
                20.5,
                20.0,
                19.5,
                23.0
            ],
            "remarks": null,
            "dailyMin": 19.50,
            "dailyMax": 30.50,
            "dailyAvg": 25.17,
            "dailySum": 604.00,
            "dailyCount": 24,
            "createdBy": null,
            "createdOn": null,
            "updatedBy": null,
            "updatedOn": null,
            "lastSyncDate": null
        },
        {
            "obsdatahrId": 236666,
            "stationId": 45,
            "datatypeId": 41,
            "frequency": 24,
            "datetime1": "2005-11-27T08:30:00",
            "valuesCsv": "25.5,27.5,29,29.5,29.5,30,30,28,27,26,25,24.5,24,24,23,22.5,21.5,21.5,20.5,20.5,19.5,19.5,21,22",
            "valuesCsvInArray": [
                25.5,
                27.5,
                29.0,
                29.5,
                29.5,
                30.0,
                30.0,
                28.0,
                27.0,
                26.0,
                25.0,
                24.5,
                24.0,
                24.0,
                23.0,
                22.5,
                21.5,
                21.5,
                20.5,
                20.5,
                19.5,
                19.5,
                21.0,
                22.0
            ],
            "remarks": null,
            "dailyMin": 19.50,
            "dailyMax": 30.00,
            "dailyAvg": 24.63,
            "dailySum": 591.00,
            "dailyCount": 24,
            "createdBy": null,
            "createdOn": null,
            "updatedBy": null,
            "updatedOn": null,
            "lastSyncDate": null
        },
        {
            "obsdatahrId": 236665,
            "stationId": 45,
            "datatypeId": 41,
            "frequency": 24,
            "datetime1": "2005-11-26T08:30:00",
            "valuesCsv": "25.5,26.5,27.5,29,29,29,28.5,28,27.5,26.5,25.5,23.5,22.5,21.5,20.5,20.5,20.5,19.5,19,18.5,18.5,18.5,17.5,17.5",
            "valuesCsvInArray": [
                25.5,
                26.5,
                27.5,
                29.0,
                29.0,
                29.0,
                28.5,
                28.0,
                27.5,
                26.5,
                25.5,
                23.5,
                22.5,
                21.5,
                20.5,
                20.5,
                20.5,
                19.5,
                19.0,
                18.5,
                18.5,
                18.5,
                17.5,
                17.5
            ],
            "remarks": null,
            "dailyMin": 17.50,
            "dailyMax": 29.00,
            "dailyAvg": 23.35,
            "dailySum": 560.50,
            "dailyCount": 24,
            "createdBy": null,
            "createdOn": null,
            "updatedBy": null,
            "updatedOn": null,
            "lastSyncDate": null
        },
        {
            "obsdatahrId": 236664,
            "stationId": 45,
            "datatypeId": 41,
            "frequency": 24,
            "datetime1": "2005-11-25T08:30:00",
            "valuesCsv": "25.5,28,29,29.5,30.5,30.5,30,28.5,27.5,27,26.5,26.5,26.5,26,26,25.5,25,25,24.5,24.5,24,24,24,24.5",
            "valuesCsvInArray": [
                25.5,
                28.0,
                29.0,
                29.5,
                30.5,
                30.5,
                30.0,
                28.5,
                27.5,
                27.0,
                26.5,
                26.5,
                26.5,
                26.0,
                26.0,
                25.5,
                25.0,
                25.0,
                24.5,
                24.5,
                24.0,
                24.0,
                24.0,
                24.5
            ],
            "remarks": null,
            "dailyMin": 24.00,
            "dailyMax": 30.50,
            "dailyAvg": 26.60,
            "dailySum": 638.50,
            "dailyCount": 24,
            "createdBy": null,
            "createdOn": null,
            "updatedBy": null,
            "updatedOn": null,
            "lastSyncDate": null
        },
        {
            "obsdatahrId": 236663,
            "stationId": 45,
            "datatypeId": 41,
            "frequency": 24,
            "datetime1": "2005-11-24T08:30:00",
            "valuesCsv": "25,25,26.5,27.5,29.5,29.5,29.5,29.5,29,28,27,26,25,24.5,24,23,23,23,23.5,23.5,23.5,23,23,24",
            "valuesCsvInArray": [
                25.0,
                25.0,
                26.5,
                27.5,
                29.5,
                29.5,
                29.5,
                29.5,
                29.0,
                28.0,
                27.0,
                26.0,
                25.0,
                24.5,
                24.0,
                23.0,
                23.0,
                23.0,
                23.5,
                23.5,
                23.5,
                23.0,
                23.0,
                24.0
            ],
            "remarks": null,
            "dailyMin": 23.00,
            "dailyMax": 29.50,
            "dailyAvg": 25.63,
            "dailySum": 615.00,
            "dailyCount": 24,
            "createdBy": null,
            "createdOn": null,
            "updatedBy": null,
            "updatedOn": null,
            "lastSyncDate": null
        },
        {
            "obsdatahrId": 236662,
            "stationId": 45,
            "datatypeId": 41,
            "frequency": 24,
            "datetime1": "2005-11-23T08:30:00",
            "valuesCsv": "23.5,25.5,27,27.5,28,28.5,29.5,29.5,29.5,27.5,26.5,26,25.5,25,24.5,24,23.5,23,23,22.5,22.5,22,22.5,23.5",
            "valuesCsvInArray": [
                23.5,
                25.5,
                27.0,
                27.5,
                28.0,
                28.5,
                29.5,
                29.5,
                29.5,
                27.5,
                26.5,
                26.0,
                25.5,
                25.0,
                24.5,
                24.0,
                23.5,
                23.0,
                23.0,
                22.5,
                22.5,
                22.0,
                22.5,
                23.5
            ],
            "remarks": null,
            "dailyMin": 22.00,
            "dailyMax": 29.50,
            "dailyAvg": 25.42,
            "dailySum": 610.00,
            "dailyCount": 24,
            "createdBy": null,
            "createdOn": null,
            "updatedBy": null,
            "updatedOn": null,
            "lastSyncDate": null
        },
        {
            "obsdatahrId": 236661,
            "stationId": 45,
            "datatypeId": 41,
            "frequency": 24,
            "datetime1": "2005-11-22T08:30:00",
            "valuesCsv": "26,27,28.5,30.5,31.5,31,31,30.5,29.5,28,26.5,25.5,24,23.5,22.5,22,21.5,21,20.5,20.5,20.5,19.5,20.5,21",
            "valuesCsvInArray": [
                26.0,
                27.0,
                28.5,
                30.5,
                31.5,
                31.0,
                31.0,
                30.5,
                29.5,
                28.0,
                26.5,
                25.5,
                24.0,
                23.5,
                22.5,
                22.0,
                21.5,
                21.0,
                20.5,
                20.5,
                20.5,
                19.5,
                20.5,
                21.0
            ],
            "remarks": null,
            "dailyMin": 19.50,
            "dailyMax": 31.50,
            "dailyAvg": 25.10,
            "dailySum": 602.50,
            "dailyCount": 24,
            "createdBy": null,
            "createdOn": null,
            "updatedBy": null,
            "updatedOn": null,
            "lastSyncDate": null
        },
        {
            "obsdatahrId": 236660,
            "stationId": 45,
            "datatypeId": 41,
            "frequency": 24,
            "datetime1": "2005-11-21T08:30:00",
            "valuesCsv": "24.5,26.5,28,29.5,31,30.5,29.5,29,26.5,25,24,23,22,21,21,20.5,19.5,20.5,19.5,18,17.5,17.5,18.5,24",
            "valuesCsvInArray": [
                24.5,
                26.5,
                28.0,
                29.5,
                31.0,
                30.5,
                29.5,
                29.0,
                26.5,
                25.0,
                24.0,
                23.0,
                22.0,
                21.0,
                21.0,
                20.5,
                19.5,
                20.5,
                19.5,
                18.0,
                17.5,
                17.5,
                18.5,
                24.0
            ],
            "remarks": null,
            "dailyMin": 17.50,
            "dailyMax": 31.00,
            "dailyAvg": 23.60,
            "dailySum": 566.50,
            "dailyCount": 24,
            "createdBy": null,
            "createdOn": null,
            "updatedBy": null,
            "updatedOn": null,
            "lastSyncDate": null
        },
        {
            "obsdatahrId": 236659,
            "stationId": 45,
            "datatypeId": 41,
            "frequency": 24,
            "datetime1": "2005-11-20T08:30:00",
            "valuesCsv": "25,27,28.5,28.5,28.5,28,27,25.5,24,22.5,21.5,21,20.5,20.5,20,19.5,18.5,18.5,18.5,18.5,18.5,18.5,19,23",
            "valuesCsvInArray": [
                25.0,
                27.0,
                28.5,
                28.5,
                28.5,
                28.0,
                27.0,
                25.5,
                24.0,
                22.5,
                21.5,
                21.0,
                20.5,
                20.5,
                20.0,
                19.5,
                18.5,
                18.5,
                18.5,
                18.5,
                18.5,
                18.5,
                19.0,
                23.0
            ],
            "remarks": null,
            "dailyMin": 18.50,
            "dailyMax": 28.50,
            "dailyAvg": 22.52,
            "dailySum": 540.50,
            "dailyCount": 24,
            "createdBy": null,
            "createdOn": null,
            "updatedBy": null,
            "updatedOn": null,
            "lastSyncDate": null
        },
        {
            "obsdatahrId": 236657,
            "stationId": 45,
            "datatypeId": 41,
            "frequency": 24,
            "datetime1": "2005-11-19T08:30:00",
            "valuesCsv": "24.5,27.5,28.5,29.5,29.5,31.5,31.5,32.5,29,26.5,25.5,24.5,23.5,22,21,19.5,18.5,18,17.5,17.5,17,16.5,17,20",
            "valuesCsvInArray": [
                24.5,
                27.5,
                28.5,
                29.5,
                29.5,
                31.5,
                31.5,
                32.5,
                29.0,
                26.5,
                25.5,
                24.5,
                23.5,
                22.0,
                21.0,
                19.5,
                18.5,
                18.0,
                17.5,
                17.5,
                17.0,
                16.5,
                17.0,
                20.0
            ],
            "remarks": null,
            "dailyMin": 16.50,
            "dailyMax": 32.50,
            "dailyAvg": 23.69,
            "dailySum": 568.50,
            "dailyCount": 24,
            "createdBy": null,
            "createdOn": null,
            "updatedBy": null,
            "updatedOn": null,
            "lastSyncDate": null
        },
        {
            "obsdatahrId": 236656,
            "stationId": 45,
            "datatypeId": 41,
            "frequency": 24,
            "datetime1": "2005-11-18T08:30:00",
            "valuesCsv": "26.5,28.5,28.5,29.5,30.5,30.5,30.5,29.5,28.5,26.5,24.5,23.5,23.5,22,21,20.4,20.5,19.5,18,17.5,17.5,17.5,18,21",
            "valuesCsvInArray": [
                26.5,
                28.5,
                28.5,
                29.5,
                30.5,
                30.5,
                30.5,
                29.5,
                28.5,
                26.5,
                24.5,
                23.5,
                23.5,
                22.0,
                21.0,
                20.4,
                20.5,
                19.5,
                18.0,
                17.5,
                17.5,
                17.5,
                18.0,
                21.0
            ],
            "remarks": null,
            "dailyMin": 17.50,
            "dailyMax": 30.50,
            "dailyAvg": 23.89,
            "dailySum": 573.40,
            "dailyCount": 24,
            "createdBy": null,
            "createdOn": null,
            "updatedBy": null,
            "updatedOn": null,
            "lastSyncDate": null
        },
        {
            "obsdatahrId": 236655,
            "stationId": 45,
            "datatypeId": 41,
            "frequency": 24,
            "datetime1": "2005-11-17T08:30:00",
            "valuesCsv": "24.5,26,28.5,30.5,30.5,30.5,30.5,30.5,29.5,25.5,24,23.5,23,21,20.5,20,20,19.5,19.5,18,17.5,17.5,18,22",
            "valuesCsvInArray": [
                24.5,
                26.0,
                28.5,
                30.5,
                30.5,
                30.5,
                30.5,
                30.5,
                29.5,
                25.5,
                24.0,
                23.5,
                23.0,
                21.0,
                20.5,
                20.0,
                20.0,
                19.5,
                19.5,
                18.0,
                17.5,
                17.5,
                18.0,
                22.0
            ],
            "remarks": null,
            "dailyMin": 17.50,
            "dailyMax": 30.50,
            "dailyAvg": 23.77,
            "dailySum": 570.50,
            "dailyCount": 24,
            "createdBy": null,
            "createdOn": null,
            "updatedBy": null,
            "updatedOn": null,
            "lastSyncDate": null
        },
        {
            "obsdatahrId": 236654,
            "stationId": 45,
            "datatypeId": 41,
            "frequency": 24,
            "datetime1": "2005-11-16T08:30:00",
            "valuesCsv": "24,26.5,27.5,26.5,27,28.5,29.5,30,29.5,26.5,24.5,23,22,20.5,20.5,20,19.5,19,18.5,18,17.5,17,17,21",
            "valuesCsvInArray": [
                24.0,
                26.5,
                27.5,
                26.5,
                27.0,
                28.5,
                29.5,
                30.0,
                29.5,
                26.5,
                24.5,
                23.0,
                22.0,
                20.5,
                20.5,
                20.0,
                19.5,
                19.0,
                18.5,
                18.0,
                17.5,
                17.0,
                17.0,
                21.0
            ],
            "remarks": null,
            "dailyMin": 17.00,
            "dailyMax": 30.00,
            "dailyAvg": 23.06,
            "dailySum": 553.50,
            "dailyCount": 24,
            "createdBy": null,
            "createdOn": null,
            "updatedBy": null,
            "updatedOn": null,
            "lastSyncDate": null
        },
        {
            "obsdatahrId": 236653,
            "stationId": 45,
            "datatypeId": 41,
            "frequency": 24,
            "datetime1": "2005-11-15T08:30:00",
            "valuesCsv": "25,28,29.5,30.5,31,30.5,25.5,26.5,25.5,24.5,23,21.5,21,20.5,20,20,19,18.5,17.5,17.5,17,16.5,17.5,20.5",
            "valuesCsvInArray": [
                25.0,
                28.0,
                29.5,
                30.5,
                31.0,
                30.5,
                25.5,
                26.5,
                25.5,
                24.5,
                23.0,
                21.5,
                21.0,
                20.5,
                20.0,
                20.0,
                19.0,
                18.5,
                17.5,
                17.5,
                17.0,
                16.5,
                17.5,
                20.5
            ],
            "remarks": null,
            "dailyMin": 16.50,
            "dailyMax": 31.00,
            "dailyAvg": 22.77,
            "dailySum": 546.50,
            "dailyCount": 24,
            "createdBy": null,
            "createdOn": null,
            "updatedBy": null,
            "updatedOn": null,
            "lastSyncDate": null
        },
        {
            "obsdatahrId": 236652,
            "stationId": 45,
            "datatypeId": 41,
            "frequency": 24,
            "datetime1": "2005-11-14T08:30:00",
            "valuesCsv": "25.5,27,27.5,28.5,29.5,30,30,29,28.5,25.5,23,23,22,21.5,20,19.5,19,18.5,18.5,17.5,17.5,17,18,21",
            "valuesCsvInArray": [
                25.5,
                27.0,
                27.5,
                28.5,
                29.5,
                30.0,
                30.0,
                29.0,
                28.5,
                25.5,
                23.0,
                23.0,
                22.0,
                21.5,
                20.0,
                19.5,
                19.0,
                18.5,
                18.5,
                17.5,
                17.5,
                17.0,
                18.0,
                21.0
            ],
            "remarks": null,
            "dailyMin": 17.00,
            "dailyMax": 30.00,
            "dailyAvg": 23.21,
            "dailySum": 557.00,
            "dailyCount": 24,
            "createdBy": null,
            "createdOn": null,
            "updatedBy": null,
            "updatedOn": null,
            "lastSyncDate": null
        },
        {
            "obsdatahrId": 236651,
            "stationId": 45,
            "datatypeId": 41,
            "frequency": 24,
            "datetime1": "2005-11-13T08:30:00",
            "valuesCsv": "24,26,27.5,29.5,30.5,30.5,29.5,28.5,28,27,26,25,24,22.5,20,19.5,19.5,19,18.5,17.5,17.5,17.5,17.5,21",
            "valuesCsvInArray": [
                24.0,
                26.0,
                27.5,
                29.5,
                30.5,
                30.5,
                29.5,
                28.5,
                28.0,
                27.0,
                26.0,
                25.0,
                24.0,
                22.5,
                20.0,
                19.5,
                19.5,
                19.0,
                18.5,
                17.5,
                17.5,
                17.5,
                17.5,
                21.0
            ],
            "remarks": null,
            "dailyMin": 17.50,
            "dailyMax": 30.50,
            "dailyAvg": 23.58,
            "dailySum": 566.00,
            "dailyCount": 24,
            "createdBy": null,
            "createdOn": null,
            "updatedBy": null,
            "updatedOn": null,
            "lastSyncDate": null
        },
        {
            "obsdatahrId": 236648,
            "stationId": 45,
            "datatypeId": 41,
            "frequency": 24,
            "datetime1": "2005-11-12T08:30:00",
            "valuesCsv": "24.5,26,27.5,28.5,30,30.5,31.5,31.5,30,29,27,25.5,22.5,21,19,19.5,20,19,18,17,17,16.5,16.5,20",
            "valuesCsvInArray": [
                24.5,
                26.0,
                27.5,
                28.5,
                30.0,
                30.5,
                31.5,
                31.5,
                30.0,
                29.0,
                27.0,
                25.5,
                22.5,
                21.0,
                19.0,
                19.5,
                20.0,
                19.0,
                18.0,
                17.0,
                17.0,
                16.5,
                16.5,
                20.0
            ],
            "remarks": null,
            "dailyMin": 16.50,
            "dailyMax": 31.50,
            "dailyAvg": 23.65,
            "dailySum": 567.50,
            "dailyCount": 24,
            "createdBy": null,
            "createdOn": null,
            "updatedBy": null,
            "updatedOn": null,
            "lastSyncDate": null
        },
        {
            "obsdatahrId": 236647,
            "stationId": 45,
            "datatypeId": 41,
            "frequency": 24,
            "datetime1": "2005-11-11T08:30:00",
            "valuesCsv": "26.5,28.5,28.5,30.5,30.5,30.5,30,30,29,27,24.5,24,23,22.5,21.5,21,20.5,20,19,18,17.5,17.5,17.5,20",
            "valuesCsvInArray": [
                26.5,
                28.5,
                28.5,
                30.5,
                30.5,
                30.5,
                30.0,
                30.0,
                29.0,
                27.0,
                24.5,
                24.0,
                23.0,
                22.5,
                21.5,
                21.0,
                20.5,
                20.0,
                19.0,
                18.0,
                17.5,
                17.5,
                17.5,
                20.0
            ],
            "remarks": null,
            "dailyMin": 17.50,
            "dailyMax": 30.50,
            "dailyAvg": 24.06,
            "dailySum": 577.50,
            "dailyCount": 24,
            "createdBy": null,
            "createdOn": null,
            "updatedBy": null,
            "updatedOn": null,
            "lastSyncDate": null
        },
        {
            "obsdatahrId": 236646,
            "stationId": 45,
            "datatypeId": 41,
            "frequency": 24,
            "datetime1": "2005-11-10T08:30:00",
            "valuesCsv": "23.5,25.5,28,28,29,30,30.5,29,28,25.5,24,22.5,22,21.5,20.5,19.5,18.5,18.5,17.5,17,16.5,16.5,19,22.5",
            "valuesCsvInArray": [
                23.5,
                25.5,
                28.0,
                28.0,
                29.0,
                30.0,
                30.5,
                29.0,
                28.0,
                25.5,
                24.0,
                22.5,
                22.0,
                21.5,
                20.5,
                19.5,
                18.5,
                18.5,
                17.5,
                17.0,
                16.5,
                16.5,
                19.0,
                22.5
            ],
            "remarks": null,
            "dailyMin": 16.50,
            "dailyMax": 30.50,
            "dailyAvg": 23.04,
            "dailySum": 553.00,
            "dailyCount": 24,
            "createdBy": null,
            "createdOn": null,
            "updatedBy": null,
            "updatedOn": null,
            "lastSyncDate": null
        },
        {
            "obsdatahrId": 236645,
            "stationId": 45,
            "datatypeId": 41,
            "frequency": 24,
            "datetime1": "2005-11-09T08:30:00",
            "valuesCsv": "23,25,26,27,28,28.5,29,29,28,25.5,23.5,22.5,22,21.5,20.5,20.5,19.5,19,18.5,17.5,17,17,17,20",
            "valuesCsvInArray": [
                23.0,
                25.0,
                26.0,
                27.0,
                28.0,
                28.5,
                29.0,
                29.0,
                28.0,
                25.5,
                23.5,
                22.5,
                22.0,
                21.5,
                20.5,
                20.5,
                19.5,
                19.0,
                18.5,
                17.5,
                17.0,
                17.0,
                17.0,
                20.0
            ],
            "remarks": null,
            "dailyMin": 17.00,
            "dailyMax": 29.00,
            "dailyAvg": 22.71,
            "dailySum": 545.00,
            "dailyCount": 24,
            "createdBy": null,
            "createdOn": null,
            "updatedBy": null,
            "updatedOn": null,
            "lastSyncDate": null
        },
        {
            "obsdatahrId": 236644,
            "stationId": 45,
            "datatypeId": 41,
            "frequency": 24,
            "datetime1": "2005-11-08T08:30:00",
            "valuesCsv": "25,26,26.5,27.5,28,28.5,28.5,28.5,27.5,24.5,23.5,22.5,21.5,21.5,20.5,19.5,19,18.5,18.5,18,17.5,17.5,18,19.5",
            "valuesCsvInArray": [
                25.0,
                26.0,
                26.5,
                27.5,
                28.0,
                28.5,
                28.5,
                28.5,
                27.5,
                24.5,
                23.5,
                22.5,
                21.5,
                21.5,
                20.5,
                19.5,
                19.0,
                18.5,
                18.5,
                18.0,
                17.5,
                17.5,
                18.0,
                19.5
            ],
            "remarks": null,
            "dailyMin": 17.50,
            "dailyMax": 28.50,
            "dailyAvg": 22.75,
            "dailySum": 546.00,
            "dailyCount": 24,
            "createdBy": null,
            "createdOn": null,
            "updatedBy": null,
            "updatedOn": null,
            "lastSyncDate": null
        },
        {
            "obsdatahrId": 236643,
            "stationId": 45,
            "datatypeId": 41,
            "frequency": 24,
            "datetime1": "2005-11-07T08:30:00",
            "valuesCsv": "25.5,26.5,26.5,28,28.5,29.5,30.5,30,29.5,29,27.5,26.5,26.5,26.5,25.5,25.5,24.5,24,23.5,23.5,23,22.5,22,24",
            "valuesCsvInArray": [
                25.5,
                26.5,
                26.5,
                28.0,
                28.5,
                29.5,
                30.5,
                30.0,
                29.5,
                29.0,
                27.5,
                26.5,
                26.5,
                26.5,
                25.5,
                25.5,
                24.5,
                24.0,
                23.5,
                23.5,
                23.0,
                22.5,
                22.0,
                24.0
            ],
            "remarks": null,
            "dailyMin": 22.00,
            "dailyMax": 30.50,
            "dailyAvg": 26.19,
            "dailySum": 628.50,
            "dailyCount": 24,
            "createdBy": null,
            "createdOn": null,
            "updatedBy": null,
            "updatedOn": null,
            "lastSyncDate": null
        },
        {
            "obsdatahrId": 236642,
            "stationId": 45,
            "datatypeId": 41,
            "frequency": 24,
            "datetime1": "2005-11-06T08:30:00",
            "valuesCsv": "25.5,27.5,29,29.5,30.5,30.5,31,30.5,30,28.5,27.5,26.5,26.5,26.5,26.5,26.5,26.5,26.5,26,26,25.5,25.5,25.5,25.5",
            "valuesCsvInArray": [
                25.5,
                27.5,
                29.0,
                29.5,
                30.5,
                30.5,
                31.0,
                30.5,
                30.0,
                28.5,
                27.5,
                26.5,
                26.5,
                26.5,
                26.5,
                26.5,
                26.5,
                26.5,
                26.0,
                26.0,
                25.5,
                25.5,
                25.5,
                25.5
            ],
            "remarks": null,
            "dailyMin": 25.50,
            "dailyMax": 31.00,
            "dailyAvg": 27.48,
            "dailySum": 659.50,
            "dailyCount": 24,
            "createdBy": null,
            "createdOn": null,
            "updatedBy": null,
            "updatedOn": null,
            "lastSyncDate": null
        },
        {
            "obsdatahrId": 236641,
            "stationId": 45,
            "datatypeId": 41,
            "frequency": 24,
            "datetime1": "2005-11-05T08:30:00",
            "valuesCsv": "25.5,28,28.5,29.5,30,30.5,29.5,29,28.5,27.5,26.5,25.5,22.5,23.5,22.5,21.5,20.5,20.5,20.5,20.5,20,20,20.5,22",
            "valuesCsvInArray": [
                25.5,
                28.0,
                28.5,
                29.5,
                30.0,
                30.5,
                29.5,
                29.0,
                28.5,
                27.5,
                26.5,
                25.5,
                22.5,
                23.5,
                22.5,
                21.5,
                20.5,
                20.5,
                20.5,
                20.5,
                20.0,
                20.0,
                20.5,
                22.0
            ],
            "remarks": null,
            "dailyMin": 20.00,
            "dailyMax": 30.50,
            "dailyAvg": 24.71,
            "dailySum": 593.00,
            "dailyCount": 24,
            "createdBy": null,
            "createdOn": null,
            "updatedBy": null,
            "updatedOn": null,
            "lastSyncDate": null
        },
        {
            "obsdatahrId": 236640,
            "stationId": 45,
            "datatypeId": 41,
            "frequency": 24,
            "datetime1": "2005-11-04T08:30:00",
            "valuesCsv": "26.5,28.5,30.5,31.5,31.5,31.5,31.5,31,29.5,28.5,27.5,25.5,24,22.5,21.5,21,20.5,20.5,20.5,20,19.5,19.5,19.5,21",
            "valuesCsvInArray": [
                26.5,
                28.5,
                30.5,
                31.5,
                31.5,
                31.5,
                31.5,
                31.0,
                29.5,
                28.5,
                27.5,
                25.5,
                24.0,
                22.5,
                21.5,
                21.0,
                20.5,
                20.5,
                20.5,
                20.0,
                19.5,
                19.5,
                19.5,
                21.0
            ],
            "remarks": null,
            "dailyMin": 19.50,
            "dailyMax": 31.50,
            "dailyAvg": 25.15,
            "dailySum": 603.50,
            "dailyCount": 24,
            "createdBy": null,
            "createdOn": null,
            "updatedBy": null,
            "updatedOn": null,
            "lastSyncDate": null
        },
        {
            "obsdatahrId": 236639,
            "stationId": 45,
            "datatypeId": 41,
            "frequency": 24,
            "datetime1": "2005-11-03T08:30:00",
            "valuesCsv": "27,29.5,30.5,31.5,32.5,33,33,33,30,29.5,26.5,26.5,25,24.5,23.5,23.5,22.5,22.5,21.5,21,21,20,19.5,23",
            "valuesCsvInArray": [
                27.0,
                29.5,
                30.5,
                31.5,
                32.5,
                33.0,
                33.0,
                33.0,
                30.0,
                29.5,
                26.5,
                26.5,
                25.0,
                24.5,
                23.5,
                23.5,
                22.5,
                22.5,
                21.5,
                21.0,
                21.0,
                20.0,
                19.5,
                23.0
            ],
            "remarks": null,
            "dailyMin": 19.50,
            "dailyMax": 33.00,
            "dailyAvg": 26.25,
            "dailySum": 630.00,
            "dailyCount": 24,
            "createdBy": null,
            "createdOn": null,
            "updatedBy": null,
            "updatedOn": null,
            "lastSyncDate": null
        },
        {
            "obsdatahrId": 236638,
            "stationId": 45,
            "datatypeId": 41,
            "frequency": 24,
            "datetime1": "2005-11-02T08:30:00",
            "valuesCsv": "25.5,26.5,26.5,28,28.5,29.5,30.5,30,29.5,29,27.5,26.5,26.5,26.5,25.5,25.5,24.5,24,23.5,23.5,23,22.5,22,24",
            "valuesCsvInArray": [
                25.5,
                26.5,
                26.5,
                28.0,
                28.5,
                29.5,
                30.5,
                30.0,
                29.5,
                29.0,
                27.5,
                26.5,
                26.5,
                26.5,
                25.5,
                25.5,
                24.5,
                24.0,
                23.5,
                23.5,
                23.0,
                22.5,
                22.0,
                24.0
            ],
            "remarks": null,
            "dailyMin": 22.00,
            "dailyMax": 30.50,
            "dailyAvg": 26.19,
            "dailySum": 628.50,
            "dailyCount": 24,
            "createdBy": null,
            "createdOn": null,
            "updatedBy": null,
            "updatedOn": null,
            "lastSyncDate": null
        },
        {
            "obsdatahrId": 236637,
            "stationId": 45,
            "datatypeId": 41,
            "frequency": 24,
            "datetime1": "2005-11-01T08:30:00",
            "valuesCsv": "25.5,27.5,29,29.5,30.5,30.5,31,30.5,30,28.5,27.5,26.5,26.5,26.5,26.5,26.5,26.5,26.5,26,26,25.5,25.5,25.5,25.5",
            "valuesCsvInArray": [
                25.5,
                27.5,
                29.0,
                29.5,
                30.5,
                30.5,
                31.0,
                30.5,
                30.0,
                28.5,
                27.5,
                26.5,
                26.5,
                26.5,
                26.5,
                26.5,
                26.5,
                26.5,
                26.0,
                26.0,
                25.5,
                25.5,
                25.5,
                25.5
            ],
            "remarks": null,
            "dailyMin": 25.50,
            "dailyMax": 31.00,
            "dailyAvg": 27.48,
            "dailySum": 659.50,
            "dailyCount": 24,
            "createdBy": null,
            "createdOn": null,
            "updatedBy": null,
            "updatedOn": null,
            "lastSyncDate": null
        },
        {
            "obsdatahrId": 236617,
            "stationId": 45,
            "datatypeId": 41,
            "frequency": 24,
            "datetime1": "2005-10-31T08:30:00",
            "valuesCsv": "25,28,29,30,30,30.5,32,32,31.5,29.5,29.5,27.5,26.5,26.5,26,25.5,25.5,25.5,25.5,25,24.5,24,24,25",
            "valuesCsvInArray": [
                25.0,
                28.0,
                29.0,
                30.0,
                30.0,
                30.5,
                32.0,
                32.0,
                31.5,
                29.5,
                29.5,
                27.5,
                26.5,
                26.5,
                26.0,
                25.5,
                25.5,
                25.5,
                25.5,
                25.0,
                24.5,
                24.0,
                24.0,
                25.0
            ],
            "remarks": null,
            "dailyMin": 24.00,
            "dailyMax": 32.00,
            "dailyAvg": 27.42,
            "dailySum": 658.00,
            "dailyCount": 24,
            "createdBy": null,
            "createdOn": null,
            "updatedBy": null,
            "updatedOn": null,
            "lastSyncDate": null
        },
        {
            "obsdatahrId": 236616,
            "stationId": 45,
            "datatypeId": 41,
            "frequency": 24,
            "datetime1": "2005-10-30T08:30:00",
            "valuesCsv": "24.5,25.5,27,27.5,29,30,30.5,30.5,29.5,29,28,27.5,26,24.5,23.5,23.5,23.5,22.5,22.5,22,21.5,21.5,22,23",
            "valuesCsvInArray": [
                24.5,
                25.5,
                27.0,
                27.5,
                29.0,
                30.0,
                30.5,
                30.5,
                29.5,
                29.0,
                28.0,
                27.5,
                26.0,
                24.5,
                23.5,
                23.5,
                23.5,
                22.5,
                22.5,
                22.0,
                21.5,
                21.5,
                22.0,
                23.0
            ],
            "remarks": null,
            "dailyMin": 21.50,
            "dailyMax": 30.50,
            "dailyAvg": 25.60,
            "dailySum": 614.50,
            "dailyCount": 24,
            "createdBy": null,
            "createdOn": null,
            "updatedBy": null,
            "updatedOn": null,
            "lastSyncDate": null
        },
        {
            "obsdatahrId": 236615,
            "stationId": 45,
            "datatypeId": 41,
            "frequency": 24,
            "datetime1": "2005-10-29T08:30:00",
            "valuesCsv": "25.5,26,27,27,28,27.5,27.5,27,27,26.5,24.5,24.5,24,24,23.5,23,23.5,23.5,23.5,23,22.5,22,21.5,22",
            "valuesCsvInArray": [
                25.5,
                26.0,
                27.0,
                27.0,
                28.0,
                27.5,
                27.5,
                27.0,
                27.0,
                26.5,
                24.5,
                24.5,
                24.0,
                24.0,
                23.5,
                23.0,
                23.5,
                23.5,
                23.5,
                23.0,
                22.5,
                22.0,
                21.5,
                22.0
            ],
            "remarks": null,
            "dailyMin": 21.50,
            "dailyMax": 28.00,
            "dailyAvg": 24.75,
            "dailySum": 594.00,
            "dailyCount": 24,
            "createdBy": null,
            "createdOn": null,
            "updatedBy": null,
            "updatedOn": null,
            "lastSyncDate": null
        },
        {
            "obsdatahrId": 236614,
            "stationId": 45,
            "datatypeId": 41,
            "frequency": 24,
            "datetime1": "2005-10-28T08:30:00",
            "valuesCsv": "24.5,26.5,27.5,28,28,28,28,28,27.5,27.5,27.5,26.5,26.5,26,25.5,25,24.5,23.5,23.5,23.5,23,23,23,24",
            "valuesCsvInArray": [
                24.5,
                26.5,
                27.5,
                28.0,
                28.0,
                28.0,
                28.0,
                28.0,
                27.5,
                27.5,
                27.5,
                26.5,
                26.5,
                26.0,
                25.5,
                25.0,
                24.5,
                23.5,
                23.5,
                23.5,
                23.0,
                23.0,
                23.0,
                24.0
            ],
            "remarks": null,
            "dailyMin": 23.00,
            "dailyMax": 28.00,
            "dailyAvg": 25.77,
            "dailySum": 618.50,
            "dailyCount": 24,
            "createdBy": null,
            "createdOn": null,
            "updatedBy": null,
            "updatedOn": null,
            "lastSyncDate": null
        },
        {
            "obsdatahrId": 236613,
            "stationId": 45,
            "datatypeId": 41,
            "frequency": 24,
            "datetime1": "2005-10-27T08:30:00",
            "valuesCsv": "25,26.5,28,29.5,30.5,32.5,32,29,28.5,27.5,26.5,25.5,24.5,25,24,23.5,23,22.5,22.5,22,21.5,21.5,22,24",
            "valuesCsvInArray": [
                25.0,
                26.5,
                28.0,
                29.5,
                30.5,
                32.5,
                32.0,
                29.0,
                28.5,
                27.5,
                26.5,
                25.5,
                24.5,
                25.0,
                24.0,
                23.5,
                23.0,
                22.5,
                22.5,
                22.0,
                21.5,
                21.5,
                22.0,
                24.0
            ],
            "remarks": null,
            "dailyMin": 21.50,
            "dailyMax": 32.50,
            "dailyAvg": 25.71,
            "dailySum": 617.00,
            "dailyCount": 24,
            "createdBy": null,
            "createdOn": null,
            "updatedBy": null,
            "updatedOn": null,
            "lastSyncDate": null
        },
        {
            "obsdatahrId": 236612,
            "stationId": 45,
            "datatypeId": 41,
            "frequency": 24,
            "datetime1": "2005-10-26T08:30:00",
            "valuesCsv": "26,26.5,29.5,30.5,31,30.5,30.5,29.5,28.5,28.5,28,26.5,26,25.5,25.5,25.5,25.5,25.5,24.5,24.5,24.5,24.5,24.5,25",
            "valuesCsvInArray": [
                26.0,
                26.5,
                29.5,
                30.5,
                31.0,
                30.5,
                30.5,
                29.5,
                28.5,
                28.5,
                28.0,
                26.5,
                26.0,
                25.5,
                25.5,
                25.5,
                25.5,
                25.5,
                24.5,
                24.5,
                24.5,
                24.5,
                24.5,
                25.0
            ],
            "remarks": null,
            "dailyMin": 24.50,
            "dailyMax": 31.00,
            "dailyAvg": 26.94,
            "dailySum": 646.50,
            "dailyCount": 24,
            "createdBy": null,
            "createdOn": null,
            "updatedBy": null,
            "updatedOn": null,
            "lastSyncDate": null
        },
        {
            "obsdatahrId": 236611,
            "stationId": 45,
            "datatypeId": 41,
            "frequency": 24,
            "datetime1": "2005-10-25T08:30:00",
            "valuesCsv": "26,27.5,28.5,29,30,30,30.5,30.5,30.5,28,27.5,26.5,26.5,25.5,26,25.5,25.5,25,25,25,24,24,24,25",
            "valuesCsvInArray": [
                26.0,
                27.5,
                28.5,
                29.0,
                30.0,
                30.0,
                30.5,
                30.5,
                30.5,
                28.0,
                27.5,
                26.5,
                26.5,
                25.5,
                26.0,
                25.5,
                25.5,
                25.0,
                25.0,
                25.0,
                24.0,
                24.0,
                24.0,
                25.0
            ],
            "remarks": null,
            "dailyMin": 24.00,
            "dailyMax": 30.50,
            "dailyAvg": 26.90,
            "dailySum": 645.50,
            "dailyCount": 24,
            "createdBy": null,
            "createdOn": null,
            "updatedBy": null,
            "updatedOn": null,
            "lastSyncDate": null
        },
        {
            "obsdatahrId": 236610,
            "stationId": 45,
            "datatypeId": 41,
            "frequency": 24,
            "datetime1": "2005-10-24T08:30:00",
            "valuesCsv": "24.5,26.5,28,28.5,29.5,29.5,30.5,30.5,29.5,28,26.5,25.5,25,24.5,24,24,23.5,23,22,22.5,22,22.5,23,25",
            "valuesCsvInArray": [
                24.5,
                26.5,
                28.0,
                28.5,
                29.5,
                29.5,
                30.5,
                30.5,
                29.5,
                28.0,
                26.5,
                25.5,
                25.0,
                24.5,
                24.0,
                24.0,
                23.5,
                23.0,
                22.0,
                22.5,
                22.0,
                22.5,
                23.0,
                25.0
            ],
            "remarks": null,
            "dailyMin": 22.00,
            "dailyMax": 30.50,
            "dailyAvg": 25.75,
            "dailySum": 618.00,
            "dailyCount": 24,
            "createdBy": null,
            "createdOn": null,
            "updatedBy": null,
            "updatedOn": null,
            "lastSyncDate": null
        },
        {
            "obsdatahrId": 236609,
            "stationId": 45,
            "datatypeId": 41,
            "frequency": 24,
            "datetime1": "2005-10-23T08:30:00",
            "valuesCsv": "23,26,27.5,28.5,29,30,30,30,30,27,25.5,25,24.5,23.5,23,22.5,21.5,21.5,20.5,20.5,20,20,21,23",
            "valuesCsvInArray": [
                23.0,
                26.0,
                27.5,
                28.5,
                29.0,
                30.0,
                30.0,
                30.0,
                30.0,
                27.0,
                25.5,
                25.0,
                24.5,
                23.5,
                23.0,
                22.5,
                21.5,
                21.5,
                20.5,
                20.5,
                20.0,
                20.0,
                21.0,
                23.0
            ],
            "remarks": null,
            "dailyMin": 20.00,
            "dailyMax": 30.00,
            "dailyAvg": 24.71,
            "dailySum": 593.00,
            "dailyCount": 24,
            "createdBy": null,
            "createdOn": null,
            "updatedBy": null,
            "updatedOn": null,
            "lastSyncDate": null
        },
        {
            "obsdatahrId": 236608,
            "stationId": 45,
            "datatypeId": 41,
            "frequency": 24,
            "datetime1": "2005-10-22T08:30:00",
            "valuesCsv": "25.5,27.5,28,29,29.5,30.5,30.5,30.5,31,27.5,25.5,24.5,23.5,23,22.5,22,21.5,21,20.5,20,19.5,19.5,19.5,22",
            "valuesCsvInArray": [
                25.5,
                27.5,
                28.0,
                29.0,
                29.5,
                30.5,
                30.5,
                30.5,
                31.0,
                27.5,
                25.5,
                24.5,
                23.5,
                23.0,
                22.5,
                22.0,
                21.5,
                21.0,
                20.5,
                20.0,
                19.5,
                19.5,
                19.5,
                22.0
            ],
            "remarks": null,
            "dailyMin": 19.50,
            "dailyMax": 31.00,
            "dailyAvg": 24.75,
            "dailySum": 594.00,
            "dailyCount": 24,
            "createdBy": null,
            "createdOn": null,
            "updatedBy": null,
            "updatedOn": null,
            "lastSyncDate": null
        },
        {
            "obsdatahrId": 236607,
            "stationId": 45,
            "datatypeId": 41,
            "frequency": 24,
            "datetime1": "2005-10-21T08:30:00",
            "valuesCsv": "26.5,28.5,29.5,30.5,30.5,30.5,30.5,30.5,28.5,27,26,25.5,24.5,24,23.5,23,22.5,22,21.5,21.5,21,20.5,22,24",
            "valuesCsvInArray": [
                26.5,
                28.5,
                29.5,
                30.5,
                30.5,
                30.5,
                30.5,
                30.5,
                28.5,
                27.0,
                26.0,
                25.5,
                24.5,
                24.0,
                23.5,
                23.0,
                22.5,
                22.0,
                21.5,
                21.5,
                21.0,
                20.5,
                22.0,
                24.0
            ],
            "remarks": null,
            "dailyMin": 20.50,
            "dailyMax": 30.50,
            "dailyAvg": 25.58,
            "dailySum": 614.00,
            "dailyCount": 24,
            "createdBy": null,
            "createdOn": null,
            "updatedBy": null,
            "updatedOn": null,
            "lastSyncDate": null
        },
        {
            "obsdatahrId": 236606,
            "stationId": 45,
            "datatypeId": 41,
            "frequency": 24,
            "datetime1": "2005-10-20T08:30:00",
            "valuesCsv": "27.5,28.5,29.5,30.5,31,31,31,31,30,28,26.5,25.5,25.5,25.5,25.5,24,24,23.5,23.5,22.5,22.5,22.5,23.5,24.5",
            "valuesCsvInArray": [
                27.5,
                28.5,
                29.5,
                30.5,
                31.0,
                31.0,
                31.0,
                31.0,
                30.0,
                28.0,
                26.5,
                25.5,
                25.5,
                25.5,
                25.5,
                24.0,
                24.0,
                23.5,
                23.5,
                22.5,
                22.5,
                22.5,
                23.5,
                24.5
            ],
            "remarks": null,
            "dailyMin": 22.50,
            "dailyMax": 31.00,
            "dailyAvg": 26.54,
            "dailySum": 637.00,
            "dailyCount": 24,
            "createdBy": null,
            "createdOn": null,
            "updatedBy": null,
            "updatedOn": null,
            "lastSyncDate": null
        },
        {
            "obsdatahrId": 236605,
            "stationId": 45,
            "datatypeId": 41,
            "frequency": 24,
            "datetime1": "2005-10-19T08:30:00",
            "valuesCsv": "26.5,27.5,29,29.5,30.5,31,28.5,27.5,27,26.5,26.5,26.5,26.5,26.5,26,26,26,26,25.5,25,25,25,25.5,26.5",
            "valuesCsvInArray": [
                26.5,
                27.5,
                29.0,
                29.5,
                30.5,
                31.0,
                28.5,
                27.5,
                27.0,
                26.5,
                26.5,
                26.5,
                26.5,
                26.5,
                26.0,
                26.0,
                26.0,
                26.0,
                25.5,
                25.0,
                25.0,
                25.0,
                25.5,
                26.5
            ],
            "remarks": null,
            "dailyMin": 25.00,
            "dailyMax": 31.00,
            "dailyAvg": 26.92,
            "dailySum": 646.00,
            "dailyCount": 24,
            "createdBy": null,
            "createdOn": null,
            "updatedBy": null,
            "updatedOn": null,
            "lastSyncDate": null
        },
        {
            "obsdatahrId": 236604,
            "stationId": 45,
            "datatypeId": 41,
            "frequency": 24,
            "datetime1": "2005-10-18T08:30:00",
            "valuesCsv": "26.5,27.5,28.5,30.5,31,32,32,31,31.5,28,27.5,25.5,25.5,25,25,25,25,25,25,25,24.5,24.5,24.5,26",
            "valuesCsvInArray": [
                26.5,
                27.5,
                28.5,
                30.5,
                31.0,
                32.0,
                32.0,
                31.0,
                31.5,
                28.0,
                27.5,
                25.5,
                25.5,
                25.0,
                25.0,
                25.0,
                25.0,
                25.0,
                25.0,
                25.0,
                24.5,
                24.5,
                24.5,
                26.0
            ],
            "remarks": null,
            "dailyMin": 24.50,
            "dailyMax": 32.00,
            "dailyAvg": 27.15,
            "dailySum": 651.50,
            "dailyCount": 24,
            "createdBy": null,
            "createdOn": null,
            "updatedBy": null,
            "updatedOn": null,
            "lastSyncDate": null
        },
        {
            "obsdatahrId": 236603,
            "stationId": 45,
            "datatypeId": 41,
            "frequency": 24,
            "datetime1": "2005-10-17T08:30:00",
            "valuesCsv": "26.5,27,28,29.5,30.5,27.5,25.5,25.5,25.5,25.5,25.5,25.5,25.5,25.5,25.5,25.5,25.5,25.5,25.5,25.5,25.5,25.5,25.5,25.5",
            "valuesCsvInArray": [
                26.5,
                27.0,
                28.0,
                29.5,
                30.5,
                27.5,
                25.5,
                25.5,
                25.5,
                25.5,
                25.5,
                25.5,
                25.5,
                25.5,
                25.5,
                25.5,
                25.5,
                25.5,
                25.5,
                25.5,
                25.5,
                25.5,
                25.5,
                25.5
            ],
            "remarks": null,
            "dailyMin": 25.50,
            "dailyMax": 30.50,
            "dailyAvg": 26.17,
            "dailySum": 628.00,
            "dailyCount": 24,
            "createdBy": null,
            "createdOn": null,
            "updatedBy": null,
            "updatedOn": null,
            "lastSyncDate": null
        },
        {
            "obsdatahrId": 236602,
            "stationId": 45,
            "datatypeId": 41,
            "frequency": 24,
            "datetime1": "2005-10-16T08:30:00",
            "valuesCsv": "25,26.5,27.5,28.5,30.5,31,31,31,30.5,29.5,28.5,27.5,27.5,27,26.5,26.5,26.5,26.5,26,26,25.5,25,25,25",
            "valuesCsvInArray": [
                25.0,
                26.5,
                27.5,
                28.5,
                30.5,
                31.0,
                31.0,
                31.0,
                30.5,
                29.5,
                28.5,
                27.5,
                27.5,
                27.0,
                26.5,
                26.5,
                26.5,
                26.5,
                26.0,
                26.0,
                25.5,
                25.0,
                25.0,
                25.0
            ],
            "remarks": null,
            "dailyMin": 25.00,
            "dailyMax": 31.00,
            "dailyAvg": 27.50,
            "dailySum": 660.00,
            "dailyCount": 24,
            "createdBy": null,
            "createdOn": null,
            "updatedBy": null,
            "updatedOn": null,
            "lastSyncDate": null
        },
        {
            "obsdatahrId": 236601,
            "stationId": 45,
            "datatypeId": 41,
            "frequency": 24,
            "datetime1": "2005-10-15T08:30:00",
            "valuesCsv": "25.5,26,27,27,25.5,25.5,26.5,27.5,27.5,26.5,26.5,26.5,25.5,25.5,25.5,25.5,25,25,25,25,25,25,25,25",
            "valuesCsvInArray": [
                25.5,
                26.0,
                27.0,
                27.0,
                25.5,
                25.5,
                26.5,
                27.5,
                27.5,
                26.5,
                26.5,
                26.5,
                25.5,
                25.5,
                25.5,
                25.5,
                25.0,
                25.0,
                25.0,
                25.0,
                25.0,
                25.0,
                25.0,
                25.0
            ],
            "remarks": null,
            "dailyMin": 25.00,
            "dailyMax": 27.50,
            "dailyAvg": 25.81,
            "dailySum": 619.50,
            "dailyCount": 24,
            "createdBy": null,
            "createdOn": null,
            "updatedBy": null,
            "updatedOn": null,
            "lastSyncDate": null
        },
        {
            "obsdatahrId": 236599,
            "stationId": 45,
            "datatypeId": 41,
            "frequency": 24,
            "datetime1": "2005-10-14T08:30:00",
            "valuesCsv": "25.5,25.5,26.5,26.5,26.5,26.5,26.5,25.5,25.5,24,24.5,24.5,24.5,24.5,24.5,24.5,24.5,24.5,24.5,24.5,24.5,24.5,24.5,24.5",
            "valuesCsvInArray": [
                25.5,
                25.5,
                26.5,
                26.5,
                26.5,
                26.5,
                26.5,
                25.5,
                25.5,
                24.0,
                24.5,
                24.5,
                24.5,
                24.5,
                24.5,
                24.5,
                24.5,
                24.5,
                24.5,
                24.5,
                24.5,
                24.5,
                24.5,
                24.5
            ],
            "remarks": null,
            "dailyMin": 24.00,
            "dailyMax": 26.50,
            "dailyAvg": 25.06,
            "dailySum": 601.50,
            "dailyCount": 24,
            "createdBy": null,
            "createdOn": null,
            "updatedBy": null,
            "updatedOn": null,
            "lastSyncDate": null
        },
        {
            "obsdatahrId": 236598,
            "stationId": 45,
            "datatypeId": 41,
            "frequency": 24,
            "datetime1": "2005-10-13T08:30:00",
            "valuesCsv": "25,26.5,28,29,30,26,26,26,25,25,25,25,25,25,25,25,25,24.5,24.5,24.5,24.5,24.5,24.5,24.5",
            "valuesCsvInArray": [
                25.0,
                26.5,
                28.0,
                29.0,
                30.0,
                26.0,
                26.0,
                26.0,
                25.0,
                25.0,
                25.0,
                25.0,
                25.0,
                25.0,
                25.0,
                25.0,
                25.0,
                24.5,
                24.5,
                24.5,
                24.5,
                24.5,
                24.5,
                24.5
            ],
            "remarks": null,
            "dailyMin": 24.50,
            "dailyMax": 30.00,
            "dailyAvg": 25.54,
            "dailySum": 613.00,
            "dailyCount": 24,
            "createdBy": null,
            "createdOn": null,
            "updatedBy": null,
            "updatedOn": null,
            "lastSyncDate": null
        },
        {
            "obsdatahrId": 236597,
            "stationId": 45,
            "datatypeId": 41,
            "frequency": 24,
            "datetime1": "2005-10-12T08:30:00",
            "valuesCsv": "26,27,27.5,28,28,29.5,28.5,27,27,26.5,26.5,25.5,25,24,24,24,24,24,24,21,24.5,24,24.5,24.5",
            "valuesCsvInArray": [
                26.0,
                27.0,
                27.5,
                28.0,
                28.0,
                29.5,
                28.5,
                27.0,
                27.0,
                26.5,
                26.5,
                25.5,
                25.0,
                24.0,
                24.0,
                24.0,
                24.0,
                24.0,
                24.0,
                21.0,
                24.5,
                24.0,
                24.5,
                24.5
            ],
            "remarks": null,
            "dailyMin": 21.00,
            "dailyMax": 29.50,
            "dailyAvg": 25.60,
            "dailySum": 614.50,
            "dailyCount": 24,
            "createdBy": null,
            "createdOn": null,
            "updatedBy": null,
            "updatedOn": null,
            "lastSyncDate": null
        },
        {
            "obsdatahrId": 236596,
            "stationId": 45,
            "datatypeId": 41,
            "frequency": 24,
            "datetime1": "2005-10-11T08:30:00",
            "valuesCsv": "26,27,27.5,28,28,29.5,28.5,27,27,26.5,26.5,25.5,25,24,24,24,24,24,24,21,24,24,24,24.5",
            "valuesCsvInArray": [
                26.0,
                27.0,
                27.5,
                28.0,
                28.0,
                29.5,
                28.5,
                27.0,
                27.0,
                26.5,
                26.5,
                25.5,
                25.0,
                24.0,
                24.0,
                24.0,
                24.0,
                24.0,
                24.0,
                21.0,
                24.0,
                24.0,
                24.0,
                24.5
            ],
            "remarks": null,
            "dailyMin": 21.00,
            "dailyMax": 29.50,
            "dailyAvg": 25.56,
            "dailySum": 613.50,
            "dailyCount": 24,
            "createdBy": null,
            "createdOn": null,
            "updatedBy": null,
            "updatedOn": null,
            "lastSyncDate": null
        },
        {
            "obsdatahrId": 236595,
            "stationId": 45,
            "datatypeId": 41,
            "frequency": 24,
            "datetime1": "2005-10-10T08:30:00",
            "valuesCsv": "27.5,29.5,30.5,31.5,32.5,32,31.5,31.5,31.5,30,28.5,27.5,26.5,25.5,25.5,25,24.5,24.5,24,23,23,22.5,23.5,26",
            "valuesCsvInArray": [
                27.5,
                29.5,
                30.5,
                31.5,
                32.5,
                32.0,
                31.5,
                31.5,
                31.5,
                30.0,
                28.5,
                27.5,
                26.5,
                25.5,
                25.5,
                25.0,
                24.5,
                24.5,
                24.0,
                23.0,
                23.0,
                22.5,
                23.5,
                26.0
            ],
            "remarks": null,
            "dailyMin": 22.50,
            "dailyMax": 32.50,
            "dailyAvg": 27.40,
            "dailySum": 657.50,
            "dailyCount": 24,
            "createdBy": null,
            "createdOn": null,
            "updatedBy": null,
            "updatedOn": null,
            "lastSyncDate": null
        },
        {
            "obsdatahrId": 236594,
            "stationId": 45,
            "datatypeId": 41,
            "frequency": 24,
            "datetime1": "2005-10-09T08:30:00",
            "valuesCsv": "28.5,29.5,31,32,33,33.5,33.5,32.5,32,29,27.5,27,26.5,25.5,25.5,24.5,24,23.5,23,22.5,22.5,22,22.5,25",
            "valuesCsvInArray": [
                28.5,
                29.5,
                31.0,
                32.0,
                33.0,
                33.5,
                33.5,
                32.5,
                32.0,
                29.0,
                27.5,
                27.0,
                26.5,
                25.5,
                25.5,
                24.5,
                24.0,
                23.5,
                23.0,
                22.5,
                22.5,
                22.0,
                22.5,
                25.0
            ],
            "remarks": null,
            "dailyMin": 22.00,
            "dailyMax": 33.50,
            "dailyAvg": 27.33,
            "dailySum": 656.00,
            "dailyCount": 24,
            "createdBy": null,
            "createdOn": null,
            "updatedBy": null,
            "updatedOn": null,
            "lastSyncDate": null
        },
        {
            "obsdatahrId": 236593,
            "stationId": 45,
            "datatypeId": 41,
            "frequency": 24,
            "datetime1": "2005-10-08T08:30:00",
            "valuesCsv": "28,31,31,31.5,31.5,32,32,32,31.5,31,29.5,28.5,28.5,28,27.5,26.5,26,25.5,25.5,25,24.5,24,24,26",
            "valuesCsvInArray": [
                28.0,
                31.0,
                31.0,
                31.5,
                31.5,
                32.0,
                32.0,
                32.0,
                31.5,
                31.0,
                29.5,
                28.5,
                28.5,
                28.0,
                27.5,
                26.5,
                26.0,
                25.5,
                25.5,
                25.0,
                24.5,
                24.0,
                24.0,
                26.0
            ],
            "remarks": null,
            "dailyMin": 24.00,
            "dailyMax": 32.00,
            "dailyAvg": 28.35,
            "dailySum": 680.50,
            "dailyCount": 24,
            "createdBy": null,
            "createdOn": null,
            "updatedBy": null,
            "updatedOn": null,
            "lastSyncDate": null
        },
        {
            "obsdatahrId": 236592,
            "stationId": 45,
            "datatypeId": 41,
            "frequency": 24,
            "datetime1": "2005-10-07T08:30:00",
            "valuesCsv": "28.5,30,31,31.5,32,32.5,32.5,32.5,32,30.5,29,28,27.5,27.5,26.5,25.5,25.5,25.5,25.5,25.5,24.5,24.5,25,26",
            "valuesCsvInArray": [
                28.5,
                30.0,
                31.0,
                31.5,
                32.0,
                32.5,
                32.5,
                32.5,
                32.0,
                30.5,
                29.0,
                28.0,
                27.5,
                27.5,
                26.5,
                25.5,
                25.5,
                25.5,
                25.5,
                25.5,
                24.5,
                24.5,
                25.0,
                26.0
            ],
            "remarks": null,
            "dailyMin": 24.50,
            "dailyMax": 32.50,
            "dailyAvg": 28.29,
            "dailySum": 679.00,
            "dailyCount": 24,
            "createdBy": null,
            "createdOn": null,
            "updatedBy": null,
            "updatedOn": null,
            "lastSyncDate": null
        },
        {
            "obsdatahrId": 236591,
            "stationId": 45,
            "datatypeId": 41,
            "frequency": 24,
            "datetime1": "2005-10-06T08:30:00",
            "valuesCsv": "28,30,32,32,32,31,30.5,30,29.5,28.5,28.5,28,27.5,27,27,27,27,26,25.5,25,24.5,24.5,24.5,26.5",
            "valuesCsvInArray": [
                28.0,
                30.0,
                32.0,
                32.0,
                32.0,
                31.0,
                30.5,
                30.0,
                29.5,
                28.5,
                28.5,
                28.0,
                27.5,
                27.0,
                27.0,
                27.0,
                27.0,
                26.0,
                25.5,
                25.0,
                24.5,
                24.5,
                24.5,
                26.5
            ],
            "remarks": null,
            "dailyMin": 24.50,
            "dailyMax": 32.00,
            "dailyAvg": 28.00,
            "dailySum": 672.00,
            "dailyCount": 24,
            "createdBy": null,
            "createdOn": null,
            "updatedBy": null,
            "updatedOn": null,
            "lastSyncDate": null
        },
        {
            "obsdatahrId": 236588,
            "stationId": 45,
            "datatypeId": 41,
            "frequency": 24,
            "datetime1": "2005-10-05T08:30:00",
            "valuesCsv": "26.5,28,29.5,32,31,30.5,29,29.5,29,27.5,27,27,26.5,26.5,26.5,26.5,26.5,26,25.5,25,25,24.5,24.5,26",
            "valuesCsvInArray": [
                26.5,
                28.0,
                29.5,
                32.0,
                31.0,
                30.5,
                29.0,
                29.5,
                29.0,
                27.5,
                27.0,
                27.0,
                26.5,
                26.5,
                26.5,
                26.5,
                26.5,
                26.0,
                25.5,
                25.0,
                25.0,
                24.5,
                24.5,
                26.0
            ],
            "remarks": null,
            "dailyMin": 24.50,
            "dailyMax": 32.00,
            "dailyAvg": 27.31,
            "dailySum": 655.50,
            "dailyCount": 24,
            "createdBy": null,
            "createdOn": null,
            "updatedBy": null,
            "updatedOn": null,
            "lastSyncDate": null
        },
        {
            "obsdatahrId": 236587,
            "stationId": 45,
            "datatypeId": 41,
            "frequency": 24,
            "datetime1": "2005-10-04T08:30:00",
            "valuesCsv": "24.5,25.5,27,28.5,29.5,31.5,30.5,30.5,30.5,29.5,27.5,25,23,25.5,24.5,25.5,25.5,25.5,25.5,25.5,25.5,25.5,25.5,25.5",
            "valuesCsvInArray": [
                24.5,
                25.5,
                27.0,
                28.5,
                29.5,
                31.5,
                30.5,
                30.5,
                30.5,
                29.5,
                27.5,
                25.0,
                23.0,
                25.5,
                24.5,
                25.5,
                25.5,
                25.5,
                25.5,
                25.5,
                25.5,
                25.5,
                25.5,
                25.5
            ],
            "remarks": null,
            "dailyMin": 23.00,
            "dailyMax": 31.50,
            "dailyAvg": 26.77,
            "dailySum": 642.50,
            "dailyCount": 24,
            "createdBy": null,
            "createdOn": null,
            "updatedBy": null,
            "updatedOn": null,
            "lastSyncDate": null
        },
        {
            "obsdatahrId": 236586,
            "stationId": 45,
            "datatypeId": 41,
            "frequency": 24,
            "datetime1": "2005-10-03T08:30:00",
            "valuesCsv": "25,26,27.5,28,28.5,29.5,28,27.5,27.5,27.5,27.5,27,26.5,26,25.5,25.5,25.5,25.5,24.5,24.5,24.5,24.5,24.5,24.5",
            "valuesCsvInArray": [
                25.0,
                26.0,
                27.5,
                28.0,
                28.5,
                29.5,
                28.0,
                27.5,
                27.5,
                27.5,
                27.5,
                27.0,
                26.5,
                26.0,
                25.5,
                25.5,
                25.5,
                25.5,
                24.5,
                24.5,
                24.5,
                24.5,
                24.5,
                24.5
            ],
            "remarks": null,
            "dailyMin": 24.50,
            "dailyMax": 29.50,
            "dailyAvg": 26.29,
            "dailySum": 631.00,
            "dailyCount": 24,
            "createdBy": null,
            "createdOn": null,
            "updatedBy": null,
            "updatedOn": null,
            "lastSyncDate": null
        },
        {
            "obsdatahrId": 236585,
            "stationId": 45,
            "datatypeId": 41,
            "frequency": 24,
            "datetime1": "2005-10-02T08:30:00",
            "valuesCsv": "25.5,27,28.5,30,28.5,27.5,26,25.5,25,23.5,23.5,23.5,24.5,24.5,24.5,25,25,25,25,25,24.5,24.5,24.5,24",
            "valuesCsvInArray": [
                25.5,
                27.0,
                28.5,
                30.0,
                28.5,
                27.5,
                26.0,
                25.5,
                25.0,
                23.5,
                23.5,
                23.5,
                24.5,
                24.5,
                24.5,
                25.0,
                25.0,
                25.0,
                25.0,
                25.0,
                24.5,
                24.5,
                24.5,
                24.0
            ],
            "remarks": null,
            "dailyMin": 23.50,
            "dailyMax": 30.00,
            "dailyAvg": 25.42,
            "dailySum": 610.00,
            "dailyCount": 24,
            "createdBy": null,
            "createdOn": null,
            "updatedBy": null,
            "updatedOn": null,
            "lastSyncDate": null
        },
        {
            "obsdatahrId": 236584,
            "stationId": 45,
            "datatypeId": 41,
            "frequency": 24,
            "datetime1": "2005-10-01T08:30:00",
            "valuesCsv": "24,26,26.5,24,28.5,30.5,30.5,30.5,30.5,28.5,27.5,27,26,25.5,25.5,25,24.5,24.5,24.5,24,24,24,24,24.5",
            "valuesCsvInArray": [
                24.0,
                26.0,
                26.5,
                24.0,
                28.5,
                30.5,
                30.5,
                30.5,
                30.5,
                28.5,
                27.5,
                27.0,
                26.0,
                25.5,
                25.5,
                25.0,
                24.5,
                24.5,
                24.5,
                24.0,
                24.0,
                24.0,
                24.0,
                24.5
            ],
            "remarks": null,
            "dailyMin": 24.00,
            "dailyMax": 30.50,
            "dailyAvg": 26.25,
            "dailySum": 630.00,
            "dailyCount": 24,
            "createdBy": null,
            "createdOn": null,
            "updatedBy": null,
            "updatedOn": null,
            "lastSyncDate": null
        },
        {
            "obsdatahrId": 236567,
            "stationId": 45,
            "datatypeId": 41,
            "frequency": 24,
            "datetime1": "2005-09-30T08:30:00",
            "valuesCsv": "24,26.5,27,27.5,28.5,27.5,27.5,27,28,26,25,24.5,23.5,23.5,23,22.5,22.5,22.5,22.5,22.5,22,21.5,20.5,20.5",
            "valuesCsvInArray": [
                24.0,
                26.5,
                27.0,
                27.5,
                28.5,
                27.5,
                27.5,
                27.0,
                28.0,
                26.0,
                25.0,
                24.5,
                23.5,
                23.5,
                23.0,
                22.5,
                22.5,
                22.5,
                22.5,
                22.5,
                22.0,
                21.5,
                20.5,
                20.5
            ],
            "remarks": null,
            "dailyMin": 20.50,
            "dailyMax": 28.50,
            "dailyAvg": 24.42,
            "dailySum": 586.00,
            "dailyCount": 24,
            "createdBy": null,
            "createdOn": null,
            "updatedBy": null,
            "updatedOn": null,
            "lastSyncDate": null
        },
        {
            "obsdatahrId": 236566,
            "stationId": 45,
            "datatypeId": 41,
            "frequency": 24,
            "datetime1": "2005-09-29T08:30:00",
            "valuesCsv": "22.5,23,23.5,24,24.5,25,26,25.5,25,24.5,24,24,23.5,23.5,23.5,23.5,22.5,22.5,22.5,22.5,22.5,22.5,23,23",
            "valuesCsvInArray": [
                22.5,
                23.0,
                23.5,
                24.0,
                24.5,
                25.0,
                26.0,
                25.5,
                25.0,
                24.5,
                24.0,
                24.0,
                23.5,
                23.5,
                23.5,
                23.5,
                22.5,
                22.5,
                22.5,
                22.5,
                22.5,
                22.5,
                23.0,
                23.0
            ],
            "remarks": null,
            "dailyMin": 22.50,
            "dailyMax": 26.00,
            "dailyAvg": 23.60,
            "dailySum": 566.50,
            "dailyCount": 24,
            "createdBy": null,
            "createdOn": null,
            "updatedBy": null,
            "updatedOn": null,
            "lastSyncDate": null
        },
        {
            "obsdatahrId": 236565,
            "stationId": 45,
            "datatypeId": 41,
            "frequency": 24,
            "datetime1": "2005-09-28T08:30:00",
            "valuesCsv": "24,25,26,27.5,27.5,25.5,26.5,27.5,26,26.5,24,23.5,24,24,24,24,24,24,24,23.5,22.5,22.5,22.5,22.5",
            "valuesCsvInArray": [
                24.0,
                25.0,
                26.0,
                27.5,
                27.5,
                25.5,
                26.5,
                27.5,
                26.0,
                26.5,
                24.0,
                23.5,
                24.0,
                24.0,
                24.0,
                24.0,
                24.0,
                24.0,
                24.0,
                23.5,
                22.5,
                22.5,
                22.5,
                22.5
            ],
            "remarks": null,
            "dailyMin": 22.50,
            "dailyMax": 27.50,
            "dailyAvg": 24.63,
            "dailySum": 591.00,
            "dailyCount": 24,
            "createdBy": null,
            "createdOn": null,
            "updatedBy": null,
            "updatedOn": null,
            "lastSyncDate": null
        },
        {
            "obsdatahrId": 236564,
            "stationId": 45,
            "datatypeId": 41,
            "frequency": 24,
            "datetime1": "2005-09-27T08:30:00",
            "valuesCsv": "24,25.5,26.5,27.5,27.5,29,29,29.5,27.5,27.5,26.5,25.5,24.5,24.5,24,24,24,24,23.5,23.5,23.5,23.5,23.5,23.5",
            "valuesCsvInArray": [
                24.0,
                25.5,
                26.5,
                27.5,
                27.5,
                29.0,
                29.0,
                29.5,
                27.5,
                27.5,
                26.5,
                25.5,
                24.5,
                24.5,
                24.0,
                24.0,
                24.0,
                24.0,
                23.5,
                23.5,
                23.5,
                23.5,
                23.5,
                23.5
            ],
            "remarks": null,
            "dailyMin": 23.50,
            "dailyMax": 29.50,
            "dailyAvg": 25.48,
            "dailySum": 611.50,
            "dailyCount": 24,
            "createdBy": null,
            "createdOn": null,
            "updatedBy": null,
            "updatedOn": null,
            "lastSyncDate": null
        },
        {
            "obsdatahrId": 236563,
            "stationId": 45,
            "datatypeId": 41,
            "frequency": 24,
            "datetime1": "2005-09-26T08:30:00",
            "valuesCsv": "23,24.5,25.5,26.5,27.5,28,28,28,28,27,25.5,24.5,24.5,24,24,24,23.5,23.5,23.5,23,23,23,23,23",
            "valuesCsvInArray": [
                23.0,
                24.5,
                25.5,
                26.5,
                27.5,
                28.0,
                28.0,
                28.0,
                28.0,
                27.0,
                25.5,
                24.5,
                24.5,
                24.0,
                24.0,
                24.0,
                23.5,
                23.5,
                23.5,
                23.0,
                23.0,
                23.0,
                23.0,
                23.0
            ],
            "remarks": null,
            "dailyMin": 23.00,
            "dailyMax": 28.00,
            "dailyAvg": 24.92,
            "dailySum": 598.00,
            "dailyCount": 24,
            "createdBy": null,
            "createdOn": null,
            "updatedBy": null,
            "updatedOn": null,
            "lastSyncDate": null
        },
        {
            "obsdatahrId": 236562,
            "stationId": 45,
            "datatypeId": 41,
            "frequency": 24,
            "datetime1": "2005-09-25T08:30:00",
            "valuesCsv": "24.5,25,26,27,28,28.5,26.5,27.5,27,25.5,25,24.5,24,24,23,23.5,23,23,23,23,22.5,22.5,22.5,23",
            "valuesCsvInArray": [
                24.5,
                25.0,
                26.0,
                27.0,
                28.0,
                28.5,
                26.5,
                27.5,
                27.0,
                25.5,
                25.0,
                24.5,
                24.0,
                24.0,
                23.0,
                23.5,
                23.0,
                23.0,
                23.0,
                23.0,
                22.5,
                22.5,
                22.5,
                23.0
            ],
            "remarks": null,
            "dailyMin": 22.50,
            "dailyMax": 28.50,
            "dailyAvg": 24.67,
            "dailySum": 592.00,
            "dailyCount": 24,
            "createdBy": null,
            "createdOn": null,
            "updatedBy": null,
            "updatedOn": null,
            "lastSyncDate": null
        },
        {
            "obsdatahrId": 236561,
            "stationId": 45,
            "datatypeId": 41,
            "frequency": 24,
            "datetime1": "2005-09-24T08:30:00",
            "valuesCsv": "24.5,24.5,25.5,26,26.5,27.5,27.5,27.5,27,26,25,24,23,23.5,23,23,23,23,23,23,23,22.5,22.5,23.5",
            "valuesCsvInArray": [
                24.5,
                24.5,
                25.5,
                26.0,
                26.5,
                27.5,
                27.5,
                27.5,
                27.0,
                26.0,
                25.0,
                24.0,
                23.0,
                23.5,
                23.0,
                23.0,
                23.0,
                23.0,
                23.0,
                23.0,
                23.0,
                22.5,
                22.5,
                23.5
            ],
            "remarks": null,
            "dailyMin": 22.50,
            "dailyMax": 27.50,
            "dailyAvg": 24.48,
            "dailySum": 587.50,
            "dailyCount": 24,
            "createdBy": null,
            "createdOn": null,
            "updatedBy": null,
            "updatedOn": null,
            "lastSyncDate": null
        },
        {
            "obsdatahrId": 236558,
            "stationId": 45,
            "datatypeId": 41,
            "frequency": 24,
            "datetime1": "2005-09-23T08:30:00",
            "valuesCsv": "24.5,24.5,25.5,26,26,27.5,27.5,27.5,27,26,25,24,23.5,23.5,23.5,23,23,23,23,23,22,22.5,22.5,23.5",
            "valuesCsvInArray": [
                24.5,
                24.5,
                25.5,
                26.0,
                26.0,
                27.5,
                27.5,
                27.5,
                27.0,
                26.0,
                25.0,
                24.0,
                23.5,
                23.5,
                23.5,
                23.0,
                23.0,
                23.0,
                23.0,
                23.0,
                22.0,
                22.5,
                22.5,
                23.5
            ],
            "remarks": null,
            "dailyMin": 22.00,
            "dailyMax": 27.50,
            "dailyAvg": 24.46,
            "dailySum": 587.00,
            "dailyCount": 24,
            "createdBy": null,
            "createdOn": null,
            "updatedBy": null,
            "updatedOn": null,
            "lastSyncDate": null
        },
        {
            "obsdatahrId": 236557,
            "stationId": 45,
            "datatypeId": 41,
            "frequency": 24,
            "datetime1": "2005-09-22T08:30:00",
            "valuesCsv": "24,24.5,26,26.5,26,26,25.5,25,24.5,24,23.5,23.5,23.5,23.5,23.5,23.5,23.5,23.5,23.5,23,23,23,23,24",
            "valuesCsvInArray": [
                24.0,
                24.5,
                26.0,
                26.5,
                26.0,
                26.0,
                25.5,
                25.0,
                24.5,
                24.0,
                23.5,
                23.5,
                23.5,
                23.5,
                23.5,
                23.5,
                23.5,
                23.5,
                23.5,
                23.0,
                23.0,
                23.0,
                23.0,
                24.0
            ],
            "remarks": null,
            "dailyMin": 23.00,
            "dailyMax": 26.50,
            "dailyAvg": 24.15,
            "dailySum": 579.50,
            "dailyCount": 24,
            "createdBy": null,
            "createdOn": null,
            "updatedBy": null,
            "updatedOn": null,
            "lastSyncDate": null
        },
        {
            "obsdatahrId": 236556,
            "stationId": 45,
            "datatypeId": 41,
            "frequency": 24,
            "datetime1": "2005-09-21T08:30:00",
            "valuesCsv": "24.5,25,25,24.5,24,23.5,23.5,23.5,23.5,23.5,23.5,23.5,23,23,23,23,23,23.5,23.5,23.5,23.5,23.5,23.5,23.5",
            "valuesCsvInArray": [
                24.5,
                25.0,
                25.0,
                24.5,
                24.0,
                23.5,
                23.5,
                23.5,
                23.5,
                23.5,
                23.5,
                23.5,
                23.0,
                23.0,
                23.0,
                23.0,
                23.0,
                23.5,
                23.5,
                23.5,
                23.5,
                23.5,
                23.5,
                23.5
            ],
            "remarks": null,
            "dailyMin": 23.00,
            "dailyMax": 25.00,
            "dailyAvg": 23.63,
            "dailySum": 567.00,
            "dailyCount": 24,
            "createdBy": null,
            "createdOn": null,
            "updatedBy": null,
            "updatedOn": null,
            "lastSyncDate": null
        },
        {
            "obsdatahrId": 236555,
            "stationId": 45,
            "datatypeId": 41,
            "frequency": 24,
            "datetime1": "2005-09-20T08:30:00",
            "valuesCsv": "23.5,23.5,24,24,23.5,23,24,24,23.5,23.5,23.5,23,23,23,23,23,23,23,23,23,22.5,22.5,22.5,22.5",
            "valuesCsvInArray": [
                23.5,
                23.5,
                24.0,
                24.0,
                23.5,
                23.0,
                24.0,
                24.0,
                23.5,
                23.5,
                23.5,
                23.0,
                23.0,
                23.0,
                23.0,
                23.0,
                23.0,
                23.0,
                23.0,
                23.0,
                22.5,
                22.5,
                22.5,
                22.5
            ],
            "remarks": null,
            "dailyMin": 22.50,
            "dailyMax": 24.00,
            "dailyAvg": 23.21,
            "dailySum": 557.00,
            "dailyCount": 24,
            "createdBy": null,
            "createdOn": null,
            "updatedBy": null,
            "updatedOn": null,
            "lastSyncDate": null
        },
        {
            "obsdatahrId": 236554,
            "stationId": 45,
            "datatypeId": 41,
            "frequency": 24,
            "datetime1": "2005-09-19T08:30:00",
            "valuesCsv": "24.5,24.5,25.5,25.5,25.5,26,25.5,25.5,25.5,25.5,24,24,23.5,23.5,23.5,23.5,23.5,23.5,23.5,23.5,23.5,23.5,23.5,23.5",
            "valuesCsvInArray": [
                24.5,
                24.5,
                25.5,
                25.5,
                25.5,
                26.0,
                25.5,
                25.5,
                25.5,
                25.5,
                24.0,
                24.0,
                23.5,
                23.5,
                23.5,
                23.5,
                23.5,
                23.5,
                23.5,
                23.5,
                23.5,
                23.5,
                23.5,
                23.5
            ],
            "remarks": null,
            "dailyMin": 23.50,
            "dailyMax": 26.00,
            "dailyAvg": 24.31,
            "dailySum": 583.50,
            "dailyCount": 24,
            "createdBy": null,
            "createdOn": null,
            "updatedBy": null,
            "updatedOn": null,
            "lastSyncDate": null
        },
        {
            "obsdatahrId": 236553,
            "stationId": 45,
            "datatypeId": 41,
            "frequency": 24,
            "datetime1": "2005-09-18T08:30:00",
            "valuesCsv": "24.5,25,26,26.5,26.5,25,23.5,23.5,23.5,23.5,23.5,23.5,23.5,23.5,23.5,23.5,23.5,23.5,23.5,23.5,23.5,23.5,23.5,24",
            "valuesCsvInArray": [
                24.5,
                25.0,
                26.0,
                26.5,
                26.5,
                25.0,
                23.5,
                23.5,
                23.5,
                23.5,
                23.5,
                23.5,
                23.5,
                23.5,
                23.5,
                23.5,
                23.5,
                23.5,
                23.5,
                23.5,
                23.5,
                23.5,
                23.5,
                24.0
            ],
            "remarks": null,
            "dailyMin": 23.50,
            "dailyMax": 26.50,
            "dailyAvg": 24.04,
            "dailySum": 577.00,
            "dailyCount": 24,
            "createdBy": null,
            "createdOn": null,
            "updatedBy": null,
            "updatedOn": null,
            "lastSyncDate": null
        },
        {
            "obsdatahrId": 236552,
            "stationId": 45,
            "datatypeId": 41,
            "frequency": 24,
            "datetime1": "2005-09-17T08:30:00",
            "valuesCsv": "25,25,24.5,25,25.5,25,24.5,24.5,24.5,24.5,23.5,23.5,23.5,23.5,23.5,23.5,23.5,23.5,23.5,23.5,23,23,23,24",
            "valuesCsvInArray": [
                25.0,
                25.0,
                24.5,
                25.0,
                25.5,
                25.0,
                24.5,
                24.5,
                24.5,
                24.5,
                23.5,
                23.5,
                23.5,
                23.5,
                23.5,
                23.5,
                23.5,
                23.5,
                23.5,
                23.5,
                23.0,
                23.0,
                23.0,
                24.0
            ],
            "remarks": null,
            "dailyMin": 23.00,
            "dailyMax": 25.50,
            "dailyAvg": 24.00,
            "dailySum": 576.00,
            "dailyCount": 24,
            "createdBy": null,
            "createdOn": null,
            "updatedBy": null,
            "updatedOn": null,
            "lastSyncDate": null
        },
        {
            "obsdatahrId": 236551,
            "stationId": 45,
            "datatypeId": 41,
            "frequency": 24,
            "datetime1": "2005-09-16T08:30:00",
            "valuesCsv": "24.5,25.5,24.5,26.5,25,25,25.5,25.5,25.5,25,24,24,23.5,23.5,23.5,23.5,23.5,23.5,23.5,23,23,23,23,24",
            "valuesCsvInArray": [
                24.5,
                25.5,
                24.5,
                26.5,
                25.0,
                25.0,
                25.5,
                25.5,
                25.5,
                25.0,
                24.0,
                24.0,
                23.5,
                23.5,
                23.5,
                23.5,
                23.5,
                23.5,
                23.5,
                23.0,
                23.0,
                23.0,
                23.0,
                24.0
            ],
            "remarks": null,
            "dailyMin": 23.00,
            "dailyMax": 26.50,
            "dailyAvg": 24.21,
            "dailySum": 581.00,
            "dailyCount": 24,
            "createdBy": null,
            "createdOn": null,
            "updatedBy": null,
            "updatedOn": null,
            "lastSyncDate": null
        },
        {
            "obsdatahrId": 236550,
            "stationId": 45,
            "datatypeId": 41,
            "frequency": 24,
            "datetime1": "2005-09-15T08:30:00",
            "valuesCsv": "24.5,24.5,25.5,24.5,25.5,26.5,26.5,24.5,23.5,23.5,23.5,23.5,23.5,23.5,23,23,23,23,23,23,23,23,23,23.5",
            "valuesCsvInArray": [
                24.5,
                24.5,
                25.5,
                24.5,
                25.5,
                26.5,
                26.5,
                24.5,
                23.5,
                23.5,
                23.5,
                23.5,
                23.5,
                23.5,
                23.0,
                23.0,
                23.0,
                23.0,
                23.0,
                23.0,
                23.0,
                23.0,
                23.0,
                23.5
            ],
            "remarks": null,
            "dailyMin": 23.00,
            "dailyMax": 26.50,
            "dailyAvg": 23.90,
            "dailySum": 573.50,
            "dailyCount": 24,
            "createdBy": null,
            "createdOn": null,
            "updatedBy": null,
            "updatedOn": null,
            "lastSyncDate": null
        },
        {
            "obsdatahrId": 236549,
            "stationId": 45,
            "datatypeId": 41,
            "frequency": 24,
            "datetime1": "2005-09-14T08:30:00",
            "valuesCsv": "24.5,26,27,27.5,27.5,27,26,26,25,24.5,24,24,24,24,23.5,23.5,23.5,23.5,23.5,23.5,23.5,23.5,23,23",
            "valuesCsvInArray": [
                24.5,
                26.0,
                27.0,
                27.5,
                27.5,
                27.0,
                26.0,
                26.0,
                25.0,
                24.5,
                24.0,
                24.0,
                24.0,
                24.0,
                23.5,
                23.5,
                23.5,
                23.5,
                23.5,
                23.5,
                23.5,
                23.5,
                23.0,
                23.0
            ],
            "remarks": null,
            "dailyMin": 23.00,
            "dailyMax": 27.50,
            "dailyAvg": 24.63,
            "dailySum": 591.00,
            "dailyCount": 24,
            "createdBy": null,
            "createdOn": null,
            "updatedBy": null,
            "updatedOn": null,
            "lastSyncDate": null
        },
        {
            "obsdatahrId": 236548,
            "stationId": 45,
            "datatypeId": 41,
            "frequency": 24,
            "datetime1": "2005-09-13T08:30:00",
            "valuesCsv": "24.5,25,25.5,25,25,25.5,24.5,24.5,24.5,24.5,24.5,24,24,24,24,24,23.5,23.5,23.5,23.5,23.5,23.5,23.5,23.5",
            "valuesCsvInArray": [
                24.5,
                25.0,
                25.5,
                25.0,
                25.0,
                25.5,
                24.5,
                24.5,
                24.5,
                24.5,
                24.5,
                24.0,
                24.0,
                24.0,
                24.0,
                24.0,
                23.5,
                23.5,
                23.5,
                23.5,
                23.5,
                23.5,
                23.5,
                23.5
            ],
            "remarks": null,
            "dailyMin": 23.50,
            "dailyMax": 25.50,
            "dailyAvg": 24.21,
            "dailySum": 581.00,
            "dailyCount": 24,
            "createdBy": null,
            "createdOn": null,
            "updatedBy": null,
            "updatedOn": null,
            "lastSyncDate": null
        },
        {
            "obsdatahrId": 236547,
            "stationId": 45,
            "datatypeId": 41,
            "frequency": 24,
            "datetime1": "2005-09-12T08:30:00",
            "valuesCsv": "24.5,25,25.5,25.5,26,25.5,25,25,24.5,24,24,24,24,24,24,24,24,23.5,23.5,23.5,23.5,23.5,23.5,23.5",
            "valuesCsvInArray": [
                24.5,
                25.0,
                25.5,
                25.5,
                26.0,
                25.5,
                25.0,
                25.0,
                24.5,
                24.0,
                24.0,
                24.0,
                24.0,
                24.0,
                24.0,
                24.0,
                24.0,
                23.5,
                23.5,
                23.5,
                23.5,
                23.5,
                23.5,
                23.5
            ],
            "remarks": null,
            "dailyMin": 23.50,
            "dailyMax": 26.00,
            "dailyAvg": 24.29,
            "dailySum": 583.00,
            "dailyCount": 24,
            "createdBy": null,
            "createdOn": null,
            "updatedBy": null,
            "updatedOn": null,
            "lastSyncDate": null
        },
        {
            "obsdatahrId": 236546,
            "stationId": 45,
            "datatypeId": 41,
            "frequency": 24,
            "datetime1": "2005-09-11T08:30:00",
            "valuesCsv": "25,26,26.5,27,26,26,25,25,24.5,24.5,24.5,24.5,24.5,23.5,23.5,23.5,23.5,23.5,23.5,23,23,23,23,24",
            "valuesCsvInArray": [
                25.0,
                26.0,
                26.5,
                27.0,
                26.0,
                26.0,
                25.0,
                25.0,
                24.5,
                24.5,
                24.5,
                24.5,
                24.5,
                23.5,
                23.5,
                23.5,
                23.5,
                23.5,
                23.5,
                23.0,
                23.0,
                23.0,
                23.0,
                24.0
            ],
            "remarks": null,
            "dailyMin": 23.00,
            "dailyMax": 27.00,
            "dailyAvg": 24.42,
            "dailySum": 586.00,
            "dailyCount": 24,
            "createdBy": null,
            "createdOn": null,
            "updatedBy": null,
            "updatedOn": null,
            "lastSyncDate": null
        },
        {
            "obsdatahrId": 236545,
            "stationId": 45,
            "datatypeId": 41,
            "frequency": 24,
            "datetime1": "2005-09-10T08:30:00",
            "valuesCsv": "24.5,24.5,24.5,25,25.5,26,25,25,25,24.5,24.5,24,24,24,23.5,23.5,23.5,23.5,23.5,23.5,23.5,23.5,23.5,24",
            "valuesCsvInArray": [
                24.5,
                24.5,
                24.5,
                25.0,
                25.5,
                26.0,
                25.0,
                25.0,
                25.0,
                24.5,
                24.5,
                24.0,
                24.0,
                24.0,
                23.5,
                23.5,
                23.5,
                23.5,
                23.5,
                23.5,
                23.5,
                23.5,
                23.5,
                24.0
            ],
            "remarks": null,
            "dailyMin": 23.50,
            "dailyMax": 26.00,
            "dailyAvg": 24.23,
            "dailySum": 581.50,
            "dailyCount": 24,
            "createdBy": null,
            "createdOn": null,
            "updatedBy": null,
            "updatedOn": null,
            "lastSyncDate": null
        },
        {
            "obsdatahrId": 236544,
            "stationId": 45,
            "datatypeId": 41,
            "frequency": 24,
            "datetime1": "2005-09-09T08:30:00",
            "valuesCsv": "24.5,25.5,26,26,26,25.5,25.5,25.5,25.5,25.5,25,24.5,24.5,24,24,24,24,23.5,23.5,23.5,23.5,23.5,23.5,24",
            "valuesCsvInArray": [
                24.5,
                25.5,
                26.0,
                26.0,
                26.0,
                25.5,
                25.5,
                25.5,
                25.5,
                25.5,
                25.0,
                24.5,
                24.5,
                24.0,
                24.0,
                24.0,
                24.0,
                23.5,
                23.5,
                23.5,
                23.5,
                23.5,
                23.5,
                24.0
            ],
            "remarks": null,
            "dailyMin": 23.50,
            "dailyMax": 26.00,
            "dailyAvg": 24.60,
            "dailySum": 590.50,
            "dailyCount": 24,
            "createdBy": null,
            "createdOn": null,
            "updatedBy": null,
            "updatedOn": null,
            "lastSyncDate": null
        },
        {
            "obsdatahrId": 236543,
            "stationId": 45,
            "datatypeId": 41,
            "frequency": 24,
            "datetime1": "2005-09-08T08:30:00",
            "valuesCsv": "24.5,25,25.5,26,26.5,27,27,26,24,23,23,23.5,23.5,23.5,23.5,23.5,23.5,23.5,23.5,23.5,23.5,23.5,24,24",
            "valuesCsvInArray": [
                24.5,
                25.0,
                25.5,
                26.0,
                26.5,
                27.0,
                27.0,
                26.0,
                24.0,
                23.0,
                23.0,
                23.5,
                23.5,
                23.5,
                23.5,
                23.5,
                23.5,
                23.5,
                23.5,
                23.5,
                23.5,
                23.5,
                24.0,
                24.0
            ],
            "remarks": null,
            "dailyMin": 23.00,
            "dailyMax": 27.00,
            "dailyAvg": 24.33,
            "dailySum": 584.00,
            "dailyCount": 24,
            "createdBy": null,
            "createdOn": null,
            "updatedBy": null,
            "updatedOn": null,
            "lastSyncDate": null
        },
        {
            "obsdatahrId": 236541,
            "stationId": 45,
            "datatypeId": 41,
            "frequency": 24,
            "datetime1": "2005-09-07T08:30:00",
            "valuesCsv": "24,24,25,26,26.5,28,29,29,24.5,24.5,24.5,24.5,24.5,24.5,24.5,24.5,24.5,24.5,24.5,24.5,24.5,24.5,24.5,24.5",
            "valuesCsvInArray": [
                24.0,
                24.0,
                25.0,
                26.0,
                26.5,
                28.0,
                29.0,
                29.0,
                24.5,
                24.5,
                24.5,
                24.5,
                24.5,
                24.5,
                24.5,
                24.5,
                24.5,
                24.5,
                24.5,
                24.5,
                24.5,
                24.5,
                24.5,
                24.5
            ],
            "remarks": null,
            "dailyMin": 24.00,
            "dailyMax": 29.00,
            "dailyAvg": 25.15,
            "dailySum": 603.50,
            "dailyCount": 24,
            "createdBy": null,
            "createdOn": null,
            "updatedBy": null,
            "updatedOn": null,
            "lastSyncDate": null
        },
        {
            "obsdatahrId": 236540,
            "stationId": 45,
            "datatypeId": 41,
            "frequency": 24,
            "datetime1": "2005-09-06T08:30:00",
            "valuesCsv": "25,26,27,28,28,28,28,28,27.5,26,24.5,24.5,24.5,23.5,23.5,23.5,23.5,23.5,23.5,23.5,23.5,23.5,23.5,23.5",
            "valuesCsvInArray": [
                25.0,
                26.0,
                27.0,
                28.0,
                28.0,
                28.0,
                28.0,
                28.0,
                27.5,
                26.0,
                24.5,
                24.5,
                24.5,
                23.5,
                23.5,
                23.5,
                23.5,
                23.5,
                23.5,
                23.5,
                23.5,
                23.5,
                23.5,
                23.5
            ],
            "remarks": null,
            "dailyMin": 23.50,
            "dailyMax": 28.00,
            "dailyAvg": 25.15,
            "dailySum": 603.50,
            "dailyCount": 24,
            "createdBy": null,
            "createdOn": null,
            "updatedBy": null,
            "updatedOn": null,
            "lastSyncDate": null
        },
        {
            "obsdatahrId": 236539,
            "stationId": 45,
            "datatypeId": 41,
            "frequency": 24,
            "datetime1": "2005-09-05T08:30:00",
            "valuesCsv": "25,26.5,27,28,28,28,28,27,26.5,25.5,24.5,23.5,23,23,23,23,23,23,23.5,23.5,23.5,23.5,24,24",
            "valuesCsvInArray": [
                25.0,
                26.5,
                27.0,
                28.0,
                28.0,
                28.0,
                28.0,
                27.0,
                26.5,
                25.5,
                24.5,
                23.5,
                23.0,
                23.0,
                23.0,
                23.0,
                23.0,
                23.0,
                23.5,
                23.5,
                23.5,
                23.5,
                24.0,
                24.0
            ],
            "remarks": null,
            "dailyMin": 23.00,
            "dailyMax": 28.00,
            "dailyAvg": 24.90,
            "dailySum": 597.50,
            "dailyCount": 24,
            "createdBy": null,
            "createdOn": null,
            "updatedBy": null,
            "updatedOn": null,
            "lastSyncDate": null
        },
        {
            "obsdatahrId": 236538,
            "stationId": 45,
            "datatypeId": 41,
            "frequency": 24,
            "datetime1": "2005-09-04T08:30:00",
            "valuesCsv": "25,25,26.5,27,27,27.5,29.5,29.5,24.5,24.5,24,24,24,24,24,24,24,24,24,23,23,23,24,24",
            "valuesCsvInArray": [
                25.0,
                25.0,
                26.5,
                27.0,
                27.0,
                27.5,
                29.5,
                29.5,
                24.5,
                24.5,
                24.0,
                24.0,
                24.0,
                24.0,
                24.0,
                24.0,
                24.0,
                24.0,
                24.0,
                23.0,
                23.0,
                23.0,
                24.0,
                24.0
            ],
            "remarks": null,
            "dailyMin": 23.00,
            "dailyMax": 29.50,
            "dailyAvg": 24.96,
            "dailySum": 599.00,
            "dailyCount": 24,
            "createdBy": null,
            "createdOn": null,
            "updatedBy": null,
            "updatedOn": null,
            "lastSyncDate": null
        },
        {
            "obsdatahrId": 236537,
            "stationId": 45,
            "datatypeId": 41,
            "frequency": 24,
            "datetime1": "2005-09-03T08:30:00",
            "valuesCsv": "23.5,25,26,26.5,28,26.5,27.5,28,27.5,27,26.5,25,24.5,25,24,24,24,24,24,24,23.5,23.5,23.5,23.5",
            "valuesCsvInArray": [
                23.5,
                25.0,
                26.0,
                26.5,
                28.0,
                26.5,
                27.5,
                28.0,
                27.5,
                27.0,
                26.5,
                25.0,
                24.5,
                25.0,
                24.0,
                24.0,
                24.0,
                24.0,
                24.0,
                24.0,
                23.5,
                23.5,
                23.5,
                23.5
            ],
            "remarks": null,
            "dailyMin": 23.50,
            "dailyMax": 28.00,
            "dailyAvg": 25.19,
            "dailySum": 604.50,
            "dailyCount": 24,
            "createdBy": null,
            "createdOn": null,
            "updatedBy": null,
            "updatedOn": null,
            "lastSyncDate": null
        },
        {
            "obsdatahrId": 236536,
            "stationId": 45,
            "datatypeId": 41,
            "frequency": 24,
            "datetime1": "2005-09-02T08:30:00",
            "valuesCsv": "23.5,24,24.5,25.5,26,26.5,27,27,27,27,26,25,24,24,24,24,24,24,24,24,23.5,23.5,23.5,23.5",
            "valuesCsvInArray": [
                23.5,
                24.0,
                24.5,
                25.5,
                26.0,
                26.5,
                27.0,
                27.0,
                27.0,
                27.0,
                26.0,
                25.0,
                24.0,
                24.0,
                24.0,
                24.0,
                24.0,
                24.0,
                24.0,
                24.0,
                23.5,
                23.5,
                23.5,
                23.5
            ],
            "remarks": null,
            "dailyMin": 23.50,
            "dailyMax": 27.00,
            "dailyAvg": 24.79,
            "dailySum": 595.00,
            "dailyCount": 24,
            "createdBy": null,
            "createdOn": null,
            "updatedBy": null,
            "updatedOn": null,
            "lastSyncDate": null
        },
        {
            "obsdatahrId": 236535,
            "stationId": 45,
            "datatypeId": 41,
            "frequency": 24,
            "datetime1": "2005-09-01T08:30:00",
            "valuesCsv": "24.5,26.5,28,28.5,29.5,29.5,30,30,27.5,25,25,25,25,25,25,25,25,23.5,23,23,23,23,23,23",
            "valuesCsvInArray": [
                24.5,
                26.5,
                28.0,
                28.5,
                29.5,
                29.5,
                30.0,
                30.0,
                27.5,
                25.0,
                25.0,
                25.0,
                25.0,
                25.0,
                25.0,
                25.0,
                25.0,
                23.5,
                23.0,
                23.0,
                23.0,
                23.0,
                23.0,
                23.0
            ],
            "remarks": null,
            "dailyMin": 23.00,
            "dailyMax": 30.00,
            "dailyAvg": 25.65,
            "dailySum": 615.50,
            "dailyCount": 24,
            "createdBy": null,
            "createdOn": null,
            "updatedBy": null,
            "updatedOn": null,
            "lastSyncDate": null
        },
        {
            "obsdatahrId": 236534,
            "stationId": 45,
            "datatypeId": 41,
            "frequency": 24,
            "datetime1": "2005-08-31T08:30:00",
            "valuesCsv": "25.5,26.5,27,27,26.5,25,23.5,23,23.5,24,24,24,24,24,24,24,24,24,24,24,23.5,23.5,23.5,24",
            "valuesCsvInArray": [
                25.5,
                26.5,
                27.0,
                27.0,
                26.5,
                25.0,
                23.5,
                23.0,
                23.5,
                24.0,
                24.0,
                24.0,
                24.0,
                24.0,
                24.0,
                24.0,
                24.0,
                24.0,
                24.0,
                24.0,
                23.5,
                23.5,
                23.5,
                24.0
            ],
            "remarks": null,
            "dailyMin": 23.00,
            "dailyMax": 27.00,
            "dailyAvg": 24.42,
            "dailySum": 586.00,
            "dailyCount": 24,
            "createdBy": null,
            "createdOn": null,
            "updatedBy": null,
            "updatedOn": null,
            "lastSyncDate": null
        },
        {
            "obsdatahrId": 236533,
            "stationId": 45,
            "datatypeId": 41,
            "frequency": 24,
            "datetime1": "2005-08-30T08:30:00",
            "valuesCsv": "24.5,25,27,28,29,29.5,29.5,30,29.5,28.5,27.5,26.5,26,25.5,25.5,25.5,24.5,24.5,24.5,24.5,23,24,24,24",
            "valuesCsvInArray": [
                24.5,
                25.0,
                27.0,
                28.0,
                29.0,
                29.5,
                29.5,
                30.0,
                29.5,
                28.5,
                27.5,
                26.5,
                26.0,
                25.5,
                25.5,
                25.5,
                24.5,
                24.5,
                24.5,
                24.5,
                23.0,
                24.0,
                24.0,
                24.0
            ],
            "remarks": null,
            "dailyMin": 23.00,
            "dailyMax": 30.00,
            "dailyAvg": 26.25,
            "dailySum": 630.00,
            "dailyCount": 24,
            "createdBy": null,
            "createdOn": null,
            "updatedBy": null,
            "updatedOn": null,
            "lastSyncDate": null
        },
        {
            "obsdatahrId": 236532,
            "stationId": 45,
            "datatypeId": 41,
            "frequency": 24,
            "datetime1": "2005-08-29T08:30:00",
            "valuesCsv": "25,26,27.5,28,28.5,29.5,29.5,30,29,28,26.5,26,28.5,25.8,24.5,24.5,24.5,24,24,24,24,24,24,24",
            "valuesCsvInArray": [
                25.0,
                26.0,
                27.5,
                28.0,
                28.5,
                29.5,
                29.5,
                30.0,
                29.0,
                28.0,
                26.5,
                26.0,
                28.5,
                25.8,
                24.5,
                24.5,
                24.5,
                24.0,
                24.0,
                24.0,
                24.0,
                24.0,
                24.0,
                24.0
            ],
            "remarks": null,
            "dailyMin": 24.00,
            "dailyMax": 30.00,
            "dailyAvg": 26.22,
            "dailySum": 629.30,
            "dailyCount": 24,
            "createdBy": null,
            "createdOn": null,
            "updatedBy": null,
            "updatedOn": null,
            "lastSyncDate": null
        },
        {
            "obsdatahrId": 236531,
            "stationId": 45,
            "datatypeId": 41,
            "frequency": 24,
            "datetime1": "2005-08-28T08:30:00",
            "valuesCsv": "23.5,24.5,25.5,26.5,27.5,28,28.5,29.5,27,26,26,25.5,25,24.5,24.5,24,24,24,23.5,23.5,23.5,23.5,23.5,24",
            "valuesCsvInArray": [
                23.5,
                24.5,
                25.5,
                26.5,
                27.5,
                28.0,
                28.5,
                29.5,
                27.0,
                26.0,
                26.0,
                25.5,
                25.0,
                24.5,
                24.5,
                24.0,
                24.0,
                24.0,
                23.5,
                23.5,
                23.5,
                23.5,
                23.5,
                24.0
            ],
            "remarks": null,
            "dailyMin": 23.50,
            "dailyMax": 29.50,
            "dailyAvg": 25.23,
            "dailySum": 605.50,
            "dailyCount": 24,
            "createdBy": null,
            "createdOn": null,
            "updatedBy": null,
            "updatedOn": null,
            "lastSyncDate": null
        },
        {
            "obsdatahrId": 236528,
            "stationId": 45,
            "datatypeId": 41,
            "frequency": 24,
            "datetime1": "2005-08-27T08:30:00",
            "valuesCsv": "23.5,24.5,25.5,26.5,27.5,28.5,29,29.5,28.5,27.5,26,26,24.5,24.5,24.5,24.5,23.5,23.5,23.5,23.5,23,23,22.5,23",
            "valuesCsvInArray": [
                23.5,
                24.5,
                25.5,
                26.5,
                27.5,
                28.5,
                29.0,
                29.5,
                28.5,
                27.5,
                26.0,
                26.0,
                24.5,
                24.5,
                24.5,
                24.5,
                23.5,
                23.5,
                23.5,
                23.5,
                23.0,
                23.0,
                22.5,
                23.0
            ],
            "remarks": null,
            "dailyMin": 22.50,
            "dailyMax": 29.50,
            "dailyAvg": 25.25,
            "dailySum": 606.00,
            "dailyCount": 24,
            "createdBy": null,
            "createdOn": null,
            "updatedBy": null,
            "updatedOn": null,
            "lastSyncDate": null
        },
        {
            "obsdatahrId": 236527,
            "stationId": 45,
            "datatypeId": 41,
            "frequency": 24,
            "datetime1": "2005-08-26T08:30:00",
            "valuesCsv": "24.5,25.5,26,27,27.5,28,28.5,28,27.5,26,25.5,24.5,24.5,24,23.5,23.5,23.5,23,23,23,22.5,22.5,23,23",
            "valuesCsvInArray": [
                24.5,
                25.5,
                26.0,
                27.0,
                27.5,
                28.0,
                28.5,
                28.0,
                27.5,
                26.0,
                25.5,
                24.5,
                24.5,
                24.0,
                23.5,
                23.5,
                23.5,
                23.0,
                23.0,
                23.0,
                22.5,
                22.5,
                23.0,
                23.0
            ],
            "remarks": null,
            "dailyMin": 22.50,
            "dailyMax": 28.50,
            "dailyAvg": 24.90,
            "dailySum": 597.50,
            "dailyCount": 24,
            "createdBy": null,
            "createdOn": null,
            "updatedBy": null,
            "updatedOn": null,
            "lastSyncDate": null
        },
        {
            "obsdatahrId": 236526,
            "stationId": 45,
            "datatypeId": 41,
            "frequency": 24,
            "datetime1": "2005-08-25T08:30:00",
            "valuesCsv": "24.5,25.5,26.5,26.5,26.5,26,23.5,23.5,24,24,24,24,24,23.5,23.5,23.5,23.5,23.5,23,23,23,23,23,22.5",
            "valuesCsvInArray": [
                24.5,
                25.5,
                26.5,
                26.5,
                26.5,
                26.0,
                23.5,
                23.5,
                24.0,
                24.0,
                24.0,
                24.0,
                24.0,
                23.5,
                23.5,
                23.5,
                23.5,
                23.5,
                23.0,
                23.0,
                23.0,
                23.0,
                23.0,
                22.5
            ],
            "remarks": null,
            "dailyMin": 22.50,
            "dailyMax": 26.50,
            "dailyAvg": 24.06,
            "dailySum": 577.50,
            "dailyCount": 24,
            "createdBy": null,
            "createdOn": null,
            "updatedBy": null,
            "updatedOn": null,
            "lastSyncDate": null
        },
        {
            "obsdatahrId": 236525,
            "stationId": 45,
            "datatypeId": 41,
            "frequency": 24,
            "datetime1": "2005-08-24T08:30:00",
            "valuesCsv": "24,25,26,27,27.5,26.5,27.5,27.5,27,26.5,25.5,25,24.5,24,23.5,23.5,23.5,23.5,23,23,23,23,23,24",
            "valuesCsvInArray": [
                24.0,
                25.0,
                26.0,
                27.0,
                27.5,
                26.5,
                27.5,
                27.5,
                27.0,
                26.5,
                25.5,
                25.0,
                24.5,
                24.0,
                23.5,
                23.5,
                23.5,
                23.5,
                23.0,
                23.0,
                23.0,
                23.0,
                23.0,
                24.0
            ],
            "remarks": null,
            "dailyMin": 23.00,
            "dailyMax": 27.50,
            "dailyAvg": 24.85,
            "dailySum": 596.50,
            "dailyCount": 24,
            "createdBy": null,
            "createdOn": null,
            "updatedBy": null,
            "updatedOn": null,
            "lastSyncDate": null
        },
        {
            "obsdatahrId": 236524,
            "stationId": 45,
            "datatypeId": 41,
            "frequency": 24,
            "datetime1": "2005-08-23T08:30:00",
            "valuesCsv": "23.5,25,26,26.5,27,27.5,28,27.5,27,26.5,25.5,24.5,24,23.5,23.5,23.5,23.5,23.5,23,23,23,22.5,22.5,22.5",
            "valuesCsvInArray": [
                23.5,
                25.0,
                26.0,
                26.5,
                27.0,
                27.5,
                28.0,
                27.5,
                27.0,
                26.5,
                25.5,
                24.5,
                24.0,
                23.5,
                23.5,
                23.5,
                23.5,
                23.5,
                23.0,
                23.0,
                23.0,
                22.5,
                22.5,
                22.5
            ],
            "remarks": null,
            "dailyMin": 22.50,
            "dailyMax": 28.00,
            "dailyAvg": 24.69,
            "dailySum": 592.50,
            "dailyCount": 24,
            "createdBy": null,
            "createdOn": null,
            "updatedBy": null,
            "updatedOn": null,
            "lastSyncDate": null
        },
        {
            "obsdatahrId": 236523,
            "stationId": 45,
            "datatypeId": 41,
            "frequency": 24,
            "datetime1": "2005-08-22T08:30:00",
            "valuesCsv": "23,24,23.5,25,26,26,26,26,26,25.5,24.5,24,23.5,23.5,23.5,23.5,23,22.5,22.5,22.5,22.5,22,22.5,22.5",
            "valuesCsvInArray": [
                23.0,
                24.0,
                23.5,
                25.0,
                26.0,
                26.0,
                26.0,
                26.0,
                26.0,
                25.5,
                24.5,
                24.0,
                23.5,
                23.5,
                23.5,
                23.5,
                23.0,
                22.5,
                22.5,
                22.5,
                22.5,
                22.0,
                22.5,
                22.5
            ],
            "remarks": null,
            "dailyMin": 22.00,
            "dailyMax": 26.00,
            "dailyAvg": 23.90,
            "dailySum": 573.50,
            "dailyCount": 24,
            "createdBy": null,
            "createdOn": null,
            "updatedBy": null,
            "updatedOn": null,
            "lastSyncDate": null
        },
        {
            "obsdatahrId": 236522,
            "stationId": 45,
            "datatypeId": 41,
            "frequency": 24,
            "datetime1": "2005-08-21T08:30:00",
            "valuesCsv": "23.5,24,24.5,25.5,26,26,26,25.5,25.5,24.5,24,23.5,23.5,23,23,23,23,22.5,22.5,22.5,22.5,22.5,22.5,22.5",
            "valuesCsvInArray": [
                23.5,
                24.0,
                24.5,
                25.5,
                26.0,
                26.0,
                26.0,
                25.5,
                25.5,
                24.5,
                24.0,
                23.5,
                23.5,
                23.0,
                23.0,
                23.0,
                23.0,
                22.5,
                22.5,
                22.5,
                22.5,
                22.5,
                22.5,
                22.5
            ],
            "remarks": null,
            "dailyMin": 22.50,
            "dailyMax": 26.00,
            "dailyAvg": 23.81,
            "dailySum": 571.50,
            "dailyCount": 24,
            "createdBy": null,
            "createdOn": null,
            "updatedBy": null,
            "updatedOn": null,
            "lastSyncDate": null
        },
        {
            "obsdatahrId": 236521,
            "stationId": 45,
            "datatypeId": 41,
            "frequency": 24,
            "datetime1": "2005-08-20T08:30:00",
            "valuesCsv": "24,24.5,24.5,25.5,25.5,26,24.5,25,24.5,24,23,23.5,23.5,23.5,23.5,23.5,22.5,22.5,22.5,22.5,22.5,22.5,22.5,22.5",
            "valuesCsvInArray": [
                24.0,
                24.5,
                24.5,
                25.5,
                25.5,
                26.0,
                24.5,
                25.0,
                24.5,
                24.0,
                23.0,
                23.5,
                23.5,
                23.5,
                23.5,
                23.5,
                22.5,
                22.5,
                22.5,
                22.5,
                22.5,
                22.5,
                22.5,
                22.5
            ],
            "remarks": null,
            "dailyMin": 22.50,
            "dailyMax": 26.00,
            "dailyAvg": 23.69,
            "dailySum": 568.50,
            "dailyCount": 24,
            "createdBy": null,
            "createdOn": null,
            "updatedBy": null,
            "updatedOn": null,
            "lastSyncDate": null
        },
        {
            "obsdatahrId": 236520,
            "stationId": 45,
            "datatypeId": 41,
            "frequency": 24,
            "datetime1": "2005-08-19T08:30:00",
            "valuesCsv": "23.5,24.5,24.5,25,25.5,23.5,23.5,23.5,23.5,23.5,23.5,23.5,23.5,23.5,23.5,23,23,23,23,23,23,22.5,22.5,22.5",
            "valuesCsvInArray": [
                23.5,
                24.5,
                24.5,
                25.0,
                25.5,
                23.5,
                23.5,
                23.5,
                23.5,
                23.5,
                23.5,
                23.5,
                23.5,
                23.5,
                23.5,
                23.0,
                23.0,
                23.0,
                23.0,
                23.0,
                23.0,
                22.5,
                22.5,
                22.5
            ],
            "remarks": null,
            "dailyMin": 22.50,
            "dailyMax": 25.50,
            "dailyAvg": 23.48,
            "dailySum": 563.50,
            "dailyCount": 24,
            "createdBy": null,
            "createdOn": null,
            "updatedBy": null,
            "updatedOn": null,
            "lastSyncDate": null
        },
        {
            "obsdatahrId": 236519,
            "stationId": 45,
            "datatypeId": 41,
            "frequency": 24,
            "datetime1": "2005-08-18T08:30:00",
            "valuesCsv": "23.5,24.5,24.5,25,25.5,23.5,23.5,23.5,23.5,23.5,23.5,23.5,23.5,23.5,23.5,23.5,23,23,23,23,23,22.5,22.5,22.5",
            "valuesCsvInArray": [
                23.5,
                24.5,
                24.5,
                25.0,
                25.5,
                23.5,
                23.5,
                23.5,
                23.5,
                23.5,
                23.5,
                23.5,
                23.5,
                23.5,
                23.5,
                23.5,
                23.0,
                23.0,
                23.0,
                23.0,
                23.0,
                22.5,
                22.5,
                22.5
            ],
            "remarks": null,
            "dailyMin": 22.50,
            "dailyMax": 25.50,
            "dailyAvg": 23.50,
            "dailySum": 564.00,
            "dailyCount": 24,
            "createdBy": null,
            "createdOn": null,
            "updatedBy": null,
            "updatedOn": null,
            "lastSyncDate": null
        },
        {
            "obsdatahrId": 236518,
            "stationId": 45,
            "datatypeId": 41,
            "frequency": 24,
            "datetime1": "2005-08-17T08:30:00",
            "valuesCsv": "23.5,24.5,24.5,24.5,25.5,25,25,25,24,23.5,23.5,23.5,23.5,23.5,23.5,23,23,23,23,23,23,23,23,23",
            "valuesCsvInArray": [
                23.5,
                24.5,
                24.5,
                24.5,
                25.5,
                25.0,
                25.0,
                25.0,
                24.0,
                23.5,
                23.5,
                23.5,
                23.5,
                23.5,
                23.5,
                23.0,
                23.0,
                23.0,
                23.0,
                23.0,
                23.0,
                23.0,
                23.0,
                23.0
            ],
            "remarks": null,
            "dailyMin": 23.00,
            "dailyMax": 25.50,
            "dailyAvg": 23.73,
            "dailySum": 569.50,
            "dailyCount": 24,
            "createdBy": null,
            "createdOn": null,
            "updatedBy": null,
            "updatedOn": null,
            "lastSyncDate": null
        },
        {
            "obsdatahrId": 236517,
            "stationId": 45,
            "datatypeId": 41,
            "frequency": 24,
            "datetime1": "2005-08-16T08:30:00",
            "valuesCsv": "23,23,23.5,23.5,24,24,24,24,23.5,23.5,23.5,23.5,23,23,23,23,23,23,23,23,23,23,23,23",
            "valuesCsvInArray": [
                23.0,
                23.0,
                23.5,
                23.5,
                24.0,
                24.0,
                24.0,
                24.0,
                23.5,
                23.5,
                23.5,
                23.5,
                23.0,
                23.0,
                23.0,
                23.0,
                23.0,
                23.0,
                23.0,
                23.0,
                23.0,
                23.0,
                23.0,
                23.0
            ],
            "remarks": null,
            "dailyMin": 23.00,
            "dailyMax": 24.00,
            "dailyAvg": 23.29,
            "dailySum": 559.00,
            "dailyCount": 24,
            "createdBy": null,
            "createdOn": null,
            "updatedBy": null,
            "updatedOn": null,
            "lastSyncDate": null
        },
        {
            "obsdatahrId": 236516,
            "stationId": 45,
            "datatypeId": 41,
            "frequency": 24,
            "datetime1": "2005-08-15T08:30:00",
            "valuesCsv": "23.5,23.5,24.5,25,24.5,24.5,25,25,24,24,24,23.5,23.5,23.5,23.5,23.5,23.5,23,23,23,23,23,23,23",
            "valuesCsvInArray": [
                23.5,
                23.5,
                24.5,
                25.0,
                24.5,
                24.5,
                25.0,
                25.0,
                24.0,
                24.0,
                24.0,
                23.5,
                23.5,
                23.5,
                23.5,
                23.5,
                23.5,
                23.0,
                23.0,
                23.0,
                23.0,
                23.0,
                23.0,
                23.0
            ],
            "remarks": null,
            "dailyMin": 23.00,
            "dailyMax": 25.00,
            "dailyAvg": 23.73,
            "dailySum": 569.50,
            "dailyCount": 24,
            "createdBy": null,
            "createdOn": null,
            "updatedBy": null,
            "updatedOn": null,
            "lastSyncDate": null
        },
        {
            "obsdatahrId": 236515,
            "stationId": 45,
            "datatypeId": 41,
            "frequency": 24,
            "datetime1": "2005-08-14T08:30:00",
            "valuesCsv": "23.5,24,24.5,24.5,25.5,25.5,25,24,24,24,23.5,23.5,23.5,23.5,23.5,23.5,23.5,23.5,23.5,23.5,23.5,23.5,23,23",
            "valuesCsvInArray": [
                23.5,
                24.0,
                24.5,
                24.5,
                25.5,
                25.5,
                25.0,
                24.0,
                24.0,
                24.0,
                23.5,
                23.5,
                23.5,
                23.5,
                23.5,
                23.5,
                23.5,
                23.5,
                23.5,
                23.5,
                23.5,
                23.5,
                23.0,
                23.0
            ],
            "remarks": null,
            "dailyMin": 23.00,
            "dailyMax": 25.50,
            "dailyAvg": 23.85,
            "dailySum": 572.50,
            "dailyCount": 24,
            "createdBy": null,
            "createdOn": null,
            "updatedBy": null,
            "updatedOn": null,
            "lastSyncDate": null
        },
        {
            "obsdatahrId": 236514,
            "stationId": 45,
            "datatypeId": 41,
            "frequency": 24,
            "datetime1": "2005-08-13T08:30:00",
            "valuesCsv": "23,23,24,24.5,25,25,24,24,24,24,24,23.5,23.5,23.5,23.5,23.5,23.5,23,23,23,23,23,23,23",
            "valuesCsvInArray": [
                23.0,
                23.0,
                24.0,
                24.5,
                25.0,
                25.0,
                24.0,
                24.0,
                24.0,
                24.0,
                24.0,
                23.5,
                23.5,
                23.5,
                23.5,
                23.5,
                23.5,
                23.0,
                23.0,
                23.0,
                23.0,
                23.0,
                23.0,
                23.0
            ],
            "remarks": null,
            "dailyMin": 23.00,
            "dailyMax": 25.00,
            "dailyAvg": 23.60,
            "dailySum": 566.50,
            "dailyCount": 24,
            "createdBy": null,
            "createdOn": null,
            "updatedBy": null,
            "updatedOn": null,
            "lastSyncDate": null
        },
        {
            "obsdatahrId": 236512,
            "stationId": 45,
            "datatypeId": 41,
            "frequency": 24,
            "datetime1": "2005-08-12T08:30:00",
            "valuesCsv": "24,23.5,23.5,25.5,26,26,26,26,25.5,25.5,24.5,24.5,24.5,24.5,23.5,23.5,23.5,23,23,23,22.5,22.5,22.5,22.5",
            "valuesCsvInArray": [
                24.0,
                23.5,
                23.5,
                25.5,
                26.0,
                26.0,
                26.0,
                26.0,
                25.5,
                25.5,
                24.5,
                24.5,
                24.5,
                24.5,
                23.5,
                23.5,
                23.5,
                23.0,
                23.0,
                23.0,
                22.5,
                22.5,
                22.5,
                22.5
            ],
            "remarks": null,
            "dailyMin": 22.50,
            "dailyMax": 26.00,
            "dailyAvg": 24.13,
            "dailySum": 579.00,
            "dailyCount": 24,
            "createdBy": null,
            "createdOn": null,
            "updatedBy": null,
            "updatedOn": null,
            "lastSyncDate": null
        },
        {
            "obsdatahrId": 236511,
            "stationId": 45,
            "datatypeId": 41,
            "frequency": 24,
            "datetime1": "2005-08-11T08:30:00",
            "valuesCsv": "23.5,24.5,24,24.5,24.5,24.5,25.5,25.5,25.5,24.5,24.5,24.5,24.5,24,23.5,23.5,23.5,23.5,23.5,23.5,22.5,22.5,22.5,22.5",
            "valuesCsvInArray": [
                23.5,
                24.5,
                24.0,
                24.5,
                24.5,
                24.5,
                25.5,
                25.5,
                25.5,
                24.5,
                24.5,
                24.5,
                24.5,
                24.0,
                23.5,
                23.5,
                23.5,
                23.5,
                23.5,
                23.5,
                22.5,
                22.5,
                22.5,
                22.5
            ],
            "remarks": null,
            "dailyMin": 22.50,
            "dailyMax": 25.50,
            "dailyAvg": 23.96,
            "dailySum": 575.00,
            "dailyCount": 24,
            "createdBy": null,
            "createdOn": null,
            "updatedBy": null,
            "updatedOn": null,
            "lastSyncDate": null
        },
        {
            "obsdatahrId": 236510,
            "stationId": 45,
            "datatypeId": 41,
            "frequency": 24,
            "datetime1": "2005-08-10T08:30:00",
            "valuesCsv": "23.5,24,24.5,25.5,25.5,25.5,25.5,25,24,24,23.5,23.5,23.5,23.5,23.5,23.5,23,23,23,23,23,23,23,23",
            "valuesCsvInArray": [
                23.5,
                24.0,
                24.5,
                25.5,
                25.5,
                25.5,
                25.5,
                25.0,
                24.0,
                24.0,
                23.5,
                23.5,
                23.5,
                23.5,
                23.5,
                23.5,
                23.0,
                23.0,
                23.0,
                23.0,
                23.0,
                23.0,
                23.0,
                23.0
            ],
            "remarks": null,
            "dailyMin": 23.00,
            "dailyMax": 25.50,
            "dailyAvg": 23.83,
            "dailySum": 572.00,
            "dailyCount": 24,
            "createdBy": null,
            "createdOn": null,
            "updatedBy": null,
            "updatedOn": null,
            "lastSyncDate": null
        },
        {
            "obsdatahrId": 236509,
            "stationId": 45,
            "datatypeId": 41,
            "frequency": 24,
            "datetime1": "2005-08-09T08:30:00",
            "valuesCsv": "24,23.5,25,25.5,25.5,25.5,26,24.5,24.5,24.5,24.5,24,23.5,23.5,23.5,23.5,23,23,23,23,23,22.5,22.5,22.5",
            "valuesCsvInArray": [
                24.0,
                23.5,
                25.0,
                25.5,
                25.5,
                25.5,
                26.0,
                24.5,
                24.5,
                24.5,
                24.5,
                24.0,
                23.5,
                23.5,
                23.5,
                23.5,
                23.0,
                23.0,
                23.0,
                23.0,
                23.0,
                22.5,
                22.5,
                22.5
            ],
            "remarks": null,
            "dailyMin": 22.50,
            "dailyMax": 26.00,
            "dailyAvg": 23.90,
            "dailySum": 573.50,
            "dailyCount": 24,
            "createdBy": null,
            "createdOn": null,
            "updatedBy": null,
            "updatedOn": null,
            "lastSyncDate": null
        },
        {
            "obsdatahrId": 236508,
            "stationId": 45,
            "datatypeId": 41,
            "frequency": 24,
            "datetime1": "2005-08-08T08:30:00",
            "valuesCsv": "23,23,23,23,23,23,23,22.5,22.5,22.5,22.5,22.5,22.5,22.5,22.5,22.5,22.5,22.5,22.5,22.5,22.5,22.5,22.5,23",
            "valuesCsvInArray": [
                23.0,
                23.0,
                23.0,
                23.0,
                23.0,
                23.0,
                23.0,
                22.5,
                22.5,
                22.5,
                22.5,
                22.5,
                22.5,
                22.5,
                22.5,
                22.5,
                22.5,
                22.5,
                22.5,
                22.5,
                22.5,
                22.5,
                22.5,
                23.0
            ],
            "remarks": null,
            "dailyMin": 22.50,
            "dailyMax": 23.00,
            "dailyAvg": 22.67,
            "dailySum": 544.00,
            "dailyCount": 24,
            "createdBy": null,
            "createdOn": null,
            "updatedBy": null,
            "updatedOn": null,
            "lastSyncDate": null
        },
        {
            "obsdatahrId": 236507,
            "stationId": 45,
            "datatypeId": 41,
            "frequency": 24,
            "datetime1": "2005-08-07T08:30:00",
            "valuesCsv": "23.5,23.5,25,24.5,24,24.5,24.5,24.5,24,23.5,23.5,23.5,23.5,23,23,23,23,22.5,22.5,22.5,22.5,22.5,22.5,22.5",
            "valuesCsvInArray": [
                23.5,
                23.5,
                25.0,
                24.5,
                24.0,
                24.5,
                24.5,
                24.5,
                24.0,
                23.5,
                23.5,
                23.5,
                23.5,
                23.0,
                23.0,
                23.0,
                23.0,
                22.5,
                22.5,
                22.5,
                22.5,
                22.5,
                22.5,
                22.5
            ],
            "remarks": null,
            "dailyMin": 22.50,
            "dailyMax": 25.00,
            "dailyAvg": 23.40,
            "dailySum": 561.50,
            "dailyCount": 24,
            "createdBy": null,
            "createdOn": null,
            "updatedBy": null,
            "updatedOn": null,
            "lastSyncDate": null
        },
        {
            "obsdatahrId": 236506,
            "stationId": 45,
            "datatypeId": 41,
            "frequency": 24,
            "datetime1": "2005-08-06T08:30:00",
            "valuesCsv": "23.5,23.5,24,24,24.5,23.5,23.5,23.5,23.5,23.5,23.5,23.5,23.5,23,23,23,22.5,22.5,22.5,22.5,22.5,22.5,22.5,22.5",
            "valuesCsvInArray": [
                23.5,
                23.5,
                24.0,
                24.0,
                24.5,
                23.5,
                23.5,
                23.5,
                23.5,
                23.5,
                23.5,
                23.5,
                23.5,
                23.0,
                23.0,
                23.0,
                22.5,
                22.5,
                22.5,
                22.5,
                22.5,
                22.5,
                22.5,
                22.5
            ],
            "remarks": null,
            "dailyMin": 22.50,
            "dailyMax": 24.50,
            "dailyAvg": 23.19,
            "dailySum": 556.50,
            "dailyCount": 24,
            "createdBy": null,
            "createdOn": null,
            "updatedBy": null,
            "updatedOn": null,
            "lastSyncDate": null
        },
        {
            "obsdatahrId": 236505,
            "stationId": 45,
            "datatypeId": 41,
            "frequency": 24,
            "datetime1": "2005-08-05T08:30:00",
            "valuesCsv": "23.5,24.5,24.5,24.5,23.5,23.5,23.5,23.5,23.5,23.5,23.5,23.5,23.5,23,23,23,23,23,23,22,22.5,22.5,22.5,23",
            "valuesCsvInArray": [
                23.5,
                24.5,
                24.5,
                24.5,
                23.5,
                23.5,
                23.5,
                23.5,
                23.5,
                23.5,
                23.5,
                23.5,
                23.5,
                23.0,
                23.0,
                23.0,
                23.0,
                23.0,
                23.0,
                22.0,
                22.5,
                22.5,
                22.5,
                23.0
            ],
            "remarks": null,
            "dailyMin": 22.00,
            "dailyMax": 24.50,
            "dailyAvg": 23.29,
            "dailySum": 559.00,
            "dailyCount": 24,
            "createdBy": null,
            "createdOn": null,
            "updatedBy": null,
            "updatedOn": null,
            "lastSyncDate": null
        },
        {
            "obsdatahrId": 236504,
            "stationId": 45,
            "datatypeId": 41,
            "frequency": 24,
            "datetime1": "2005-08-04T08:30:00",
            "valuesCsv": "24,24.5,25,25,25,25,25,24.5,24,23.5,23.5,23.5,23,23,23,23,22.5,22.5,22.5,22.5,22.5,22.5,23,23",
            "valuesCsvInArray": [
                24.0,
                24.5,
                25.0,
                25.0,
                25.0,
                25.0,
                25.0,
                24.5,
                24.0,
                23.5,
                23.5,
                23.5,
                23.0,
                23.0,
                23.0,
                23.0,
                22.5,
                22.5,
                22.5,
                22.5,
                22.5,
                22.5,
                23.0,
                23.0
            ],
            "remarks": null,
            "dailyMin": 22.50,
            "dailyMax": 25.00,
            "dailyAvg": 23.56,
            "dailySum": 565.50,
            "dailyCount": 24,
            "createdBy": null,
            "createdOn": null,
            "updatedBy": null,
            "updatedOn": null,
            "lastSyncDate": null
        },
        {
            "obsdatahrId": 236503,
            "stationId": 45,
            "datatypeId": 41,
            "frequency": 24,
            "datetime1": "2005-08-03T08:30:00",
            "valuesCsv": "23.5,24,25,25,24.5,25,24.5,24.5,24,23.5,23.5,23.5,22.5,22.5,22.5,22.5,23,23,23,23,23,23,23,23",
            "valuesCsvInArray": [
                23.5,
                24.0,
                25.0,
                25.0,
                24.5,
                25.0,
                24.5,
                24.5,
                24.0,
                23.5,
                23.5,
                23.5,
                22.5,
                22.5,
                22.5,
                22.5,
                23.0,
                23.0,
                23.0,
                23.0,
                23.0,
                23.0,
                23.0,
                23.0
            ],
            "remarks": null,
            "dailyMin": 22.50,
            "dailyMax": 25.00,
            "dailyAvg": 23.52,
            "dailySum": 564.50,
            "dailyCount": 24,
            "createdBy": null,
            "createdOn": null,
            "updatedBy": null,
            "updatedOn": null,
            "lastSyncDate": null
        },
        {
            "obsdatahrId": 236502,
            "stationId": 45,
            "datatypeId": 41,
            "frequency": 24,
            "datetime1": "2005-08-02T08:30:00",
            "valuesCsv": "22.5,23.5,23.5,23.5,23.5,23.5,23,23,23,23,23,22.5,22.5,22.5,22.5,22.5,22.5,22.5,22.5,22.5,22.5,22.5,22.5,23",
            "valuesCsvInArray": [
                22.5,
                23.5,
                23.5,
                23.5,
                23.5,
                23.5,
                23.0,
                23.0,
                23.0,
                23.0,
                23.0,
                22.5,
                22.5,
                22.5,
                22.5,
                22.5,
                22.5,
                22.5,
                22.5,
                22.5,
                22.5,
                22.5,
                22.5,
                23.0
            ],
            "remarks": null,
            "dailyMin": 22.50,
            "dailyMax": 23.50,
            "dailyAvg": 22.83,
            "dailySum": 548.00,
            "dailyCount": 24,
            "createdBy": null,
            "createdOn": null,
            "updatedBy": null,
            "updatedOn": null,
            "lastSyncDate": null
        },
        {
            "obsdatahrId": 236501,
            "stationId": 45,
            "datatypeId": 41,
            "frequency": 24,
            "datetime1": "2005-08-01T08:30:00",
            "valuesCsv": "23,23,23.5,23.5,23.5,23.5,23.5,23.5,23.5,23.5,23.5,23,23,23,23,23,23,23,23,23,23,23,23,23",
            "valuesCsvInArray": [
                23.0,
                23.0,
                23.5,
                23.5,
                23.5,
                23.5,
                23.5,
                23.5,
                23.5,
                23.5,
                23.5,
                23.0,
                23.0,
                23.0,
                23.0,
                23.0,
                23.0,
                23.0,
                23.0,
                23.0,
                23.0,
                23.0,
                23.0,
                23.0
            ],
            "remarks": null,
            "dailyMin": 23.00,
            "dailyMax": 23.50,
            "dailyAvg": 23.19,
            "dailySum": 556.50,
            "dailyCount": 24,
            "createdBy": null,
            "createdOn": null,
            "updatedBy": null,
            "updatedOn": null,
            "lastSyncDate": null
        },
        {
            "obsdatahrId": 236498,
            "stationId": 45,
            "datatypeId": 41,
            "frequency": 24,
            "datetime1": "2005-07-31T08:30:00",
            "valuesCsv": "24,24,24.5,24,23.5,23.5,23.5,23.5,23.5,23.5,23.5,23.5,23.5,23.5,23.5,23.5,23.5,23.5,23.5,23,22.5,22.5,22.5,22.5",
            "valuesCsvInArray": [
                24.0,
                24.0,
                24.5,
                24.0,
                23.5,
                23.5,
                23.5,
                23.5,
                23.5,
                23.5,
                23.5,
                23.5,
                23.5,
                23.5,
                23.5,
                23.5,
                23.5,
                23.5,
                23.5,
                23.0,
                22.5,
                22.5,
                22.5,
                22.5
            ],
            "remarks": null,
            "dailyMin": 22.50,
            "dailyMax": 24.50,
            "dailyAvg": 23.42,
            "dailySum": 562.00,
            "dailyCount": 24,
            "createdBy": null,
            "createdOn": null,
            "updatedBy": null,
            "updatedOn": null,
            "lastSyncDate": null
        },
        {
            "obsdatahrId": 236497,
            "stationId": 45,
            "datatypeId": 41,
            "frequency": 24,
            "datetime1": "2005-07-30T08:30:00",
            "valuesCsv": "24,24,24,24,24.5,24.5,24.5,24.5,24,24,23.5,23.5,23.5,23.5,23.5,23.5,23.5,23.5,23.5,23.5,23.5,23.5,23.5,23.5",
            "valuesCsvInArray": [
                24.0,
                24.0,
                24.0,
                24.0,
                24.5,
                24.5,
                24.5,
                24.5,
                24.0,
                24.0,
                23.5,
                23.5,
                23.5,
                23.5,
                23.5,
                23.5,
                23.5,
                23.5,
                23.5,
                23.5,
                23.5,
                23.5,
                23.5,
                23.5
            ],
            "remarks": null,
            "dailyMin": 23.50,
            "dailyMax": 24.50,
            "dailyAvg": 23.79,
            "dailySum": 571.00,
            "dailyCount": 24,
            "createdBy": null,
            "createdOn": null,
            "updatedBy": null,
            "updatedOn": null,
            "lastSyncDate": null
        },
        {
            "obsdatahrId": 236496,
            "stationId": 45,
            "datatypeId": 41,
            "frequency": 24,
            "datetime1": "2005-07-29T08:30:00",
            "valuesCsv": "26.5,26.5,27,27,27,27.5,27.5,24.5,23.5,23.5,23.5,23.5,23.5,23.5,23.5,23.5,23,23,23,23,23,23,23.5,23.5",
            "valuesCsvInArray": [
                26.5,
                26.5,
                27.0,
                27.0,
                27.0,
                27.5,
                27.5,
                24.5,
                23.5,
                23.5,
                23.5,
                23.5,
                23.5,
                23.5,
                23.5,
                23.5,
                23.0,
                23.0,
                23.0,
                23.0,
                23.0,
                23.0,
                23.5,
                23.5
            ],
            "remarks": null,
            "dailyMin": 23.00,
            "dailyMax": 27.50,
            "dailyAvg": 24.44,
            "dailySum": 586.50,
            "dailyCount": 24,
            "createdBy": null,
            "createdOn": null,
            "updatedBy": null,
            "updatedOn": null,
            "lastSyncDate": null
        },
        {
            "obsdatahrId": 236495,
            "stationId": 45,
            "datatypeId": 41,
            "frequency": 24,
            "datetime1": "2005-07-28T08:30:00",
            "valuesCsv": "26.5,26.5,26.5,27.5,27.5,28,28,26.5,26.5,26.5,26.5,26.5,26.5,26,26,26,25.5,25.5,25.5,25.5,25.5,25.5,25.5,25.5",
            "valuesCsvInArray": [
                26.5,
                26.5,
                26.5,
                27.5,
                27.5,
                28.0,
                28.0,
                26.5,
                26.5,
                26.5,
                26.5,
                26.5,
                26.5,
                26.0,
                26.0,
                26.0,
                25.5,
                25.5,
                25.5,
                25.5,
                25.5,
                25.5,
                25.5,
                25.5
            ],
            "remarks": null,
            "dailyMin": 25.50,
            "dailyMax": 28.00,
            "dailyAvg": 26.31,
            "dailySum": 631.50,
            "dailyCount": 24,
            "createdBy": null,
            "createdOn": null,
            "updatedBy": null,
            "updatedOn": null,
            "lastSyncDate": null
        },
        {
            "obsdatahrId": 236494,
            "stationId": 45,
            "datatypeId": 41,
            "frequency": 24,
            "datetime1": "2005-07-27T08:30:00",
            "valuesCsv": "25.5,26.5,26.5,27,26.5,26.5,26.5,26.5,26.5,26.5,26.5,26,26,26,26,26,26,26,26,26,26,26,26,26",
            "valuesCsvInArray": [
                25.5,
                26.5,
                26.5,
                27.0,
                26.5,
                26.5,
                26.5,
                26.5,
                26.5,
                26.5,
                26.5,
                26.0,
                26.0,
                26.0,
                26.0,
                26.0,
                26.0,
                26.0,
                26.0,
                26.0,
                26.0,
                26.0,
                26.0,
                26.0
            ],
            "remarks": null,
            "dailyMin": 25.50,
            "dailyMax": 27.00,
            "dailyAvg": 26.21,
            "dailySum": 629.00,
            "dailyCount": 24,
            "createdBy": null,
            "createdOn": null,
            "updatedBy": null,
            "updatedOn": null,
            "lastSyncDate": null
        },
        {
            "obsdatahrId": 236493,
            "stationId": 45,
            "datatypeId": 41,
            "frequency": 24,
            "datetime1": "2005-07-26T08:30:00",
            "valuesCsv": "25.5,25.5,25.5,24,24.5,25.5,25.5,25.5,25.5,25.5,25.5,25.5,25,25,25,25,25,25,25,25,25,25,25,25",
            "valuesCsvInArray": [
                25.5,
                25.5,
                25.5,
                24.0,
                24.5,
                25.5,
                25.5,
                25.5,
                25.5,
                25.5,
                25.5,
                25.5,
                25.0,
                25.0,
                25.0,
                25.0,
                25.0,
                25.0,
                25.0,
                25.0,
                25.0,
                25.0,
                25.0,
                25.0
            ],
            "remarks": null,
            "dailyMin": 24.00,
            "dailyMax": 25.50,
            "dailyAvg": 25.15,
            "dailySum": 603.50,
            "dailyCount": 24,
            "createdBy": null,
            "createdOn": null,
            "updatedBy": null,
            "updatedOn": null,
            "lastSyncDate": null
        },
        {
            "obsdatahrId": 236492,
            "stationId": 45,
            "datatypeId": 41,
            "frequency": 24,
            "datetime1": "2005-07-25T08:30:00",
            "valuesCsv": "25.5,25.5,25.5,25.5,25.5,25.5,24,24,25,25,25,25,25,25,25,25,25,25,25,25,25,25,25,25",
            "valuesCsvInArray": [
                25.5,
                25.5,
                25.5,
                25.5,
                25.5,
                25.5,
                24.0,
                24.0,
                25.0,
                25.0,
                25.0,
                25.0,
                25.0,
                25.0,
                25.0,
                25.0,
                25.0,
                25.0,
                25.0,
                25.0,
                25.0,
                25.0,
                25.0,
                25.0
            ],
            "remarks": null,
            "dailyMin": 24.00,
            "dailyMax": 25.50,
            "dailyAvg": 25.04,
            "dailySum": 601.00,
            "dailyCount": 24,
            "createdBy": null,
            "createdOn": null,
            "updatedBy": null,
            "updatedOn": null,
            "lastSyncDate": null
        },
        {
            "obsdatahrId": 236491,
            "stationId": 45,
            "datatypeId": 41,
            "frequency": 24,
            "datetime1": "2005-07-24T08:30:00",
            "valuesCsv": "26.5,26.5,27,26,27,27,26.5,26,25.5,25.5,25.5,25.5,25.5,25.5,25.5,25.5,25,25,25,25,25,25,25,25",
            "valuesCsvInArray": [
                26.5,
                26.5,
                27.0,
                26.0,
                27.0,
                27.0,
                26.5,
                26.0,
                25.5,
                25.5,
                25.5,
                25.5,
                25.5,
                25.5,
                25.5,
                25.5,
                25.0,
                25.0,
                25.0,
                25.0,
                25.0,
                25.0,
                25.0,
                25.0
            ],
            "remarks": null,
            "dailyMin": 25.00,
            "dailyMax": 27.00,
            "dailyAvg": 25.69,
            "dailySum": 616.50,
            "dailyCount": 24,
            "createdBy": null,
            "createdOn": null,
            "updatedBy": null,
            "updatedOn": null,
            "lastSyncDate": null
        },
        {
            "obsdatahrId": 236490,
            "stationId": 45,
            "datatypeId": 41,
            "frequency": 24,
            "datetime1": "2005-07-23T08:30:00",
            "valuesCsv": "27,27.5,28,28,26.5,26,26.5,26.5,27,26.5,26.5,26,25.5,25.5,25.5,25.5,25.5,25.5,25.5,25.5,25,25,25,25",
            "valuesCsvInArray": [
                27.0,
                27.5,
                28.0,
                28.0,
                26.5,
                26.0,
                26.5,
                26.5,
                27.0,
                26.5,
                26.5,
                26.0,
                25.5,
                25.5,
                25.5,
                25.5,
                25.5,
                25.5,
                25.5,
                25.5,
                25.0,
                25.0,
                25.0,
                25.0
            ],
            "remarks": null,
            "dailyMin": 25.00,
            "dailyMax": 28.00,
            "dailyAvg": 26.08,
            "dailySum": 626.00,
            "dailyCount": 24,
            "createdBy": null,
            "createdOn": null,
            "updatedBy": null,
            "updatedOn": null,
            "lastSyncDate": null
        },
        {
            "obsdatahrId": 236489,
            "stationId": 45,
            "datatypeId": 41,
            "frequency": 24,
            "datetime1": "2005-07-22T08:30:00",
            "valuesCsv": "27,27.5,28.5,27,27,27,26.5,26.5,26.5,26,26,26,26,26,26,26,26,25.5,25.5,25.5,25.5,25.5,25.5,26.5",
            "valuesCsvInArray": [
                27.0,
                27.5,
                28.5,
                27.0,
                27.0,
                27.0,
                26.5,
                26.5,
                26.5,
                26.0,
                26.0,
                26.0,
                26.0,
                26.0,
                26.0,
                26.0,
                26.0,
                25.5,
                25.5,
                25.5,
                25.5,
                25.5,
                25.5,
                26.5
            ],
            "remarks": null,
            "dailyMin": 25.50,
            "dailyMax": 28.50,
            "dailyAvg": 26.29,
            "dailySum": 631.00,
            "dailyCount": 24,
            "createdBy": null,
            "createdOn": null,
            "updatedBy": null,
            "updatedOn": null,
            "lastSyncDate": null
        },
        {
            "obsdatahrId": 236488,
            "stationId": 45,
            "datatypeId": 41,
            "frequency": 24,
            "datetime1": "2005-07-21T08:30:00",
            "valuesCsv": "25.5,26,25.5,25.5,26.5,26.5,26.5,26.5,26.5,26.5,25.5,25.5,25,25,25,25,25,25,25,25,25,25,25,25",
            "valuesCsvInArray": [
                25.5,
                26.0,
                25.5,
                25.5,
                26.5,
                26.5,
                26.5,
                26.5,
                26.5,
                26.5,
                25.5,
                25.5,
                25.0,
                25.0,
                25.0,
                25.0,
                25.0,
                25.0,
                25.0,
                25.0,
                25.0,
                25.0,
                25.0,
                25.0
            ],
            "remarks": null,
            "dailyMin": 25.00,
            "dailyMax": 26.50,
            "dailyAvg": 25.52,
            "dailySum": 612.50,
            "dailyCount": 24,
            "createdBy": null,
            "createdOn": null,
            "updatedBy": null,
            "updatedOn": null,
            "lastSyncDate": null
        },
        {
            "obsdatahrId": 236487,
            "stationId": 45,
            "datatypeId": 41,
            "frequency": 24,
            "datetime1": "2005-07-20T08:30:00",
            "valuesCsv": "27.5,29,29.5,29.5,31,31.5,31.5,29.5,27.5,26,26,26,25.5,25.5,25.5,25.5,25.5,25.5,25,25,24.5,24.5,24.5,24.5",
            "valuesCsvInArray": [
                27.5,
                29.0,
                29.5,
                29.5,
                31.0,
                31.5,
                31.5,
                29.5,
                27.5,
                26.0,
                26.0,
                26.0,
                25.5,
                25.5,
                25.5,
                25.5,
                25.5,
                25.5,
                25.0,
                25.0,
                24.5,
                24.5,
                24.5,
                24.5
            ],
            "remarks": null,
            "dailyMin": 24.50,
            "dailyMax": 31.50,
            "dailyAvg": 26.90,
            "dailySum": 645.50,
            "dailyCount": 24,
            "createdBy": null,
            "createdOn": null,
            "updatedBy": null,
            "updatedOn": null,
            "lastSyncDate": null
        },
        {
            "obsdatahrId": 236486,
            "stationId": 45,
            "datatypeId": 41,
            "frequency": 24,
            "datetime1": "2005-07-19T08:30:00",
            "valuesCsv": "27.5,28.5,29,30,31,31.5,31.5,28.5,29,28.5,28,27.5,27.5,27,26.5,26.5,26.5,26.5,26.5,26,26,26,26,26",
            "valuesCsvInArray": [
                27.5,
                28.5,
                29.0,
                30.0,
                31.0,
                31.5,
                31.5,
                28.5,
                29.0,
                28.5,
                28.0,
                27.5,
                27.5,
                27.0,
                26.5,
                26.5,
                26.5,
                26.5,
                26.5,
                26.0,
                26.0,
                26.0,
                26.0,
                26.0
            ],
            "remarks": null,
            "dailyMin": 26.00,
            "dailyMax": 31.50,
            "dailyAvg": 27.81,
            "dailySum": 667.50,
            "dailyCount": 24,
            "createdBy": null,
            "createdOn": null,
            "updatedBy": null,
            "updatedOn": null,
            "lastSyncDate": null
        },
        {
            "obsdatahrId": 236485,
            "stationId": 45,
            "datatypeId": 41,
            "frequency": 24,
            "datetime1": "2005-07-18T08:30:00",
            "valuesCsv": "27,27.5,28.5,29,30.5,31.5,31.5,31.5,31,29.5,27.5,27.5,27,27,26.5,26.5,26.5,26.5,26.5,26.5,26.5,26.5,26.5,26.5",
            "valuesCsvInArray": [
                27.0,
                27.5,
                28.5,
                29.0,
                30.5,
                31.5,
                31.5,
                31.5,
                31.0,
                29.5,
                27.5,
                27.5,
                27.0,
                27.0,
                26.5,
                26.5,
                26.5,
                26.5,
                26.5,
                26.5,
                26.5,
                26.5,
                26.5,
                26.5
            ],
            "remarks": null,
            "dailyMin": 26.50,
            "dailyMax": 31.50,
            "dailyAvg": 27.98,
            "dailySum": 671.50,
            "dailyCount": 24,
            "createdBy": null,
            "createdOn": null,
            "updatedBy": null,
            "updatedOn": null,
            "lastSyncDate": null
        },
        {
            "obsdatahrId": 236483,
            "stationId": 45,
            "datatypeId": 41,
            "frequency": 24,
            "datetime1": "2005-07-17T08:30:00",
            "valuesCsv": "25.5,26.5,27.5,29,29,29.5,30,31,31,26,26,26,26,26,26,26,26,26,26,26,26,26,26,26.5",
            "valuesCsvInArray": [
                25.5,
                26.5,
                27.5,
                29.0,
                29.0,
                29.5,
                30.0,
                31.0,
                31.0,
                26.0,
                26.0,
                26.0,
                26.0,
                26.0,
                26.0,
                26.0,
                26.0,
                26.0,
                26.0,
                26.0,
                26.0,
                26.0,
                26.0,
                26.5
            ],
            "remarks": null,
            "dailyMin": 25.50,
            "dailyMax": 31.00,
            "dailyAvg": 27.06,
            "dailySum": 649.50,
            "dailyCount": 24,
            "createdBy": null,
            "createdOn": null,
            "updatedBy": null,
            "updatedOn": null,
            "lastSyncDate": null
        },
        {
            "obsdatahrId": 236482,
            "stationId": 45,
            "datatypeId": 41,
            "frequency": 24,
            "datetime1": "2005-07-16T08:30:00",
            "valuesCsv": "26,26,26.5,27.5,28.5,28.5,29,29,29,28.5,28,27.5,27,26.5,26.5,26.5,26.5,26.5,26.5,26.5,26.5,26.5,26.5,26",
            "valuesCsvInArray": [
                26.0,
                26.0,
                26.5,
                27.5,
                28.5,
                28.5,
                29.0,
                29.0,
                29.0,
                28.5,
                28.0,
                27.5,
                27.0,
                26.5,
                26.5,
                26.5,
                26.5,
                26.5,
                26.5,
                26.5,
                26.5,
                26.5,
                26.5,
                26.0
            ],
            "remarks": null,
            "dailyMin": 26.00,
            "dailyMax": 29.00,
            "dailyAvg": 27.17,
            "dailySum": 652.00,
            "dailyCount": 24,
            "createdBy": null,
            "createdOn": null,
            "updatedBy": null,
            "updatedOn": null,
            "lastSyncDate": null
        },
        {
            "obsdatahrId": 236481,
            "stationId": 45,
            "datatypeId": 41,
            "frequency": 24,
            "datetime1": "2005-07-15T08:30:00",
            "valuesCsv": "25.5,26.5,27,28.5,29.5,30,31,31.5,31.5,29.5,28,27.5,27,26.5,26.5,26.5,26.5,26.5,26.5,26.5,26.5,26.5,26.5,26.5",
            "valuesCsvInArray": [
                25.5,
                26.5,
                27.0,
                28.5,
                29.5,
                30.0,
                31.0,
                31.5,
                31.5,
                29.5,
                28.0,
                27.5,
                27.0,
                26.5,
                26.5,
                26.5,
                26.5,
                26.5,
                26.5,
                26.5,
                26.5,
                26.5,
                26.5,
                26.5
            ],
            "remarks": null,
            "dailyMin": 25.50,
            "dailyMax": 31.50,
            "dailyAvg": 27.69,
            "dailySum": 664.50,
            "dailyCount": 24,
            "createdBy": null,
            "createdOn": null,
            "updatedBy": null,
            "updatedOn": null,
            "lastSyncDate": null
        },
        {
            "obsdatahrId": 236480,
            "stationId": 45,
            "datatypeId": 41,
            "frequency": 24,
            "datetime1": "2005-07-14T08:30:00",
            "valuesCsv": "27.5,28.5,29,29.5,30.5,31,31.5,30.5,30.5,29.5,28.5,27.5,27,27,26.5,26.5,26.5,26,26,26,25.5,25.5,25.5,25.5",
            "valuesCsvInArray": [
                27.5,
                28.5,
                29.0,
                29.5,
                30.5,
                31.0,
                31.5,
                30.5,
                30.5,
                29.5,
                28.5,
                27.5,
                27.0,
                27.0,
                26.5,
                26.5,
                26.5,
                26.0,
                26.0,
                26.0,
                25.5,
                25.5,
                25.5,
                25.5
            ],
            "remarks": null,
            "dailyMin": 25.50,
            "dailyMax": 31.50,
            "dailyAvg": 27.81,
            "dailySum": 667.50,
            "dailyCount": 24,
            "createdBy": null,
            "createdOn": null,
            "updatedBy": null,
            "updatedOn": null,
            "lastSyncDate": null
        },
        {
            "obsdatahrId": 236479,
            "stationId": 45,
            "datatypeId": 41,
            "frequency": 24,
            "datetime1": "2005-07-13T08:30:00",
            "valuesCsv": "27.5,28,29.5,30,30,30,30,30,29.5,29,28,27.5,27.5,27,27,26.5,26.5,26.5,26.5,26.5,25.5,25.5,25.5,26.5",
            "valuesCsvInArray": [
                27.5,
                28.0,
                29.5,
                30.0,
                30.0,
                30.0,
                30.0,
                30.0,
                29.5,
                29.0,
                28.0,
                27.5,
                27.5,
                27.0,
                27.0,
                26.5,
                26.5,
                26.5,
                26.5,
                26.5,
                25.5,
                25.5,
                25.5,
                26.5
            ],
            "remarks": null,
            "dailyMin": 25.50,
            "dailyMax": 30.00,
            "dailyAvg": 27.75,
            "dailySum": 666.00,
            "dailyCount": 24,
            "createdBy": null,
            "createdOn": null,
            "updatedBy": null,
            "updatedOn": null,
            "lastSyncDate": null
        },
        {
            "obsdatahrId": 236478,
            "stationId": 45,
            "datatypeId": 41,
            "frequency": 24,
            "datetime1": "2005-07-12T08:30:00",
            "valuesCsv": "26.5,27.5,27.5,28.5,28.5,29,29,28.5,27.5,27.5,27.5,27,26.5,26,26,26,25.5,25.5,25.5,25.5,25.5,25.5,25.5,26",
            "valuesCsvInArray": [
                26.5,
                27.5,
                27.5,
                28.5,
                28.5,
                29.0,
                29.0,
                28.5,
                27.5,
                27.5,
                27.5,
                27.0,
                26.5,
                26.0,
                26.0,
                26.0,
                25.5,
                25.5,
                25.5,
                25.5,
                25.5,
                25.5,
                25.5,
                26.0
            ],
            "remarks": null,
            "dailyMin": 25.50,
            "dailyMax": 29.00,
            "dailyAvg": 26.81,
            "dailySum": 643.50,
            "dailyCount": 24,
            "createdBy": null,
            "createdOn": null,
            "updatedBy": null,
            "updatedOn": null,
            "lastSyncDate": null
        },
        {
            "obsdatahrId": 236477,
            "stationId": 45,
            "datatypeId": 41,
            "frequency": 24,
            "datetime1": "2005-07-11T08:30:00",
            "valuesCsv": "27.5,28,29,29.5,30,30,29,28.5,27.5,27,26.5,26.5,25.5,25.5,25,25,25,25,25,25,25,25,25,25",
            "valuesCsvInArray": [
                27.5,
                28.0,
                29.0,
                29.5,
                30.0,
                30.0,
                29.0,
                28.5,
                27.5,
                27.0,
                26.5,
                26.5,
                25.5,
                25.5,
                25.0,
                25.0,
                25.0,
                25.0,
                25.0,
                25.0,
                25.0,
                25.0,
                25.0,
                25.0
            ],
            "remarks": null,
            "dailyMin": 25.00,
            "dailyMax": 30.00,
            "dailyAvg": 26.67,
            "dailySum": 640.00,
            "dailyCount": 24,
            "createdBy": null,
            "createdOn": null,
            "updatedBy": null,
            "updatedOn": null,
            "lastSyncDate": null
        },
        {
            "obsdatahrId": 236476,
            "stationId": 45,
            "datatypeId": 41,
            "frequency": 24,
            "datetime1": "2005-07-10T08:30:00",
            "valuesCsv": "26.5,26.5,27.5,27.5,27.5,28.5,29,28.5,28.2,27.5,27.5,27.5,26.5,26.5,26.5,26.5,26.5,26.5,26.5,26.5,26,26,25.5,26.5",
            "valuesCsvInArray": [
                26.5,
                26.5,
                27.5,
                27.5,
                27.5,
                28.5,
                29.0,
                28.5,
                28.2,
                27.5,
                27.5,
                27.5,
                26.5,
                26.5,
                26.5,
                26.5,
                26.5,
                26.5,
                26.5,
                26.5,
                26.0,
                26.0,
                25.5,
                26.5
            ],
            "remarks": null,
            "dailyMin": 25.50,
            "dailyMax": 29.00,
            "dailyAvg": 27.01,
            "dailySum": 648.20,
            "dailyCount": 24,
            "createdBy": null,
            "createdOn": null,
            "updatedBy": null,
            "updatedOn": null,
            "lastSyncDate": null
        },
        {
            "obsdatahrId": 236475,
            "stationId": 45,
            "datatypeId": 41,
            "frequency": 24,
            "datetime1": "2005-07-09T08:30:00",
            "valuesCsv": "26.5,26.5,27.5,27.5,27.5,27.5,27.5,27.5,27.5,27,26.5,26.5,26.5,26.5,26.5,26.5,26,26,26,25.5,25.5,25.5,25.5,26",
            "valuesCsvInArray": [
                26.5,
                26.5,
                27.5,
                27.5,
                27.5,
                27.5,
                27.5,
                27.5,
                27.5,
                27.0,
                26.5,
                26.5,
                26.5,
                26.5,
                26.5,
                26.5,
                26.0,
                26.0,
                26.0,
                25.5,
                25.5,
                25.5,
                25.5,
                26.0
            ],
            "remarks": null,
            "dailyMin": 25.50,
            "dailyMax": 27.50,
            "dailyAvg": 26.56,
            "dailySum": 637.50,
            "dailyCount": 24,
            "createdBy": null,
            "createdOn": null,
            "updatedBy": null,
            "updatedOn": null,
            "lastSyncDate": null
        },
        {
            "obsdatahrId": 236474,
            "stationId": 45,
            "datatypeId": 41,
            "frequency": 24,
            "datetime1": "2005-07-08T08:30:00",
            "valuesCsv": "27,27.5,28.5,29,29.5,29.5,29.5,28.5,28,27.5,26.5,26.5,26.5,26.5,26,26,26,26,26,26,26,26,26,26",
            "valuesCsvInArray": [
                27.0,
                27.5,
                28.5,
                29.0,
                29.5,
                29.5,
                29.5,
                28.5,
                28.0,
                27.5,
                26.5,
                26.5,
                26.5,
                26.5,
                26.0,
                26.0,
                26.0,
                26.0,
                26.0,
                26.0,
                26.0,
                26.0,
                26.0,
                26.0
            ],
            "remarks": null,
            "dailyMin": 26.00,
            "dailyMax": 29.50,
            "dailyAvg": 27.10,
            "dailySum": 650.50,
            "dailyCount": 24,
            "createdBy": null,
            "createdOn": null,
            "updatedBy": null,
            "updatedOn": null,
            "lastSyncDate": null
        },
        {
            "obsdatahrId": 236473,
            "stationId": 45,
            "datatypeId": 41,
            "frequency": 24,
            "datetime1": "2005-07-07T08:30:00",
            "valuesCsv": "26.5,27,27.5,29,29,29,29,29,26.5,26.5,26.5,26.5,26.5,26.5,26,26,25.5,25.5,25.5,25.5,25.5,25.5,25.5,25.5",
            "valuesCsvInArray": [
                26.5,
                27.0,
                27.5,
                29.0,
                29.0,
                29.0,
                29.0,
                29.0,
                26.5,
                26.5,
                26.5,
                26.5,
                26.5,
                26.5,
                26.0,
                26.0,
                25.5,
                25.5,
                25.5,
                25.5,
                25.5,
                25.5,
                25.5,
                25.5
            ],
            "remarks": null,
            "dailyMin": 25.50,
            "dailyMax": 29.00,
            "dailyAvg": 26.71,
            "dailySum": 641.00,
            "dailyCount": 24,
            "createdBy": null,
            "createdOn": null,
            "updatedBy": null,
            "updatedOn": null,
            "lastSyncDate": null
        },
        {
            "obsdatahrId": 236472,
            "stationId": 45,
            "datatypeId": 41,
            "frequency": 24,
            "datetime1": "2005-07-06T08:30:00",
            "valuesCsv": "27,27.5,28,29,28.5,28.5,27,26.5,26.5,26.5,26,26,26,26,26,26,26,25.5,25.5,25.5,25.5,25.5,25.5,26",
            "valuesCsvInArray": [
                27.0,
                27.5,
                28.0,
                29.0,
                28.5,
                28.5,
                27.0,
                26.5,
                26.5,
                26.5,
                26.0,
                26.0,
                26.0,
                26.0,
                26.0,
                26.0,
                26.0,
                25.5,
                25.5,
                25.5,
                25.5,
                25.5,
                25.5,
                26.0
            ],
            "remarks": null,
            "dailyMin": 25.50,
            "dailyMax": 29.00,
            "dailyAvg": 26.50,
            "dailySum": 636.00,
            "dailyCount": 24,
            "createdBy": null,
            "createdOn": null,
            "updatedBy": null,
            "updatedOn": null,
            "lastSyncDate": null
        },
        {
            "obsdatahrId": 236471,
            "stationId": 45,
            "datatypeId": 41,
            "frequency": 24,
            "datetime1": "2005-07-05T08:30:00",
            "valuesCsv": "26.5,27.5,28,28.5,26.5,27.5,27,27,25.5,25.5,25.5,25.5,25.5,26,26,26,26,26,26,26,26,26,26,26",
            "valuesCsvInArray": [
                26.5,
                27.5,
                28.0,
                28.5,
                26.5,
                27.5,
                27.0,
                27.0,
                25.5,
                25.5,
                25.5,
                25.5,
                25.5,
                26.0,
                26.0,
                26.0,
                26.0,
                26.0,
                26.0,
                26.0,
                26.0,
                26.0,
                26.0,
                26.0
            ],
            "remarks": null,
            "dailyMin": 25.50,
            "dailyMax": 28.50,
            "dailyAvg": 26.33,
            "dailySum": 632.00,
            "dailyCount": 24,
            "createdBy": null,
            "createdOn": null,
            "updatedBy": null,
            "updatedOn": null,
            "lastSyncDate": null
        },
        {
            "obsdatahrId": 236468,
            "stationId": 45,
            "datatypeId": 41,
            "frequency": 24,
            "datetime1": "2005-07-04T08:30:00",
            "valuesCsv": "25.5,26,26.5,26,25,25,25.5,25.5,25.5,25.5,25.5,25.5,25.5,25.5,25.5,25.5,25.5,25.5,25.5,25.5,25.5,25.5,26,26.5",
            "valuesCsvInArray": [
                25.5,
                26.0,
                26.5,
                26.0,
                25.0,
                25.0,
                25.5,
                25.5,
                25.5,
                25.5,
                25.5,
                25.5,
                25.5,
                25.5,
                25.5,
                25.5,
                25.5,
                25.5,
                25.5,
                25.5,
                25.5,
                25.5,
                26.0,
                26.5
            ],
            "remarks": null,
            "dailyMin": 25.00,
            "dailyMax": 26.50,
            "dailyAvg": 25.60,
            "dailySum": 614.50,
            "dailyCount": 24,
            "createdBy": null,
            "createdOn": null,
            "updatedBy": null,
            "updatedOn": null,
            "lastSyncDate": null
        },
        {
            "obsdatahrId": 236467,
            "stationId": 45,
            "datatypeId": 41,
            "frequency": 24,
            "datetime1": "2005-07-03T08:30:00",
            "valuesCsv": "26.5,27,26.5,27.5,27,27.5,27.5,27,26.5,26,25.5,25.5,25.5,25.5,25.5,25.5,25.5,25.5,25.5,25.5,25.5,25.5,25.5,25.5",
            "valuesCsvInArray": [
                26.5,
                27.0,
                26.5,
                27.5,
                27.0,
                27.5,
                27.5,
                27.0,
                26.5,
                26.0,
                25.5,
                25.5,
                25.5,
                25.5,
                25.5,
                25.5,
                25.5,
                25.5,
                25.5,
                25.5,
                25.5,
                25.5,
                25.5,
                25.5
            ],
            "remarks": null,
            "dailyMin": 25.50,
            "dailyMax": 27.50,
            "dailyAvg": 26.08,
            "dailySum": 626.00,
            "dailyCount": 24,
            "createdBy": null,
            "createdOn": null,
            "updatedBy": null,
            "updatedOn": null,
            "lastSyncDate": null
        },
        {
            "obsdatahrId": 236466,
            "stationId": 45,
            "datatypeId": 41,
            "frequency": 24,
            "datetime1": "2005-07-02T08:30:00",
            "valuesCsv": "27,27.5,27.5,28,28,28,28,27.5,27.5,26.5,26.5,26,26,25.5,25.5,25.5,25.5,25.5,25.5,25.5,25.5,25.5,25.5,25.5",
            "valuesCsvInArray": [
                27.0,
                27.5,
                27.5,
                28.0,
                28.0,
                28.0,
                28.0,
                27.5,
                27.5,
                26.5,
                26.5,
                26.0,
                26.0,
                25.5,
                25.5,
                25.5,
                25.5,
                25.5,
                25.5,
                25.5,
                25.5,
                25.5,
                25.5,
                25.5
            ],
            "remarks": null,
            "dailyMin": 25.50,
            "dailyMax": 28.00,
            "dailyAvg": 26.44,
            "dailySum": 634.50,
            "dailyCount": 24,
            "createdBy": null,
            "createdOn": null,
            "updatedBy": null,
            "updatedOn": null,
            "lastSyncDate": null
        },
        {
            "obsdatahrId": 236465,
            "stationId": 45,
            "datatypeId": 41,
            "frequency": 24,
            "datetime1": "2005-07-01T08:30:00",
            "valuesCsv": "26.5,27,27.5,27.5,26.5,27,27.5,26.5,26.5,26.5,26,25.5,25.5,25.5,25.5,25.5,25.5,25.5,25.5,25.5,25.5,25.5,25.5,26.5",
            "valuesCsvInArray": [
                26.5,
                27.0,
                27.5,
                27.5,
                26.5,
                27.0,
                27.5,
                26.5,
                26.5,
                26.5,
                26.0,
                25.5,
                25.5,
                25.5,
                25.5,
                25.5,
                25.5,
                25.5,
                25.5,
                25.5,
                25.5,
                25.5,
                25.5,
                26.5
            ],
            "remarks": null,
            "dailyMin": 25.50,
            "dailyMax": 27.50,
            "dailyAvg": 26.15,
            "dailySum": 627.50,
            "dailyCount": 24,
            "createdBy": null,
            "createdOn": null,
            "updatedBy": null,
            "updatedOn": null,
            "lastSyncDate": null
        },
        {
            "obsdatahrId": 237422,
            "stationId": 45,
            "datatypeId": 41,
            "frequency": 24,
            "datetime1": "2005-06-30T08:30:00",
            "valuesCsv": "25.5,25.5,25.5,25.5,25.5,26,25.5,25.5,25.5,25.5,25.5,25.5,25.5,25.5,25.5,25.5,25.5,25.5,25.5,25.5,25.5,25.5,25.5,26",
            "valuesCsvInArray": [
                25.5,
                25.5,
                25.5,
                25.5,
                25.5,
                26.0,
                25.5,
                25.5,
                25.5,
                25.5,
                25.5,
                25.5,
                25.5,
                25.5,
                25.5,
                25.5,
                25.5,
                25.5,
                25.5,
                25.5,
                25.5,
                25.5,
                25.5,
                26.0
            ],
            "remarks": null,
            "dailyMin": 25.50,
            "dailyMax": 26.00,
            "dailyAvg": 25.54,
            "dailySum": 613.00,
            "dailyCount": 24,
            "createdBy": null,
            "createdOn": null,
            "updatedBy": null,
            "updatedOn": null,
            "lastSyncDate": null
        },
        {
            "obsdatahrId": 237421,
            "stationId": 45,
            "datatypeId": 41,
            "frequency": 24,
            "datetime1": "2005-06-29T08:30:00",
            "valuesCsv": "25.5,26.5,26.5,26.5,26.5,26.5,26.5,26.5,26.5,26.5,25.5,25.5,25.5,25.5,25.5,25.5,25.5,25.5,25.5,25.5,25.5,25.5,25.5,25.5",
            "valuesCsvInArray": [
                25.5,
                26.5,
                26.5,
                26.5,
                26.5,
                26.5,
                26.5,
                26.5,
                26.5,
                26.5,
                25.5,
                25.5,
                25.5,
                25.5,
                25.5,
                25.5,
                25.5,
                25.5,
                25.5,
                25.5,
                25.5,
                25.5,
                25.5,
                25.5
            ],
            "remarks": null,
            "dailyMin": 25.50,
            "dailyMax": 26.50,
            "dailyAvg": 25.88,
            "dailySum": 621.00,
            "dailyCount": 24,
            "createdBy": null,
            "createdOn": null,
            "updatedBy": null,
            "updatedOn": null,
            "lastSyncDate": null
        },
        {
            "obsdatahrId": 237420,
            "stationId": 45,
            "datatypeId": 41,
            "frequency": 24,
            "datetime1": "2005-06-28T08:30:00",
            "valuesCsv": "25.5,26.5,26,26.5,26.5,27.5,27,26.5,25.5,25.5,25.5,25.5,25,25,25,25,25,25,25,25,25,25,25,25",
            "valuesCsvInArray": [
                25.5,
                26.5,
                26.0,
                26.5,
                26.5,
                27.5,
                27.0,
                26.5,
                25.5,
                25.5,
                25.5,
                25.5,
                25.0,
                25.0,
                25.0,
                25.0,
                25.0,
                25.0,
                25.0,
                25.0,
                25.0,
                25.0,
                25.0,
                25.0
            ],
            "remarks": null,
            "dailyMin": 25.00,
            "dailyMax": 27.50,
            "dailyAvg": 25.58,
            "dailySum": 614.00,
            "dailyCount": 24,
            "createdBy": null,
            "createdOn": null,
            "updatedBy": null,
            "updatedOn": null,
            "lastSyncDate": null
        },
        {
            "obsdatahrId": 237419,
            "stationId": 45,
            "datatypeId": 41,
            "frequency": 24,
            "datetime1": "2005-06-27T08:30:00",
            "valuesCsv": "26.5,27,28.5,29.5,27,28.5,26.5,26.5,25.5,25.5,25.5,25.5,25.5,25.5,25.5,25.5,25.5,24.5,24,24,23.5,23.5,24.5,24.5",
            "valuesCsvInArray": [
                26.5,
                27.0,
                28.5,
                29.5,
                27.0,
                28.5,
                26.5,
                26.5,
                25.5,
                25.5,
                25.5,
                25.5,
                25.5,
                25.5,
                25.5,
                25.5,
                25.5,
                24.5,
                24.0,
                24.0,
                23.5,
                23.5,
                24.5,
                24.5
            ],
            "remarks": null,
            "dailyMin": 23.50,
            "dailyMax": 29.50,
            "dailyAvg": 25.75,
            "dailySum": 618.00,
            "dailyCount": 24,
            "createdBy": null,
            "createdOn": null,
            "updatedBy": null,
            "updatedOn": null,
            "lastSyncDate": null
        },
        {
            "obsdatahrId": 237418,
            "stationId": 45,
            "datatypeId": 41,
            "frequency": 24,
            "datetime1": "2005-06-26T08:30:00",
            "valuesCsv": "25.5,27,29,29.5,29.5,29.5,29,28.5,28.5,27,26.5,26.5,26,26,25,25.5,25.5,25.5,25.5,25,25,25,25,26",
            "valuesCsvInArray": [
                25.5,
                27.0,
                29.0,
                29.5,
                29.5,
                29.5,
                29.0,
                28.5,
                28.5,
                27.0,
                26.5,
                26.5,
                26.0,
                26.0,
                25.0,
                25.5,
                25.5,
                25.5,
                25.5,
                25.0,
                25.0,
                25.0,
                25.0,
                26.0
            ],
            "remarks": null,
            "dailyMin": 25.00,
            "dailyMax": 29.50,
            "dailyAvg": 26.71,
            "dailySum": 641.00,
            "dailyCount": 24,
            "createdBy": null,
            "createdOn": null,
            "updatedBy": null,
            "updatedOn": null,
            "lastSyncDate": null
        },
        {
            "obsdatahrId": 237417,
            "stationId": 45,
            "datatypeId": 41,
            "frequency": 24,
            "datetime1": "2005-06-25T08:30:00",
            "valuesCsv": "27.5,28,29,30,29,30,30,26.5,26,26,26,26,26,25,25,25,25,25,25,25,25,25,25,26",
            "valuesCsvInArray": [
                27.5,
                28.0,
                29.0,
                30.0,
                29.0,
                30.0,
                30.0,
                26.5,
                26.0,
                26.0,
                26.0,
                26.0,
                26.0,
                25.0,
                25.0,
                25.0,
                25.0,
                25.0,
                25.0,
                25.0,
                25.0,
                25.0,
                25.0,
                26.0
            ],
            "remarks": null,
            "dailyMin": 25.00,
            "dailyMax": 30.00,
            "dailyAvg": 26.50,
            "dailySum": 636.00,
            "dailyCount": 24,
            "createdBy": null,
            "createdOn": null,
            "updatedBy": null,
            "updatedOn": null,
            "lastSyncDate": null
        },
        {
            "obsdatahrId": 237416,
            "stationId": 45,
            "datatypeId": 41,
            "frequency": 24,
            "datetime1": "2005-06-24T08:30:00",
            "valuesCsv": "27.5,28.5,29.5,29.5,29.5,29.5,29,29,28.5,28,27,26.5,26,25.5,25.5,25.5,25.5,25.5,25.5,25.5,25.5,25.5,25.5,26",
            "valuesCsvInArray": [
                27.5,
                28.5,
                29.5,
                29.5,
                29.5,
                29.5,
                29.0,
                29.0,
                28.5,
                28.0,
                27.0,
                26.5,
                26.0,
                25.5,
                25.5,
                25.5,
                25.5,
                25.5,
                25.5,
                25.5,
                25.5,
                25.5,
                25.5,
                26.0
            ],
            "remarks": null,
            "dailyMin": 25.50,
            "dailyMax": 29.50,
            "dailyAvg": 27.04,
            "dailySum": 649.00,
            "dailyCount": 24,
            "createdBy": null,
            "createdOn": null,
            "updatedBy": null,
            "updatedOn": null,
            "lastSyncDate": null
        },
        {
            "obsdatahrId": 237415,
            "stationId": 45,
            "datatypeId": 41,
            "frequency": 24,
            "datetime1": "2005-06-23T08:30:00",
            "valuesCsv": "27.5,28,29.5,29.5,29,27,27.5,27.5,27.5,26.5,26.5,26.5,26.5,25.5,25.5,25.5,25.5,25.5,25.5,25.5,25.5,25.5,25.5,25.5",
            "valuesCsvInArray": [
                27.5,
                28.0,
                29.5,
                29.5,
                29.0,
                27.0,
                27.5,
                27.5,
                27.5,
                26.5,
                26.5,
                26.5,
                26.5,
                25.5,
                25.5,
                25.5,
                25.5,
                25.5,
                25.5,
                25.5,
                25.5,
                25.5,
                25.5,
                25.5
            ],
            "remarks": null,
            "dailyMin": 25.50,
            "dailyMax": 29.50,
            "dailyAvg": 26.65,
            "dailySum": 639.50,
            "dailyCount": 24,
            "createdBy": null,
            "createdOn": null,
            "updatedBy": null,
            "updatedOn": null,
            "lastSyncDate": null
        },
        {
            "obsdatahrId": 237414,
            "stationId": 45,
            "datatypeId": 41,
            "frequency": 24,
            "datetime1": "2005-06-22T08:30:00",
            "valuesCsv": "26,27.5,29.5,30,29.5,29,28,22.5,23.5,24.5,24.5,24.5,24.5,24.5,24.5,24.5,24.5,24.5,24.5,24.5,24.5,24.5,25,26.5",
            "valuesCsvInArray": [
                26.0,
                27.5,
                29.5,
                30.0,
                29.5,
                29.0,
                28.0,
                22.5,
                23.5,
                24.5,
                24.5,
                24.5,
                24.5,
                24.5,
                24.5,
                24.5,
                24.5,
                24.5,
                24.5,
                24.5,
                24.5,
                24.5,
                25.0,
                26.5
            ],
            "remarks": null,
            "dailyMin": 22.50,
            "dailyMax": 30.00,
            "dailyAvg": 25.65,
            "dailySum": 615.50,
            "dailyCount": 24,
            "createdBy": null,
            "createdOn": null,
            "updatedBy": null,
            "updatedOn": null,
            "lastSyncDate": null
        },
        {
            "obsdatahrId": 237413,
            "stationId": 45,
            "datatypeId": 41,
            "frequency": 24,
            "datetime1": "2005-06-21T08:30:00",
            "valuesCsv": "25.5,26.5,27.5,29.5,29.5,29.5,29.5,27.5,27,26.5,25,25,24.5,24.5,24.5,24.5,24.5,24.5,24,24,24,22.5,23.5,24",
            "valuesCsvInArray": [
                25.5,
                26.5,
                27.5,
                29.5,
                29.5,
                29.5,
                29.5,
                27.5,
                27.0,
                26.5,
                25.0,
                25.0,
                24.5,
                24.5,
                24.5,
                24.5,
                24.5,
                24.5,
                24.0,
                24.0,
                24.0,
                22.5,
                23.5,
                24.0
            ],
            "remarks": null,
            "dailyMin": 22.50,
            "dailyMax": 29.50,
            "dailyAvg": 25.73,
            "dailySum": 617.50,
            "dailyCount": 24,
            "createdBy": null,
            "createdOn": null,
            "updatedBy": null,
            "updatedOn": null,
            "lastSyncDate": null
        },
        {
            "obsdatahrId": 237412,
            "stationId": 45,
            "datatypeId": 41,
            "frequency": 24,
            "datetime1": "2005-06-20T08:30:00",
            "valuesCsv": "26.5,27.5,28,29,29,28.5,28.5,28.5,26.5,25,25,25,25,24.5,24.5,24.5,24.5,24.5,24,24,24,25,25,25",
            "valuesCsvInArray": [
                26.5,
                27.5,
                28.0,
                29.0,
                29.0,
                28.5,
                28.5,
                28.5,
                26.5,
                25.0,
                25.0,
                25.0,
                25.0,
                24.5,
                24.5,
                24.5,
                24.5,
                24.5,
                24.0,
                24.0,
                24.0,
                25.0,
                25.0,
                25.0
            ],
            "remarks": null,
            "dailyMin": 24.00,
            "dailyMax": 29.00,
            "dailyAvg": 25.90,
            "dailySum": 621.50,
            "dailyCount": 24,
            "createdBy": null,
            "createdOn": null,
            "updatedBy": null,
            "updatedOn": null,
            "lastSyncDate": null
        },
        {
            "obsdatahrId": 237411,
            "stationId": 45,
            "datatypeId": 41,
            "frequency": 24,
            "datetime1": "2005-06-19T08:30:00",
            "valuesCsv": "27,28,29.5,27,27.5,28.5,28.5,28.5,27.5,27.5,26.5,26.5,25.5,25.5,25.5,25.5,25.5,25,25,25,25,25.5,25.5,25.5",
            "valuesCsvInArray": [
                27.0,
                28.0,
                29.5,
                27.0,
                27.5,
                28.5,
                28.5,
                28.5,
                27.5,
                27.5,
                26.5,
                26.5,
                25.5,
                25.5,
                25.5,
                25.5,
                25.5,
                25.0,
                25.0,
                25.0,
                25.0,
                25.5,
                25.5,
                25.5
            ],
            "remarks": null,
            "dailyMin": 25.00,
            "dailyMax": 29.50,
            "dailyAvg": 26.52,
            "dailySum": 636.50,
            "dailyCount": 24,
            "createdBy": null,
            "createdOn": null,
            "updatedBy": null,
            "updatedOn": null,
            "lastSyncDate": null
        },
        {
            "obsdatahrId": 237410,
            "stationId": 45,
            "datatypeId": 41,
            "frequency": 24,
            "datetime1": "2005-06-18T08:30:00",
            "valuesCsv": "27,28,29,29.5,29.5,29.5,29.5,28,26,25.5,25.5,25.5,24.5,24.5,24.5,24.5,24.5,24.5,24.5,24.5,24.5,24.5,24.5,24.5",
            "valuesCsvInArray": [
                27.0,
                28.0,
                29.0,
                29.5,
                29.5,
                29.5,
                29.5,
                28.0,
                26.0,
                25.5,
                25.5,
                25.5,
                24.5,
                24.5,
                24.5,
                24.5,
                24.5,
                24.5,
                24.5,
                24.5,
                24.5,
                24.5,
                24.5,
                24.5
            ],
            "remarks": null,
            "dailyMin": 24.50,
            "dailyMax": 29.50,
            "dailyAvg": 26.10,
            "dailySum": 626.50,
            "dailyCount": 24,
            "createdBy": null,
            "createdOn": null,
            "updatedBy": null,
            "updatedOn": null,
            "lastSyncDate": null
        },
        {
            "obsdatahrId": 237409,
            "stationId": 45,
            "datatypeId": 41,
            "frequency": 24,
            "datetime1": "2005-06-17T08:30:00",
            "valuesCsv": "27,29,31,31,31.5,32.5,32.5,32.5,32.5,29.5,28,27,27,26.5,26.5,26,25.5,25.5,25.5,25.5,25.5,25.5,25.5,26",
            "valuesCsvInArray": [
                27.0,
                29.0,
                31.0,
                31.0,
                31.5,
                32.5,
                32.5,
                32.5,
                32.5,
                29.5,
                28.0,
                27.0,
                27.0,
                26.5,
                26.5,
                26.0,
                25.5,
                25.5,
                25.5,
                25.5,
                25.5,
                25.5,
                25.5,
                26.0
            ],
            "remarks": null,
            "dailyMin": 25.50,
            "dailyMax": 32.50,
            "dailyAvg": 28.10,
            "dailySum": 674.50,
            "dailyCount": 24,
            "createdBy": null,
            "createdOn": null,
            "updatedBy": null,
            "updatedOn": null,
            "lastSyncDate": null
        },
        {
            "obsdatahrId": 237408,
            "stationId": 45,
            "datatypeId": 41,
            "frequency": 24,
            "datetime1": "2005-06-16T08:30:00",
            "valuesCsv": "27.5,28.5,29.5,30.5,31,31.5,32.5,32.5,32.5,31,29,27.5,27,26.5,26.5,26.5,26.5,26.5,25.5,25.5,25.5,25.5,25.5,26",
            "valuesCsvInArray": [
                27.5,
                28.5,
                29.5,
                30.5,
                31.0,
                31.5,
                32.5,
                32.5,
                32.5,
                31.0,
                29.0,
                27.5,
                27.0,
                26.5,
                26.5,
                26.5,
                26.5,
                26.5,
                25.5,
                25.5,
                25.5,
                25.5,
                25.5,
                26.0
            ],
            "remarks": null,
            "dailyMin": 25.50,
            "dailyMax": 32.50,
            "dailyAvg": 28.19,
            "dailySum": 676.50,
            "dailyCount": 24,
            "createdBy": null,
            "createdOn": null,
            "updatedBy": null,
            "updatedOn": null,
            "lastSyncDate": null
        },
        {
            "obsdatahrId": 237405,
            "stationId": 45,
            "datatypeId": 41,
            "frequency": 24,
            "datetime1": "2005-06-15T08:30:00",
            "valuesCsv": "27.5,28.5,30,30,31.5,32,33,33.5,29,28,27.5,27,26.5,26.5,26.5,26.5,25.5,25.5,25.5,25.5,25.5,25,25,26",
            "valuesCsvInArray": [
                27.5,
                28.5,
                30.0,
                30.0,
                31.5,
                32.0,
                33.0,
                33.5,
                29.0,
                28.0,
                27.5,
                27.0,
                26.5,
                26.5,
                26.5,
                26.5,
                25.5,
                25.5,
                25.5,
                25.5,
                25.5,
                25.0,
                25.0,
                26.0
            ],
            "remarks": null,
            "dailyMin": 25.00,
            "dailyMax": 33.50,
            "dailyAvg": 27.79,
            "dailySum": 667.00,
            "dailyCount": 24,
            "createdBy": null,
            "createdOn": null,
            "updatedBy": null,
            "updatedOn": null,
            "lastSyncDate": null
        },
        {
            "obsdatahrId": 237404,
            "stationId": 45,
            "datatypeId": 41,
            "frequency": 24,
            "datetime1": "2005-06-14T08:30:00",
            "valuesCsv": "27,29.5,31,32,32,32,31.5,26.5,27.5,27.5,27.5,26.5,26.5,26.5,26.5,26.5,26.5,25.5,25.5,25.5,25.5,25.5,25.5,26",
            "valuesCsvInArray": [
                27.0,
                29.5,
                31.0,
                32.0,
                32.0,
                32.0,
                31.5,
                26.5,
                27.5,
                27.5,
                27.5,
                26.5,
                26.5,
                26.5,
                26.5,
                26.5,
                26.5,
                25.5,
                25.5,
                25.5,
                25.5,
                25.5,
                25.5,
                26.0
            ],
            "remarks": null,
            "dailyMin": 25.50,
            "dailyMax": 32.00,
            "dailyAvg": 27.58,
            "dailySum": 662.00,
            "dailyCount": 24,
            "createdBy": null,
            "createdOn": null,
            "updatedBy": null,
            "updatedOn": null,
            "lastSyncDate": null
        },
        {
            "obsdatahrId": 237403,
            "stationId": 45,
            "datatypeId": 41,
            "frequency": 24,
            "datetime1": "2005-06-13T08:30:00",
            "valuesCsv": "28,29.5,30.5,32,32.5,33.5,33.5,34,27,27.5,27.5,27.5,27.5,27.5,27,27,26.5,26.5,26.5,26.5,26.5,26.5,26.5,26.5",
            "valuesCsvInArray": [
                28.0,
                29.5,
                30.5,
                32.0,
                32.5,
                33.5,
                33.5,
                34.0,
                27.0,
                27.5,
                27.5,
                27.5,
                27.5,
                27.5,
                27.0,
                27.0,
                26.5,
                26.5,
                26.5,
                26.5,
                26.5,
                26.5,
                26.5,
                26.5
            ],
            "remarks": null,
            "dailyMin": 26.50,
            "dailyMax": 34.00,
            "dailyAvg": 28.50,
            "dailySum": 684.00,
            "dailyCount": 24,
            "createdBy": null,
            "createdOn": null,
            "updatedBy": null,
            "updatedOn": null,
            "lastSyncDate": null
        },
        {
            "obsdatahrId": 237402,
            "stationId": 45,
            "datatypeId": 41,
            "frequency": 24,
            "datetime1": "2005-06-12T08:30:00",
            "valuesCsv": "28,29,30.5,32.5,31.5,32.5,32.5,32.5,27.5,27.5,27.5,27.5,27.5,27.5,26.5,26.5,26.5,25.5,25.5,25.5,25.5,25.5,25.5,26.5",
            "valuesCsvInArray": [
                28.0,
                29.0,
                30.5,
                32.5,
                31.5,
                32.5,
                32.5,
                32.5,
                27.5,
                27.5,
                27.5,
                27.5,
                27.5,
                27.5,
                26.5,
                26.5,
                26.5,
                25.5,
                25.5,
                25.5,
                25.5,
                25.5,
                25.5,
                26.5
            ],
            "remarks": null,
            "dailyMin": 25.50,
            "dailyMax": 32.50,
            "dailyAvg": 28.04,
            "dailySum": 673.00,
            "dailyCount": 24,
            "createdBy": null,
            "createdOn": null,
            "updatedBy": null,
            "updatedOn": null,
            "lastSyncDate": null
        },
        {
            "obsdatahrId": 237401,
            "stationId": 45,
            "datatypeId": 41,
            "frequency": 24,
            "datetime1": "2005-06-11T08:30:00",
            "valuesCsv": "28.5,29.5,31,32,33.5,33.5,34,33,37,25,25.5,25.5,26.5,26,26,26,26,25.5,25.5,25.5,25.5,25.5,25.5,26.5",
            "valuesCsvInArray": [
                28.5,
                29.5,
                31.0,
                32.0,
                33.5,
                33.5,
                34.0,
                33.0,
                37.0,
                25.0,
                25.5,
                25.5,
                26.5,
                26.0,
                26.0,
                26.0,
                26.0,
                25.5,
                25.5,
                25.5,
                25.5,
                25.5,
                25.5,
                26.5
            ],
            "remarks": null,
            "dailyMin": 25.00,
            "dailyMax": 37.00,
            "dailyAvg": 28.25,
            "dailySum": 678.00,
            "dailyCount": 24,
            "createdBy": null,
            "createdOn": null,
            "updatedBy": null,
            "updatedOn": null,
            "lastSyncDate": null
        },
        {
            "obsdatahrId": 237400,
            "stationId": 45,
            "datatypeId": 41,
            "frequency": 24,
            "datetime1": "2005-06-10T08:30:00",
            "valuesCsv": "28.5,30,31,32.5,33.5,34.5,34.5,33.5,31.5,29.5,28.5,27.5,27.5,27.5,26.5,26.5,26.5,26.5,26.5,25.5,25.5,25.5,26,26.5",
            "valuesCsvInArray": [
                28.5,
                30.0,
                31.0,
                32.5,
                33.5,
                34.5,
                34.5,
                33.5,
                31.5,
                29.5,
                28.5,
                27.5,
                27.5,
                27.5,
                26.5,
                26.5,
                26.5,
                26.5,
                26.5,
                25.5,
                25.5,
                25.5,
                26.0,
                26.5
            ],
            "remarks": null,
            "dailyMin": 25.50,
            "dailyMax": 34.50,
            "dailyAvg": 28.81,
            "dailySum": 691.50,
            "dailyCount": 24,
            "createdBy": null,
            "createdOn": null,
            "updatedBy": null,
            "updatedOn": null,
            "lastSyncDate": null
        },
        {
            "obsdatahrId": 237399,
            "stationId": 45,
            "datatypeId": 41,
            "frequency": 24,
            "datetime1": "2005-06-09T08:30:00",
            "valuesCsv": "28,29.5,31,32.5,33.5,34.5,35.5,33.5,31.5,29.5,29.5,29.5,28,27.5,27,26.5,26.5,26.5,25.5,25.5,25.5,25.5,25.5,26.5",
            "valuesCsvInArray": [
                28.0,
                29.5,
                31.0,
                32.5,
                33.5,
                34.5,
                35.5,
                33.5,
                31.5,
                29.5,
                29.5,
                29.5,
                28.0,
                27.5,
                27.0,
                26.5,
                26.5,
                26.5,
                25.5,
                25.5,
                25.5,
                25.5,
                25.5,
                26.5
            ],
            "remarks": null,
            "dailyMin": 25.50,
            "dailyMax": 35.50,
            "dailyAvg": 28.92,
            "dailySum": 694.00,
            "dailyCount": 24,
            "createdBy": null,
            "createdOn": null,
            "updatedBy": null,
            "updatedOn": null,
            "lastSyncDate": null
        },
        {
            "obsdatahrId": 237398,
            "stationId": 45,
            "datatypeId": 41,
            "frequency": 24,
            "datetime1": "2005-06-08T08:30:00",
            "valuesCsv": "27.5,28.5,30,31,31.5,32.5,33,31.5,31.5,30,29,28,27.5,27.5,26.5,26.5,26.5,26.5,26.5,25.5,25.5,25.5,25.5,26.5",
            "valuesCsvInArray": [
                27.5,
                28.5,
                30.0,
                31.0,
                31.5,
                32.5,
                33.0,
                31.5,
                31.5,
                30.0,
                29.0,
                28.0,
                27.5,
                27.5,
                26.5,
                26.5,
                26.5,
                26.5,
                26.5,
                25.5,
                25.5,
                25.5,
                25.5,
                26.5
            ],
            "remarks": null,
            "dailyMin": 25.50,
            "dailyMax": 33.00,
            "dailyAvg": 28.33,
            "dailySum": 680.00,
            "dailyCount": 24,
            "createdBy": null,
            "createdOn": null,
            "updatedBy": null,
            "updatedOn": null,
            "lastSyncDate": null
        },
        {
            "obsdatahrId": 237397,
            "stationId": 45,
            "datatypeId": 41,
            "frequency": 24,
            "datetime1": "2005-06-07T08:30:00",
            "valuesCsv": "28.5,30,31.5,32.5,33.5,34.5,34.5,34.5,23.5,23.5,23.5,23.5,23.5,23.5,24,24,24,24,25,25,25,25,25.5,26.5",
            "valuesCsvInArray": [
                28.5,
                30.0,
                31.5,
                32.5,
                33.5,
                34.5,
                34.5,
                34.5,
                23.5,
                23.5,
                23.5,
                23.5,
                23.5,
                23.5,
                24.0,
                24.0,
                24.0,
                24.0,
                25.0,
                25.0,
                25.0,
                25.0,
                25.5,
                26.5
            ],
            "remarks": null,
            "dailyMin": 23.50,
            "dailyMax": 34.50,
            "dailyAvg": 27.02,
            "dailySum": 648.50,
            "dailyCount": 24,
            "createdBy": null,
            "createdOn": null,
            "updatedBy": null,
            "updatedOn": null,
            "lastSyncDate": null
        },
        {
            "obsdatahrId": 237396,
            "stationId": 45,
            "datatypeId": 41,
            "frequency": 24,
            "datetime1": "2005-06-06T08:30:00",
            "valuesCsv": "28.5,31.5,33,34,34.5,34.5,34.5,34.5,32.5,30.5,29.5,28.5,28,27.5,27,27,26.5,26.5,26,26,26,26.5,26.5,26.5",
            "valuesCsvInArray": [
                28.5,
                31.5,
                33.0,
                34.0,
                34.5,
                34.5,
                34.5,
                34.5,
                32.5,
                30.5,
                29.5,
                28.5,
                28.0,
                27.5,
                27.0,
                27.0,
                26.5,
                26.5,
                26.0,
                26.0,
                26.0,
                26.5,
                26.5,
                26.5
            ],
            "remarks": null,
            "dailyMin": 26.00,
            "dailyMax": 34.50,
            "dailyAvg": 29.42,
            "dailySum": 706.00,
            "dailyCount": 24,
            "createdBy": null,
            "createdOn": null,
            "updatedBy": null,
            "updatedOn": null,
            "lastSyncDate": null
        },
        {
            "obsdatahrId": 237394,
            "stationId": 45,
            "datatypeId": 41,
            "frequency": 24,
            "datetime1": "2005-06-05T08:30:00",
            "valuesCsv": "27.5,29,30.5,31,33,34,35.5,36,35.5,34,32,30.5,29,28.5,27.5,27.5,26.5,26.5,25,25.5,25.5,25.5,25.5,27",
            "valuesCsvInArray": [
                27.5,
                29.0,
                30.5,
                31.0,
                33.0,
                34.0,
                35.5,
                36.0,
                35.5,
                34.0,
                32.0,
                30.5,
                29.0,
                28.5,
                27.5,
                27.5,
                26.5,
                26.5,
                25.0,
                25.5,
                25.5,
                25.5,
                25.5,
                27.0
            ],
            "remarks": null,
            "dailyMin": 25.00,
            "dailyMax": 36.00,
            "dailyAvg": 29.50,
            "dailySum": 708.00,
            "dailyCount": 24,
            "createdBy": null,
            "createdOn": null,
            "updatedBy": null,
            "updatedOn": null,
            "lastSyncDate": null
        },
        {
            "obsdatahrId": 237393,
            "stationId": 45,
            "datatypeId": 41,
            "frequency": 24,
            "datetime1": "2005-06-04T08:30:00",
            "valuesCsv": "28.5,30.5,32,33.5,34.5,35.5,35.5,35.5,35.5,35.5,35.5,29.5,28.5,27.5,27.5,27.5,26.5,26.5,26.5,25.5,25.5,25.5,25.5,26",
            "valuesCsvInArray": [
                28.5,
                30.5,
                32.0,
                33.5,
                34.5,
                35.5,
                35.5,
                35.5,
                35.5,
                35.5,
                35.5,
                29.5,
                28.5,
                27.5,
                27.5,
                27.5,
                26.5,
                26.5,
                26.5,
                25.5,
                25.5,
                25.5,
                25.5,
                26.0
            ],
            "remarks": null,
            "dailyMin": 25.50,
            "dailyMax": 35.50,
            "dailyAvg": 30.00,
            "dailySum": 720.00,
            "dailyCount": 24,
            "createdBy": null,
            "createdOn": null,
            "updatedBy": null,
            "updatedOn": null,
            "lastSyncDate": null
        },
        {
            "obsdatahrId": 237392,
            "stationId": 45,
            "datatypeId": 41,
            "frequency": 24,
            "datetime1": "2005-06-03T08:30:00",
            "valuesCsv": "26.5,27,29.5,31.5,31.5,32.5,34,33.5,32.5,31.5,29.5,28.5,27.5,26.5,26.5,26,25.5,25.5,25.5,25.5,24.5,24.5,25.5,27",
            "valuesCsvInArray": [
                26.5,
                27.0,
                29.5,
                31.5,
                31.5,
                32.5,
                34.0,
                33.5,
                32.5,
                31.5,
                29.5,
                28.5,
                27.5,
                26.5,
                26.5,
                26.0,
                25.5,
                25.5,
                25.5,
                25.5,
                24.5,
                24.5,
                25.5,
                27.0
            ],
            "remarks": null,
            "dailyMin": 24.50,
            "dailyMax": 34.00,
            "dailyAvg": 28.25,
            "dailySum": 678.00,
            "dailyCount": 24,
            "createdBy": null,
            "createdOn": null,
            "updatedBy": null,
            "updatedOn": null,
            "lastSyncDate": null
        },
        {
            "obsdatahrId": 237391,
            "stationId": 45,
            "datatypeId": 41,
            "frequency": 24,
            "datetime1": "2005-06-02T08:30:00",
            "valuesCsv": "28,29.5,29.5,30,30.5,30.5,31,30.5,30.5,29.5,28.5,27,27,26.5,26.5,26,25.5,25.5,25.5,25.5,25.5,25.5,25.5,25.5",
            "valuesCsvInArray": [
                28.0,
                29.5,
                29.5,
                30.0,
                30.5,
                30.5,
                31.0,
                30.5,
                30.5,
                29.5,
                28.5,
                27.0,
                27.0,
                26.5,
                26.5,
                26.0,
                25.5,
                25.5,
                25.5,
                25.5,
                25.5,
                25.5,
                25.5,
                25.5
            ],
            "remarks": null,
            "dailyMin": 25.50,
            "dailyMax": 31.00,
            "dailyAvg": 27.71,
            "dailySum": 665.00,
            "dailyCount": 24,
            "createdBy": null,
            "createdOn": null,
            "updatedBy": null,
            "updatedOn": null,
            "lastSyncDate": null
        },
        {
            "obsdatahrId": 237390,
            "stationId": 45,
            "datatypeId": 41,
            "frequency": 24,
            "datetime1": "2005-06-01T08:30:00",
            "valuesCsv": "24.5,24.5,24.5,25.5,26.5,28.5,28,28.5,28.5,27.5,27,26.5,25.5,25.5,25.5,25.5,25,25.5,25.5,25.5,25.5,25.5,25.5,25.5",
            "valuesCsvInArray": [
                24.5,
                24.5,
                24.5,
                25.5,
                26.5,
                28.5,
                28.0,
                28.5,
                28.5,
                27.5,
                27.0,
                26.5,
                25.5,
                25.5,
                25.5,
                25.5,
                25.0,
                25.5,
                25.5,
                25.5,
                25.5,
                25.5,
                25.5,
                25.5
            ],
            "remarks": null,
            "dailyMin": 24.50,
            "dailyMax": 28.50,
            "dailyAvg": 26.06,
            "dailySum": 625.50,
            "dailyCount": 24,
            "createdBy": null,
            "createdOn": null,
            "updatedBy": null,
            "updatedOn": null,
            "lastSyncDate": null
        },
        {
            "obsdatahrId": 237389,
            "stationId": 45,
            "datatypeId": 41,
            "frequency": 24,
            "datetime1": "2005-05-31T08:30:00",
            "valuesCsv": "28.5,28.5,30.5,32,33.5,34,34,31,27.5,28.5,27,24,24.5,25,24.5,24.5,24.5,24.5,24.5,24.5,24,24,24,24",
            "valuesCsvInArray": [
                28.5,
                28.5,
                30.5,
                32.0,
                33.5,
                34.0,
                34.0,
                31.0,
                27.5,
                28.5,
                27.0,
                24.0,
                24.5,
                25.0,
                24.5,
                24.5,
                24.5,
                24.5,
                24.5,
                24.5,
                24.0,
                24.0,
                24.0,
                24.0
            ],
            "remarks": null,
            "dailyMin": 24.00,
            "dailyMax": 34.00,
            "dailyAvg": 27.15,
            "dailySum": 651.50,
            "dailyCount": 24,
            "createdBy": null,
            "createdOn": null,
            "updatedBy": null,
            "updatedOn": null,
            "lastSyncDate": null
        },
        {
            "obsdatahrId": 237388,
            "stationId": 45,
            "datatypeId": 41,
            "frequency": 24,
            "datetime1": "2005-05-30T08:30:00",
            "valuesCsv": "29,30.5,31.5,32.5,33.5,34.5,35.5,34.5,28.5,27.5,27,26.5,26.5,26,26,26,26,26,26,25.5,25.5,25.5,26.5,27.5",
            "valuesCsvInArray": [
                29.0,
                30.5,
                31.5,
                32.5,
                33.5,
                34.5,
                35.5,
                34.5,
                28.5,
                27.5,
                27.0,
                26.5,
                26.5,
                26.0,
                26.0,
                26.0,
                26.0,
                26.0,
                26.0,
                25.5,
                25.5,
                25.5,
                26.5,
                27.5
            ],
            "remarks": null,
            "dailyMin": 25.50,
            "dailyMax": 35.50,
            "dailyAvg": 28.50,
            "dailySum": 684.00,
            "dailyCount": 24,
            "createdBy": null,
            "createdOn": null,
            "updatedBy": null,
            "updatedOn": null,
            "lastSyncDate": null
        },
        {
            "obsdatahrId": 237387,
            "stationId": 45,
            "datatypeId": 41,
            "frequency": 24,
            "datetime1": "2005-05-29T08:30:00",
            "valuesCsv": "27,28,31.5,32.5,32.5,31.5,31.5,31,31,31,30.5,29,29,28.5,27.5,25.5,23.5,22.5,22.5,22,21.5,21.5,22.5,22.5",
            "valuesCsvInArray": [
                27.0,
                28.0,
                31.5,
                32.5,
                32.5,
                31.5,
                31.5,
                31.0,
                31.0,
                31.0,
                30.5,
                29.0,
                29.0,
                28.5,
                27.5,
                25.5,
                23.5,
                22.5,
                22.5,
                22.0,
                21.5,
                21.5,
                22.5,
                22.5
            ],
            "remarks": null,
            "dailyMin": 21.50,
            "dailyMax": 32.50,
            "dailyAvg": 27.33,
            "dailySum": 656.00,
            "dailyCount": 24,
            "createdBy": null,
            "createdOn": null,
            "updatedBy": null,
            "updatedOn": null,
            "lastSyncDate": null
        },
        {
            "obsdatahrId": 237386,
            "stationId": 45,
            "datatypeId": 41,
            "frequency": 24,
            "datetime1": "2005-05-28T08:30:00",
            "valuesCsv": "28,30,32,34,36,37.5,37.5,36.5,36,34.5,36,34.5,34,32.5,32,31,28,26.5,25,24,22.5,21.5,21.5,24",
            "valuesCsvInArray": [
                28.0,
                30.0,
                32.0,
                34.0,
                36.0,
                37.5,
                37.5,
                36.5,
                36.0,
                34.5,
                36.0,
                34.5,
                34.0,
                32.5,
                32.0,
                31.0,
                28.0,
                26.5,
                25.0,
                24.0,
                22.5,
                21.5,
                21.5,
                24.0
            ],
            "remarks": null,
            "dailyMin": 21.50,
            "dailyMax": 37.50,
            "dailyAvg": 30.63,
            "dailySum": 735.00,
            "dailyCount": 24,
            "createdBy": null,
            "createdOn": null,
            "updatedBy": null,
            "updatedOn": null,
            "lastSyncDate": null
        },
        {
            "obsdatahrId": 237385,
            "stationId": 45,
            "datatypeId": 41,
            "frequency": 24,
            "datetime1": "2005-05-27T08:30:00",
            "valuesCsv": "27,29.5,32.5,34,35.5,36.5,36.5,36.5,36.5,36.5,36,32,29,28.5,28.5,28,28,28,27.5,27.5,27.5,27,27,26",
            "valuesCsvInArray": [
                27.0,
                29.5,
                32.5,
                34.0,
                35.5,
                36.5,
                36.5,
                36.5,
                36.5,
                36.5,
                36.0,
                32.0,
                29.0,
                28.5,
                28.5,
                28.0,
                28.0,
                28.0,
                27.5,
                27.5,
                27.5,
                27.0,
                27.0,
                26.0
            ],
            "remarks": null,
            "dailyMin": 26.00,
            "dailyMax": 36.50,
            "dailyAvg": 30.90,
            "dailySum": 741.50,
            "dailyCount": 24,
            "createdBy": null,
            "createdOn": null,
            "updatedBy": null,
            "updatedOn": null,
            "lastSyncDate": null
        },
        {
            "obsdatahrId": 237384,
            "stationId": 45,
            "datatypeId": 41,
            "frequency": 24,
            "datetime1": "2005-05-26T08:30:00",
            "valuesCsv": "28,28.5,31,34,35.5,37,38,38.5,38.5,38.5,38.5,35,32.5,29,25,25,25,24,22.5,21.5,22.5,23,24.5,24",
            "valuesCsvInArray": [
                28.0,
                28.5,
                31.0,
                34.0,
                35.5,
                37.0,
                38.0,
                38.5,
                38.5,
                38.5,
                38.5,
                35.0,
                32.5,
                29.0,
                25.0,
                25.0,
                25.0,
                24.0,
                22.5,
                21.5,
                22.5,
                23.0,
                24.5,
                24.0
            ],
            "remarks": null,
            "dailyMin": 21.50,
            "dailyMax": 38.50,
            "dailyAvg": 29.98,
            "dailySum": 719.50,
            "dailyCount": 24,
            "createdBy": null,
            "createdOn": null,
            "updatedBy": null,
            "updatedOn": null,
            "lastSyncDate": null
        },
        {
            "obsdatahrId": 237383,
            "stationId": 45,
            "datatypeId": 41,
            "frequency": 24,
            "datetime1": "2005-05-25T08:30:00",
            "valuesCsv": "28.5,32,34.5,38,39.5,40,40,40,38,37,34.5,32.5,31,30,27,24,23.5,23,22.5,22.5,22.5,22.5,22.5,26.5",
            "valuesCsvInArray": [
                28.5,
                32.0,
                34.5,
                38.0,
                39.5,
                40.0,
                40.0,
                40.0,
                38.0,
                37.0,
                34.5,
                32.5,
                31.0,
                30.0,
                27.0,
                24.0,
                23.5,
                23.0,
                22.5,
                22.5,
                22.5,
                22.5,
                22.5,
                26.5
            ],
            "remarks": null,
            "dailyMin": 22.50,
            "dailyMax": 40.00,
            "dailyAvg": 30.50,
            "dailySum": 732.00,
            "dailyCount": 24,
            "createdBy": null,
            "createdOn": null,
            "updatedBy": null,
            "updatedOn": null,
            "lastSyncDate": null
        },
        {
            "obsdatahrId": 237382,
            "stationId": 45,
            "datatypeId": 41,
            "frequency": 24,
            "datetime1": "2005-05-24T08:30:00",
            "valuesCsv": "26,27,29,32.5,35,36.5,38.5,39,39,39,36,31,28.5,27.8,27,24.5,25,23.4,23,22.5,21.5,21.5,23,28",
            "valuesCsvInArray": [
                26.0,
                27.0,
                29.0,
                32.5,
                35.0,
                36.5,
                38.5,
                39.0,
                39.0,
                39.0,
                36.0,
                31.0,
                28.5,
                27.8,
                27.0,
                24.5,
                25.0,
                23.4,
                23.0,
                22.5,
                21.5,
                21.5,
                23.0,
                28.0
            ],
            "remarks": null,
            "dailyMin": 21.50,
            "dailyMax": 39.00,
            "dailyAvg": 29.34,
            "dailySum": 704.20,
            "dailyCount": 24,
            "createdBy": null,
            "createdOn": null,
            "updatedBy": null,
            "updatedOn": null,
            "lastSyncDate": null
        },
        {
            "obsdatahrId": 237381,
            "stationId": 45,
            "datatypeId": 41,
            "frequency": 24,
            "datetime1": "2005-05-23T08:30:00",
            "valuesCsv": "26,27.5,29.5,33,35.5,39,38,37.5,36,34.5,31,30,28.5,29,27.5,28.5,28.5,28,26.5,25.5,24.5,24,23.5,26.5",
            "valuesCsvInArray": [
                26.0,
                27.5,
                29.5,
                33.0,
                35.5,
                39.0,
                38.0,
                37.5,
                36.0,
                34.5,
                31.0,
                30.0,
                28.5,
                29.0,
                27.5,
                28.5,
                28.5,
                28.0,
                26.5,
                25.5,
                24.5,
                24.0,
                23.5,
                26.5
            ],
            "remarks": null,
            "dailyMin": 23.50,
            "dailyMax": 39.00,
            "dailyAvg": 29.92,
            "dailySum": 718.00,
            "dailyCount": 24,
            "createdBy": null,
            "createdOn": null,
            "updatedBy": null,
            "updatedOn": null,
            "lastSyncDate": null
        },
        {
            "obsdatahrId": 237380,
            "stationId": 45,
            "datatypeId": 41,
            "frequency": 24,
            "datetime1": "2005-05-22T08:30:00",
            "valuesCsv": "26.5,28.5,32,33,36,39,38,37.5,37.5,35.5,33.5,32,31,27.5,27.5,27,27.5,27,27,26,25.5,25.5,25.5,25.5",
            "valuesCsvInArray": [
                26.5,
                28.5,
                32.0,
                33.0,
                36.0,
                39.0,
                38.0,
                37.5,
                37.5,
                35.5,
                33.5,
                32.0,
                31.0,
                27.5,
                27.5,
                27.0,
                27.5,
                27.0,
                27.0,
                26.0,
                25.5,
                25.5,
                25.5,
                25.5
            ],
            "remarks": null,
            "dailyMin": 25.50,
            "dailyMax": 39.00,
            "dailyAvg": 30.48,
            "dailySum": 731.50,
            "dailyCount": 24,
            "createdBy": null,
            "createdOn": null,
            "updatedBy": null,
            "updatedOn": null,
            "lastSyncDate": null
        },
        {
            "obsdatahrId": 237379,
            "stationId": 45,
            "datatypeId": 41,
            "frequency": 24,
            "datetime1": "2005-05-21T08:30:00",
            "valuesCsv": "28.5,30.5,33,34.5,31.5,32,33.5,32.5,30,31,29,28.5,27.5,27.5,26.5,26.5,26.5,26.5,26,25.5,25.5,25.5,26,28",
            "valuesCsvInArray": [
                28.5,
                30.5,
                33.0,
                34.5,
                31.5,
                32.0,
                33.5,
                32.5,
                30.0,
                31.0,
                29.0,
                28.5,
                27.5,
                27.5,
                26.5,
                26.5,
                26.5,
                26.5,
                26.0,
                25.5,
                25.5,
                25.5,
                26.0,
                28.0
            ],
            "remarks": null,
            "dailyMin": 25.50,
            "dailyMax": 34.50,
            "dailyAvg": 28.83,
            "dailySum": 692.00,
            "dailyCount": 24,
            "createdBy": null,
            "createdOn": null,
            "updatedBy": null,
            "updatedOn": null,
            "lastSyncDate": null
        },
        {
            "obsdatahrId": 237378,
            "stationId": 45,
            "datatypeId": 41,
            "frequency": 24,
            "datetime1": "2005-05-20T08:30:00",
            "valuesCsv": "31,33.5,35.5,37,39.5,40,39.5,34,32.5,30.5,29,28.5,27.5,27,26.5,26.5,26,25.5,25.5,25.5,25.5,25.5,25.5,26",
            "valuesCsvInArray": [
                31.0,
                33.5,
                35.5,
                37.0,
                39.5,
                40.0,
                39.5,
                34.0,
                32.5,
                30.5,
                29.0,
                28.5,
                27.5,
                27.0,
                26.5,
                26.5,
                26.0,
                25.5,
                25.5,
                25.5,
                25.5,
                25.5,
                25.5,
                26.0
            ],
            "remarks": null,
            "dailyMin": 25.50,
            "dailyMax": 40.00,
            "dailyAvg": 30.13,
            "dailySum": 723.00,
            "dailyCount": 24,
            "createdBy": null,
            "createdOn": null,
            "updatedBy": null,
            "updatedOn": null,
            "lastSyncDate": null
        },
        {
            "obsdatahrId": 237375,
            "stationId": 45,
            "datatypeId": 41,
            "frequency": 24,
            "datetime1": "2005-05-19T08:30:00",
            "valuesCsv": "31.5,34,35,36.5,38,39,39.5,39,35.5,32,30.5,29,28.5,28,27.5,27,27,26.5,26.5,26,25.5,27,29,29",
            "valuesCsvInArray": [
                31.5,
                34.0,
                35.0,
                36.5,
                38.0,
                39.0,
                39.5,
                39.0,
                35.5,
                32.0,
                30.5,
                29.0,
                28.5,
                28.0,
                27.5,
                27.0,
                27.0,
                26.5,
                26.5,
                26.0,
                25.5,
                27.0,
                29.0,
                29.0
            ],
            "remarks": null,
            "dailyMin": 25.50,
            "dailyMax": 39.50,
            "dailyAvg": 31.13,
            "dailySum": 747.00,
            "dailyCount": 24,
            "createdBy": null,
            "createdOn": null,
            "updatedBy": null,
            "updatedOn": null,
            "lastSyncDate": null
        },
        {
            "obsdatahrId": 237372,
            "stationId": 45,
            "datatypeId": 41,
            "frequency": 24,
            "datetime1": "2005-05-18T08:30:00",
            "valuesCsv": "28,30,34,35,36,37,37,36,35,35.5,26,24.5,23.5,22.5,22.5,22,21.5,21.5,21,21,21,21.5,22.5,23.5",
            "valuesCsvInArray": [
                28.0,
                30.0,
                34.0,
                35.0,
                36.0,
                37.0,
                37.0,
                36.0,
                35.0,
                35.5,
                26.0,
                24.5,
                23.5,
                22.5,
                22.5,
                22.0,
                21.5,
                21.5,
                21.0,
                21.0,
                21.0,
                21.5,
                22.5,
                23.5
            ],
            "remarks": null,
            "dailyMin": 21.00,
            "dailyMax": 37.00,
            "dailyAvg": 27.42,
            "dailySum": 658.00,
            "dailyCount": 24,
            "createdBy": null,
            "createdOn": null,
            "updatedBy": null,
            "updatedOn": null,
            "lastSyncDate": null
        },
        {
            "obsdatahrId": 237371,
            "stationId": 45,
            "datatypeId": 41,
            "frequency": 24,
            "datetime1": "2005-05-17T08:30:00",
            "valuesCsv": "31.5,33.5,36.5,37,37.5,38,37.5,36.5,34,31.5,29,28,27,26.5,26,25.5,25,24.5,24.5,24.5,24.5,24.5,24.5,25.5",
            "valuesCsvInArray": [
                31.5,
                33.5,
                36.5,
                37.0,
                37.5,
                38.0,
                37.5,
                36.5,
                34.0,
                31.5,
                29.0,
                28.0,
                27.0,
                26.5,
                26.0,
                25.5,
                25.0,
                24.5,
                24.5,
                24.5,
                24.5,
                24.5,
                24.5,
                25.5
            ],
            "remarks": null,
            "dailyMin": 24.50,
            "dailyMax": 38.00,
            "dailyAvg": 29.71,
            "dailySum": 713.00,
            "dailyCount": 24,
            "createdBy": null,
            "createdOn": null,
            "updatedBy": null,
            "updatedOn": null,
            "lastSyncDate": null
        },
        {
            "obsdatahrId": 237370,
            "stationId": 45,
            "datatypeId": 41,
            "frequency": 24,
            "datetime1": "2005-05-16T08:30:00",
            "valuesCsv": "31.5,33.5,36,36.5,37.5,37.5,37.5,36.5,34.5,32,28.5,28.5,27.5,26.5,26.5,26,25.5,25,24.5,24,24.5,26,28,28.5",
            "valuesCsvInArray": [
                31.5,
                33.5,
                36.0,
                36.5,
                37.5,
                37.5,
                37.5,
                36.5,
                34.5,
                32.0,
                28.5,
                28.5,
                27.5,
                26.5,
                26.5,
                26.0,
                25.5,
                25.0,
                24.5,
                24.0,
                24.5,
                26.0,
                28.0,
                28.5
            ],
            "remarks": null,
            "dailyMin": 24.00,
            "dailyMax": 37.50,
            "dailyAvg": 30.10,
            "dailySum": 722.50,
            "dailyCount": 24,
            "createdBy": null,
            "createdOn": null,
            "updatedBy": null,
            "updatedOn": null,
            "lastSyncDate": null
        },
        {
            "obsdatahrId": 237369,
            "stationId": 45,
            "datatypeId": 41,
            "frequency": 24,
            "datetime1": "2005-05-15T08:30:00",
            "valuesCsv": "31,33.5,36,37,37,37.5,37.5,37,36,34,31,28.5,27.5,26.5,25.5,25.5,24.5,24.5,24.5,24.5,24.5,24.5,23.5,23.5",
            "valuesCsvInArray": [
                31.0,
                33.5,
                36.0,
                37.0,
                37.0,
                37.5,
                37.5,
                37.0,
                36.0,
                34.0,
                31.0,
                28.5,
                27.5,
                26.5,
                25.5,
                25.5,
                24.5,
                24.5,
                24.5,
                24.5,
                24.5,
                24.5,
                23.5,
                23.5
            ],
            "remarks": null,
            "dailyMin": 23.50,
            "dailyMax": 37.50,
            "dailyAvg": 29.79,
            "dailySum": 715.00,
            "dailyCount": 24,
            "createdBy": null,
            "createdOn": null,
            "updatedBy": null,
            "updatedOn": null,
            "lastSyncDate": null
        },
        {
            "obsdatahrId": 237368,
            "stationId": 45,
            "datatypeId": 41,
            "frequency": 24,
            "datetime1": "2005-05-14T08:30:00",
            "valuesCsv": "29.5,32.5,34,36,37,37,37.5,37.5,36,34,32,29.5,29.5,27.5,27.5,27,26.5,26,25.5,25,24.5,25,26.5,28.5",
            "valuesCsvInArray": [
                29.5,
                32.5,
                34.0,
                36.0,
                37.0,
                37.0,
                37.5,
                37.5,
                36.0,
                34.0,
                32.0,
                29.5,
                29.5,
                27.5,
                27.5,
                27.0,
                26.5,
                26.0,
                25.5,
                25.0,
                24.5,
                25.0,
                26.5,
                28.5
            ],
            "remarks": null,
            "dailyMin": 24.50,
            "dailyMax": 37.50,
            "dailyAvg": 30.48,
            "dailySum": 731.50,
            "dailyCount": 24,
            "createdBy": null,
            "createdOn": null,
            "updatedBy": null,
            "updatedOn": null,
            "lastSyncDate": null
        },
        {
            "obsdatahrId": 237367,
            "stationId": 45,
            "datatypeId": 41,
            "frequency": 24,
            "datetime1": "2005-05-13T08:30:00",
            "valuesCsv": "30.5,32.5,34,35.5,36.5,36.5,36.5,36,35,32,30.5,28.5,27.5,27,26.5,26,25.5,25.5,26,24,24.5,24,24,26",
            "valuesCsvInArray": [
                30.5,
                32.5,
                34.0,
                35.5,
                36.5,
                36.5,
                36.5,
                36.0,
                35.0,
                32.0,
                30.5,
                28.5,
                27.5,
                27.0,
                26.5,
                26.0,
                25.5,
                25.5,
                26.0,
                24.0,
                24.5,
                24.0,
                24.0,
                26.0
            ],
            "remarks": null,
            "dailyMin": 24.00,
            "dailyMax": 36.50,
            "dailyAvg": 29.60,
            "dailySum": 710.50,
            "dailyCount": 24,
            "createdBy": null,
            "createdOn": null,
            "updatedBy": null,
            "updatedOn": null,
            "lastSyncDate": null
        },
        {
            "obsdatahrId": 237366,
            "stationId": 45,
            "datatypeId": 41,
            "frequency": 24,
            "datetime1": "2005-05-12T08:30:00",
            "valuesCsv": "27.5,31,32.5,34.5,35.5,36,36.5,35.5,36,33.5,31.5,29.5,28,27.5,27,26,26.5,26,26.5,25.5,25.5,25.5,26.5,27.5",
            "valuesCsvInArray": [
                27.5,
                31.0,
                32.5,
                34.5,
                35.5,
                36.0,
                36.5,
                35.5,
                36.0,
                33.5,
                31.5,
                29.5,
                28.0,
                27.5,
                27.0,
                26.0,
                26.5,
                26.0,
                26.5,
                25.5,
                25.5,
                25.5,
                26.5,
                27.5
            ],
            "remarks": null,
            "dailyMin": 25.50,
            "dailyMax": 36.50,
            "dailyAvg": 29.90,
            "dailySum": 717.50,
            "dailyCount": 24,
            "createdBy": null,
            "createdOn": null,
            "updatedBy": null,
            "updatedOn": null,
            "lastSyncDate": null
        },
        {
            "obsdatahrId": 237365,
            "stationId": 45,
            "datatypeId": 41,
            "frequency": 24,
            "datetime1": "2005-05-11T08:30:00",
            "valuesCsv": "28,29.5,32,33.5,34.5,35,34.5,28,28.5,30.5,29.5,29,28,27.5,26.5,25,26.5,25.5,25.5,25.5,25,26,25.5,26.5",
            "valuesCsvInArray": [
                28.0,
                29.5,
                32.0,
                33.5,
                34.5,
                35.0,
                34.5,
                28.0,
                28.5,
                30.5,
                29.5,
                29.0,
                28.0,
                27.5,
                26.5,
                25.0,
                26.5,
                25.5,
                25.5,
                25.5,
                25.0,
                26.0,
                25.5,
                26.5
            ],
            "remarks": null,
            "dailyMin": 25.00,
            "dailyMax": 35.00,
            "dailyAvg": 28.56,
            "dailySum": 685.50,
            "dailyCount": 24,
            "createdBy": null,
            "createdOn": null,
            "updatedBy": null,
            "updatedOn": null,
            "lastSyncDate": null
        },
        {
            "obsdatahrId": 237363,
            "stationId": 45,
            "datatypeId": 41,
            "frequency": 24,
            "datetime1": "2005-05-10T08:30:00",
            "valuesCsv": "27,29.5,31.5,33.5,34.5,36,34,33.5,33.5,31,29.5,28,27,26.5,26.5,26.5,24.5,24.5,24,23.5,23.5,23.5,24,25.5",
            "valuesCsvInArray": [
                27.0,
                29.5,
                31.5,
                33.5,
                34.5,
                36.0,
                34.0,
                33.5,
                33.5,
                31.0,
                29.5,
                28.0,
                27.0,
                26.5,
                26.5,
                26.5,
                24.5,
                24.5,
                24.0,
                23.5,
                23.5,
                23.5,
                24.0,
                25.5
            ],
            "remarks": null,
            "dailyMin": 23.50,
            "dailyMax": 36.00,
            "dailyAvg": 28.38,
            "dailySum": 681.00,
            "dailyCount": 24,
            "createdBy": null,
            "createdOn": null,
            "updatedBy": null,
            "updatedOn": null,
            "lastSyncDate": null
        },
        {
            "obsdatahrId": 237362,
            "stationId": 45,
            "datatypeId": 41,
            "frequency": 24,
            "datetime1": "2005-05-09T08:30:00",
            "valuesCsv": "27.5,30,32,34,34.5,34.5,35,34.5,34.5,33,31,28.5,27,26,25.5,26,24.5,24.5,23.5,23.5,23.5,23.5,23.5,24.5",
            "valuesCsvInArray": [
                27.5,
                30.0,
                32.0,
                34.0,
                34.5,
                34.5,
                35.0,
                34.5,
                34.5,
                33.0,
                31.0,
                28.5,
                27.0,
                26.0,
                25.5,
                26.0,
                24.5,
                24.5,
                23.5,
                23.5,
                23.5,
                23.5,
                23.5,
                24.5
            ],
            "remarks": null,
            "dailyMin": 23.50,
            "dailyMax": 35.00,
            "dailyAvg": 28.52,
            "dailySum": 684.50,
            "dailyCount": 24,
            "createdBy": null,
            "createdOn": null,
            "updatedBy": null,
            "updatedOn": null,
            "lastSyncDate": null
        },
        {
            "obsdatahrId": 237361,
            "stationId": 45,
            "datatypeId": 41,
            "frequency": 24,
            "datetime1": "2005-05-08T08:30:00",
            "valuesCsv": "27,30,32,33.5,35,35,35.5,36.5,36,34.5,32.5,31,29.5,28.5,27,27.5,26.5,25.5,24.5,24.5,24,23.5,23.5,23.5",
            "valuesCsvInArray": [
                27.0,
                30.0,
                32.0,
                33.5,
                35.0,
                35.0,
                35.5,
                36.5,
                36.0,
                34.5,
                32.5,
                31.0,
                29.5,
                28.5,
                27.0,
                27.5,
                26.5,
                25.5,
                24.5,
                24.5,
                24.0,
                23.5,
                23.5,
                23.5
            ],
            "remarks": null,
            "dailyMin": 23.50,
            "dailyMax": 36.50,
            "dailyAvg": 29.44,
            "dailySum": 706.50,
            "dailyCount": 24,
            "createdBy": null,
            "createdOn": null,
            "updatedBy": null,
            "updatedOn": null,
            "lastSyncDate": null
        },
        {
            "obsdatahrId": 237360,
            "stationId": 45,
            "datatypeId": 41,
            "frequency": 24,
            "datetime1": "2005-05-07T08:30:00",
            "valuesCsv": "26.529,31,33.5,34.5,35,36,34.5,33.5,32,30,28.5,27.5,26.5,26.5,26.5,24.5,24,23.5,23.5,23.5,22.5,22.5,22.5,23.5",
            "valuesCsvInArray": [
                26.529,
                31.0,
                33.5,
                34.5,
                35.0,
                36.0,
                34.5,
                33.5,
                32.0,
                30.0,
                28.5,
                27.5,
                26.5,
                26.5,
                26.5,
                24.5,
                24.0,
                23.5,
                23.5,
                23.5,
                22.5,
                22.5,
                22.5,
                23.5
            ],
            "remarks": null,
            "dailyMin": 22.50,
            "dailyMax": 36.00,
            "dailyAvg": 28.00,
            "dailySum": 672.03,
            "dailyCount": 24,
            "createdBy": null,
            "createdOn": null,
            "updatedBy": null,
            "updatedOn": null,
            "lastSyncDate": null
        },
        {
            "obsdatahrId": 237359,
            "stationId": 45,
            "datatypeId": 41,
            "frequency": 24,
            "datetime1": "2005-05-06T08:30:00",
            "valuesCsv": "26,26,31,32,32.5,33.5,34,34,33.5,32,30,28.5,27,25,26,24.5,23.5,23.5,23,22.5,22.5,22,22.5,24",
            "valuesCsvInArray": [
                26.0,
                26.0,
                31.0,
                32.0,
                32.5,
                33.5,
                34.0,
                34.0,
                33.5,
                32.0,
                30.0,
                28.5,
                27.0,
                25.0,
                26.0,
                24.5,
                23.5,
                23.5,
                23.0,
                22.5,
                22.5,
                22.0,
                22.5,
                24.0
            ],
            "remarks": null,
            "dailyMin": 22.00,
            "dailyMax": 34.00,
            "dailyAvg": 27.46,
            "dailySum": 659.00,
            "dailyCount": 24,
            "createdBy": null,
            "createdOn": null,
            "updatedBy": null,
            "updatedOn": null,
            "lastSyncDate": null
        },
        {
            "obsdatahrId": 237358,
            "stationId": 45,
            "datatypeId": 41,
            "frequency": 24,
            "datetime1": "2005-05-05T08:30:00",
            "valuesCsv": "25.5,28,29.5,31.5,32,32.5,34,34,34,31.5,29,27,25.5,25.5,25.5,25.5,25.5,25.5,25.5,25.5,25.5,25.5,25.5,25.5",
            "valuesCsvInArray": [
                25.5,
                28.0,
                29.5,
                31.5,
                32.0,
                32.5,
                34.0,
                34.0,
                34.0,
                31.5,
                29.0,
                27.0,
                25.5,
                25.5,
                25.5,
                25.5,
                25.5,
                25.5,
                25.5,
                25.5,
                25.5,
                25.5,
                25.5,
                25.5
            ],
            "remarks": null,
            "dailyMin": 25.50,
            "dailyMax": 34.00,
            "dailyAvg": 28.10,
            "dailySum": 674.50,
            "dailyCount": 24,
            "createdBy": null,
            "createdOn": null,
            "updatedBy": null,
            "updatedOn": null,
            "lastSyncDate": null
        },
        {
            "obsdatahrId": 237357,
            "stationId": 45,
            "datatypeId": 41,
            "frequency": 24,
            "datetime1": "2005-05-04T08:30:00",
            "valuesCsv": "26.5,28,29.5,30.5,32,33,30,31,29,29,29,28.5,27.5,26.5,26,25.5,25,24.5,24.5,24,24,23.5,23.5,24",
            "valuesCsvInArray": [
                26.5,
                28.0,
                29.5,
                30.5,
                32.0,
                33.0,
                30.0,
                31.0,
                29.0,
                29.0,
                29.0,
                28.5,
                27.5,
                26.5,
                26.0,
                25.5,
                25.0,
                24.5,
                24.5,
                24.0,
                24.0,
                23.5,
                23.5,
                24.0
            ],
            "remarks": null,
            "dailyMin": 23.50,
            "dailyMax": 33.00,
            "dailyAvg": 27.27,
            "dailySum": 654.50,
            "dailyCount": 24,
            "createdBy": null,
            "createdOn": null,
            "updatedBy": null,
            "updatedOn": null,
            "lastSyncDate": null
        },
        {
            "obsdatahrId": 237356,
            "stationId": 45,
            "datatypeId": 41,
            "frequency": 24,
            "datetime1": "2005-05-03T08:30:00",
            "valuesCsv": "28,29.5,31.5,32.5,32.5,27,25,26.5,27,27,25.5,25.5,25.5,25.5,25.5,25.5,24.5,24.5,24,24,23.5,23.5,23.5,24",
            "valuesCsvInArray": [
                28.0,
                29.5,
                31.5,
                32.5,
                32.5,
                27.0,
                25.0,
                26.5,
                27.0,
                27.0,
                25.5,
                25.5,
                25.5,
                25.5,
                25.5,
                25.5,
                24.5,
                24.5,
                24.0,
                24.0,
                23.5,
                23.5,
                23.5,
                24.0
            ],
            "remarks": null,
            "dailyMin": 23.50,
            "dailyMax": 32.50,
            "dailyAvg": 26.29,
            "dailySum": 631.00,
            "dailyCount": 24,
            "createdBy": null,
            "createdOn": null,
            "updatedBy": null,
            "updatedOn": null,
            "lastSyncDate": null
        },
        {
            "obsdatahrId": 237355,
            "stationId": 45,
            "datatypeId": 41,
            "frequency": 24,
            "datetime1": "2005-05-02T08:30:00",
            "valuesCsv": "25.5,23.5,31,34.5,35,36,36,36,32.5,31,28.5,27.5,26.5,26,25.5,25.5,25,25,24.5,24.5,24.5,24.5,25,25.5",
            "valuesCsvInArray": [
                25.5,
                23.5,
                31.0,
                34.5,
                35.0,
                36.0,
                36.0,
                36.0,
                32.5,
                31.0,
                28.5,
                27.5,
                26.5,
                26.0,
                25.5,
                25.5,
                25.0,
                25.0,
                24.5,
                24.5,
                24.5,
                24.5,
                25.0,
                25.5
            ],
            "remarks": null,
            "dailyMin": 23.50,
            "dailyMax": 36.00,
            "dailyAvg": 28.29,
            "dailySum": 679.00,
            "dailyCount": 24,
            "createdBy": null,
            "createdOn": null,
            "updatedBy": null,
            "updatedOn": null,
            "lastSyncDate": null
        },
        {
            "obsdatahrId": 237354,
            "stationId": 45,
            "datatypeId": 41,
            "frequency": 24,
            "datetime1": "2005-05-01T08:30:00",
            "valuesCsv": "28.5,30.5,32,33.5,35,35.5,35,34.5,33.5,32,29.5,28,26.5,25.5,24.5,24,23.5,23.5,23,23,23,23.5,23.5,24",
            "valuesCsvInArray": [
                28.5,
                30.5,
                32.0,
                33.5,
                35.0,
                35.5,
                35.0,
                34.5,
                33.5,
                32.0,
                29.5,
                28.0,
                26.5,
                25.5,
                24.5,
                24.0,
                23.5,
                23.5,
                23.0,
                23.0,
                23.0,
                23.5,
                23.5,
                24.0
            ],
            "remarks": null,
            "dailyMin": 23.00,
            "dailyMax": 35.50,
            "dailyAvg": 28.13,
            "dailySum": 675.00,
            "dailyCount": 24,
            "createdBy": null,
            "createdOn": null,
            "updatedBy": null,
            "updatedOn": null,
            "lastSyncDate": null
        },
        {
            "obsdatahrId": 237353,
            "stationId": 45,
            "datatypeId": 41,
            "frequency": 24,
            "datetime1": "2005-04-30T08:30:00",
            "valuesCsv": "29.5,31.5,32.5,33.5,34.5,35,35.5,35.5,35.5,33,31.5,30,28.5,27.5,26.5,25.5,25,24.5,24.5,23.5,22.5,23,25.5,26.5",
            "valuesCsvInArray": [
                29.5,
                31.5,
                32.5,
                33.5,
                34.5,
                35.0,
                35.5,
                35.5,
                35.5,
                33.0,
                31.5,
                30.0,
                28.5,
                27.5,
                26.5,
                25.5,
                25.0,
                24.5,
                24.5,
                23.5,
                22.5,
                23.0,
                25.5,
                26.5
            ],
            "remarks": null,
            "dailyMin": 22.50,
            "dailyMax": 35.50,
            "dailyAvg": 29.19,
            "dailySum": 700.50,
            "dailyCount": 24,
            "createdBy": null,
            "createdOn": null,
            "updatedBy": null,
            "updatedOn": null,
            "lastSyncDate": null
        },
        {
            "obsdatahrId": 237352,
            "stationId": 45,
            "datatypeId": 41,
            "frequency": 24,
            "datetime1": "2005-04-29T08:30:00",
            "valuesCsv": "28.5,31,33.5,34.5,35.5,35.5,36,36,36,33.5,31,29.5,28.5,27.5,26.5,26,25.5,25,24.5,23,23,25,26,26",
            "valuesCsvInArray": [
                28.5,
                31.0,
                33.5,
                34.5,
                35.5,
                35.5,
                36.0,
                36.0,
                36.0,
                33.5,
                31.0,
                29.5,
                28.5,
                27.5,
                26.5,
                26.0,
                25.5,
                25.0,
                24.5,
                23.0,
                23.0,
                25.0,
                26.0,
                26.0
            ],
            "remarks": null,
            "dailyMin": 23.00,
            "dailyMax": 36.00,
            "dailyAvg": 29.46,
            "dailySum": 707.00,
            "dailyCount": 24,
            "createdBy": null,
            "createdOn": null,
            "updatedBy": null,
            "updatedOn": null,
            "lastSyncDate": null
        },
        {
            "obsdatahrId": 237351,
            "stationId": 45,
            "datatypeId": 41,
            "frequency": 24,
            "datetime1": "2005-04-28T08:30:00",
            "valuesCsv": "28.5,31,33,34.5,35.5,35.5,29,32.5,31,28.5,28,26,26.5,25.5,24.5,24.5,24.5,24,23.5,23,22.5,24.5,26.5,26.5",
            "valuesCsvInArray": [
                28.5,
                31.0,
                33.0,
                34.5,
                35.5,
                35.5,
                29.0,
                32.5,
                31.0,
                28.5,
                28.0,
                26.0,
                26.5,
                25.5,
                24.5,
                24.5,
                24.5,
                24.0,
                23.5,
                23.0,
                22.5,
                24.5,
                26.5,
                26.5
            ],
            "remarks": null,
            "dailyMin": 22.50,
            "dailyMax": 35.50,
            "dailyAvg": 27.88,
            "dailySum": 669.00,
            "dailyCount": 24,
            "createdBy": null,
            "createdOn": null,
            "updatedBy": null,
            "updatedOn": null,
            "lastSyncDate": null
        },
        {
            "obsdatahrId": 237350,
            "stationId": 45,
            "datatypeId": 41,
            "frequency": 24,
            "datetime1": "2005-04-27T08:30:00",
            "valuesCsv": "29.5,32,33,34.5,35.5,34.5,27,31,29.5,27,26,26.5,26.5,26.5,26.5,26,24.5,24.5,26,27,27.5,27.5,27.5,27.5",
            "valuesCsvInArray": [
                29.5,
                32.0,
                33.0,
                34.5,
                35.5,
                34.5,
                27.0,
                31.0,
                29.5,
                27.0,
                26.0,
                26.5,
                26.5,
                26.5,
                26.5,
                26.0,
                24.5,
                24.5,
                26.0,
                27.0,
                27.5,
                27.5,
                27.5,
                27.5
            ],
            "remarks": null,
            "dailyMin": 24.50,
            "dailyMax": 35.50,
            "dailyAvg": 28.48,
            "dailySum": 683.50,
            "dailyCount": 24,
            "createdBy": null,
            "createdOn": null,
            "updatedBy": null,
            "updatedOn": null,
            "lastSyncDate": null
        },
        {
            "obsdatahrId": 237349,
            "stationId": 45,
            "datatypeId": 41,
            "frequency": 24,
            "datetime1": "2005-04-26T08:30:00",
            "valuesCsv": "28,30,31.5,33,34,34.5,35,35,35,34.5,32,30,29,28.5,28.5,28.5,27.5,27.5,26.5,26.5,26.5,26,26,27",
            "valuesCsvInArray": [
                28.0,
                30.0,
                31.5,
                33.0,
                34.0,
                34.5,
                35.0,
                35.0,
                35.0,
                34.5,
                32.0,
                30.0,
                29.0,
                28.5,
                28.5,
                28.5,
                27.5,
                27.5,
                26.5,
                26.5,
                26.5,
                26.0,
                26.0,
                27.0
            ],
            "remarks": null,
            "dailyMin": 26.00,
            "dailyMax": 35.00,
            "dailyAvg": 30.02,
            "dailySum": 720.50,
            "dailyCount": 24,
            "createdBy": null,
            "createdOn": null,
            "updatedBy": null,
            "updatedOn": null,
            "lastSyncDate": null
        },
        {
            "obsdatahrId": 237348,
            "stationId": 45,
            "datatypeId": 41,
            "frequency": 24,
            "datetime1": "2005-04-25T08:30:00",
            "valuesCsv": "27.5,29,30.5,32,33,34,34,33,29.5,28.5,28,27.5,27.5,26.5,26.5,26.5,26.5,24.5,24.5,24.5,24.5,24.5,24.5,25.5",
            "valuesCsvInArray": [
                27.5,
                29.0,
                30.5,
                32.0,
                33.0,
                34.0,
                34.0,
                33.0,
                29.5,
                28.5,
                28.0,
                27.5,
                27.5,
                26.5,
                26.5,
                26.5,
                26.5,
                24.5,
                24.5,
                24.5,
                24.5,
                24.5,
                24.5,
                25.5
            ],
            "remarks": null,
            "dailyMin": 24.50,
            "dailyMax": 34.00,
            "dailyAvg": 28.02,
            "dailySum": 672.50,
            "dailyCount": 24,
            "createdBy": null,
            "createdOn": null,
            "updatedBy": null,
            "updatedOn": null,
            "lastSyncDate": null
        },
        {
            "obsdatahrId": 237347,
            "stationId": 45,
            "datatypeId": 41,
            "frequency": 24,
            "datetime1": "2005-04-24T08:30:00",
            "valuesCsv": "25.5,28,29,30.5,32,31.5,31.5,32,31.5,30.5,29.5,23.5,26.5,25.5,25.5,25,24.5,24.5,24,23.5,23.5,24,24.5,24.5",
            "valuesCsvInArray": [
                25.5,
                28.0,
                29.0,
                30.5,
                32.0,
                31.5,
                31.5,
                32.0,
                31.5,
                30.5,
                29.5,
                23.5,
                26.5,
                25.5,
                25.5,
                25.0,
                24.5,
                24.5,
                24.0,
                23.5,
                23.5,
                24.0,
                24.5,
                24.5
            ],
            "remarks": null,
            "dailyMin": 23.50,
            "dailyMax": 32.00,
            "dailyAvg": 27.10,
            "dailySum": 650.50,
            "dailyCount": 24,
            "createdBy": null,
            "createdOn": null,
            "updatedBy": null,
            "updatedOn": null,
            "lastSyncDate": null
        },
        {
            "obsdatahrId": 237346,
            "stationId": 45,
            "datatypeId": 41,
            "frequency": 24,
            "datetime1": "2005-04-23T08:30:00",
            "valuesCsv": "25,28,29.5,30.5,31.5,31.5,31.5,31.5,31.5,30.5,30.5,30.5,27.5,26.5,26.5,26.5,25.5,25.5,25.5,25.5,25.5,24.5,24.5,24.5",
            "valuesCsvInArray": [
                25.0,
                28.0,
                29.5,
                30.5,
                31.5,
                31.5,
                31.5,
                31.5,
                31.5,
                30.5,
                30.5,
                30.5,
                27.5,
                26.5,
                26.5,
                26.5,
                25.5,
                25.5,
                25.5,
                25.5,
                25.5,
                24.5,
                24.5,
                24.5
            ],
            "remarks": null,
            "dailyMin": 24.50,
            "dailyMax": 31.50,
            "dailyAvg": 27.92,
            "dailySum": 670.00,
            "dailyCount": 24,
            "createdBy": null,
            "createdOn": null,
            "updatedBy": null,
            "updatedOn": null,
            "lastSyncDate": null
        },
        {
            "obsdatahrId": 237343,
            "stationId": 45,
            "datatypeId": 41,
            "frequency": 24,
            "datetime1": "2005-04-22T08:30:00",
            "valuesCsv": "27.5,30,32,33,34,35.5,35,33,29,26.5,25,22.5,22.5,22.5,22.5,23,23.5,23.5,23.5,23.5,23.5,23.5,23.5,23.5",
            "valuesCsvInArray": [
                27.5,
                30.0,
                32.0,
                33.0,
                34.0,
                35.5,
                35.0,
                33.0,
                29.0,
                26.5,
                25.0,
                22.5,
                22.5,
                22.5,
                22.5,
                23.0,
                23.5,
                23.5,
                23.5,
                23.5,
                23.5,
                23.5,
                23.5,
                23.5
            ],
            "remarks": null,
            "dailyMin": 22.50,
            "dailyMax": 35.50,
            "dailyAvg": 26.73,
            "dailySum": 641.50,
            "dailyCount": 24,
            "createdBy": null,
            "createdOn": null,
            "updatedBy": null,
            "updatedOn": null,
            "lastSyncDate": null
        },
        {
            "obsdatahrId": 237342,
            "stationId": 45,
            "datatypeId": 41,
            "frequency": 24,
            "datetime1": "2005-04-21T08:30:00",
            "valuesCsv": "27.5,29.5,31.5,32,33.5,34.5,34,27,23.5,24.5,25.5,25.5,25.5,25.5,25.5,25,24.5,24.5,24.5,24.5,24,24,24,25.5",
            "valuesCsvInArray": [
                27.5,
                29.5,
                31.5,
                32.0,
                33.5,
                34.5,
                34.0,
                27.0,
                23.5,
                24.5,
                25.5,
                25.5,
                25.5,
                25.5,
                25.5,
                25.0,
                24.5,
                24.5,
                24.5,
                24.5,
                24.0,
                24.0,
                24.0,
                25.5
            ],
            "remarks": null,
            "dailyMin": 23.50,
            "dailyMax": 34.50,
            "dailyAvg": 26.90,
            "dailySum": 645.50,
            "dailyCount": 24,
            "createdBy": null,
            "createdOn": null,
            "updatedBy": null,
            "updatedOn": null,
            "lastSyncDate": null
        },
        {
            "obsdatahrId": 237341,
            "stationId": 45,
            "datatypeId": 41,
            "frequency": 24,
            "datetime1": "2005-04-20T08:30:00",
            "valuesCsv": "30.5,32.5,34.5,35.5,36,37.5,35.5,30,29.5,26,24.5,24,24.5,24,24,23,23,22.5,23,23,23,23,23.5,25.5",
            "valuesCsvInArray": [
                30.5,
                32.5,
                34.5,
                35.5,
                36.0,
                37.5,
                35.5,
                30.0,
                29.5,
                26.0,
                24.5,
                24.0,
                24.5,
                24.0,
                24.0,
                23.0,
                23.0,
                22.5,
                23.0,
                23.0,
                23.0,
                23.0,
                23.5,
                25.5
            ],
            "remarks": null,
            "dailyMin": 22.50,
            "dailyMax": 37.50,
            "dailyAvg": 27.42,
            "dailySum": 658.00,
            "dailyCount": 24,
            "createdBy": null,
            "createdOn": null,
            "updatedBy": null,
            "updatedOn": null,
            "lastSyncDate": null
        },
        {
            "obsdatahrId": 237340,
            "stationId": 45,
            "datatypeId": 41,
            "frequency": 24,
            "datetime1": "2005-04-19T08:30:00",
            "valuesCsv": "31,33.5,34.5,35.5,36.5,36.5,36.5,36.5,36,34,32.5,30.5,29,27.5,27.5,27.5,27.5,27.5,26,25.5,25,25,25,28",
            "valuesCsvInArray": [
                31.0,
                33.5,
                34.5,
                35.5,
                36.5,
                36.5,
                36.5,
                36.5,
                36.0,
                34.0,
                32.5,
                30.5,
                29.0,
                27.5,
                27.5,
                27.5,
                27.5,
                27.5,
                26.0,
                25.5,
                25.0,
                25.0,
                25.0,
                28.0
            ],
            "remarks": null,
            "dailyMin": 25.00,
            "dailyMax": 36.50,
            "dailyAvg": 30.60,
            "dailySum": 734.50,
            "dailyCount": 24,
            "createdBy": null,
            "createdOn": null,
            "updatedBy": null,
            "updatedOn": null,
            "lastSyncDate": null
        },
        {
            "obsdatahrId": 237339,
            "stationId": 45,
            "datatypeId": 41,
            "frequency": 24,
            "datetime1": "2005-04-18T08:30:00",
            "valuesCsv": "28.5,31.5,33,34.5,35.5,35.5,35.5,35.5,35.5,35.5,35.5,28.5,28,27.5,27.5,27.5,25.5,25,25,24.5,24.5,24.5,24.5,27.5",
            "valuesCsvInArray": [
                28.5,
                31.5,
                33.0,
                34.5,
                35.5,
                35.5,
                35.5,
                35.5,
                35.5,
                35.5,
                35.5,
                28.5,
                28.0,
                27.5,
                27.5,
                27.5,
                25.5,
                25.0,
                25.0,
                24.5,
                24.5,
                24.5,
                24.5,
                27.5
            ],
            "remarks": null,
            "dailyMin": 24.50,
            "dailyMax": 35.50,
            "dailyAvg": 29.83,
            "dailySum": 716.00,
            "dailyCount": 24,
            "createdBy": null,
            "createdOn": null,
            "updatedBy": null,
            "updatedOn": null,
            "lastSyncDate": null
        },
        {
            "obsdatahrId": 237338,
            "stationId": 45,
            "datatypeId": 41,
            "frequency": 24,
            "datetime1": "2005-04-17T08:30:00",
            "valuesCsv": "30,32.5,33.5,34.5,35.5,35,34.5,33.5,32.5,29.5,29.5,29.5,27,27.5,27.5,27.5,27.5,27.5,27,27,27,27,26.5,26.5",
            "valuesCsvInArray": [
                30.0,
                32.5,
                33.5,
                34.5,
                35.5,
                35.0,
                34.5,
                33.5,
                32.5,
                29.5,
                29.5,
                29.5,
                27.0,
                27.5,
                27.5,
                27.5,
                27.5,
                27.5,
                27.0,
                27.0,
                27.0,
                27.0,
                26.5,
                26.5
            ],
            "remarks": null,
            "dailyMin": 26.50,
            "dailyMax": 35.50,
            "dailyAvg": 29.81,
            "dailySum": 715.50,
            "dailyCount": 24,
            "createdBy": null,
            "createdOn": null,
            "updatedBy": null,
            "updatedOn": null,
            "lastSyncDate": null
        },
        {
            "obsdatahrId": 237337,
            "stationId": 45,
            "datatypeId": 41,
            "frequency": 24,
            "datetime1": "2005-04-16T08:30:00",
            "valuesCsv": "27,28.5,30.5,31.5,32.5,33.5,33.5,33.5,32,31,30.5,29.5,28.5,28.5,28.5,27.5,27,26.5,26.5,26.5,26.5,26.5,27.5,28",
            "valuesCsvInArray": [
                27.0,
                28.5,
                30.5,
                31.5,
                32.5,
                33.5,
                33.5,
                33.5,
                32.0,
                31.0,
                30.5,
                29.5,
                28.5,
                28.5,
                28.5,
                27.5,
                27.0,
                26.5,
                26.5,
                26.5,
                26.5,
                26.5,
                27.5,
                28.0
            ],
            "remarks": null,
            "dailyMin": 26.50,
            "dailyMax": 33.50,
            "dailyAvg": 29.23,
            "dailySum": 701.50,
            "dailyCount": 24,
            "createdBy": null,
            "createdOn": null,
            "updatedBy": null,
            "updatedOn": null,
            "lastSyncDate": null
        },
        {
            "obsdatahrId": 237336,
            "stationId": 45,
            "datatypeId": 41,
            "frequency": 24,
            "datetime1": "2005-04-15T08:30:00",
            "valuesCsv": "25.5,29,31,32.5,33.5,34.5,31,29.5,29.5,29,28.5,26.5,22.5,23.5,24,23.5,23.5,23.5,23.5,23.5,23.5,23.5,23.5,23.5",
            "valuesCsvInArray": [
                25.5,
                29.0,
                31.0,
                32.5,
                33.5,
                34.5,
                31.0,
                29.5,
                29.5,
                29.0,
                28.5,
                26.5,
                22.5,
                23.5,
                24.0,
                23.5,
                23.5,
                23.5,
                23.5,
                23.5,
                23.5,
                23.5,
                23.5,
                23.5
            ],
            "remarks": null,
            "dailyMin": 22.50,
            "dailyMax": 34.50,
            "dailyAvg": 26.73,
            "dailySum": 641.50,
            "dailyCount": 24,
            "createdBy": null,
            "createdOn": null,
            "updatedBy": null,
            "updatedOn": null,
            "lastSyncDate": null
        },
        {
            "obsdatahrId": 237334,
            "stationId": 45,
            "datatypeId": 41,
            "frequency": 24,
            "datetime1": "2005-04-14T08:30:00",
            "valuesCsv": "26,28,29.5,32,32.5,34,30.5,26,26.5,27,27,23.5,23,22.5,23,23,23,22.5,22.5,22.5,22.5,22.5,24,24",
            "valuesCsvInArray": [
                26.0,
                28.0,
                29.5,
                32.0,
                32.5,
                34.0,
                30.5,
                26.0,
                26.5,
                27.0,
                27.0,
                23.5,
                23.0,
                22.5,
                23.0,
                23.0,
                23.0,
                22.5,
                22.5,
                22.5,
                22.5,
                22.5,
                24.0,
                24.0
            ],
            "remarks": null,
            "dailyMin": 22.50,
            "dailyMax": 34.00,
            "dailyAvg": 25.73,
            "dailySum": 617.50,
            "dailyCount": 24,
            "createdBy": null,
            "createdOn": null,
            "updatedBy": null,
            "updatedOn": null,
            "lastSyncDate": null
        },
        {
            "obsdatahrId": 237333,
            "stationId": 45,
            "datatypeId": 41,
            "frequency": 24,
            "datetime1": "2005-04-13T08:30:00",
            "valuesCsv": "25,27.5,27.5,27.5,27.5,29.5,30.5,30.5,30,30,28.5,27.5,26.5,26.5,26.5,26.5,26.5,24.5,24.5,24,24,23.5,23.5,24",
            "valuesCsvInArray": [
                25.0,
                27.5,
                27.5,
                27.5,
                27.5,
                29.5,
                30.5,
                30.5,
                30.0,
                30.0,
                28.5,
                27.5,
                26.5,
                26.5,
                26.5,
                26.5,
                26.5,
                24.5,
                24.5,
                24.0,
                24.0,
                23.5,
                23.5,
                24.0
            ],
            "remarks": null,
            "dailyMin": 23.50,
            "dailyMax": 30.50,
            "dailyAvg": 26.75,
            "dailySum": 642.00,
            "dailyCount": 24,
            "createdBy": null,
            "createdOn": null,
            "updatedBy": null,
            "updatedOn": null,
            "lastSyncDate": null
        },
        {
            "obsdatahrId": 237332,
            "stationId": 45,
            "datatypeId": 41,
            "frequency": 24,
            "datetime1": "2005-04-12T08:30:00",
            "valuesCsv": "28.5,31.5,33.5,34.5,35,35,32.5,31.5,29.5,28.5,28.5,28,26.5,26.5,25.5,25.5,25.5,24,23.5,23,23,23,23,23.5",
            "valuesCsvInArray": [
                28.5,
                31.5,
                33.5,
                34.5,
                35.0,
                35.0,
                32.5,
                31.5,
                29.5,
                28.5,
                28.5,
                28.0,
                26.5,
                26.5,
                25.5,
                25.5,
                25.5,
                24.0,
                23.5,
                23.0,
                23.0,
                23.0,
                23.0,
                23.5
            ],
            "remarks": null,
            "dailyMin": 23.00,
            "dailyMax": 35.00,
            "dailyAvg": 27.88,
            "dailySum": 669.00,
            "dailyCount": 24,
            "createdBy": null,
            "createdOn": null,
            "updatedBy": null,
            "updatedOn": null,
            "lastSyncDate": null
        },
        {
            "obsdatahrId": 237331,
            "stationId": 45,
            "datatypeId": 41,
            "frequency": 24,
            "datetime1": "2005-04-11T08:30:00",
            "valuesCsv": "27.5,30,31.5,33.5,35.5,36.5,36.5,37,37,36.5,30.5,28.5,27.5,27,26.5,26,25.5,25.5,25.5,25.5,25.5,25.5,25.5,26.5",
            "valuesCsvInArray": [
                27.5,
                30.0,
                31.5,
                33.5,
                35.5,
                36.5,
                36.5,
                37.0,
                37.0,
                36.5,
                30.5,
                28.5,
                27.5,
                27.0,
                26.5,
                26.0,
                25.5,
                25.5,
                25.5,
                25.5,
                25.5,
                25.5,
                25.5,
                26.5
            ],
            "remarks": null,
            "dailyMin": 25.50,
            "dailyMax": 37.00,
            "dailyAvg": 29.69,
            "dailySum": 712.50,
            "dailyCount": 24,
            "createdBy": null,
            "createdOn": null,
            "updatedBy": null,
            "updatedOn": null,
            "lastSyncDate": null
        },
        {
            "obsdatahrId": 237330,
            "stationId": 45,
            "datatypeId": 41,
            "frequency": 24,
            "datetime1": "2005-04-10T08:30:00",
            "valuesCsv": "25.5,28.5,28.5,31.5,33.5,35,35.5,36,36,35,32,29,27,26.5,25.5,24.5,24.5,23.5,23.5,23.5,22.5,22.5,22.5,24.5",
            "valuesCsvInArray": [
                25.5,
                28.5,
                28.5,
                31.5,
                33.5,
                35.0,
                35.5,
                36.0,
                36.0,
                35.0,
                32.0,
                29.0,
                27.0,
                26.5,
                25.5,
                24.5,
                24.5,
                23.5,
                23.5,
                23.5,
                22.5,
                22.5,
                22.5,
                24.5
            ],
            "remarks": null,
            "dailyMin": 22.50,
            "dailyMax": 36.00,
            "dailyAvg": 28.19,
            "dailySum": 676.50,
            "dailyCount": 24,
            "createdBy": null,
            "createdOn": null,
            "updatedBy": null,
            "updatedOn": null,
            "lastSyncDate": null
        },
        {
            "obsdatahrId": 237329,
            "stationId": 45,
            "datatypeId": 41,
            "frequency": 24,
            "datetime1": "2005-04-09T08:30:00",
            "valuesCsv": "25.5,28.5,32,33.5,34.5,35,35.5,36,35.5,31.5,29.5,28.5,27.5,26.5,25.5,24.5,23.5,23.5,23.5,23.5,22.5,22.5,22.5,22.5",
            "valuesCsvInArray": [
                25.5,
                28.5,
                32.0,
                33.5,
                34.5,
                35.0,
                35.5,
                36.0,
                35.5,
                31.5,
                29.5,
                28.5,
                27.5,
                26.5,
                25.5,
                24.5,
                23.5,
                23.5,
                23.5,
                23.5,
                22.5,
                22.5,
                22.5,
                22.5
            ],
            "remarks": null,
            "dailyMin": 22.50,
            "dailyMax": 36.00,
            "dailyAvg": 28.06,
            "dailySum": 673.50,
            "dailyCount": 24,
            "createdBy": null,
            "createdOn": null,
            "updatedBy": null,
            "updatedOn": null,
            "lastSyncDate": null
        },
        {
            "obsdatahrId": 237328,
            "stationId": 45,
            "datatypeId": 41,
            "frequency": 24,
            "datetime1": "2005-04-08T08:30:00",
            "valuesCsv": "26.5,28,30.5,33.5,34.5,34.5,34.5,33.5,32.5,33.5,30,28.5,27,26,25.5,24.5,24,24,24,23.5,25.5,22,22,22",
            "valuesCsvInArray": [
                26.5,
                28.0,
                30.5,
                33.5,
                34.5,
                34.5,
                34.5,
                33.5,
                32.5,
                33.5,
                30.0,
                28.5,
                27.0,
                26.0,
                25.5,
                24.5,
                24.0,
                24.0,
                24.0,
                23.5,
                25.5,
                22.0,
                22.0,
                22.0
            ],
            "remarks": null,
            "dailyMin": 22.00,
            "dailyMax": 34.50,
            "dailyAvg": 27.92,
            "dailySum": 670.00,
            "dailyCount": 24,
            "createdBy": null,
            "createdOn": null,
            "updatedBy": null,
            "updatedOn": null,
            "lastSyncDate": null
        },
        {
            "obsdatahrId": 237327,
            "stationId": 45,
            "datatypeId": 41,
            "frequency": 24,
            "datetime1": "2005-04-07T08:30:00",
            "valuesCsv": "27.5,29,30.5,32,34,34.5,36,34.5,32,30.5,28.5,28.5,28.5,27.5,27.5,27,26.5,26.5,26,25.5,25.5,25.5,25.5,25.5",
            "valuesCsvInArray": [
                27.5,
                29.0,
                30.5,
                32.0,
                34.0,
                34.5,
                36.0,
                34.5,
                32.0,
                30.5,
                28.5,
                28.5,
                28.5,
                27.5,
                27.5,
                27.0,
                26.5,
                26.5,
                26.0,
                25.5,
                25.5,
                25.5,
                25.5,
                25.5
            ],
            "remarks": null,
            "dailyMin": 25.50,
            "dailyMax": 36.00,
            "dailyAvg": 28.94,
            "dailySum": 694.50,
            "dailyCount": 24,
            "createdBy": null,
            "createdOn": null,
            "updatedBy": null,
            "updatedOn": null,
            "lastSyncDate": null
        },
        {
            "obsdatahrId": 237326,
            "stationId": 45,
            "datatypeId": 41,
            "frequency": 24,
            "datetime1": "2005-04-06T08:30:00",
            "valuesCsv": "29,31.5,32.5,34.5,36,36,35.5,35.5,35.5,34,29.5,28.5,27.5,27,26.5,25.5,25.5,25.5,25.5,24.5,24.5,24.5,24.5,25.5",
            "valuesCsvInArray": [
                29.0,
                31.5,
                32.5,
                34.5,
                36.0,
                36.0,
                35.5,
                35.5,
                35.5,
                34.0,
                29.5,
                28.5,
                27.5,
                27.0,
                26.5,
                25.5,
                25.5,
                25.5,
                25.5,
                24.5,
                24.5,
                24.5,
                24.5,
                25.5
            ],
            "remarks": null,
            "dailyMin": 24.50,
            "dailyMax": 36.00,
            "dailyAvg": 29.35,
            "dailySum": 704.50,
            "dailyCount": 24,
            "createdBy": null,
            "createdOn": null,
            "updatedBy": null,
            "updatedOn": null,
            "lastSyncDate": null
        },
        {
            "obsdatahrId": 237325,
            "stationId": 45,
            "datatypeId": 41,
            "frequency": 24,
            "datetime1": "2005-04-05T08:30:00",
            "valuesCsv": "27.5,30.5,33,35,35,36.5,36.5,36.5,36.5,36.5,34.5,33.5,32.5,31.5,30.5,30.5,29,27.5,26.5,25.5,25.5,25,24.5,25",
            "valuesCsvInArray": [
                27.5,
                30.5,
                33.0,
                35.0,
                35.0,
                36.5,
                36.5,
                36.5,
                36.5,
                36.5,
                34.5,
                33.5,
                32.5,
                31.5,
                30.5,
                30.5,
                29.0,
                27.5,
                26.5,
                25.5,
                25.5,
                25.0,
                24.5,
                25.0
            ],
            "remarks": null,
            "dailyMin": 24.50,
            "dailyMax": 36.50,
            "dailyAvg": 31.04,
            "dailySum": 745.00,
            "dailyCount": 24,
            "createdBy": null,
            "createdOn": null,
            "updatedBy": null,
            "updatedOn": null,
            "lastSyncDate": null
        },
        {
            "obsdatahrId": 237324,
            "stationId": 45,
            "datatypeId": 41,
            "frequency": 24,
            "datetime1": "2005-04-04T08:30:00",
            "valuesCsv": "29.5,31.5,33,35,36,36,37,36.5,36,35,34,32.5,31.5,30.5,29.5,28,27.5,27,27,26.5,26.5,26.5,25.5,26",
            "valuesCsvInArray": [
                29.5,
                31.5,
                33.0,
                35.0,
                36.0,
                36.0,
                37.0,
                36.5,
                36.0,
                35.0,
                34.0,
                32.5,
                31.5,
                30.5,
                29.5,
                28.0,
                27.5,
                27.0,
                27.0,
                26.5,
                26.5,
                26.5,
                25.5,
                26.0
            ],
            "remarks": null,
            "dailyMin": 25.50,
            "dailyMax": 37.00,
            "dailyAvg": 31.00,
            "dailySum": 744.00,
            "dailyCount": 24,
            "createdBy": null,
            "createdOn": null,
            "updatedBy": null,
            "updatedOn": null,
            "lastSyncDate": null
        },
        {
            "obsdatahrId": 237323,
            "stationId": 45,
            "datatypeId": 41,
            "frequency": 24,
            "datetime1": "2005-04-03T08:30:00",
            "valuesCsv": "32.5,34,34.5,36,36.5,37,37,36,35,34,32.5,32.5,30,27,26,26,25,25,24.5,24.5,24.5,24.5,25,26",
            "valuesCsvInArray": [
                32.5,
                34.0,
                34.5,
                36.0,
                36.5,
                37.0,
                37.0,
                36.0,
                35.0,
                34.0,
                32.5,
                32.5,
                30.0,
                27.0,
                26.0,
                26.0,
                25.0,
                25.0,
                24.5,
                24.5,
                24.5,
                24.5,
                25.0,
                26.0
            ],
            "remarks": null,
            "dailyMin": 24.50,
            "dailyMax": 37.00,
            "dailyAvg": 30.23,
            "dailySum": 725.50,
            "dailyCount": 24,
            "createdBy": null,
            "createdOn": null,
            "updatedBy": null,
            "updatedOn": null,
            "lastSyncDate": null
        },
        {
            "obsdatahrId": 237322,
            "stationId": 45,
            "datatypeId": 41,
            "frequency": 24,
            "datetime1": "2005-04-02T08:30:00",
            "valuesCsv": "27.5,31,33,34.5,36,36.5,37,37,36.5,35,32.5,29.5,28,28,28,28,26.5,26.5,26.5,26.5,24.5,24.5,25.5,29",
            "valuesCsvInArray": [
                27.5,
                31.0,
                33.0,
                34.5,
                36.0,
                36.5,
                37.0,
                37.0,
                36.5,
                35.0,
                32.5,
                29.5,
                28.0,
                28.0,
                28.0,
                28.0,
                26.5,
                26.5,
                26.5,
                26.5,
                24.5,
                24.5,
                25.5,
                29.0
            ],
            "remarks": null,
            "dailyMin": 24.50,
            "dailyMax": 37.00,
            "dailyAvg": 30.31,
            "dailySum": 727.50,
            "dailyCount": 24,
            "createdBy": null,
            "createdOn": null,
            "updatedBy": null,
            "updatedOn": null,
            "lastSyncDate": null
        },
        {
            "obsdatahrId": 237321,
            "stationId": 45,
            "datatypeId": 41,
            "frequency": 24,
            "datetime1": "2005-04-01T08:30:00",
            "valuesCsv": "26.5,29.5,31.5,34,35,36,36.5,36.5,33.5,30.5,27.5,25.5,24.5,24,23.5,23.5,22.5,22.5,22.5,22.5,22.5,22.5,22.5,24.5",
            "valuesCsvInArray": [
                26.5,
                29.5,
                31.5,
                34.0,
                35.0,
                36.0,
                36.5,
                36.5,
                33.5,
                30.5,
                27.5,
                25.5,
                24.5,
                24.0,
                23.5,
                23.5,
                22.5,
                22.5,
                22.5,
                22.5,
                22.5,
                22.5,
                22.5,
                24.5
            ],
            "remarks": null,
            "dailyMin": 22.50,
            "dailyMax": 36.50,
            "dailyAvg": 27.50,
            "dailySum": 660.00,
            "dailyCount": 24,
            "createdBy": null,
            "createdOn": null,
            "updatedBy": null,
            "updatedOn": null,
            "lastSyncDate": null
        },
        {
            "obsdatahrId": 237320,
            "stationId": 45,
            "datatypeId": 41,
            "frequency": 24,
            "datetime1": "2005-03-31T08:30:00",
            "valuesCsv": "27,30,31.5,33,34,34.5,35,35,33,29.5,27,25.5,24,23.5,22.5,22.5,21.5,21.5,20.5,20.5,20.5,19.5,21.5,24",
            "valuesCsvInArray": [
                27.0,
                30.0,
                31.5,
                33.0,
                34.0,
                34.5,
                35.0,
                35.0,
                33.0,
                29.5,
                27.0,
                25.5,
                24.0,
                23.5,
                22.5,
                22.5,
                21.5,
                21.5,
                20.5,
                20.5,
                20.5,
                19.5,
                21.5,
                24.0
            ],
            "remarks": null,
            "dailyMin": 19.50,
            "dailyMax": 35.00,
            "dailyAvg": 26.54,
            "dailySum": 637.00,
            "dailyCount": 24,
            "createdBy": null,
            "createdOn": null,
            "updatedBy": null,
            "updatedOn": null,
            "lastSyncDate": null
        },
        {
            "obsdatahrId": 237319,
            "stationId": 45,
            "datatypeId": 41,
            "frequency": 24,
            "datetime1": "2005-03-30T08:30:00",
            "valuesCsv": "27,30,32,34,34,36,36.5,35,34,31,29,27,25,25,24,23,23,23,23,22,21,21,22,24",
            "valuesCsvInArray": [
                27.0,
                30.0,
                32.0,
                34.0,
                34.0,
                36.0,
                36.5,
                35.0,
                34.0,
                31.0,
                29.0,
                27.0,
                25.0,
                25.0,
                24.0,
                23.0,
                23.0,
                23.0,
                23.0,
                22.0,
                21.0,
                21.0,
                22.0,
                24.0
            ],
            "remarks": null,
            "dailyMin": 21.00,
            "dailyMax": 36.50,
            "dailyAvg": 27.56,
            "dailySum": 661.50,
            "dailyCount": 24,
            "createdBy": null,
            "createdOn": null,
            "updatedBy": null,
            "updatedOn": null,
            "lastSyncDate": null
        },
        {
            "obsdatahrId": 237318,
            "stationId": 45,
            "datatypeId": 41,
            "frequency": 24,
            "datetime1": "2005-03-29T08:30:00",
            "valuesCsv": "28,30,32,34,34,36,36,36.5,34,30,28,26,25,24,24,23,23,22,22,22,22,22,22,24",
            "valuesCsvInArray": [
                28.0,
                30.0,
                32.0,
                34.0,
                34.0,
                36.0,
                36.0,
                36.5,
                34.0,
                30.0,
                28.0,
                26.0,
                25.0,
                24.0,
                24.0,
                23.0,
                23.0,
                22.0,
                22.0,
                22.0,
                22.0,
                22.0,
                22.0,
                24.0
            ],
            "remarks": null,
            "dailyMin": 22.00,
            "dailyMax": 36.50,
            "dailyAvg": 27.48,
            "dailySum": 659.50,
            "dailyCount": 24,
            "createdBy": null,
            "createdOn": null,
            "updatedBy": null,
            "updatedOn": null,
            "lastSyncDate": null
        },
        {
            "obsdatahrId": 237317,
            "stationId": 45,
            "datatypeId": 41,
            "frequency": 24,
            "datetime1": "2005-03-28T08:30:00",
            "valuesCsv": "29,32,34,36,36,37,38,37,36,34,31,31,29,28,27,27,26,26,25,24,24,23,23,26",
            "valuesCsvInArray": [
                29.0,
                32.0,
                34.0,
                36.0,
                36.0,
                37.0,
                38.0,
                37.0,
                36.0,
                34.0,
                31.0,
                31.0,
                29.0,
                28.0,
                27.0,
                27.0,
                26.0,
                26.0,
                25.0,
                24.0,
                24.0,
                23.0,
                23.0,
                26.0
            ],
            "remarks": null,
            "dailyMin": 23.00,
            "dailyMax": 38.00,
            "dailyAvg": 29.96,
            "dailySum": 719.00,
            "dailyCount": 24,
            "createdBy": null,
            "createdOn": null,
            "updatedBy": null,
            "updatedOn": null,
            "lastSyncDate": null
        },
        {
            "obsdatahrId": 237316,
            "stationId": 45,
            "datatypeId": 41,
            "frequency": 24,
            "datetime1": "2005-03-27T08:30:00",
            "valuesCsv": "29,32,34,34,35,36,36.5,36,36,34,32,30,29,28,28,27,26,25,25,24,24,23,24,26",
            "valuesCsvInArray": [
                29.0,
                32.0,
                34.0,
                34.0,
                35.0,
                36.0,
                36.5,
                36.0,
                36.0,
                34.0,
                32.0,
                30.0,
                29.0,
                28.0,
                28.0,
                27.0,
                26.0,
                25.0,
                25.0,
                24.0,
                24.0,
                23.0,
                24.0,
                26.0
            ],
            "remarks": null,
            "dailyMin": 23.00,
            "dailyMax": 36.50,
            "dailyAvg": 29.73,
            "dailySum": 713.50,
            "dailyCount": 24,
            "createdBy": null,
            "createdOn": null,
            "updatedBy": null,
            "updatedOn": null,
            "lastSyncDate": null
        },
        {
            "obsdatahrId": 237313,
            "stationId": 45,
            "datatypeId": 41,
            "frequency": 24,
            "datetime1": "2005-03-26T08:30:00",
            "valuesCsv": "28,31,32,33,34,34,35,35,34,33,30,28,27,26,26,26,25,24,23,23,23,22,24,26",
            "valuesCsvInArray": [
                28.0,
                31.0,
                32.0,
                33.0,
                34.0,
                34.0,
                35.0,
                35.0,
                34.0,
                33.0,
                30.0,
                28.0,
                27.0,
                26.0,
                26.0,
                26.0,
                25.0,
                24.0,
                23.0,
                23.0,
                23.0,
                22.0,
                24.0,
                26.0
            ],
            "remarks": null,
            "dailyMin": 22.00,
            "dailyMax": 35.00,
            "dailyAvg": 28.42,
            "dailySum": 682.00,
            "dailyCount": 24,
            "createdBy": null,
            "createdOn": null,
            "updatedBy": null,
            "updatedOn": null,
            "lastSyncDate": null
        },
        {
            "obsdatahrId": 237312,
            "stationId": 45,
            "datatypeId": 41,
            "frequency": 24,
            "datetime1": "2005-03-25T08:30:00",
            "valuesCsv": "22.5,24.5,26,32,32,33,34,34,34,31,30,27,26,24,24,23,23,23,23,22,21,21,22,26",
            "valuesCsvInArray": [
                22.5,
                24.5,
                26.0,
                32.0,
                32.0,
                33.0,
                34.0,
                34.0,
                34.0,
                31.0,
                30.0,
                27.0,
                26.0,
                24.0,
                24.0,
                23.0,
                23.0,
                23.0,
                23.0,
                22.0,
                21.0,
                21.0,
                22.0,
                26.0
            ],
            "remarks": null,
            "dailyMin": 21.00,
            "dailyMax": 34.00,
            "dailyAvg": 26.58,
            "dailySum": 638.00,
            "dailyCount": 24,
            "createdBy": null,
            "createdOn": null,
            "updatedBy": null,
            "updatedOn": null,
            "lastSyncDate": null
        },
        {
            "obsdatahrId": 237311,
            "stationId": 45,
            "datatypeId": 41,
            "frequency": 24,
            "datetime1": "2005-03-24T08:30:00",
            "valuesCsv": "26.5,27.5,29,30,31.5,32,33.5,33.5,35,33,33,30,29,26,26,24,23,22.5,22.5,22.5,22.5,19.5,18.5,21",
            "valuesCsvInArray": [
                26.5,
                27.5,
                29.0,
                30.0,
                31.5,
                32.0,
                33.5,
                33.5,
                35.0,
                33.0,
                33.0,
                30.0,
                29.0,
                26.0,
                26.0,
                24.0,
                23.0,
                22.5,
                22.5,
                22.5,
                22.5,
                19.5,
                18.5,
                21.0
            ],
            "remarks": null,
            "dailyMin": 18.50,
            "dailyMax": 35.00,
            "dailyAvg": 27.15,
            "dailySum": 651.50,
            "dailyCount": 24,
            "createdBy": null,
            "createdOn": null,
            "updatedBy": null,
            "updatedOn": null,
            "lastSyncDate": null
        },
        {
            "obsdatahrId": 237310,
            "stationId": 45,
            "datatypeId": 41,
            "frequency": 24,
            "datetime1": "2005-03-23T08:30:00",
            "valuesCsv": "29,31,33,34,35,33.5,33,33,32,29,28,26,25,23,22,21,21,21,21,19,19,19,20.5,22",
            "valuesCsvInArray": [
                29.0,
                31.0,
                33.0,
                34.0,
                35.0,
                33.5,
                33.0,
                33.0,
                32.0,
                29.0,
                28.0,
                26.0,
                25.0,
                23.0,
                22.0,
                21.0,
                21.0,
                21.0,
                21.0,
                19.0,
                19.0,
                19.0,
                20.5,
                22.0
            ],
            "remarks": null,
            "dailyMin": 19.00,
            "dailyMax": 35.00,
            "dailyAvg": 26.25,
            "dailySum": 630.00,
            "dailyCount": 24,
            "createdBy": null,
            "createdOn": null,
            "updatedBy": null,
            "updatedOn": null,
            "lastSyncDate": null
        },
        {
            "obsdatahrId": 237309,
            "stationId": 45,
            "datatypeId": 41,
            "frequency": 24,
            "datetime1": "2005-03-22T08:30:00",
            "valuesCsv": "29.5,31,32,32.5,33.5,34.5,35,33.5,35.5,33.5,31.5,30,28,28,28,28,26.5,26.5,26.5,26.5,26.5,26.5,26.5,26.5",
            "valuesCsvInArray": [
                29.5,
                31.0,
                32.0,
                32.5,
                33.5,
                34.5,
                35.0,
                33.5,
                35.5,
                33.5,
                31.5,
                30.0,
                28.0,
                28.0,
                28.0,
                28.0,
                26.5,
                26.5,
                26.5,
                26.5,
                26.5,
                26.5,
                26.5,
                26.5
            ],
            "remarks": null,
            "dailyMin": 26.50,
            "dailyMax": 35.50,
            "dailyAvg": 29.83,
            "dailySum": 716.00,
            "dailyCount": 24,
            "createdBy": null,
            "createdOn": null,
            "updatedBy": null,
            "updatedOn": null,
            "lastSyncDate": null
        },
        {
            "obsdatahrId": 237308,
            "stationId": 45,
            "datatypeId": 41,
            "frequency": 24,
            "datetime1": "2005-03-21T08:30:00",
            "valuesCsv": "27.5,31.5,32.5,34,34.5,35.5,36,36,35.5,31.5,29.5,28,27,26.5,26.5,26.5,25.5,25.5,25.5,25.5,25.5,24.5,24.5,26.5",
            "valuesCsvInArray": [
                27.5,
                31.5,
                32.5,
                34.0,
                34.5,
                35.5,
                36.0,
                36.0,
                35.5,
                31.5,
                29.5,
                28.0,
                27.0,
                26.5,
                26.5,
                26.5,
                25.5,
                25.5,
                25.5,
                25.5,
                25.5,
                24.5,
                24.5,
                26.5
            ],
            "remarks": null,
            "dailyMin": 24.50,
            "dailyMax": 36.00,
            "dailyAvg": 29.23,
            "dailySum": 701.50,
            "dailyCount": 24,
            "createdBy": null,
            "createdOn": null,
            "updatedBy": null,
            "updatedOn": null,
            "lastSyncDate": null
        },
        {
            "obsdatahrId": 237307,
            "stationId": 45,
            "datatypeId": 41,
            "frequency": 24,
            "datetime1": "2005-03-20T08:30:00",
            "valuesCsv": "28,33.5,34.5,35,36.5,36.5,36.5,36.5,35,32.5,30.5,28,27,26,25,24,24,24,23,23,23,23,23,24.5",
            "valuesCsvInArray": [
                28.0,
                33.5,
                34.5,
                35.0,
                36.5,
                36.5,
                36.5,
                36.5,
                35.0,
                32.5,
                30.5,
                28.0,
                27.0,
                26.0,
                25.0,
                24.0,
                24.0,
                24.0,
                23.0,
                23.0,
                23.0,
                23.0,
                23.0,
                24.5
            ],
            "remarks": null,
            "dailyMin": 23.00,
            "dailyMax": 36.50,
            "dailyAvg": 28.85,
            "dailySum": 692.50,
            "dailyCount": 24,
            "createdBy": null,
            "createdOn": null,
            "updatedBy": null,
            "updatedOn": null,
            "lastSyncDate": null
        },
        {
            "obsdatahrId": 237305,
            "stationId": 45,
            "datatypeId": 41,
            "frequency": 24,
            "datetime1": "2005-03-19T08:30:00",
            "valuesCsv": "28.5,32,34,35,36,36.5,36,35.5,34.5,33,31,29,28,28,27,26,25,25,24,24,24,23,24,26",
            "valuesCsvInArray": [
                28.5,
                32.0,
                34.0,
                35.0,
                36.0,
                36.5,
                36.0,
                35.5,
                34.5,
                33.0,
                31.0,
                29.0,
                28.0,
                28.0,
                27.0,
                26.0,
                25.0,
                25.0,
                24.0,
                24.0,
                24.0,
                23.0,
                24.0,
                26.0
            ],
            "remarks": null,
            "dailyMin": 23.00,
            "dailyMax": 36.50,
            "dailyAvg": 29.38,
            "dailySum": 705.00,
            "dailyCount": 24,
            "createdBy": null,
            "createdOn": null,
            "updatedBy": null,
            "updatedOn": null,
            "lastSyncDate": null
        },
        {
            "obsdatahrId": 237304,
            "stationId": 45,
            "datatypeId": 41,
            "frequency": 24,
            "datetime1": "2005-03-18T08:30:00",
            "valuesCsv": "31,32.5,33.5,35,35.5,36.5,36,35.5,34.5,33,31.5,29.5,28.5,27.5,27.5,26.5,25.5,25.5,25.5,24,24,24,24,26.5",
            "valuesCsvInArray": [
                31.0,
                32.5,
                33.5,
                35.0,
                35.5,
                36.5,
                36.0,
                35.5,
                34.5,
                33.0,
                31.5,
                29.5,
                28.5,
                27.5,
                27.5,
                26.5,
                25.5,
                25.5,
                25.5,
                24.0,
                24.0,
                24.0,
                24.0,
                26.5
            ],
            "remarks": null,
            "dailyMin": 24.00,
            "dailyMax": 36.50,
            "dailyAvg": 29.71,
            "dailySum": 713.00,
            "dailyCount": 24,
            "createdBy": null,
            "createdOn": null,
            "updatedBy": null,
            "updatedOn": null,
            "lastSyncDate": null
        },
        {
            "obsdatahrId": 237303,
            "stationId": 45,
            "datatypeId": 41,
            "frequency": 24,
            "datetime1": "2005-03-17T08:30:00",
            "valuesCsv": "28.5,32.5,33.5,35,35.5,36,36,36,34.5,33,31,30,29,28,27.5,27,26.5,25,25,24,24,24,24,27",
            "valuesCsvInArray": [
                28.5,
                32.5,
                33.5,
                35.0,
                35.5,
                36.0,
                36.0,
                36.0,
                34.5,
                33.0,
                31.0,
                30.0,
                29.0,
                28.0,
                27.5,
                27.0,
                26.5,
                25.0,
                25.0,
                24.0,
                24.0,
                24.0,
                24.0,
                27.0
            ],
            "remarks": null,
            "dailyMin": 24.00,
            "dailyMax": 36.00,
            "dailyAvg": 29.69,
            "dailySum": 712.50,
            "dailyCount": 24,
            "createdBy": null,
            "createdOn": null,
            "updatedBy": null,
            "updatedOn": null,
            "lastSyncDate": null
        },
        {
            "obsdatahrId": 237302,
            "stationId": 45,
            "datatypeId": 41,
            "frequency": 24,
            "datetime1": "2005-03-16T08:30:00",
            "valuesCsv": "28,30,30,32,34.5,35,35,35,34.5,32.5,31,29,27,27,26.5,26.5,26.5,25.5,24.5,23.5,22.5,22.5,22.5,25.5",
            "valuesCsvInArray": [
                28.0,
                30.0,
                30.0,
                32.0,
                34.5,
                35.0,
                35.0,
                35.0,
                34.5,
                32.5,
                31.0,
                29.0,
                27.0,
                27.0,
                26.5,
                26.5,
                26.5,
                25.5,
                24.5,
                23.5,
                22.5,
                22.5,
                22.5,
                25.5
            ],
            "remarks": null,
            "dailyMin": 22.50,
            "dailyMax": 35.00,
            "dailyAvg": 28.60,
            "dailySum": 686.50,
            "dailyCount": 24,
            "createdBy": null,
            "createdOn": null,
            "updatedBy": null,
            "updatedOn": null,
            "lastSyncDate": null
        },
        {
            "obsdatahrId": 237301,
            "stationId": 45,
            "datatypeId": 41,
            "frequency": 24,
            "datetime1": "2005-03-15T08:30:00",
            "valuesCsv": "26.5,29.5,32.5,33.5,33.5,34,34.5,34.5,34.5,32.5,30,28.5,27,26,24,24,24,24,23,22.5,22.5,22.5,22.5,25",
            "valuesCsvInArray": [
                26.5,
                29.5,
                32.5,
                33.5,
                33.5,
                34.0,
                34.5,
                34.5,
                34.5,
                32.5,
                30.0,
                28.5,
                27.0,
                26.0,
                24.0,
                24.0,
                24.0,
                24.0,
                23.0,
                22.5,
                22.5,
                22.5,
                22.5,
                25.0
            ],
            "remarks": null,
            "dailyMin": 22.50,
            "dailyMax": 34.50,
            "dailyAvg": 27.96,
            "dailySum": 671.00,
            "dailyCount": 24,
            "createdBy": null,
            "createdOn": null,
            "updatedBy": null,
            "updatedOn": null,
            "lastSyncDate": null
        },
        {
            "obsdatahrId": 237300,
            "stationId": 45,
            "datatypeId": 41,
            "frequency": 24,
            "datetime1": "2005-03-14T08:30:00",
            "valuesCsv": "27,30,31,32,32.5,33,33,33,33,32,28,28,27.5,26.5,25,25,24,23,22,21.5,20,20.5,21,22.5",
            "valuesCsvInArray": [
                27.0,
                30.0,
                31.0,
                32.0,
                32.5,
                33.0,
                33.0,
                33.0,
                33.0,
                32.0,
                28.0,
                28.0,
                27.5,
                26.5,
                25.0,
                25.0,
                24.0,
                23.0,
                22.0,
                21.5,
                20.0,
                20.5,
                21.0,
                22.5
            ],
            "remarks": null,
            "dailyMin": 20.00,
            "dailyMax": 33.00,
            "dailyAvg": 27.13,
            "dailySum": 651.00,
            "dailyCount": 24,
            "createdBy": null,
            "createdOn": null,
            "updatedBy": null,
            "updatedOn": null,
            "lastSyncDate": null
        },
        {
            "obsdatahrId": 237299,
            "stationId": 45,
            "datatypeId": 41,
            "frequency": 24,
            "datetime1": "2005-03-13T08:30:00",
            "valuesCsv": "26,25.5,30.5,31,32,32.5,33.5,33.5,33.5,32,29,28,28,26.5,25,25,24.5,23.5,23,23,23,21,20.5,24",
            "valuesCsvInArray": [
                26.0,
                25.5,
                30.5,
                31.0,
                32.0,
                32.5,
                33.5,
                33.5,
                33.5,
                32.0,
                29.0,
                28.0,
                28.0,
                26.5,
                25.0,
                25.0,
                24.5,
                23.5,
                23.0,
                23.0,
                23.0,
                21.0,
                20.5,
                24.0
            ],
            "remarks": null,
            "dailyMin": 20.50,
            "dailyMax": 33.50,
            "dailyAvg": 27.25,
            "dailySum": 654.00,
            "dailyCount": 24,
            "createdBy": null,
            "createdOn": null,
            "updatedBy": null,
            "updatedOn": null,
            "lastSyncDate": null
        },
        {
            "obsdatahrId": 237298,
            "stationId": 45,
            "datatypeId": 41,
            "frequency": 24,
            "datetime1": "2005-03-12T08:30:00",
            "valuesCsv": "24.5,27.5,29.5,30.5,31.5,32.5,33,33.5,33.5,30.5,28.5,27.5,25.5,24.5,24,23.5,23,21,21,21,21,21,21,22",
            "valuesCsvInArray": [
                24.5,
                27.5,
                29.5,
                30.5,
                31.5,
                32.5,
                33.0,
                33.5,
                33.5,
                30.5,
                28.5,
                27.5,
                25.5,
                24.5,
                24.0,
                23.5,
                23.0,
                21.0,
                21.0,
                21.0,
                21.0,
                21.0,
                21.0,
                22.0
            ],
            "remarks": null,
            "dailyMin": 21.00,
            "dailyMax": 33.50,
            "dailyAvg": 26.29,
            "dailySum": 631.00,
            "dailyCount": 24,
            "createdBy": null,
            "createdOn": null,
            "updatedBy": null,
            "updatedOn": null,
            "lastSyncDate": null
        },
        {
            "obsdatahrId": 237297,
            "stationId": 45,
            "datatypeId": 41,
            "frequency": 24,
            "datetime1": "2005-03-11T08:30:00",
            "valuesCsv": "24,26,28,29,31.5,33.5,34,33,32.5,30.5,28.5,26.5,25.5,24.5,23.5,22.5,21.5,20.5,19.5,19,19,19,19,20.5",
            "valuesCsvInArray": [
                24.0,
                26.0,
                28.0,
                29.0,
                31.5,
                33.5,
                34.0,
                33.0,
                32.5,
                30.5,
                28.5,
                26.5,
                25.5,
                24.5,
                23.5,
                22.5,
                21.5,
                20.5,
                19.5,
                19.0,
                19.0,
                19.0,
                19.0,
                20.5
            ],
            "remarks": null,
            "dailyMin": 19.00,
            "dailyMax": 34.00,
            "dailyAvg": 25.46,
            "dailySum": 611.00,
            "dailyCount": 24,
            "createdBy": null,
            "createdOn": null,
            "updatedBy": null,
            "updatedOn": null,
            "lastSyncDate": null
        },
        {
            "obsdatahrId": 237296,
            "stationId": 45,
            "datatypeId": 41,
            "frequency": 24,
            "datetime1": "2005-03-10T08:30:00",
            "valuesCsv": "24.5,26.5,27.5,29,30,31,32,32.5,31.5,29,28,26,25,24,23,22,22,22,22,20.5,19,17.5,19,21.5",
            "valuesCsvInArray": [
                24.5,
                26.5,
                27.5,
                29.0,
                30.0,
                31.0,
                32.0,
                32.5,
                31.5,
                29.0,
                28.0,
                26.0,
                25.0,
                24.0,
                23.0,
                22.0,
                22.0,
                22.0,
                22.0,
                20.5,
                19.0,
                17.5,
                19.0,
                21.5
            ],
            "remarks": null,
            "dailyMin": 17.50,
            "dailyMax": 32.50,
            "dailyAvg": 25.21,
            "dailySum": 605.00,
            "dailyCount": 24,
            "createdBy": null,
            "createdOn": null,
            "updatedBy": null,
            "updatedOn": null,
            "lastSyncDate": null
        },
        {
            "obsdatahrId": 237295,
            "stationId": 45,
            "datatypeId": 41,
            "frequency": 24,
            "datetime1": "2005-03-09T08:30:00",
            "valuesCsv": "27,28,29,30.5,31.5,32.5,32.5,32.5,31,28,27,25,25,24,23,23,23,22.5,22.5,22.5,22.5,22.5,20,21.5",
            "valuesCsvInArray": [
                27.0,
                28.0,
                29.0,
                30.5,
                31.5,
                32.5,
                32.5,
                32.5,
                31.0,
                28.0,
                27.0,
                25.0,
                25.0,
                24.0,
                23.0,
                23.0,
                23.0,
                22.5,
                22.5,
                22.5,
                22.5,
                22.5,
                20.0,
                21.5
            ],
            "remarks": null,
            "dailyMin": 20.00,
            "dailyMax": 32.50,
            "dailyAvg": 26.10,
            "dailySum": 626.50,
            "dailyCount": 24,
            "createdBy": null,
            "createdOn": null,
            "updatedBy": null,
            "updatedOn": null,
            "lastSyncDate": null
        },
        {
            "obsdatahrId": 237294,
            "stationId": 45,
            "datatypeId": 41,
            "frequency": 24,
            "datetime1": "2005-03-08T08:30:00",
            "valuesCsv": "26,28,29,29.5,30.5,30.5,30.5,30.5,30.5,29,27,27,26,26,26,24.5,24.5,24.5,22.5,22.5,22.5,22.5,22.5,24.5",
            "valuesCsvInArray": [
                26.0,
                28.0,
                29.0,
                29.5,
                30.5,
                30.5,
                30.5,
                30.5,
                30.5,
                29.0,
                27.0,
                27.0,
                26.0,
                26.0,
                26.0,
                24.5,
                24.5,
                24.5,
                22.5,
                22.5,
                22.5,
                22.5,
                22.5,
                24.5
            ],
            "remarks": null,
            "dailyMin": 22.50,
            "dailyMax": 30.50,
            "dailyAvg": 26.52,
            "dailySum": 636.50,
            "dailyCount": 24,
            "createdBy": null,
            "createdOn": null,
            "updatedBy": null,
            "updatedOn": null,
            "lastSyncDate": null
        },
        {
            "obsdatahrId": 237293,
            "stationId": 45,
            "datatypeId": 41,
            "frequency": 24,
            "datetime1": "2005-03-07T08:30:00",
            "valuesCsv": "24.5,26,28.5,29.5,31,32,32,32,32,31,28,26.5,25,25,24,24,24,23,23,23,22.5,22,21,22.5",
            "valuesCsvInArray": [
                24.5,
                26.0,
                28.5,
                29.5,
                31.0,
                32.0,
                32.0,
                32.0,
                32.0,
                31.0,
                28.0,
                26.5,
                25.0,
                25.0,
                24.0,
                24.0,
                24.0,
                23.0,
                23.0,
                23.0,
                22.5,
                22.0,
                21.0,
                22.5
            ],
            "remarks": null,
            "dailyMin": 21.00,
            "dailyMax": 32.00,
            "dailyAvg": 26.33,
            "dailySum": 632.00,
            "dailyCount": 24,
            "createdBy": null,
            "createdOn": null,
            "updatedBy": null,
            "updatedOn": null,
            "lastSyncDate": null
        },
        {
            "obsdatahrId": 237292,
            "stationId": 45,
            "datatypeId": 41,
            "frequency": 24,
            "datetime1": "2005-03-06T08:30:00",
            "valuesCsv": "26.5,28.5,30.5,30.5,32,32.5,33,32.5,31,29,27,26,25,24,24,24,23,22,21,21,21,22,22,22",
            "valuesCsvInArray": [
                26.5,
                28.5,
                30.5,
                30.5,
                32.0,
                32.5,
                33.0,
                32.5,
                31.0,
                29.0,
                27.0,
                26.0,
                25.0,
                24.0,
                24.0,
                24.0,
                23.0,
                22.0,
                21.0,
                21.0,
                21.0,
                22.0,
                22.0,
                22.0
            ],
            "remarks": null,
            "dailyMin": 21.00,
            "dailyMax": 33.00,
            "dailyAvg": 26.25,
            "dailySum": 630.00,
            "dailyCount": 24,
            "createdBy": null,
            "createdOn": null,
            "updatedBy": null,
            "updatedOn": null,
            "lastSyncDate": null
        },
        {
            "obsdatahrId": 237291,
            "stationId": 45,
            "datatypeId": 41,
            "frequency": 24,
            "datetime1": "2005-03-05T08:30:00",
            "valuesCsv": "25.5,28.5,30.5,31.5,32,33,33.5,34.5,32,30.5,28.5,27.5,26,25,24,24,23,23,22,22,21,21,22.5,24",
            "valuesCsvInArray": [
                25.5,
                28.5,
                30.5,
                31.5,
                32.0,
                33.0,
                33.5,
                34.5,
                32.0,
                30.5,
                28.5,
                27.5,
                26.0,
                25.0,
                24.0,
                24.0,
                23.0,
                23.0,
                22.0,
                22.0,
                21.0,
                21.0,
                22.5,
                24.0
            ],
            "remarks": null,
            "dailyMin": 21.00,
            "dailyMax": 34.50,
            "dailyAvg": 26.88,
            "dailySum": 645.00,
            "dailyCount": 24,
            "createdBy": null,
            "createdOn": null,
            "updatedBy": null,
            "updatedOn": null,
            "lastSyncDate": null
        },
        {
            "obsdatahrId": 237290,
            "stationId": 45,
            "datatypeId": 41,
            "frequency": 24,
            "datetime1": "2005-03-04T08:30:00",
            "valuesCsv": "26,28,31,32,33,33,33,34,31,29,28,26,25,24,24,23,22,22,21,21,21,20,21,23",
            "valuesCsvInArray": [
                26.0,
                28.0,
                31.0,
                32.0,
                33.0,
                33.0,
                33.0,
                34.0,
                31.0,
                29.0,
                28.0,
                26.0,
                25.0,
                24.0,
                24.0,
                23.0,
                22.0,
                22.0,
                21.0,
                21.0,
                21.0,
                20.0,
                21.0,
                23.0
            ],
            "remarks": null,
            "dailyMin": 20.00,
            "dailyMax": 34.00,
            "dailyAvg": 26.29,
            "dailySum": 631.00,
            "dailyCount": 24,
            "createdBy": null,
            "createdOn": null,
            "updatedBy": null,
            "updatedOn": null,
            "lastSyncDate": null
        },
        {
            "obsdatahrId": 237289,
            "stationId": 45,
            "datatypeId": 41,
            "frequency": 24,
            "datetime1": "2005-03-03T08:30:00",
            "valuesCsv": "26,30,32,33,34,34,35,35,34,29,27,26,25,24,24,23,23,22,22,21,21,21,21,24",
            "valuesCsvInArray": [
                26.0,
                30.0,
                32.0,
                33.0,
                34.0,
                34.0,
                35.0,
                35.0,
                34.0,
                29.0,
                27.0,
                26.0,
                25.0,
                24.0,
                24.0,
                23.0,
                23.0,
                22.0,
                22.0,
                21.0,
                21.0,
                21.0,
                21.0,
                24.0
            ],
            "remarks": null,
            "dailyMin": 21.00,
            "dailyMax": 35.00,
            "dailyAvg": 26.92,
            "dailySum": 646.00,
            "dailyCount": 24,
            "createdBy": null,
            "createdOn": null,
            "updatedBy": null,
            "updatedOn": null,
            "lastSyncDate": null
        },
        {
            "obsdatahrId": 237288,
            "stationId": 45,
            "datatypeId": 41,
            "frequency": 24,
            "datetime1": "2005-03-02T08:30:00",
            "valuesCsv": "27,30.5,32,33.5,34,35,34.5,34.5,34.5,30,28,27,26,25,24,23,23,22,21,21,20,20,21,23",
            "valuesCsvInArray": [
                27.0,
                30.5,
                32.0,
                33.5,
                34.0,
                35.0,
                34.5,
                34.5,
                34.5,
                30.0,
                28.0,
                27.0,
                26.0,
                25.0,
                24.0,
                23.0,
                23.0,
                22.0,
                21.0,
                21.0,
                20.0,
                20.0,
                21.0,
                23.0
            ],
            "remarks": null,
            "dailyMin": 20.00,
            "dailyMax": 35.00,
            "dailyAvg": 27.06,
            "dailySum": 649.50,
            "dailyCount": 24,
            "createdBy": null,
            "createdOn": null,
            "updatedBy": null,
            "updatedOn": null,
            "lastSyncDate": null
        },
        {
            "obsdatahrId": 237287,
            "stationId": 45,
            "datatypeId": 41,
            "frequency": 24,
            "datetime1": "2005-03-01T08:30:00",
            "valuesCsv": "29,30,32,33,34,34.5,34.5,34.5,34.5,32,29,27,26,25,24,23,22,22,21,21,20,20,20,22",
            "valuesCsvInArray": [
                29.0,
                30.0,
                32.0,
                33.0,
                34.0,
                34.5,
                34.5,
                34.5,
                34.5,
                32.0,
                29.0,
                27.0,
                26.0,
                25.0,
                24.0,
                23.0,
                22.0,
                22.0,
                21.0,
                21.0,
                20.0,
                20.0,
                20.0,
                22.0
            ],
            "remarks": null,
            "dailyMin": 20.00,
            "dailyMax": 34.50,
            "dailyAvg": 27.08,
            "dailySum": 650.00,
            "dailyCount": 24,
            "createdBy": null,
            "createdOn": null,
            "updatedBy": null,
            "updatedOn": null,
            "lastSyncDate": null
        }
    ],
    "message": "ObsDataHR as per Datatype ID fetched successful",
    "txnId": "87f3d125-fe7a-42bb-9169-0bf95f27af92"
}
status code is 
200
Response Time is 
100
HTTP/1.1 200 OK
Name of test method sucessfully executed:get_ObsDataHRall
]]></system-out>
  </testcase>
  <testcase name="get_Rainfall" classname="com.swades.rainFall.testCases.GET_Rainfall" time="0.004">
    <system-out><![CDATA[Name of test method started:get_Rainfall
Request method:	GET
Request URI:	http://20.198.96.251:9090/data/v1/api/rainfall?stationId=1&month=9&year=1988
Proxy:			<none>
Request params:	<none>
Query params:	stationId=1
				month=9
				year=1988
Form params:	<none>
Path params:	<none>
Headers:		Authorization=Bearer eyJhbGciOiJIUzI1NiJ9.eyJzdWIiOiJRQVRlc3QiLCJpYXQiOjE3MTg2OTQ1NTIsImV4cCI6NTAwMDAxNzE4Njk0NTUyfQ.f5l2Wjoe_065uzZgxr0JMFQ12GwkfqbWXQEpgKhCJ20
				Accept=*/*
				Content-Type=application/json
Cookies:		<none>
Multiparts:		<none>
Body:			<none>
[
    {
        "rainfallId": 245,
        "stationId": 1,
        "datatypeId": 32,
        "frequency": 1,
        "dateTime1": "1988-09-01T08:30:00",
        "time2": null,
        "time3": null,
        "time4": null,
        "value1": 23.00,
        "value2": null,
        "value3": null,
        "value4": null,
        "remarks": null,
        "createdBy": null,
        "createdOn": "1988-09-01T08:30:00",
        "updatedBy": null,
        "updatedOn": null,
        "lastSyncDate": null
    },
    {
        "rainfallId": 246,
        "stationId": 1,
        "datatypeId": 32,
        "frequency": 1,
        "dateTime1": "1988-09-02T08:30:00",
        "time2": null,
        "time3": null,
        "time4": null,
        "value1": 11.00,
        "value2": null,
        "value3": null,
        "value4": null,
        "remarks": null,
        "createdBy": null,
        "createdOn": "1988-09-02T08:30:00",
        "updatedBy": null,
        "updatedOn": null,
        "lastSyncDate": null
    },
    {
        "rainfallId": 247,
        "stationId": 1,
        "datatypeId": 32,
        "frequency": 1,
        "dateTime1": "1988-09-03T08:30:00",
        "time2": null,
        "time3": null,
        "time4": null,
        "value1": 7.00,
        "value2": null,
        "value3": null,
        "value4": null,
        "remarks": null,
        "createdBy": null,
        "createdOn": "1988-09-03T08:30:00",
        "updatedBy": null,
        "updatedOn": null,
        "lastSyncDate": null
    },
    {
        "rainfallId": 248,
        "stationId": 1,
        "datatypeId": 32,
        "frequency": 1,
        "dateTime1": "1988-09-04T08:30:00",
        "time2": null,
        "time3": null,
        "time4": null,
        "value1": 5.00,
        "value2": null,
        "value3": null,
        "value4": null,
        "remarks": null,
        "createdBy": null,
        "createdOn": "1988-09-04T08:30:00",
        "updatedBy": null,
        "updatedOn": null,
        "lastSyncDate": null
    },
    {
        "rainfallId": 249,
        "stationId": 1,
        "datatypeId": 32,
        "frequency": 1,
        "dateTime1": "1988-09-05T08:30:00",
        "time2": null,
        "time3": null,
        "time4": null,
        "value1": 0.00,
        "value2": null,
        "value3": null,
        "value4": null,
        "remarks": null,
        "createdBy": null,
        "createdOn": "1988-09-05T08:30:00",
        "updatedBy": null,
        "updatedOn": null,
        "lastSyncDate": null
    },
    {
        "rainfallId": 250,
        "stationId": 1,
        "datatypeId": 32,
        "frequency": 1,
        "dateTime1": "1988-09-06T08:30:00",
        "time2": null,
        "time3": null,
        "time4": null,
        "value1": 0.00,
        "value2": null,
        "value3": null,
        "value4": null,
        "remarks": null,
        "createdBy": null,
        "createdOn": "1988-09-06T08:30:00",
        "updatedBy": null,
        "updatedOn": null,
        "lastSyncDate": null
    },
    {
        "rainfallId": 251,
        "stationId": 1,
        "datatypeId": 32,
        "frequency": 1,
        "dateTime1": "1988-09-07T08:30:00",
        "time2": null,
        "time3": null,
        "time4": null,
        "value1": 0.00,
        "value2": null,
        "value3": null,
        "value4": null,
        "remarks": null,
        "createdBy": null,
        "createdOn": "1988-09-07T08:30:00",
        "updatedBy": null,
        "updatedOn": null,
        "lastSyncDate": null
    },
    {
        "rainfallId": 252,
        "stationId": 1,
        "datatypeId": 32,
        "frequency": 1,
        "dateTime1": "1988-09-08T08:30:00",
        "time2": null,
        "time3": null,
        "time4": null,
        "value1": 14.00,
        "value2": null,
        "value3": null,
        "value4": null,
        "remarks": null,
        "createdBy": null,
        "createdOn": "1988-09-08T08:30:00",
        "updatedBy": null,
        "updatedOn": null,
        "lastSyncDate": null
    },
    {
        "rainfallId": 253,
        "stationId": 1,
        "datatypeId": 32,
        "frequency": 1,
        "dateTime1": "1988-09-09T08:30:00",
        "time2": null,
        "time3": null,
        "time4": null,
        "value1": 12.00,
        "value2": null,
        "value3": null,
        "value4": null,
        "remarks": null,
        "createdBy": null,
        "createdOn": "1988-09-09T08:30:00",
        "updatedBy": null,
        "updatedOn": null,
        "lastSyncDate": null
    },
    {
        "rainfallId": 254,
        "stationId": 1,
        "datatypeId": 32,
        "frequency": 1,
        "dateTime1": "1988-09-10T08:30:00",
        "time2": null,
        "time3": null,
        "time4": null,
        "value1": 0.00,
        "value2": null,
        "value3": null,
        "value4": null,
        "remarks": null,
        "createdBy": null,
        "createdOn": "1988-09-10T08:30:00",
        "updatedBy": null,
        "updatedOn": null,
        "lastSyncDate": null
    },
    {
        "rainfallId": 255,
        "stationId": 1,
        "datatypeId": 32,
        "frequency": 1,
        "dateTime1": "1988-09-11T08:30:00",
        "time2": null,
        "time3": null,
        "time4": null,
        "value1": 0.00,
        "value2": null,
        "value3": null,
        "value4": null,
        "remarks": null,
        "createdBy": null,
        "createdOn": "1988-09-11T08:30:00",
        "updatedBy": null,
        "updatedOn": null,
        "lastSyncDate": null
    },
    {
        "rainfallId": 256,
        "stationId": 1,
        "datatypeId": 32,
        "frequency": 1,
        "dateTime1": "1988-09-12T08:30:00",
        "time2": null,
        "time3": null,
        "time4": null,
        "value1": 0.00,
        "value2": null,
        "value3": null,
        "value4": null,
        "remarks": null,
        "createdBy": null,
        "createdOn": "1988-09-12T08:30:00",
        "updatedBy": null,
        "updatedOn": null,
        "lastSyncDate": null
    },
    {
        "rainfallId": 257,
        "stationId": 1,
        "datatypeId": 32,
        "frequency": 1,
        "dateTime1": "1988-09-13T08:30:00",
        "time2": null,
        "time3": null,
        "time4": null,
        "value1": 0.00,
        "value2": null,
        "value3": null,
        "value4": null,
        "remarks": null,
        "createdBy": null,
        "createdOn": "1988-09-13T08:30:00",
        "updatedBy": null,
        "updatedOn": null,
        "lastSyncDate": null
    },
    {
        "rainfallId": 258,
        "stationId": 1,
        "datatypeId": 32,
        "frequency": 1,
        "dateTime1": "1988-09-14T08:30:00",
        "time2": null,
        "time3": null,
        "time4": null,
        "value1": 3.00,
        "value2": null,
        "value3": null,
        "value4": null,
        "remarks": null,
        "createdBy": null,
        "createdOn": "1988-09-14T08:30:00",
        "updatedBy": null,
        "updatedOn": null,
        "lastSyncDate": null
    },
    {
        "rainfallId": 259,
        "stationId": 1,
        "datatypeId": 32,
        "frequency": 1,
        "dateTime1": "1988-09-15T08:30:00",
        "time2": null,
        "time3": null,
        "time4": null,
        "value1": 60.00,
        "value2": null,
        "value3": null,
        "value4": null,
        "remarks": null,
        "createdBy": null,
        "createdOn": "1988-09-15T08:30:00",
        "updatedBy": null,
        "updatedOn": null,
        "lastSyncDate": null
    },
    {
        "rainfallId": 260,
        "stationId": 1,
        "datatypeId": 32,
        "frequency": 1,
        "dateTime1": "1988-09-16T08:30:00",
        "time2": null,
        "time3": null,
        "time4": null,
        "value1": 0.00,
        "value2": null,
        "value3": null,
        "value4": null,
        "remarks": null,
        "createdBy": null,
        "createdOn": "1988-09-16T08:30:00",
        "updatedBy": null,
        "updatedOn": null,
        "lastSyncDate": null
    },
    {
        "rainfallId": 261,
        "stationId": 1,
        "datatypeId": 32,
        "frequency": 1,
        "dateTime1": "1988-09-17T08:30:00",
        "time2": null,
        "time3": null,
        "time4": null,
        "value1": 0.00,
        "value2": null,
        "value3": null,
        "value4": null,
        "remarks": null,
        "createdBy": null,
        "createdOn": "1988-09-17T08:30:00",
        "updatedBy": null,
        "updatedOn": null,
        "lastSyncDate": null
    },
    {
        "rainfallId": 262,
        "stationId": 1,
        "datatypeId": 32,
        "frequency": 1,
        "dateTime1": "1988-09-18T08:30:00",
        "time2": null,
        "time3": null,
        "time4": null,
        "value1": 49.00,
        "value2": null,
        "value3": null,
        "value4": null,
        "remarks": null,
        "createdBy": null,
        "createdOn": "1988-09-18T08:30:00",
        "updatedBy": null,
        "updatedOn": null,
        "lastSyncDate": null
    },
    {
        "rainfallId": 263,
        "stationId": 1,
        "datatypeId": 32,
        "frequency": 1,
        "dateTime1": "1988-09-19T08:30:00",
        "time2": null,
        "time3": null,
        "time4": null,
        "value1": 16.00,
        "value2": null,
        "value3": null,
        "value4": null,
        "remarks": null,
        "createdBy": null,
        "createdOn": "1988-09-19T08:30:00",
        "updatedBy": null,
        "updatedOn": null,
        "lastSyncDate": null
    },
    {
        "rainfallId": 264,
        "stationId": 1,
        "datatypeId": 32,
        "frequency": 1,
        "dateTime1": "1988-09-20T08:30:00",
        "time2": null,
        "time3": null,
        "time4": null,
        "value1": 14.00,
        "value2": null,
        "value3": null,
        "value4": null,
        "remarks": null,
        "createdBy": null,
        "createdOn": "1988-09-20T08:30:00",
        "updatedBy": null,
        "updatedOn": null,
        "lastSyncDate": null
    },
    {
        "rainfallId": 265,
        "stationId": 1,
        "datatypeId": 32,
        "frequency": 1,
        "dateTime1": "1988-09-21T08:30:00",
        "time2": null,
        "time3": null,
        "time4": null,
        "value1": 0.00,
        "value2": null,
        "value3": null,
        "value4": null,
        "remarks": null,
        "createdBy": null,
        "createdOn": "1988-09-21T08:30:00",
        "updatedBy": null,
        "updatedOn": null,
        "lastSyncDate": null
    },
    {
        "rainfallId": 266,
        "stationId": 1,
        "datatypeId": 32,
        "frequency": 1,
        "dateTime1": "1988-09-22T08:30:00",
        "time2": null,
        "time3": null,
        "time4": null,
        "value1": 0.00,
        "value2": null,
        "value3": null,
        "value4": null,
        "remarks": null,
        "createdBy": null,
        "createdOn": "1988-09-22T08:30:00",
        "updatedBy": null,
        "updatedOn": null,
        "lastSyncDate": null
    },
    {
        "rainfallId": 267,
        "stationId": 1,
        "datatypeId": 32,
        "frequency": 1,
        "dateTime1": "1988-09-23T08:30:00",
        "time2": null,
        "time3": null,
        "time4": null,
        "value1": 0.00,
        "value2": null,
        "value3": null,
        "value4": null,
        "remarks": null,
        "createdBy": null,
        "createdOn": "1988-09-23T08:30:00",
        "updatedBy": null,
        "updatedOn": null,
        "lastSyncDate": null
    },
    {
        "rainfallId": 268,
        "stationId": 1,
        "datatypeId": 32,
        "frequency": 1,
        "dateTime1": "1988-09-24T08:30:00",
        "time2": null,
        "time3": null,
        "time4": null,
        "value1": 0.00,
        "value2": null,
        "value3": null,
        "value4": null,
        "remarks": null,
        "createdBy": null,
        "createdOn": "1988-09-24T08:30:00",
        "updatedBy": null,
        "updatedOn": null,
        "lastSyncDate": null
    },
    {
        "rainfallId": 269,
        "stationId": 1,
        "datatypeId": 32,
        "frequency": 1,
        "dateTime1": "1988-09-25T08:30:00",
        "time2": null,
        "time3": null,
        "time4": null,
        "value1": 0.00,
        "value2": null,
        "value3": null,
        "value4": null,
        "remarks": null,
        "createdBy": null,
        "createdOn": "1988-09-25T08:30:00",
        "updatedBy": null,
        "updatedOn": null,
        "lastSyncDate": null
    },
    {
        "rainfallId": 270,
        "stationId": 1,
        "datatypeId": 32,
        "frequency": 1,
        "dateTime1": "1988-09-26T08:30:00",
        "time2": null,
        "time3": null,
        "time4": null,
        "value1": 4.00,
        "value2": null,
        "value3": null,
        "value4": null,
        "remarks": null,
        "createdBy": null,
        "createdOn": "1988-09-26T08:30:00",
        "updatedBy": null,
        "updatedOn": null,
        "lastSyncDate": null
    },
    {
        "rainfallId": 271,
        "stationId": 1,
        "datatypeId": 32,
        "frequency": 1,
        "dateTime1": "1988-09-27T08:30:00",
        "time2": null,
        "time3": null,
        "time4": null,
        "value1": 7.00,
        "value2": null,
        "value3": null,
        "value4": null,
        "remarks": null,
        "createdBy": null,
        "createdOn": "1988-09-27T08:30:00",
        "updatedBy": null,
        "updatedOn": null,
        "lastSyncDate": null
    },
    {
        "rainfallId": 272,
        "stationId": 1,
        "datatypeId": 32,
        "frequency": 1,
        "dateTime1": "1988-09-28T08:30:00",
        "time2": null,
        "time3": null,
        "time4": null,
        "value1": 80.00,
        "value2": null,
        "value3": null,
        "value4": null,
        "remarks": null,
        "createdBy": null,
        "createdOn": "1988-09-28T08:30:00",
        "updatedBy": null,
        "updatedOn": null,
        "lastSyncDate": null
    },
    {
        "rainfallId": 273,
        "stationId": 1,
        "datatypeId": 32,
        "frequency": 1,
        "dateTime1": "1988-09-29T08:30:00",
        "time2": null,
        "time3": null,
        "time4": null,
        "value1": 3.00,
        "value2": null,
        "value3": null,
        "value4": null,
        "remarks": null,
        "createdBy": null,
        "createdOn": "1988-09-29T08:30:00",
        "updatedBy": null,
        "updatedOn": null,
        "lastSyncDate": null
    },
    {
        "rainfallId": 274,
        "stationId": 1,
        "datatypeId": 32,
        "frequency": 1,
        "dateTime1": "1988-09-30T08:30:00",
        "time2": null,
        "time3": null,
        "time4": null,
        "value1": 0.00,
        "value2": null,
        "value3": null,
        "value4": null,
        "remarks": null,
        "createdBy": null,
        "createdOn": "1988-09-30T08:30:00",
        "updatedBy": null,
        "updatedOn": null,
        "lastSyncDate": null
    }
]
status code is 
200
Response Time is 
102
HTTP/1.1 200 OK
Name of test method sucessfully executed:get_Rainfall
]]></system-out>
  </testcase>
  <testcase name="StationWiseSeriesData" classname="com.swades.master.testCases.GET_StationWiseSeriesData" time="0.086">
    <system-out><![CDATA[Name of test method started:StationWiseSeriesData
Request method:	GET
Request URI:	http://20.198.96.251:9090/MasterApi/v1/stationWiseSeriesData/all?station_id=12
Proxy:			<none>
Request params:	<none>
Query params:	station_id=12
Form params:	<none>
Path params:	<none>
Headers:		Authorization=Bearer eyJhbGciOiJIUzI1NiJ9.eyJzdWIiOiJRQVRlc3QiLCJpYXQiOjE3MTg2OTQ1NTMsImV4cCI6NTAwMDAxNzE4Njk0NTUzfQ.FiTkn6nPvHOJQqYBIMxSMxeS6CsvgBRT9yseH3gE5Zg
				userName=QATest
				Accept=*/*
				Content-Type=application/json
Cookies:		<none>
Multiparts:		<none>
Body:			<none>
{
    "data": [
        {
            "configId": 7,
            "datatypeId": 32,
            "timeInterval1": 3,
            "timeIntervalPartA": 1,
            "maximum": 210.0,
            "minimum": 0.0,
            "lowerWarningLevel": 50.0,
            "higherWarningLevel": 180.0,
            "timeLabel1": "1900-01-01T08:30:00",
            "timeLabel2": null,
            "timeLabel3": null,
            "timeLabel4": null,
            "stationId": 12,
            "tsType": "1",
            "timeIntervalPartB": null,
            "timeInterval2": null,
            "rateOfRise": null,
            "rateOfFall": null,
            "missingValue": 0,
            "startDate": null,
            "endDate": null,
            "noOfDataPresent": 0,
            "remarks": null,
            "timeLabel5": null,
            "timeLabel6": null,
            "createdOn": null,
            "createdBy": null,
            "updatedOn": null,
            "updatedBy": null,
            "isActive": true
        },
        {
            "configId": 6,
            "datatypeId": 28,
            "timeInterval1": 4,
            "timeIntervalPartA": 1,
            "maximum": 100.0,
            "minimum": 0.0,
            "lowerWarningLevel": 20.0,
            "higherWarningLevel": 90.0,
            "timeLabel1": "1900-01-01T08:30:00",
            "timeLabel2": null,
            "timeLabel3": null,
            "timeLabel4": null,
            "stationId": 12,
            "tsType": "1",
            "timeIntervalPartB": "2",
            "timeInterval2": 3,
            "rateOfRise": 10.0,
            "rateOfFall": 10.0,
            "missingValue": 10,
            "startDate": "2024-05-01T12:13:58.248",
            "endDate": "2024-05-01T12:13:58.248",
            "noOfDataPresent": 10,
            "remarks": "Testing123",
            "timeLabel5": "2024-05-01T12:13:58.248",
            "timeLabel6": "2024-05-01T12:13:58.248",
            "createdOn": "2024-05-02T17:08:23.764668",
            "createdBy": 0,
            "updatedOn": "2024-06-07T10:37:15.208209",
            "updatedBy": 0,
            "isActive": null
        },
        {
            "configId": 5,
            "datatypeId": 27,
            "timeInterval1": 3,
            "timeIntervalPartA": 2,
            "maximum": 500.0,
            "minimum": 0.0,
            "lowerWarningLevel": 50.0,
            "higherWarningLevel": 400.0,
            "timeLabel1": "1900-01-01T08:30:00",
            "timeLabel2": "1900-01-01T17:30:00",
            "timeLabel3": null,
            "timeLabel4": null,
            "stationId": null,
            "tsType": null,
            "timeIntervalPartB": null,
            "timeInterval2": null,
            "rateOfRise": null,
            "rateOfFall": null,
            "missingValue": null,
            "startDate": null,
            "endDate": null,
            "noOfDataPresent": null,
            "remarks": null,
            "timeLabel5": null,
            "timeLabel6": null,
            "createdOn": null,
            "createdBy": null,
            "updatedOn": null,
            "updatedBy": null,
            "isActive": null
        },
        {
            "configId": 12,
            "datatypeId": 43,
            "timeInterval1": 3,
            "timeIntervalPartA": 1,
            "maximum": 100.0,
            "minimum": 0.0,
            "lowerWarningLevel": 20.0,
            "higherWarningLevel": 53.0,
            "timeLabel1": "1900-01-01T08:30:00",
            "timeLabel2": null,
            "timeLabel3": null,
            "timeLabel4": null,
            "stationId": null,
            "tsType": null,
            "timeIntervalPartB": null,
            "timeInterval2": null,
            "rateOfRise": null,
            "rateOfFall": null,
            "missingValue": null,
            "startDate": null,
            "endDate": null,
            "noOfDataPresent": null,
            "remarks": null,
            "timeLabel5": null,
            "timeLabel6": null,
            "createdOn": null,
            "createdBy": null,
            "updatedOn": null,
            "updatedBy": null,
            "isActive": null
        },
        {
            "configId": 20,
            "datatypeId": 56,
            "timeInterval1": 3,
            "timeIntervalPartA": 1,
            "maximum": 100.0,
            "minimum": 0.0,
            "lowerWarningLevel": 20.0,
            "higherWarningLevel": 80.0,
            "timeLabel1": "1900-01-01T08:30:00",
            "timeLabel2": null,
            "timeLabel3": null,
            "timeLabel4": null,
            "stationId": null,
            "tsType": null,
            "timeIntervalPartB": null,
            "timeInterval2": null,
            "rateOfRise": null,
            "rateOfFall": null,
            "missingValue": null,
            "startDate": null,
            "endDate": null,
            "noOfDataPresent": null,
            "remarks": null,
            "timeLabel5": null,
            "timeLabel6": null,
            "createdOn": null,
            "createdBy": null,
            "updatedOn": null,
            "updatedBy": null,
            "isActive": null
        },
        {
            "configId": 11,
            "datatypeId": 42,
            "timeInterval1": 3,
            "timeIntervalPartA": 2,
            "maximum": 100.0,
            "minimum": 0.0,
            "lowerWarningLevel": 30.0,
            "higherWarningLevel": 90.0,
            "timeLabel1": "1900-01-01T08:30:00",
            "timeLabel2": "1900-01-01T17:30:00",
            "timeLabel3": null,
            "timeLabel4": null,
            "stationId": null,
            "tsType": null,
            "timeIntervalPartB": null,
            "timeInterval2": null,
            "rateOfRise": null,
            "rateOfFall": null,
            "missingValue": null,
            "startDate": null,
            "endDate": null,
            "noOfDataPresent": null,
            "remarks": null,
            "timeLabel5": null,
            "timeLabel6": null,
            "createdOn": null,
            "createdBy": null,
            "updatedOn": null,
            "updatedBy": null,
            "isActive": null
        },
        {
            "configId": 2,
            "datatypeId": 15,
            "timeInterval1": 3,
            "timeIntervalPartA": 4,
            "maximum": 200.0,
            "minimum": 0.0,
            "lowerWarningLevel": 150.0,
            "higherWarningLevel": 180.0,
            "timeLabel1": "1900-01-01T09:00:00",
            "timeLabel2": "1900-01-01T12:00:00",
            "timeLabel3": "1900-01-01T15:00:00",
            "timeLabel4": "1900-01-01T18:00:00",
            "stationId": null,
            "tsType": null,
            "timeIntervalPartB": null,
            "timeInterval2": null,
            "rateOfRise": null,
            "rateOfFall": null,
            "missingValue": null,
            "startDate": null,
            "endDate": null,
            "noOfDataPresent": null,
            "remarks": null,
            "timeLabel5": null,
            "timeLabel6": null,
            "createdOn": null,
            "createdBy": null,
            "updatedOn": null,
            "updatedBy": null,
            "isActive": null
        },
        {
            "configId": 15,
            "datatypeId": 47,
            "timeInterval1": 3,
            "timeIntervalPartA": 1,
            "maximum": 60.0,
            "minimum": 0.0,
            "lowerWarningLevel": 20.0,
            "higherWarningLevel": 50.0,
            "timeLabel1": "1900-01-01T08:30:00",
            "timeLabel2": null,
            "timeLabel3": null,
            "timeLabel4": null,
            "stationId": null,
            "tsType": null,
            "timeIntervalPartB": null,
            "timeInterval2": null,
            "rateOfRise": null,
            "rateOfFall": null,
            "missingValue": null,
            "startDate": null,
            "endDate": null,
            "noOfDataPresent": null,
            "remarks": null,
            "timeLabel5": null,
            "timeLabel6": null,
            "createdOn": null,
            "createdBy": null,
            "updatedOn": null,
            "updatedBy": null,
            "isActive": null
        },
        {
            "configId": 17,
            "datatypeId": 50,
            "timeInterval1": 3,
            "timeIntervalPartA": 2,
            "maximum": 200.0,
            "minimum": 0.0,
            "lowerWarningLevel": 20.0,
            "higherWarningLevel": 100.0,
            "timeLabel1": "1900-01-01T08:30:00",
            "timeLabel2": "1900-01-01T17:30:00",
            "timeLabel3": null,
            "timeLabel4": null,
            "stationId": null,
            "tsType": null,
            "timeIntervalPartB": null,
            "timeInterval2": null,
            "rateOfRise": null,
            "rateOfFall": null,
            "missingValue": null,
            "startDate": null,
            "endDate": null,
            "noOfDataPresent": null,
            "remarks": null,
            "timeLabel5": null,
            "timeLabel6": null,
            "createdOn": null,
            "createdBy": null,
            "updatedOn": null,
            "updatedBy": null,
            "isActive": null
        },
        {
            "configId": 3,
            "datatypeId": 22,
            "timeInterval1": 3,
            "timeIntervalPartA": 2,
            "maximum": 100.0,
            "minimum": 0.0,
            "lowerWarningLevel": 20.0,
            "higherWarningLevel": 80.0,
            "timeLabel1": "1900-01-01T08:30:00",
            "timeLabel2": "1900-01-01T17:30:00",
            "timeLabel3": null,
            "timeLabel4": null,
            "stationId": null,
            "tsType": null,
            "timeIntervalPartB": null,
            "timeInterval2": null,
            "rateOfRise": null,
            "rateOfFall": null,
            "missingValue": null,
            "startDate": null,
            "endDate": null,
            "noOfDataPresent": null,
            "remarks": null,
            "timeLabel5": null,
            "timeLabel6": null,
            "createdOn": null,
            "createdBy": null,
            "updatedOn": null,
            "updatedBy": null,
            "isActive": null
        },
        {
            "configId": 16,
            "datatypeId": 49,
            "timeInterval1": 3,
            "timeIntervalPartA": 2,
            "maximum": 200.0,
            "minimum": 0.0,
            "lowerWarningLevel": 50.0,
            "higherWarningLevel": 180.0,
            "timeLabel1": "1900-01-01T08:30:00",
            "timeLabel2": "1900-01-01T17:30:00",
            "timeLabel3": null,
            "timeLabel4": null,
            "stationId": null,
            "tsType": null,
            "timeIntervalPartB": null,
            "timeInterval2": null,
            "rateOfRise": null,
            "rateOfFall": null,
            "missingValue": null,
            "startDate": null,
            "endDate": null,
            "noOfDataPresent": null,
            "remarks": null,
            "timeLabel5": null,
            "timeLabel6": null,
            "createdOn": null,
            "createdBy": null,
            "updatedOn": null,
            "updatedBy": null,
            "isActive": null
        },
        {
            "configId": 13,
            "datatypeId": 44,
            "timeInterval1": 3,
            "timeIntervalPartA": 2,
            "maximum": 40.0,
            "minimum": 0.0,
            "lowerWarningLevel": 5.0,
            "higherWarningLevel": 30.0,
            "timeLabel1": "1900-01-01T08:30:00",
            "timeLabel2": "1900-01-01T17:30:00",
            "timeLabel3": null,
            "timeLabel4": null,
            "stationId": null,
            "tsType": null,
            "timeIntervalPartB": null,
            "timeInterval2": null,
            "rateOfRise": null,
            "rateOfFall": null,
            "missingValue": null,
            "startDate": null,
            "endDate": null,
            "noOfDataPresent": null,
            "remarks": null,
            "timeLabel5": null,
            "timeLabel6": null,
            "createdOn": null,
            "createdBy": null,
            "updatedOn": null,
            "updatedBy": null,
            "isActive": null
        },
        {
            "configId": 14,
            "datatypeId": 46,
            "timeInterval1": 3,
            "timeIntervalPartA": 2,
            "maximum": 80.0,
            "minimum": 0.0,
            "lowerWarningLevel": 20.0,
            "higherWarningLevel": 60.0,
            "timeLabel1": "1900-01-01T08:30:00",
            "timeLabel2": "1900-01-01T17:30:00",
            "timeLabel3": null,
            "timeLabel4": null,
            "stationId": null,
            "tsType": null,
            "timeIntervalPartB": null,
            "timeInterval2": null,
            "rateOfRise": null,
            "rateOfFall": null,
            "missingValue": null,
            "startDate": null,
            "endDate": null,
            "noOfDataPresent": null,
            "remarks": null,
            "timeLabel5": null,
            "timeLabel6": null,
            "createdOn": null,
            "createdBy": null,
            "updatedOn": null,
            "updatedBy": null,
            "isActive": null
        },
        {
            "configId": 10,
            "datatypeId": 41,
            "timeInterval1": 4,
            "timeIntervalPartA": 1,
            "maximum": 150.0,
            "minimum": 0.0,
            "lowerWarningLevel": 100.0,
            "higherWarningLevel": 120.0,
            "timeLabel1": "1900-01-01T08:30:00",
            "timeLabel2": null,
            "timeLabel3": null,
            "timeLabel4": null,
            "stationId": null,
            "tsType": null,
            "timeIntervalPartB": null,
            "timeInterval2": null,
            "rateOfRise": null,
            "rateOfFall": null,
            "missingValue": null,
            "startDate": null,
            "endDate": null,
            "noOfDataPresent": null,
            "remarks": null,
            "timeLabel5": null,
            "timeLabel6": null,
            "createdOn": null,
            "createdBy": null,
            "updatedOn": null,
            "updatedBy": null,
            "isActive": null
        },
        {
            "configId": 9,
            "datatypeId": 34,
            "timeInterval1": 4,
            "timeIntervalPartA": 1,
            "maximum": 200.0,
            "minimum": 0.0,
            "lowerWarningLevel": 120.0,
            "higherWarningLevel": 180.0,
            "timeLabel1": "1900-01-01T05:00:00",
            "timeLabel2": null,
            "timeLabel3": null,
            "timeLabel4": null,
            "stationId": null,
            "tsType": null,
            "timeIntervalPartB": null,
            "timeInterval2": null,
            "rateOfRise": null,
            "rateOfFall": null,
            "missingValue": null,
            "startDate": null,
            "endDate": null,
            "noOfDataPresent": null,
            "remarks": null,
            "timeLabel5": null,
            "timeLabel6": null,
            "createdOn": null,
            "createdBy": null,
            "updatedOn": null,
            "updatedBy": null,
            "isActive": null
        },
        {
            "configId": 18,
            "datatypeId": 54,
            "timeInterval1": 3,
            "timeIntervalPartA": 2,
            "maximum": 100.0,
            "minimum": 0.0,
            "lowerWarningLevel": 20.0,
            "higherWarningLevel": 80.0,
            "timeLabel1": "1900-01-01T08:30:00",
            "timeLabel2": "1900-01-01T17:30:00",
            "timeLabel3": null,
            "timeLabel4": null,
            "stationId": null,
            "tsType": null,
            "timeIntervalPartB": null,
            "timeInterval2": null,
            "rateOfRise": null,
            "rateOfFall": null,
            "missingValue": null,
            "startDate": null,
            "endDate": null,
            "noOfDataPresent": null,
            "remarks": null,
            "timeLabel5": null,
            "timeLabel6": null,
            "createdOn": null,
            "createdBy": null,
            "updatedOn": null,
            "updatedBy": null,
            "isActive": null
        },
        {
            "configId": 19,
            "datatypeId": 55,
            "timeInterval1": 3,
            "timeIntervalPartA": 2,
            "maximum": 100.0,
            "minimum": 0.0,
            "lowerWarningLevel": 20.0,
            "higherWarningLevel": 80.0,
            "timeLabel1": "1900-01-01T08:30:00",
            "timeLabel2": "1900-01-01T17:30:00",
            "timeLabel3": null,
            "timeLabel4": null,
            "stationId": null,
            "tsType": null,
            "timeIntervalPartB": null,
            "timeInterval2": null,
            "rateOfRise": null,
            "rateOfFall": null,
            "missingValue": null,
            "startDate": null,
            "endDate": null,
            "noOfDataPresent": null,
            "remarks": null,
            "timeLabel5": null,
            "timeLabel6": null,
            "createdOn": null,
            "createdBy": null,
            "updatedOn": null,
            "updatedBy": null,
            "isActive": null
        },
        {
            "configId": 21,
            "datatypeId": 20,
            "timeInterval1": 4,
            "timeIntervalPartA": 1,
            "maximum": 200.0,
            "minimum": 0.0,
            "lowerWarningLevel": 20.0,
            "higherWarningLevel": 180.0,
            "timeLabel1": "1900-01-01T08:30:00",
            "timeLabel2": null,
            "timeLabel3": null,
            "timeLabel4": null,
            "stationId": null,
            "tsType": null,
            "timeIntervalPartB": null,
            "timeInterval2": null,
            "rateOfRise": null,
            "rateOfFall": null,
            "missingValue": null,
            "startDate": null,
            "endDate": null,
            "noOfDataPresent": null,
            "remarks": null,
            "timeLabel5": null,
            "timeLabel6": null,
            "createdOn": null,
            "createdBy": null,
            "updatedOn": null,
            "updatedBy": null,
            "isActive": null
        },
        {
            "configId": 1,
            "datatypeId": 8,
            "timeInterval1": 3,
            "timeIntervalPartA": 1,
            "maximum": 100.0,
            "minimum": 0.0,
            "lowerWarningLevel": 60.0,
            "higherWarningLevel": 80.0,
            "timeLabel1": "1900-01-01T09:00:00",
            "timeLabel2": null,
            "timeLabel3": null,
            "timeLabel4": null,
            "stationId": null,
            "tsType": null,
            "timeIntervalPartB": null,
            "timeInterval2": null,
            "rateOfRise": null,
            "rateOfFall": null,
            "missingValue": null,
            "startDate": null,
            "endDate": null,
            "noOfDataPresent": null,
            "remarks": null,
            "timeLabel5": null,
            "timeLabel6": null,
            "createdOn": null,
            "createdBy": null,
            "updatedOn": null,
            "updatedBy": null,
            "isActive": null
        },
        {
            "configId": 8,
            "datatypeId": 32,
            "timeInterval1": 3,
            "timeIntervalPartA": 2,
            "maximum": 100.0,
            "minimum": 0.0,
            "lowerWarningLevel": 30.0,
            "higherWarningLevel": 80.0,
            "timeLabel1": "1900-01-01T08:30:00",
            "timeLabel2": "1900-01-01T17:30:00",
            "timeLabel3": null,
            "timeLabel4": null,
            "stationId": null,
            "tsType": null,
            "timeIntervalPartB": null,
            "timeInterval2": null,
            "rateOfRise": null,
            "rateOfFall": null,
            "missingValue": null,
            "startDate": null,
            "endDate": null,
            "noOfDataPresent": null,
            "remarks": null,
            "timeLabel5": null,
            "timeLabel6": null,
            "createdOn": null,
            "createdBy": null,
            "updatedOn": null,
            "updatedBy": null,
            "isActive": null
        },
        {
            "configId": 4,
            "datatypeId": 25,
            "timeInterval1": 4,
            "timeIntervalPartA": 1,
            "maximum": 100.0,
            "minimum": 0.0,
            "lowerWarningLevel": 30.0,
            "higherWarningLevel": 90.0,
            "timeLabel1": "1900-01-01T08:30:00",
            "timeLabel2": null,
            "timeLabel3": null,
            "timeLabel4": null,
            "stationId": null,
            "tsType": null,
            "timeIntervalPartB": null,
            "timeInterval2": null,
            "rateOfRise": null,
            "rateOfFall": null,
            "missingValue": null,
            "startDate": null,
            "endDate": null,
            "noOfDataPresent": null,
            "remarks": null,
            "timeLabel5": null,
            "timeLabel6": null,
            "createdOn": null,
            "createdBy": null,
            "updatedOn": null,
            "updatedBy": null,
            "isActive": null
        }
    ],
    "message": "State Config Data",
    "txnId": "NA"
}
status code is 
200
Response Time is 
85
HTTP/1.1 200 OK
Name of test method sucessfully executed:StationWiseSeriesData
]]></system-out>
  </testcase>
  <testcase name="get_DownloadMasterDetails" classname="com.swades.master.testCases.GET_MasterStationAll" time="0.682">
    <system-out><![CDATA[Name of test method started:get_DownloadMasterDetails
Request method:	GET
Request URI:	http://20.198.96.251:9090/MasterApi/v1/MasterStation/all?station_id=45
Proxy:			<none>
Request params:	<none>
Query params:	station_id=45
Form params:	<none>
Path params:	<none>
Headers:		Authorization=Bearer eyJhbGciOiJIUzI1NiJ9.eyJzdWIiOiJRQVRlc3QiLCJpYXQiOjE3MTg2OTQ1NTMsImV4cCI6NTAwMDAxNzE4Njk0NTUzfQ.FiTkn6nPvHOJQqYBIMxSMxeS6CsvgBRT9yseH3gE5Zg
				userName=QATest
				Accept=*/*
				Content-Type=application/json
Cookies:		<none>
Multiparts:		<none>
Body:			<none>
{
    "data": [
        {
            "stationId": 64,
            "stationCode": "Kaladagi",
            "stationName": "Kaladagi",
            "agencyId": 3,
            "stateId": 10,
            "districtId": 164,
            "tahsilId": 2394,
            "lat": "16°12'18\"",
            "longitude": "75°30'05\"",
            "refToposheetNo": "47P-12",
            "altitude": null,
            "zeroRl": 0,
            "basinId": 7,
            "riverId": 21,
            "tributaryId": null,
            "subTributaryId": null,
            "subSubTributaryId": null,
            "localRiverId": null,
            "catchmentArea": null,
            "regionalOfficeId": 12,
            "circleOfficeId": 19,
            "divisionalOfficeId": 54,
            "subDivisionalOfficeId": null,
            "sectionOfficeId": null,
            "ownerAgencyId": 3,
            "locationDetails": "Located in the premises of Primary Health Centre Kaladagi",
            "busStand": "Bagalkot",
            "station": "Bagalkot",
            "airport": "Bombay",
            "town": "Bagalkot",
            "address": "Primary Health Centre  premises Kaladagi",
            "otherInformation": null,
            "stationSetup": "SRG",
            "accessibility": "By Road",
            "stationHistory": null,
            "dateOfEstablishment": "1981-01-01T00:00:00",
            "dateOfClosure": null,
            "waterLevelManual": false,
            "waterLevelManualStart": null,
            "waterLevelManualEnd": null,
            "waterLevelAuto": false,
            "waterLevelAutoStart": null,
            "waterLevelAutoEnd": null,
            "discharge": false,
            "dischargeStart": null,
            "dischargeEnd": null,
            "dischargeCm": false,
            "dischargeCmStart": null,
            "dischargeCmEnd": null,
            "sediment": false,
            "sedimentStart": null,
            "sedimentEnd": null,
            "waterQuality": false,
            "waterQualityStart": null,
            "waterQualityEnd": null,
            "rainfallManual": true,
            "rainfallManualStart": "1981-01-01T00:00:00",
            "rainfallManualEnd": null,
            "rainfallAuto": false,
            "rainfallAutoStart": null,
            "rainfallAutoEnd": null,
            "climaticManual": false,
            "climaticManualStart": null,
            "climaticManualEnd": null,
            "climaticAuto": false,
            "climaticAutoStart": null,
            "climaticAutoEnd": null,
            "catDomain": false,
            "catDomainGw": false,
            "catMet": true,
            "catWq": false,
            "catDomainInfo": null,
            "catMetInfo": "Precipititation(Standard - SRG)",
            "catWqInfo": null,
            "mc": null,
            "sc": null,
            "cw": null,
            "wqYesNo": false,
            "distanceToOutlet": null,
            "dwlrNo": null,
            "dwlrType": null,
            "transferSelected": false,
            "swNetworkType": null,
            "metNetworkType": 10,
            "wqNetworkType": null,
            "stationOperational": true,
            "bank": null,
            "swStationOwner": null,
            "metStationOwner": null,
            "wqStationOwner": null,
            "createdOn": null,
            "createdBy": null,
            "updatedOn": null,
            "updatedBy": null,
            "maxRainfallDate": "2015-12-31T08:30:00",
            "maxClimaticDate": null,
            "wimsCode": null
        },
        {
            "stationId": 66,
            "stationCode": "Kandagal",
            "stationName": "Kandagal",
            "agencyId": 3,
            "stateId": 10,
            "districtId": 164,
            "tahsilId": 2398,
            "lat": "15°57'16\"",
            "longitude": "76°16'24\"",
            "refToposheetNo": "57A-5",
            "altitude": 565.47,
            "zeroRl": 0,
            "basinId": 7,
            "riverId": 21,
            "tributaryId": null,
            "subTributaryId": null,
            "subSubTributaryId": null,
            "localRiverId": null,
            "catchmentArea": null,
            "regionalOfficeId": 12,
            "circleOfficeId": 19,
            "divisionalOfficeId": 54,
            "subDivisionalOfficeId": null,
            "sectionOfficeId": null,
            "ownerAgencyId": 3,
            "locationDetails": "Located in the premises of Primary School Kandagal",
            "busStand": "Hungund",
            "station": "Bagalkot",
            "airport": "Bombay",
            "town": "Bagalkot",
            "address": "Primary School  premises Kandagal",
            "otherInformation": null,
            "stationSetup": "SRG",
            "accessibility": "By Road",
            "stationHistory": null,
            "dateOfEstablishment": "1970-01-01T00:00:00",
            "dateOfClosure": null,
            "waterLevelManual": false,
            "waterLevelManualStart": null,
            "waterLevelManualEnd": null,
            "waterLevelAuto": false,
            "waterLevelAutoStart": null,
            "waterLevelAutoEnd": null,
            "discharge": false,
            "dischargeStart": null,
            "dischargeEnd": null,
            "dischargeCm": false,
            "dischargeCmStart": null,
            "dischargeCmEnd": null,
            "sediment": false,
            "sedimentStart": null,
            "sedimentEnd": null,
            "waterQuality": false,
            "waterQualityStart": null,
            "waterQualityEnd": null,
            "rainfallManual": true,
            "rainfallManualStart": "1970-01-01T00:00:00",
            "rainfallManualEnd": null,
            "rainfallAuto": false,
            "rainfallAutoStart": null,
            "rainfallAutoEnd": null,
            "climaticManual": false,
            "climaticManualStart": null,
            "climaticManualEnd": null,
            "climaticAuto": false,
            "climaticAutoStart": null,
            "climaticAutoEnd": null,
            "catDomain": false,
            "catDomainGw": false,
            "catMet": true,
            "catWq": false,
            "catDomainInfo": null,
            "catMetInfo": "Precipititation(Standard - SRG)",
            "catWqInfo": null,
            "mc": null,
            "sc": null,
            "cw": null,
            "wqYesNo": false,
            "distanceToOutlet": null,
            "dwlrNo": null,
            "dwlrType": null,
            "transferSelected": false,
            "swNetworkType": null,
            "metNetworkType": 10,
            "wqNetworkType": null,
            "stationOperational": true,
            "bank": null,
            "swStationOwner": null,
            "metStationOwner": null,
            "wqStationOwner": null,
            "createdOn": null,
            "createdBy": null,
            "updatedOn": null,
            "updatedBy": null,
            "maxRainfallDate": "2015-12-31T08:30:00",
            "maxClimaticDate": null,
            "wimsCode": null
        },
        {
            "stationId": 79,
            "stationCode": "Kulgod",
            "stationName": "Kulgod",
            "agencyId": 3,
            "stateId": 10,
            "districtId": 167,
            "tahsilId": 2421,
            "lat": "16°01'00\"",
            "longitude": "75°12'00\"",
            "refToposheetNo": "47L-15",
            "altitude": 570.12,
            "zeroRl": 0,
            "basinId": 7,
            "riverId": 21,
            "tributaryId": 182,
            "subTributaryId": null,
            "subSubTributaryId": null,
            "localRiverId": null,
            "catchmentArea": null,
            "regionalOfficeId": 12,
            "circleOfficeId": 19,
            "divisionalOfficeId": 54,
            "subDivisionalOfficeId": null,
            "sectionOfficeId": null,
            "ownerAgencyId": 3,
            "locationDetails": "PHC .Kulgod",
            "busStand": "Kulgod",
            "station": null,
            "airport": null,
            "town": null,
            "address": "PHC .Kulgod",
            "otherInformation": null,
            "stationSetup": "SRG",
            "accessibility": "Road",
            "stationHistory": null,
            "dateOfEstablishment": "1988-06-01T00:00:00",
            "dateOfClosure": null,
            "waterLevelManual": false,
            "waterLevelManualStart": null,
            "waterLevelManualEnd": null,
            "waterLevelAuto": false,
            "waterLevelAutoStart": null,
            "waterLevelAutoEnd": null,
            "discharge": false,
            "dischargeStart": null,
            "dischargeEnd": null,
            "dischargeCm": false,
            "dischargeCmStart": null,
            "dischargeCmEnd": null,
            "sediment": false,
            "sedimentStart": null,
            "sedimentEnd": null,
            "waterQuality": false,
            "waterQualityStart": null,
            "waterQualityEnd": null,
            "rainfallManual": true,
            "rainfallManualStart": "1988-06-01T00:00:00",
            "rainfallManualEnd": null,
            "rainfallAuto": false,
            "rainfallAutoStart": null,
            "rainfallAutoEnd": null,
            "climaticManual": false,
            "climaticManualStart": null,
            "climaticManualEnd": null,
            "climaticAuto": false,
            "climaticAutoStart": null,
            "climaticAutoEnd": null,
            "catDomain": false,
            "catDomainGw": false,
            "catMet": true,
            "catWq": false,
            "catDomainInfo": null,
            "catMetInfo": "Precipititation(Standard - SRG)",
            "catWqInfo": null,
            "mc": null,
            "sc": null,
            "cw": null,
            "wqYesNo": false,
            "distanceToOutlet": 0.0,
            "dwlrNo": null,
            "dwlrType": null,
            "transferSelected": false,
            "swNetworkType": null,
            "metNetworkType": 12,
            "wqNetworkType": null,
            "stationOperational": true,
            "bank": null,
            "swStationOwner": null,
            "metStationOwner": null,
            "wqStationOwner": null,
            "createdOn": null,
            "createdBy": null,
            "updatedOn": null,
            "updatedBy": null,
            "maxRainfallDate": "2015-12-31T08:30:00",
            "maxClimaticDate": null,
            "wimsCode": null
        },
        {
            "stationId": 89,
            "stationCode": "Managuli",
            "stationName": "Managuli",
            "agencyId": 3,
            "stateId": 10,
            "districtId": 170,
            "tahsilId": 2445,
            "lat": "16°39'04\"",
            "longitude": "75°48'15\"",
            "refToposheetNo": "47P-14",
            "altitude": 630.7,
            "zeroRl": 0,
            "basinId": 7,
            "riverId": 21,
            "tributaryId": null,
            "subTributaryId": null,
            "subSubTributaryId": null,
            "localRiverId": null,
            "catchmentArea": null,
            "regionalOfficeId": 12,
            "circleOfficeId": 19,
            "divisionalOfficeId": 54,
            "subDivisionalOfficeId": null,
            "sectionOfficeId": null,
            "ownerAgencyId": 3,
            "locationDetails": "Located in the premises of Inspection Bunglow Managuli",
            "busStand": "Bijapur",
            "station": "Bijapur",
            "airport": "Bombay",
            "town": "Bijapur",
            "address": "Inspection Bunglow premises Managuli",
            "otherInformation": null,
            "stationSetup": "SRG",
            "accessibility": "By Road",
            "stationHistory": null,
            "dateOfEstablishment": "2068-01-01T00:00:00",
            "dateOfClosure": null,
            "waterLevelManual": false,
            "waterLevelManualStart": null,
            "waterLevelManualEnd": null,
            "waterLevelAuto": false,
            "waterLevelAutoStart": null,
            "waterLevelAutoEnd": null,
            "discharge": false,
            "dischargeStart": null,
            "dischargeEnd": null,
            "dischargeCm": false,
            "dischargeCmStart": null,
            "dischargeCmEnd": null,
            "sediment": false,
            "sedimentStart": null,
            "sedimentEnd": null,
            "waterQuality": false,
            "waterQualityStart": null,
            "waterQualityEnd": null,
            "rainfallManual": true,
            "rainfallManualStart": "2068-01-01T00:00:00",
            "rainfallManualEnd": null,
            "rainfallAuto": false,
            "rainfallAutoStart": null,
            "rainfallAutoEnd": null,
            "climaticManual": false,
            "climaticManualStart": null,
            "climaticManualEnd": null,
            "climaticAuto": false,
            "climaticAutoStart": null,
            "climaticAutoEnd": null,
            "catDomain": false,
            "catDomainGw": false,
            "catMet": true,
            "catWq": false,
            "catDomainInfo": null,
            "catMetInfo": "Precipititation(Standard - SRG)",
            "catWqInfo": null,
            "mc": null,
            "sc": null,
            "cw": null,
            "wqYesNo": false,
            "distanceToOutlet": null,
            "dwlrNo": null,
            "dwlrType": null,
            "transferSelected": false,
            "swNetworkType": null,
            "metNetworkType": 10,
            "wqNetworkType": null,
            "stationOperational": true,
            "bank": null,
            "swStationOwner": null,
            "metStationOwner": null,
            "wqStationOwner": null,
            "createdOn": null,
            "createdBy": null,
            "updatedOn": null,
            "updatedBy": null,
            "maxRainfallDate": "2015-12-31T08:30:00",
            "maxClimaticDate": "2024-06-14T17:38:08.334",
            "wimsCode": null
        },
        {
            "stationId": 92,
            "stationCode": "Muddebihal",
            "stationName": "Muddebihal",
            "agencyId": 3,
            "stateId": 10,
            "districtId": 170,
            "tahsilId": 2449,
            "lat": "16°19'46\"",
            "longitude": "76°07'59\"",
            "refToposheetNo": "56D-3",
            "altitude": 577.3,
            "zeroRl": 0,
            "basinId": 7,
            "riverId": 21,
            "tributaryId": null,
            "subTributaryId": null,
            "subSubTributaryId": null,
            "localRiverId": null,
            "catchmentArea": null,
            "regionalOfficeId": 12,
            "circleOfficeId": 19,
            "divisionalOfficeId": 54,
            "subDivisionalOfficeId": null,
            "sectionOfficeId": null,
            "ownerAgencyId": 3,
            "locationDetails": "Located in the premises of Inspection Bunglow Muddebihal",
            "busStand": "Bijapur",
            "station": "Bijapur",
            "airport": "Bombay",
            "town": "Bijapur",
            "address": "Inspection Bunglow  premises Muddebihal",
            "otherInformation": null,
            "stationSetup": "ARG",
            "accessibility": "By Road",
            "stationHistory": null,
            "dateOfEstablishment": "2001-01-01T00:00:00",
            "dateOfClosure": null,
            "waterLevelManual": false,
            "waterLevelManualStart": null,
            "waterLevelManualEnd": null,
            "waterLevelAuto": false,
            "waterLevelAutoStart": null,
            "waterLevelAutoEnd": null,
            "discharge": false,
            "dischargeStart": null,
            "dischargeEnd": null,
            "dischargeCm": false,
            "dischargeCmStart": null,
            "dischargeCmEnd": null,
            "sediment": false,
            "sedimentStart": null,
            "sedimentEnd": null,
            "waterQuality": false,
            "waterQualityStart": null,
            "waterQualityEnd": null,
            "rainfallManual": true,
            "rainfallManualStart": "2001-01-01T00:00:00",
            "rainfallManualEnd": null,
            "rainfallAuto": true,
            "rainfallAutoStart": "1988-01-01T00:00:00",
            "rainfallAutoEnd": null,
            "climaticManual": false,
            "climaticManualStart": null,
            "climaticManualEnd": null,
            "climaticAuto": false,
            "climaticAutoStart": null,
            "climaticAutoEnd": null,
            "catDomain": false,
            "catDomainGw": false,
            "catMet": true,
            "catWq": false,
            "catDomainInfo": null,
            "catMetInfo": "Precipititation(Autographic - ARG)",
            "catWqInfo": null,
            "mc": null,
            "sc": null,
            "cw": null,
            "wqYesNo": false,
            "distanceToOutlet": null,
            "dwlrNo": null,
            "dwlrType": null,
            "transferSelected": false,
            "swNetworkType": null,
            "metNetworkType": 10,
            "wqNetworkType": null,
            "stationOperational": true,
            "bank": null,
            "swStationOwner": null,
            "metStationOwner": null,
            "wqStationOwner": null,
            "createdOn": null,
            "createdBy": null,
            "updatedOn": null,
            "updatedBy": null,
            "maxRainfallDate": "2015-12-31T08:30:00",
            "maxClimaticDate": null,
            "wimsCode": null
        },
        {
            "stationId": 98,
            "stationCode": "Nagathan",
            "stationName": "Nagathan",
            "agencyId": 3,
            "stateId": 10,
            "districtId": 170,
            "tahsilId": 2447,
            "lat": "16°54'00\"",
            "longitude": "75°49'12\"",
            "refToposheetNo": "47P-13",
            "altitude": 515.11,
            "zeroRl": 0,
            "basinId": 7,
            "riverId": 21,
            "tributaryId": null,
            "subTributaryId": null,
            "subSubTributaryId": null,
            "localRiverId": null,
            "catchmentArea": null,
            "regionalOfficeId": 12,
            "circleOfficeId": 19,
            "divisionalOfficeId": 54,
            "subDivisionalOfficeId": null,
            "sectionOfficeId": null,
            "ownerAgencyId": 3,
            "locationDetails": "Located near M.I.Tank  Nagathan",
            "busStand": "Bijapur",
            "station": "Bijapur",
            "airport": "Bombay",
            "town": "Bijapur",
            "address": "Near M.I.Tank Nagathan",
            "otherInformation": null,
            "stationSetup": "SRG",
            "accessibility": "By Road",
            "stationHistory": null,
            "dateOfEstablishment": "2069-01-01T00:00:00",
            "dateOfClosure": null,
            "waterLevelManual": false,
            "waterLevelManualStart": null,
            "waterLevelManualEnd": null,
            "waterLevelAuto": false,
            "waterLevelAutoStart": null,
            "waterLevelAutoEnd": null,
            "discharge": false,
            "dischargeStart": null,
            "dischargeEnd": null,
            "dischargeCm": false,
            "dischargeCmStart": null,
            "dischargeCmEnd": null,
            "sediment": false,
            "sedimentStart": null,
            "sedimentEnd": null,
            "waterQuality": false,
            "waterQualityStart": null,
            "waterQualityEnd": null,
            "rainfallManual": true,
            "rainfallManualStart": "2069-01-01T00:00:00",
            "rainfallManualEnd": null,
            "rainfallAuto": false,
            "rainfallAutoStart": null,
            "rainfallAutoEnd": null,
            "climaticManual": false,
            "climaticManualStart": null,
            "climaticManualEnd": null,
            "climaticAuto": false,
            "climaticAutoStart": null,
            "climaticAutoEnd": null,
            "catDomain": false,
            "catDomainGw": false,
            "catMet": true,
            "catWq": false,
            "catDomainInfo": null,
            "catMetInfo": "Precipititation(Standard - SRG)",
            "catWqInfo": null,
            "mc": null,
            "sc": null,
            "cw": null,
            "wqYesNo": false,
            "distanceToOutlet": null,
            "dwlrNo": null,
            "dwlrType": null,
            "transferSelected": false,
            "swNetworkType": null,
            "metNetworkType": 10,
            "wqNetworkType": null,
            "stationOperational": true,
            "bank": null,
            "swStationOwner": null,
            "metStationOwner": null,
            "wqStationOwner": null,
            "createdOn": null,
            "createdBy": null,
            "updatedOn": null,
            "updatedBy": null,
            "maxRainfallDate": "2015-12-31T08:30:00",
            "maxClimaticDate": null,
            "wimsCode": null
        },
        {
            "stationId": 99,
            "stationCode": "Nalatwad",
            "stationName": "Nalatwad",
            "agencyId": 3,
            "stateId": 10,
            "districtId": 170,
            "tahsilId": 2449,
            "lat": "16°14'27\"",
            "longitude": "76°17'39\"",
            "refToposheetNo": "56D-8",
            "altitude": null,
            "zeroRl": 0,
            "basinId": 7,
            "riverId": 21,
            "tributaryId": null,
            "subTributaryId": null,
            "subSubTributaryId": null,
            "localRiverId": null,
            "catchmentArea": null,
            "regionalOfficeId": 12,
            "circleOfficeId": 19,
            "divisionalOfficeId": 54,
            "subDivisionalOfficeId": null,
            "sectionOfficeId": null,
            "ownerAgencyId": 3,
            "locationDetails": "Located in the Primary Health Centre premises Nalatwad",
            "busStand": "Muddebihal",
            "station": "Bijapur",
            "airport": "Bombay",
            "town": "Bijapur",
            "address": "Primary Health Centre premises Nalatwad",
            "otherInformation": null,
            "stationSetup": "SRG",
            "accessibility": "By Road",
            "stationHistory": null,
            "dateOfEstablishment": "1990-01-01T00:00:00",
            "dateOfClosure": null,
            "waterLevelManual": false,
            "waterLevelManualStart": null,
            "waterLevelManualEnd": null,
            "waterLevelAuto": false,
            "waterLevelAutoStart": null,
            "waterLevelAutoEnd": null,
            "discharge": false,
            "dischargeStart": null,
            "dischargeEnd": null,
            "dischargeCm": false,
            "dischargeCmStart": null,
            "dischargeCmEnd": null,
            "sediment": false,
            "sedimentStart": null,
            "sedimentEnd": null,
            "waterQuality": false,
            "waterQualityStart": null,
            "waterQualityEnd": null,
            "rainfallManual": true,
            "rainfallManualStart": "1990-01-01T00:00:00",
            "rainfallManualEnd": null,
            "rainfallAuto": false,
            "rainfallAutoStart": null,
            "rainfallAutoEnd": null,
            "climaticManual": false,
            "climaticManualStart": null,
            "climaticManualEnd": null,
            "climaticAuto": false,
            "climaticAutoStart": null,
            "climaticAutoEnd": null,
            "catDomain": false,
            "catDomainGw": false,
            "catMet": true,
            "catWq": false,
            "catDomainInfo": null,
            "catMetInfo": "Precipititation(Standard - SRG)",
            "catWqInfo": null,
            "mc": null,
            "sc": null,
            "cw": null,
            "wqYesNo": false,
            "distanceToOutlet": null,
            "dwlrNo": null,
            "dwlrType": null,
            "transferSelected": false,
            "swNetworkType": null,
            "metNetworkType": 10,
            "wqNetworkType": null,
            "stationOperational": true,
            "bank": null,
            "swStationOwner": null,
            "metStationOwner": null,
            "wqStationOwner": null,
            "createdOn": null,
            "createdBy": null,
            "updatedOn": null,
            "updatedBy": null,
            "maxRainfallDate": "2015-12-31T08:30:00",
            "maxClimaticDate": null,
            "wimsCode": null
        },
        {
            "stationId": 13,
            "stationCode": "B.Bagewadi",
            "stationName": "Basavana Bagewadi",
            "agencyId": 3,
            "stateId": 10,
            "districtId": 170,
            "tahsilId": 2445,
            "lat": "16°34'21\"",
            "longitude": "75°58'11\"",
            "refToposheetNo": "47P-14",
            "altitude": 610.0,
            "zeroRl": 0,
            "basinId": 7,
            "riverId": 21,
            "tributaryId": null,
            "subTributaryId": null,
            "subSubTributaryId": null,
            "localRiverId": null,
            "catchmentArea": null,
            "regionalOfficeId": 12,
            "circleOfficeId": 19,
            "divisionalOfficeId": 54,
            "subDivisionalOfficeId": null,
            "sectionOfficeId": null,
            "ownerAgencyId": 3,
            "locationDetails": "Located in the premises of Inspection Bunglow Basavanabagewadi",
            "busStand": "Bijapur",
            "station": "Bijapur",
            "airport": "Bombay",
            "town": "Bijapur",
            "address": "Inspection Bunglow  premises Basavanabagewadi",
            "otherInformation": null,
            "stationSetup": "ARG",
            "accessibility": "By Road",
            "stationHistory": null,
            "dateOfEstablishment": "2001-01-01T00:00:00",
            "dateOfClosure": null,
            "waterLevelManual": false,
            "waterLevelManualStart": null,
            "waterLevelManualEnd": null,
            "waterLevelAuto": false,
            "waterLevelAutoStart": null,
            "waterLevelAutoEnd": null,
            "discharge": false,
            "dischargeStart": null,
            "dischargeEnd": null,
            "dischargeCm": false,
            "dischargeCmStart": null,
            "dischargeCmEnd": null,
            "sediment": false,
            "sedimentStart": null,
            "sedimentEnd": null,
            "waterQuality": false,
            "waterQualityStart": null,
            "waterQualityEnd": null,
            "rainfallManual": true,
            "rainfallManualStart": "2001-01-01T00:00:00",
            "rainfallManualEnd": null,
            "rainfallAuto": true,
            "rainfallAutoStart": "1988-01-01T00:00:00",
            "rainfallAutoEnd": null,
            "climaticManual": false,
            "climaticManualStart": null,
            "climaticManualEnd": null,
            "climaticAuto": false,
            "climaticAutoStart": null,
            "climaticAutoEnd": null,
            "catDomain": false,
            "catDomainGw": false,
            "catMet": true,
            "catWq": false,
            "catDomainInfo": null,
            "catMetInfo": "Precipititation(Autographic - ARG)",
            "catWqInfo": null,
            "mc": null,
            "sc": null,
            "cw": null,
            "wqYesNo": false,
            "distanceToOutlet": null,
            "dwlrNo": null,
            "dwlrType": null,
            "transferSelected": false,
            "swNetworkType": null,
            "metNetworkType": 10,
            "wqNetworkType": null,
            "stationOperational": true,
            "bank": null,
            "swStationOwner": null,
            "metStationOwner": null,
            "wqStationOwner": null,
            "createdOn": null,
            "createdBy": null,
            "updatedOn": null,
            "updatedBy": null,
            "maxRainfallDate": "2015-12-31T08:30:00",
            "maxClimaticDate": "2024-06-14T17:38:08.334",
            "wimsCode": null
        },
        {
            "stationId": 14,
            "stationCode": "Bableshwar",
            "stationName": "Bableshwar",
            "agencyId": 3,
            "stateId": 10,
            "districtId": 170,
            "tahsilId": 2447,
            "lat": "16°40'00\"",
            "longitude": "75°34'54\"",
            "refToposheetNo": "47P-10",
            "altitude": 586.13,
            "zeroRl": 0,
            "basinId": 7,
            "riverId": 21,
            "tributaryId": null,
            "subTributaryId": null,
            "subSubTributaryId": null,
            "localRiverId": null,
            "catchmentArea": null,
            "regionalOfficeId": 12,
            "circleOfficeId": 19,
            "divisionalOfficeId": 54,
            "subDivisionalOfficeId": null,
            "sectionOfficeId": null,
            "ownerAgencyId": 3,
            "locationDetails": "Located in the premises of P.W.D.Store Bableshwar",
            "busStand": "Bijapur",
            "station": "Bijapur",
            "airport": "Bombay",
            "town": "Bijapur",
            "address": "P.W.D.Store  premises Bableshwar",
            "otherInformation": null,
            "stationSetup": "SRG",
            "accessibility": "By Road",
            "stationHistory": null,
            "dateOfEstablishment": "2068-01-01T00:00:00",
            "dateOfClosure": null,
            "waterLevelManual": false,
            "waterLevelManualStart": null,
            "waterLevelManualEnd": null,
            "waterLevelAuto": false,
            "waterLevelAutoStart": null,
            "waterLevelAutoEnd": null,
            "discharge": false,
            "dischargeStart": null,
            "dischargeEnd": null,
            "dischargeCm": false,
            "dischargeCmStart": null,
            "dischargeCmEnd": null,
            "sediment": false,
            "sedimentStart": null,
            "sedimentEnd": null,
            "waterQuality": false,
            "waterQualityStart": null,
            "waterQualityEnd": null,
            "rainfallManual": true,
            "rainfallManualStart": "2068-01-01T00:00:00",
            "rainfallManualEnd": null,
            "rainfallAuto": false,
            "rainfallAutoStart": null,
            "rainfallAutoEnd": null,
            "climaticManual": false,
            "climaticManualStart": null,
            "climaticManualEnd": null,
            "climaticAuto": false,
            "climaticAutoStart": null,
            "climaticAutoEnd": null,
            "catDomain": false,
            "catDomainGw": false,
            "catMet": true,
            "catWq": false,
            "catDomainInfo": null,
            "catMetInfo": "Precipititation(Standard - SRG)",
            "catWqInfo": null,
            "mc": null,
            "sc": null,
            "cw": null,
            "wqYesNo": false,
            "distanceToOutlet": null,
            "dwlrNo": null,
            "dwlrType": null,
            "transferSelected": false,
            "swNetworkType": null,
            "metNetworkType": 10,
            "wqNetworkType": null,
            "stationOperational": true,
            "bank": null,
            "swStationOwner": null,
            "metStationOwner": null,
            "wqStationOwner": null,
            "createdOn": null,
            "createdBy": null,
            "updatedOn": null,
            "updatedBy": null,
            "maxRainfallDate": "2015-12-31T08:30:00",
            "maxClimaticDate": null,
            "wimsCode": null
        },
        {
            "stationId": 18,
            "stationCode": "Belgaum",
            "stationName": "Belgaum",
            "agencyId": 3,
            "stateId": 10,
            "districtId": 167,
            "tahsilId": 2419,
            "lat": "15°50'50\"",
            "longitude": "74°30'20\"",
            "refToposheetNo": "47I-9",
            "altitude": 747.4,
            "zeroRl": 0,
            "basinId": 7,
            "riverId": 21,
            "tributaryId": 182,
            "subTributaryId": null,
            "subSubTributaryId": null,
            "localRiverId": null,
            "catchmentArea": null,
            "regionalOfficeId": 12,
            "circleOfficeId": 19,
            "divisionalOfficeId": 54,
            "subDivisionalOfficeId": null,
            "sectionOfficeId": null,
            "ownerAgencyId": 3,
            "locationDetails": "located in the premises of Inspection Bunglow Belgaum",
            "busStand": "Belgaum",
            "station": "Belgaum",
            "airport": "Bombay",
            "town": "Belgaum",
            "address": "Inspection Bunglow  premises Belgaum",
            "otherInformation": null,
            "stationSetup": "ARG",
            "accessibility": "By Road",
            "stationHistory": null,
            "dateOfEstablishment": "2001-01-01T00:00:00",
            "dateOfClosure": null,
            "waterLevelManual": false,
            "waterLevelManualStart": null,
            "waterLevelManualEnd": null,
            "waterLevelAuto": false,
            "waterLevelAutoStart": null,
            "waterLevelAutoEnd": null,
            "discharge": false,
            "dischargeStart": null,
            "dischargeEnd": null,
            "dischargeCm": false,
            "dischargeCmStart": null,
            "dischargeCmEnd": null,
            "sediment": false,
            "sedimentStart": null,
            "sedimentEnd": null,
            "waterQuality": false,
            "waterQualityStart": null,
            "waterQualityEnd": null,
            "rainfallManual": true,
            "rainfallManualStart": "2001-01-01T00:00:00",
            "rainfallManualEnd": null,
            "rainfallAuto": true,
            "rainfallAutoStart": "1988-06-01T00:00:00",
            "rainfallAutoEnd": null,
            "climaticManual": false,
            "climaticManualStart": null,
            "climaticManualEnd": null,
            "climaticAuto": false,
            "climaticAutoStart": null,
            "climaticAutoEnd": null,
            "catDomain": false,
            "catDomainGw": false,
            "catMet": true,
            "catWq": false,
            "catDomainInfo": null,
            "catMetInfo": "Precipititation(Autographic - ARG)",
            "catWqInfo": null,
            "mc": null,
            "sc": null,
            "cw": null,
            "wqYesNo": false,
            "distanceToOutlet": null,
            "dwlrNo": null,
            "dwlrType": null,
            "transferSelected": false,
            "swNetworkType": null,
            "metNetworkType": 10,
            "wqNetworkType": null,
            "stationOperational": true,
            "bank": null,
            "swStationOwner": null,
            "metStationOwner": null,
            "wqStationOwner": null,
            "createdOn": null,
            "createdBy": null,
            "updatedOn": null,
            "updatedBy": null,
            "maxRainfallDate": "2015-12-31T08:30:00",
            "maxClimaticDate": null,
            "wimsCode": null
        },
        {
            "stationId": 25,
            "stationCode": "Chadachan",
            "stationName": "Chadachan",
            "agencyId": 3,
            "stateId": 10,
            "districtId": 170,
            "tahsilId": 2448,
            "lat": "17°18'49\"",
            "longitude": "75°40'16\"",
            "refToposheetNo": "47O-11",
            "altitude": 457.2,
            "zeroRl": 0,
            "basinId": 7,
            "riverId": 21,
            "tributaryId": null,
            "subTributaryId": null,
            "subSubTributaryId": null,
            "localRiverId": null,
            "catchmentArea": null,
            "regionalOfficeId": 12,
            "circleOfficeId": 19,
            "divisionalOfficeId": 54,
            "subDivisionalOfficeId": null,
            "sectionOfficeId": null,
            "ownerAgencyId": 3,
            "locationDetails": "Located in the premises of Inspection Bunglow Chadachan",
            "busStand": "Indi",
            "station": "Bijapur",
            "airport": "Bombay",
            "town": "Bijapur",
            "address": "Inspection Bunglow  premises Chadachan",
            "otherInformation": null,
            "stationSetup": "SRG",
            "accessibility": "By Road",
            "stationHistory": null,
            "dateOfEstablishment": "2068-01-01T00:00:00",
            "dateOfClosure": null,
            "waterLevelManual": false,
            "waterLevelManualStart": null,
            "waterLevelManualEnd": null,
            "waterLevelAuto": false,
            "waterLevelAutoStart": null,
            "waterLevelAutoEnd": null,
            "discharge": false,
            "dischargeStart": null,
            "dischargeEnd": null,
            "dischargeCm": false,
            "dischargeCmStart": null,
            "dischargeCmEnd": null,
            "sediment": false,
            "sedimentStart": null,
            "sedimentEnd": null,
            "waterQuality": false,
            "waterQualityStart": null,
            "waterQualityEnd": null,
            "rainfallManual": true,
            "rainfallManualStart": "2068-01-01T00:00:00",
            "rainfallManualEnd": null,
            "rainfallAuto": false,
            "rainfallAutoStart": null,
            "rainfallAutoEnd": null,
            "climaticManual": false,
            "climaticManualStart": null,
            "climaticManualEnd": null,
            "climaticAuto": false,
            "climaticAutoStart": null,
            "climaticAutoEnd": null,
            "catDomain": false,
            "catDomainGw": false,
            "catMet": true,
            "catWq": false,
            "catDomainInfo": null,
            "catMetInfo": "Precipititation(Standard - SRG)",
            "catWqInfo": null,
            "mc": null,
            "sc": null,
            "cw": null,
            "wqYesNo": false,
            "distanceToOutlet": null,
            "dwlrNo": null,
            "dwlrType": null,
            "transferSelected": false,
            "swNetworkType": null,
            "metNetworkType": 10,
            "wqNetworkType": null,
            "stationOperational": true,
            "bank": null,
            "swStationOwner": null,
            "metStationOwner": null,
            "wqStationOwner": null,
            "createdOn": null,
            "createdBy": null,
            "updatedOn": null,
            "updatedBy": null,
            "maxRainfallDate": "2015-12-31T08:30:00",
            "maxClimaticDate": null,
            "wimsCode": null
        },
        {
            "stationId": 36,
            "stationCode": "Gokak",
            "stationName": "Gokak",
            "agencyId": 3,
            "stateId": 10,
            "districtId": 167,
            "tahsilId": 2421,
            "lat": "16°09'55\"",
            "longitude": "74°49'16\"",
            "refToposheetNo": "47L-16",
            "altitude": 555.95,
            "zeroRl": 0,
            "basinId": 7,
            "riverId": 21,
            "tributaryId": 182,
            "subTributaryId": null,
            "subSubTributaryId": null,
            "localRiverId": null,
            "catchmentArea": null,
            "regionalOfficeId": 12,
            "circleOfficeId": 19,
            "divisionalOfficeId": 54,
            "subDivisionalOfficeId": null,
            "sectionOfficeId": null,
            "ownerAgencyId": 3,
            "locationDetails": "Located in the premises of Inspection Bunglow Gokak",
            "busStand": "Gokak",
            "station": "Belgaum",
            "airport": "Bombay",
            "town": "Belgaum",
            "address": "Inspection Bunglow  premises Gokak",
            "otherInformation": null,
            "stationSetup": "ARG",
            "accessibility": "By Road",
            "stationHistory": null,
            "dateOfEstablishment": "2001-01-01T00:00:00",
            "dateOfClosure": null,
            "waterLevelManual": false,
            "waterLevelManualStart": null,
            "waterLevelManualEnd": null,
            "waterLevelAuto": false,
            "waterLevelAutoStart": null,
            "waterLevelAutoEnd": null,
            "discharge": false,
            "dischargeStart": null,
            "dischargeEnd": null,
            "dischargeCm": false,
            "dischargeCmStart": null,
            "dischargeCmEnd": null,
            "sediment": false,
            "sedimentStart": null,
            "sedimentEnd": null,
            "waterQuality": false,
            "waterQualityStart": null,
            "waterQualityEnd": null,
            "rainfallManual": true,
            "rainfallManualStart": "2001-01-01T00:00:00",
            "rainfallManualEnd": null,
            "rainfallAuto": true,
            "rainfallAutoStart": "1988-01-01T00:00:00",
            "rainfallAutoEnd": null,
            "climaticManual": false,
            "climaticManualStart": null,
            "climaticManualEnd": null,
            "climaticAuto": false,
            "climaticAutoStart": null,
            "climaticAutoEnd": null,
            "catDomain": false,
            "catDomainGw": false,
            "catMet": true,
            "catWq": false,
            "catDomainInfo": null,
            "catMetInfo": "Precipititation(Autographic - ARG)",
            "catWqInfo": null,
            "mc": null,
            "sc": null,
            "cw": null,
            "wqYesNo": false,
            "distanceToOutlet": null,
            "dwlrNo": null,
            "dwlrType": null,
            "transferSelected": false,
            "swNetworkType": null,
            "metNetworkType": 10,
            "wqNetworkType": null,
            "stationOperational": true,
            "bank": null,
            "swStationOwner": null,
            "metStationOwner": null,
            "wqStationOwner": null,
            "createdOn": null,
            "createdBy": null,
            "updatedOn": null,
            "updatedBy": null,
            "maxRainfallDate": "2015-12-31T08:30:00",
            "maxClimaticDate": null,
            "wimsCode": null
        },
        {
            "stationId": 72,
            "stationCode": "Khanapur (M)",
            "stationName": "Khanapur",
            "agencyId": 3,
            "stateId": 10,
            "districtId": 167,
            "tahsilId": 2423,
            "lat": "15°38'29\"",
            "longitude": "74°30'41\"",
            "refToposheetNo": "48I-10",
            "altitude": 668.0,
            "zeroRl": 0,
            "basinId": 7,
            "riverId": 21,
            "tributaryId": 188,
            "subTributaryId": null,
            "subSubTributaryId": null,
            "localRiverId": 276,
            "catchmentArea": null,
            "regionalOfficeId": 12,
            "circleOfficeId": 19,
            "divisionalOfficeId": 54,
            "subDivisionalOfficeId": null,
            "sectionOfficeId": null,
            "ownerAgencyId": 3,
            "locationDetails": "Located in the premises of Primary Health Centre Khanapur",
            "busStand": "Khanapur",
            "station": "Belgaum",
            "airport": "Hyderabad",
            "town": "Belgaum",
            "address": "Primary Health Centre  premises Khanapur",
            "otherInformation": null,
            "stationSetup": "FCS",
            "accessibility": "By Road",
            "stationHistory": null,
            "dateOfEstablishment": "2001-01-01T00:00:00",
            "dateOfClosure": null,
            "waterLevelManual": false,
            "waterLevelManualStart": null,
            "waterLevelManualEnd": null,
            "waterLevelAuto": false,
            "waterLevelAutoStart": null,
            "waterLevelAutoEnd": null,
            "discharge": false,
            "dischargeStart": null,
            "dischargeEnd": null,
            "dischargeCm": false,
            "dischargeCmStart": null,
            "dischargeCmEnd": null,
            "sediment": false,
            "sedimentStart": null,
            "sedimentEnd": null,
            "waterQuality": false,
            "waterQualityStart": null,
            "waterQualityEnd": null,
            "rainfallManual": true,
            "rainfallManualStart": "2001-01-01T00:00:00",
            "rainfallManualEnd": null,
            "rainfallAuto": true,
            "rainfallAutoStart": "1990-01-01T00:00:00",
            "rainfallAutoEnd": null,
            "climaticManual": true,
            "climaticManualStart": "1990-01-01T00:00:00",
            "climaticManualEnd": null,
            "climaticAuto": true,
            "climaticAutoStart": "1990-01-01T00:00:00",
            "climaticAutoEnd": null,
            "catDomain": false,
            "catDomainGw": false,
            "catMet": true,
            "catWq": false,
            "catDomainInfo": null,
            "catMetInfo": "Ordinary Climatological (Class II - FCS:HP)",
            "catWqInfo": null,
            "mc": null,
            "sc": null,
            "cw": null,
            "wqYesNo": false,
            "distanceToOutlet": null,
            "dwlrNo": null,
            "dwlrType": null,
            "transferSelected": false,
            "swNetworkType": null,
            "metNetworkType": 12,
            "wqNetworkType": null,
            "stationOperational": true,
            "bank": null,
            "swStationOwner": null,
            "metStationOwner": null,
            "wqStationOwner": null,
            "createdOn": null,
            "createdBy": null,
            "updatedOn": null,
            "updatedBy": null,
            "maxRainfallDate": "2015-12-31T08:30:00",
            "maxClimaticDate": "2015-12-31T17:30:00",
            "wimsCode": null
        },
        {
            "stationId": 100,
            "stationCode": "Naveeltirtha",
            "stationName": "Naveeltirtha Dam",
            "agencyId": 3,
            "stateId": 10,
            "districtId": 167,
            "tahsilId": 2428,
            "lat": "15°49'03\"",
            "longitude": "75°06'08\"",
            "refToposheetNo": "48M-1",
            "altitude": 689.0,
            "zeroRl": 0,
            "basinId": 7,
            "riverId": 21,
            "tributaryId": 188,
            "subTributaryId": null,
            "subSubTributaryId": null,
            "localRiverId": 276,
            "catchmentArea": null,
            "regionalOfficeId": 12,
            "circleOfficeId": 19,
            "divisionalOfficeId": 54,
            "subDivisionalOfficeId": null,
            "sectionOfficeId": null,
            "ownerAgencyId": 3,
            "locationDetails": "Naveeltirtha Dam site near Saundatti.",
            "busStand": "Naveeltirtha Dam",
            "station": "Saundatti",
            "airport": "Sambra",
            "town": "Saundatti",
            "address": "Naveeltirtha Dam,Taluka Saundatti,Dist.Belgaum",
            "otherInformation": null,
            "stationSetup": "FCS",
            "accessibility": "By Road ,Saundatti -Yargatti Road",
            "stationHistory": null,
            "dateOfEstablishment": "2012-07-01T00:00:00",
            "dateOfClosure": null,
            "waterLevelManual": false,
            "waterLevelManualStart": null,
            "waterLevelManualEnd": null,
            "waterLevelAuto": false,
            "waterLevelAutoStart": null,
            "waterLevelAutoEnd": null,
            "discharge": false,
            "dischargeStart": null,
            "dischargeEnd": null,
            "dischargeCm": false,
            "dischargeCmStart": null,
            "dischargeCmEnd": null,
            "sediment": false,
            "sedimentStart": null,
            "sedimentEnd": null,
            "waterQuality": false,
            "waterQualityStart": null,
            "waterQualityEnd": null,
            "rainfallManual": true,
            "rainfallManualStart": "2012-07-01T00:00:00",
            "rainfallManualEnd": null,
            "rainfallAuto": true,
            "rainfallAutoStart": "2012-07-01T00:00:00",
            "rainfallAutoEnd": null,
            "climaticManual": true,
            "climaticManualStart": "2012-07-01T00:00:00",
            "climaticManualEnd": null,
            "climaticAuto": true,
            "climaticAutoStart": "2012-07-01T00:00:00",
            "climaticAutoEnd": null,
            "catDomain": false,
            "catDomainGw": false,
            "catMet": true,
            "catWq": false,
            "catDomainInfo": null,
            "catMetInfo": "Ordinary Climatological (Class II - FCS:HP)",
            "catWqInfo": null,
            "mc": null,
            "sc": null,
            "cw": null,
            "wqYesNo": false,
            "distanceToOutlet": 0.0,
            "dwlrNo": null,
            "dwlrType": null,
            "transferSelected": false,
            "swNetworkType": null,
            "metNetworkType": null,
            "wqNetworkType": null,
            "stationOperational": null,
            "bank": null,
            "swStationOwner": null,
            "metStationOwner": null,
            "wqStationOwner": null,
            "createdOn": null,
            "createdBy": null,
            "updatedOn": null,
            "updatedBy": null,
            "maxRainfallDate": "2015-12-31T08:30:00",
            "maxClimaticDate": "2015-12-31T17:30:00",
            "wimsCode": null
        },
        {
            "stationId": 94,
            "stationCode": "Murgod",
            "stationName": "Murgod",
            "agencyId": 3,
            "stateId": 10,
            "districtId": 167,
            "tahsilId": null,
            "lat": "15°53'00\"",
            "longitude": "74°56'00\"",
            "refToposheetNo": "48I-13",
            "altitude": 713.84,
            "zeroRl": 0,
            "basinId": 7,
            "riverId": 21,
            "tributaryId": 188,
            "subTributaryId": null,
            "subSubTributaryId": null,
            "localRiverId": 276,
            "catchmentArea": null,
            "regionalOfficeId": 12,
            "circleOfficeId": 19,
            "divisionalOfficeId": 54,
            "subDivisionalOfficeId": null,
            "sectionOfficeId": null,
            "ownerAgencyId": 3,
            "locationDetails": "PWD I.B.Murgod",
            "busStand": "Murgod",
            "station": null,
            "airport": null,
            "town": null,
            "address": "PWD I.B.Murgod",
            "otherInformation": null,
            "stationSetup": "SRG",
            "accessibility": "Road",
            "stationHistory": null,
            "dateOfEstablishment": "1988-06-01T00:00:00",
            "dateOfClosure": null,
            "waterLevelManual": false,
            "waterLevelManualStart": null,
            "waterLevelManualEnd": null,
            "waterLevelAuto": false,
            "waterLevelAutoStart": null,
            "waterLevelAutoEnd": null,
            "discharge": false,
            "dischargeStart": null,
            "dischargeEnd": null,
            "dischargeCm": false,
            "dischargeCmStart": null,
            "dischargeCmEnd": null,
            "sediment": false,
            "sedimentStart": null,
            "sedimentEnd": null,
            "waterQuality": false,
            "waterQualityStart": null,
            "waterQualityEnd": null,
            "rainfallManual": true,
            "rainfallManualStart": "1988-06-01T00:00:00",
            "rainfallManualEnd": null,
            "rainfallAuto": false,
            "rainfallAutoStart": null,
            "rainfallAutoEnd": null,
            "climaticManual": false,
            "climaticManualStart": null,
            "climaticManualEnd": null,
            "climaticAuto": false,
            "climaticAutoStart": null,
            "climaticAutoEnd": null,
            "catDomain": false,
            "catDomainGw": false,
            "catMet": true,
            "catWq": false,
            "catDomainInfo": null,
            "catMetInfo": "Precipititation(Standard - SRG)",
            "catWqInfo": null,
            "mc": null,
            "sc": null,
            "cw": null,
            "wqYesNo": false,
            "distanceToOutlet": 0.0,
            "dwlrNo": null,
            "dwlrType": null,
            "transferSelected": false,
            "swNetworkType": null,
            "metNetworkType": 12,
            "wqNetworkType": null,
            "stationOperational": true,
            "bank": null,
            "swStationOwner": null,
            "metStationOwner": null,
            "wqStationOwner": null,
            "createdOn": null,
            "createdBy": null,
            "updatedOn": null,
            "updatedBy": null,
            "maxRainfallDate": "2015-12-31T08:30:00",
            "maxClimaticDate": null,
            "wimsCode": null
        },
        {
            "stationId": 57,
            "stationCode": "Jamboti",
            "stationName": "Jamboti",
            "agencyId": 3,
            "stateId": 10,
            "districtId": 167,
            "tahsilId": 2423,
            "lat": "15°36'00\"",
            "longitude": "74°20'00\"",
            "refToposheetNo": "48I-6",
            "altitude": 868.0,
            "zeroRl": 0,
            "basinId": 15,
            "riverId": null,
            "tributaryId": null,
            "subTributaryId": null,
            "subSubTributaryId": null,
            "localRiverId": null,
            "catchmentArea": null,
            "regionalOfficeId": 12,
            "circleOfficeId": 19,
            "divisionalOfficeId": 54,
            "subDivisionalOfficeId": null,
            "sectionOfficeId": null,
            "ownerAgencyId": 3,
            "locationDetails": "Near Talathi Office Jamboti",
            "busStand": "Jamboti",
            "station": null,
            "airport": null,
            "town": null,
            "address": "Near Talathi Office Jamboti",
            "otherInformation": null,
            "stationSetup": "SRG",
            "accessibility": "Road.",
            "stationHistory": null,
            "dateOfEstablishment": "1988-06-01T00:00:00",
            "dateOfClosure": null,
            "waterLevelManual": false,
            "waterLevelManualStart": null,
            "waterLevelManualEnd": null,
            "waterLevelAuto": false,
            "waterLevelAutoStart": null,
            "waterLevelAutoEnd": null,
            "discharge": false,
            "dischargeStart": null,
            "dischargeEnd": null,
            "dischargeCm": false,
            "dischargeCmStart": null,
            "dischargeCmEnd": null,
            "sediment": false,
            "sedimentStart": null,
            "sedimentEnd": null,
            "waterQuality": false,
            "waterQualityStart": null,
            "waterQualityEnd": null,
            "rainfallManual": true,
            "rainfallManualStart": "1988-06-01T00:00:00",
            "rainfallManualEnd": null,
            "rainfallAuto": false,
            "rainfallAutoStart": null,
            "rainfallAutoEnd": null,
            "climaticManual": false,
            "climaticManualStart": null,
            "climaticManualEnd": null,
            "climaticAuto": false,
            "climaticAutoStart": null,
            "climaticAutoEnd": null,
            "catDomain": false,
            "catDomainGw": false,
            "catMet": true,
            "catWq": false,
            "catDomainInfo": null,
            "catMetInfo": "Precipititation(Standard - SRG)",
            "catWqInfo": null,
            "mc": null,
            "sc": null,
            "cw": null,
            "wqYesNo": false,
            "distanceToOutlet": 0.0,
            "dwlrNo": null,
            "dwlrType": null,
            "transferSelected": false,
            "swNetworkType": null,
            "metNetworkType": 12,
            "wqNetworkType": null,
            "stationOperational": true,
            "bank": null,
            "swStationOwner": null,
            "metStationOwner": null,
            "wqStationOwner": null,
            "createdOn": null,
            "createdBy": null,
            "updatedOn": null,
            "updatedBy": null,
            "maxRainfallDate": "2015-12-31T08:30:00",
            "maxClimaticDate": null,
            "wimsCode": null
        },
        {
            "stationId": 65,
            "stationCode": "Kanakumbi",
            "stationName": "Kanakumbi",
            "agencyId": 3,
            "stateId": 10,
            "districtId": 167,
            "tahsilId": 2423,
            "lat": "15°41'37\"",
            "longitude": "74°13'00\"",
            "refToposheetNo": "48I-2",
            "altitude": 762.0,
            "zeroRl": 0,
            "basinId": 15,
            "riverId": null,
            "tributaryId": null,
            "subTributaryId": null,
            "subSubTributaryId": null,
            "localRiverId": null,
            "catchmentArea": null,
            "regionalOfficeId": 12,
            "circleOfficeId": 19,
            "divisionalOfficeId": 54,
            "subDivisionalOfficeId": null,
            "sectionOfficeId": null,
            "ownerAgencyId": 3,
            "locationDetails": "Located in the premises of Inspection Bunglow premises kanakumbi",
            "busStand": "Khanapur",
            "station": "Belgaum",
            "airport": "Bombay",
            "town": "Belgaum",
            "address": "Inspection Bunglow premises kanakumbi",
            "otherInformation": null,
            "stationSetup": "SRG",
            "accessibility": "By Road",
            "stationHistory": null,
            "dateOfEstablishment": "2064-01-01T00:00:00",
            "dateOfClosure": null,
            "waterLevelManual": false,
            "waterLevelManualStart": null,
            "waterLevelManualEnd": null,
            "waterLevelAuto": false,
            "waterLevelAutoStart": null,
            "waterLevelAutoEnd": null,
            "discharge": false,
            "dischargeStart": null,
            "dischargeEnd": null,
            "dischargeCm": false,
            "dischargeCmStart": null,
            "dischargeCmEnd": null,
            "sediment": false,
            "sedimentStart": null,
            "sedimentEnd": null,
            "waterQuality": false,
            "waterQualityStart": null,
            "waterQualityEnd": null,
            "rainfallManual": true,
            "rainfallManualStart": "2064-01-01T00:00:00",
            "rainfallManualEnd": null,
            "rainfallAuto": false,
            "rainfallAutoStart": null,
            "rainfallAutoEnd": null,
            "climaticManual": false,
            "climaticManualStart": null,
            "climaticManualEnd": null,
            "climaticAuto": false,
            "climaticAutoStart": null,
            "climaticAutoEnd": null,
            "catDomain": false,
            "catDomainGw": false,
            "catMet": true,
            "catWq": false,
            "catDomainInfo": null,
            "catMetInfo": "Precipititation(Standard - SRG)",
            "catWqInfo": null,
            "mc": null,
            "sc": null,
            "cw": null,
            "wqYesNo": false,
            "distanceToOutlet": null,
            "dwlrNo": null,
            "dwlrType": null,
            "transferSelected": false,
            "swNetworkType": null,
            "metNetworkType": 10,
            "wqNetworkType": null,
            "stationOperational": true,
            "bank": null,
            "swStationOwner": null,
            "metStationOwner": null,
            "wqStationOwner": null,
            "createdOn": null,
            "createdBy": null,
            "updatedOn": null,
            "updatedBy": null,
            "maxRainfallDate": "2015-12-31T08:30:00",
            "maxClimaticDate": null,
            "wimsCode": null
        },
        {
            "stationId": 107,
            "stationCode": "Ramanahalli",
            "stationName": "Ramanahalli",
            "agencyId": 3,
            "stateId": 10,
            "districtId": 170,
            "tahsilId": 2450,
            "lat": "16°59'43\"",
            "longitude": "76°05'44\"",
            "refToposheetNo": "56D-1",
            "altitude": null,
            "zeroRl": 0,
            "basinId": 7,
            "riverId": 21,
            "tributaryId": null,
            "subTributaryId": null,
            "subSubTributaryId": null,
            "localRiverId": null,
            "catchmentArea": null,
            "regionalOfficeId": 12,
            "circleOfficeId": 19,
            "divisionalOfficeId": 54,
            "subDivisionalOfficeId": null,
            "sectionOfficeId": null,
            "ownerAgencyId": 3,
            "locationDetails": "Located near M.I.Tank Ramanahalli",
            "busStand": "Sindgi",
            "station": "Bijapur",
            "airport": "Bombay",
            "town": "Bijapur",
            "address": "Near M.I.Tank Ramanahalli",
            "otherInformation": null,
            "stationSetup": "SRG",
            "accessibility": "By Road",
            "stationHistory": null,
            "dateOfEstablishment": "2064-01-01T00:00:00",
            "dateOfClosure": null,
            "waterLevelManual": false,
            "waterLevelManualStart": null,
            "waterLevelManualEnd": null,
            "waterLevelAuto": false,
            "waterLevelAutoStart": null,
            "waterLevelAutoEnd": null,
            "discharge": false,
            "dischargeStart": null,
            "dischargeEnd": null,
            "dischargeCm": false,
            "dischargeCmStart": null,
            "dischargeCmEnd": null,
            "sediment": false,
            "sedimentStart": null,
            "sedimentEnd": null,
            "waterQuality": false,
            "waterQualityStart": null,
            "waterQualityEnd": null,
            "rainfallManual": true,
            "rainfallManualStart": "2064-01-01T00:00:00",
            "rainfallManualEnd": null,
            "rainfallAuto": false,
            "rainfallAutoStart": null,
            "rainfallAutoEnd": null,
            "climaticManual": false,
            "climaticManualStart": null,
            "climaticManualEnd": null,
            "climaticAuto": false,
            "climaticAutoStart": null,
            "climaticAutoEnd": null,
            "catDomain": false,
            "catDomainGw": false,
            "catMet": true,
            "catWq": false,
            "catDomainInfo": null,
            "catMetInfo": "Precipititation(Standard - SRG)",
            "catWqInfo": null,
            "mc": null,
            "sc": null,
            "cw": null,
            "wqYesNo": false,
            "distanceToOutlet": null,
            "dwlrNo": null,
            "dwlrType": null,
            "transferSelected": false,
            "swNetworkType": null,
            "metNetworkType": 10,
            "wqNetworkType": null,
            "stationOperational": true,
            "bank": null,
            "swStationOwner": null,
            "metStationOwner": null,
            "wqStationOwner": null,
            "createdOn": null,
            "createdBy": null,
            "updatedOn": null,
            "updatedBy": null,
            "maxRainfallDate": "2015-12-31T08:30:00",
            "maxClimaticDate": "2024-06-14T17:38:08.334",
            "wimsCode": null
        },
        {
            "stationId": 112,
            "stationCode": "Sarapur",
            "stationName": "Sarapur",
            "agencyId": 3,
            "stateId": 10,
            "districtId": 167,
            "tahsilId": 2422,
            "lat": "16°17'00\"",
            "longitude": "74°40'00\"",
            "refToposheetNo": "47L-11",
            "altitude": 658.37,
            "zeroRl": 0,
            "basinId": 7,
            "riverId": 21,
            "tributaryId": 182,
            "subTributaryId": null,
            "subSubTributaryId": null,
            "localRiverId": null,
            "catchmentArea": null,
            "regionalOfficeId": 12,
            "circleOfficeId": 19,
            "divisionalOfficeId": 54,
            "subDivisionalOfficeId": null,
            "sectionOfficeId": null,
            "ownerAgencyId": 3,
            "locationDetails": "Near Primary School Sarapur",
            "busStand": "Sarapur",
            "station": null,
            "airport": null,
            "town": null,
            "address": "Near Primary School Sarapur",
            "otherInformation": null,
            "stationSetup": "SRG",
            "accessibility": "Road",
            "stationHistory": null,
            "dateOfEstablishment": "1988-06-01T00:00:00",
            "dateOfClosure": null,
            "waterLevelManual": false,
            "waterLevelManualStart": null,
            "waterLevelManualEnd": null,
            "waterLevelAuto": false,
            "waterLevelAutoStart": null,
            "waterLevelAutoEnd": null,
            "discharge": false,
            "dischargeStart": null,
            "dischargeEnd": null,
            "dischargeCm": false,
            "dischargeCmStart": null,
            "dischargeCmEnd": null,
            "sediment": false,
            "sedimentStart": null,
            "sedimentEnd": null,
            "waterQuality": false,
            "waterQualityStart": null,
            "waterQualityEnd": null,
            "rainfallManual": true,
            "rainfallManualStart": "1988-06-01T00:00:00",
            "rainfallManualEnd": null,
            "rainfallAuto": false,
            "rainfallAutoStart": null,
            "rainfallAutoEnd": null,
            "climaticManual": false,
            "climaticManualStart": null,
            "climaticManualEnd": null,
            "climaticAuto": false,
            "climaticAutoStart": null,
            "climaticAutoEnd": null,
            "catDomain": false,
            "catDomainGw": false,
            "catMet": true,
            "catWq": false,
            "catDomainInfo": null,
            "catMetInfo": "Precipititation(Standard - SRG)",
            "catWqInfo": null,
            "mc": null,
            "sc": null,
            "cw": null,
            "wqYesNo": false,
            "distanceToOutlet": 0.0,
            "dwlrNo": null,
            "dwlrType": null,
            "transferSelected": false,
            "swNetworkType": null,
            "metNetworkType": 12,
            "wqNetworkType": null,
            "stationOperational": true,
            "bank": null,
            "swStationOwner": null,
            "metStationOwner": null,
            "wqStationOwner": null,
            "createdOn": null,
            "createdBy": null,
            "updatedOn": null,
            "updatedBy": null,
            "maxRainfallDate": "2015-12-31T08:30:00",
            "maxClimaticDate": null,
            "wimsCode": null
        },
        {
            "stationId": 124,
            "stationCode": "Talikot",
            "stationName": "Talikot",
            "agencyId": 3,
            "stateId": 10,
            "districtId": 170,
            "tahsilId": 2449,
            "lat": "16°28'38\"",
            "longitude": "76°18'38\"",
            "refToposheetNo": "56D-7",
            "altitude": 571.72,
            "zeroRl": 0,
            "basinId": 7,
            "riverId": 21,
            "tributaryId": null,
            "subTributaryId": null,
            "subSubTributaryId": null,
            "localRiverId": null,
            "catchmentArea": null,
            "regionalOfficeId": 12,
            "circleOfficeId": 19,
            "divisionalOfficeId": 54,
            "subDivisionalOfficeId": null,
            "sectionOfficeId": null,
            "ownerAgencyId": 3,
            "locationDetails": "Located in Inspection Bunglow premises Talikot",
            "busStand": "Muddebihal",
            "station": "Bijapur",
            "airport": "Bombay",
            "town": "Bijapur",
            "address": "Inspection Bunglow premises Talikot",
            "otherInformation": null,
            "stationSetup": "SRG",
            "accessibility": "By Road",
            "stationHistory": null,
            "dateOfEstablishment": "2068-01-01T00:00:00",
            "dateOfClosure": null,
            "waterLevelManual": false,
            "waterLevelManualStart": null,
            "waterLevelManualEnd": null,
            "waterLevelAuto": false,
            "waterLevelAutoStart": null,
            "waterLevelAutoEnd": null,
            "discharge": false,
            "dischargeStart": null,
            "dischargeEnd": null,
            "dischargeCm": false,
            "dischargeCmStart": null,
            "dischargeCmEnd": null,
            "sediment": false,
            "sedimentStart": null,
            "sedimentEnd": null,
            "waterQuality": false,
            "waterQualityStart": null,
            "waterQualityEnd": null,
            "rainfallManual": true,
            "rainfallManualStart": "2068-01-01T00:00:00",
            "rainfallManualEnd": null,
            "rainfallAuto": false,
            "rainfallAutoStart": null,
            "rainfallAutoEnd": null,
            "climaticManual": false,
            "climaticManualStart": null,
            "climaticManualEnd": null,
            "climaticAuto": false,
            "climaticAutoStart": null,
            "climaticAutoEnd": null,
            "catDomain": false,
            "catDomainGw": false,
            "catMet": true,
            "catWq": false,
            "catDomainInfo": null,
            "catMetInfo": "Precipititation(Standard - SRG)",
            "catWqInfo": null,
            "mc": null,
            "sc": null,
            "cw": null,
            "wqYesNo": false,
            "distanceToOutlet": null,
            "dwlrNo": null,
            "dwlrType": null,
            "transferSelected": false,
            "swNetworkType": null,
            "metNetworkType": 10,
            "wqNetworkType": null,
            "stationOperational": true,
            "bank": null,
            "swStationOwner": null,
            "metStationOwner": null,
            "wqStationOwner": null,
            "createdOn": null,
            "createdBy": null,
            "updatedOn": null,
            "updatedBy": null,
            "maxRainfallDate": "2015-12-31T08:30:00",
            "maxClimaticDate": "2024-06-14T17:38:08.334",
            "wimsCode": null
        },
        {
            "stationId": 128,
            "stationCode": "Uchagaon",
            "stationName": "Uchagaon",
            "agencyId": 3,
            "stateId": 10,
            "districtId": 167,
            "tahsilId": 2419,
            "lat": "15°37'00\"",
            "longitude": "74°45'00\"",
            "refToposheetNo": "48I-5",
            "altitude": 638.0,
            "zeroRl": 0,
            "basinId": 7,
            "riverId": 21,
            "tributaryId": 182,
            "subTributaryId": null,
            "subSubTributaryId": null,
            "localRiverId": null,
            "catchmentArea": null,
            "regionalOfficeId": 12,
            "circleOfficeId": 19,
            "divisionalOfficeId": 54,
            "subDivisionalOfficeId": null,
            "sectionOfficeId": null,
            "ownerAgencyId": 3,
            "locationDetails": "P.H.C. Uchagaon",
            "busStand": "Uchagaon",
            "station": "Belgaum",
            "airport": "Sambra",
            "town": "Belgaum",
            "address": "P.H.C. Uchagaon",
            "otherInformation": null,
            "stationSetup": "SRG",
            "accessibility": "Road",
            "stationHistory": null,
            "dateOfEstablishment": "1988-06-01T00:00:00",
            "dateOfClosure": null,
            "waterLevelManual": false,
            "waterLevelManualStart": null,
            "waterLevelManualEnd": null,
            "waterLevelAuto": false,
            "waterLevelAutoStart": null,
            "waterLevelAutoEnd": null,
            "discharge": false,
            "dischargeStart": null,
            "dischargeEnd": null,
            "dischargeCm": false,
            "dischargeCmStart": null,
            "dischargeCmEnd": null,
            "sediment": false,
            "sedimentStart": null,
            "sedimentEnd": null,
            "waterQuality": false,
            "waterQualityStart": null,
            "waterQualityEnd": null,
            "rainfallManual": true,
            "rainfallManualStart": "1988-06-01T00:00:00",
            "rainfallManualEnd": null,
            "rainfallAuto": false,
            "rainfallAutoStart": null,
            "rainfallAutoEnd": null,
            "climaticManual": false,
            "climaticManualStart": null,
            "climaticManualEnd": null,
            "climaticAuto": false,
            "climaticAutoStart": null,
            "climaticAutoEnd": null,
            "catDomain": false,
            "catDomainGw": false,
            "catMet": true,
            "catWq": false,
            "catDomainInfo": null,
            "catMetInfo": "Precipititation(Standard - SRG)",
            "catWqInfo": null,
            "mc": null,
            "sc": null,
            "cw": null,
            "wqYesNo": false,
            "distanceToOutlet": 0.0,
            "dwlrNo": null,
            "dwlrType": null,
            "transferSelected": false,
            "swNetworkType": null,
            "metNetworkType": 12,
            "wqNetworkType": null,
            "stationOperational": true,
            "bank": null,
            "swStationOwner": null,
            "metStationOwner": null,
            "wqStationOwner": null,
            "createdOn": null,
            "createdBy": null,
            "updatedOn": null,
            "updatedBy": null,
            "maxRainfallDate": "2015-12-31T08:30:00",
            "maxClimaticDate": null,
            "wimsCode": null
        },
        {
            "stationId": 130,
            "stationCode": "Yadwad",
            "stationName": "Yadwad",
            "agencyId": 3,
            "stateId": 10,
            "districtId": 167,
            "tahsilId": 2421,
            "lat": "16°14'25\"",
            "longitude": "75°10'43\"",
            "refToposheetNo": "47P-4",
            "altitude": null,
            "zeroRl": 0,
            "basinId": 7,
            "riverId": 21,
            "tributaryId": 182,
            "subTributaryId": null,
            "subSubTributaryId": null,
            "localRiverId": null,
            "catchmentArea": null,
            "regionalOfficeId": 12,
            "circleOfficeId": 19,
            "divisionalOfficeId": 54,
            "subDivisionalOfficeId": null,
            "sectionOfficeId": null,
            "ownerAgencyId": 3,
            "locationDetails": "Located in Junior College premises Yadwad",
            "busStand": "Gokak",
            "station": "Belgaum",
            "airport": "Bombay",
            "town": "Belgaum",
            "address": "Junior College premises Yadwad",
            "otherInformation": null,
            "stationSetup": "SRG",
            "accessibility": "By Road",
            "stationHistory": null,
            "dateOfEstablishment": "1979-01-01T00:00:00",
            "dateOfClosure": null,
            "waterLevelManual": false,
            "waterLevelManualStart": null,
            "waterLevelManualEnd": null,
            "waterLevelAuto": false,
            "waterLevelAutoStart": null,
            "waterLevelAutoEnd": null,
            "discharge": false,
            "dischargeStart": null,
            "dischargeEnd": null,
            "dischargeCm": false,
            "dischargeCmStart": null,
            "dischargeCmEnd": null,
            "sediment": false,
            "sedimentStart": null,
            "sedimentEnd": null,
            "waterQuality": false,
            "waterQualityStart": null,
            "waterQualityEnd": null,
            "rainfallManual": true,
            "rainfallManualStart": "1979-01-01T00:00:00",
            "rainfallManualEnd": null,
            "rainfallAuto": false,
            "rainfallAutoStart": null,
            "rainfallAutoEnd": null,
            "climaticManual": false,
            "climaticManualStart": null,
            "climaticManualEnd": null,
            "climaticAuto": false,
            "climaticAutoStart": null,
            "climaticAutoEnd": null,
            "catDomain": false,
            "catDomainGw": false,
            "catMet": true,
            "catWq": false,
            "catDomainInfo": null,
            "catMetInfo": "Precipititation(Standard - SRG)",
            "catWqInfo": null,
            "mc": null,
            "sc": null,
            "cw": null,
            "wqYesNo": false,
            "distanceToOutlet": null,
            "dwlrNo": null,
            "dwlrType": null,
            "transferSelected": false,
            "swNetworkType": null,
            "metNetworkType": 10,
            "wqNetworkType": null,
            "stationOperational": true,
            "bank": null,
            "swStationOwner": null,
            "metStationOwner": null,
            "wqStationOwner": null,
            "createdOn": null,
            "createdBy": null,
            "updatedOn": null,
            "updatedBy": null,
            "maxRainfallDate": "2015-12-31T08:30:00",
            "maxClimaticDate": null,
            "wimsCode": null
        },
        {
            "stationId": 74,
            "stationCode": "Kittur",
            "stationName": "Kittur",
            "agencyId": 3,
            "stateId": 10,
            "districtId": 167,
            "tahsilId": 2418,
            "lat": "15°35'00\"",
            "longitude": "74°45'00\"",
            "refToposheetNo": "48I-14",
            "altitude": 716.0,
            "zeroRl": 0,
            "basinId": 7,
            "riverId": 21,
            "tributaryId": 188,
            "subTributaryId": null,
            "subSubTributaryId": null,
            "localRiverId": 276,
            "catchmentArea": null,
            "regionalOfficeId": 12,
            "circleOfficeId": 19,
            "divisionalOfficeId": 54,
            "subDivisionalOfficeId": null,
            "sectionOfficeId": null,
            "ownerAgencyId": 3,
            "locationDetails": "I.B. Dombarkoppa",
            "busStand": "Kittur",
            "station": null,
            "airport": null,
            "town": null,
            "address": "I.B. Dombarkoppa",
            "otherInformation": null,
            "stationSetup": "SRG",
            "accessibility": "Road",
            "stationHistory": null,
            "dateOfEstablishment": "1988-06-01T00:00:00",
            "dateOfClosure": null,
            "waterLevelManual": false,
            "waterLevelManualStart": null,
            "waterLevelManualEnd": null,
            "waterLevelAuto": false,
            "waterLevelAutoStart": null,
            "waterLevelAutoEnd": null,
            "discharge": false,
            "dischargeStart": null,
            "dischargeEnd": null,
            "dischargeCm": false,
            "dischargeCmStart": null,
            "dischargeCmEnd": null,
            "sediment": false,
            "sedimentStart": null,
            "sedimentEnd": null,
            "waterQuality": false,
            "waterQualityStart": null,
            "waterQualityEnd": null,
            "rainfallManual": true,
            "rainfallManualStart": "1988-06-01T00:00:00",
            "rainfallManualEnd": null,
            "rainfallAuto": false,
            "rainfallAutoStart": null,
            "rainfallAutoEnd": null,
            "climaticManual": false,
            "climaticManualStart": null,
            "climaticManualEnd": null,
            "climaticAuto": false,
            "climaticAutoStart": null,
            "climaticAutoEnd": null,
            "catDomain": false,
            "catDomainGw": false,
            "catMet": true,
            "catWq": false,
            "catDomainInfo": null,
            "catMetInfo": "Precipititation(Standard - SRG)",
            "catWqInfo": null,
            "mc": null,
            "sc": null,
            "cw": null,
            "wqYesNo": false,
            "distanceToOutlet": 0.0,
            "dwlrNo": null,
            "dwlrType": null,
            "transferSelected": false,
            "swNetworkType": null,
            "metNetworkType": 12,
            "wqNetworkType": null,
            "stationOperational": true,
            "bank": null,
            "swStationOwner": null,
            "metStationOwner": null,
            "wqStationOwner": null,
            "createdOn": null,
            "createdBy": null,
            "updatedOn": null,
            "updatedBy": null,
            "maxRainfallDate": "2015-12-31T08:30:00",
            "maxClimaticDate": null,
            "wimsCode": null
        },
        {
            "stationId": 17,
            "stationCode": "Bailhongal",
            "stationName": "Bailhongal",
            "agencyId": 3,
            "stateId": 10,
            "districtId": 167,
            "tahsilId": 2418,
            "lat": "15°48'06\"",
            "longitude": "74°41'24\"",
            "refToposheetNo": "48I-13",
            "altitude": 666.4,
            "zeroRl": 0,
            "basinId": 7,
            "riverId": 21,
            "tributaryId": 188,
            "subTributaryId": null,
            "subSubTributaryId": null,
            "localRiverId": 276,
            "catchmentArea": null,
            "regionalOfficeId": 12,
            "circleOfficeId": 19,
            "divisionalOfficeId": 54,
            "subDivisionalOfficeId": null,
            "sectionOfficeId": null,
            "ownerAgencyId": 3,
            "locationDetails": "Located in the premises of Inspection Bunglow Bailhongal",
            "busStand": "Bailhongal",
            "station": "Belgaum",
            "airport": "Bombay",
            "town": "Belgaum",
            "address": "Inspection Bunglow  premises Bailhongal",
            "otherInformation": null,
            "stationSetup": "ARG",
            "accessibility": "By Road",
            "stationHistory": null,
            "dateOfEstablishment": "2001-01-01T00:00:00",
            "dateOfClosure": null,
            "waterLevelManual": false,
            "waterLevelManualStart": null,
            "waterLevelManualEnd": null,
            "waterLevelAuto": false,
            "waterLevelAutoStart": null,
            "waterLevelAutoEnd": null,
            "discharge": false,
            "dischargeStart": null,
            "dischargeEnd": null,
            "dischargeCm": false,
            "dischargeCmStart": null,
            "dischargeCmEnd": null,
            "sediment": false,
            "sedimentStart": null,
            "sedimentEnd": null,
            "waterQuality": false,
            "waterQualityStart": null,
            "waterQualityEnd": null,
            "rainfallManual": true,
            "rainfallManualStart": "2001-01-01T00:00:00",
            "rainfallManualEnd": null,
            "rainfallAuto": true,
            "rainfallAutoStart": "1988-06-01T00:00:00",
            "rainfallAutoEnd": null,
            "climaticManual": false,
            "climaticManualStart": null,
            "climaticManualEnd": null,
            "climaticAuto": false,
            "climaticAutoStart": null,
            "climaticAutoEnd": null,
            "catDomain": false,
            "catDomainGw": false,
            "catMet": true,
            "catWq": false,
            "catDomainInfo": null,
            "catMetInfo": "Precipititation(Autographic - ARG)",
            "catWqInfo": null,
            "mc": null,
            "sc": null,
            "cw": null,
            "wqYesNo": false,
            "distanceToOutlet": null,
            "dwlrNo": null,
            "dwlrType": null,
            "transferSelected": false,
            "swNetworkType": null,
            "metNetworkType": 10,
            "wqNetworkType": null,
            "stationOperational": true,
            "bank": null,
            "swStationOwner": null,
            "metStationOwner": null,
            "wqStationOwner": null,
            "createdOn": null,
            "createdBy": null,
            "updatedOn": null,
            "updatedBy": null,
            "maxRainfallDate": "2015-12-31T08:30:00",
            "maxClimaticDate": null,
            "wimsCode": null
        },
        {
            "stationId": 60,
            "stationCode": "Kadasagatti",
            "stationName": "Kadasagatti",
            "agencyId": 3,
            "stateId": 10,
            "districtId": 167,
            "tahsilId": 2418,
            "lat": "15°37'40\"",
            "longitude": "74°46'41\"",
            "refToposheetNo": "48I-14",
            "altitude": 685.98,
            "zeroRl": 0,
            "basinId": 7,
            "riverId": 21,
            "tributaryId": 188,
            "subTributaryId": null,
            "subSubTributaryId": null,
            "localRiverId": 276,
            "catchmentArea": null,
            "regionalOfficeId": 12,
            "circleOfficeId": 19,
            "divisionalOfficeId": 54,
            "subDivisionalOfficeId": null,
            "sectionOfficeId": null,
            "ownerAgencyId": 3,
            "locationDetails": "Located near Minor Irrigation Tank Kadasagatti",
            "busStand": "Bailhongal",
            "station": "Belgaum",
            "airport": "Belgaum",
            "town": "Bailhongal",
            "address": "Located near Minor Irrigation Tank Kadasagatti",
            "otherInformation": null,
            "stationSetup": "SRG",
            "accessibility": "By Road",
            "stationHistory": null,
            "dateOfEstablishment": "1999-01-01T00:00:00",
            "dateOfClosure": null,
            "waterLevelManual": false,
            "waterLevelManualStart": null,
            "waterLevelManualEnd": null,
            "waterLevelAuto": false,
            "waterLevelAutoStart": null,
            "waterLevelAutoEnd": null,
            "discharge": false,
            "dischargeStart": null,
            "dischargeEnd": null,
            "dischargeCm": false,
            "dischargeCmStart": null,
            "dischargeCmEnd": null,
            "sediment": false,
            "sedimentStart": null,
            "sedimentEnd": null,
            "waterQuality": false,
            "waterQualityStart": null,
            "waterQualityEnd": null,
            "rainfallManual": true,
            "rainfallManualStart": "1999-01-01T00:00:00",
            "rainfallManualEnd": null,
            "rainfallAuto": false,
            "rainfallAutoStart": null,
            "rainfallAutoEnd": null,
            "climaticManual": false,
            "climaticManualStart": null,
            "climaticManualEnd": null,
            "climaticAuto": false,
            "climaticAutoStart": null,
            "climaticAutoEnd": null,
            "catDomain": false,
            "catDomainGw": false,
            "catMet": true,
            "catWq": false,
            "catDomainInfo": null,
            "catMetInfo": "Precipititation(Standard - SRG)",
            "catWqInfo": null,
            "mc": null,
            "sc": null,
            "cw": null,
            "wqYesNo": false,
            "distanceToOutlet": null,
            "dwlrNo": null,
            "dwlrType": null,
            "transferSelected": false,
            "swNetworkType": null,
            "metNetworkType": 10,
            "wqNetworkType": null,
            "stationOperational": true,
            "bank": null,
            "swStationOwner": null,
            "metStationOwner": null,
            "wqStationOwner": null,
            "createdOn": null,
            "createdBy": null,
            "updatedOn": null,
            "updatedBy": null,
            "maxRainfallDate": "2015-12-31T08:30:00",
            "maxClimaticDate": null,
            "wimsCode": null
        },
        {
            "stationId": 82,
            "stationCode": "Londa",
            "stationName": "Londa",
            "agencyId": 3,
            "stateId": 10,
            "districtId": 167,
            "tahsilId": 2423,
            "lat": "15°27'00\"",
            "longitude": "74°29'43\"",
            "refToposheetNo": "48I-7",
            "altitude": 652.0,
            "zeroRl": 0,
            "basinId": 7,
            "riverId": 21,
            "tributaryId": 188,
            "subTributaryId": null,
            "subSubTributaryId": null,
            "localRiverId": 276,
            "catchmentArea": null,
            "regionalOfficeId": 12,
            "circleOfficeId": 19,
            "divisionalOfficeId": 54,
            "subDivisionalOfficeId": null,
            "sectionOfficeId": null,
            "ownerAgencyId": 3,
            "locationDetails": "Located near Nurse Quarters Londa",
            "busStand": "Khanapur",
            "station": "Belgaum",
            "airport": "Bombay",
            "town": "Belgaum",
            "address": "Located near Nurse Quarters Londa",
            "otherInformation": null,
            "stationSetup": "SRG",
            "accessibility": "By Road",
            "stationHistory": null,
            "dateOfEstablishment": "2064-01-01T00:00:00",
            "dateOfClosure": null,
            "waterLevelManual": false,
            "waterLevelManualStart": null,
            "waterLevelManualEnd": null,
            "waterLevelAuto": false,
            "waterLevelAutoStart": null,
            "waterLevelAutoEnd": null,
            "discharge": false,
            "dischargeStart": null,
            "dischargeEnd": null,
            "dischargeCm": false,
            "dischargeCmStart": null,
            "dischargeCmEnd": null,
            "sediment": false,
            "sedimentStart": null,
            "sedimentEnd": null,
            "waterQuality": false,
            "waterQualityStart": null,
            "waterQualityEnd": null,
            "rainfallManual": true,
            "rainfallManualStart": "2064-01-01T00:00:00",
            "rainfallManualEnd": null,
            "rainfallAuto": false,
            "rainfallAutoStart": null,
            "rainfallAutoEnd": null,
            "climaticManual": false,
            "climaticManualStart": null,
            "climaticManualEnd": null,
            "climaticAuto": false,
            "climaticAutoStart": null,
            "climaticAutoEnd": null,
            "catDomain": false,
            "catDomainGw": false,
            "catMet": true,
            "catWq": false,
            "catDomainInfo": null,
            "catMetInfo": "Precipititation(Standard - SRG)",
            "catWqInfo": null,
            "mc": null,
            "sc": null,
            "cw": null,
            "wqYesNo": false,
            "distanceToOutlet": null,
            "dwlrNo": null,
            "dwlrType": null,
            "transferSelected": false,
            "swNetworkType": null,
            "metNetworkType": 10,
            "wqNetworkType": null,
            "stationOperational": true,
            "bank": null,
            "swStationOwner": null,
            "metStationOwner": null,
            "wqStationOwner": null,
            "createdOn": null,
            "createdBy": null,
            "updatedOn": null,
            "updatedBy": null,
            "maxRainfallDate": "2015-12-31T08:30:00",
            "maxClimaticDate": null,
            "wimsCode": null
        },
        {
            "stationId": 83,
            "stationCode": "M.K.Hubli",
            "stationName": "MugutkanHubli",
            "agencyId": 3,
            "stateId": 10,
            "districtId": 167,
            "tahsilId": 2418,
            "lat": "15°43'30\"",
            "longitude": "74°41'46\"",
            "refToposheetNo": "48I-10",
            "altitude": 658.0,
            "zeroRl": 0,
            "basinId": 7,
            "riverId": 21,
            "tributaryId": 188,
            "subTributaryId": null,
            "subSubTributaryId": null,
            "localRiverId": 276,
            "catchmentArea": null,
            "regionalOfficeId": 12,
            "circleOfficeId": 19,
            "divisionalOfficeId": 54,
            "subDivisionalOfficeId": null,
            "sectionOfficeId": null,
            "ownerAgencyId": 3,
            "locationDetails": "Located in the premises of Inspection Bunglow MugutkanHubli",
            "busStand": "Bailhongal",
            "station": "Belgaum",
            "airport": "Bombay",
            "town": "Belgaum",
            "address": "Inspection Bunglow  premises MugutkanHubli",
            "otherInformation": null,
            "stationSetup": "SRG",
            "accessibility": "By Road",
            "stationHistory": null,
            "dateOfEstablishment": "2065-01-01T00:00:00",
            "dateOfClosure": null,
            "waterLevelManual": false,
            "waterLevelManualStart": null,
            "waterLevelManualEnd": null,
            "waterLevelAuto": false,
            "waterLevelAutoStart": null,
            "waterLevelAutoEnd": null,
            "discharge": false,
            "dischargeStart": null,
            "dischargeEnd": null,
            "dischargeCm": false,
            "dischargeCmStart": null,
            "dischargeCmEnd": null,
            "sediment": false,
            "sedimentStart": null,
            "sedimentEnd": null,
            "waterQuality": false,
            "waterQualityStart": null,
            "waterQualityEnd": null,
            "rainfallManual": true,
            "rainfallManualStart": "2065-01-01T00:00:00",
            "rainfallManualEnd": null,
            "rainfallAuto": false,
            "rainfallAutoStart": null,
            "rainfallAutoEnd": null,
            "climaticManual": false,
            "climaticManualStart": null,
            "climaticManualEnd": null,
            "climaticAuto": false,
            "climaticAutoStart": null,
            "climaticAutoEnd": null,
            "catDomain": false,
            "catDomainGw": false,
            "catMet": true,
            "catWq": false,
            "catDomainInfo": null,
            "catMetInfo": "Precipititation(Standard - SRG)",
            "catWqInfo": null,
            "mc": null,
            "sc": null,
            "cw": null,
            "wqYesNo": false,
            "distanceToOutlet": null,
            "dwlrNo": null,
            "dwlrType": null,
            "transferSelected": false,
            "swNetworkType": null,
            "metNetworkType": 10,
            "wqNetworkType": null,
            "stationOperational": true,
            "bank": null,
            "swStationOwner": null,
            "metStationOwner": null,
            "wqStationOwner": null,
            "createdOn": null,
            "createdBy": null,
            "updatedOn": null,
            "updatedBy": null,
            "maxRainfallDate": "2015-12-31T08:30:00",
            "maxClimaticDate": null,
            "wimsCode": null
        },
        {
            "stationId": 70,
            "stationCode": "Katkol",
            "stationName": "Katkol",
            "agencyId": 3,
            "stateId": 10,
            "districtId": 167,
            "tahsilId": 2426,
            "lat": "16°07'00\"",
            "longitude": "75°07'31\"",
            "refToposheetNo": "48M-1",
            "altitude": 640.0,
            "zeroRl": 0,
            "basinId": 7,
            "riverId": 21,
            "tributaryId": 188,
            "subTributaryId": null,
            "subSubTributaryId": null,
            "localRiverId": 276,
            "catchmentArea": null,
            "regionalOfficeId": 12,
            "circleOfficeId": 19,
            "divisionalOfficeId": 54,
            "subDivisionalOfficeId": null,
            "sectionOfficeId": null,
            "ownerAgencyId": 3,
            "locationDetails": "Near Police Station Katkol",
            "busStand": "Katkol",
            "station": null,
            "airport": null,
            "town": null,
            "address": "Near Police Station Katkol",
            "otherInformation": null,
            "stationSetup": "SRG",
            "accessibility": "Road",
            "stationHistory": null,
            "dateOfEstablishment": "1988-06-01T00:00:00",
            "dateOfClosure": null,
            "waterLevelManual": false,
            "waterLevelManualStart": null,
            "waterLevelManualEnd": null,
            "waterLevelAuto": false,
            "waterLevelAutoStart": null,
            "waterLevelAutoEnd": null,
            "discharge": false,
            "dischargeStart": null,
            "dischargeEnd": null,
            "dischargeCm": false,
            "dischargeCmStart": null,
            "dischargeCmEnd": null,
            "sediment": false,
            "sedimentStart": null,
            "sedimentEnd": null,
            "waterQuality": false,
            "waterQualityStart": null,
            "waterQualityEnd": null,
            "rainfallManual": true,
            "rainfallManualStart": "1988-06-01T00:00:00",
            "rainfallManualEnd": null,
            "rainfallAuto": false,
            "rainfallAutoStart": null,
            "rainfallAutoEnd": null,
            "climaticManual": false,
            "climaticManualStart": null,
            "climaticManualEnd": null,
            "climaticAuto": false,
            "climaticAutoStart": null,
            "climaticAutoEnd": null,
            "catDomain": false,
            "catDomainGw": false,
            "catMet": true,
            "catWq": false,
            "catDomainInfo": null,
            "catMetInfo": "Precipititation(Standard - SRG)",
            "catWqInfo": null,
            "mc": null,
            "sc": null,
            "cw": null,
            "wqYesNo": false,
            "distanceToOutlet": 0.0,
            "dwlrNo": null,
            "dwlrType": null,
            "transferSelected": false,
            "swNetworkType": null,
            "metNetworkType": 12,
            "wqNetworkType": null,
            "stationOperational": true,
            "bank": null,
            "swStationOwner": null,
            "metStationOwner": null,
            "wqStationOwner": null,
            "createdOn": null,
            "createdBy": null,
            "updatedOn": null,
            "updatedBy": null,
            "maxRainfallDate": "2015-12-31T08:30:00",
            "maxClimaticDate": null,
            "wimsCode": null
        },
        {
            "stationId": 135,
            "stationCode": "Mudkavi",
            "stationName": "Mudkavi",
            "agencyId": 3,
            "stateId": 10,
            "districtId": 167,
            "tahsilId": 2426,
            "lat": "15°36'06\"",
            "longitude": "75°23'00\"",
            "refToposheetNo": "48M-5",
            "altitude": 600.0,
            "zeroRl": 0,
            "basinId": 7,
            "riverId": 21,
            "tributaryId": 188,
            "subTributaryId": null,
            "subSubTributaryId": null,
            "localRiverId": 276,
            "catchmentArea": null,
            "regionalOfficeId": 12,
            "circleOfficeId": 19,
            "divisionalOfficeId": 54,
            "subDivisionalOfficeId": null,
            "sectionOfficeId": null,
            "ownerAgencyId": 3,
            "locationDetails": "Back side of K.B. School Mudkavi",
            "busStand": "Mudkavi",
            "station": null,
            "airport": null,
            "town": null,
            "address": "Back side of K.B. School Mudkavi",
            "otherInformation": null,
            "stationSetup": "SRG",
            "accessibility": "Road",
            "stationHistory": null,
            "dateOfEstablishment": null,
            "dateOfClosure": null,
            "waterLevelManual": false,
            "waterLevelManualStart": null,
            "waterLevelManualEnd": null,
            "waterLevelAuto": false,
            "waterLevelAutoStart": null,
            "waterLevelAutoEnd": null,
            "discharge": false,
            "dischargeStart": null,
            "dischargeEnd": null,
            "dischargeCm": false,
            "dischargeCmStart": null,
            "dischargeCmEnd": null,
            "sediment": false,
            "sedimentStart": null,
            "sedimentEnd": null,
            "waterQuality": false,
            "waterQualityStart": null,
            "waterQualityEnd": null,
            "rainfallManual": true,
            "rainfallManualStart": "1988-06-01T00:00:00",
            "rainfallManualEnd": null,
            "rainfallAuto": false,
            "rainfallAutoStart": null,
            "rainfallAutoEnd": null,
            "climaticManual": false,
            "climaticManualStart": null,
            "climaticManualEnd": null,
            "climaticAuto": false,
            "climaticAutoStart": null,
            "climaticAutoEnd": null,
            "catDomain": false,
            "catDomainGw": false,
            "catMet": true,
            "catWq": false,
            "catDomainInfo": null,
            "catMetInfo": "Precipititation(Standard - SRG)",
            "catWqInfo": null,
            "mc": null,
            "sc": null,
            "cw": null,
            "wqYesNo": false,
            "distanceToOutlet": 0.0,
            "dwlrNo": null,
            "dwlrType": null,
            "transferSelected": false,
            "swNetworkType": null,
            "metNetworkType": 12,
            "wqNetworkType": null,
            "stationOperational": true,
            "bank": null,
            "swStationOwner": null,
            "metStationOwner": null,
            "wqStationOwner": null,
            "createdOn": null,
            "createdBy": null,
            "updatedOn": null,
            "updatedBy": null,
            "maxRainfallDate": "2015-12-31T08:30:00",
            "maxClimaticDate": null,
            "wimsCode": null
        },
        {
            "stationId": 20,
            "stationCode": "Belwadi",
            "stationName": "Belwadi",
            "agencyId": 3,
            "stateId": 10,
            "districtId": 167,
            "tahsilId": 2418,
            "lat": "15°45'00\"",
            "longitude": "74°55'00\"",
            "refToposheetNo": "48I-14",
            "altitude": 600.0,
            "zeroRl": 0,
            "basinId": 7,
            "riverId": 21,
            "tributaryId": 188,
            "subTributaryId": null,
            "subSubTributaryId": null,
            "localRiverId": 276,
            "catchmentArea": null,
            "regionalOfficeId": 12,
            "circleOfficeId": 19,
            "divisionalOfficeId": 54,
            "subDivisionalOfficeId": null,
            "sectionOfficeId": null,
            "ownerAgencyId": 3,
            "locationDetails": "P.H.C. Belwadi",
            "busStand": "Belwadi",
            "station": null,
            "airport": null,
            "town": null,
            "address": "P.H.C. Belwadi",
            "otherInformation": null,
            "stationSetup": "SRG",
            "accessibility": "Road",
            "stationHistory": null,
            "dateOfEstablishment": "1988-06-01T00:00:00",
            "dateOfClosure": null,
            "waterLevelManual": false,
            "waterLevelManualStart": null,
            "waterLevelManualEnd": null,
            "waterLevelAuto": false,
            "waterLevelAutoStart": null,
            "waterLevelAutoEnd": null,
            "discharge": false,
            "dischargeStart": null,
            "dischargeEnd": null,
            "dischargeCm": false,
            "dischargeCmStart": null,
            "dischargeCmEnd": null,
            "sediment": false,
            "sedimentStart": null,
            "sedimentEnd": null,
            "waterQuality": false,
            "waterQualityStart": null,
            "waterQualityEnd": null,
            "rainfallManual": true,
            "rainfallManualStart": "1988-06-01T00:00:00",
            "rainfallManualEnd": null,
            "rainfallAuto": false,
            "rainfallAutoStart": null,
            "rainfallAutoEnd": null,
            "climaticManual": false,
            "climaticManualStart": null,
            "climaticManualEnd": null,
            "climaticAuto": false,
            "climaticAutoStart": null,
            "climaticAutoEnd": null,
            "catDomain": false,
            "catDomainGw": false,
            "catMet": true,
            "catWq": false,
            "catDomainInfo": null,
            "catMetInfo": "Precipititation(Standard - SRG)",
            "catWqInfo": null,
            "mc": null,
            "sc": null,
            "cw": null,
            "wqYesNo": false,
            "distanceToOutlet": 0.0,
            "dwlrNo": null,
            "dwlrType": null,
            "transferSelected": false,
            "swNetworkType": null,
            "metNetworkType": 12,
            "wqNetworkType": null,
            "stationOperational": true,
            "bank": null,
            "swStationOwner": null,
            "metStationOwner": null,
            "wqStationOwner": null,
            "createdOn": null,
            "createdBy": null,
            "updatedOn": null,
            "updatedBy": null,
            "maxRainfallDate": "2015-12-31T08:30:00",
            "maxClimaticDate": null,
            "wimsCode": null
        },
        {
            "stationId": 63,
            "stationCode": "Kakkeri",
            "stationName": "Kakkeri",
            "agencyId": 3,
            "stateId": 10,
            "districtId": 167,
            "tahsilId": 2423,
            "lat": "15°28'38\"",
            "longitude": "74°43'02\"",
            "refToposheetNo": "48I-11",
            "altitude": 637.0,
            "zeroRl": 0,
            "basinId": 7,
            "riverId": 21,
            "tributaryId": 188,
            "subTributaryId": null,
            "subSubTributaryId": null,
            "localRiverId": 276,
            "catchmentArea": null,
            "regionalOfficeId": 12,
            "circleOfficeId": 19,
            "divisionalOfficeId": 54,
            "subDivisionalOfficeId": null,
            "sectionOfficeId": null,
            "ownerAgencyId": 3,
            "locationDetails": "Located in the premises of Primary Health Centre Kakkeri",
            "busStand": "Khanapur",
            "station": "Belgaum",
            "airport": "Bombay",
            "town": "Belgaum",
            "address": "Primary Health Centre  premises Kakkeri",
            "otherInformation": null,
            "stationSetup": "SRG",
            "accessibility": "By Road",
            "stationHistory": null,
            "dateOfEstablishment": "2064-01-01T00:00:00",
            "dateOfClosure": null,
            "waterLevelManual": false,
            "waterLevelManualStart": null,
            "waterLevelManualEnd": null,
            "waterLevelAuto": false,
            "waterLevelAutoStart": null,
            "waterLevelAutoEnd": null,
            "discharge": false,
            "dischargeStart": null,
            "dischargeEnd": null,
            "dischargeCm": false,
            "dischargeCmStart": null,
            "dischargeCmEnd": null,
            "sediment": false,
            "sedimentStart": null,
            "sedimentEnd": null,
            "waterQuality": false,
            "waterQualityStart": null,
            "waterQualityEnd": null,
            "rainfallManual": true,
            "rainfallManualStart": "2064-01-01T00:00:00",
            "rainfallManualEnd": null,
            "rainfallAuto": false,
            "rainfallAutoStart": null,
            "rainfallAutoEnd": null,
            "climaticManual": false,
            "climaticManualStart": null,
            "climaticManualEnd": null,
            "climaticAuto": false,
            "climaticAutoStart": null,
            "climaticAutoEnd": null,
            "catDomain": false,
            "catDomainGw": false,
            "catMet": true,
            "catWq": false,
            "catDomainInfo": null,
            "catMetInfo": "Precipititation(Standard - SRG)",
            "catWqInfo": null,
            "mc": null,
            "sc": null,
            "cw": null,
            "wqYesNo": false,
            "distanceToOutlet": null,
            "dwlrNo": null,
            "dwlrType": null,
            "transferSelected": false,
            "swNetworkType": null,
            "metNetworkType": 10,
            "wqNetworkType": null,
            "stationOperational": true,
            "bank": null,
            "swStationOwner": null,
            "metStationOwner": null,
            "wqStationOwner": null,
            "createdOn": null,
            "createdBy": null,
            "updatedOn": null,
            "updatedBy": null,
            "maxRainfallDate": "2015-12-31T08:30:00",
            "maxClimaticDate": null,
            "wimsCode": null
        },
        {
            "stationId": 120,
            "stationCode": "Sulebhavi",
            "stationName": "Sulebhavi",
            "agencyId": 3,
            "stateId": 10,
            "districtId": 164,
            "tahsilId": 2398,
            "lat": "16°02'35\"",
            "longitude": "75°56'31\"",
            "refToposheetNo": "47P-16",
            "altitude": null,
            "zeroRl": 0,
            "basinId": 7,
            "riverId": 21,
            "tributaryId": 188,
            "subTributaryId": null,
            "subSubTributaryId": null,
            "localRiverId": 276,
            "catchmentArea": null,
            "regionalOfficeId": 12,
            "circleOfficeId": 19,
            "divisionalOfficeId": 54,
            "subDivisionalOfficeId": null,
            "sectionOfficeId": null,
            "ownerAgencyId": 3,
            "locationDetails": "Located in Primary Health Centre premises Sulebhavi",
            "busStand": "Hungund",
            "station": "Bagalkot",
            "airport": "Bombay",
            "town": "Bagalkot",
            "address": "Primary Health Centre premises Sulebhavi",
            "otherInformation": null,
            "stationSetup": "SRG",
            "accessibility": "By Road",
            "stationHistory": null,
            "dateOfEstablishment": "1989-01-01T00:00:00",
            "dateOfClosure": null,
            "waterLevelManual": false,
            "waterLevelManualStart": null,
            "waterLevelManualEnd": null,
            "waterLevelAuto": false,
            "waterLevelAutoStart": null,
            "waterLevelAutoEnd": null,
            "discharge": false,
            "dischargeStart": null,
            "dischargeEnd": null,
            "dischargeCm": false,
            "dischargeCmStart": null,
            "dischargeCmEnd": null,
            "sediment": false,
            "sedimentStart": null,
            "sedimentEnd": null,
            "waterQuality": false,
            "waterQualityStart": null,
            "waterQualityEnd": null,
            "rainfallManual": true,
            "rainfallManualStart": "1989-01-01T00:00:00",
            "rainfallManualEnd": null,
            "rainfallAuto": false,
            "rainfallAutoStart": null,
            "rainfallAutoEnd": null,
            "climaticManual": false,
            "climaticManualStart": null,
            "climaticManualEnd": null,
            "climaticAuto": false,
            "climaticAutoStart": null,
            "climaticAutoEnd": null,
            "catDomain": false,
            "catDomainGw": false,
            "catMet": true,
            "catWq": false,
            "catDomainInfo": null,
            "catMetInfo": "Precipititation(Standard - SRG)",
            "catWqInfo": null,
            "mc": null,
            "sc": null,
            "cw": null,
            "wqYesNo": false,
            "distanceToOutlet": null,
            "dwlrNo": null,
            "dwlrType": null,
            "transferSelected": false,
            "swNetworkType": null,
            "metNetworkType": 10,
            "wqNetworkType": null,
            "stationOperational": true,
            "bank": null,
            "swStationOwner": null,
            "metStationOwner": null,
            "wqStationOwner": null,
            "createdOn": null,
            "createdBy": null,
            "updatedOn": null,
            "updatedBy": null,
            "maxRainfallDate": "2015-12-31T08:30:00",
            "maxClimaticDate": null,
            "wimsCode": null
        },
        {
            "stationId": 132,
            "stationCode": "Yergatti",
            "stationName": "Yergatti",
            "agencyId": 3,
            "stateId": 10,
            "districtId": 167,
            "tahsilId": null,
            "lat": "15°57'57\"",
            "longitude": "75°01'32\"",
            "refToposheetNo": "48M-1",
            "altitude": 685.8,
            "zeroRl": 0,
            "basinId": 7,
            "riverId": 21,
            "tributaryId": 188,
            "subTributaryId": null,
            "subSubTributaryId": null,
            "localRiverId": 276,
            "catchmentArea": null,
            "regionalOfficeId": 12,
            "circleOfficeId": 19,
            "divisionalOfficeId": 54,
            "subDivisionalOfficeId": null,
            "sectionOfficeId": null,
            "ownerAgencyId": 3,
            "locationDetails": "Located in Inspection Bunglow premises Yergatti",
            "busStand": "Soundathi",
            "station": "Belgaum",
            "airport": "Bombay",
            "town": "Belgaum",
            "address": "Inspection Bunglow premises Yergatti",
            "otherInformation": null,
            "stationSetup": "SRG",
            "accessibility": "By Road",
            "stationHistory": null,
            "dateOfEstablishment": "2068-01-01T00:00:00",
            "dateOfClosure": null,
            "waterLevelManual": false,
            "waterLevelManualStart": null,
            "waterLevelManualEnd": null,
            "waterLevelAuto": false,
            "waterLevelAutoStart": null,
            "waterLevelAutoEnd": null,
            "discharge": false,
            "dischargeStart": null,
            "dischargeEnd": null,
            "dischargeCm": false,
            "dischargeCmStart": null,
            "dischargeCmEnd": null,
            "sediment": false,
            "sedimentStart": null,
            "sedimentEnd": null,
            "waterQuality": false,
            "waterQualityStart": null,
            "waterQualityEnd": null,
            "rainfallManual": true,
            "rainfallManualStart": "2068-01-01T00:00:00",
            "rainfallManualEnd": null,
            "rainfallAuto": false,
            "rainfallAutoStart": null,
            "rainfallAutoEnd": null,
            "climaticManual": false,
            "climaticManualStart": null,
            "climaticManualEnd": null,
            "climaticAuto": false,
            "climaticAutoStart": null,
            "climaticAutoEnd": null,
            "catDomain": false,
            "catDomainGw": false,
            "catMet": true,
            "catWq": false,
            "catDomainInfo": null,
            "catMetInfo": "Precipititation(Standard - SRG)",
            "catWqInfo": null,
            "mc": null,
            "sc": null,
            "cw": null,
            "wqYesNo": false,
            "distanceToOutlet": null,
            "dwlrNo": null,
            "dwlrType": null,
            "transferSelected": false,
            "swNetworkType": null,
            "metNetworkType": 10,
            "wqNetworkType": null,
            "stationOperational": true,
            "bank": null,
            "swStationOwner": null,
            "metStationOwner": null,
            "wqStationOwner": null,
            "createdOn": null,
            "createdBy": null,
            "updatedOn": null,
            "updatedBy": null,
            "maxRainfallDate": "2015-12-31T08:30:00",
            "maxClimaticDate": null,
            "wimsCode": null
        },
        {
            "stationId": 119,
            "stationCode": "Soundathi",
            "stationName": "Soundathi",
            "agencyId": 3,
            "stateId": 10,
            "districtId": 167,
            "tahsilId": null,
            "lat": "15°45'00\"",
            "longitude": "75°07'00\"",
            "refToposheetNo": "48M-1",
            "altitude": 658.8,
            "zeroRl": 0,
            "basinId": 7,
            "riverId": 21,
            "tributaryId": 188,
            "subTributaryId": null,
            "subSubTributaryId": null,
            "localRiverId": 276,
            "catchmentArea": null,
            "regionalOfficeId": 12,
            "circleOfficeId": 19,
            "divisionalOfficeId": 54,
            "subDivisionalOfficeId": null,
            "sectionOfficeId": null,
            "ownerAgencyId": 3,
            "locationDetails": "Located in Seed Farm premises Soundathi",
            "busStand": "Soundathi",
            "station": "Belgaum",
            "airport": "Bombay",
            "town": "Belgaum",
            "address": "Seed Farm premises Soundathi",
            "otherInformation": null,
            "stationSetup": "ARG",
            "accessibility": "By Road",
            "stationHistory": null,
            "dateOfEstablishment": "2001-01-01T00:00:00",
            "dateOfClosure": null,
            "waterLevelManual": false,
            "waterLevelManualStart": null,
            "waterLevelManualEnd": null,
            "waterLevelAuto": false,
            "waterLevelAutoStart": null,
            "waterLevelAutoEnd": null,
            "discharge": false,
            "dischargeStart": null,
            "dischargeEnd": null,
            "dischargeCm": false,
            "dischargeCmStart": null,
            "dischargeCmEnd": null,
            "sediment": false,
            "sedimentStart": null,
            "sedimentEnd": null,
            "waterQuality": false,
            "waterQualityStart": null,
            "waterQualityEnd": null,
            "rainfallManual": true,
            "rainfallManualStart": "2001-01-01T00:00:00",
            "rainfallManualEnd": null,
            "rainfallAuto": true,
            "rainfallAutoStart": "1988-06-01T00:00:00",
            "rainfallAutoEnd": null,
            "climaticManual": false,
            "climaticManualStart": null,
            "climaticManualEnd": null,
            "climaticAuto": false,
            "climaticAutoStart": null,
            "climaticAutoEnd": null,
            "catDomain": false,
            "catDomainGw": false,
            "catMet": true,
            "catWq": false,
            "catDomainInfo": null,
            "catMetInfo": "Precipititation(Autographic - ARG)",
            "catWqInfo": null,
            "mc": null,
            "sc": null,
            "cw": null,
            "wqYesNo": false,
            "distanceToOutlet": null,
            "dwlrNo": null,
            "dwlrType": null,
            "transferSelected": false,
            "swNetworkType": null,
            "metNetworkType": 10,
            "wqNetworkType": null,
            "stationOperational": true,
            "bank": null,
            "swStationOwner": null,
            "metStationOwner": null,
            "wqStationOwner": null,
            "createdOn": null,
            "createdBy": null,
            "updatedOn": null,
            "updatedBy": null,
            "maxRainfallDate": "2015-12-31T08:30:00",
            "maxClimaticDate": "2024-06-14T17:38:08.334",
            "wimsCode": null
        },
        {
            "stationId": 15,
            "stationCode": "Badami",
            "stationName": "Badami",
            "agencyId": 3,
            "stateId": 10,
            "districtId": 164,
            "tahsilId": 2393,
            "lat": "15°54'50\"",
            "longitude": "75°40'40\"",
            "refToposheetNo": "48M-9",
            "altitude": 543.0,
            "zeroRl": 0,
            "basinId": 7,
            "riverId": 21,
            "tributaryId": 188,
            "subTributaryId": null,
            "subSubTributaryId": null,
            "localRiverId": 276,
            "catchmentArea": null,
            "regionalOfficeId": 12,
            "circleOfficeId": 19,
            "divisionalOfficeId": 54,
            "subDivisionalOfficeId": null,
            "sectionOfficeId": null,
            "ownerAgencyId": 3,
            "locationDetails": "Located in the premises of General Hospital Badami",
            "busStand": "Badami",
            "station": "Bagalkot",
            "airport": "Bombay",
            "town": "Bagalkot",
            "address": "General Hospital  premises Badami",
            "otherInformation": null,
            "stationSetup": "FCS",
            "accessibility": "By Road",
            "stationHistory": null,
            "dateOfEstablishment": "2001-01-01T00:00:00",
            "dateOfClosure": null,
            "waterLevelManual": false,
            "waterLevelManualStart": null,
            "waterLevelManualEnd": null,
            "waterLevelAuto": false,
            "waterLevelAutoStart": null,
            "waterLevelAutoEnd": null,
            "discharge": false,
            "dischargeStart": null,
            "dischargeEnd": null,
            "dischargeCm": false,
            "dischargeCmStart": null,
            "dischargeCmEnd": null,
            "sediment": false,
            "sedimentStart": null,
            "sedimentEnd": null,
            "waterQuality": false,
            "waterQualityStart": null,
            "waterQualityEnd": null,
            "rainfallManual": true,
            "rainfallManualStart": "2001-01-01T00:00:00",
            "rainfallManualEnd": null,
            "rainfallAuto": true,
            "rainfallAutoStart": "1987-06-23T00:00:00",
            "rainfallAutoEnd": null,
            "climaticManual": true,
            "climaticManualStart": "1987-06-23T00:00:00",
            "climaticManualEnd": null,
            "climaticAuto": true,
            "climaticAutoStart": "1987-06-23T00:00:00",
            "climaticAutoEnd": null,
            "catDomain": false,
            "catDomainGw": false,
            "catMet": true,
            "catWq": false,
            "catDomainInfo": null,
            "catMetInfo": "Precipititation(Autographic - ARG)",
            "catWqInfo": null,
            "mc": null,
            "sc": null,
            "cw": null,
            "wqYesNo": false,
            "distanceToOutlet": null,
            "dwlrNo": null,
            "dwlrType": null,
            "transferSelected": false,
            "swNetworkType": null,
            "metNetworkType": 10,
            "wqNetworkType": null,
            "stationOperational": true,
            "bank": null,
            "swStationOwner": null,
            "metStationOwner": null,
            "wqStationOwner": null,
            "createdOn": null,
            "createdBy": null,
            "updatedOn": null,
            "updatedBy": null,
            "maxRainfallDate": "2015-12-31T08:30:00",
            "maxClimaticDate": "2015-12-31T17:30:00",
            "wimsCode": null
        },
        {
            "stationId": 106,
            "stationCode": "Ramadurg",
            "stationName": "Ramdurg",
            "agencyId": 3,
            "stateId": 10,
            "districtId": 167,
            "tahsilId": 2426,
            "lat": "15°57'16\"",
            "longitude": "75°17'31\"",
            "refToposheetNo": "48M-5",
            "altitude": 556.93,
            "zeroRl": 0,
            "basinId": 7,
            "riverId": 21,
            "tributaryId": 188,
            "subTributaryId": null,
            "subSubTributaryId": null,
            "localRiverId": 276,
            "catchmentArea": null,
            "regionalOfficeId": 12,
            "circleOfficeId": 19,
            "divisionalOfficeId": 54,
            "subDivisionalOfficeId": null,
            "sectionOfficeId": null,
            "ownerAgencyId": 3,
            "locationDetails": "Located in the Inspection Bunglow premises Ramadurg",
            "busStand": "Ramadurg",
            "station": "Belgaum",
            "airport": "Bombay",
            "town": "Belgaum",
            "address": "Inspection Bunglow premises Ramadurg",
            "otherInformation": null,
            "stationSetup": "ARG",
            "accessibility": "By Road",
            "stationHistory": null,
            "dateOfEstablishment": "2001-01-01T00:00:00",
            "dateOfClosure": null,
            "waterLevelManual": false,
            "waterLevelManualStart": null,
            "waterLevelManualEnd": null,
            "waterLevelAuto": false,
            "waterLevelAutoStart": null,
            "waterLevelAutoEnd": null,
            "discharge": false,
            "dischargeStart": null,
            "dischargeEnd": null,
            "dischargeCm": false,
            "dischargeCmStart": null,
            "dischargeCmEnd": null,
            "sediment": false,
            "sedimentStart": null,
            "sedimentEnd": null,
            "waterQuality": false,
            "waterQualityStart": null,
            "waterQualityEnd": null,
            "rainfallManual": true,
            "rainfallManualStart": "2001-01-01T00:00:00",
            "rainfallManualEnd": null,
            "rainfallAuto": true,
            "rainfallAutoStart": "1988-06-01T00:00:00",
            "rainfallAutoEnd": null,
            "climaticManual": false,
            "climaticManualStart": null,
            "climaticManualEnd": null,
            "climaticAuto": false,
            "climaticAutoStart": null,
            "climaticAutoEnd": null,
            "catDomain": false,
            "catDomainGw": false,
            "catMet": true,
            "catWq": false,
            "catDomainInfo": null,
            "catMetInfo": "Precipititation(Autographic - ARG)",
            "catWqInfo": null,
            "mc": null,
            "sc": null,
            "cw": null,
            "wqYesNo": false,
            "distanceToOutlet": null,
            "dwlrNo": null,
            "dwlrType": null,
            "transferSelected": false,
            "swNetworkType": null,
            "metNetworkType": 10,
            "wqNetworkType": null,
            "stationOperational": true,
            "bank": null,
            "swStationOwner": null,
            "metStationOwner": null,
            "wqStationOwner": null,
            "createdOn": null,
            "createdBy": null,
            "updatedOn": null,
            "updatedBy": null,
            "maxRainfallDate": "2015-12-31T08:30:00",
            "maxClimaticDate": null,
            "wimsCode": null
        },
        {
            "stationId": 52,
            "stationCode": "Hulkund",
            "stationName": "Hulkund",
            "agencyId": 3,
            "stateId": 10,
            "districtId": 167,
            "tahsilId": 2426,
            "lat": "16°07'00\"",
            "longitude": "75°05'31\"",
            "refToposheetNo": "47P-4",
            "altitude": 723.0,
            "zeroRl": 0,
            "basinId": 7,
            "riverId": 21,
            "tributaryId": 188,
            "subTributaryId": null,
            "subSubTributaryId": null,
            "localRiverId": 276,
            "catchmentArea": null,
            "regionalOfficeId": 12,
            "circleOfficeId": 19,
            "divisionalOfficeId": 54,
            "subDivisionalOfficeId": null,
            "sectionOfficeId": null,
            "ownerAgencyId": 3,
            "locationDetails": "Near PWD Quarters Hulkund",
            "busStand": "Hulkund",
            "station": null,
            "airport": null,
            "town": null,
            "address": "Near PWD Quarters Hulkund",
            "otherInformation": null,
            "stationSetup": "SRG",
            "accessibility": "Road",
            "stationHistory": null,
            "dateOfEstablishment": "1988-06-01T00:00:00",
            "dateOfClosure": null,
            "waterLevelManual": false,
            "waterLevelManualStart": null,
            "waterLevelManualEnd": null,
            "waterLevelAuto": false,
            "waterLevelAutoStart": null,
            "waterLevelAutoEnd": null,
            "discharge": false,
            "dischargeStart": null,
            "dischargeEnd": null,
            "dischargeCm": false,
            "dischargeCmStart": null,
            "dischargeCmEnd": null,
            "sediment": false,
            "sedimentStart": null,
            "sedimentEnd": null,
            "waterQuality": false,
            "waterQualityStart": null,
            "waterQualityEnd": null,
            "rainfallManual": true,
            "rainfallManualStart": "1988-06-01T00:00:00",
            "rainfallManualEnd": null,
            "rainfallAuto": false,
            "rainfallAutoStart": null,
            "rainfallAutoEnd": null,
            "climaticManual": false,
            "climaticManualStart": null,
            "climaticManualEnd": null,
            "climaticAuto": false,
            "climaticAutoStart": null,
            "climaticAutoEnd": null,
            "catDomain": false,
            "catDomainGw": false,
            "catMet": true,
            "catWq": false,
            "catDomainInfo": null,
            "catMetInfo": "Precipititation(Standard - SRG)",
            "catWqInfo": null,
            "mc": null,
            "sc": null,
            "cw": null,
            "wqYesNo": false,
            "distanceToOutlet": 0.0,
            "dwlrNo": null,
            "dwlrType": null,
            "transferSelected": false,
            "swNetworkType": null,
            "metNetworkType": 12,
            "wqNetworkType": null,
            "stationOperational": true,
            "bank": null,
            "swStationOwner": null,
            "metStationOwner": null,
            "wqStationOwner": null,
            "createdOn": null,
            "createdBy": null,
            "updatedOn": null,
            "updatedBy": null,
            "maxRainfallDate": "2015-12-31T08:30:00",
            "maxClimaticDate": "2024-06-14T17:38:08.334",
            "wimsCode": null
        },
        {
            "stationId": 39,
            "stationCode": "Gunji",
            "stationName": "Gunji",
            "agencyId": 3,
            "stateId": 10,
            "districtId": 167,
            "tahsilId": 2423,
            "lat": "15°32'00\"",
            "longitude": "74°20'00\"",
            "refToposheetNo": "48I-6",
            "altitude": 686.0,
            "zeroRl": 0,
            "basinId": 7,
            "riverId": 21,
            "tributaryId": 188,
            "subTributaryId": null,
            "subSubTributaryId": null,
            "localRiverId": 276,
            "catchmentArea": null,
            "regionalOfficeId": 12,
            "circleOfficeId": 19,
            "divisionalOfficeId": 54,
            "subDivisionalOfficeId": null,
            "sectionOfficeId": null,
            "ownerAgencyId": 3,
            "locationDetails": "Road side of village limit Gunji",
            "busStand": "Gunji",
            "station": "Gunji",
            "airport": null,
            "town": null,
            "address": "Road side of village limit Gunji",
            "otherInformation": null,
            "stationSetup": "SRG",
            "accessibility": "Road Train",
            "stationHistory": null,
            "dateOfEstablishment": "1988-06-01T00:00:00",
            "dateOfClosure": null,
            "waterLevelManual": false,
            "waterLevelManualStart": null,
            "waterLevelManualEnd": null,
            "waterLevelAuto": false,
            "waterLevelAutoStart": null,
            "waterLevelAutoEnd": null,
            "discharge": false,
            "dischargeStart": null,
            "dischargeEnd": null,
            "dischargeCm": false,
            "dischargeCmStart": null,
            "dischargeCmEnd": null,
            "sediment": false,
            "sedimentStart": null,
            "sedimentEnd": null,
            "waterQuality": false,
            "waterQualityStart": null,
            "waterQualityEnd": null,
            "rainfallManual": true,
            "rainfallManualStart": "1988-06-01T00:00:00",
            "rainfallManualEnd": null,
            "rainfallAuto": false,
            "rainfallAutoStart": null,
            "rainfallAutoEnd": null,
            "climaticManual": false,
            "climaticManualStart": null,
            "climaticManualEnd": null,
            "climaticAuto": false,
            "climaticAutoStart": null,
            "climaticAutoEnd": null,
            "catDomain": false,
            "catDomainGw": false,
            "catMet": true,
            "catWq": false,
            "catDomainInfo": null,
            "catMetInfo": "Precipititation(Standard - SRG)",
            "catWqInfo": null,
            "mc": null,
            "sc": null,
            "cw": null,
            "wqYesNo": false,
            "distanceToOutlet": 0.0,
            "dwlrNo": null,
            "dwlrType": null,
            "transferSelected": false,
            "swNetworkType": null,
            "metNetworkType": 12,
            "wqNetworkType": null,
            "stationOperational": true,
            "bank": null,
            "swStationOwner": null,
            "metStationOwner": null,
            "wqStationOwner": null,
            "createdOn": null,
            "createdBy": null,
            "updatedOn": null,
            "updatedBy": null,
            "maxRainfallDate": "2015-12-31T08:30:00",
            "maxClimaticDate": "2024-06-14T17:38:08.334",
            "wimsCode": null
        },
        {
            "stationId": 35,
            "stationCode": "Gavali",
            "stationName": "Gavali",
            "agencyId": 3,
            "stateId": 10,
            "districtId": 167,
            "tahsilId": 2423,
            "lat": "15°20'00\"",
            "longitude": "74°20'00\"",
            "refToposheetNo": "48I-6",
            "altitude": 762.0,
            "zeroRl": 0,
            "basinId": 7,
            "riverId": 21,
            "tributaryId": 188,
            "subTributaryId": null,
            "subSubTributaryId": null,
            "localRiverId": 276,
            "catchmentArea": null,
            "regionalOfficeId": 12,
            "circleOfficeId": 19,
            "divisionalOfficeId": 54,
            "subDivisionalOfficeId": null,
            "sectionOfficeId": null,
            "ownerAgencyId": 3,
            "locationDetails": "Near Primery School Gavali.",
            "busStand": "Gavali.",
            "station": null,
            "airport": null,
            "town": null,
            "address": "Near Primery School Gavali.",
            "otherInformation": null,
            "stationSetup": "SRG",
            "accessibility": "Road",
            "stationHistory": null,
            "dateOfEstablishment": "1988-06-01T00:00:00",
            "dateOfClosure": null,
            "waterLevelManual": false,
            "waterLevelManualStart": null,
            "waterLevelManualEnd": null,
            "waterLevelAuto": false,
            "waterLevelAutoStart": null,
            "waterLevelAutoEnd": null,
            "discharge": false,
            "dischargeStart": null,
            "dischargeEnd": null,
            "dischargeCm": false,
            "dischargeCmStart": null,
            "dischargeCmEnd": null,
            "sediment": false,
            "sedimentStart": null,
            "sedimentEnd": null,
            "waterQuality": false,
            "waterQualityStart": null,
            "waterQualityEnd": null,
            "rainfallManual": true,
            "rainfallManualStart": "1988-06-01T00:00:00",
            "rainfallManualEnd": null,
            "rainfallAuto": false,
            "rainfallAutoStart": null,
            "rainfallAutoEnd": null,
            "climaticManual": false,
            "climaticManualStart": null,
            "climaticManualEnd": null,
            "climaticAuto": false,
            "climaticAutoStart": null,
            "climaticAutoEnd": null,
            "catDomain": false,
            "catDomainGw": false,
            "catMet": true,
            "catWq": false,
            "catDomainInfo": null,
            "catMetInfo": "Precipititation(Standard - SRG)",
            "catWqInfo": null,
            "mc": null,
            "sc": null,
            "cw": null,
            "wqYesNo": false,
            "distanceToOutlet": 0.0,
            "dwlrNo": null,
            "dwlrType": null,
            "transferSelected": false,
            "swNetworkType": null,
            "metNetworkType": 12,
            "wqNetworkType": null,
            "stationOperational": true,
            "bank": null,
            "swStationOwner": null,
            "metStationOwner": null,
            "wqStationOwner": null,
            "createdOn": null,
            "createdBy": null,
            "updatedOn": null,
            "updatedBy": null,
            "maxRainfallDate": "2015-12-31T08:30:00",
            "maxClimaticDate": null,
            "wimsCode": null
        },
        {
            "stationId": 96,
            "stationCode": "Nagargali",
            "stationName": "Nagargali",
            "agencyId": 3,
            "stateId": 10,
            "districtId": 167,
            "tahsilId": 2423,
            "lat": "15°24'57\"",
            "longitude": "74°36'18\"",
            "refToposheetNo": "48I-11",
            "altitude": 637.0,
            "zeroRl": 0,
            "basinId": 7,
            "riverId": 21,
            "tributaryId": 188,
            "subTributaryId": null,
            "subSubTributaryId": null,
            "localRiverId": 276,
            "catchmentArea": null,
            "regionalOfficeId": 12,
            "circleOfficeId": 19,
            "divisionalOfficeId": 54,
            "subDivisionalOfficeId": null,
            "sectionOfficeId": null,
            "ownerAgencyId": 3,
            "locationDetails": "Located in the PWD Store  premises Nagargali",
            "busStand": "Khanapur",
            "station": "Belgaum",
            "airport": "Bombay",
            "town": "Belgaum",
            "address": "PWD Store  premises Nagargali",
            "otherInformation": null,
            "stationSetup": "SRG",
            "accessibility": "By Road",
            "stationHistory": null,
            "dateOfEstablishment": "1970-01-01T00:00:00",
            "dateOfClosure": null,
            "waterLevelManual": false,
            "waterLevelManualStart": null,
            "waterLevelManualEnd": null,
            "waterLevelAuto": false,
            "waterLevelAutoStart": null,
            "waterLevelAutoEnd": null,
            "discharge": false,
            "dischargeStart": null,
            "dischargeEnd": null,
            "dischargeCm": false,
            "dischargeCmStart": null,
            "dischargeCmEnd": null,
            "sediment": false,
            "sedimentStart": null,
            "sedimentEnd": null,
            "waterQuality": false,
            "waterQualityStart": null,
            "waterQualityEnd": null,
            "rainfallManual": true,
            "rainfallManualStart": "1970-01-01T00:00:00",
            "rainfallManualEnd": null,
            "rainfallAuto": false,
            "rainfallAutoStart": null,
            "rainfallAutoEnd": null,
            "climaticManual": false,
            "climaticManualStart": null,
            "climaticManualEnd": null,
            "climaticAuto": false,
            "climaticAutoStart": null,
            "climaticAutoEnd": null,
            "catDomain": false,
            "catDomainGw": false,
            "catMet": true,
            "catWq": false,
            "catDomainInfo": null,
            "catMetInfo": "Precipititation(Standard - SRG)",
            "catWqInfo": null,
            "mc": null,
            "sc": null,
            "cw": null,
            "wqYesNo": false,
            "distanceToOutlet": null,
            "dwlrNo": null,
            "dwlrType": null,
            "transferSelected": false,
            "swNetworkType": null,
            "metNetworkType": 10,
            "wqNetworkType": null,
            "stationOperational": true,
            "bank": null,
            "swStationOwner": null,
            "metStationOwner": null,
            "wqStationOwner": null,
            "createdOn": null,
            "createdBy": null,
            "updatedOn": null,
            "updatedBy": null,
            "maxRainfallDate": "2015-12-31T08:30:00",
            "maxClimaticDate": null,
            "wimsCode": null
        },
        {
            "stationId": 115,
            "stationCode": "Savalagi",
            "stationName": "Savalagi",
            "agencyId": 3,
            "stateId": 10,
            "districtId": 164,
            "tahsilId": 2400,
            "lat": "16°40'16\"",
            "longitude": "75°20'26\"",
            "refToposheetNo": "47P-6",
            "altitude": 563.48,
            "zeroRl": 0,
            "basinId": 7,
            "riverId": 21,
            "tributaryId": null,
            "subTributaryId": null,
            "subSubTributaryId": null,
            "localRiverId": 275,
            "catchmentArea": null,
            "regionalOfficeId": 12,
            "circleOfficeId": 19,
            "divisionalOfficeId": 54,
            "subDivisionalOfficeId": null,
            "sectionOfficeId": null,
            "ownerAgencyId": 3,
            "locationDetails": "Located in Inspection Bunglow premises Savalagi",
            "busStand": "Jamakhandi",
            "station": "Bagalkot",
            "airport": "Bombay",
            "town": "Bagalkot",
            "address": "Inspection Bunglow premises Savalagi",
            "otherInformation": null,
            "stationSetup": "SRG",
            "accessibility": "By Road",
            "stationHistory": null,
            "dateOfEstablishment": "2067-01-01T00:00:00",
            "dateOfClosure": null,
            "waterLevelManual": false,
            "waterLevelManualStart": null,
            "waterLevelManualEnd": null,
            "waterLevelAuto": false,
            "waterLevelAutoStart": null,
            "waterLevelAutoEnd": null,
            "discharge": false,
            "dischargeStart": null,
            "dischargeEnd": null,
            "dischargeCm": false,
            "dischargeCmStart": null,
            "dischargeCmEnd": null,
            "sediment": false,
            "sedimentStart": null,
            "sedimentEnd": null,
            "waterQuality": false,
            "waterQualityStart": null,
            "waterQualityEnd": null,
            "rainfallManual": true,
            "rainfallManualStart": "2067-01-01T00:00:00",
            "rainfallManualEnd": null,
            "rainfallAuto": false,
            "rainfallAutoStart": null,
            "rainfallAutoEnd": null,
            "climaticManual": false,
            "climaticManualStart": null,
            "climaticManualEnd": null,
            "climaticAuto": false,
            "climaticAutoStart": null,
            "climaticAutoEnd": null,
            "catDomain": false,
            "catDomainGw": false,
            "catMet": true,
            "catWq": false,
            "catDomainInfo": null,
            "catMetInfo": "Precipititation(Standard - SRG)",
            "catWqInfo": null,
            "mc": null,
            "sc": null,
            "cw": null,
            "wqYesNo": false,
            "distanceToOutlet": null,
            "dwlrNo": null,
            "dwlrType": null,
            "transferSelected": false,
            "swNetworkType": null,
            "metNetworkType": 10,
            "wqNetworkType": null,
            "stationOperational": true,
            "bank": null,
            "swStationOwner": null,
            "metStationOwner": null,
            "wqStationOwner": null,
            "createdOn": null,
            "createdBy": null,
            "updatedOn": null,
            "updatedBy": null,
            "maxRainfallDate": "2015-12-31T08:30:00",
            "maxClimaticDate": null,
            "wimsCode": null
        },
        {
            "stationId": 55,
            "stationCode": "Indi",
            "stationName": "Indi",
            "agencyId": 3,
            "stateId": 10,
            "districtId": 170,
            "tahsilId": 2448,
            "lat": "17°10'13\"",
            "longitude": "75°57'21\"",
            "refToposheetNo": "47O-16",
            "altitude": 459.03,
            "zeroRl": 0,
            "basinId": 7,
            "riverId": 21,
            "tributaryId": null,
            "subTributaryId": null,
            "subSubTributaryId": null,
            "localRiverId": 265,
            "catchmentArea": null,
            "regionalOfficeId": 12,
            "circleOfficeId": 19,
            "divisionalOfficeId": 54,
            "subDivisionalOfficeId": null,
            "sectionOfficeId": null,
            "ownerAgencyId": 3,
            "locationDetails": "Located in the premises of Inspection Bunglow Indi",
            "busStand": "Indi",
            "station": "Bijapur",
            "airport": "Bombay",
            "town": "Bijapur",
            "address": "Inspection Bunglow  premises Indi",
            "otherInformation": null,
            "stationSetup": "ARG",
            "accessibility": "By Road",
            "stationHistory": null,
            "dateOfEstablishment": "2001-01-01T00:00:00",
            "dateOfClosure": null,
            "waterLevelManual": false,
            "waterLevelManualStart": null,
            "waterLevelManualEnd": null,
            "waterLevelAuto": false,
            "waterLevelAutoStart": null,
            "waterLevelAutoEnd": null,
            "discharge": false,
            "dischargeStart": null,
            "dischargeEnd": null,
            "dischargeCm": false,
            "dischargeCmStart": null,
            "dischargeCmEnd": null,
            "sediment": false,
            "sedimentStart": null,
            "sedimentEnd": null,
            "waterQuality": false,
            "waterQualityStart": null,
            "waterQualityEnd": null,
            "rainfallManual": true,
            "rainfallManualStart": "2001-01-01T00:00:00",
            "rainfallManualEnd": null,
            "rainfallAuto": true,
            "rainfallAutoStart": "1988-01-01T00:00:00",
            "rainfallAutoEnd": null,
            "climaticManual": false,
            "climaticManualStart": null,
            "climaticManualEnd": null,
            "climaticAuto": false,
            "climaticAutoStart": null,
            "climaticAutoEnd": null,
            "catDomain": false,
            "catDomainGw": false,
            "catMet": true,
            "catWq": false,
            "catDomainInfo": null,
            "catMetInfo": "Precipititation(Autographic - ARG)",
            "catWqInfo": null,
            "mc": null,
            "sc": null,
            "cw": null,
            "wqYesNo": false,
            "distanceToOutlet": null,
            "dwlrNo": null,
            "dwlrType": null,
            "transferSelected": false,
            "swNetworkType": null,
            "metNetworkType": 10,
            "wqNetworkType": null,
            "stationOperational": true,
            "bank": null,
            "swStationOwner": null,
            "metStationOwner": null,
            "wqStationOwner": null,
            "createdOn": null,
            "createdBy": null,
            "updatedOn": null,
            "updatedBy": null,
            "maxRainfallDate": "2015-12-31T08:30:00",
            "maxClimaticDate": null,
            "wimsCode": null
        },
        {
            "stationId": 118,
            "stationCode": "Sindgi",
            "stationName": "Sindgi",
            "agencyId": 3,
            "stateId": 10,
            "districtId": 170,
            "tahsilId": 2450,
            "lat": "16°55'21\"",
            "longitude": "76°13'35\"",
            "refToposheetNo": "56D-1",
            "altitude": 502.18,
            "zeroRl": 0,
            "basinId": 7,
            "riverId": 21,
            "tributaryId": null,
            "subTributaryId": null,
            "subSubTributaryId": null,
            "localRiverId": 265,
            "catchmentArea": null,
            "regionalOfficeId": 12,
            "circleOfficeId": 19,
            "divisionalOfficeId": 54,
            "subDivisionalOfficeId": null,
            "sectionOfficeId": null,
            "ownerAgencyId": 3,
            "locationDetails": "Located in Taluk Office premises Sindgi",
            "busStand": "Sindgi",
            "station": "Bijapur",
            "airport": "Bombay",
            "town": "Bijapur",
            "address": "Taluk Office premises Sindgi",
            "otherInformation": null,
            "stationSetup": "ARG",
            "accessibility": "By Road",
            "stationHistory": null,
            "dateOfEstablishment": "2001-01-01T00:00:00",
            "dateOfClosure": null,
            "waterLevelManual": false,
            "waterLevelManualStart": null,
            "waterLevelManualEnd": null,
            "waterLevelAuto": false,
            "waterLevelAutoStart": null,
            "waterLevelAutoEnd": null,
            "discharge": false,
            "dischargeStart": null,
            "dischargeEnd": null,
            "dischargeCm": false,
            "dischargeCmStart": null,
            "dischargeCmEnd": null,
            "sediment": false,
            "sedimentStart": null,
            "sedimentEnd": null,
            "waterQuality": false,
            "waterQualityStart": null,
            "waterQualityEnd": null,
            "rainfallManual": true,
            "rainfallManualStart": "2001-01-01T00:00:00",
            "rainfallManualEnd": null,
            "rainfallAuto": true,
            "rainfallAutoStart": "1989-01-01T00:00:00",
            "rainfallAutoEnd": null,
            "climaticManual": false,
            "climaticManualStart": null,
            "climaticManualEnd": null,
            "climaticAuto": false,
            "climaticAutoStart": null,
            "climaticAutoEnd": null,
            "catDomain": false,
            "catDomainGw": false,
            "catMet": true,
            "catWq": false,
            "catDomainInfo": null,
            "catMetInfo": "Precipititation(Autographic - ARG)",
            "catWqInfo": null,
            "mc": null,
            "sc": null,
            "cw": null,
            "wqYesNo": false,
            "distanceToOutlet": null,
            "dwlrNo": null,
            "dwlrType": null,
            "transferSelected": false,
            "swNetworkType": null,
            "metNetworkType": 10,
            "wqNetworkType": null,
            "stationOperational": true,
            "bank": null,
            "swStationOwner": null,
            "metStationOwner": null,
            "wqStationOwner": null,
            "createdOn": null,
            "createdBy": null,
            "updatedOn": null,
            "updatedBy": null,
            "maxRainfallDate": "2015-12-31T08:30:00",
            "maxClimaticDate": null,
            "wimsCode": null
        },
        {
            "stationId": 51,
            "stationCode": "Hulikatti",
            "stationName": "Hulikatti",
            "agencyId": 3,
            "stateId": 10,
            "districtId": 167,
            "tahsilId": 2418,
            "lat": "15°54'00'",
            "longitude": "75°43'00'",
            "refToposheetNo": "48M-1",
            "altitude": 624.84,
            "zeroRl": null,
            "basinId": 7,
            "riverId": 21,
            "tributaryId": 188,
            "subTributaryId": null,
            "subSubTributaryId": null,
            "localRiverId": 276,
            "catchmentArea": 0.0,
            "regionalOfficeId": 12,
            "circleOfficeId": 19,
            "divisionalOfficeId": 54,
            "subDivisionalOfficeId": null,
            "sectionOfficeId": null,
            "ownerAgencyId": 3,
            "locationDetails": "PWD Store Hulikatti",
            "busStand": "Hulikatti",
            "station": "N/A",
            "airport": "N/A",
            "town": "N/A",
            "address": "PWD Store Hulikatti",
            "otherInformation": "N/A",
            "stationSetup": "SRG",
            "accessibility": "Road",
            "stationHistory": "N/A",
            "dateOfEstablishment": "1988-06-01T00:00:00",
            "dateOfClosure": null,
            "waterLevelManual": false,
            "waterLevelManualStart": null,
            "waterLevelManualEnd": null,
            "waterLevelAuto": false,
            "waterLevelAutoStart": null,
            "waterLevelAutoEnd": null,
            "discharge": false,
            "dischargeStart": null,
            "dischargeEnd": null,
            "dischargeCm": false,
            "dischargeCmStart": null,
            "dischargeCmEnd": null,
            "sediment": false,
            "sedimentStart": null,
            "sedimentEnd": null,
            "waterQuality": false,
            "waterQualityStart": null,
            "waterQualityEnd": null,
            "rainfallManual": true,
            "rainfallManualStart": "1988-06-01T00:00:00",
            "rainfallManualEnd": null,
            "rainfallAuto": false,
            "rainfallAutoStart": null,
            "rainfallAutoEnd": null,
            "climaticManual": false,
            "climaticManualStart": null,
            "climaticManualEnd": null,
            "climaticAuto": false,
            "climaticAutoStart": null,
            "climaticAutoEnd": null,
            "catDomain": false,
            "catDomainGw": true,
            "catMet": true,
            "catWq": false,
            "catDomainInfo": null,
            "catMetInfo": null,
            "catWqInfo": null,
            "mc": 0,
            "sc": 0,
            "cw": 0,
            "wqYesNo": true,
            "distanceToOutlet": null,
            "dwlrNo": "",
            "dwlrType": "",
            "transferSelected": true,
            "swNetworkType": null,
            "metNetworkType": 12,
            "wqNetworkType": null,
            "stationOperational": true,
            "bank": "N/A",
            "swStationOwner": null,
            "metStationOwner": null,
            "wqStationOwner": null,
            "createdOn": null,
            "createdBy": null,
            "updatedOn": "2024-06-11T17:43:06",
            "updatedBy": null,
            "maxRainfallDate": "2015-12-31T08:30:00",
            "maxClimaticDate": "2024-06-14T17:38:08.334",
            "wimsCode": "234"
        },
        {
            "stationId": 109,
            "stationCode": "Sadalaga",
            "stationName": "Sadalaga",
            "agencyId": 3,
            "stateId": 10,
            "districtId": 167,
            "tahsilId": 2420,
            "lat": "16°33'32\"",
            "longitude": "74°31'48\"",
            "refToposheetNo": "47L-14",
            "altitude": 539.5,
            "zeroRl": 0,
            "basinId": 7,
            "riverId": 21,
            "tributaryId": null,
            "subTributaryId": null,
            "subSubTributaryId": null,
            "localRiverId": 269,
            "catchmentArea": null,
            "regionalOfficeId": 12,
            "circleOfficeId": 19,
            "divisionalOfficeId": 54,
            "subDivisionalOfficeId": null,
            "sectionOfficeId": null,
            "ownerAgencyId": 3,
            "locationDetails": "Located in the Primary Health Centre Premises Sadalaga",
            "busStand": "Chikkodi",
            "station": "Belgaum",
            "airport": "Bombay",
            "town": "Belgaum",
            "address": "Primary Health Centre Premises Sadalaga",
            "otherInformation": null,
            "stationSetup": "SRG",
            "accessibility": "By Road",
            "stationHistory": null,
            "dateOfEstablishment": "2068-01-01T00:00:00",
            "dateOfClosure": null,
            "waterLevelManual": false,
            "waterLevelManualStart": null,
            "waterLevelManualEnd": null,
            "waterLevelAuto": false,
            "waterLevelAutoStart": null,
            "waterLevelAutoEnd": null,
            "discharge": false,
            "dischargeStart": null,
            "dischargeEnd": null,
            "dischargeCm": false,
            "dischargeCmStart": null,
            "dischargeCmEnd": null,
            "sediment": false,
            "sedimentStart": null,
            "sedimentEnd": null,
            "waterQuality": false,
            "waterQualityStart": null,
            "waterQualityEnd": null,
            "rainfallManual": true,
            "rainfallManualStart": "2068-01-01T00:00:00",
            "rainfallManualEnd": null,
            "rainfallAuto": false,
            "rainfallAutoStart": null,
            "rainfallAutoEnd": null,
            "climaticManual": false,
            "climaticManualStart": null,
            "climaticManualEnd": null,
            "climaticAuto": false,
            "climaticAutoStart": null,
            "climaticAutoEnd": null,
            "catDomain": false,
            "catDomainGw": false,
            "catMet": true,
            "catWq": false,
            "catDomainInfo": null,
            "catMetInfo": "Precipititation(Standard - SRG)",
            "catWqInfo": null,
            "mc": null,
            "sc": null,
            "cw": null,
            "wqYesNo": false,
            "distanceToOutlet": null,
            "dwlrNo": null,
            "dwlrType": null,
            "transferSelected": false,
            "swNetworkType": null,
            "metNetworkType": 10,
            "wqNetworkType": null,
            "stationOperational": true,
            "bank": null,
            "swStationOwner": null,
            "metStationOwner": null,
            "wqStationOwner": null,
            "createdOn": null,
            "createdBy": null,
            "updatedOn": null,
            "updatedBy": null,
            "maxRainfallDate": "2015-12-31T08:30:00",
            "maxClimaticDate": null,
            "wimsCode": null
        },
        {
            "stationId": 7,
            "stationCode": "Ankalgi",
            "stationName": "Ankalgi",
            "agencyId": 3,
            "stateId": 10,
            "districtId": 167,
            "tahsilId": 2421,
            "lat": "16°20'30\"",
            "longitude": "74°46'34\"",
            "refToposheetNo": "47L-12",
            "altitude": 594.35,
            "zeroRl": 0,
            "basinId": 7,
            "riverId": 21,
            "tributaryId": 182,
            "subTributaryId": null,
            "subSubTributaryId": null,
            "localRiverId": null,
            "catchmentArea": null,
            "regionalOfficeId": 12,
            "circleOfficeId": 19,
            "divisionalOfficeId": 54,
            "subDivisionalOfficeId": null,
            "sectionOfficeId": null,
            "ownerAgencyId": 3,
            "locationDetails": "PWD Store Ankalgi",
            "busStand": "Ankalgi",
            "station": null,
            "airport": null,
            "town": null,
            "address": "PWD Store Ankalgi",
            "otherInformation": null,
            "stationSetup": "SRG",
            "accessibility": "Road",
            "stationHistory": null,
            "dateOfEstablishment": "1988-06-01T00:00:00",
            "dateOfClosure": null,
            "waterLevelManual": false,
            "waterLevelManualStart": null,
            "waterLevelManualEnd": null,
            "waterLevelAuto": false,
            "waterLevelAutoStart": null,
            "waterLevelAutoEnd": null,
            "discharge": false,
            "dischargeStart": null,
            "dischargeEnd": null,
            "dischargeCm": false,
            "dischargeCmStart": null,
            "dischargeCmEnd": null,
            "sediment": false,
            "sedimentStart": null,
            "sedimentEnd": null,
            "waterQuality": false,
            "waterQualityStart": null,
            "waterQualityEnd": null,
            "rainfallManual": true,
            "rainfallManualStart": "1988-06-01T00:00:00",
            "rainfallManualEnd": null,
            "rainfallAuto": false,
            "rainfallAutoStart": null,
            "rainfallAutoEnd": null,
            "climaticManual": false,
            "climaticManualStart": null,
            "climaticManualEnd": null,
            "climaticAuto": false,
            "climaticAutoStart": null,
            "climaticAutoEnd": null,
            "catDomain": false,
            "catDomainGw": false,
            "catMet": true,
            "catWq": false,
            "catDomainInfo": null,
            "catMetInfo": "Precipititation(Standard - SRG)",
            "catWqInfo": null,
            "mc": null,
            "sc": null,
            "cw": null,
            "wqYesNo": false,
            "distanceToOutlet": 0.0,
            "dwlrNo": null,
            "dwlrType": null,
            "transferSelected": false,
            "swNetworkType": null,
            "metNetworkType": 12,
            "wqNetworkType": null,
            "stationOperational": true,
            "bank": null,
            "swStationOwner": null,
            "metStationOwner": null,
            "wqStationOwner": null,
            "createdOn": null,
            "createdBy": null,
            "updatedOn": null,
            "updatedBy": null,
            "maxRainfallDate": "2015-12-31T08:30:00",
            "maxClimaticDate": null,
            "wimsCode": null
        },
        {
            "stationId": 121,
            "stationCode": "Sulebhavi(BGM)",
            "stationName": "Sulebhavi",
            "agencyId": 3,
            "stateId": 10,
            "districtId": 167,
            "tahsilId": 2419,
            "lat": "15°51'00\"",
            "longitude": "74°30'00\"",
            "refToposheetNo": "48I-9",
            "altitude": 805.45,
            "zeroRl": 0,
            "basinId": 7,
            "riverId": 21,
            "tributaryId": 182,
            "subTributaryId": null,
            "subSubTributaryId": null,
            "localRiverId": null,
            "catchmentArea": null,
            "regionalOfficeId": 12,
            "circleOfficeId": 19,
            "divisionalOfficeId": 54,
            "subDivisionalOfficeId": null,
            "sectionOfficeId": null,
            "ownerAgencyId": 3,
            "locationDetails": "P.H.C.Sulebhavi",
            "busStand": "Sulebhavi",
            "station": "Belgaum",
            "airport": "Sambra",
            "town": "Belgaum",
            "address": "P.H.C.Sulebhavi",
            "otherInformation": null,
            "stationSetup": "SRG",
            "accessibility": "Road",
            "stationHistory": null,
            "dateOfEstablishment": "1988-06-01T00:00:00",
            "dateOfClosure": null,
            "waterLevelManual": false,
            "waterLevelManualStart": null,
            "waterLevelManualEnd": null,
            "waterLevelAuto": false,
            "waterLevelAutoStart": null,
            "waterLevelAutoEnd": null,
            "discharge": false,
            "dischargeStart": null,
            "dischargeEnd": null,
            "dischargeCm": false,
            "dischargeCmStart": null,
            "dischargeCmEnd": null,
            "sediment": false,
            "sedimentStart": null,
            "sedimentEnd": null,
            "waterQuality": false,
            "waterQualityStart": null,
            "waterQualityEnd": null,
            "rainfallManual": true,
            "rainfallManualStart": "1988-06-01T00:00:00",
            "rainfallManualEnd": null,
            "rainfallAuto": false,
            "rainfallAutoStart": null,
            "rainfallAutoEnd": null,
            "climaticManual": false,
            "climaticManualStart": null,
            "climaticManualEnd": null,
            "climaticAuto": false,
            "climaticAutoStart": null,
            "climaticAutoEnd": null,
            "catDomain": false,
            "catDomainGw": false,
            "catMet": true,
            "catWq": false,
            "catDomainInfo": null,
            "catMetInfo": "Precipititation(Standard - SRG)",
            "catWqInfo": null,
            "mc": null,
            "sc": null,
            "cw": null,
            "wqYesNo": false,
            "distanceToOutlet": 0.0,
            "dwlrNo": null,
            "dwlrType": null,
            "transferSelected": false,
            "swNetworkType": null,
            "metNetworkType": 12,
            "wqNetworkType": null,
            "stationOperational": true,
            "bank": null,
            "swStationOwner": null,
            "metStationOwner": null,
            "wqStationOwner": null,
            "createdOn": null,
            "createdBy": null,
            "updatedOn": null,
            "updatedBy": null,
            "maxRainfallDate": "2015-12-31T08:30:00",
            "maxClimaticDate": null,
            "wimsCode": null
        },
        {
            "stationId": 26,
            "stationCode": "Chapoli (M)",
            "stationName": "Chapoli",
            "agencyId": 3,
            "stateId": 10,
            "districtId": 167,
            "tahsilId": 2423,
            "lat": "15°39'24\"",
            "longitude": "74°20'03\"",
            "refToposheetNo": "48I-10",
            "altitude": 762.0,
            "zeroRl": 0,
            "basinId": 15,
            "riverId": null,
            "tributaryId": null,
            "subTributaryId": null,
            "subSubTributaryId": null,
            "localRiverId": null,
            "catchmentArea": null,
            "regionalOfficeId": 12,
            "circleOfficeId": 19,
            "divisionalOfficeId": 54,
            "subDivisionalOfficeId": null,
            "sectionOfficeId": null,
            "ownerAgencyId": 3,
            "locationDetails": "Located in the Village Limit Chapoli",
            "busStand": "Khanapur",
            "station": "Belgaum",
            "airport": "Bombay",
            "town": "Belgaum",
            "address": "Village Limit Chapoli",
            "otherInformation": null,
            "stationSetup": "SRG",
            "accessibility": "By Road",
            "stationHistory": null,
            "dateOfEstablishment": "2064-01-01T00:00:00",
            "dateOfClosure": null,
            "waterLevelManual": false,
            "waterLevelManualStart": null,
            "waterLevelManualEnd": null,
            "waterLevelAuto": false,
            "waterLevelAutoStart": null,
            "waterLevelAutoEnd": null,
            "discharge": false,
            "dischargeStart": null,
            "dischargeEnd": null,
            "dischargeCm": false,
            "dischargeCmStart": null,
            "dischargeCmEnd": null,
            "sediment": false,
            "sedimentStart": null,
            "sedimentEnd": null,
            "waterQuality": false,
            "waterQualityStart": null,
            "waterQualityEnd": null,
            "rainfallManual": true,
            "rainfallManualStart": "2064-01-01T00:00:00",
            "rainfallManualEnd": null,
            "rainfallAuto": false,
            "rainfallAutoStart": null,
            "rainfallAutoEnd": null,
            "climaticManual": false,
            "climaticManualStart": null,
            "climaticManualEnd": null,
            "climaticAuto": false,
            "climaticAutoStart": null,
            "climaticAutoEnd": null,
            "catDomain": false,
            "catDomainGw": false,
            "catMet": true,
            "catWq": false,
            "catDomainInfo": null,
            "catMetInfo": "Precipititation(Standard - SRG)",
            "catWqInfo": null,
            "mc": null,
            "sc": null,
            "cw": null,
            "wqYesNo": false,
            "distanceToOutlet": null,
            "dwlrNo": null,
            "dwlrType": null,
            "transferSelected": false,
            "swNetworkType": null,
            "metNetworkType": 10,
            "wqNetworkType": null,
            "stationOperational": true,
            "bank": null,
            "swStationOwner": null,
            "metStationOwner": null,
            "wqStationOwner": null,
            "createdOn": null,
            "createdBy": null,
            "updatedOn": null,
            "updatedBy": null,
            "maxRainfallDate": "2015-12-31T08:30:00",
            "maxClimaticDate": null,
            "wimsCode": null
        },
        {
            "stationId": 58,
            "stationCode": "Jamgaon",
            "stationName": "Jamgaon",
            "agencyId": 3,
            "stateId": 10,
            "districtId": 167,
            "tahsilId": 2423,
            "lat": "15°33'24\"",
            "longitude": "74°22'59\"",
            "refToposheetNo": "48I-6",
            "altitude": 692.0,
            "zeroRl": 0,
            "basinId": 15,
            "riverId": null,
            "tributaryId": null,
            "subTributaryId": null,
            "subSubTributaryId": null,
            "localRiverId": null,
            "catchmentArea": null,
            "regionalOfficeId": 12,
            "circleOfficeId": 19,
            "divisionalOfficeId": 54,
            "subDivisionalOfficeId": null,
            "sectionOfficeId": null,
            "ownerAgencyId": 3,
            "locationDetails": "Located in the Village Limits Jamgaon",
            "busStand": "Khanapur",
            "station": "Belgaum",
            "airport": "Bombay",
            "town": "Belgaum",
            "address": "Village Limits Jamgaon",
            "otherInformation": null,
            "stationSetup": "SRG",
            "accessibility": "By Road",
            "stationHistory": null,
            "dateOfEstablishment": "2064-01-01T00:00:00",
            "dateOfClosure": null,
            "waterLevelManual": false,
            "waterLevelManualStart": null,
            "waterLevelManualEnd": null,
            "waterLevelAuto": false,
            "waterLevelAutoStart": null,
            "waterLevelAutoEnd": null,
            "discharge": false,
            "dischargeStart": null,
            "dischargeEnd": null,
            "dischargeCm": false,
            "dischargeCmStart": null,
            "dischargeCmEnd": null,
            "sediment": false,
            "sedimentStart": null,
            "sedimentEnd": null,
            "waterQuality": false,
            "waterQualityStart": null,
            "waterQualityEnd": null,
            "rainfallManual": true,
            "rainfallManualStart": "2064-01-01T00:00:00",
            "rainfallManualEnd": null,
            "rainfallAuto": false,
            "rainfallAutoStart": null,
            "rainfallAutoEnd": null,
            "climaticManual": false,
            "climaticManualStart": null,
            "climaticManualEnd": null,
            "climaticAuto": false,
            "climaticAutoStart": null,
            "climaticAutoEnd": null,
            "catDomain": false,
            "catDomainGw": false,
            "catMet": true,
            "catWq": false,
            "catDomainInfo": null,
            "catMetInfo": "Precipititation(Standard - SRG)",
            "catWqInfo": null,
            "mc": null,
            "sc": null,
            "cw": null,
            "wqYesNo": false,
            "distanceToOutlet": null,
            "dwlrNo": null,
            "dwlrType": null,
            "transferSelected": false,
            "swNetworkType": null,
            "metNetworkType": 10,
            "wqNetworkType": null,
            "stationOperational": true,
            "bank": null,
            "swStationOwner": null,
            "metStationOwner": null,
            "wqStationOwner": null,
            "createdOn": null,
            "createdBy": null,
            "updatedOn": null,
            "updatedBy": null,
            "maxRainfallDate": "2015-12-31T08:30:00",
            "maxClimaticDate": "2024-06-14T17:38:08.334",
            "wimsCode": null
        },
        {
            "stationId": 69,
            "stationCode": "Katageri",
            "stationName": "Katageri",
            "agencyId": 3,
            "stateId": 10,
            "districtId": 164,
            "tahsilId": 2393,
            "lat": "16°04'13\"",
            "longitude": "75°38'28\"",
            "refToposheetNo": "47P-12",
            "altitude": null,
            "zeroRl": 0,
            "basinId": 7,
            "riverId": 21,
            "tributaryId": null,
            "subTributaryId": null,
            "subSubTributaryId": null,
            "localRiverId": null,
            "catchmentArea": null,
            "regionalOfficeId": 12,
            "circleOfficeId": 19,
            "divisionalOfficeId": 54,
            "subDivisionalOfficeId": null,
            "sectionOfficeId": null,
            "ownerAgencyId": 3,
            "locationDetails": "Primary Health Centre",
            "busStand": "Katageri",
            "station": "Bagalkot",
            "airport": null,
            "town": null,
            "address": "Primary Health Centre, Katageri, PO_Katageri, Taluk_Badami, Dist_Bagalkot",
            "otherInformation": "The station is established in 04/12/1995",
            "stationSetup": "SRG",
            "accessibility": "By road",
            "stationHistory": null,
            "dateOfEstablishment": "1995-12-04T00:00:00",
            "dateOfClosure": null,
            "waterLevelManual": false,
            "waterLevelManualStart": null,
            "waterLevelManualEnd": null,
            "waterLevelAuto": false,
            "waterLevelAutoStart": null,
            "waterLevelAutoEnd": null,
            "discharge": false,
            "dischargeStart": null,
            "dischargeEnd": null,
            "dischargeCm": false,
            "dischargeCmStart": null,
            "dischargeCmEnd": null,
            "sediment": false,
            "sedimentStart": null,
            "sedimentEnd": null,
            "waterQuality": false,
            "waterQualityStart": null,
            "waterQualityEnd": null,
            "rainfallManual": true,
            "rainfallManualStart": "1995-12-04T00:00:00",
            "rainfallManualEnd": null,
            "rainfallAuto": false,
            "rainfallAutoStart": null,
            "rainfallAutoEnd": null,
            "climaticManual": false,
            "climaticManualStart": null,
            "climaticManualEnd": null,
            "climaticAuto": false,
            "climaticAutoStart": null,
            "climaticAutoEnd": null,
            "catDomain": false,
            "catDomainGw": false,
            "catMet": true,
            "catWq": false,
            "catDomainInfo": null,
            "catMetInfo": "Precipititation(Standard - SRG)",
            "catWqInfo": null,
            "mc": null,
            "sc": null,
            "cw": null,
            "wqYesNo": false,
            "distanceToOutlet": 0.0,
            "dwlrNo": null,
            "dwlrType": null,
            "transferSelected": false,
            "swNetworkType": null,
            "metNetworkType": 12,
            "wqNetworkType": null,
            "stationOperational": true,
            "bank": null,
            "swStationOwner": null,
            "metStationOwner": null,
            "wqStationOwner": null,
            "createdOn": null,
            "createdBy": null,
            "updatedOn": null,
            "updatedBy": null,
            "maxRainfallDate": "2015-12-31T08:30:00",
            "maxClimaticDate": null,
            "wimsCode": null
        },
        {
            "stationId": 108,
            "stationCode": "Rampur",
            "stationName": "Rampur",
            "agencyId": 3,
            "stateId": 10,
            "districtId": 164,
            "tahsilId": 2394,
            "lat": "16°18'04\"",
            "longitude": "75°30'05\"",
            "refToposheetNo": "47P-15",
            "altitude": null,
            "zeroRl": 0,
            "basinId": 7,
            "riverId": 21,
            "tributaryId": null,
            "subTributaryId": null,
            "subSubTributaryId": null,
            "localRiverId": null,
            "catchmentArea": null,
            "regionalOfficeId": 12,
            "circleOfficeId": 19,
            "divisionalOfficeId": 54,
            "subDivisionalOfficeId": null,
            "sectionOfficeId": null,
            "ownerAgencyId": 3,
            "locationDetails": "Primary Health Centre Premises",
            "busStand": "Rampur",
            "station": "Kudal Sangam Road",
            "airport": null,
            "town": "Bagalkot",
            "address": "Primary Health Centre, Rampur    Post : Rampur,  Taluk: Bagalkot,  Dist: Bagalkot",
            "otherInformation": "The station is established in 1987",
            "stationSetup": "SRG",
            "accessibility": "By road, railway",
            "stationHistory": "The station is established in 1987",
            "dateOfEstablishment": "1987-01-01T00:00:00",
            "dateOfClosure": null,
            "waterLevelManual": false,
            "waterLevelManualStart": null,
            "waterLevelManualEnd": null,
            "waterLevelAuto": false,
            "waterLevelAutoStart": null,
            "waterLevelAutoEnd": null,
            "discharge": false,
            "dischargeStart": null,
            "dischargeEnd": null,
            "dischargeCm": false,
            "dischargeCmStart": null,
            "dischargeCmEnd": null,
            "sediment": false,
            "sedimentStart": null,
            "sedimentEnd": null,
            "waterQuality": false,
            "waterQualityStart": null,
            "waterQualityEnd": null,
            "rainfallManual": true,
            "rainfallManualStart": "1987-01-01T00:00:00",
            "rainfallManualEnd": null,
            "rainfallAuto": false,
            "rainfallAutoStart": null,
            "rainfallAutoEnd": null,
            "climaticManual": false,
            "climaticManualStart": null,
            "climaticManualEnd": null,
            "climaticAuto": false,
            "climaticAutoStart": null,
            "climaticAutoEnd": null,
            "catDomain": false,
            "catDomainGw": false,
            "catMet": true,
            "catWq": false,
            "catDomainInfo": null,
            "catMetInfo": "Precipititation(Standard - SRG)",
            "catWqInfo": null,
            "mc": null,
            "sc": null,
            "cw": null,
            "wqYesNo": false,
            "distanceToOutlet": 0.0,
            "dwlrNo": null,
            "dwlrType": null,
            "transferSelected": false,
            "swNetworkType": null,
            "metNetworkType": 12,
            "wqNetworkType": null,
            "stationOperational": true,
            "bank": null,
            "swStationOwner": null,
            "metStationOwner": null,
            "wqStationOwner": null,
            "createdOn": null,
            "createdBy": null,
            "updatedOn": null,
            "updatedBy": null,
            "maxRainfallDate": "2015-12-31T08:30:00",
            "maxClimaticDate": null,
            "wimsCode": null
        },
        {
            "stationId": 86,
            "stationCode": "Mahalingpur",
            "stationName": "Mahalingpur",
            "agencyId": 3,
            "stateId": 10,
            "districtId": 164,
            "tahsilId": 2401,
            "lat": "16°24'00\"",
            "longitude": "75°06'35\"",
            "refToposheetNo": null,
            "altitude": 577.6,
            "zeroRl": 0,
            "basinId": 7,
            "riverId": 21,
            "tributaryId": null,
            "subTributaryId": null,
            "subSubTributaryId": null,
            "localRiverId": null,
            "catchmentArea": null,
            "regionalOfficeId": 12,
            "circleOfficeId": 19,
            "divisionalOfficeId": 54,
            "subDivisionalOfficeId": null,
            "sectionOfficeId": null,
            "ownerAgencyId": 3,
            "locationDetails": "GLBC Colony. Mahaligapur.",
            "busStand": "Mahalingapur.",
            "station": "Kudachi.",
            "airport": "Huballi",
            "town": "Mudhol.",
            "address": "GLBC Colony, Mahalingapur.",
            "otherInformation": null,
            "stationSetup": "FCS",
            "accessibility": "By road.",
            "stationHistory": null,
            "dateOfEstablishment": "1987-01-01T00:00:00",
            "dateOfClosure": null,
            "waterLevelManual": false,
            "waterLevelManualStart": null,
            "waterLevelManualEnd": null,
            "waterLevelAuto": false,
            "waterLevelAutoStart": null,
            "waterLevelAutoEnd": null,
            "discharge": false,
            "dischargeStart": null,
            "dischargeEnd": null,
            "dischargeCm": false,
            "dischargeCmStart": null,
            "dischargeCmEnd": null,
            "sediment": false,
            "sedimentStart": null,
            "sedimentEnd": null,
            "waterQuality": false,
            "waterQualityStart": null,
            "waterQualityEnd": null,
            "rainfallManual": true,
            "rainfallManualStart": "1987-01-01T00:00:00",
            "rainfallManualEnd": null,
            "rainfallAuto": true,
            "rainfallAutoStart": "1987-01-01T00:00:00",
            "rainfallAutoEnd": null,
            "climaticManual": true,
            "climaticManualStart": "1987-01-01T00:00:00",
            "climaticManualEnd": null,
            "climaticAuto": true,
            "climaticAutoStart": "1987-01-01T00:00:00",
            "climaticAutoEnd": null,
            "catDomain": false,
            "catDomainGw": false,
            "catMet": true,
            "catWq": false,
            "catDomainInfo": null,
            "catMetInfo": "Ordinary Climatological (Class II - FCS:HP)",
            "catWqInfo": null,
            "mc": null,
            "sc": null,
            "cw": null,
            "wqYesNo": false,
            "distanceToOutlet": 0.0,
            "dwlrNo": null,
            "dwlrType": null,
            "transferSelected": false,
            "swNetworkType": null,
            "metNetworkType": 12,
            "wqNetworkType": null,
            "stationOperational": true,
            "bank": null,
            "swStationOwner": null,
            "metStationOwner": null,
            "wqStationOwner": null,
            "createdOn": null,
            "createdBy": null,
            "updatedOn": null,
            "updatedBy": null,
            "maxRainfallDate": "2015-12-31T08:30:00",
            "maxClimaticDate": "2015-12-31T17:30:00",
            "wimsCode": null
        },
        {
            "stationId": 134,
            "stationCode": "Madhurakhandi",
            "stationName": "Madhurakhandi",
            "agencyId": 3,
            "stateId": 10,
            "districtId": 164,
            "tahsilId": 2401,
            "lat": "16°30'00\"",
            "longitude": "75°15'00\"",
            "refToposheetNo": null,
            "altitude": 563.88,
            "zeroRl": 0,
            "basinId": 7,
            "riverId": 21,
            "tributaryId": null,
            "subTributaryId": null,
            "subSubTributaryId": null,
            "localRiverId": null,
            "catchmentArea": null,
            "regionalOfficeId": 12,
            "circleOfficeId": 19,
            "divisionalOfficeId": 54,
            "subDivisionalOfficeId": null,
            "sectionOfficeId": null,
            "ownerAgencyId": 3,
            "locationDetails": "Seed form Madurakhandi.",
            "busStand": "Madhurakhandi.",
            "station": "Kudachi.",
            "airport": "Huballi.",
            "town": "Jamakhandi.",
            "address": "Seed form Madurakhandi.",
            "otherInformation": null,
            "stationSetup": "SRG",
            "accessibility": "By road.",
            "stationHistory": null,
            "dateOfEstablishment": null,
            "dateOfClosure": null,
            "waterLevelManual": false,
            "waterLevelManualStart": null,
            "waterLevelManualEnd": null,
            "waterLevelAuto": false,
            "waterLevelAutoStart": null,
            "waterLevelAutoEnd": null,
            "discharge": false,
            "dischargeStart": null,
            "dischargeEnd": null,
            "dischargeCm": false,
            "dischargeCmStart": null,
            "dischargeCmEnd": null,
            "sediment": false,
            "sedimentStart": null,
            "sedimentEnd": null,
            "waterQuality": false,
            "waterQualityStart": null,
            "waterQualityEnd": null,
            "rainfallManual": true,
            "rainfallManualStart": "1987-01-01T00:00:00",
            "rainfallManualEnd": null,
            "rainfallAuto": false,
            "rainfallAutoStart": null,
            "rainfallAutoEnd": null,
            "climaticManual": false,
            "climaticManualStart": null,
            "climaticManualEnd": null,
            "climaticAuto": false,
            "climaticAutoStart": null,
            "climaticAutoEnd": null,
            "catDomain": false,
            "catDomainGw": false,
            "catMet": true,
            "catWq": false,
            "catDomainInfo": null,
            "catMetInfo": "Precipititation(Standard - SRG)",
            "catWqInfo": null,
            "mc": null,
            "sc": null,
            "cw": null,
            "wqYesNo": false,
            "distanceToOutlet": 0.0,
            "dwlrNo": null,
            "dwlrType": null,
            "transferSelected": false,
            "swNetworkType": null,
            "metNetworkType": 12,
            "wqNetworkType": null,
            "stationOperational": true,
            "bank": null,
            "swStationOwner": null,
            "metStationOwner": null,
            "wqStationOwner": null,
            "createdOn": null,
            "createdBy": null,
            "updatedOn": null,
            "updatedBy": null,
            "maxRainfallDate": "2015-12-31T08:30:00",
            "maxClimaticDate": null,
            "wimsCode": null
        },
        {
            "stationId": 85,
            "stationCode": "Madabhavi",
            "stationName": "Madabhavi",
            "agencyId": 3,
            "stateId": 10,
            "districtId": 167,
            "tahsilId": 2416,
            "lat": "16°48'16\"",
            "longitude": "74°57'28\"",
            "refToposheetNo": "47L-13",
            "altitude": 568.0,
            "zeroRl": 0,
            "basinId": 7,
            "riverId": 21,
            "tributaryId": null,
            "subTributaryId": null,
            "subSubTributaryId": null,
            "localRiverId": null,
            "catchmentArea": null,
            "regionalOfficeId": 12,
            "circleOfficeId": 19,
            "divisionalOfficeId": 54,
            "subDivisionalOfficeId": null,
            "sectionOfficeId": null,
            "ownerAgencyId": 3,
            "locationDetails": "Primary Health Centre premises",
            "busStand": "Madabhavi",
            "station": "Shedbal",
            "airport": "Bombay",
            "town": "Atani",
            "address": "Primary Health Centre, Madabhavi,  PO_Madabhavi,  Taluk_Athani,  Dist_Belgaum",
            "otherInformation": null,
            "stationSetup": "SRG",
            "accessibility": "By road",
            "stationHistory": null,
            "dateOfEstablishment": "1987-01-01T00:00:00",
            "dateOfClosure": null,
            "waterLevelManual": false,
            "waterLevelManualStart": null,
            "waterLevelManualEnd": null,
            "waterLevelAuto": false,
            "waterLevelAutoStart": null,
            "waterLevelAutoEnd": null,
            "discharge": false,
            "dischargeStart": null,
            "dischargeEnd": null,
            "dischargeCm": false,
            "dischargeCmStart": null,
            "dischargeCmEnd": null,
            "sediment": false,
            "sedimentStart": null,
            "sedimentEnd": null,
            "waterQuality": false,
            "waterQualityStart": null,
            "waterQualityEnd": null,
            "rainfallManual": true,
            "rainfallManualStart": "1987-01-01T00:00:00",
            "rainfallManualEnd": null,
            "rainfallAuto": false,
            "rainfallAutoStart": null,
            "rainfallAutoEnd": null,
            "climaticManual": false,
            "climaticManualStart": null,
            "climaticManualEnd": null,
            "climaticAuto": false,
            "climaticAutoStart": null,
            "climaticAutoEnd": null,
            "catDomain": false,
            "catDomainGw": false,
            "catMet": true,
            "catWq": false,
            "catDomainInfo": null,
            "catMetInfo": "Precipititation(Standard - SRG)",
            "catWqInfo": null,
            "mc": null,
            "sc": null,
            "cw": null,
            "wqYesNo": false,
            "distanceToOutlet": 0.0,
            "dwlrNo": null,
            "dwlrType": null,
            "transferSelected": false,
            "swNetworkType": null,
            "metNetworkType": 12,
            "wqNetworkType": null,
            "stationOperational": true,
            "bank": null,
            "swStationOwner": null,
            "metStationOwner": null,
            "wqStationOwner": null,
            "createdOn": null,
            "createdBy": null,
            "updatedOn": null,
            "updatedBy": null,
            "maxRainfallDate": "2015-12-31T08:30:00",
            "maxClimaticDate": null,
            "wimsCode": null
        },
        {
            "stationId": 125,
            "stationCode": "Telsang",
            "stationName": "Telsang",
            "agencyId": 3,
            "stateId": 10,
            "districtId": 167,
            "tahsilId": 2416,
            "lat": "16°46'30\"",
            "longitude": "75°20'28\"",
            "refToposheetNo": "47P-5",
            "altitude": null,
            "zeroRl": 0,
            "basinId": 7,
            "riverId": 21,
            "tributaryId": null,
            "subTributaryId": null,
            "subSubTributaryId": null,
            "localRiverId": null,
            "catchmentArea": null,
            "regionalOfficeId": 12,
            "circleOfficeId": 19,
            "divisionalOfficeId": 54,
            "subDivisionalOfficeId": null,
            "sectionOfficeId": null,
            "ownerAgencyId": 3,
            "locationDetails": "PWD Stores, Telsang Cross, Telsang",
            "busStand": "Telsang",
            "station": "Bijapur",
            "airport": "Bombay",
            "town": "Athani",
            "address": "PWD Stores, Telsang Cross, Telsang,  PO_Telsang,   Taluk_Athani,  Dist_Belgaum",
            "otherInformation": null,
            "stationSetup": "SRG",
            "accessibility": "By road",
            "stationHistory": null,
            "dateOfEstablishment": "1987-01-01T00:00:00",
            "dateOfClosure": null,
            "waterLevelManual": false,
            "waterLevelManualStart": null,
            "waterLevelManualEnd": null,
            "waterLevelAuto": false,
            "waterLevelAutoStart": null,
            "waterLevelAutoEnd": null,
            "discharge": false,
            "dischargeStart": null,
            "dischargeEnd": null,
            "dischargeCm": false,
            "dischargeCmStart": null,
            "dischargeCmEnd": null,
            "sediment": false,
            "sedimentStart": null,
            "sedimentEnd": null,
            "waterQuality": false,
            "waterQualityStart": null,
            "waterQualityEnd": null,
            "rainfallManual": true,
            "rainfallManualStart": "1987-01-01T00:00:00",
            "rainfallManualEnd": null,
            "rainfallAuto": false,
            "rainfallAutoStart": null,
            "rainfallAutoEnd": null,
            "climaticManual": false,
            "climaticManualStart": null,
            "climaticManualEnd": null,
            "climaticAuto": false,
            "climaticAutoStart": null,
            "climaticAutoEnd": null,
            "catDomain": false,
            "catDomainGw": false,
            "catMet": true,
            "catWq": false,
            "catDomainInfo": null,
            "catMetInfo": "Precipititation(Standard - SRG)",
            "catWqInfo": null,
            "mc": null,
            "sc": null,
            "cw": null,
            "wqYesNo": false,
            "distanceToOutlet": 0.0,
            "dwlrNo": null,
            "dwlrType": null,
            "transferSelected": false,
            "swNetworkType": null,
            "metNetworkType": 12,
            "wqNetworkType": null,
            "stationOperational": true,
            "bank": null,
            "swStationOwner": null,
            "metStationOwner": null,
            "wqStationOwner": null,
            "createdOn": null,
            "createdBy": null,
            "updatedOn": null,
            "updatedBy": null,
            "maxRainfallDate": "2015-12-31T08:30:00",
            "maxClimaticDate": null,
            "wimsCode": null
        },
        {
            "stationId": 129,
            "stationCode": "Ugar_Khurd",
            "stationName": "Ugar_Khurd",
            "agencyId": 3,
            "stateId": 10,
            "districtId": 167,
            "tahsilId": 2416,
            "lat": "16°39'24\"",
            "longitude": "74°49'03\"",
            "refToposheetNo": "47P-14",
            "altitude": null,
            "zeroRl": 0,
            "basinId": 7,
            "riverId": 21,
            "tributaryId": null,
            "subTributaryId": null,
            "subSubTributaryId": null,
            "localRiverId": null,
            "catchmentArea": null,
            "regionalOfficeId": 12,
            "circleOfficeId": 19,
            "divisionalOfficeId": 54,
            "subDivisionalOfficeId": null,
            "sectionOfficeId": null,
            "ownerAgencyId": 3,
            "locationDetails": "PWD Colony",
            "busStand": "Ugar_Khurd",
            "station": "Shedbal",
            "airport": "Bombay",
            "town": "Athani",
            "address": "PWD Colony, Ugar Khurd,  PO_Ugar Khurd,  Taluk_Athani, Dist_Belgaum",
            "otherInformation": null,
            "stationSetup": "SRG",
            "accessibility": "By road",
            "stationHistory": null,
            "dateOfEstablishment": "1987-01-01T00:00:00",
            "dateOfClosure": null,
            "waterLevelManual": false,
            "waterLevelManualStart": null,
            "waterLevelManualEnd": null,
            "waterLevelAuto": false,
            "waterLevelAutoStart": null,
            "waterLevelAutoEnd": null,
            "discharge": false,
            "dischargeStart": null,
            "dischargeEnd": null,
            "dischargeCm": false,
            "dischargeCmStart": null,
            "dischargeCmEnd": null,
            "sediment": false,
            "sedimentStart": null,
            "sedimentEnd": null,
            "waterQuality": false,
            "waterQualityStart": null,
            "waterQualityEnd": null,
            "rainfallManual": true,
            "rainfallManualStart": "1987-01-01T00:00:00",
            "rainfallManualEnd": null,
            "rainfallAuto": false,
            "rainfallAutoStart": null,
            "rainfallAutoEnd": null,
            "climaticManual": false,
            "climaticManualStart": null,
            "climaticManualEnd": null,
            "climaticAuto": false,
            "climaticAutoStart": null,
            "climaticAutoEnd": null,
            "catDomain": false,
            "catDomainGw": false,
            "catMet": true,
            "catWq": false,
            "catDomainInfo": null,
            "catMetInfo": "Precipititation(Standard - SRG)",
            "catWqInfo": null,
            "mc": null,
            "sc": null,
            "cw": null,
            "wqYesNo": false,
            "distanceToOutlet": 0.0,
            "dwlrNo": null,
            "dwlrType": null,
            "transferSelected": false,
            "swNetworkType": null,
            "metNetworkType": 12,
            "wqNetworkType": null,
            "stationOperational": true,
            "bank": null,
            "swStationOwner": null,
            "metStationOwner": null,
            "wqStationOwner": null,
            "createdOn": null,
            "createdBy": null,
            "updatedOn": null,
            "updatedBy": null,
            "maxRainfallDate": "2015-12-31T08:30:00",
            "maxClimaticDate": "2024-06-14T17:38:08.334",
            "wimsCode": null
        },
        {
            "stationId": 68,
            "stationCode": "Karadi",
            "stationName": "Karadi",
            "agencyId": 3,
            "stateId": 10,
            "districtId": 164,
            "tahsilId": 2398,
            "lat": "16°05'35\"",
            "longitude": "76°12'28\"",
            "refToposheetNo": "56D-4",
            "altitude": null,
            "zeroRl": 0,
            "basinId": 7,
            "riverId": 21,
            "tributaryId": null,
            "subTributaryId": null,
            "subSubTributaryId": null,
            "localRiverId": null,
            "catchmentArea": null,
            "regionalOfficeId": 12,
            "circleOfficeId": 19,
            "divisionalOfficeId": 54,
            "subDivisionalOfficeId": null,
            "sectionOfficeId": null,
            "ownerAgencyId": 3,
            "locationDetails": "Primary Health Centre Premises",
            "busStand": "Karadi",
            "station": "Bagalkot",
            "airport": null,
            "town": "Hungund",
            "address": "Primary Health Centre, Karadi, PO_Karadi, Taluk_Hungund,    Dist_Bagalkot",
            "otherInformation": null,
            "stationSetup": "SRG",
            "accessibility": "By road",
            "stationHistory": null,
            "dateOfEstablishment": "1987-01-01T00:00:00",
            "dateOfClosure": null,
            "waterLevelManual": false,
            "waterLevelManualStart": null,
            "waterLevelManualEnd": null,
            "waterLevelAuto": false,
            "waterLevelAutoStart": null,
            "waterLevelAutoEnd": null,
            "discharge": false,
            "dischargeStart": null,
            "dischargeEnd": null,
            "dischargeCm": false,
            "dischargeCmStart": null,
            "dischargeCmEnd": null,
            "sediment": false,
            "sedimentStart": null,
            "sedimentEnd": null,
            "waterQuality": false,
            "waterQualityStart": null,
            "waterQualityEnd": null,
            "rainfallManual": true,
            "rainfallManualStart": "1987-01-01T00:00:00",
            "rainfallManualEnd": null,
            "rainfallAuto": false,
            "rainfallAutoStart": null,
            "rainfallAutoEnd": null,
            "climaticManual": false,
            "climaticManualStart": null,
            "climaticManualEnd": null,
            "climaticAuto": false,
            "climaticAutoStart": null,
            "climaticAutoEnd": null,
            "catDomain": false,
            "catDomainGw": false,
            "catMet": true,
            "catWq": false,
            "catDomainInfo": null,
            "catMetInfo": "Precipititation(Standard - SRG)",
            "catWqInfo": null,
            "mc": null,
            "sc": null,
            "cw": null,
            "wqYesNo": false,
            "distanceToOutlet": 0.0,
            "dwlrNo": null,
            "dwlrType": null,
            "transferSelected": false,
            "swNetworkType": null,
            "metNetworkType": 12,
            "wqNetworkType": null,
            "stationOperational": true,
            "bank": null,
            "swStationOwner": null,
            "metStationOwner": null,
            "wqStationOwner": null,
            "createdOn": null,
            "createdBy": null,
            "updatedOn": null,
            "updatedBy": null,
            "maxRainfallDate": "2015-12-31T08:30:00",
            "maxClimaticDate": null,
            "wimsCode": null
        },
        {
            "stationId": 73,
            "stationCode": "Khotanatti",
            "stationName": "Khotanatti",
            "agencyId": 3,
            "stateId": 10,
            "districtId": 167,
            "tahsilId": 2416,
            "lat": "16°44'51\"",
            "longitude": "75°12'11\"",
            "refToposheetNo": "47P-2",
            "altitude": null,
            "zeroRl": 0,
            "basinId": 7,
            "riverId": 21,
            "tributaryId": null,
            "subTributaryId": null,
            "subSubTributaryId": null,
            "localRiverId": null,
            "catchmentArea": null,
            "regionalOfficeId": 12,
            "circleOfficeId": 19,
            "divisionalOfficeId": 54,
            "subDivisionalOfficeId": null,
            "sectionOfficeId": null,
            "ownerAgencyId": 3,
            "locationDetails": "PWD Stores premises",
            "busStand": "Khotanatti",
            "station": "Bijapur",
            "airport": "Bombay",
            "town": "Athani",
            "address": "PWD Stores, Khotanatti, PO_Kokatanur",
            "otherInformation": null,
            "stationSetup": "SRG",
            "accessibility": "By road",
            "stationHistory": null,
            "dateOfEstablishment": "1987-01-01T00:00:00",
            "dateOfClosure": null,
            "waterLevelManual": false,
            "waterLevelManualStart": null,
            "waterLevelManualEnd": null,
            "waterLevelAuto": false,
            "waterLevelAutoStart": null,
            "waterLevelAutoEnd": null,
            "discharge": false,
            "dischargeStart": null,
            "dischargeEnd": null,
            "dischargeCm": false,
            "dischargeCmStart": null,
            "dischargeCmEnd": null,
            "sediment": false,
            "sedimentStart": null,
            "sedimentEnd": null,
            "waterQuality": false,
            "waterQualityStart": null,
            "waterQualityEnd": null,
            "rainfallManual": true,
            "rainfallManualStart": "1987-01-01T00:00:00",
            "rainfallManualEnd": null,
            "rainfallAuto": false,
            "rainfallAutoStart": null,
            "rainfallAutoEnd": null,
            "climaticManual": false,
            "climaticManualStart": null,
            "climaticManualEnd": null,
            "climaticAuto": false,
            "climaticAutoStart": null,
            "climaticAutoEnd": null,
            "catDomain": false,
            "catDomainGw": false,
            "catMet": true,
            "catWq": false,
            "catDomainInfo": null,
            "catMetInfo": "Precipititation(Standard - SRG)",
            "catWqInfo": null,
            "mc": null,
            "sc": null,
            "cw": null,
            "wqYesNo": false,
            "distanceToOutlet": 0.0,
            "dwlrNo": null,
            "dwlrType": null,
            "transferSelected": false,
            "swNetworkType": null,
            "metNetworkType": 12,
            "wqNetworkType": null,
            "stationOperational": true,
            "bank": null,
            "swStationOwner": null,
            "metStationOwner": null,
            "wqStationOwner": null,
            "createdOn": null,
            "createdBy": null,
            "updatedOn": null,
            "updatedBy": null,
            "maxRainfallDate": "2015-12-31T08:30:00",
            "maxClimaticDate": null,
            "wimsCode": null
        },
        {
            "stationId": 114,
            "stationCode": "Satti",
            "stationName": "Satti",
            "agencyId": 3,
            "stateId": 10,
            "districtId": 167,
            "tahsilId": 2416,
            "lat": null,
            "longitude": null,
            "refToposheetNo": "47P-2",
            "altitude": null,
            "zeroRl": 0,
            "basinId": 7,
            "riverId": 21,
            "tributaryId": null,
            "subTributaryId": null,
            "subSubTributaryId": null,
            "localRiverId": null,
            "catchmentArea": null,
            "regionalOfficeId": 12,
            "circleOfficeId": 19,
            "divisionalOfficeId": 54,
            "subDivisionalOfficeId": null,
            "sectionOfficeId": null,
            "ownerAgencyId": 3,
            "locationDetails": "Primary Health Centre premises",
            "busStand": "Satti",
            "station": "Bijapur",
            "airport": "Bombay",
            "town": "Athani",
            "address": "Primary Health Centre, Satti,  PO_Satti,  Taluk_Athani,  Dist_Belgaum",
            "otherInformation": null,
            "stationSetup": "SRG",
            "accessibility": "By road",
            "stationHistory": null,
            "dateOfEstablishment": "1987-01-01T00:00:00",
            "dateOfClosure": null,
            "waterLevelManual": false,
            "waterLevelManualStart": null,
            "waterLevelManualEnd": null,
            "waterLevelAuto": false,
            "waterLevelAutoStart": null,
            "waterLevelAutoEnd": null,
            "discharge": false,
            "dischargeStart": null,
            "dischargeEnd": null,
            "dischargeCm": false,
            "dischargeCmStart": null,
            "dischargeCmEnd": null,
            "sediment": false,
            "sedimentStart": null,
            "sedimentEnd": null,
            "waterQuality": false,
            "waterQualityStart": null,
            "waterQualityEnd": null,
            "rainfallManual": true,
            "rainfallManualStart": "1987-01-01T00:00:00",
            "rainfallManualEnd": null,
            "rainfallAuto": false,
            "rainfallAutoStart": null,
            "rainfallAutoEnd": null,
            "climaticManual": false,
            "climaticManualStart": null,
            "climaticManualEnd": null,
            "climaticAuto": false,
            "climaticAutoStart": null,
            "climaticAutoEnd": null,
            "catDomain": false,
            "catDomainGw": false,
            "catMet": true,
            "catWq": false,
            "catDomainInfo": null,
            "catMetInfo": "Precipititation(Standard - SRG)",
            "catWqInfo": null,
            "mc": null,
            "sc": null,
            "cw": null,
            "wqYesNo": false,
            "distanceToOutlet": 0.0,
            "dwlrNo": null,
            "dwlrType": null,
            "transferSelected": false,
            "swNetworkType": null,
            "metNetworkType": 12,
            "wqNetworkType": null,
            "stationOperational": true,
            "bank": null,
            "swStationOwner": null,
            "metStationOwner": null,
            "wqStationOwner": null,
            "createdOn": null,
            "createdBy": null,
            "updatedOn": null,
            "updatedBy": null,
            "maxRainfallDate": "2015-12-31T08:30:00",
            "maxClimaticDate": null,
            "wimsCode": null
        },
        {
            "stationId": 59,
            "stationCode": "Jodatti",
            "stationName": "Jodatti",
            "agencyId": 3,
            "stateId": 10,
            "districtId": 167,
            "tahsilId": 2420,
            "lat": "16°24'00\"",
            "longitude": "74°46'00\"",
            "refToposheetNo": "47L-15",
            "altitude": 624.84,
            "zeroRl": 0,
            "basinId": 7,
            "riverId": 21,
            "tributaryId": 181,
            "subTributaryId": null,
            "subSubTributaryId": null,
            "localRiverId": 263,
            "catchmentArea": null,
            "regionalOfficeId": 12,
            "circleOfficeId": 19,
            "divisionalOfficeId": 54,
            "subDivisionalOfficeId": null,
            "sectionOfficeId": null,
            "ownerAgencyId": 3,
            "locationDetails": "PWD Store Jodatti",
            "busStand": "Jodatti",
            "station": null,
            "airport": null,
            "town": null,
            "address": "PWD Store Jodatti",
            "otherInformation": null,
            "stationSetup": "SRG",
            "accessibility": "Road",
            "stationHistory": null,
            "dateOfEstablishment": "1988-06-01T00:00:00",
            "dateOfClosure": null,
            "waterLevelManual": false,
            "waterLevelManualStart": null,
            "waterLevelManualEnd": null,
            "waterLevelAuto": false,
            "waterLevelAutoStart": null,
            "waterLevelAutoEnd": null,
            "discharge": false,
            "dischargeStart": null,
            "dischargeEnd": null,
            "dischargeCm": false,
            "dischargeCmStart": null,
            "dischargeCmEnd": null,
            "sediment": false,
            "sedimentStart": null,
            "sedimentEnd": null,
            "waterQuality": false,
            "waterQualityStart": null,
            "waterQualityEnd": null,
            "rainfallManual": true,
            "rainfallManualStart": "1988-06-01T00:00:00",
            "rainfallManualEnd": null,
            "rainfallAuto": false,
            "rainfallAutoStart": null,
            "rainfallAutoEnd": null,
            "climaticManual": false,
            "climaticManualStart": null,
            "climaticManualEnd": null,
            "climaticAuto": false,
            "climaticAutoStart": null,
            "climaticAutoEnd": null,
            "catDomain": false,
            "catDomainGw": false,
            "catMet": true,
            "catWq": false,
            "catDomainInfo": null,
            "catMetInfo": "Precipititation(Standard - SRG)",
            "catWqInfo": null,
            "mc": null,
            "sc": null,
            "cw": null,
            "wqYesNo": false,
            "distanceToOutlet": 0.0,
            "dwlrNo": null,
            "dwlrType": null,
            "transferSelected": false,
            "swNetworkType": null,
            "metNetworkType": 12,
            "wqNetworkType": null,
            "stationOperational": true,
            "bank": null,
            "swStationOwner": null,
            "metStationOwner": null,
            "wqStationOwner": null,
            "createdOn": null,
            "createdBy": null,
            "updatedOn": null,
            "updatedBy": null,
            "maxRainfallDate": "2015-12-31T08:30:00",
            "maxClimaticDate": null,
            "wimsCode": null
        },
        {
            "stationId": 133,
            "stationCode": "Zalki",
            "stationName": "Zalki",
            "agencyId": 3,
            "stateId": 10,
            "districtId": 170,
            "tahsilId": 2448,
            "lat": "17°15'16\"",
            "longitude": "75°48'20\"",
            "refToposheetNo": "47O-15",
            "altitude": 488.6,
            "zeroRl": 0,
            "basinId": 7,
            "riverId": 21,
            "tributaryId": null,
            "subTributaryId": null,
            "subSubTributaryId": null,
            "localRiverId": 265,
            "catchmentArea": null,
            "regionalOfficeId": 12,
            "circleOfficeId": 19,
            "divisionalOfficeId": 54,
            "subDivisionalOfficeId": null,
            "sectionOfficeId": null,
            "ownerAgencyId": 3,
            "locationDetails": "Located in Upper Krishna Camp Zalki",
            "busStand": "Indi",
            "station": "Bijapur",
            "airport": "Bombay",
            "town": "Bijapur",
            "address": "Upper Krishna Camp Zalki",
            "otherInformation": null,
            "stationSetup": "FCS",
            "accessibility": "By Road",
            "stationHistory": null,
            "dateOfEstablishment": "1983-01-01T00:00:00",
            "dateOfClosure": null,
            "waterLevelManual": false,
            "waterLevelManualStart": null,
            "waterLevelManualEnd": null,
            "waterLevelAuto": false,
            "waterLevelAutoStart": null,
            "waterLevelAutoEnd": null,
            "discharge": false,
            "dischargeStart": null,
            "dischargeEnd": null,
            "dischargeCm": false,
            "dischargeCmStart": null,
            "dischargeCmEnd": null,
            "sediment": false,
            "sedimentStart": null,
            "sedimentEnd": null,
            "waterQuality": false,
            "waterQualityStart": null,
            "waterQualityEnd": null,
            "rainfallManual": true,
            "rainfallManualStart": "1983-01-01T00:00:00",
            "rainfallManualEnd": null,
            "rainfallAuto": true,
            "rainfallAutoStart": "1989-01-01T00:00:00",
            "rainfallAutoEnd": null,
            "climaticManual": true,
            "climaticManualStart": "1989-01-01T00:00:00",
            "climaticManualEnd": null,
            "climaticAuto": true,
            "climaticAutoStart": "1989-01-01T00:00:00",
            "climaticAutoEnd": null,
            "catDomain": false,
            "catDomainGw": false,
            "catMet": true,
            "catWq": false,
            "catDomainInfo": null,
            "catMetInfo": "Ordinary Climatological (Class II - FCS:HP)",
            "catWqInfo": null,
            "mc": null,
            "sc": null,
            "cw": null,
            "wqYesNo": false,
            "distanceToOutlet": null,
            "dwlrNo": null,
            "dwlrType": null,
            "transferSelected": false,
            "swNetworkType": null,
            "metNetworkType": 10,
            "wqNetworkType": null,
            "stationOperational": true,
            "bank": null,
            "swStationOwner": null,
            "metStationOwner": null,
            "wqStationOwner": null,
            "createdOn": null,
            "createdBy": null,
            "updatedOn": null,
            "updatedBy": null,
            "maxRainfallDate": "2015-12-31T08:30:00",
            "maxClimaticDate": "2015-12-31T17:30:00",
            "wimsCode": null
        },
        {
            "stationId": 117,
            "stationCode": "Shedbal",
            "stationName": "Shedbal",
            "agencyId": 3,
            "stateId": 10,
            "districtId": 167,
            "tahsilId": 2416,
            "lat": "16°42'57\"",
            "longitude": "74°45'00\"",
            "refToposheetNo": "47L-14",
            "altitude": 594.36,
            "zeroRl": 0,
            "basinId": 7,
            "riverId": 21,
            "tributaryId": null,
            "subTributaryId": null,
            "subSubTributaryId": null,
            "localRiverId": 264,
            "catchmentArea": null,
            "regionalOfficeId": 12,
            "circleOfficeId": 19,
            "divisionalOfficeId": 54,
            "subDivisionalOfficeId": null,
            "sectionOfficeId": null,
            "ownerAgencyId": 3,
            "locationDetails": "Located in Inspection Bunglow premises Shedbal",
            "busStand": "Athani",
            "station": "Belgaum",
            "airport": "Bombay",
            "town": "Belgaum",
            "address": "Inspection Bunglow premises Shedbal",
            "otherInformation": null,
            "stationSetup": "SRG",
            "accessibility": "By Road",
            "stationHistory": null,
            "dateOfEstablishment": "2060-01-01T00:00:00",
            "dateOfClosure": null,
            "waterLevelManual": false,
            "waterLevelManualStart": null,
            "waterLevelManualEnd": null,
            "waterLevelAuto": false,
            "waterLevelAutoStart": null,
            "waterLevelAutoEnd": null,
            "discharge": false,
            "dischargeStart": null,
            "dischargeEnd": null,
            "dischargeCm": false,
            "dischargeCmStart": null,
            "dischargeCmEnd": null,
            "sediment": false,
            "sedimentStart": null,
            "sedimentEnd": null,
            "waterQuality": false,
            "waterQualityStart": null,
            "waterQualityEnd": null,
            "rainfallManual": true,
            "rainfallManualStart": "2060-01-01T00:00:00",
            "rainfallManualEnd": null,
            "rainfallAuto": false,
            "rainfallAutoStart": null,
            "rainfallAutoEnd": null,
            "climaticManual": false,
            "climaticManualStart": null,
            "climaticManualEnd": null,
            "climaticAuto": false,
            "climaticAutoStart": null,
            "climaticAutoEnd": null,
            "catDomain": false,
            "catDomainGw": false,
            "catMet": true,
            "catWq": false,
            "catDomainInfo": null,
            "catMetInfo": "Precipititation(Standard - SRG)",
            "catWqInfo": null,
            "mc": null,
            "sc": null,
            "cw": null,
            "wqYesNo": false,
            "distanceToOutlet": null,
            "dwlrNo": null,
            "dwlrType": null,
            "transferSelected": false,
            "swNetworkType": null,
            "metNetworkType": 10,
            "wqNetworkType": null,
            "stationOperational": true,
            "bank": null,
            "swStationOwner": null,
            "metStationOwner": null,
            "wqStationOwner": null,
            "createdOn": null,
            "createdBy": null,
            "updatedOn": null,
            "updatedBy": null,
            "maxRainfallDate": "2015-12-31T08:30:00",
            "maxClimaticDate": null,
            "wimsCode": null
        },
        {
            "stationId": 22,
            "stationCode": "Bhutnal",
            "stationName": "Bhutnal",
            "agencyId": 3,
            "stateId": 10,
            "districtId": 170,
            "tahsilId": 2447,
            "lat": "16°53'00\"",
            "longitude": "75°43'00\"",
            "refToposheetNo": "47P-9",
            "altitude": 561.75,
            "zeroRl": 0,
            "basinId": 7,
            "riverId": 21,
            "tributaryId": null,
            "subTributaryId": null,
            "subSubTributaryId": null,
            "localRiverId": null,
            "catchmentArea": null,
            "regionalOfficeId": 12,
            "circleOfficeId": 19,
            "divisionalOfficeId": 54,
            "subDivisionalOfficeId": null,
            "sectionOfficeId": null,
            "ownerAgencyId": 3,
            "locationDetails": "Near   water  supply   works",
            "busStand": "Bijapur",
            "station": "Bijapur",
            "airport": "Belgaum",
            "town": "Bijapur",
            "address": "Near   water    supply    works",
            "otherInformation": null,
            "stationSetup": "SRG",
            "accessibility": "By    road",
            "stationHistory": null,
            "dateOfEstablishment": "1988-06-01T00:00:00",
            "dateOfClosure": null,
            "waterLevelManual": false,
            "waterLevelManualStart": null,
            "waterLevelManualEnd": null,
            "waterLevelAuto": false,
            "waterLevelAutoStart": null,
            "waterLevelAutoEnd": null,
            "discharge": false,
            "dischargeStart": null,
            "dischargeEnd": null,
            "dischargeCm": false,
            "dischargeCmStart": null,
            "dischargeCmEnd": null,
            "sediment": false,
            "sedimentStart": null,
            "sedimentEnd": null,
            "waterQuality": false,
            "waterQualityStart": null,
            "waterQualityEnd": null,
            "rainfallManual": true,
            "rainfallManualStart": "1988-06-01T00:00:00",
            "rainfallManualEnd": null,
            "rainfallAuto": false,
            "rainfallAutoStart": null,
            "rainfallAutoEnd": null,
            "climaticManual": false,
            "climaticManualStart": null,
            "climaticManualEnd": null,
            "climaticAuto": false,
            "climaticAutoStart": null,
            "climaticAutoEnd": null,
            "catDomain": false,
            "catDomainGw": false,
            "catMet": true,
            "catWq": false,
            "catDomainInfo": null,
            "catMetInfo": "Precipititation(Standard - SRG)",
            "catWqInfo": null,
            "mc": null,
            "sc": null,
            "cw": null,
            "wqYesNo": false,
            "distanceToOutlet": 0.0,
            "dwlrNo": null,
            "dwlrType": null,
            "transferSelected": false,
            "swNetworkType": null,
            "metNetworkType": 12,
            "wqNetworkType": null,
            "stationOperational": true,
            "bank": null,
            "swStationOwner": null,
            "metStationOwner": null,
            "wqStationOwner": null,
            "createdOn": null,
            "createdBy": null,
            "updatedOn": null,
            "updatedBy": null,
            "maxRainfallDate": "2015-12-31T08:30:00",
            "maxClimaticDate": null,
            "wimsCode": null
        },
        {
            "stationId": 38,
            "stationCode": "Guledgudd",
            "stationName": "Guledgudd",
            "agencyId": 3,
            "stateId": 10,
            "districtId": 164,
            "tahsilId": 2393,
            "lat": "16°02'51\"",
            "longitude": "75°47'31\"",
            "refToposheetNo": "47P-16",
            "altitude": null,
            "zeroRl": 0,
            "basinId": 7,
            "riverId": 21,
            "tributaryId": null,
            "subTributaryId": null,
            "subSubTributaryId": null,
            "localRiverId": null,
            "catchmentArea": null,
            "regionalOfficeId": 12,
            "circleOfficeId": 19,
            "divisionalOfficeId": 54,
            "subDivisionalOfficeId": null,
            "sectionOfficeId": null,
            "ownerAgencyId": 3,
            "locationDetails": "Government Hospital premises",
            "busStand": "Guledgudd",
            "station": "Guledgudd Road",
            "airport": null,
            "town": null,
            "address": "Government Hospital , Guledgudd,  PO_Guledgudd,  Taluk_Badami,  Dist_Bagalkot",
            "otherInformation": null,
            "stationSetup": "SRG",
            "accessibility": "By road and railway",
            "stationHistory": null,
            "dateOfEstablishment": "1987-01-01T00:00:00",
            "dateOfClosure": null,
            "waterLevelManual": false,
            "waterLevelManualStart": null,
            "waterLevelManualEnd": null,
            "waterLevelAuto": false,
            "waterLevelAutoStart": null,
            "waterLevelAutoEnd": null,
            "discharge": false,
            "dischargeStart": null,
            "dischargeEnd": null,
            "dischargeCm": false,
            "dischargeCmStart": null,
            "dischargeCmEnd": null,
            "sediment": false,
            "sedimentStart": null,
            "sedimentEnd": null,
            "waterQuality": false,
            "waterQualityStart": null,
            "waterQualityEnd": null,
            "rainfallManual": true,
            "rainfallManualStart": "1987-01-01T00:00:00",
            "rainfallManualEnd": null,
            "rainfallAuto": false,
            "rainfallAutoStart": null,
            "rainfallAutoEnd": null,
            "climaticManual": false,
            "climaticManualStart": null,
            "climaticManualEnd": null,
            "climaticAuto": false,
            "climaticAutoStart": null,
            "climaticAutoEnd": null,
            "catDomain": false,
            "catDomainGw": false,
            "catMet": true,
            "catWq": false,
            "catDomainInfo": null,
            "catMetInfo": "Precipititation(Standard - SRG)",
            "catWqInfo": null,
            "mc": null,
            "sc": null,
            "cw": null,
            "wqYesNo": false,
            "distanceToOutlet": 0.0,
            "dwlrNo": null,
            "dwlrType": null,
            "transferSelected": false,
            "swNetworkType": null,
            "metNetworkType": 12,
            "wqNetworkType": null,
            "stationOperational": true,
            "bank": null,
            "swStationOwner": null,
            "metStationOwner": null,
            "wqStationOwner": null,
            "createdOn": null,
            "createdBy": null,
            "updatedOn": null,
            "updatedBy": null,
            "maxRainfallDate": "2015-12-31T08:30:00",
            "maxClimaticDate": null,
            "wimsCode": null
        },
        {
            "stationId": 16,
            "stationCode": "Bagalkot",
            "stationName": "Bagalkot",
            "agencyId": null,
            "stateId": 10,
            "districtId": 164,
            "tahsilId": 2394,
            "lat": "16°10'36\"",
            "longitude": "75°42'05\"",
            "refToposheetNo": "47P-12",
            "altitude": 538.1,
            "zeroRl": 0,
            "basinId": 7,
            "riverId": 21,
            "tributaryId": 182,
            "subTributaryId": null,
            "subSubTributaryId": null,
            "localRiverId": null,
            "catchmentArea": null,
            "regionalOfficeId": null,
            "circleOfficeId": null,
            "divisionalOfficeId": null,
            "subDivisionalOfficeId": null,
            "sectionOfficeId": null,
            "ownerAgencyId": null,
            "locationDetails": "The station is located in Agriculture University Farm, Near Railway station",
            "busStand": "Bagalkot",
            "station": "Bagalkot",
            "airport": "Belgaum",
            "town": "Bagalkot",
            "address": "Agriculture University Farm, Near Railway station, Bagalkot_587 101",
            "otherInformation": "The station is IMD station",
            "stationSetup": "SRG",
            "accessibility": "By rail, road",
            "stationHistory": null,
            "dateOfEstablishment": "1980-01-01T00:00:00",
            "dateOfClosure": null,
            "waterLevelManual": false,
            "waterLevelManualStart": null,
            "waterLevelManualEnd": null,
            "waterLevelAuto": false,
            "waterLevelAutoStart": null,
            "waterLevelAutoEnd": null,
            "discharge": false,
            "dischargeStart": null,
            "dischargeEnd": null,
            "dischargeCm": false,
            "dischargeCmStart": null,
            "dischargeCmEnd": null,
            "sediment": false,
            "sedimentStart": null,
            "sedimentEnd": null,
            "waterQuality": false,
            "waterQualityStart": null,
            "waterQualityEnd": null,
            "rainfallManual": true,
            "rainfallManualStart": "1980-01-01T00:00:00",
            "rainfallManualEnd": null,
            "rainfallAuto": false,
            "rainfallAutoStart": null,
            "rainfallAutoEnd": null,
            "climaticManual": false,
            "climaticManualStart": null,
            "climaticManualEnd": null,
            "climaticAuto": false,
            "climaticAutoStart": null,
            "climaticAutoEnd": null,
            "catDomain": false,
            "catDomainGw": false,
            "catMet": true,
            "catWq": false,
            "catDomainInfo": null,
            "catMetInfo": "Precipititation(Standard - SRG)",
            "catWqInfo": null,
            "mc": null,
            "sc": null,
            "cw": null,
            "wqYesNo": false,
            "distanceToOutlet": 0.0,
            "dwlrNo": null,
            "dwlrType": null,
            "transferSelected": false,
            "swNetworkType": null,
            "metNetworkType": 12,
            "wqNetworkType": null,
            "stationOperational": true,
            "bank": null,
            "swStationOwner": null,
            "metStationOwner": null,
            "wqStationOwner": null,
            "createdOn": null,
            "createdBy": null,
            "updatedOn": null,
            "updatedBy": null,
            "maxRainfallDate": "2015-12-31T08:30:00",
            "maxClimaticDate": null,
            "wimsCode": null
        },
        {
            "stationId": 62,
            "stationCode": "Kakati",
            "stationName": "Kakati",
            "agencyId": 3,
            "stateId": 10,
            "districtId": 167,
            "tahsilId": 2419,
            "lat": "15°55'56\"",
            "longitude": "74°31'36\"",
            "refToposheetNo": "48I-9",
            "altitude": 800.0,
            "zeroRl": 0,
            "basinId": 7,
            "riverId": 21,
            "tributaryId": 182,
            "subTributaryId": null,
            "subSubTributaryId": null,
            "localRiverId": null,
            "catchmentArea": null,
            "regionalOfficeId": 12,
            "circleOfficeId": 19,
            "divisionalOfficeId": 54,
            "subDivisionalOfficeId": null,
            "sectionOfficeId": null,
            "ownerAgencyId": 3,
            "locationDetails": "Police Station Kakati",
            "busStand": "Kakati",
            "station": "Kakati",
            "airport": "Sambra",
            "town": "Belgaum",
            "address": "Police Station Kakati",
            "otherInformation": null,
            "stationSetup": "SRG",
            "accessibility": "Road",
            "stationHistory": null,
            "dateOfEstablishment": "1988-06-01T00:00:00",
            "dateOfClosure": null,
            "waterLevelManual": false,
            "waterLevelManualStart": null,
            "waterLevelManualEnd": null,
            "waterLevelAuto": false,
            "waterLevelAutoStart": null,
            "waterLevelAutoEnd": null,
            "discharge": false,
            "dischargeStart": null,
            "dischargeEnd": null,
            "dischargeCm": false,
            "dischargeCmStart": null,
            "dischargeCmEnd": null,
            "sediment": false,
            "sedimentStart": null,
            "sedimentEnd": null,
            "waterQuality": false,
            "waterQualityStart": null,
            "waterQualityEnd": null,
            "rainfallManual": true,
            "rainfallManualStart": "1988-06-01T00:00:00",
            "rainfallManualEnd": null,
            "rainfallAuto": false,
            "rainfallAutoStart": null,
            "rainfallAutoEnd": null,
            "climaticManual": false,
            "climaticManualStart": null,
            "climaticManualEnd": null,
            "climaticAuto": false,
            "climaticAutoStart": null,
            "climaticAutoEnd": null,
            "catDomain": false,
            "catDomainGw": false,
            "catMet": true,
            "catWq": false,
            "catDomainInfo": null,
            "catMetInfo": "Precipititation(Standard - SRG)",
            "catWqInfo": null,
            "mc": null,
            "sc": null,
            "cw": null,
            "wqYesNo": false,
            "distanceToOutlet": 0.0,
            "dwlrNo": null,
            "dwlrType": null,
            "transferSelected": false,
            "swNetworkType": null,
            "metNetworkType": 12,
            "wqNetworkType": null,
            "stationOperational": true,
            "bank": null,
            "swStationOwner": null,
            "metStationOwner": null,
            "wqStationOwner": null,
            "createdOn": null,
            "createdBy": null,
            "updatedOn": null,
            "updatedBy": null,
            "maxRainfallDate": "2015-12-31T08:30:00",
            "maxClimaticDate": null,
            "wimsCode": null
        },
        {
            "stationId": 102,
            "stationCode": "Nesargi",
            "stationName": "Nesargi",
            "agencyId": 3,
            "stateId": 10,
            "districtId": 167,
            "tahsilId": 2418,
            "lat": "15°54'00\"",
            "longitude": "74°46'00\"",
            "refToposheetNo": "48I-13",
            "altitude": 757.6,
            "zeroRl": 0,
            "basinId": 7,
            "riverId": 21,
            "tributaryId": 182,
            "subTributaryId": null,
            "subSubTributaryId": null,
            "localRiverId": null,
            "catchmentArea": null,
            "regionalOfficeId": 12,
            "circleOfficeId": 19,
            "divisionalOfficeId": 54,
            "subDivisionalOfficeId": null,
            "sectionOfficeId": null,
            "ownerAgencyId": 3,
            "locationDetails": "Police Station Nesargi",
            "busStand": "Nesargi",
            "station": null,
            "airport": null,
            "town": null,
            "address": "Police Station Nesargi",
            "otherInformation": null,
            "stationSetup": "SRG",
            "accessibility": "Road",
            "stationHistory": null,
            "dateOfEstablishment": "1988-06-01T00:00:00",
            "dateOfClosure": null,
            "waterLevelManual": false,
            "waterLevelManualStart": null,
            "waterLevelManualEnd": null,
            "waterLevelAuto": false,
            "waterLevelAutoStart": null,
            "waterLevelAutoEnd": null,
            "discharge": false,
            "dischargeStart": null,
            "dischargeEnd": null,
            "dischargeCm": false,
            "dischargeCmStart": null,
            "dischargeCmEnd": null,
            "sediment": false,
            "sedimentStart": null,
            "sedimentEnd": null,
            "waterQuality": false,
            "waterQualityStart": null,
            "waterQualityEnd": null,
            "rainfallManual": true,
            "rainfallManualStart": "1988-06-01T00:00:00",
            "rainfallManualEnd": null,
            "rainfallAuto": false,
            "rainfallAutoStart": null,
            "rainfallAutoEnd": null,
            "climaticManual": false,
            "climaticManualStart": null,
            "climaticManualEnd": null,
            "climaticAuto": false,
            "climaticAutoStart": null,
            "climaticAutoEnd": null,
            "catDomain": false,
            "catDomainGw": false,
            "catMet": true,
            "catWq": false,
            "catDomainInfo": null,
            "catMetInfo": "Precipititation(Standard - SRG)",
            "catWqInfo": null,
            "mc": null,
            "sc": null,
            "cw": null,
            "wqYesNo": false,
            "distanceToOutlet": 0.0,
            "dwlrNo": null,
            "dwlrType": null,
            "transferSelected": false,
            "swNetworkType": null,
            "metNetworkType": 12,
            "wqNetworkType": null,
            "stationOperational": true,
            "bank": null,
            "swStationOwner": null,
            "metStationOwner": null,
            "wqStationOwner": null,
            "createdOn": null,
            "createdBy": null,
            "updatedOn": null,
            "updatedBy": null,
            "maxRainfallDate": "2015-12-31T08:30:00",
            "maxClimaticDate": null,
            "wimsCode": null
        },
        {
            "stationId": 103,
            "stationCode": "Nippani",
            "stationName": "Nippani",
            "agencyId": 3,
            "stateId": 10,
            "districtId": 167,
            "tahsilId": 2420,
            "lat": "16°23'50\"",
            "longitude": "74°22'30\"",
            "refToposheetNo": "47L-7",
            "altitude": 608.0,
            "zeroRl": 0,
            "basinId": 7,
            "riverId": 21,
            "tributaryId": null,
            "subTributaryId": null,
            "subSubTributaryId": null,
            "localRiverId": null,
            "catchmentArea": null,
            "regionalOfficeId": 12,
            "circleOfficeId": 19,
            "divisionalOfficeId": 54,
            "subDivisionalOfficeId": null,
            "sectionOfficeId": null,
            "ownerAgencyId": 3,
            "locationDetails": "Located in Inspection Bunglow  premises Nippani",
            "busStand": "Chikkodi",
            "station": "Belgaum",
            "airport": "Bombay",
            "town": "Belgaum",
            "address": "Inspection Bunglow  premises Nippani",
            "otherInformation": null,
            "stationSetup": "SRG",
            "accessibility": "By Road",
            "stationHistory": null,
            "dateOfEstablishment": "2064-01-01T00:00:00",
            "dateOfClosure": null,
            "waterLevelManual": false,
            "waterLevelManualStart": null,
            "waterLevelManualEnd": null,
            "waterLevelAuto": false,
            "waterLevelAutoStart": null,
            "waterLevelAutoEnd": null,
            "discharge": false,
            "dischargeStart": null,
            "dischargeEnd": null,
            "dischargeCm": false,
            "dischargeCmStart": null,
            "dischargeCmEnd": null,
            "sediment": false,
            "sedimentStart": null,
            "sedimentEnd": null,
            "waterQuality": false,
            "waterQualityStart": null,
            "waterQualityEnd": null,
            "rainfallManual": true,
            "rainfallManualStart": "2064-01-01T00:00:00",
            "rainfallManualEnd": null,
            "rainfallAuto": false,
            "rainfallAutoStart": null,
            "rainfallAutoEnd": null,
            "climaticManual": false,
            "climaticManualStart": null,
            "climaticManualEnd": null,
            "climaticAuto": false,
            "climaticAutoStart": null,
            "climaticAutoEnd": null,
            "catDomain": false,
            "catDomainGw": false,
            "catMet": true,
            "catWq": false,
            "catDomainInfo": null,
            "catMetInfo": "Precipititation(Standard - SRG)",
            "catWqInfo": null,
            "mc": null,
            "sc": null,
            "cw": null,
            "wqYesNo": false,
            "distanceToOutlet": null,
            "dwlrNo": null,
            "dwlrType": null,
            "transferSelected": false,
            "swNetworkType": null,
            "metNetworkType": 10,
            "wqNetworkType": null,
            "stationOperational": true,
            "bank": null,
            "swStationOwner": null,
            "metStationOwner": null,
            "wqStationOwner": null,
            "createdOn": null,
            "createdBy": null,
            "updatedOn": null,
            "updatedBy": null,
            "maxRainfallDate": "2015-12-31T08:30:00",
            "maxClimaticDate": null,
            "wimsCode": null
        },
        {
            "stationId": 31,
            "stationCode": "Desur",
            "stationName": "Desur",
            "agencyId": 3,
            "stateId": 10,
            "districtId": 167,
            "tahsilId": 2419,
            "lat": "15°46'00\"",
            "longitude": "74°30'00\"",
            "refToposheetNo": "48I-10",
            "altitude": 750.0,
            "zeroRl": 0,
            "basinId": 7,
            "riverId": 21,
            "tributaryId": 188,
            "subTributaryId": null,
            "subSubTributaryId": null,
            "localRiverId": 276,
            "catchmentArea": null,
            "regionalOfficeId": 12,
            "circleOfficeId": 19,
            "divisionalOfficeId": 54,
            "subDivisionalOfficeId": null,
            "sectionOfficeId": null,
            "ownerAgencyId": 3,
            "locationDetails": "Gram Panchayat office Desur",
            "busStand": "Desur",
            "station": "Desur",
            "airport": "Sambra",
            "town": "Belgaum",
            "address": "Gram Panchayat office Desur",
            "otherInformation": null,
            "stationSetup": "SRG",
            "accessibility": "Road , Train",
            "stationHistory": null,
            "dateOfEstablishment": "1988-06-01T00:00:00",
            "dateOfClosure": null,
            "waterLevelManual": false,
            "waterLevelManualStart": null,
            "waterLevelManualEnd": null,
            "waterLevelAuto": false,
            "waterLevelAutoStart": null,
            "waterLevelAutoEnd": null,
            "discharge": false,
            "dischargeStart": null,
            "dischargeEnd": null,
            "dischargeCm": false,
            "dischargeCmStart": null,
            "dischargeCmEnd": null,
            "sediment": false,
            "sedimentStart": null,
            "sedimentEnd": null,
            "waterQuality": false,
            "waterQualityStart": null,
            "waterQualityEnd": null,
            "rainfallManual": true,
            "rainfallManualStart": "1988-06-01T00:00:00",
            "rainfallManualEnd": null,
            "rainfallAuto": false,
            "rainfallAutoStart": null,
            "rainfallAutoEnd": null,
            "climaticManual": false,
            "climaticManualStart": null,
            "climaticManualEnd": null,
            "climaticAuto": false,
            "climaticAutoStart": null,
            "climaticAutoEnd": null,
            "catDomain": false,
            "catDomainGw": false,
            "catMet": true,
            "catWq": false,
            "catDomainInfo": null,
            "catMetInfo": "Precipititation(Standard - SRG)",
            "catWqInfo": null,
            "mc": null,
            "sc": null,
            "cw": null,
            "wqYesNo": false,
            "distanceToOutlet": 0.0,
            "dwlrNo": null,
            "dwlrType": null,
            "transferSelected": false,
            "swNetworkType": null,
            "metNetworkType": 12,
            "wqNetworkType": null,
            "stationOperational": true,
            "bank": null,
            "swStationOwner": null,
            "metStationOwner": null,
            "wqStationOwner": null,
            "createdOn": null,
            "createdBy": null,
            "updatedOn": null,
            "updatedBy": null,
            "maxRainfallDate": "2015-12-31T08:30:00",
            "maxClimaticDate": null,
            "wimsCode": null
        },
        {
            "stationId": 48,
            "stationCode": "Hoolikatti",
            "stationName": "Hoolikatti",
            "agencyId": 3,
            "stateId": 10,
            "districtId": 167,
            "tahsilId": 2418,
            "lat": "15°30'26\"",
            "longitude": "74°45'10\"",
            "refToposheetNo": "48I-14",
            "altitude": 693.0,
            "zeroRl": 0,
            "basinId": 7,
            "riverId": 21,
            "tributaryId": 188,
            "subTributaryId": null,
            "subSubTributaryId": null,
            "localRiverId": 276,
            "catchmentArea": null,
            "regionalOfficeId": 12,
            "circleOfficeId": 19,
            "divisionalOfficeId": 54,
            "subDivisionalOfficeId": null,
            "sectionOfficeId": null,
            "ownerAgencyId": 3,
            "locationDetails": "Near society godown building Hoolikatti",
            "busStand": "Hoolikatti",
            "station": null,
            "airport": null,
            "town": null,
            "address": "Near society godown building Hoolikatti",
            "otherInformation": null,
            "stationSetup": "SRG",
            "accessibility": "Road",
            "stationHistory": null,
            "dateOfEstablishment": "1988-06-01T00:00:00",
            "dateOfClosure": null,
            "waterLevelManual": false,
            "waterLevelManualStart": null,
            "waterLevelManualEnd": null,
            "waterLevelAuto": false,
            "waterLevelAutoStart": null,
            "waterLevelAutoEnd": null,
            "discharge": false,
            "dischargeStart": null,
            "dischargeEnd": null,
            "dischargeCm": false,
            "dischargeCmStart": null,
            "dischargeCmEnd": null,
            "sediment": false,
            "sedimentStart": null,
            "sedimentEnd": null,
            "waterQuality": false,
            "waterQualityStart": null,
            "waterQualityEnd": null,
            "rainfallManual": true,
            "rainfallManualStart": "1988-06-01T00:00:00",
            "rainfallManualEnd": null,
            "rainfallAuto": false,
            "rainfallAutoStart": null,
            "rainfallAutoEnd": null,
            "climaticManual": false,
            "climaticManualStart": null,
            "climaticManualEnd": null,
            "climaticAuto": false,
            "climaticAutoStart": null,
            "climaticAutoEnd": null,
            "catDomain": false,
            "catDomainGw": false,
            "catMet": true,
            "catWq": false,
            "catDomainInfo": null,
            "catMetInfo": "Precipititation(Standard - SRG)",
            "catWqInfo": null,
            "mc": null,
            "sc": null,
            "cw": null,
            "wqYesNo": false,
            "distanceToOutlet": 0.0,
            "dwlrNo": null,
            "dwlrType": null,
            "transferSelected": false,
            "swNetworkType": null,
            "metNetworkType": 12,
            "wqNetworkType": null,
            "stationOperational": true,
            "bank": null,
            "swStationOwner": null,
            "metStationOwner": null,
            "wqStationOwner": null,
            "createdOn": null,
            "createdBy": null,
            "updatedOn": null,
            "updatedBy": null,
            "maxRainfallDate": "2015-12-31T08:30:00",
            "maxClimaticDate": "2024-06-14T17:38:08.334",
            "wimsCode": null
        },
        {
            "stationId": 101,
            "stationCode": "Neginhall",
            "stationName": "Neginhall",
            "agencyId": 3,
            "stateId": 10,
            "districtId": 167,
            "tahsilId": 2418,
            "lat": "15°47'00\"",
            "longitude": "74°48'00\"",
            "refToposheetNo": "48I-13",
            "altitude": 670.7,
            "zeroRl": 0,
            "basinId": 7,
            "riverId": 21,
            "tributaryId": 188,
            "subTributaryId": null,
            "subSubTributaryId": null,
            "localRiverId": 276,
            "catchmentArea": null,
            "regionalOfficeId": 12,
            "circleOfficeId": 19,
            "divisionalOfficeId": 54,
            "subDivisionalOfficeId": null,
            "sectionOfficeId": null,
            "ownerAgencyId": 3,
            "locationDetails": "P.H.C.Neginhall",
            "busStand": "Neginhall",
            "station": null,
            "airport": null,
            "town": null,
            "address": "P.H.C.Neginhall",
            "otherInformation": null,
            "stationSetup": "SRG",
            "accessibility": "Road",
            "stationHistory": null,
            "dateOfEstablishment": "1988-06-01T00:00:00",
            "dateOfClosure": null,
            "waterLevelManual": false,
            "waterLevelManualStart": null,
            "waterLevelManualEnd": null,
            "waterLevelAuto": false,
            "waterLevelAutoStart": null,
            "waterLevelAutoEnd": null,
            "discharge": false,
            "dischargeStart": null,
            "dischargeEnd": null,
            "dischargeCm": false,
            "dischargeCmStart": null,
            "dischargeCmEnd": null,
            "sediment": false,
            "sedimentStart": null,
            "sedimentEnd": null,
            "waterQuality": false,
            "waterQualityStart": null,
            "waterQualityEnd": null,
            "rainfallManual": true,
            "rainfallManualStart": "1988-06-01T00:00:00",
            "rainfallManualEnd": null,
            "rainfallAuto": false,
            "rainfallAutoStart": null,
            "rainfallAutoEnd": null,
            "climaticManual": false,
            "climaticManualStart": null,
            "climaticManualEnd": null,
            "climaticAuto": false,
            "climaticAutoStart": null,
            "climaticAutoEnd": null,
            "catDomain": false,
            "catDomainGw": false,
            "catMet": true,
            "catWq": false,
            "catDomainInfo": null,
            "catMetInfo": "Precipititation(Standard - SRG)",
            "catWqInfo": null,
            "mc": null,
            "sc": null,
            "cw": null,
            "wqYesNo": false,
            "distanceToOutlet": 0.0,
            "dwlrNo": null,
            "dwlrType": null,
            "transferSelected": false,
            "swNetworkType": null,
            "metNetworkType": 12,
            "wqNetworkType": null,
            "stationOperational": true,
            "bank": null,
            "swStationOwner": null,
            "metStationOwner": null,
            "wqStationOwner": null,
            "createdOn": null,
            "createdBy": null,
            "updatedOn": null,
            "updatedBy": null,
            "maxRainfallDate": "2015-12-31T08:30:00",
            "maxClimaticDate": null,
            "wimsCode": null
        },
        {
            "stationId": 111,
            "stationCode": "Santibastwad",
            "stationName": "Santibastwad",
            "agencyId": 3,
            "stateId": 10,
            "districtId": 167,
            "tahsilId": 2419,
            "lat": "15°46'30\"",
            "longitude": "74°24'51\"",
            "refToposheetNo": null,
            "altitude": 762.0,
            "zeroRl": 0,
            "basinId": 7,
            "riverId": 21,
            "tributaryId": 188,
            "subTributaryId": null,
            "subSubTributaryId": null,
            "localRiverId": null,
            "catchmentArea": null,
            "regionalOfficeId": 12,
            "circleOfficeId": 19,
            "divisionalOfficeId": 54,
            "subDivisionalOfficeId": null,
            "sectionOfficeId": null,
            "ownerAgencyId": 3,
            "locationDetails": "Near  veternay  Hospital  Santibastwad",
            "busStand": "Santibastwad",
            "station": "Belgaum",
            "airport": "Sambra",
            "town": "Belgaum",
            "address": "Near  veternay  Hospital  Santibastwad",
            "otherInformation": null,
            "stationSetup": "FCS",
            "accessibility": "By  road",
            "stationHistory": null,
            "dateOfEstablishment": "1985-06-01T00:00:00",
            "dateOfClosure": null,
            "waterLevelManual": false,
            "waterLevelManualStart": null,
            "waterLevelManualEnd": null,
            "waterLevelAuto": false,
            "waterLevelAutoStart": null,
            "waterLevelAutoEnd": null,
            "discharge": false,
            "dischargeStart": null,
            "dischargeEnd": null,
            "dischargeCm": false,
            "dischargeCmStart": null,
            "dischargeCmEnd": null,
            "sediment": false,
            "sedimentStart": null,
            "sedimentEnd": null,
            "waterQuality": false,
            "waterQualityStart": null,
            "waterQualityEnd": null,
            "rainfallManual": true,
            "rainfallManualStart": "1985-06-01T00:00:00",
            "rainfallManualEnd": null,
            "rainfallAuto": true,
            "rainfallAutoStart": "1989-01-01T00:00:00",
            "rainfallAutoEnd": null,
            "climaticManual": true,
            "climaticManualStart": "1989-01-01T00:00:00",
            "climaticManualEnd": null,
            "climaticAuto": true,
            "climaticAutoStart": "1989-01-01T00:00:00",
            "climaticAutoEnd": null,
            "catDomain": false,
            "catDomainGw": false,
            "catMet": true,
            "catWq": false,
            "catDomainInfo": null,
            "catMetInfo": "Ordinary Climatological (Class II - FCS:HP)",
            "catWqInfo": null,
            "mc": null,
            "sc": null,
            "cw": null,
            "wqYesNo": false,
            "distanceToOutlet": 0.0,
            "dwlrNo": null,
            "dwlrType": null,
            "transferSelected": false,
            "swNetworkType": null,
            "metNetworkType": 12,
            "wqNetworkType": null,
            "stationOperational": true,
            "bank": null,
            "swStationOwner": null,
            "metStationOwner": null,
            "wqStationOwner": null,
            "createdOn": null,
            "createdBy": null,
            "updatedOn": null,
            "updatedBy": null,
            "maxRainfallDate": "2015-12-31T08:30:00",
            "maxClimaticDate": "2015-12-31T17:30:00",
            "wimsCode": null
        },
        {
            "stationId": 12,
            "stationCode": "B.Allur",
            "stationName": "Bugate Allur",
            "agencyId": 3,
            "stateId": 10,
            "districtId": 167,
            "tahsilId": 2422,
            "lat": "16°18'32\"",
            "longitude": "74°20'25\"",
            "refToposheetNo": "47L-7",
            "altitude": 774.0,
            "zeroRl": 0,
            "basinId": 7,
            "riverId": 21,
            "tributaryId": 182,
            "subTributaryId": null,
            "subSubTributaryId": null,
            "localRiverId": null,
            "catchmentArea": null,
            "regionalOfficeId": 12,
            "circleOfficeId": 19,
            "divisionalOfficeId": 54,
            "subDivisionalOfficeId": null,
            "sectionOfficeId": null,
            "ownerAgencyId": 3,
            "locationDetails": "PHC B.Allur",
            "busStand": "B.Allur",
            "station": null,
            "airport": null,
            "town": null,
            "address": "PHC B.Allur",
            "otherInformation": null,
            "stationSetup": "SRG",
            "accessibility": "Road",
            "stationHistory": null,
            "dateOfEstablishment": "1988-06-01T00:00:00",
            "dateOfClosure": null,
            "waterLevelManual": false,
            "waterLevelManualStart": null,
            "waterLevelManualEnd": null,
            "waterLevelAuto": false,
            "waterLevelAutoStart": null,
            "waterLevelAutoEnd": null,
            "discharge": false,
            "dischargeStart": null,
            "dischargeEnd": null,
            "dischargeCm": false,
            "dischargeCmStart": null,
            "dischargeCmEnd": null,
            "sediment": false,
            "sedimentStart": null,
            "sedimentEnd": null,
            "waterQuality": false,
            "waterQualityStart": null,
            "waterQualityEnd": null,
            "rainfallManual": true,
            "rainfallManualStart": "1988-06-01T00:00:00",
            "rainfallManualEnd": null,
            "rainfallAuto": false,
            "rainfallAutoStart": null,
            "rainfallAutoEnd": null,
            "climaticManual": false,
            "climaticManualStart": null,
            "climaticManualEnd": null,
            "climaticAuto": false,
            "climaticAutoStart": null,
            "climaticAutoEnd": null,
            "catDomain": false,
            "catDomainGw": false,
            "catMet": true,
            "catWq": false,
            "catDomainInfo": null,
            "catMetInfo": "Precipititation(Standard - SRG)",
            "catWqInfo": null,
            "mc": null,
            "sc": null,
            "cw": null,
            "wqYesNo": false,
            "distanceToOutlet": 0.0,
            "dwlrNo": null,
            "dwlrType": null,
            "transferSelected": false,
            "swNetworkType": null,
            "metNetworkType": 12,
            "wqNetworkType": null,
            "stationOperational": true,
            "bank": null,
            "swStationOwner": null,
            "metStationOwner": null,
            "wqStationOwner": null,
            "createdOn": null,
            "createdBy": null,
            "updatedOn": null,
            "updatedBy": null,
            "maxRainfallDate": "2015-12-31T08:30:00",
            "maxClimaticDate": null,
            "wimsCode": null
        },
        {
            "stationId": 42,
            "stationCode": "Hallur",
            "stationName": "Hallur",
            "agencyId": 3,
            "stateId": 10,
            "districtId": 167,
            "tahsilId": 2421,
            "lat": "16°21'00\"",
            "longitude": "74°20'00\"",
            "refToposheetNo": "47L-15",
            "altitude": 624.0,
            "zeroRl": 0,
            "basinId": 7,
            "riverId": 21,
            "tributaryId": 182,
            "subTributaryId": null,
            "subSubTributaryId": null,
            "localRiverId": null,
            "catchmentArea": null,
            "regionalOfficeId": 12,
            "circleOfficeId": 19,
            "divisionalOfficeId": 54,
            "subDivisionalOfficeId": null,
            "sectionOfficeId": null,
            "ownerAgencyId": 3,
            "locationDetails": "Near Nurse Quarters Hallur",
            "busStand": "Hallur",
            "station": null,
            "airport": null,
            "town": null,
            "address": "Near Nurse Quarters Hallur",
            "otherInformation": null,
            "stationSetup": "SRG",
            "accessibility": "Road",
            "stationHistory": null,
            "dateOfEstablishment": "1988-06-01T00:00:00",
            "dateOfClosure": null,
            "waterLevelManual": false,
            "waterLevelManualStart": null,
            "waterLevelManualEnd": null,
            "waterLevelAuto": false,
            "waterLevelAutoStart": null,
            "waterLevelAutoEnd": null,
            "discharge": false,
            "dischargeStart": null,
            "dischargeEnd": null,
            "dischargeCm": false,
            "dischargeCmStart": null,
            "dischargeCmEnd": null,
            "sediment": false,
            "sedimentStart": null,
            "sedimentEnd": null,
            "waterQuality": false,
            "waterQualityStart": null,
            "waterQualityEnd": null,
            "rainfallManual": true,
            "rainfallManualStart": "1988-06-01T00:00:00",
            "rainfallManualEnd": null,
            "rainfallAuto": false,
            "rainfallAutoStart": null,
            "rainfallAutoEnd": null,
            "climaticManual": false,
            "climaticManualStart": null,
            "climaticManualEnd": null,
            "climaticAuto": false,
            "climaticAutoStart": null,
            "climaticAutoEnd": null,
            "catDomain": false,
            "catDomainGw": false,
            "catMet": true,
            "catWq": false,
            "catDomainInfo": null,
            "catMetInfo": "Precipititation(Standard - SRG)",
            "catWqInfo": null,
            "mc": null,
            "sc": null,
            "cw": null,
            "wqYesNo": false,
            "distanceToOutlet": 0.0,
            "dwlrNo": null,
            "dwlrType": null,
            "transferSelected": false,
            "swNetworkType": null,
            "metNetworkType": 12,
            "wqNetworkType": null,
            "stationOperational": true,
            "bank": null,
            "swStationOwner": null,
            "metStationOwner": null,
            "wqStationOwner": null,
            "createdOn": null,
            "createdBy": null,
            "updatedOn": null,
            "updatedBy": null,
            "maxRainfallDate": "2015-12-31T08:30:00",
            "maxClimaticDate": null,
            "wimsCode": null
        },
        {
            "stationId": 116,
            "stationCode": "Savasuddi",
            "stationName": "Savasuddi",
            "agencyId": 3,
            "stateId": 10,
            "districtId": 167,
            "tahsilId": 2424,
            "lat": "16°20'00\"",
            "longitude": "74°45'00\"",
            "refToposheetNo": null,
            "altitude": 694.36,
            "zeroRl": 0,
            "basinId": 7,
            "riverId": 21,
            "tributaryId": null,
            "subTributaryId": null,
            "subSubTributaryId": null,
            "localRiverId": null,
            "catchmentArea": null,
            "regionalOfficeId": 12,
            "circleOfficeId": 19,
            "divisionalOfficeId": 54,
            "subDivisionalOfficeId": null,
            "sectionOfficeId": null,
            "ownerAgencyId": 3,
            "locationDetails": "Primery School Compound ,Savasuddi",
            "busStand": "Savasuddi",
            "station": "Rayabag.",
            "airport": "Balgaum.",
            "town": "Rayabag.",
            "address": "Primert School Compound, Savasuddi Tq, Rayabag.",
            "otherInformation": null,
            "stationSetup": "SRG.",
            "accessibility": "By Bus.",
            "stationHistory": null,
            "dateOfEstablishment": "1987-01-01T00:00:00",
            "dateOfClosure": null,
            "waterLevelManual": false,
            "waterLevelManualStart": null,
            "waterLevelManualEnd": null,
            "waterLevelAuto": false,
            "waterLevelAutoStart": null,
            "waterLevelAutoEnd": null,
            "discharge": false,
            "dischargeStart": null,
            "dischargeEnd": null,
            "dischargeCm": false,
            "dischargeCmStart": null,
            "dischargeCmEnd": null,
            "sediment": false,
            "sedimentStart": null,
            "sedimentEnd": null,
            "waterQuality": false,
            "waterQualityStart": null,
            "waterQualityEnd": null,
            "rainfallManual": true,
            "rainfallManualStart": "1987-01-01T00:00:00",
            "rainfallManualEnd": null,
            "rainfallAuto": false,
            "rainfallAutoStart": null,
            "rainfallAutoEnd": null,
            "climaticManual": false,
            "climaticManualStart": null,
            "climaticManualEnd": null,
            "climaticAuto": false,
            "climaticAutoStart": null,
            "climaticAutoEnd": null,
            "catDomain": false,
            "catDomainGw": false,
            "catMet": true,
            "catWq": false,
            "catDomainInfo": null,
            "catMetInfo": "Precipititation(Standard - SRG)",
            "catWqInfo": null,
            "mc": null,
            "sc": null,
            "cw": null,
            "wqYesNo": false,
            "distanceToOutlet": 0.0,
            "dwlrNo": null,
            "dwlrType": null,
            "transferSelected": false,
            "swNetworkType": null,
            "metNetworkType": 12,
            "wqNetworkType": null,
            "stationOperational": true,
            "bank": null,
            "swStationOwner": null,
            "metStationOwner": null,
            "wqStationOwner": null,
            "createdOn": null,
            "createdBy": null,
            "updatedOn": null,
            "updatedBy": null,
            "maxRainfallDate": "2015-12-31T08:30:00",
            "maxClimaticDate": "2024-06-14T17:38:08.334",
            "wimsCode": null
        },
        {
            "stationId": 131,
            "stationCode": "Yelparatti.",
            "stationName": "Yelparatti",
            "agencyId": 3,
            "stateId": 10,
            "districtId": 167,
            "tahsilId": 2424,
            "lat": "16°33'00\"",
            "longitude": "74°55'00\"",
            "refToposheetNo": null,
            "altitude": null,
            "zeroRl": 0,
            "basinId": 7,
            "riverId": 21,
            "tributaryId": null,
            "subTributaryId": null,
            "subSubTributaryId": null,
            "localRiverId": null,
            "catchmentArea": null,
            "regionalOfficeId": 12,
            "circleOfficeId": 19,
            "divisionalOfficeId": 54,
            "subDivisionalOfficeId": null,
            "sectionOfficeId": null,
            "ownerAgencyId": 3,
            "locationDetails": "GLBC  IB compound, Yelparatti.",
            "busStand": "Yelparatti.",
            "station": "Kudachi.",
            "airport": "Belgaum.",
            "town": "Rayabag.",
            "address": "GLBC IB Compound, Yelpretti.",
            "otherInformation": null,
            "stationSetup": "SRG.",
            "accessibility": "By road.",
            "stationHistory": null,
            "dateOfEstablishment": "1987-01-01T00:00:00",
            "dateOfClosure": null,
            "waterLevelManual": false,
            "waterLevelManualStart": null,
            "waterLevelManualEnd": null,
            "waterLevelAuto": false,
            "waterLevelAutoStart": null,
            "waterLevelAutoEnd": null,
            "discharge": false,
            "dischargeStart": null,
            "dischargeEnd": null,
            "dischargeCm": false,
            "dischargeCmStart": null,
            "dischargeCmEnd": null,
            "sediment": false,
            "sedimentStart": null,
            "sedimentEnd": null,
            "waterQuality": false,
            "waterQualityStart": null,
            "waterQualityEnd": null,
            "rainfallManual": true,
            "rainfallManualStart": "1987-01-01T00:00:00",
            "rainfallManualEnd": null,
            "rainfallAuto": false,
            "rainfallAutoStart": null,
            "rainfallAutoEnd": null,
            "climaticManual": false,
            "climaticManualStart": null,
            "climaticManualEnd": null,
            "climaticAuto": false,
            "climaticAutoStart": null,
            "climaticAutoEnd": null,
            "catDomain": false,
            "catDomainGw": false,
            "catMet": true,
            "catWq": false,
            "catDomainInfo": null,
            "catMetInfo": "Precipititation(Standard - SRG)",
            "catWqInfo": null,
            "mc": null,
            "sc": null,
            "cw": null,
            "wqYesNo": false,
            "distanceToOutlet": 0.0,
            "dwlrNo": null,
            "dwlrType": null,
            "transferSelected": false,
            "swNetworkType": null,
            "metNetworkType": 12,
            "wqNetworkType": null,
            "stationOperational": true,
            "bank": null,
            "swStationOwner": null,
            "metStationOwner": null,
            "wqStationOwner": null,
            "createdOn": null,
            "createdBy": null,
            "updatedOn": null,
            "updatedBy": null,
            "maxRainfallDate": "2015-12-31T08:30:00",
            "maxClimaticDate": null,
            "wimsCode": null
        },
        {
            "stationId": 84,
            "stationCode": "M.Shivapur",
            "stationName": "Maradi.Shivapur",
            "agencyId": 3,
            "stateId": 10,
            "districtId": 167,
            "tahsilId": 2421,
            "lat": "16°20'00\"",
            "longitude": "74°56'00\"",
            "refToposheetNo": "47L-16",
            "altitude": 508.55,
            "zeroRl": 0,
            "basinId": 7,
            "riverId": 21,
            "tributaryId": 182,
            "subTributaryId": null,
            "subSubTributaryId": null,
            "localRiverId": null,
            "catchmentArea": null,
            "regionalOfficeId": 12,
            "circleOfficeId": 19,
            "divisionalOfficeId": 54,
            "subDivisionalOfficeId": null,
            "sectionOfficeId": null,
            "ownerAgencyId": 3,
            "locationDetails": "Primary School M.Shivapur",
            "busStand": "M.Shivapur",
            "station": null,
            "airport": null,
            "town": null,
            "address": "Primary School M.Shivapur",
            "otherInformation": null,
            "stationSetup": "SRG",
            "accessibility": "Road",
            "stationHistory": null,
            "dateOfEstablishment": "1988-06-01T00:00:00",
            "dateOfClosure": null,
            "waterLevelManual": false,
            "waterLevelManualStart": null,
            "waterLevelManualEnd": null,
            "waterLevelAuto": false,
            "waterLevelAutoStart": null,
            "waterLevelAutoEnd": null,
            "discharge": false,
            "dischargeStart": null,
            "dischargeEnd": null,
            "dischargeCm": false,
            "dischargeCmStart": null,
            "dischargeCmEnd": null,
            "sediment": false,
            "sedimentStart": null,
            "sedimentEnd": null,
            "waterQuality": false,
            "waterQualityStart": null,
            "waterQualityEnd": null,
            "rainfallManual": true,
            "rainfallManualStart": "1988-06-01T00:00:00",
            "rainfallManualEnd": null,
            "rainfallAuto": false,
            "rainfallAutoStart": null,
            "rainfallAutoEnd": null,
            "climaticManual": false,
            "climaticManualStart": null,
            "climaticManualEnd": null,
            "climaticAuto": false,
            "climaticAutoStart": null,
            "climaticAutoEnd": null,
            "catDomain": false,
            "catDomainGw": false,
            "catMet": true,
            "catWq": false,
            "catDomainInfo": null,
            "catMetInfo": "Precipititation(Standard - SRG)",
            "catWqInfo": null,
            "mc": null,
            "sc": null,
            "cw": null,
            "wqYesNo": false,
            "distanceToOutlet": 0.0,
            "dwlrNo": null,
            "dwlrType": null,
            "transferSelected": false,
            "swNetworkType": null,
            "metNetworkType": 12,
            "wqNetworkType": null,
            "stationOperational": true,
            "bank": null,
            "swStationOwner": null,
            "metStationOwner": null,
            "wqStationOwner": null,
            "createdOn": null,
            "createdBy": null,
            "updatedOn": null,
            "updatedBy": null,
            "maxRainfallDate": "2015-12-31T08:30:00",
            "maxClimaticDate": null,
            "wimsCode": null
        },
        {
            "stationId": 34,
            "stationCode": "Galatga",
            "stationName": "Galatga",
            "agencyId": 3,
            "stateId": 10,
            "districtId": 167,
            "tahsilId": 2420,
            "lat": "16°20'00\"",
            "longitude": "74°28'00\"",
            "refToposheetNo": "47L-7",
            "altitude": 576.07,
            "zeroRl": 0,
            "basinId": 7,
            "riverId": 21,
            "tributaryId": null,
            "subTributaryId": null,
            "subSubTributaryId": null,
            "localRiverId": 269,
            "catchmentArea": null,
            "regionalOfficeId": 12,
            "circleOfficeId": 19,
            "divisionalOfficeId": 54,
            "subDivisionalOfficeId": null,
            "sectionOfficeId": null,
            "ownerAgencyId": 3,
            "locationDetails": "Veternary Hospital Galatga",
            "busStand": "Galatga",
            "station": null,
            "airport": null,
            "town": null,
            "address": "Veternary Hospital Galatga",
            "otherInformation": null,
            "stationSetup": "SRG",
            "accessibility": "Road",
            "stationHistory": null,
            "dateOfEstablishment": "1988-06-01T00:00:00",
            "dateOfClosure": null,
            "waterLevelManual": false,
            "waterLevelManualStart": null,
            "waterLevelManualEnd": null,
            "waterLevelAuto": false,
            "waterLevelAutoStart": null,
            "waterLevelAutoEnd": null,
            "discharge": false,
            "dischargeStart": null,
            "dischargeEnd": null,
            "dischargeCm": false,
            "dischargeCmStart": null,
            "dischargeCmEnd": null,
            "sediment": false,
            "sedimentStart": null,
            "sedimentEnd": null,
            "waterQuality": false,
            "waterQualityStart": null,
            "waterQualityEnd": null,
            "rainfallManual": true,
            "rainfallManualStart": "1988-06-01T00:00:00",
            "rainfallManualEnd": null,
            "rainfallAuto": false,
            "rainfallAutoStart": null,
            "rainfallAutoEnd": null,
            "climaticManual": false,
            "climaticManualStart": null,
            "climaticManualEnd": null,
            "climaticAuto": false,
            "climaticAutoStart": null,
            "climaticAutoEnd": null,
            "catDomain": false,
            "catDomainGw": false,
            "catMet": true,
            "catWq": false,
            "catDomainInfo": null,
            "catMetInfo": "Precipititation(Standard - SRG)",
            "catWqInfo": null,
            "mc": null,
            "sc": null,
            "cw": null,
            "wqYesNo": false,
            "distanceToOutlet": 0.0,
            "dwlrNo": null,
            "dwlrType": null,
            "transferSelected": false,
            "swNetworkType": null,
            "metNetworkType": 12,
            "wqNetworkType": null,
            "stationOperational": true,
            "bank": null,
            "swStationOwner": null,
            "metStationOwner": null,
            "wqStationOwner": null,
            "createdOn": null,
            "createdBy": null,
            "updatedOn": null,
            "updatedBy": null,
            "maxRainfallDate": "2015-12-31T08:30:00",
            "maxClimaticDate": null,
            "wimsCode": null
        },
        {
            "stationId": 91,
            "stationCode": "Mudalgi",
            "stationName": "Mudalgi",
            "agencyId": 3,
            "stateId": 10,
            "districtId": 167,
            "tahsilId": 2421,
            "lat": "16°20'00\"",
            "longitude": "74°55'00\"",
            "refToposheetNo": "47L-15",
            "altitude": 512.12,
            "zeroRl": 0,
            "basinId": 7,
            "riverId": 21,
            "tributaryId": 182,
            "subTributaryId": null,
            "subSubTributaryId": null,
            "localRiverId": null,
            "catchmentArea": null,
            "regionalOfficeId": 12,
            "circleOfficeId": 19,
            "divisionalOfficeId": 54,
            "subDivisionalOfficeId": null,
            "sectionOfficeId": null,
            "ownerAgencyId": 3,
            "locationDetails": "PHC.Mudalgi",
            "busStand": "Mudalgi",
            "station": null,
            "airport": null,
            "town": null,
            "address": "PHC.Mudalgi",
            "otherInformation": null,
            "stationSetup": "SRG",
            "accessibility": "Road",
            "stationHistory": null,
            "dateOfEstablishment": "1988-06-01T00:00:00",
            "dateOfClosure": null,
            "waterLevelManual": false,
            "waterLevelManualStart": null,
            "waterLevelManualEnd": null,
            "waterLevelAuto": false,
            "waterLevelAutoStart": null,
            "waterLevelAutoEnd": null,
            "discharge": false,
            "dischargeStart": null,
            "dischargeEnd": null,
            "dischargeCm": false,
            "dischargeCmStart": null,
            "dischargeCmEnd": null,
            "sediment": false,
            "sedimentStart": null,
            "sedimentEnd": null,
            "waterQuality": false,
            "waterQualityStart": null,
            "waterQualityEnd": null,
            "rainfallManual": true,
            "rainfallManualStart": "1988-06-01T00:00:00",
            "rainfallManualEnd": null,
            "rainfallAuto": false,
            "rainfallAutoStart": null,
            "rainfallAutoEnd": null,
            "climaticManual": false,
            "climaticManualStart": null,
            "climaticManualEnd": null,
            "climaticAuto": false,
            "climaticAutoStart": null,
            "climaticAutoEnd": null,
            "catDomain": false,
            "catDomainGw": false,
            "catMet": true,
            "catWq": false,
            "catDomainInfo": null,
            "catMetInfo": "Precipititation(Standard - SRG)",
            "catWqInfo": null,
            "mc": null,
            "sc": null,
            "cw": null,
            "wqYesNo": false,
            "distanceToOutlet": 0.0,
            "dwlrNo": null,
            "dwlrType": null,
            "transferSelected": false,
            "swNetworkType": null,
            "metNetworkType": 12,
            "wqNetworkType": null,
            "stationOperational": true,
            "bank": null,
            "swStationOwner": null,
            "metStationOwner": null,
            "wqStationOwner": null,
            "createdOn": null,
            "createdBy": null,
            "updatedOn": null,
            "updatedBy": null,
            "maxRainfallDate": "2015-12-31T08:30:00",
            "maxClimaticDate": "2024-06-14T17:38:08.334",
            "wimsCode": null
        },
        {
            "stationId": 105,
            "stationCode": "Raibag",
            "stationName": "Raibag",
            "agencyId": 3,
            "stateId": 10,
            "districtId": 167,
            "tahsilId": 2424,
            "lat": "16°29'27\"",
            "longitude": "74°46'40\"",
            "refToposheetNo": "47L-1",
            "altitude": 594.36,
            "zeroRl": 0,
            "basinId": 7,
            "riverId": 21,
            "tributaryId": null,
            "subTributaryId": null,
            "subSubTributaryId": null,
            "localRiverId": null,
            "catchmentArea": null,
            "regionalOfficeId": 12,
            "circleOfficeId": 19,
            "divisionalOfficeId": 54,
            "subDivisionalOfficeId": null,
            "sectionOfficeId": null,
            "ownerAgencyId": 3,
            "locationDetails": "Located in Block Development Office premises Raibag",
            "busStand": "Raibag",
            "station": "Belgaum",
            "airport": "Bombay",
            "town": "Belgaum",
            "address": "Block Development Office premises Raibag",
            "otherInformation": null,
            "stationSetup": "ARG",
            "accessibility": "By Road",
            "stationHistory": null,
            "dateOfEstablishment": "2001-01-01T00:00:00",
            "dateOfClosure": null,
            "waterLevelManual": false,
            "waterLevelManualStart": null,
            "waterLevelManualEnd": null,
            "waterLevelAuto": false,
            "waterLevelAutoStart": null,
            "waterLevelAutoEnd": null,
            "discharge": false,
            "dischargeStart": null,
            "dischargeEnd": null,
            "dischargeCm": false,
            "dischargeCmStart": null,
            "dischargeCmEnd": null,
            "sediment": false,
            "sedimentStart": null,
            "sedimentEnd": null,
            "waterQuality": false,
            "waterQualityStart": null,
            "waterQualityEnd": null,
            "rainfallManual": true,
            "rainfallManualStart": "2001-01-01T00:00:00",
            "rainfallManualEnd": null,
            "rainfallAuto": true,
            "rainfallAutoStart": "1988-01-01T00:00:00",
            "rainfallAutoEnd": null,
            "climaticManual": false,
            "climaticManualStart": null,
            "climaticManualEnd": null,
            "climaticAuto": false,
            "climaticAutoStart": null,
            "climaticAutoEnd": null,
            "catDomain": false,
            "catDomainGw": false,
            "catMet": true,
            "catWq": false,
            "catDomainInfo": null,
            "catMetInfo": "Precipititation(Autographic - ARG)",
            "catWqInfo": null,
            "mc": null,
            "sc": null,
            "cw": null,
            "wqYesNo": false,
            "distanceToOutlet": null,
            "dwlrNo": null,
            "dwlrType": null,
            "transferSelected": false,
            "swNetworkType": null,
            "metNetworkType": 10,
            "wqNetworkType": null,
            "stationOperational": true,
            "bank": null,
            "swStationOwner": null,
            "metStationOwner": null,
            "wqStationOwner": null,
            "createdOn": null,
            "createdBy": null,
            "updatedOn": null,
            "updatedBy": null,
            "maxRainfallDate": "2015-12-31T08:30:00",
            "maxClimaticDate": "2024-06-14T17:38:08.334",
            "wimsCode": null
        },
        {
            "stationId": 110,
            "stationCode": "Sankeshwar",
            "stationName": "Sankeshwar",
            "agencyId": 3,
            "stateId": 10,
            "districtId": 167,
            "tahsilId": 2422,
            "lat": "16°15'24\"",
            "longitude": "74°29'10\"",
            "refToposheetNo": "47L-7",
            "altitude": 632.87,
            "zeroRl": 0,
            "basinId": 7,
            "riverId": 21,
            "tributaryId": 182,
            "subTributaryId": null,
            "subSubTributaryId": null,
            "localRiverId": null,
            "catchmentArea": null,
            "regionalOfficeId": 12,
            "circleOfficeId": 19,
            "divisionalOfficeId": 54,
            "subDivisionalOfficeId": null,
            "sectionOfficeId": null,
            "ownerAgencyId": 3,
            "locationDetails": "Located in Inspection Bunglow premises Sankeshwar",
            "busStand": "Hukkeri",
            "station": "Belgaum",
            "airport": "Bombay",
            "town": "Belgaum",
            "address": "Inspection Bunglow premises Sankeshwar",
            "otherInformation": null,
            "stationSetup": "SRG",
            "accessibility": "By Road",
            "stationHistory": null,
            "dateOfEstablishment": "2064-01-01T00:00:00",
            "dateOfClosure": null,
            "waterLevelManual": false,
            "waterLevelManualStart": null,
            "waterLevelManualEnd": null,
            "waterLevelAuto": false,
            "waterLevelAutoStart": null,
            "waterLevelAutoEnd": null,
            "discharge": false,
            "dischargeStart": null,
            "dischargeEnd": null,
            "dischargeCm": false,
            "dischargeCmStart": null,
            "dischargeCmEnd": null,
            "sediment": false,
            "sedimentStart": null,
            "sedimentEnd": null,
            "waterQuality": false,
            "waterQualityStart": null,
            "waterQualityEnd": null,
            "rainfallManual": true,
            "rainfallManualStart": "2064-01-01T00:00:00",
            "rainfallManualEnd": null,
            "rainfallAuto": false,
            "rainfallAutoStart": null,
            "rainfallAutoEnd": null,
            "climaticManual": false,
            "climaticManualStart": null,
            "climaticManualEnd": null,
            "climaticAuto": false,
            "climaticAutoStart": null,
            "climaticAutoEnd": null,
            "catDomain": false,
            "catDomainGw": false,
            "catMet": true,
            "catWq": false,
            "catDomainInfo": null,
            "catMetInfo": "Precipititation(Standard - SRG)",
            "catWqInfo": null,
            "mc": null,
            "sc": null,
            "cw": null,
            "wqYesNo": false,
            "distanceToOutlet": null,
            "dwlrNo": null,
            "dwlrType": null,
            "transferSelected": false,
            "swNetworkType": null,
            "metNetworkType": 10,
            "wqNetworkType": null,
            "stationOperational": true,
            "bank": null,
            "swStationOwner": null,
            "metStationOwner": null,
            "wqStationOwner": null,
            "createdOn": null,
            "createdBy": null,
            "updatedOn": null,
            "updatedBy": null,
            "maxRainfallDate": "2015-12-31T08:30:00",
            "maxClimaticDate": null,
            "wimsCode": null
        },
        {
            "stationId": 90,
            "stationCode": "Mattihal",
            "stationName": "Mattihal",
            "agencyId": 3,
            "stateId": 10,
            "districtId": 170,
            "tahsilId": 2445,
            "lat": "16°27'57\"",
            "longitude": "75°44'05\"",
            "refToposheetNo": "47P-11",
            "altitude": null,
            "zeroRl": 0,
            "basinId": 7,
            "riverId": 21,
            "tributaryId": null,
            "subTributaryId": null,
            "subSubTributaryId": null,
            "localRiverId": null,
            "catchmentArea": null,
            "regionalOfficeId": 12,
            "circleOfficeId": 19,
            "divisionalOfficeId": 54,
            "subDivisionalOfficeId": null,
            "sectionOfficeId": null,
            "ownerAgencyId": 3,
            "locationDetails": "Primary School premises",
            "busStand": "Mattihal",
            "station": "Basavana Bagewadi Road",
            "airport": "Bombay",
            "town": "Basavana Bagewadi",
            "address": "Primary School , Mattihal,  PO_Mattihal,  Taluk_Basavana Bagewadi,  Dist_Bijapur",
            "otherInformation": null,
            "stationSetup": "SRG",
            "accessibility": "By road",
            "stationHistory": null,
            "dateOfEstablishment": "1987-01-01T00:00:00",
            "dateOfClosure": null,
            "waterLevelManual": false,
            "waterLevelManualStart": null,
            "waterLevelManualEnd": null,
            "waterLevelAuto": false,
            "waterLevelAutoStart": null,
            "waterLevelAutoEnd": null,
            "discharge": false,
            "dischargeStart": null,
            "dischargeEnd": null,
            "dischargeCm": false,
            "dischargeCmStart": null,
            "dischargeCmEnd": null,
            "sediment": false,
            "sedimentStart": null,
            "sedimentEnd": null,
            "waterQuality": false,
            "waterQualityStart": null,
            "waterQualityEnd": null,
            "rainfallManual": true,
            "rainfallManualStart": "1987-01-01T00:00:00",
            "rainfallManualEnd": null,
            "rainfallAuto": false,
            "rainfallAutoStart": null,
            "rainfallAutoEnd": null,
            "climaticManual": false,
            "climaticManualStart": null,
            "climaticManualEnd": null,
            "climaticAuto": false,
            "climaticAutoStart": null,
            "climaticAutoEnd": null,
            "catDomain": false,
            "catDomainGw": false,
            "catMet": true,
            "catWq": false,
            "catDomainInfo": null,
            "catMetInfo": "Precipititation(Standard - SRG)",
            "catWqInfo": null,
            "mc": null,
            "sc": null,
            "cw": null,
            "wqYesNo": false,
            "distanceToOutlet": 0.0,
            "dwlrNo": null,
            "dwlrType": null,
            "transferSelected": false,
            "swNetworkType": null,
            "metNetworkType": 12,
            "wqNetworkType": null,
            "stationOperational": true,
            "bank": null,
            "swStationOwner": null,
            "metStationOwner": null,
            "wqStationOwner": null,
            "createdOn": null,
            "createdBy": null,
            "updatedOn": null,
            "updatedBy": null,
            "maxRainfallDate": "2015-12-31T08:30:00",
            "maxClimaticDate": null,
            "wimsCode": null
        },
        {
            "stationId": 127,
            "stationCode": "Tikota",
            "stationName": "Tikota",
            "agencyId": 3,
            "stateId": 10,
            "districtId": 170,
            "tahsilId": 2447,
            "lat": "16°50'17\"",
            "longitude": "75°31'55\"",
            "refToposheetNo": "47P-9",
            "altitude": null,
            "zeroRl": 0,
            "basinId": 7,
            "riverId": 21,
            "tributaryId": null,
            "subTributaryId": null,
            "subSubTributaryId": null,
            "localRiverId": null,
            "catchmentArea": null,
            "regionalOfficeId": 12,
            "circleOfficeId": 19,
            "divisionalOfficeId": 54,
            "subDivisionalOfficeId": null,
            "sectionOfficeId": null,
            "ownerAgencyId": 3,
            "locationDetails": "Located in Inspection Bunglow premises Tikota",
            "busStand": "Bijapur",
            "station": "Bijapur",
            "airport": "Bombay",
            "town": "Bijapur",
            "address": "Inspection Bunglow premises Tikota",
            "otherInformation": null,
            "stationSetup": "SRG",
            "accessibility": "By Road",
            "stationHistory": null,
            "dateOfEstablishment": "1980-01-01T00:00:00",
            "dateOfClosure": null,
            "waterLevelManual": false,
            "waterLevelManualStart": null,
            "waterLevelManualEnd": null,
            "waterLevelAuto": false,
            "waterLevelAutoStart": null,
            "waterLevelAutoEnd": null,
            "discharge": false,
            "dischargeStart": null,
            "dischargeEnd": null,
            "dischargeCm": false,
            "dischargeCmStart": null,
            "dischargeCmEnd": null,
            "sediment": false,
            "sedimentStart": null,
            "sedimentEnd": null,
            "waterQuality": false,
            "waterQualityStart": null,
            "waterQualityEnd": null,
            "rainfallManual": true,
            "rainfallManualStart": "1980-01-01T00:00:00",
            "rainfallManualEnd": null,
            "rainfallAuto": false,
            "rainfallAutoStart": null,
            "rainfallAutoEnd": null,
            "climaticManual": false,
            "climaticManualStart": null,
            "climaticManualEnd": null,
            "climaticAuto": false,
            "climaticAutoStart": null,
            "climaticAutoEnd": null,
            "catDomain": false,
            "catDomainGw": false,
            "catMet": true,
            "catWq": false,
            "catDomainInfo": null,
            "catMetInfo": "Precipititation(Standard - SRG)",
            "catWqInfo": null,
            "mc": null,
            "sc": null,
            "cw": null,
            "wqYesNo": false,
            "distanceToOutlet": null,
            "dwlrNo": null,
            "dwlrType": null,
            "transferSelected": true,
            "swNetworkType": null,
            "metNetworkType": 10,
            "wqNetworkType": null,
            "stationOperational": true,
            "bank": null,
            "swStationOwner": null,
            "metStationOwner": null,
            "wqStationOwner": null,
            "createdOn": null,
            "createdBy": null,
            "updatedOn": null,
            "updatedBy": null,
            "maxRainfallDate": "2015-12-31T08:30:00",
            "maxClimaticDate": null,
            "wimsCode": null
        },
        {
            "stationId": 37,
            "stationCode": "Gudur",
            "stationName": "Gudur",
            "agencyId": 3,
            "stateId": 10,
            "districtId": 164,
            "tahsilId": 2398,
            "lat": "15°56'10\"",
            "longitude": "75°54'57\"",
            "refToposheetNo": "48M-13",
            "altitude": null,
            "zeroRl": 0,
            "basinId": 7,
            "riverId": 21,
            "tributaryId": null,
            "subTributaryId": null,
            "subSubTributaryId": null,
            "localRiverId": null,
            "catchmentArea": null,
            "regionalOfficeId": 12,
            "circleOfficeId": 19,
            "divisionalOfficeId": 54,
            "subDivisionalOfficeId": null,
            "sectionOfficeId": null,
            "ownerAgencyId": 3,
            "locationDetails": "Primary Health Centre Premises",
            "busStand": "Gudur",
            "station": "Bagalkot",
            "airport": null,
            "town": null,
            "address": "Primary Health Centre, Gudur, PO_Gudur, Taluk_Hungund, Dist_Bagalkot",
            "otherInformation": null,
            "stationSetup": "SRG",
            "accessibility": "By road",
            "stationHistory": null,
            "dateOfEstablishment": "1987-01-01T00:00:00",
            "dateOfClosure": null,
            "waterLevelManual": false,
            "waterLevelManualStart": null,
            "waterLevelManualEnd": null,
            "waterLevelAuto": false,
            "waterLevelAutoStart": null,
            "waterLevelAutoEnd": null,
            "discharge": false,
            "dischargeStart": null,
            "dischargeEnd": null,
            "dischargeCm": false,
            "dischargeCmStart": null,
            "dischargeCmEnd": null,
            "sediment": false,
            "sedimentStart": null,
            "sedimentEnd": null,
            "waterQuality": false,
            "waterQualityStart": null,
            "waterQualityEnd": null,
            "rainfallManual": true,
            "rainfallManualStart": "1987-01-01T00:00:00",
            "rainfallManualEnd": null,
            "rainfallAuto": false,
            "rainfallAutoStart": null,
            "rainfallAutoEnd": null,
            "climaticManual": false,
            "climaticManualStart": null,
            "climaticManualEnd": null,
            "climaticAuto": false,
            "climaticAutoStart": null,
            "climaticAutoEnd": null,
            "catDomain": false,
            "catDomainGw": false,
            "catMet": true,
            "catWq": false,
            "catDomainInfo": null,
            "catMetInfo": "Precipititation(Standard - SRG)",
            "catWqInfo": null,
            "mc": null,
            "sc": null,
            "cw": null,
            "wqYesNo": false,
            "distanceToOutlet": 0.0,
            "dwlrNo": null,
            "dwlrType": null,
            "transferSelected": false,
            "swNetworkType": null,
            "metNetworkType": 12,
            "wqNetworkType": null,
            "stationOperational": true,
            "bank": null,
            "swStationOwner": null,
            "metStationOwner": null,
            "wqStationOwner": null,
            "createdOn": null,
            "createdBy": null,
            "updatedOn": null,
            "updatedBy": null,
            "maxRainfallDate": "2015-12-31T08:30:00",
            "maxClimaticDate": null,
            "wimsCode": null
        },
        {
            "stationId": 47,
            "stationCode": "Hirekoppa",
            "stationName": "Hirekoppa",
            "agencyId": 3,
            "stateId": 10,
            "districtId": 167,
            "tahsilId": 2426,
            "lat": "15°51'59\"",
            "longitude": "75°22'34\"",
            "refToposheetNo": "48M-5",
            "altitude": 660.0,
            "zeroRl": 0,
            "basinId": 7,
            "riverId": 21,
            "tributaryId": 182,
            "subTributaryId": null,
            "subSubTributaryId": null,
            "localRiverId": null,
            "catchmentArea": null,
            "regionalOfficeId": 12,
            "circleOfficeId": 19,
            "divisionalOfficeId": 54,
            "subDivisionalOfficeId": null,
            "sectionOfficeId": null,
            "ownerAgencyId": 3,
            "locationDetails": "Located in the premises of Kannada School  Hirekoppa",
            "busStand": "Ramadurg",
            "station": "Belgaum",
            "airport": "Bombay",
            "town": "Belgaum",
            "address": "Located in the premises of Kannada School  Hirekoppa",
            "otherInformation": null,
            "stationSetup": "SRG",
            "accessibility": "By Road",
            "stationHistory": null,
            "dateOfEstablishment": "1999-01-01T00:00:00",
            "dateOfClosure": null,
            "waterLevelManual": false,
            "waterLevelManualStart": null,
            "waterLevelManualEnd": null,
            "waterLevelAuto": false,
            "waterLevelAutoStart": null,
            "waterLevelAutoEnd": null,
            "discharge": false,
            "dischargeStart": null,
            "dischargeEnd": null,
            "dischargeCm": false,
            "dischargeCmStart": null,
            "dischargeCmEnd": null,
            "sediment": false,
            "sedimentStart": null,
            "sedimentEnd": null,
            "waterQuality": false,
            "waterQualityStart": null,
            "waterQualityEnd": null,
            "rainfallManual": true,
            "rainfallManualStart": "1999-01-01T00:00:00",
            "rainfallManualEnd": null,
            "rainfallAuto": false,
            "rainfallAutoStart": null,
            "rainfallAutoEnd": null,
            "climaticManual": false,
            "climaticManualStart": null,
            "climaticManualEnd": null,
            "climaticAuto": false,
            "climaticAutoStart": null,
            "climaticAutoEnd": null,
            "catDomain": false,
            "catDomainGw": false,
            "catMet": true,
            "catWq": false,
            "catDomainInfo": null,
            "catMetInfo": "Precipititation(Standard - SRG)",
            "catWqInfo": null,
            "mc": null,
            "sc": null,
            "cw": null,
            "wqYesNo": false,
            "distanceToOutlet": null,
            "dwlrNo": null,
            "dwlrType": null,
            "transferSelected": false,
            "swNetworkType": null,
            "metNetworkType": 10,
            "wqNetworkType": null,
            "stationOperational": true,
            "bank": null,
            "swStationOwner": null,
            "metStationOwner": null,
            "wqStationOwner": null,
            "createdOn": null,
            "createdBy": null,
            "updatedOn": null,
            "updatedBy": null,
            "maxRainfallDate": "2015-12-31T08:30:00",
            "maxClimaticDate": null,
            "wimsCode": null
        },
        {
            "stationId": 43,
            "stationCode": "Harugeri.",
            "stationName": "Harugeri.",
            "agencyId": 3,
            "stateId": 10,
            "districtId": 167,
            "tahsilId": 2424,
            "lat": "16°31'00\"",
            "longitude": "75°57'00\"",
            "refToposheetNo": null,
            "altitude": null,
            "zeroRl": 0,
            "basinId": 7,
            "riverId": 21,
            "tributaryId": null,
            "subTributaryId": null,
            "subSubTributaryId": null,
            "localRiverId": null,
            "catchmentArea": null,
            "regionalOfficeId": 12,
            "circleOfficeId": 19,
            "divisionalOfficeId": 54,
            "subDivisionalOfficeId": null,
            "sectionOfficeId": null,
            "ownerAgencyId": 3,
            "locationDetails": "Primery health center Harugery.",
            "busStand": "Harugeri",
            "station": "Kudachi.",
            "airport": "Belgaum.",
            "town": "Rayabag",
            "address": "Primery health center, Harugeri.",
            "otherInformation": null,
            "stationSetup": "SRG.",
            "accessibility": "By road.",
            "stationHistory": null,
            "dateOfEstablishment": "1987-01-01T00:00:00",
            "dateOfClosure": null,
            "waterLevelManual": false,
            "waterLevelManualStart": null,
            "waterLevelManualEnd": null,
            "waterLevelAuto": false,
            "waterLevelAutoStart": null,
            "waterLevelAutoEnd": null,
            "discharge": false,
            "dischargeStart": null,
            "dischargeEnd": null,
            "dischargeCm": false,
            "dischargeCmStart": null,
            "dischargeCmEnd": null,
            "sediment": false,
            "sedimentStart": null,
            "sedimentEnd": null,
            "waterQuality": false,
            "waterQualityStart": null,
            "waterQualityEnd": null,
            "rainfallManual": true,
            "rainfallManualStart": "1987-01-01T00:00:00",
            "rainfallManualEnd": null,
            "rainfallAuto": false,
            "rainfallAutoStart": null,
            "rainfallAutoEnd": null,
            "climaticManual": false,
            "climaticManualStart": null,
            "climaticManualEnd": null,
            "climaticAuto": false,
            "climaticAutoStart": null,
            "climaticAutoEnd": null,
            "catDomain": false,
            "catDomainGw": false,
            "catMet": true,
            "catWq": false,
            "catDomainInfo": null,
            "catMetInfo": "Precipititation(Standard - SRG)",
            "catWqInfo": null,
            "mc": null,
            "sc": null,
            "cw": null,
            "wqYesNo": false,
            "distanceToOutlet": 0.0,
            "dwlrNo": null,
            "dwlrType": null,
            "transferSelected": false,
            "swNetworkType": null,
            "metNetworkType": 12,
            "wqNetworkType": null,
            "stationOperational": true,
            "bank": null,
            "swStationOwner": null,
            "metStationOwner": null,
            "wqStationOwner": null,
            "createdOn": null,
            "createdBy": null,
            "updatedOn": null,
            "updatedBy": null,
            "maxRainfallDate": "2015-12-31T08:30:00",
            "maxClimaticDate": null,
            "wimsCode": null
        },
        {
            "stationId": 30,
            "stationCode": "Daddi",
            "stationName": "Daddi",
            "agencyId": 3,
            "stateId": 10,
            "districtId": 167,
            "tahsilId": 2422,
            "lat": null,
            "longitude": null,
            "refToposheetNo": "47L-8",
            "altitude": 681.77,
            "zeroRl": 0,
            "basinId": 7,
            "riverId": 21,
            "tributaryId": 182,
            "subTributaryId": null,
            "subSubTributaryId": null,
            "localRiverId": null,
            "catchmentArea": null,
            "regionalOfficeId": 12,
            "circleOfficeId": 19,
            "divisionalOfficeId": 54,
            "subDivisionalOfficeId": null,
            "sectionOfficeId": null,
            "ownerAgencyId": 3,
            "locationDetails": "PHC Daddi",
            "busStand": "Daddi",
            "station": null,
            "airport": null,
            "town": null,
            "address": "PHC Daddi",
            "otherInformation": null,
            "stationSetup": "SRG",
            "accessibility": "Road",
            "stationHistory": null,
            "dateOfEstablishment": "1988-06-01T00:00:00",
            "dateOfClosure": null,
            "waterLevelManual": false,
            "waterLevelManualStart": null,
            "waterLevelManualEnd": null,
            "waterLevelAuto": false,
            "waterLevelAutoStart": null,
            "waterLevelAutoEnd": null,
            "discharge": false,
            "dischargeStart": null,
            "dischargeEnd": null,
            "dischargeCm": false,
            "dischargeCmStart": null,
            "dischargeCmEnd": null,
            "sediment": false,
            "sedimentStart": null,
            "sedimentEnd": null,
            "waterQuality": false,
            "waterQualityStart": null,
            "waterQualityEnd": null,
            "rainfallManual": true,
            "rainfallManualStart": "1988-06-01T00:00:00",
            "rainfallManualEnd": null,
            "rainfallAuto": false,
            "rainfallAutoStart": null,
            "rainfallAutoEnd": null,
            "climaticManual": false,
            "climaticManualStart": null,
            "climaticManualEnd": null,
            "climaticAuto": false,
            "climaticAutoStart": null,
            "climaticAutoEnd": null,
            "catDomain": false,
            "catDomainGw": false,
            "catMet": true,
            "catWq": false,
            "catDomainInfo": null,
            "catMetInfo": "Precipititation(Standard - SRG)",
            "catWqInfo": null,
            "mc": null,
            "sc": null,
            "cw": null,
            "wqYesNo": false,
            "distanceToOutlet": 0.0,
            "dwlrNo": null,
            "dwlrType": null,
            "transferSelected": false,
            "swNetworkType": null,
            "metNetworkType": 12,
            "wqNetworkType": null,
            "stationOperational": true,
            "bank": null,
            "swStationOwner": null,
            "metStationOwner": null,
            "wqStationOwner": null,
            "createdOn": null,
            "createdBy": null,
            "updatedOn": null,
            "updatedBy": null,
            "maxRainfallDate": "2015-12-31T08:30:00",
            "maxClimaticDate": "2024-03-04T17:38:08.334",
            "wimsCode": null
        },
        {
            "stationId": 44,
            "stationCode": "Hattargi",
            "stationName": "Hattargi",
            "agencyId": 3,
            "stateId": 10,
            "districtId": 167,
            "tahsilId": 2422,
            "lat": "16°08'00'",
            "longitude": "74°32'00'",
            "refToposheetNo": "47L-12",
            "altitude": 672.83,
            "zeroRl": null,
            "basinId": 7,
            "riverId": 21,
            "tributaryId": 182,
            "subTributaryId": null,
            "subSubTributaryId": null,
            "localRiverId": 0,
            "catchmentArea": 0.0,
            "regionalOfficeId": 12,
            "circleOfficeId": 19,
            "divisionalOfficeId": 54,
            "subDivisionalOfficeId": null,
            "sectionOfficeId": null,
            "ownerAgencyId": 3,
            "locationDetails": "By the side of NH 4 Hattargi",
            "busStand": "Hattargi",
            "station": "N/A",
            "airport": "N/A",
            "town": "N/A",
            "address": "By the side of NH 4 Hattargi",
            "otherInformation": "N/A",
            "stationSetup": "SRG",
            "accessibility": "Road",
            "stationHistory": "N/A",
            "dateOfEstablishment": "1988-06-01T00:00:00",
            "dateOfClosure": "2018-01-01T19:09:11",
            "waterLevelManual": false,
            "waterLevelManualStart": null,
            "waterLevelManualEnd": null,
            "waterLevelAuto": false,
            "waterLevelAutoStart": null,
            "waterLevelAutoEnd": null,
            "discharge": false,
            "dischargeStart": null,
            "dischargeEnd": null,
            "dischargeCm": false,
            "dischargeCmStart": null,
            "dischargeCmEnd": null,
            "sediment": false,
            "sedimentStart": null,
            "sedimentEnd": null,
            "waterQuality": false,
            "waterQualityStart": null,
            "waterQualityEnd": null,
            "rainfallManual": true,
            "rainfallManualStart": "1988-06-01T00:00:00",
            "rainfallManualEnd": null,
            "rainfallAuto": false,
            "rainfallAutoStart": null,
            "rainfallAutoEnd": null,
            "climaticManual": false,
            "climaticManualStart": null,
            "climaticManualEnd": null,
            "climaticAuto": false,
            "climaticAutoStart": null,
            "climaticAutoEnd": null,
            "catDomain": false,
            "catDomainGw": true,
            "catMet": true,
            "catWq": false,
            "catDomainInfo": null,
            "catMetInfo": null,
            "catWqInfo": null,
            "mc": 0,
            "sc": 0,
            "cw": 0,
            "wqYesNo": true,
            "distanceToOutlet": null,
            "dwlrNo": "",
            "dwlrType": "",
            "transferSelected": true,
            "swNetworkType": null,
            "metNetworkType": 12,
            "wqNetworkType": null,
            "stationOperational": true,
            "bank": "N/A",
            "swStationOwner": null,
            "metStationOwner": null,
            "wqStationOwner": null,
            "createdOn": null,
            "createdBy": null,
            "updatedOn": "2024-06-17T19:12:35",
            "updatedBy": null,
            "maxRainfallDate": "2015-12-31T08:30:00",
            "maxClimaticDate": null,
            "wimsCode": "SDWE"
        },
        {
            "stationId": 11,
            "stationCode": "Athani",
            "stationName": "Athani",
            "agencyId": 3,
            "stateId": 10,
            "districtId": 167,
            "tahsilId": 2416,
            "lat": "16°43'19\"",
            "longitude": "75°03'13\"",
            "refToposheetNo": "47P-2",
            "altitude": 563.58,
            "zeroRl": 0,
            "basinId": 7,
            "riverId": 21,
            "tributaryId": null,
            "subTributaryId": null,
            "subSubTributaryId": null,
            "localRiverId": null,
            "catchmentArea": null,
            "regionalOfficeId": 12,
            "circleOfficeId": 19,
            "divisionalOfficeId": 54,
            "subDivisionalOfficeId": null,
            "sectionOfficeId": null,
            "ownerAgencyId": 3,
            "locationDetails": "Located in the premises of Hippargi Barrage Construction Division Office Athani",
            "busStand": "Athani",
            "station": "Belgaum",
            "airport": "Bombay",
            "town": "Belgaum",
            "address": "Hippargi Barrage Construction Division Office  premises Athani",
            "otherInformation": null,
            "stationSetup": "ARG",
            "accessibility": "BY Road",
            "stationHistory": null,
            "dateOfEstablishment": "2001-01-01T00:00:00",
            "dateOfClosure": null,
            "waterLevelManual": false,
            "waterLevelManualStart": null,
            "waterLevelManualEnd": null,
            "waterLevelAuto": false,
            "waterLevelAutoStart": null,
            "waterLevelAutoEnd": null,
            "discharge": false,
            "dischargeStart": null,
            "dischargeEnd": null,
            "dischargeCm": false,
            "dischargeCmStart": null,
            "dischargeCmEnd": null,
            "sediment": false,
            "sedimentStart": null,
            "sedimentEnd": null,
            "waterQuality": false,
            "waterQualityStart": null,
            "waterQualityEnd": null,
            "rainfallManual": true,
            "rainfallManualStart": "2001-01-01T00:00:00",
            "rainfallManualEnd": null,
            "rainfallAuto": true,
            "rainfallAutoStart": "1988-01-01T00:00:00",
            "rainfallAutoEnd": null,
            "climaticManual": false,
            "climaticManualStart": null,
            "climaticManualEnd": null,
            "climaticAuto": false,
            "climaticAutoStart": null,
            "climaticAutoEnd": null,
            "catDomain": false,
            "catDomainGw": false,
            "catMet": true,
            "catWq": false,
            "catDomainInfo": null,
            "catMetInfo": "Precipititation(Autographic - ARG)",
            "catWqInfo": null,
            "mc": null,
            "sc": null,
            "cw": null,
            "wqYesNo": false,
            "distanceToOutlet": null,
            "dwlrNo": null,
            "dwlrType": null,
            "transferSelected": false,
            "swNetworkType": null,
            "metNetworkType": 10,
            "wqNetworkType": null,
            "stationOperational": true,
            "bank": null,
            "swStationOwner": null,
            "metStationOwner": null,
            "wqStationOwner": null,
            "createdOn": null,
            "createdBy": null,
            "updatedOn": null,
            "updatedBy": null,
            "maxRainfallDate": "2015-12-31T08:30:00",
            "maxClimaticDate": null,
            "wimsCode": null
        },
        {
            "stationId": 123,
            "stationCode": "Suttatti",
            "stationName": "Suttatti",
            "agencyId": 3,
            "stateId": 10,
            "districtId": 167,
            "tahsilId": 2416,
            "lat": "16°39'20\"",
            "longitude": "75°13'10\"",
            "refToposheetNo": "47P-2",
            "altitude": null,
            "zeroRl": 0,
            "basinId": 7,
            "riverId": 21,
            "tributaryId": null,
            "subTributaryId": null,
            "subSubTributaryId": null,
            "localRiverId": null,
            "catchmentArea": null,
            "regionalOfficeId": 12,
            "circleOfficeId": 19,
            "divisionalOfficeId": 54,
            "subDivisionalOfficeId": null,
            "sectionOfficeId": null,
            "ownerAgencyId": 3,
            "locationDetails": "Sheep Farm",
            "busStand": "Suttatti",
            "station": "Bijapur",
            "airport": "Bombay",
            "town": "Athani",
            "address": "Sheep Farm, Suttatti, PO_Suttatti",
            "otherInformation": null,
            "stationSetup": "SRG",
            "accessibility": "By road",
            "stationHistory": null,
            "dateOfEstablishment": "1987-01-01T00:00:00",
            "dateOfClosure": null,
            "waterLevelManual": false,
            "waterLevelManualStart": null,
            "waterLevelManualEnd": null,
            "waterLevelAuto": false,
            "waterLevelAutoStart": null,
            "waterLevelAutoEnd": null,
            "discharge": false,
            "dischargeStart": null,
            "dischargeEnd": null,
            "dischargeCm": false,
            "dischargeCmStart": null,
            "dischargeCmEnd": null,
            "sediment": false,
            "sedimentStart": null,
            "sedimentEnd": null,
            "waterQuality": false,
            "waterQualityStart": null,
            "waterQualityEnd": null,
            "rainfallManual": true,
            "rainfallManualStart": "1987-01-01T00:00:00",
            "rainfallManualEnd": null,
            "rainfallAuto": false,
            "rainfallAutoStart": null,
            "rainfallAutoEnd": null,
            "climaticManual": false,
            "climaticManualStart": null,
            "climaticManualEnd": null,
            "climaticAuto": false,
            "climaticAutoStart": null,
            "climaticAutoEnd": null,
            "catDomain": false,
            "catDomainGw": false,
            "catMet": true,
            "catWq": false,
            "catDomainInfo": null,
            "catMetInfo": "Precipititation(Standard - SRG)",
            "catWqInfo": null,
            "mc": null,
            "sc": null,
            "cw": null,
            "wqYesNo": false,
            "distanceToOutlet": 0.0,
            "dwlrNo": null,
            "dwlrType": null,
            "transferSelected": false,
            "swNetworkType": null,
            "metNetworkType": 12,
            "wqNetworkType": null,
            "stationOperational": true,
            "bank": null,
            "swStationOwner": null,
            "metStationOwner": null,
            "wqStationOwner": null,
            "createdOn": null,
            "createdBy": null,
            "updatedOn": null,
            "updatedBy": null,
            "maxRainfallDate": "2015-12-31T08:30:00",
            "maxClimaticDate": null,
            "wimsCode": null
        },
        {
            "stationId": 54,
            "stationCode": "Ilkal",
            "stationName": "Ilkal",
            "agencyId": 3,
            "stateId": 10,
            "districtId": 164,
            "tahsilId": 2398,
            "lat": "15°57'26\"",
            "longitude": "76°06'29\"",
            "refToposheetNo": "57A-1",
            "altitude": 563.58,
            "zeroRl": 0,
            "basinId": 7,
            "riverId": 21,
            "tributaryId": null,
            "subTributaryId": null,
            "subSubTributaryId": null,
            "localRiverId": null,
            "catchmentArea": null,
            "regionalOfficeId": 12,
            "circleOfficeId": 19,
            "divisionalOfficeId": 54,
            "subDivisionalOfficeId": null,
            "sectionOfficeId": null,
            "ownerAgencyId": 3,
            "locationDetails": "Located in the premises of General Hospital Ilkal",
            "busStand": "Hungund",
            "station": "Bagalkot",
            "airport": "Bombay",
            "town": "Bagalkot",
            "address": "General Hospital  premises Ilkal",
            "otherInformation": null,
            "stationSetup": "SRG",
            "accessibility": "By Road",
            "stationHistory": null,
            "dateOfEstablishment": "2001-01-01T00:00:00",
            "dateOfClosure": null,
            "waterLevelManual": false,
            "waterLevelManualStart": null,
            "waterLevelManualEnd": null,
            "waterLevelAuto": false,
            "waterLevelAutoStart": null,
            "waterLevelAutoEnd": null,
            "discharge": false,
            "dischargeStart": null,
            "dischargeEnd": null,
            "dischargeCm": false,
            "dischargeCmStart": null,
            "dischargeCmEnd": null,
            "sediment": false,
            "sedimentStart": null,
            "sedimentEnd": null,
            "waterQuality": false,
            "waterQualityStart": null,
            "waterQualityEnd": null,
            "rainfallManual": true,
            "rainfallManualStart": "2001-01-01T00:00:00",
            "rainfallManualEnd": null,
            "rainfallAuto": false,
            "rainfallAutoStart": null,
            "rainfallAutoEnd": null,
            "climaticManual": false,
            "climaticManualStart": null,
            "climaticManualEnd": null,
            "climaticAuto": false,
            "climaticAutoStart": null,
            "climaticAutoEnd": null,
            "catDomain": false,
            "catDomainGw": false,
            "catMet": true,
            "catWq": false,
            "catDomainInfo": null,
            "catMetInfo": "Precipititation(Standard - SRG)",
            "catWqInfo": null,
            "mc": null,
            "sc": null,
            "cw": null,
            "wqYesNo": false,
            "distanceToOutlet": null,
            "dwlrNo": null,
            "dwlrType": null,
            "transferSelected": false,
            "swNetworkType": null,
            "metNetworkType": 10,
            "wqNetworkType": null,
            "stationOperational": true,
            "bank": null,
            "swStationOwner": null,
            "metStationOwner": null,
            "wqStationOwner": null,
            "createdOn": null,
            "createdBy": null,
            "updatedOn": null,
            "updatedBy": null,
            "maxRainfallDate": "2015-12-31T08:30:00",
            "maxClimaticDate": null,
            "wimsCode": null
        },
        {
            "stationId": 77,
            "stationCode": "Kudalsangam",
            "stationName": "Kudalsangam",
            "agencyId": 3,
            "stateId": 10,
            "districtId": 164,
            "tahsilId": 2398,
            "lat": "16°11'30\"",
            "longitude": "76°02'31\"",
            "refToposheetNo": "56D-4",
            "altitude": 449.9,
            "zeroRl": 0,
            "basinId": 7,
            "riverId": 21,
            "tributaryId": 182,
            "subTributaryId": null,
            "subSubTributaryId": null,
            "localRiverId": null,
            "catchmentArea": null,
            "regionalOfficeId": 12,
            "circleOfficeId": 19,
            "divisionalOfficeId": 54,
            "subDivisionalOfficeId": null,
            "sectionOfficeId": null,
            "ownerAgencyId": 3,
            "locationDetails": "Located in the premises of Inspection Bunglow Kudalsangam",
            "busStand": "Hungund",
            "station": "Bagalkot",
            "airport": "Bombay",
            "town": "Bagalkot",
            "address": "Inspection Bunglow  premises  Kudalsangam",
            "otherInformation": null,
            "stationSetup": "SRG",
            "accessibility": "By Road",
            "stationHistory": null,
            "dateOfEstablishment": "2068-01-01T00:00:00",
            "dateOfClosure": null,
            "waterLevelManual": false,
            "waterLevelManualStart": null,
            "waterLevelManualEnd": null,
            "waterLevelAuto": false,
            "waterLevelAutoStart": null,
            "waterLevelAutoEnd": null,
            "discharge": false,
            "dischargeStart": null,
            "dischargeEnd": null,
            "dischargeCm": false,
            "dischargeCmStart": null,
            "dischargeCmEnd": null,
            "sediment": false,
            "sedimentStart": null,
            "sedimentEnd": null,
            "waterQuality": false,
            "waterQualityStart": null,
            "waterQualityEnd": null,
            "rainfallManual": true,
            "rainfallManualStart": "2068-01-01T00:00:00",
            "rainfallManualEnd": null,
            "rainfallAuto": false,
            "rainfallAutoStart": null,
            "rainfallAutoEnd": null,
            "climaticManual": false,
            "climaticManualStart": null,
            "climaticManualEnd": null,
            "climaticAuto": false,
            "climaticAutoStart": null,
            "climaticAutoEnd": null,
            "catDomain": false,
            "catDomainGw": false,
            "catMet": true,
            "catWq": false,
            "catDomainInfo": null,
            "catMetInfo": "Precipititation(Standard - SRG)",
            "catWqInfo": null,
            "mc": null,
            "sc": null,
            "cw": null,
            "wqYesNo": false,
            "distanceToOutlet": null,
            "dwlrNo": null,
            "dwlrType": null,
            "transferSelected": false,
            "swNetworkType": null,
            "metNetworkType": 10,
            "wqNetworkType": null,
            "stationOperational": true,
            "bank": null,
            "swStationOwner": null,
            "metStationOwner": null,
            "wqStationOwner": null,
            "createdOn": null,
            "createdBy": null,
            "updatedOn": null,
            "updatedBy": null,
            "maxRainfallDate": "2015-12-31T08:30:00",
            "maxClimaticDate": null,
            "wimsCode": null
        },
        {
            "stationId": 93,
            "stationCode": "Mudhol",
            "stationName": "Mudhol",
            "agencyId": 3,
            "stateId": 10,
            "districtId": 164,
            "tahsilId": 2401,
            "lat": "16°20'19\"",
            "longitude": "75°16'42\"",
            "refToposheetNo": "47P-07",
            "altitude": 541.02,
            "zeroRl": 0,
            "basinId": 7,
            "riverId": 21,
            "tributaryId": 182,
            "subTributaryId": null,
            "subSubTributaryId": null,
            "localRiverId": null,
            "catchmentArea": null,
            "regionalOfficeId": 12,
            "circleOfficeId": 19,
            "divisionalOfficeId": 54,
            "subDivisionalOfficeId": null,
            "sectionOfficeId": null,
            "ownerAgencyId": 3,
            "locationDetails": "Located in the premises of Zilla parishad Engineering Sub-Division Mudhol",
            "busStand": "Mudhol",
            "station": "Bagalkot",
            "airport": "Bombay",
            "town": "Bagalkot",
            "address": "Zilla parishad Engineering Sub-Division  premises Mudhol",
            "otherInformation": null,
            "stationSetup": "ARG",
            "accessibility": "By Road",
            "stationHistory": null,
            "dateOfEstablishment": "2001-01-01T00:00:00",
            "dateOfClosure": null,
            "waterLevelManual": false,
            "waterLevelManualStart": null,
            "waterLevelManualEnd": null,
            "waterLevelAuto": false,
            "waterLevelAutoStart": null,
            "waterLevelAutoEnd": null,
            "discharge": false,
            "dischargeStart": null,
            "dischargeEnd": null,
            "dischargeCm": false,
            "dischargeCmStart": null,
            "dischargeCmEnd": null,
            "sediment": false,
            "sedimentStart": null,
            "sedimentEnd": null,
            "waterQuality": false,
            "waterQualityStart": null,
            "waterQualityEnd": null,
            "rainfallManual": true,
            "rainfallManualStart": "2001-01-01T00:00:00",
            "rainfallManualEnd": null,
            "rainfallAuto": true,
            "rainfallAutoStart": "1988-01-01T00:00:00",
            "rainfallAutoEnd": null,
            "climaticManual": false,
            "climaticManualStart": null,
            "climaticManualEnd": null,
            "climaticAuto": false,
            "climaticAutoStart": null,
            "climaticAutoEnd": null,
            "catDomain": false,
            "catDomainGw": false,
            "catMet": true,
            "catWq": false,
            "catDomainInfo": null,
            "catMetInfo": "Precipititation(Autographic - ARG)",
            "catWqInfo": null,
            "mc": null,
            "sc": null,
            "cw": null,
            "wqYesNo": false,
            "distanceToOutlet": null,
            "dwlrNo": null,
            "dwlrType": null,
            "transferSelected": false,
            "swNetworkType": null,
            "metNetworkType": 10,
            "wqNetworkType": null,
            "stationOperational": true,
            "bank": null,
            "swStationOwner": null,
            "metStationOwner": null,
            "wqStationOwner": null,
            "createdOn": null,
            "createdBy": null,
            "updatedOn": null,
            "updatedBy": null,
            "maxRainfallDate": "2015-12-31T08:30:00",
            "maxClimaticDate": null,
            "wimsCode": null
        },
        {
            "stationId": 104,
            "stationCode": "Rabakavi",
            "stationName": "Rabakavi",
            "agencyId": 3,
            "stateId": 10,
            "districtId": 164,
            "tahsilId": 2400,
            "lat": "16°28'05\"",
            "longitude": "75°05'25\"",
            "refToposheetNo": "47P-3",
            "altitude": 533.4,
            "zeroRl": 0,
            "basinId": 7,
            "riverId": 21,
            "tributaryId": null,
            "subTributaryId": null,
            "subSubTributaryId": null,
            "localRiverId": null,
            "catchmentArea": null,
            "regionalOfficeId": 12,
            "circleOfficeId": 19,
            "divisionalOfficeId": 54,
            "subDivisionalOfficeId": null,
            "sectionOfficeId": null,
            "ownerAgencyId": 3,
            "locationDetails": "Located in Inspection Bunglow Premises Rabakavi",
            "busStand": "Jamakhandi",
            "station": "Bagalkot",
            "airport": "Bombay",
            "town": "Bagalkot",
            "address": "Inspection Bunglow Premises Rabakavi",
            "otherInformation": null,
            "stationSetup": "SRG",
            "accessibility": "By Road",
            "stationHistory": null,
            "dateOfEstablishment": "2069-01-01T00:00:00",
            "dateOfClosure": null,
            "waterLevelManual": false,
            "waterLevelManualStart": null,
            "waterLevelManualEnd": null,
            "waterLevelAuto": false,
            "waterLevelAutoStart": null,
            "waterLevelAutoEnd": null,
            "discharge": false,
            "dischargeStart": null,
            "dischargeEnd": null,
            "dischargeCm": false,
            "dischargeCmStart": null,
            "dischargeCmEnd": null,
            "sediment": false,
            "sedimentStart": null,
            "sedimentEnd": null,
            "waterQuality": false,
            "waterQualityStart": null,
            "waterQualityEnd": null,
            "rainfallManual": true,
            "rainfallManualStart": "2069-01-01T00:00:00",
            "rainfallManualEnd": null,
            "rainfallAuto": false,
            "rainfallAutoStart": null,
            "rainfallAutoEnd": null,
            "climaticManual": false,
            "climaticManualStart": null,
            "climaticManualEnd": null,
            "climaticAuto": false,
            "climaticAutoStart": null,
            "climaticAutoEnd": null,
            "catDomain": false,
            "catDomainGw": false,
            "catMet": true,
            "catWq": false,
            "catDomainInfo": null,
            "catMetInfo": "Precipititation(Standard - SRG)",
            "catWqInfo": null,
            "mc": null,
            "sc": null,
            "cw": null,
            "wqYesNo": false,
            "distanceToOutlet": null,
            "dwlrNo": null,
            "dwlrType": null,
            "transferSelected": false,
            "swNetworkType": null,
            "metNetworkType": 10,
            "wqNetworkType": null,
            "stationOperational": true,
            "bank": null,
            "swStationOwner": null,
            "metStationOwner": null,
            "wqStationOwner": null,
            "createdOn": null,
            "createdBy": null,
            "updatedOn": null,
            "updatedBy": null,
            "maxRainfallDate": "2015-12-31T08:30:00",
            "maxClimaticDate": null,
            "wimsCode": null
        },
        {
            "stationId": 87,
            "stationCode": "Malabad",
            "stationName": "Malabad",
            "agencyId": 3,
            "stateId": 10,
            "districtId": 167,
            "tahsilId": 2416,
            "lat": "16°53'10\"",
            "longitude": "75°07'00\"",
            "refToposheetNo": "47P-1",
            "altitude": null,
            "zeroRl": 0,
            "basinId": 7,
            "riverId": 21,
            "tributaryId": null,
            "subTributaryId": null,
            "subSubTributaryId": null,
            "localRiverId": null,
            "catchmentArea": null,
            "regionalOfficeId": 12,
            "circleOfficeId": 19,
            "divisionalOfficeId": 54,
            "subDivisionalOfficeId": null,
            "sectionOfficeId": null,
            "ownerAgencyId": 3,
            "locationDetails": "PWD Stores premises",
            "busStand": "malabad",
            "station": "Bijapur",
            "airport": "Bombay",
            "town": "Athani",
            "address": "PWD Stores, Malabad,  PO_Malabad",
            "otherInformation": null,
            "stationSetup": "SRG",
            "accessibility": "By road",
            "stationHistory": null,
            "dateOfEstablishment": "1987-01-01T00:00:00",
            "dateOfClosure": null,
            "waterLevelManual": false,
            "waterLevelManualStart": null,
            "waterLevelManualEnd": null,
            "waterLevelAuto": false,
            "waterLevelAutoStart": null,
            "waterLevelAutoEnd": null,
            "discharge": false,
            "dischargeStart": null,
            "dischargeEnd": null,
            "dischargeCm": false,
            "dischargeCmStart": null,
            "dischargeCmEnd": null,
            "sediment": false,
            "sedimentStart": null,
            "sedimentEnd": null,
            "waterQuality": false,
            "waterQualityStart": null,
            "waterQualityEnd": null,
            "rainfallManual": true,
            "rainfallManualStart": "1987-01-01T00:00:00",
            "rainfallManualEnd": null,
            "rainfallAuto": false,
            "rainfallAutoStart": null,
            "rainfallAutoEnd": null,
            "climaticManual": false,
            "climaticManualStart": null,
            "climaticManualEnd": null,
            "climaticAuto": false,
            "climaticAutoStart": null,
            "climaticAutoEnd": null,
            "catDomain": false,
            "catDomainGw": false,
            "catMet": true,
            "catWq": false,
            "catDomainInfo": null,
            "catMetInfo": "Precipititation(Standard - SRG)",
            "catWqInfo": null,
            "mc": null,
            "sc": null,
            "cw": null,
            "wqYesNo": false,
            "distanceToOutlet": 0.0,
            "dwlrNo": null,
            "dwlrType": null,
            "transferSelected": false,
            "swNetworkType": null,
            "metNetworkType": 12,
            "wqNetworkType": null,
            "stationOperational": true,
            "bank": null,
            "swStationOwner": null,
            "metStationOwner": null,
            "wqStationOwner": null,
            "createdOn": null,
            "createdBy": null,
            "updatedOn": null,
            "updatedBy": null,
            "maxRainfallDate": "2015-12-31T08:30:00",
            "maxClimaticDate": null,
            "wimsCode": null
        },
        {
            "stationId": 78,
            "stationCode": "Kulageri_Cross",
            "stationName": "Kulageri_Cross",
            "agencyId": 3,
            "stateId": 10,
            "districtId": 164,
            "tahsilId": 2393,
            "lat": "15°54'45\"",
            "longitude": "75°30'25\"",
            "refToposheetNo": "48M-9",
            "altitude": null,
            "zeroRl": 0,
            "basinId": 7,
            "riverId": 21,
            "tributaryId": null,
            "subTributaryId": null,
            "subSubTributaryId": null,
            "localRiverId": null,
            "catchmentArea": null,
            "regionalOfficeId": 12,
            "circleOfficeId": 19,
            "divisionalOfficeId": 54,
            "subDivisionalOfficeId": null,
            "sectionOfficeId": null,
            "ownerAgencyId": 3,
            "locationDetails": "PWD_IB",
            "busStand": "Kulageri Cross",
            "station": "Badami",
            "airport": "Bombay",
            "town": "Badami",
            "address": "PWD_IB, Kulageri Cross, PO_Kulageri Cross,  Taluk_Badami,    Dist_Bagalkot",
            "otherInformation": null,
            "stationSetup": "SRG",
            "accessibility": "By road",
            "stationHistory": null,
            "dateOfEstablishment": "1987-01-01T00:00:00",
            "dateOfClosure": null,
            "waterLevelManual": false,
            "waterLevelManualStart": null,
            "waterLevelManualEnd": null,
            "waterLevelAuto": false,
            "waterLevelAutoStart": null,
            "waterLevelAutoEnd": null,
            "discharge": false,
            "dischargeStart": null,
            "dischargeEnd": null,
            "dischargeCm": false,
            "dischargeCmStart": null,
            "dischargeCmEnd": null,
            "sediment": false,
            "sedimentStart": null,
            "sedimentEnd": null,
            "waterQuality": false,
            "waterQualityStart": null,
            "waterQualityEnd": null,
            "rainfallManual": true,
            "rainfallManualStart": "1987-01-01T00:00:00",
            "rainfallManualEnd": null,
            "rainfallAuto": false,
            "rainfallAutoStart": null,
            "rainfallAutoEnd": null,
            "climaticManual": false,
            "climaticManualStart": null,
            "climaticManualEnd": null,
            "climaticAuto": false,
            "climaticAutoStart": null,
            "climaticAutoEnd": null,
            "catDomain": false,
            "catDomainGw": false,
            "catMet": true,
            "catWq": false,
            "catDomainInfo": null,
            "catMetInfo": "Precipititation(Standard - SRG)",
            "catWqInfo": null,
            "mc": null,
            "sc": null,
            "cw": null,
            "wqYesNo": false,
            "distanceToOutlet": 0.0,
            "dwlrNo": null,
            "dwlrType": null,
            "transferSelected": false,
            "swNetworkType": null,
            "metNetworkType": 12,
            "wqNetworkType": null,
            "stationOperational": true,
            "bank": null,
            "swStationOwner": null,
            "metStationOwner": null,
            "wqStationOwner": null,
            "createdOn": null,
            "createdBy": null,
            "updatedOn": null,
            "updatedBy": null,
            "maxRainfallDate": "2015-12-31T08:30:00",
            "maxClimaticDate": "2024-06-14T17:38:08.334",
            "wimsCode": null
        },
        {
            "stationId": 71,
            "stationCode": "Kerur",
            "stationName": "Kerur",
            "agencyId": 3,
            "stateId": 10,
            "districtId": 164,
            "tahsilId": 2393,
            "lat": "16°00'49\"",
            "longitude": "75°32'52\"",
            "refToposheetNo": "47P-12",
            "altitude": null,
            "zeroRl": 0,
            "basinId": 7,
            "riverId": 21,
            "tributaryId": null,
            "subTributaryId": null,
            "subSubTributaryId": null,
            "localRiverId": null,
            "catchmentArea": null,
            "regionalOfficeId": 12,
            "circleOfficeId": 19,
            "divisionalOfficeId": 54,
            "subDivisionalOfficeId": null,
            "sectionOfficeId": null,
            "ownerAgencyId": 3,
            "locationDetails": "Primary Health Centre",
            "busStand": "Kerur",
            "station": "Bagalkot",
            "airport": "Bombay",
            "town": "Badami",
            "address": "Primary Health Centre, Kerur   PO_Kerur,  Taluk_Badami,   Dist_Bagalkot",
            "otherInformation": null,
            "stationSetup": "SRG",
            "accessibility": "By road",
            "stationHistory": null,
            "dateOfEstablishment": "1987-01-01T00:00:00",
            "dateOfClosure": null,
            "waterLevelManual": false,
            "waterLevelManualStart": null,
            "waterLevelManualEnd": null,
            "waterLevelAuto": false,
            "waterLevelAutoStart": null,
            "waterLevelAutoEnd": null,
            "discharge": false,
            "dischargeStart": null,
            "dischargeEnd": null,
            "dischargeCm": false,
            "dischargeCmStart": null,
            "dischargeCmEnd": null,
            "sediment": false,
            "sedimentStart": null,
            "sedimentEnd": null,
            "waterQuality": false,
            "waterQualityStart": null,
            "waterQualityEnd": null,
            "rainfallManual": true,
            "rainfallManualStart": "1987-01-01T00:00:00",
            "rainfallManualEnd": null,
            "rainfallAuto": false,
            "rainfallAutoStart": null,
            "rainfallAutoEnd": null,
            "climaticManual": false,
            "climaticManualStart": null,
            "climaticManualEnd": null,
            "climaticAuto": false,
            "climaticAutoStart": null,
            "climaticAutoEnd": null,
            "catDomain": false,
            "catDomainGw": false,
            "catMet": true,
            "catWq": false,
            "catDomainInfo": null,
            "catMetInfo": "Precipititation(Standard - SRG)",
            "catWqInfo": null,
            "mc": null,
            "sc": null,
            "cw": null,
            "wqYesNo": false,
            "distanceToOutlet": 0.0,
            "dwlrNo": null,
            "dwlrType": null,
            "transferSelected": false,
            "swNetworkType": null,
            "metNetworkType": 12,
            "wqNetworkType": null,
            "stationOperational": true,
            "bank": null,
            "swStationOwner": null,
            "metStationOwner": null,
            "wqStationOwner": null,
            "createdOn": null,
            "createdBy": null,
            "updatedOn": null,
            "updatedBy": null,
            "maxRainfallDate": "2015-12-31T08:30:00",
            "maxClimaticDate": null,
            "wimsCode": null
        },
        {
            "stationId": 67,
            "stationCode": "Kannur",
            "stationName": "Kannur",
            "agencyId": 3,
            "stateId": 10,
            "districtId": 170,
            "tahsilId": 2447,
            "lat": "16°58'00\"",
            "longitude": "75°42'00\"",
            "refToposheetNo": "47O-12",
            "altitude": 563.68,
            "zeroRl": 0,
            "basinId": 7,
            "riverId": 21,
            "tributaryId": null,
            "subTributaryId": null,
            "subSubTributaryId": null,
            "localRiverId": null,
            "catchmentArea": null,
            "regionalOfficeId": 12,
            "circleOfficeId": 19,
            "divisionalOfficeId": 54,
            "subDivisionalOfficeId": null,
            "sectionOfficeId": null,
            "ownerAgencyId": 3,
            "locationDetails": "Near   high  school",
            "busStand": "Kannur",
            "station": "Bijapur",
            "airport": "Belgaum",
            "town": "Bijapur",
            "address": "Near   high   school",
            "otherInformation": null,
            "stationSetup": "SRG",
            "accessibility": "By   bus",
            "stationHistory": null,
            "dateOfEstablishment": "1988-06-01T00:00:00",
            "dateOfClosure": null,
            "waterLevelManual": false,
            "waterLevelManualStart": null,
            "waterLevelManualEnd": null,
            "waterLevelAuto": false,
            "waterLevelAutoStart": null,
            "waterLevelAutoEnd": null,
            "discharge": false,
            "dischargeStart": null,
            "dischargeEnd": null,
            "dischargeCm": false,
            "dischargeCmStart": null,
            "dischargeCmEnd": null,
            "sediment": false,
            "sedimentStart": null,
            "sedimentEnd": null,
            "waterQuality": false,
            "waterQualityStart": null,
            "waterQualityEnd": null,
            "rainfallManual": true,
            "rainfallManualStart": "1988-06-01T00:00:00",
            "rainfallManualEnd": null,
            "rainfallAuto": false,
            "rainfallAutoStart": null,
            "rainfallAutoEnd": null,
            "climaticManual": false,
            "climaticManualStart": null,
            "climaticManualEnd": null,
            "climaticAuto": false,
            "climaticAutoStart": null,
            "climaticAutoEnd": null,
            "catDomain": false,
            "catDomainGw": false,
            "catMet": true,
            "catWq": false,
            "catDomainInfo": null,
            "catMetInfo": "Precipititation(Standard - SRG)",
            "catWqInfo": null,
            "mc": null,
            "sc": null,
            "cw": null,
            "wqYesNo": false,
            "distanceToOutlet": 0.0,
            "dwlrNo": null,
            "dwlrType": null,
            "transferSelected": false,
            "swNetworkType": null,
            "metNetworkType": 12,
            "wqNetworkType": null,
            "stationOperational": true,
            "bank": null,
            "swStationOwner": null,
            "metStationOwner": null,
            "wqStationOwner": null,
            "createdOn": null,
            "createdBy": null,
            "updatedOn": null,
            "updatedBy": null,
            "maxRainfallDate": "2015-12-31T08:30:00",
            "maxClimaticDate": null,
            "wimsCode": null
        },
        {
            "stationId": 75,
            "stationCode": "Kondaguli",
            "stationName": "Kondaguli",
            "agencyId": 3,
            "stateId": 10,
            "districtId": 170,
            "tahsilId": 2450,
            "lat": "16°42'00\"",
            "longitude": "76°12'00\"",
            "refToposheetNo": "56D-2",
            "altitude": null,
            "zeroRl": 0,
            "basinId": 7,
            "riverId": 21,
            "tributaryId": null,
            "subTributaryId": null,
            "subSubTributaryId": null,
            "localRiverId": null,
            "catchmentArea": null,
            "regionalOfficeId": 12,
            "circleOfficeId": 19,
            "divisionalOfficeId": 54,
            "subDivisionalOfficeId": null,
            "sectionOfficeId": null,
            "ownerAgencyId": 3,
            "locationDetails": "Primary   school    premises",
            "busStand": "Kondaguli",
            "station": "Bijapur",
            "airport": "Belgaum",
            "town": "Sindgi",
            "address": "Primary    school    premises",
            "otherInformation": null,
            "stationSetup": "SRG",
            "accessibility": "By   bus",
            "stationHistory": null,
            "dateOfEstablishment": "1988-06-01T00:00:00",
            "dateOfClosure": null,
            "waterLevelManual": false,
            "waterLevelManualStart": null,
            "waterLevelManualEnd": null,
            "waterLevelAuto": false,
            "waterLevelAutoStart": null,
            "waterLevelAutoEnd": null,
            "discharge": false,
            "dischargeStart": null,
            "dischargeEnd": null,
            "dischargeCm": false,
            "dischargeCmStart": null,
            "dischargeCmEnd": null,
            "sediment": false,
            "sedimentStart": null,
            "sedimentEnd": null,
            "waterQuality": false,
            "waterQualityStart": null,
            "waterQualityEnd": null,
            "rainfallManual": true,
            "rainfallManualStart": "1988-06-01T00:00:00",
            "rainfallManualEnd": null,
            "rainfallAuto": false,
            "rainfallAutoStart": null,
            "rainfallAutoEnd": null,
            "climaticManual": false,
            "climaticManualStart": null,
            "climaticManualEnd": null,
            "climaticAuto": false,
            "climaticAutoStart": null,
            "climaticAutoEnd": null,
            "catDomain": false,
            "catDomainGw": false,
            "catMet": true,
            "catWq": false,
            "catDomainInfo": null,
            "catMetInfo": "Precipititation(Standard - SRG)",
            "catWqInfo": null,
            "mc": null,
            "sc": null,
            "cw": null,
            "wqYesNo": false,
            "distanceToOutlet": 0.0,
            "dwlrNo": null,
            "dwlrType": null,
            "transferSelected": false,
            "swNetworkType": null,
            "metNetworkType": 12,
            "wqNetworkType": null,
            "stationOperational": true,
            "bank": null,
            "swStationOwner": null,
            "metStationOwner": null,
            "wqStationOwner": null,
            "createdOn": null,
            "createdBy": null,
            "updatedOn": null,
            "updatedBy": null,
            "maxRainfallDate": "2015-12-31T08:30:00",
            "maxClimaticDate": null,
            "wimsCode": null
        },
        {
            "stationId": 88,
            "stationCode": "Mamadapur",
            "stationName": "Mamadapur",
            "agencyId": 3,
            "stateId": 10,
            "districtId": 170,
            "tahsilId": 2447,
            "lat": "16°32'00\"",
            "longitude": "75°36'00\"",
            "refToposheetNo": "47P-10",
            "altitude": 558.7,
            "zeroRl": 0,
            "basinId": 7,
            "riverId": 21,
            "tributaryId": null,
            "subTributaryId": null,
            "subSubTributaryId": null,
            "localRiverId": null,
            "catchmentArea": null,
            "regionalOfficeId": 12,
            "circleOfficeId": 19,
            "divisionalOfficeId": 54,
            "subDivisionalOfficeId": null,
            "sectionOfficeId": null,
            "ownerAgencyId": 3,
            "locationDetails": "Panchayat    office    premises",
            "busStand": "Mamadapur",
            "station": "Bijapur",
            "airport": "Belgaum",
            "town": "Bijapur",
            "address": "Panchayat   office     premises",
            "otherInformation": null,
            "stationSetup": "SRG",
            "accessibility": "By   bus",
            "stationHistory": null,
            "dateOfEstablishment": "1988-06-01T00:00:00",
            "dateOfClosure": null,
            "waterLevelManual": false,
            "waterLevelManualStart": null,
            "waterLevelManualEnd": null,
            "waterLevelAuto": false,
            "waterLevelAutoStart": null,
            "waterLevelAutoEnd": null,
            "discharge": false,
            "dischargeStart": null,
            "dischargeEnd": null,
            "dischargeCm": false,
            "dischargeCmStart": null,
            "dischargeCmEnd": null,
            "sediment": false,
            "sedimentStart": null,
            "sedimentEnd": null,
            "waterQuality": false,
            "waterQualityStart": null,
            "waterQualityEnd": null,
            "rainfallManual": true,
            "rainfallManualStart": "1988-06-01T00:00:00",
            "rainfallManualEnd": null,
            "rainfallAuto": false,
            "rainfallAutoStart": null,
            "rainfallAutoEnd": null,
            "climaticManual": false,
            "climaticManualStart": null,
            "climaticManualEnd": null,
            "climaticAuto": false,
            "climaticAutoStart": null,
            "climaticAutoEnd": null,
            "catDomain": false,
            "catDomainGw": false,
            "catMet": true,
            "catWq": false,
            "catDomainInfo": null,
            "catMetInfo": "Precipititation(Standard - SRG)",
            "catWqInfo": null,
            "mc": null,
            "sc": null,
            "cw": null,
            "wqYesNo": false,
            "distanceToOutlet": 0.0,
            "dwlrNo": null,
            "dwlrType": null,
            "transferSelected": false,
            "swNetworkType": null,
            "metNetworkType": 12,
            "wqNetworkType": null,
            "stationOperational": true,
            "bank": null,
            "swStationOwner": null,
            "metStationOwner": null,
            "wqStationOwner": null,
            "createdOn": null,
            "createdBy": null,
            "updatedOn": null,
            "updatedBy": null,
            "maxRainfallDate": "2015-12-31T08:30:00",
            "maxClimaticDate": "2024-06-14T17:38:08.334",
            "wimsCode": null
        },
        {
            "stationId": 80,
            "stationCode": "Kumatagi",
            "stationName": "Kumatagi",
            "agencyId": 3,
            "stateId": 10,
            "districtId": 170,
            "tahsilId": 2447,
            "lat": "16°49'00\"",
            "longitude": "75°53'00\"",
            "refToposheetNo": "47P-13",
            "altitude": 549.83,
            "zeroRl": 0,
            "basinId": 7,
            "riverId": 21,
            "tributaryId": null,
            "subTributaryId": null,
            "subSubTributaryId": null,
            "localRiverId": null,
            "catchmentArea": null,
            "regionalOfficeId": 12,
            "circleOfficeId": 19,
            "divisionalOfficeId": 54,
            "subDivisionalOfficeId": null,
            "sectionOfficeId": null,
            "ownerAgencyId": null,
            "locationDetails": "PWD   IB   premises",
            "busStand": "Kumatagi",
            "station": "Bijapur",
            "airport": "Belgaum",
            "town": "Bijapur",
            "address": "PWD     IB     premises",
            "otherInformation": null,
            "stationSetup": "SRG",
            "accessibility": "By   road",
            "stationHistory": null,
            "dateOfEstablishment": "1988-06-01T00:00:00",
            "dateOfClosure": null,
            "waterLevelManual": false,
            "waterLevelManualStart": null,
            "waterLevelManualEnd": null,
            "waterLevelAuto": false,
            "waterLevelAutoStart": null,
            "waterLevelAutoEnd": null,
            "discharge": false,
            "dischargeStart": null,
            "dischargeEnd": null,
            "dischargeCm": false,
            "dischargeCmStart": null,
            "dischargeCmEnd": null,
            "sediment": false,
            "sedimentStart": null,
            "sedimentEnd": null,
            "waterQuality": false,
            "waterQualityStart": null,
            "waterQualityEnd": null,
            "rainfallManual": true,
            "rainfallManualStart": "1988-06-01T00:00:00",
            "rainfallManualEnd": null,
            "rainfallAuto": false,
            "rainfallAutoStart": null,
            "rainfallAutoEnd": null,
            "climaticManual": false,
            "climaticManualStart": null,
            "climaticManualEnd": null,
            "climaticAuto": false,
            "climaticAutoStart": null,
            "climaticAutoEnd": null,
            "catDomain": false,
            "catDomainGw": false,
            "catMet": true,
            "catWq": false,
            "catDomainInfo": null,
            "catMetInfo": "Precipititation(Standard - SRG)",
            "catWqInfo": null,
            "mc": null,
            "sc": null,
            "cw": null,
            "wqYesNo": false,
            "distanceToOutlet": 0.0,
            "dwlrNo": null,
            "dwlrType": null,
            "transferSelected": false,
            "swNetworkType": null,
            "metNetworkType": 12,
            "wqNetworkType": null,
            "stationOperational": true,
            "bank": null,
            "swStationOwner": null,
            "metStationOwner": null,
            "wqStationOwner": null,
            "createdOn": null,
            "createdBy": null,
            "updatedOn": null,
            "updatedBy": null,
            "maxRainfallDate": "2015-12-31T08:30:00",
            "maxClimaticDate": "2024-06-14T17:38:08.334",
            "wimsCode": null
        },
        {
            "stationId": 95,
            "stationCode": "Nad",
            "stationName": "Nad",
            "agencyId": 3,
            "stateId": 10,
            "districtId": 170,
            "tahsilId": 2448,
            "lat": "17°09'00\"",
            "longitude": "76°06'00\"",
            "refToposheetNo": "56C-4",
            "altitude": 428.55,
            "zeroRl": 0,
            "basinId": 7,
            "riverId": 21,
            "tributaryId": null,
            "subTributaryId": null,
            "subSubTributaryId": null,
            "localRiverId": null,
            "catchmentArea": null,
            "regionalOfficeId": 12,
            "circleOfficeId": 19,
            "divisionalOfficeId": 54,
            "subDivisionalOfficeId": null,
            "sectionOfficeId": null,
            "ownerAgencyId": 3,
            "locationDetails": "Sericulture   building     premises",
            "busStand": "Nad",
            "station": "Indi",
            "airport": "Belgaum",
            "town": "Indi",
            "address": "Sericulture    building     premises",
            "otherInformation": null,
            "stationSetup": "SRG",
            "accessibility": "By   bus",
            "stationHistory": null,
            "dateOfEstablishment": "1988-06-01T00:00:00",
            "dateOfClosure": null,
            "waterLevelManual": false,
            "waterLevelManualStart": null,
            "waterLevelManualEnd": null,
            "waterLevelAuto": false,
            "waterLevelAutoStart": null,
            "waterLevelAutoEnd": null,
            "discharge": false,
            "dischargeStart": null,
            "dischargeEnd": null,
            "dischargeCm": false,
            "dischargeCmStart": null,
            "dischargeCmEnd": null,
            "sediment": false,
            "sedimentStart": null,
            "sedimentEnd": null,
            "waterQuality": false,
            "waterQualityStart": null,
            "waterQualityEnd": null,
            "rainfallManual": true,
            "rainfallManualStart": "1988-06-01T00:00:00",
            "rainfallManualEnd": null,
            "rainfallAuto": false,
            "rainfallAutoStart": null,
            "rainfallAutoEnd": null,
            "climaticManual": false,
            "climaticManualStart": null,
            "climaticManualEnd": null,
            "climaticAuto": false,
            "climaticAutoStart": null,
            "climaticAutoEnd": null,
            "catDomain": false,
            "catDomainGw": false,
            "catMet": true,
            "catWq": false,
            "catDomainInfo": null,
            "catMetInfo": "Precipititation(Standard - SRG)",
            "catWqInfo": null,
            "mc": null,
            "sc": null,
            "cw": null,
            "wqYesNo": false,
            "distanceToOutlet": 0.0,
            "dwlrNo": null,
            "dwlrType": null,
            "transferSelected": false,
            "swNetworkType": null,
            "metNetworkType": 12,
            "wqNetworkType": null,
            "stationOperational": true,
            "bank": null,
            "swStationOwner": null,
            "metStationOwner": null,
            "wqStationOwner": null,
            "createdOn": null,
            "createdBy": null,
            "updatedOn": null,
            "updatedBy": null,
            "maxRainfallDate": "2015-12-31T08:30:00",
            "maxClimaticDate": null,
            "wimsCode": null
        },
        {
            "stationId": 41,
            "stationCode": "Halasangi",
            "stationName": "Halasangi",
            "agencyId": 3,
            "stateId": 10,
            "districtId": 170,
            "tahsilId": 2448,
            "lat": "17°19'00\"",
            "longitude": "75°52'00\"",
            "refToposheetNo": "47O-15",
            "altitude": 430.07,
            "zeroRl": 0,
            "basinId": 7,
            "riverId": 21,
            "tributaryId": null,
            "subTributaryId": null,
            "subSubTributaryId": null,
            "localRiverId": null,
            "catchmentArea": null,
            "regionalOfficeId": 12,
            "circleOfficeId": 19,
            "divisionalOfficeId": 54,
            "subDivisionalOfficeId": null,
            "sectionOfficeId": null,
            "ownerAgencyId": 3,
            "locationDetails": "Primary   school    premises",
            "busStand": "Halasangi",
            "station": "Indi",
            "airport": "Belgaum",
            "town": "Indi",
            "address": "Primary     school    premises",
            "otherInformation": null,
            "stationSetup": "SRG",
            "accessibility": "By   bus",
            "stationHistory": null,
            "dateOfEstablishment": "1988-06-01T00:00:00",
            "dateOfClosure": null,
            "waterLevelManual": false,
            "waterLevelManualStart": null,
            "waterLevelManualEnd": null,
            "waterLevelAuto": false,
            "waterLevelAutoStart": null,
            "waterLevelAutoEnd": null,
            "discharge": false,
            "dischargeStart": null,
            "dischargeEnd": null,
            "dischargeCm": false,
            "dischargeCmStart": null,
            "dischargeCmEnd": null,
            "sediment": false,
            "sedimentStart": null,
            "sedimentEnd": null,
            "waterQuality": false,
            "waterQualityStart": null,
            "waterQualityEnd": null,
            "rainfallManual": true,
            "rainfallManualStart": "1988-06-01T00:00:00",
            "rainfallManualEnd": null,
            "rainfallAuto": false,
            "rainfallAutoStart": null,
            "rainfallAutoEnd": null,
            "climaticManual": false,
            "climaticManualStart": null,
            "climaticManualEnd": null,
            "climaticAuto": false,
            "climaticAutoStart": null,
            "climaticAutoEnd": null,
            "catDomain": false,
            "catDomainGw": false,
            "catMet": true,
            "catWq": false,
            "catDomainInfo": null,
            "catMetInfo": "Precipititation(Standard - SRG)",
            "catWqInfo": null,
            "mc": null,
            "sc": null,
            "cw": null,
            "wqYesNo": false,
            "distanceToOutlet": 0.0,
            "dwlrNo": null,
            "dwlrType": null,
            "transferSelected": false,
            "swNetworkType": null,
            "metNetworkType": 12,
            "wqNetworkType": null,
            "stationOperational": true,
            "bank": null,
            "swStationOwner": null,
            "metStationOwner": null,
            "wqStationOwner": null,
            "createdOn": null,
            "createdBy": null,
            "updatedOn": null,
            "updatedBy": null,
            "maxRainfallDate": "2015-12-31T08:30:00",
            "maxClimaticDate": null,
            "wimsCode": null
        },
        {
            "stationId": 49,
            "stationCode": "Horti",
            "stationName": "Horti",
            "agencyId": 3,
            "stateId": 10,
            "districtId": 170,
            "tahsilId": 2448,
            "lat": "17°07'00\"",
            "longitude": "75°47'00\"",
            "refToposheetNo": "47O-16",
            "altitude": 526.09,
            "zeroRl": 0,
            "basinId": 7,
            "riverId": 21,
            "tributaryId": null,
            "subTributaryId": null,
            "subSubTributaryId": null,
            "localRiverId": null,
            "catchmentArea": null,
            "regionalOfficeId": 12,
            "circleOfficeId": 19,
            "divisionalOfficeId": 54,
            "subDivisionalOfficeId": null,
            "sectionOfficeId": null,
            "ownerAgencyId": 3,
            "locationDetails": "PWD  store    premises",
            "busStand": "Horti",
            "station": "Indi",
            "airport": "Belgaum",
            "town": "Indi",
            "address": "PWD    store    premises",
            "otherInformation": null,
            "stationSetup": "SRG",
            "accessibility": "By   bus",
            "stationHistory": null,
            "dateOfEstablishment": "1988-06-01T00:00:00",
            "dateOfClosure": null,
            "waterLevelManual": false,
            "waterLevelManualStart": null,
            "waterLevelManualEnd": null,
            "waterLevelAuto": false,
            "waterLevelAutoStart": null,
            "waterLevelAutoEnd": null,
            "discharge": false,
            "dischargeStart": null,
            "dischargeEnd": null,
            "dischargeCm": false,
            "dischargeCmStart": null,
            "dischargeCmEnd": null,
            "sediment": false,
            "sedimentStart": null,
            "sedimentEnd": null,
            "waterQuality": false,
            "waterQualityStart": null,
            "waterQualityEnd": null,
            "rainfallManual": true,
            "rainfallManualStart": "1988-06-01T00:00:00",
            "rainfallManualEnd": null,
            "rainfallAuto": false,
            "rainfallAutoStart": null,
            "rainfallAutoEnd": null,
            "climaticManual": false,
            "climaticManualStart": null,
            "climaticManualEnd": null,
            "climaticAuto": false,
            "climaticAutoStart": null,
            "climaticAutoEnd": null,
            "catDomain": false,
            "catDomainGw": false,
            "catMet": true,
            "catWq": false,
            "catDomainInfo": null,
            "catMetInfo": "Precipititation(Standard - SRG)",
            "catWqInfo": null,
            "mc": null,
            "sc": null,
            "cw": null,
            "wqYesNo": false,
            "distanceToOutlet": 0.0,
            "dwlrNo": null,
            "dwlrType": null,
            "transferSelected": false,
            "swNetworkType": null,
            "metNetworkType": 12,
            "wqNetworkType": null,
            "stationOperational": true,
            "bank": null,
            "swStationOwner": null,
            "metStationOwner": null,
            "wqStationOwner": null,
            "createdOn": null,
            "createdBy": null,
            "updatedOn": null,
            "updatedBy": null,
            "maxRainfallDate": "2015-12-31T08:30:00",
            "maxClimaticDate": null,
            "wimsCode": null
        },
        {
            "stationId": 32,
            "stationCode": "Dhavalgi",
            "stationName": "Dhavalgi",
            "agencyId": 3,
            "stateId": 10,
            "districtId": 170,
            "tahsilId": 2449,
            "lat": "16°25'00\"",
            "longitude": "76°07'00\"",
            "refToposheetNo": "56D-3",
            "altitude": null,
            "zeroRl": 0,
            "basinId": 7,
            "riverId": 21,
            "tributaryId": null,
            "subTributaryId": null,
            "subSubTributaryId": null,
            "localRiverId": null,
            "catchmentArea": null,
            "regionalOfficeId": 12,
            "circleOfficeId": 19,
            "divisionalOfficeId": 54,
            "subDivisionalOfficeId": null,
            "sectionOfficeId": null,
            "ownerAgencyId": 3,
            "locationDetails": "Govt   hospital    premises",
            "busStand": "Dhavalgi",
            "station": "Alamatti",
            "airport": "Belgaum",
            "town": "Muddebihal",
            "address": "Govt     hospital     premises",
            "otherInformation": null,
            "stationSetup": "SRG",
            "accessibility": "By    road",
            "stationHistory": null,
            "dateOfEstablishment": "2002-06-07T00:00:00",
            "dateOfClosure": null,
            "waterLevelManual": false,
            "waterLevelManualStart": null,
            "waterLevelManualEnd": null,
            "waterLevelAuto": false,
            "waterLevelAutoStart": null,
            "waterLevelAutoEnd": null,
            "discharge": false,
            "dischargeStart": null,
            "dischargeEnd": null,
            "dischargeCm": false,
            "dischargeCmStart": null,
            "dischargeCmEnd": null,
            "sediment": false,
            "sedimentStart": null,
            "sedimentEnd": null,
            "waterQuality": false,
            "waterQualityStart": null,
            "waterQualityEnd": null,
            "rainfallManual": true,
            "rainfallManualStart": "2002-06-07T00:00:00",
            "rainfallManualEnd": null,
            "rainfallAuto": false,
            "rainfallAutoStart": null,
            "rainfallAutoEnd": null,
            "climaticManual": false,
            "climaticManualStart": null,
            "climaticManualEnd": null,
            "climaticAuto": false,
            "climaticAutoStart": null,
            "climaticAutoEnd": null,
            "catDomain": false,
            "catDomainGw": false,
            "catMet": true,
            "catWq": false,
            "catDomainInfo": null,
            "catMetInfo": "Precipititation(Standard - SRG)",
            "catWqInfo": null,
            "mc": null,
            "sc": null,
            "cw": null,
            "wqYesNo": false,
            "distanceToOutlet": 0.0,
            "dwlrNo": null,
            "dwlrType": null,
            "transferSelected": false,
            "swNetworkType": null,
            "metNetworkType": 12,
            "wqNetworkType": null,
            "stationOperational": true,
            "bank": null,
            "swStationOwner": null,
            "metStationOwner": null,
            "wqStationOwner": null,
            "createdOn": null,
            "createdBy": null,
            "updatedOn": null,
            "updatedBy": null,
            "maxRainfallDate": "2015-12-31T08:30:00",
            "maxClimaticDate": null,
            "wimsCode": null
        },
        {
            "stationId": 113,
            "stationCode": "Sasabal",
            "stationName": "Sasabal",
            "agencyId": 3,
            "stateId": 10,
            "districtId": 170,
            "tahsilId": 2450,
            "lat": "16°52'00\"",
            "longitude": "76°22'00\"",
            "refToposheetNo": "56D-5",
            "altitude": null,
            "zeroRl": 0,
            "basinId": 7,
            "riverId": 21,
            "tributaryId": null,
            "subTributaryId": null,
            "subSubTributaryId": null,
            "localRiverId": null,
            "catchmentArea": null,
            "regionalOfficeId": 12,
            "circleOfficeId": 19,
            "divisionalOfficeId": 54,
            "subDivisionalOfficeId": null,
            "sectionOfficeId": null,
            "ownerAgencyId": 3,
            "locationDetails": "Near     temple    building",
            "busStand": "Sasabal",
            "station": "Indi",
            "airport": "Belgaum",
            "town": "Sindgi",
            "address": "Near    temple    building",
            "otherInformation": null,
            "stationSetup": "SRG",
            "accessibility": "By   road",
            "stationHistory": null,
            "dateOfEstablishment": "1988-06-01T00:00:00",
            "dateOfClosure": null,
            "waterLevelManual": false,
            "waterLevelManualStart": null,
            "waterLevelManualEnd": null,
            "waterLevelAuto": false,
            "waterLevelAutoStart": null,
            "waterLevelAutoEnd": null,
            "discharge": false,
            "dischargeStart": null,
            "dischargeEnd": null,
            "dischargeCm": false,
            "dischargeCmStart": null,
            "dischargeCmEnd": null,
            "sediment": false,
            "sedimentStart": null,
            "sedimentEnd": null,
            "waterQuality": false,
            "waterQualityStart": null,
            "waterQualityEnd": null,
            "rainfallManual": true,
            "rainfallManualStart": "1988-06-01T00:00:00",
            "rainfallManualEnd": null,
            "rainfallAuto": false,
            "rainfallAutoStart": null,
            "rainfallAutoEnd": null,
            "climaticManual": false,
            "climaticManualStart": null,
            "climaticManualEnd": null,
            "climaticAuto": false,
            "climaticAutoStart": null,
            "climaticAutoEnd": null,
            "catDomain": false,
            "catDomainGw": false,
            "catMet": true,
            "catWq": false,
            "catDomainInfo": null,
            "catMetInfo": "Precipititation(Standard - SRG)",
            "catWqInfo": null,
            "mc": null,
            "sc": null,
            "cw": null,
            "wqYesNo": false,
            "distanceToOutlet": 0.0,
            "dwlrNo": null,
            "dwlrType": null,
            "transferSelected": false,
            "swNetworkType": null,
            "metNetworkType": 12,
            "wqNetworkType": null,
            "stationOperational": true,
            "bank": null,
            "swStationOwner": null,
            "metStationOwner": null,
            "wqStationOwner": null,
            "createdOn": null,
            "createdBy": null,
            "updatedOn": null,
            "updatedBy": null,
            "maxRainfallDate": "2015-12-31T08:30:00",
            "maxClimaticDate": null,
            "wimsCode": null
        },
        {
            "stationId": 23,
            "stationCode": "Bidi",
            "stationName": "Bidi",
            "agencyId": 3,
            "stateId": 10,
            "districtId": 167,
            "tahsilId": 2423,
            "lat": "15°34'00\"",
            "longitude": "74°30'00\"",
            "refToposheetNo": "48I-10",
            "altitude": 664.0,
            "zeroRl": 0,
            "basinId": 7,
            "riverId": 21,
            "tributaryId": 188,
            "subTributaryId": null,
            "subSubTributaryId": null,
            "localRiverId": 276,
            "catchmentArea": null,
            "regionalOfficeId": 12,
            "circleOfficeId": 19,
            "divisionalOfficeId": 54,
            "subDivisionalOfficeId": null,
            "sectionOfficeId": null,
            "ownerAgencyId": 3,
            "locationDetails": "I.B. Premises Bidi.",
            "busStand": "Bidi.",
            "station": "Bidi.",
            "airport": "Sambra",
            "town": "Khanapur",
            "address": "I.B. Premises Bidi.",
            "otherInformation": null,
            "stationSetup": "SRG",
            "accessibility": "Road",
            "stationHistory": null,
            "dateOfEstablishment": "1988-06-01T00:00:00",
            "dateOfClosure": null,
            "waterLevelManual": false,
            "waterLevelManualStart": null,
            "waterLevelManualEnd": null,
            "waterLevelAuto": false,
            "waterLevelAutoStart": null,
            "waterLevelAutoEnd": null,
            "discharge": false,
            "dischargeStart": null,
            "dischargeEnd": null,
            "dischargeCm": false,
            "dischargeCmStart": null,
            "dischargeCmEnd": null,
            "sediment": false,
            "sedimentStart": null,
            "sedimentEnd": null,
            "waterQuality": false,
            "waterQualityStart": null,
            "waterQualityEnd": null,
            "rainfallManual": true,
            "rainfallManualStart": "1988-06-01T00:00:00",
            "rainfallManualEnd": null,
            "rainfallAuto": false,
            "rainfallAutoStart": null,
            "rainfallAutoEnd": null,
            "climaticManual": false,
            "climaticManualStart": null,
            "climaticManualEnd": null,
            "climaticAuto": false,
            "climaticAutoStart": null,
            "climaticAutoEnd": null,
            "catDomain": false,
            "catDomainGw": false,
            "catMet": true,
            "catWq": false,
            "catDomainInfo": null,
            "catMetInfo": "Precipititation(Standard - SRG)",
            "catWqInfo": null,
            "mc": null,
            "sc": null,
            "cw": null,
            "wqYesNo": false,
            "distanceToOutlet": 0.0,
            "dwlrNo": null,
            "dwlrType": null,
            "transferSelected": false,
            "swNetworkType": null,
            "metNetworkType": 12,
            "wqNetworkType": null,
            "stationOperational": true,
            "bank": null,
            "swStationOwner": null,
            "metStationOwner": null,
            "wqStationOwner": null,
            "createdOn": null,
            "createdBy": null,
            "updatedOn": null,
            "updatedBy": null,
            "maxRainfallDate": "2015-12-31T08:30:00",
            "maxClimaticDate": null,
            "wimsCode": null
        },
        {
            "stationId": 53,
            "stationCode": "Hungund",
            "stationName": "Hungund",
            "agencyId": 3,
            "stateId": 10,
            "districtId": 164,
            "tahsilId": 2398,
            "lat": "16°03'24\"",
            "longitude": "76°03'38\"",
            "refToposheetNo": "56D-4",
            "altitude": null,
            "zeroRl": 0,
            "basinId": 7,
            "riverId": 21,
            "tributaryId": null,
            "subTributaryId": null,
            "subSubTributaryId": null,
            "localRiverId": null,
            "catchmentArea": null,
            "regionalOfficeId": 12,
            "circleOfficeId": 19,
            "divisionalOfficeId": 54,
            "subDivisionalOfficeId": null,
            "sectionOfficeId": null,
            "ownerAgencyId": 3,
            "locationDetails": "Teachers Training College premises",
            "busStand": "Hungund",
            "station": "Bagalkot",
            "airport": null,
            "town": null,
            "address": "Teachers Training College, Hungund,  PO_Hungund, Taluk_Hungund, Dist_Bagalkot",
            "otherInformation": "The station is established on 01/09/1985",
            "stationSetup": "FCS",
            "accessibility": "By road",
            "stationHistory": null,
            "dateOfEstablishment": "1985-09-01T00:00:00",
            "dateOfClosure": null,
            "waterLevelManual": false,
            "waterLevelManualStart": null,
            "waterLevelManualEnd": null,
            "waterLevelAuto": false,
            "waterLevelAutoStart": null,
            "waterLevelAutoEnd": null,
            "discharge": false,
            "dischargeStart": null,
            "dischargeEnd": null,
            "dischargeCm": false,
            "dischargeCmStart": null,
            "dischargeCmEnd": null,
            "sediment": false,
            "sedimentStart": null,
            "sedimentEnd": null,
            "waterQuality": false,
            "waterQualityStart": null,
            "waterQualityEnd": null,
            "rainfallManual": true,
            "rainfallManualStart": "1985-09-01T00:00:00",
            "rainfallManualEnd": null,
            "rainfallAuto": true,
            "rainfallAutoStart": "1985-09-01T00:00:00",
            "rainfallAutoEnd": null,
            "climaticManual": true,
            "climaticManualStart": "1985-09-01T00:00:00",
            "climaticManualEnd": null,
            "climaticAuto": true,
            "climaticAutoStart": "1985-09-01T00:00:00",
            "climaticAutoEnd": null,
            "catDomain": false,
            "catDomainGw": false,
            "catMet": true,
            "catWq": false,
            "catDomainInfo": null,
            "catMetInfo": "Ordinary Climatological (Class II - FCS:HP)",
            "catWqInfo": null,
            "mc": null,
            "sc": null,
            "cw": null,
            "wqYesNo": false,
            "distanceToOutlet": 0.0,
            "dwlrNo": null,
            "dwlrType": null,
            "transferSelected": false,
            "swNetworkType": null,
            "metNetworkType": 12,
            "wqNetworkType": null,
            "stationOperational": true,
            "bank": null,
            "swStationOwner": null,
            "metStationOwner": null,
            "wqStationOwner": null,
            "createdOn": null,
            "createdBy": null,
            "updatedOn": null,
            "updatedBy": null,
            "maxRainfallDate": "2015-12-31T08:30:00",
            "maxClimaticDate": "2015-12-31T17:30:00",
            "wimsCode": null
        },
        {
            "stationId": 28,
            "stationCode": "Chikkodi",
            "stationName": "Chikkodi",
            "agencyId": 3,
            "stateId": 10,
            "districtId": 167,
            "tahsilId": 2420,
            "lat": "16°25'30\"",
            "longitude": "74°34'26\"",
            "refToposheetNo": "47L-15",
            "altitude": 609.6,
            "zeroRl": 0,
            "basinId": 7,
            "riverId": 21,
            "tributaryId": null,
            "subTributaryId": null,
            "subSubTributaryId": null,
            "localRiverId": null,
            "catchmentArea": null,
            "regionalOfficeId": 12,
            "circleOfficeId": 19,
            "divisionalOfficeId": 54,
            "subDivisionalOfficeId": null,
            "sectionOfficeId": null,
            "ownerAgencyId": 3,
            "locationDetails": "Located in the premises of Zilla Parishad Compound Chikkodi",
            "busStand": "Chikkodi",
            "station": "Belgaum",
            "airport": "Bombay",
            "town": "Belgaum",
            "address": "Zilla Parishad Compound Chikkodi",
            "otherInformation": null,
            "stationSetup": "FCS",
            "accessibility": "By Road",
            "stationHistory": null,
            "dateOfEstablishment": "2001-01-01T00:00:00",
            "dateOfClosure": null,
            "waterLevelManual": false,
            "waterLevelManualStart": null,
            "waterLevelManualEnd": null,
            "waterLevelAuto": false,
            "waterLevelAutoStart": null,
            "waterLevelAutoEnd": null,
            "discharge": false,
            "dischargeStart": null,
            "dischargeEnd": null,
            "dischargeCm": false,
            "dischargeCmStart": null,
            "dischargeCmEnd": null,
            "sediment": false,
            "sedimentStart": null,
            "sedimentEnd": null,
            "waterQuality": false,
            "waterQualityStart": null,
            "waterQualityEnd": null,
            "rainfallManual": true,
            "rainfallManualStart": "2001-01-01T00:00:00",
            "rainfallManualEnd": null,
            "rainfallAuto": true,
            "rainfallAutoStart": "1988-01-01T00:00:00",
            "rainfallAutoEnd": null,
            "climaticManual": true,
            "climaticManualStart": "1988-01-01T00:00:00",
            "climaticManualEnd": null,
            "climaticAuto": true,
            "climaticAutoStart": "1988-01-01T00:00:00",
            "climaticAutoEnd": null,
            "catDomain": false,
            "catDomainGw": false,
            "catMet": true,
            "catWq": false,
            "catDomainInfo": null,
            "catMetInfo": "Ordinary Climatological (Class II - FCS:HP)",
            "catWqInfo": null,
            "mc": null,
            "sc": null,
            "cw": null,
            "wqYesNo": false,
            "distanceToOutlet": null,
            "dwlrNo": null,
            "dwlrType": null,
            "transferSelected": false,
            "swNetworkType": null,
            "metNetworkType": 12,
            "wqNetworkType": null,
            "stationOperational": true,
            "bank": null,
            "swStationOwner": null,
            "metStationOwner": null,
            "wqStationOwner": null,
            "createdOn": null,
            "createdBy": null,
            "updatedOn": null,
            "updatedBy": null,
            "maxRainfallDate": "2015-12-31T08:30:00",
            "maxClimaticDate": "2024-03-04T17:38:08.334",
            "wimsCode": null
        },
        {
            "stationId": 126,
            "stationCode": "Tigadi",
            "stationName": "Tigadi",
            "agencyId": 3,
            "stateId": 10,
            "districtId": 167,
            "tahsilId": 2418,
            "lat": null,
            "longitude": null,
            "refToposheetNo": "48I-9",
            "altitude": 670.7,
            "zeroRl": 0,
            "basinId": 7,
            "riverId": 21,
            "tributaryId": 182,
            "subTributaryId": null,
            "subSubTributaryId": null,
            "localRiverId": null,
            "catchmentArea": null,
            "regionalOfficeId": 12,
            "circleOfficeId": 19,
            "divisionalOfficeId": 54,
            "subDivisionalOfficeId": null,
            "sectionOfficeId": null,
            "ownerAgencyId": 3,
            "locationDetails": "Near K.B. School Tigadi",
            "busStand": "Tigadi",
            "station": null,
            "airport": null,
            "town": null,
            "address": "Near K.B. School Tigadi",
            "otherInformation": null,
            "stationSetup": "SRG",
            "accessibility": "Road",
            "stationHistory": null,
            "dateOfEstablishment": null,
            "dateOfClosure": null,
            "waterLevelManual": false,
            "waterLevelManualStart": null,
            "waterLevelManualEnd": null,
            "waterLevelAuto": false,
            "waterLevelAutoStart": null,
            "waterLevelAutoEnd": null,
            "discharge": false,
            "dischargeStart": null,
            "dischargeEnd": null,
            "dischargeCm": false,
            "dischargeCmStart": null,
            "dischargeCmEnd": null,
            "sediment": false,
            "sedimentStart": null,
            "sedimentEnd": null,
            "waterQuality": false,
            "waterQualityStart": null,
            "waterQualityEnd": null,
            "rainfallManual": true,
            "rainfallManualStart": "1988-06-01T00:00:00",
            "rainfallManualEnd": null,
            "rainfallAuto": false,
            "rainfallAutoStart": null,
            "rainfallAutoEnd": null,
            "climaticManual": false,
            "climaticManualStart": null,
            "climaticManualEnd": null,
            "climaticAuto": false,
            "climaticAutoStart": null,
            "climaticAutoEnd": null,
            "catDomain": false,
            "catDomainGw": false,
            "catMet": true,
            "catWq": false,
            "catDomainInfo": null,
            "catMetInfo": "Precipititation(Standard - SRG)",
            "catWqInfo": null,
            "mc": null,
            "sc": null,
            "cw": null,
            "wqYesNo": false,
            "distanceToOutlet": 0.0,
            "dwlrNo": null,
            "dwlrType": null,
            "transferSelected": false,
            "swNetworkType": null,
            "metNetworkType": 12,
            "wqNetworkType": null,
            "stationOperational": true,
            "bank": null,
            "swStationOwner": null,
            "metStationOwner": null,
            "wqStationOwner": null,
            "createdOn": null,
            "createdBy": null,
            "updatedOn": null,
            "updatedBy": null,
            "maxRainfallDate": "2015-12-31T08:30:00",
            "maxClimaticDate": null,
            "wimsCode": null
        },
        {
            "stationId": 40,
            "stationCode": "H_Hippargi",
            "stationName": "H_Hippargi",
            "agencyId": 3,
            "stateId": 10,
            "districtId": 170,
            "tahsilId": 2445,
            "lat": "16°33'38\"",
            "longitude": "76°04'45\"",
            "refToposheetNo": "56D-2",
            "altitude": null,
            "zeroRl": 0,
            "basinId": 7,
            "riverId": 21,
            "tributaryId": null,
            "subTributaryId": null,
            "subSubTributaryId": null,
            "localRiverId": null,
            "catchmentArea": null,
            "regionalOfficeId": 12,
            "circleOfficeId": 19,
            "divisionalOfficeId": 54,
            "subDivisionalOfficeId": null,
            "sectionOfficeId": null,
            "ownerAgencyId": 3,
            "locationDetails": "Primary Health Centre premises",
            "busStand": "Huvina Hippargi",
            "station": "Almatti",
            "airport": "Bombay",
            "town": "Basavana Bagewadi",
            "address": "Primary Health Centre, Huvina Hippargi,  PO_Huvina Hippargi, Taluk_Basavana Bagewadi,   Dist_ Bijapur",
            "otherInformation": null,
            "stationSetup": "SRG",
            "accessibility": "By road",
            "stationHistory": null,
            "dateOfEstablishment": "1987-01-01T00:00:00",
            "dateOfClosure": null,
            "waterLevelManual": false,
            "waterLevelManualStart": null,
            "waterLevelManualEnd": null,
            "waterLevelAuto": false,
            "waterLevelAutoStart": null,
            "waterLevelAutoEnd": null,
            "discharge": false,
            "dischargeStart": null,
            "dischargeEnd": null,
            "dischargeCm": false,
            "dischargeCmStart": null,
            "dischargeCmEnd": null,
            "sediment": false,
            "sedimentStart": null,
            "sedimentEnd": null,
            "waterQuality": false,
            "waterQualityStart": null,
            "waterQualityEnd": null,
            "rainfallManual": true,
            "rainfallManualStart": "1987-01-01T00:00:00",
            "rainfallManualEnd": null,
            "rainfallAuto": false,
            "rainfallAutoStart": null,
            "rainfallAutoEnd": null,
            "climaticManual": false,
            "climaticManualStart": null,
            "climaticManualEnd": null,
            "climaticAuto": false,
            "climaticAutoStart": null,
            "climaticAutoEnd": null,
            "catDomain": false,
            "catDomainGw": false,
            "catMet": true,
            "catWq": false,
            "catDomainInfo": null,
            "catMetInfo": "Precipititation(Standard - SRG)",
            "catWqInfo": null,
            "mc": null,
            "sc": null,
            "cw": null,
            "wqYesNo": false,
            "distanceToOutlet": 0.0,
            "dwlrNo": null,
            "dwlrType": null,
            "transferSelected": false,
            "swNetworkType": null,
            "metNetworkType": 12,
            "wqNetworkType": null,
            "stationOperational": true,
            "bank": null,
            "swStationOwner": null,
            "metStationOwner": null,
            "wqStationOwner": null,
            "createdOn": null,
            "createdBy": null,
            "updatedOn": null,
            "updatedBy": null,
            "maxRainfallDate": "2015-12-31T08:30:00",
            "maxClimaticDate": "2024-01-31T08:30:00",
            "wimsCode": null
        },
        {
            "stationId": 33,
            "stationCode": "Galagali",
            "stationName": "Galagali",
            "agencyId": 3,
            "stateId": 10,
            "districtId": 164,
            "tahsilId": null,
            "lat": "16°25'00\"",
            "longitude": "75°27'00\"",
            "refToposheetNo": null,
            "altitude": 588.65,
            "zeroRl": 0,
            "basinId": 7,
            "riverId": 21,
            "tributaryId": null,
            "subTributaryId": null,
            "subSubTributaryId": null,
            "localRiverId": null,
            "catchmentArea": null,
            "regionalOfficeId": 12,
            "circleOfficeId": 19,
            "divisionalOfficeId": 54,
            "subDivisionalOfficeId": null,
            "sectionOfficeId": null,
            "ownerAgencyId": 3,
            "locationDetails": "Primery health center, Galagli.",
            "busStand": "Galgali",
            "station": "Bagalkot",
            "airport": "Huballi",
            "town": "Bilagi",
            "address": "Primery health center, Galagali.",
            "otherInformation": null,
            "stationSetup": "SRG.",
            "accessibility": "By road.",
            "stationHistory": null,
            "dateOfEstablishment": "1987-01-01T00:00:00",
            "dateOfClosure": null,
            "waterLevelManual": false,
            "waterLevelManualStart": null,
            "waterLevelManualEnd": null,
            "waterLevelAuto": false,
            "waterLevelAutoStart": null,
            "waterLevelAutoEnd": null,
            "discharge": false,
            "dischargeStart": null,
            "dischargeEnd": null,
            "dischargeCm": false,
            "dischargeCmStart": null,
            "dischargeCmEnd": null,
            "sediment": false,
            "sedimentStart": null,
            "sedimentEnd": null,
            "waterQuality": false,
            "waterQualityStart": null,
            "waterQualityEnd": null,
            "rainfallManual": true,
            "rainfallManualStart": "1987-01-01T00:00:00",
            "rainfallManualEnd": null,
            "rainfallAuto": false,
            "rainfallAutoStart": null,
            "rainfallAutoEnd": null,
            "climaticManual": false,
            "climaticManualStart": null,
            "climaticManualEnd": null,
            "climaticAuto": false,
            "climaticAutoStart": null,
            "climaticAutoEnd": null,
            "catDomain": false,
            "catDomainGw": false,
            "catMet": true,
            "catWq": false,
            "catDomainInfo": null,
            "catMetInfo": "Precipititation(Standard - SRG)",
            "catWqInfo": null,
            "mc": null,
            "sc": null,
            "cw": null,
            "wqYesNo": false,
            "distanceToOutlet": 0.0,
            "dwlrNo": null,
            "dwlrType": null,
            "transferSelected": false,
            "swNetworkType": null,
            "metNetworkType": 12,
            "wqNetworkType": null,
            "stationOperational": true,
            "bank": null,
            "swStationOwner": null,
            "metStationOwner": null,
            "wqStationOwner": null,
            "createdOn": null,
            "createdBy": null,
            "updatedOn": null,
            "updatedBy": null,
            "maxRainfallDate": "2015-12-31T08:30:00",
            "maxClimaticDate": null,
            "wimsCode": null
        },
        {
            "stationId": 19,
            "stationCode": "Belur(BGK)",
            "stationName": "Belur(BGK)",
            "agencyId": 3,
            "stateId": 10,
            "districtId": 164,
            "tahsilId": 2393,
            "lat": "15°50'35\"",
            "longitude": "75°45'03\"",
            "refToposheetNo": "48M-13",
            "altitude": null,
            "zeroRl": 0,
            "basinId": 7,
            "riverId": 21,
            "tributaryId": null,
            "subTributaryId": null,
            "subSubTributaryId": null,
            "localRiverId": null,
            "catchmentArea": null,
            "regionalOfficeId": 12,
            "circleOfficeId": 19,
            "divisionalOfficeId": 54,
            "subDivisionalOfficeId": null,
            "sectionOfficeId": null,
            "ownerAgencyId": 3,
            "locationDetails": "Primary Health Centre premises",
            "busStand": "Belur",
            "station": "Badami",
            "airport": "Bombay",
            "town": "Badami",
            "address": "Primary Health Centre, Belur,  PO_Belur,  Taluk_Badami,  Dist_Bagalkot",
            "otherInformation": null,
            "stationSetup": "SRG",
            "accessibility": "By road",
            "stationHistory": null,
            "dateOfEstablishment": "1996-01-01T00:00:00",
            "dateOfClosure": null,
            "waterLevelManual": false,
            "waterLevelManualStart": null,
            "waterLevelManualEnd": null,
            "waterLevelAuto": false,
            "waterLevelAutoStart": null,
            "waterLevelAutoEnd": null,
            "discharge": false,
            "dischargeStart": null,
            "dischargeEnd": null,
            "dischargeCm": false,
            "dischargeCmStart": null,
            "dischargeCmEnd": null,
            "sediment": false,
            "sedimentStart": null,
            "sedimentEnd": null,
            "waterQuality": false,
            "waterQualityStart": null,
            "waterQualityEnd": null,
            "rainfallManual": true,
            "rainfallManualStart": "1996-01-01T00:00:00",
            "rainfallManualEnd": null,
            "rainfallAuto": false,
            "rainfallAutoStart": null,
            "rainfallAutoEnd": null,
            "climaticManual": false,
            "climaticManualStart": null,
            "climaticManualEnd": null,
            "climaticAuto": false,
            "climaticAutoStart": null,
            "climaticAutoEnd": null,
            "catDomain": false,
            "catDomainGw": false,
            "catMet": true,
            "catWq": false,
            "catDomainInfo": null,
            "catMetInfo": "Precipititation(Standard - SRG)",
            "catWqInfo": null,
            "mc": null,
            "sc": null,
            "cw": null,
            "wqYesNo": false,
            "distanceToOutlet": 0.0,
            "dwlrNo": null,
            "dwlrType": null,
            "transferSelected": false,
            "swNetworkType": null,
            "metNetworkType": 12,
            "wqNetworkType": null,
            "stationOperational": true,
            "bank": null,
            "swStationOwner": null,
            "metStationOwner": null,
            "wqStationOwner": null,
            "createdOn": null,
            "createdBy": null,
            "updatedOn": null,
            "updatedBy": null,
            "maxRainfallDate": "2015-12-31T08:30:00",
            "maxClimaticDate": null,
            "wimsCode": null
        },
        {
            "stationId": 21,
            "stationCode": "Bevur",
            "stationName": "Bevur",
            "agencyId": 3,
            "stateId": 10,
            "districtId": 164,
            "tahsilId": 2394,
            "lat": "16°12'24\"",
            "longitude": "75°53'24\"",
            "refToposheetNo": "47P-16",
            "altitude": null,
            "zeroRl": 0,
            "basinId": 7,
            "riverId": 21,
            "tributaryId": null,
            "subTributaryId": null,
            "subSubTributaryId": null,
            "localRiverId": null,
            "catchmentArea": null,
            "regionalOfficeId": 12,
            "circleOfficeId": 19,
            "divisionalOfficeId": 54,
            "subDivisionalOfficeId": null,
            "sectionOfficeId": null,
            "ownerAgencyId": 3,
            "locationDetails": "Primary Health Centre premises",
            "busStand": "Bevur",
            "station": null,
            "airport": null,
            "town": "Bagalkot",
            "address": "Primary Health Centre, Bevur      PO:Bevur   Taluk: Bagalkot,       Dist: Bagalkot",
            "otherInformation": "The station is established in 1987",
            "stationSetup": "SRG",
            "accessibility": "By road",
            "stationHistory": "The station is established in 1987",
            "dateOfEstablishment": "1987-01-01T00:00:00",
            "dateOfClosure": null,
            "waterLevelManual": false,
            "waterLevelManualStart": null,
            "waterLevelManualEnd": null,
            "waterLevelAuto": false,
            "waterLevelAutoStart": null,
            "waterLevelAutoEnd": null,
            "discharge": false,
            "dischargeStart": null,
            "dischargeEnd": null,
            "dischargeCm": false,
            "dischargeCmStart": null,
            "dischargeCmEnd": null,
            "sediment": false,
            "sedimentStart": null,
            "sedimentEnd": null,
            "waterQuality": false,
            "waterQualityStart": null,
            "waterQualityEnd": null,
            "rainfallManual": true,
            "rainfallManualStart": "1987-01-01T00:00:00",
            "rainfallManualEnd": null,
            "rainfallAuto": false,
            "rainfallAutoStart": null,
            "rainfallAutoEnd": null,
            "climaticManual": false,
            "climaticManualStart": null,
            "climaticManualEnd": null,
            "climaticAuto": false,
            "climaticAutoStart": null,
            "climaticAutoEnd": null,
            "catDomain": false,
            "catDomainGw": false,
            "catMet": true,
            "catWq": false,
            "catDomainInfo": null,
            "catMetInfo": "Precipititation(Standard - SRG)",
            "catWqInfo": null,
            "mc": null,
            "sc": null,
            "cw": null,
            "wqYesNo": false,
            "distanceToOutlet": 0.0,
            "dwlrNo": null,
            "dwlrType": null,
            "transferSelected": false,
            "swNetworkType": null,
            "metNetworkType": 12,
            "wqNetworkType": null,
            "stationOperational": true,
            "bank": null,
            "swStationOwner": null,
            "metStationOwner": null,
            "wqStationOwner": null,
            "createdOn": null,
            "createdBy": null,
            "updatedOn": null,
            "updatedBy": null,
            "maxRainfallDate": "2015-12-31T08:30:00",
            "maxClimaticDate": null,
            "wimsCode": null
        },
        {
            "stationId": 50,
            "stationCode": "Hukkeri",
            "stationName": "Hukkeri",
            "agencyId": 3,
            "stateId": 10,
            "districtId": 167,
            "tahsilId": 2422,
            "lat": "16°13'24\"",
            "longitude": "74°35'44\"",
            "refToposheetNo": "47L-12",
            "altitude": 660.63,
            "zeroRl": 0,
            "basinId": 7,
            "riverId": 21,
            "tributaryId": 182,
            "subTributaryId": null,
            "subSubTributaryId": null,
            "localRiverId": null,
            "catchmentArea": null,
            "regionalOfficeId": 12,
            "circleOfficeId": 19,
            "divisionalOfficeId": 54,
            "subDivisionalOfficeId": null,
            "sectionOfficeId": null,
            "ownerAgencyId": 3,
            "locationDetails": "Located in the premises of Seed Farm Hukkeri",
            "busStand": "Hukkeri",
            "station": "Belgaum",
            "airport": "Bombay",
            "town": "Belgaum",
            "address": "Seed Farm  premises Hukkeri",
            "otherInformation": null,
            "stationSetup": "ARG",
            "accessibility": "By Road",
            "stationHistory": null,
            "dateOfEstablishment": "2001-01-01T00:00:00",
            "dateOfClosure": null,
            "waterLevelManual": false,
            "waterLevelManualStart": null,
            "waterLevelManualEnd": null,
            "waterLevelAuto": false,
            "waterLevelAutoStart": null,
            "waterLevelAutoEnd": null,
            "discharge": false,
            "dischargeStart": null,
            "dischargeEnd": null,
            "dischargeCm": false,
            "dischargeCmStart": null,
            "dischargeCmEnd": null,
            "sediment": false,
            "sedimentStart": null,
            "sedimentEnd": null,
            "waterQuality": false,
            "waterQualityStart": null,
            "waterQualityEnd": null,
            "rainfallManual": true,
            "rainfallManualStart": "2001-01-01T00:00:00",
            "rainfallManualEnd": null,
            "rainfallAuto": true,
            "rainfallAutoStart": "1988-01-01T00:00:00",
            "rainfallAutoEnd": null,
            "climaticManual": false,
            "climaticManualStart": null,
            "climaticManualEnd": null,
            "climaticAuto": false,
            "climaticAutoStart": null,
            "climaticAutoEnd": null,
            "catDomain": false,
            "catDomainGw": false,
            "catMet": true,
            "catWq": false,
            "catDomainInfo": null,
            "catMetInfo": "Precipititation(Autographic - ARG)",
            "catWqInfo": null,
            "mc": null,
            "sc": null,
            "cw": null,
            "wqYesNo": false,
            "distanceToOutlet": null,
            "dwlrNo": null,
            "dwlrType": null,
            "transferSelected": false,
            "swNetworkType": null,
            "metNetworkType": 10,
            "wqNetworkType": null,
            "stationOperational": true,
            "bank": null,
            "swStationOwner": null,
            "metStationOwner": null,
            "wqStationOwner": null,
            "createdOn": null,
            "createdBy": null,
            "updatedOn": null,
            "updatedBy": null,
            "maxRainfallDate": "2015-12-31T08:30:00",
            "maxClimaticDate": "2024-06-14T17:38:08.334",
            "wimsCode": null
        },
        {
            "stationId": 9,
            "stationCode": "Areshankar",
            "stationName": "Areshankar",
            "agencyId": 3,
            "stateId": 10,
            "districtId": 170,
            "tahsilId": 2445,
            "lat": "16°25'30\"",
            "longitude": "76°00'42\"",
            "refToposheetNo": "56D-3",
            "altitude": 531.9,
            "zeroRl": 0,
            "basinId": 7,
            "riverId": 21,
            "tributaryId": null,
            "subTributaryId": null,
            "subSubTributaryId": null,
            "localRiverId": null,
            "catchmentArea": null,
            "regionalOfficeId": 12,
            "circleOfficeId": 19,
            "divisionalOfficeId": 54,
            "subDivisionalOfficeId": null,
            "sectionOfficeId": null,
            "ownerAgencyId": 3,
            "locationDetails": "Near Areshankar Tank",
            "busStand": "Areshankar",
            "station": "Almatti",
            "airport": "Bombay",
            "town": "Basavana Bagewadi",
            "address": "Near Areshankar Tank, Areshankar , PO_Areshankar,  Taluk_Basavana Bagewadi, Dist_Bijapur",
            "otherInformation": "The station is established in 1987",
            "stationSetup": "SRG",
            "accessibility": "By road",
            "stationHistory": null,
            "dateOfEstablishment": "1987-01-01T00:00:00",
            "dateOfClosure": null,
            "waterLevelManual": false,
            "waterLevelManualStart": null,
            "waterLevelManualEnd": null,
            "waterLevelAuto": false,
            "waterLevelAutoStart": null,
            "waterLevelAutoEnd": null,
            "discharge": false,
            "dischargeStart": null,
            "dischargeEnd": null,
            "dischargeCm": false,
            "dischargeCmStart": null,
            "dischargeCmEnd": null,
            "sediment": false,
            "sedimentStart": null,
            "sedimentEnd": null,
            "waterQuality": false,
            "waterQualityStart": null,
            "waterQualityEnd": null,
            "rainfallManual": true,
            "rainfallManualStart": "1987-01-01T00:00:00",
            "rainfallManualEnd": null,
            "rainfallAuto": false,
            "rainfallAutoStart": null,
            "rainfallAutoEnd": null,
            "climaticManual": false,
            "climaticManualStart": null,
            "climaticManualEnd": null,
            "climaticAuto": false,
            "climaticAutoStart": null,
            "climaticAutoEnd": null,
            "catDomain": false,
            "catDomainGw": false,
            "catMet": true,
            "catWq": false,
            "catDomainInfo": null,
            "catMetInfo": "Precipititation(Standard - SRG)",
            "catWqInfo": null,
            "mc": null,
            "sc": null,
            "cw": null,
            "wqYesNo": false,
            "distanceToOutlet": 0.0,
            "dwlrNo": null,
            "dwlrType": null,
            "transferSelected": false,
            "swNetworkType": null,
            "metNetworkType": 12,
            "wqNetworkType": null,
            "stationOperational": true,
            "bank": null,
            "swStationOwner": null,
            "metStationOwner": null,
            "wqStationOwner": null,
            "createdOn": null,
            "createdBy": null,
            "updatedOn": null,
            "updatedBy": null,
            "maxRainfallDate": "2015-12-31T08:30:00",
            "maxClimaticDate": null,
            "wimsCode": null
        },
        {
            "stationId": 122,
            "stationCode": "Sutagatti",
            "stationName": "Sutagatti",
            "agencyId": 3,
            "stateId": 10,
            "districtId": 167,
            "tahsilId": 2418,
            "lat": "15°33'00\"",
            "longitude": "74°32'00\"",
            "refToposheetNo": "48I-9",
            "altitude": 805.8,
            "zeroRl": 0,
            "basinId": 7,
            "riverId": 21,
            "tributaryId": 182,
            "subTributaryId": null,
            "subSubTributaryId": null,
            "localRiverId": null,
            "catchmentArea": null,
            "regionalOfficeId": 12,
            "circleOfficeId": 19,
            "divisionalOfficeId": 54,
            "subDivisionalOfficeId": null,
            "sectionOfficeId": null,
            "ownerAgencyId": 3,
            "locationDetails": "PWD I.B.Sutagatti",
            "busStand": "Sutagatti",
            "station": null,
            "airport": null,
            "town": null,
            "address": "PWD I.B.Sutagatti",
            "otherInformation": null,
            "stationSetup": "SRG",
            "accessibility": "Road",
            "stationHistory": null,
            "dateOfEstablishment": "1988-06-01T00:00:00",
            "dateOfClosure": null,
            "waterLevelManual": false,
            "waterLevelManualStart": null,
            "waterLevelManualEnd": null,
            "waterLevelAuto": false,
            "waterLevelAutoStart": null,
            "waterLevelAutoEnd": null,
            "discharge": false,
            "dischargeStart": null,
            "dischargeEnd": null,
            "dischargeCm": false,
            "dischargeCmStart": null,
            "dischargeCmEnd": null,
            "sediment": false,
            "sedimentStart": null,
            "sedimentEnd": null,
            "waterQuality": false,
            "waterQualityStart": null,
            "waterQualityEnd": null,
            "rainfallManual": true,
            "rainfallManualStart": "1988-06-01T00:00:00",
            "rainfallManualEnd": null,
            "rainfallAuto": false,
            "rainfallAutoStart": null,
            "rainfallAutoEnd": null,
            "climaticManual": false,
            "climaticManualStart": null,
            "climaticManualEnd": null,
            "climaticAuto": false,
            "climaticAutoStart": null,
            "climaticAutoEnd": null,
            "catDomain": false,
            "catDomainGw": false,
            "catMet": true,
            "catWq": false,
            "catDomainInfo": null,
            "catMetInfo": "Precipititation(Standard - SRG)",
            "catWqInfo": null,
            "mc": null,
            "sc": null,
            "cw": null,
            "wqYesNo": false,
            "distanceToOutlet": 0.0,
            "dwlrNo": null,
            "dwlrType": null,
            "transferSelected": false,
            "swNetworkType": null,
            "metNetworkType": 12,
            "wqNetworkType": null,
            "stationOperational": true,
            "bank": null,
            "swStationOwner": null,
            "metStationOwner": null,
            "wqStationOwner": null,
            "createdOn": null,
            "createdBy": null,
            "updatedOn": null,
            "updatedBy": null,
            "maxRainfallDate": "2015-12-31T08:30:00",
            "maxClimaticDate": null,
            "wimsCode": null
        },
        {
            "stationId": 81,
            "stationCode": "Lokapur",
            "stationName": "Lokapur",
            "agencyId": 3,
            "stateId": 10,
            "districtId": 164,
            "tahsilId": 2401,
            "lat": null,
            "longitude": null,
            "refToposheetNo": null,
            "altitude": null,
            "zeroRl": 0,
            "basinId": 7,
            "riverId": 21,
            "tributaryId": null,
            "subTributaryId": null,
            "subSubTributaryId": null,
            "localRiverId": null,
            "catchmentArea": null,
            "regionalOfficeId": 12,
            "circleOfficeId": 19,
            "divisionalOfficeId": 54,
            "subDivisionalOfficeId": null,
            "sectionOfficeId": null,
            "ownerAgencyId": 3,
            "locationDetails": "G L B C Colony, Lokapur.",
            "busStand": "Lokapur.",
            "station": "Bagalkot.",
            "airport": "Huballi.",
            "town": "Mudhol.",
            "address": "G L B C Colony, Lokapur.",
            "otherInformation": null,
            "stationSetup": "SRG.",
            "accessibility": "By road.",
            "stationHistory": null,
            "dateOfEstablishment": "1987-01-01T00:00:00",
            "dateOfClosure": null,
            "waterLevelManual": false,
            "waterLevelManualStart": null,
            "waterLevelManualEnd": null,
            "waterLevelAuto": false,
            "waterLevelAutoStart": null,
            "waterLevelAutoEnd": null,
            "discharge": false,
            "dischargeStart": null,
            "dischargeEnd": null,
            "dischargeCm": false,
            "dischargeCmStart": null,
            "dischargeCmEnd": null,
            "sediment": false,
            "sedimentStart": null,
            "sedimentEnd": null,
            "waterQuality": false,
            "waterQualityStart": null,
            "waterQualityEnd": null,
            "rainfallManual": true,
            "rainfallManualStart": "1987-01-01T00:00:00",
            "rainfallManualEnd": null,
            "rainfallAuto": false,
            "rainfallAutoStart": null,
            "rainfallAutoEnd": null,
            "climaticManual": false,
            "climaticManualStart": null,
            "climaticManualEnd": null,
            "climaticAuto": false,
            "climaticAutoStart": null,
            "climaticAutoEnd": null,
            "catDomain": false,
            "catDomainGw": false,
            "catMet": true,
            "catWq": false,
            "catDomainInfo": null,
            "catMetInfo": "Precipititation(Standard - SRG)",
            "catWqInfo": null,
            "mc": null,
            "sc": null,
            "cw": null,
            "wqYesNo": false,
            "distanceToOutlet": 0.0,
            "dwlrNo": null,
            "dwlrType": null,
            "transferSelected": false,
            "swNetworkType": null,
            "metNetworkType": 12,
            "wqNetworkType": null,
            "stationOperational": true,
            "bank": null,
            "swStationOwner": null,
            "metStationOwner": null,
            "wqStationOwner": null,
            "createdOn": null,
            "createdBy": null,
            "updatedOn": null,
            "updatedBy": null,
            "maxRainfallDate": "2015-12-31T08:30:00",
            "maxClimaticDate": null,
            "wimsCode": null
        },
        {
            "stationId": 97,
            "stationCode": "Nagarmunoli",
            "stationName": "Nagarmunoli",
            "agencyId": 3,
            "stateId": 10,
            "districtId": 167,
            "tahsilId": 2420,
            "lat": "16°32'00\"",
            "longitude": "74°50'00\"",
            "refToposheetNo": "47L-11",
            "altitude": 630.1,
            "zeroRl": 0,
            "basinId": 7,
            "riverId": 21,
            "tributaryId": 181,
            "subTributaryId": null,
            "subSubTributaryId": null,
            "localRiverId": null,
            "catchmentArea": null,
            "regionalOfficeId": 12,
            "circleOfficeId": 19,
            "divisionalOfficeId": 54,
            "subDivisionalOfficeId": null,
            "sectionOfficeId": null,
            "ownerAgencyId": 3,
            "locationDetails": "Near society Building Nagarmunoli",
            "busStand": "Nagarmunoli",
            "station": null,
            "airport": null,
            "town": null,
            "address": "Near society Building Nagarmunoli",
            "otherInformation": null,
            "stationSetup": "SRG",
            "accessibility": "Road",
            "stationHistory": null,
            "dateOfEstablishment": "1988-06-01T00:00:00",
            "dateOfClosure": null,
            "waterLevelManual": false,
            "waterLevelManualStart": null,
            "waterLevelManualEnd": null,
            "waterLevelAuto": false,
            "waterLevelAutoStart": null,
            "waterLevelAutoEnd": null,
            "discharge": false,
            "dischargeStart": null,
            "dischargeEnd": null,
            "dischargeCm": false,
            "dischargeCmStart": null,
            "dischargeCmEnd": null,
            "sediment": false,
            "sedimentStart": null,
            "sedimentEnd": null,
            "waterQuality": false,
            "waterQualityStart": null,
            "waterQualityEnd": null,
            "rainfallManual": true,
            "rainfallManualStart": "1988-06-01T00:00:00",
            "rainfallManualEnd": null,
            "rainfallAuto": false,
            "rainfallAutoStart": null,
            "rainfallAutoEnd": null,
            "climaticManual": false,
            "climaticManualStart": null,
            "climaticManualEnd": null,
            "climaticAuto": false,
            "climaticAutoStart": null,
            "climaticAutoEnd": null,
            "catDomain": false,
            "catDomainGw": false,
            "catMet": true,
            "catWq": false,
            "catDomainInfo": null,
            "catMetInfo": "Precipititation(Standard - SRG)",
            "catWqInfo": null,
            "mc": null,
            "sc": null,
            "cw": null,
            "wqYesNo": false,
            "distanceToOutlet": 0.0,
            "dwlrNo": null,
            "dwlrType": null,
            "transferSelected": false,
            "swNetworkType": null,
            "metNetworkType": 12,
            "wqNetworkType": null,
            "stationOperational": true,
            "bank": null,
            "swStationOwner": null,
            "metStationOwner": null,
            "wqStationOwner": null,
            "createdOn": null,
            "createdBy": null,
            "updatedOn": null,
            "updatedBy": null,
            "maxRainfallDate": "2015-12-31T08:30:00",
            "maxClimaticDate": "2024-06-14T17:38:08.334",
            "wimsCode": null
        },
        {
            "stationId": 24,
            "stationCode": "Bijapur",
            "stationName": "Bijapur",
            "agencyId": 3,
            "stateId": 10,
            "districtId": 170,
            "tahsilId": 2447,
            "lat": "16°49'00\"",
            "longitude": "75°43'00\"",
            "refToposheetNo": "47P-9",
            "altitude": 536.5,
            "zeroRl": 0,
            "basinId": 7,
            "riverId": 21,
            "tributaryId": null,
            "subTributaryId": null,
            "subSubTributaryId": null,
            "localRiverId": null,
            "catchmentArea": null,
            "regionalOfficeId": 12,
            "circleOfficeId": 19,
            "divisionalOfficeId": 54,
            "subDivisionalOfficeId": null,
            "sectionOfficeId": null,
            "ownerAgencyId": 3,
            "locationDetails": "Near govt, hospital, Bijapur",
            "busStand": "Bijapur",
            "station": "Bijapur",
            "airport": "Belgaum",
            "town": "Bijapur",
            "address": "Near govt, hospital, Bijapur",
            "otherInformation": null,
            "stationSetup": "SRG",
            "accessibility": "By road, rail",
            "stationHistory": "The station started on 01/01/1987",
            "dateOfEstablishment": "1987-01-01T00:00:00",
            "dateOfClosure": null,
            "waterLevelManual": false,
            "waterLevelManualStart": null,
            "waterLevelManualEnd": null,
            "waterLevelAuto": false,
            "waterLevelAutoStart": null,
            "waterLevelAutoEnd": null,
            "discharge": false,
            "dischargeStart": null,
            "dischargeEnd": null,
            "dischargeCm": false,
            "dischargeCmStart": null,
            "dischargeCmEnd": null,
            "sediment": false,
            "sedimentStart": null,
            "sedimentEnd": null,
            "waterQuality": false,
            "waterQualityStart": null,
            "waterQualityEnd": null,
            "rainfallManual": true,
            "rainfallManualStart": "1987-01-01T00:00:00",
            "rainfallManualEnd": null,
            "rainfallAuto": false,
            "rainfallAutoStart": null,
            "rainfallAutoEnd": null,
            "climaticManual": false,
            "climaticManualStart": null,
            "climaticManualEnd": null,
            "climaticAuto": false,
            "climaticAutoStart": null,
            "climaticAutoEnd": null,
            "catDomain": false,
            "catDomainGw": false,
            "catMet": true,
            "catWq": false,
            "catDomainInfo": null,
            "catMetInfo": "Precipititation(Standard - SRG)",
            "catWqInfo": null,
            "mc": null,
            "sc": null,
            "cw": null,
            "wqYesNo": false,
            "distanceToOutlet": 0.0,
            "dwlrNo": null,
            "dwlrType": null,
            "transferSelected": false,
            "swNetworkType": null,
            "metNetworkType": 12,
            "wqNetworkType": null,
            "stationOperational": true,
            "bank": null,
            "swStationOwner": null,
            "metStationOwner": null,
            "wqStationOwner": null,
            "createdOn": null,
            "createdBy": null,
            "updatedOn": null,
            "updatedBy": null,
            "maxRainfallDate": "2015-12-31T08:30:00",
            "maxClimaticDate": null,
            "wimsCode": null
        },
        {
            "stationId": 8,
            "stationCode": "Ankali",
            "stationName": "Ankali",
            "agencyId": 3,
            "stateId": 10,
            "districtId": 167,
            "tahsilId": 2420,
            "lat": null,
            "longitude": null,
            "refToposheetNo": "47L-10",
            "altitude": 539.85,
            "zeroRl": 0,
            "basinId": 7,
            "riverId": 21,
            "tributaryId": 182,
            "subTributaryId": null,
            "subSubTributaryId": null,
            "localRiverId": 263,
            "catchmentArea": null,
            "regionalOfficeId": 12,
            "circleOfficeId": 19,
            "divisionalOfficeId": 54,
            "subDivisionalOfficeId": null,
            "sectionOfficeId": null,
            "ownerAgencyId": 3,
            "locationDetails": "P.H.C.Ankali",
            "busStand": "Ankali",
            "station": null,
            "airport": null,
            "town": null,
            "address": "P.H.C.Ankali",
            "otherInformation": null,
            "stationSetup": "SRG",
            "accessibility": "Road",
            "stationHistory": null,
            "dateOfEstablishment": "1988-06-01T00:00:00",
            "dateOfClosure": null,
            "waterLevelManual": false,
            "waterLevelManualStart": null,
            "waterLevelManualEnd": null,
            "waterLevelAuto": false,
            "waterLevelAutoStart": null,
            "waterLevelAutoEnd": null,
            "discharge": false,
            "dischargeStart": null,
            "dischargeEnd": null,
            "dischargeCm": false,
            "dischargeCmStart": null,
            "dischargeCmEnd": null,
            "sediment": false,
            "sedimentStart": null,
            "sedimentEnd": null,
            "waterQuality": false,
            "waterQualityStart": null,
            "waterQualityEnd": null,
            "rainfallManual": true,
            "rainfallManualStart": "1988-06-01T00:00:00",
            "rainfallManualEnd": null,
            "rainfallAuto": false,
            "rainfallAutoStart": null,
            "rainfallAutoEnd": null,
            "climaticManual": false,
            "climaticManualStart": null,
            "climaticManualEnd": null,
            "climaticAuto": false,
            "climaticAutoStart": null,
            "climaticAutoEnd": null,
            "catDomain": false,
            "catDomainGw": false,
            "catMet": true,
            "catWq": false,
            "catDomainInfo": null,
            "catMetInfo": "Precipititation(Standard - SRG)",
            "catWqInfo": null,
            "mc": null,
            "sc": null,
            "cw": null,
            "wqYesNo": false,
            "distanceToOutlet": 0.0,
            "dwlrNo": null,
            "dwlrType": null,
            "transferSelected": false,
            "swNetworkType": null,
            "metNetworkType": 12,
            "wqNetworkType": null,
            "stationOperational": true,
            "bank": null,
            "swStationOwner": null,
            "metStationOwner": null,
            "wqStationOwner": null,
            "createdOn": null,
            "createdBy": null,
            "updatedOn": null,
            "updatedBy": null,
            "maxRainfallDate": "2015-12-31T08:30:00",
            "maxClimaticDate": null,
            "wimsCode": null
        },
        {
            "stationId": 10,
            "stationCode": "Asoga",
            "stationName": "Asoga",
            "agencyId": 3,
            "stateId": 10,
            "districtId": 167,
            "tahsilId": 2423,
            "lat": null,
            "longitude": null,
            "refToposheetNo": "48I-6",
            "altitude": 670.56,
            "zeroRl": 0,
            "basinId": 7,
            "riverId": 21,
            "tributaryId": 188,
            "subTributaryId": null,
            "subSubTributaryId": null,
            "localRiverId": 276,
            "catchmentArea": null,
            "regionalOfficeId": 12,
            "circleOfficeId": 19,
            "divisionalOfficeId": 54,
            "subDivisionalOfficeId": null,
            "sectionOfficeId": null,
            "ownerAgencyId": 3,
            "locationDetails": "In the farm of Shri P.G.Manerikar Asoga",
            "busStand": "Asoga",
            "station": "Khanapur",
            "airport": "Belgaum",
            "town": "Khanapur",
            "address": "In the farm of Shri P.G.Manerikar Asoga",
            "otherInformation": null,
            "stationSetup": "SRG",
            "accessibility": "Road",
            "stationHistory": null,
            "dateOfEstablishment": "1988-06-01T00:00:00",
            "dateOfClosure": null,
            "waterLevelManual": false,
            "waterLevelManualStart": null,
            "waterLevelManualEnd": null,
            "waterLevelAuto": false,
            "waterLevelAutoStart": null,
            "waterLevelAutoEnd": null,
            "discharge": false,
            "dischargeStart": null,
            "dischargeEnd": null,
            "dischargeCm": false,
            "dischargeCmStart": null,
            "dischargeCmEnd": null,
            "sediment": false,
            "sedimentStart": null,
            "sedimentEnd": null,
            "waterQuality": false,
            "waterQualityStart": null,
            "waterQualityEnd": null,
            "rainfallManual": true,
            "rainfallManualStart": "1988-06-01T00:00:00",
            "rainfallManualEnd": null,
            "rainfallAuto": false,
            "rainfallAutoStart": null,
            "rainfallAutoEnd": null,
            "climaticManual": false,
            "climaticManualStart": null,
            "climaticManualEnd": null,
            "climaticAuto": false,
            "climaticAutoStart": null,
            "climaticAutoEnd": null,
            "catDomain": true,
            "catDomainGw": false,
            "catMet": true,
            "catWq": false,
            "catDomainInfo": "Other",
            "catMetInfo": "Precipititation(Standard - SRG)",
            "catWqInfo": null,
            "mc": null,
            "sc": null,
            "cw": null,
            "wqYesNo": false,
            "distanceToOutlet": 0.0,
            "dwlrNo": null,
            "dwlrType": null,
            "transferSelected": false,
            "swNetworkType": null,
            "metNetworkType": 12,
            "wqNetworkType": null,
            "stationOperational": true,
            "bank": null,
            "swStationOwner": null,
            "metStationOwner": null,
            "wqStationOwner": null,
            "createdOn": null,
            "createdBy": null,
            "updatedOn": null,
            "updatedBy": null,
            "maxRainfallDate": "2015-12-31T08:30:00",
            "maxClimaticDate": null,
            "wimsCode": null
        },
        {
            "stationId": 27,
            "stationCode": "Chikanandi",
            "stationName": "Chikanandi",
            "agencyId": 3,
            "stateId": 10,
            "districtId": 167,
            "tahsilId": 2421,
            "lat": null,
            "longitude": null,
            "refToposheetNo": "47L-16",
            "altitude": 757.77,
            "zeroRl": 0,
            "basinId": 7,
            "riverId": 21,
            "tributaryId": 182,
            "subTributaryId": null,
            "subSubTributaryId": null,
            "localRiverId": null,
            "catchmentArea": null,
            "regionalOfficeId": 12,
            "circleOfficeId": 19,
            "divisionalOfficeId": 54,
            "subDivisionalOfficeId": null,
            "sectionOfficeId": null,
            "ownerAgencyId": 3,
            "locationDetails": "PWD IB Chikanandi",
            "busStand": "Chikanandi",
            "station": null,
            "airport": null,
            "town": null,
            "address": "PWD IB Chikanandi",
            "otherInformation": null,
            "stationSetup": "SRG",
            "accessibility": "Road",
            "stationHistory": null,
            "dateOfEstablishment": "1988-06-01T00:00:00",
            "dateOfClosure": null,
            "waterLevelManual": false,
            "waterLevelManualStart": null,
            "waterLevelManualEnd": null,
            "waterLevelAuto": false,
            "waterLevelAutoStart": null,
            "waterLevelAutoEnd": null,
            "discharge": false,
            "dischargeStart": null,
            "dischargeEnd": null,
            "dischargeCm": false,
            "dischargeCmStart": null,
            "dischargeCmEnd": null,
            "sediment": false,
            "sedimentStart": null,
            "sedimentEnd": null,
            "waterQuality": false,
            "waterQualityStart": null,
            "waterQualityEnd": null,
            "rainfallManual": true,
            "rainfallManualStart": "1988-06-01T00:00:00",
            "rainfallManualEnd": null,
            "rainfallAuto": false,
            "rainfallAutoStart": null,
            "rainfallAutoEnd": null,
            "climaticManual": false,
            "climaticManualStart": null,
            "climaticManualEnd": null,
            "climaticAuto": false,
            "climaticAutoStart": null,
            "climaticAutoEnd": null,
            "catDomain": false,
            "catDomainGw": false,
            "catMet": true,
            "catWq": false,
            "catDomainInfo": null,
            "catMetInfo": "Precipititation(Standard - SRG)",
            "catWqInfo": null,
            "mc": null,
            "sc": null,
            "cw": null,
            "wqYesNo": false,
            "distanceToOutlet": 0.0,
            "dwlrNo": null,
            "dwlrType": null,
            "transferSelected": false,
            "swNetworkType": null,
            "metNetworkType": 12,
            "wqNetworkType": null,
            "stationOperational": true,
            "bank": null,
            "swStationOwner": null,
            "metStationOwner": null,
            "wqStationOwner": null,
            "createdOn": null,
            "createdBy": null,
            "updatedOn": null,
            "updatedBy": null,
            "maxRainfallDate": "2015-12-31T08:30:00",
            "maxClimaticDate": "2024-03-04T17:38:08.334",
            "wimsCode": null
        },
        {
            "stationId": 3,
            "stationCode": "Almel",
            "stationName": "Almel",
            "agencyId": 3,
            "stateId": 10,
            "districtId": 170,
            "tahsilId": 2450,
            "lat": "16°55'00'",
            "longitude": "75°58'00'",
            "refToposheetNo": "56C-4",
            "altitude": 444.39,
            "zeroRl": null,
            "basinId": 7,
            "riverId": 21,
            "tributaryId": 182,
            "subTributaryId": 707,
            "subSubTributaryId": 734,
            "localRiverId": 715,
            "catchmentArea": 0.0,
            "regionalOfficeId": 12,
            "circleOfficeId": 19,
            "divisionalOfficeId": 54,
            "subDivisionalOfficeId": 161,
            "sectionOfficeId": null,
            "ownerAgencyId": 3,
            "locationDetails": "UKP   colony",
            "busStand": "Almel",
            "station": "Indi",
            "airport": "Belgaum",
            "town": "Sindgi",
            "address": "UKP      colony",
            "otherInformation": "N/A",
            "stationSetup": "FCS",
            "accessibility": "By    road",
            "stationHistory": "N/A",
            "dateOfEstablishment": "1989-01-01T00:00:00",
            "dateOfClosure": "2017-01-01T15:11:34",
            "waterLevelManual": true,
            "waterLevelManualStart": "2024-06-04T12:05:42",
            "waterLevelManualEnd": null,
            "waterLevelAuto": false,
            "waterLevelAutoStart": null,
            "waterLevelAutoEnd": null,
            "discharge": false,
            "dischargeStart": null,
            "dischargeEnd": null,
            "dischargeCm": false,
            "dischargeCmStart": null,
            "dischargeCmEnd": null,
            "sediment": false,
            "sedimentStart": null,
            "sedimentEnd": null,
            "waterQuality": false,
            "waterQualityStart": null,
            "waterQualityEnd": null,
            "rainfallManual": true,
            "rainfallManualStart": "2024-01-01T00:00:00",
            "rainfallManualEnd": null,
            "rainfallAuto": true,
            "rainfallAutoStart": null,
            "rainfallAutoEnd": null,
            "climaticManual": true,
            "climaticManualStart": null,
            "climaticManualEnd": null,
            "climaticAuto": true,
            "climaticAutoStart": null,
            "climaticAutoEnd": null,
            "catDomain": false,
            "catDomainGw": true,
            "catMet": true,
            "catWq": false,
            "catDomainInfo": null,
            "catMetInfo": null,
            "catWqInfo": null,
            "mc": 0,
            "sc": 0,
            "cw": 0,
            "wqYesNo": true,
            "distanceToOutlet": null,
            "dwlrNo": "",
            "dwlrType": "",
            "transferSelected": true,
            "swNetworkType": null,
            "metNetworkType": 12,
            "wqNetworkType": null,
            "stationOperational": true,
            "bank": "N/A",
            "swStationOwner": null,
            "metStationOwner": null,
            "wqStationOwner": null,
            "createdOn": null,
            "createdBy": null,
            "updatedOn": "2024-06-17T17:10:38",
            "updatedBy": null,
            "maxRainfallDate": "2015-12-31T08:30:00",
            "maxClimaticDate": "2024-06-14T17:38:08.334",
            "wimsCode": "WERT345"
        },
        {
            "stationId": 6,
            "stationCode": "Anagawadi",
            "stationName": "Anagawadi",
            "agencyId": 3,
            "stateId": 10,
            "districtId": 164,
            "tahsilId": 2395,
            "lat": "16°37'00'",
            "longitude": "75°14'00'",
            "refToposheetNo": "",
            "altitude": 512.16,
            "zeroRl": null,
            "basinId": 7,
            "riverId": 21,
            "tributaryId": 0,
            "subTributaryId": null,
            "subSubTributaryId": null,
            "localRiverId": 0,
            "catchmentArea": 0.0,
            "regionalOfficeId": 12,
            "circleOfficeId": 19,
            "divisionalOfficeId": 54,
            "subDivisionalOfficeId": null,
            "sectionOfficeId": null,
            "ownerAgencyId": 3,
            "locationDetails": "Sheep breeding form Anagawadi.",
            "busStand": "Anagawadi.",
            "station": "Bagalkot.",
            "airport": "Huballi.",
            "town": "Bilagi",
            "address": "Sheep breeding form Anagawadi Tq; Bilagi.",
            "otherInformation": "N/A",
            "stationSetup": "SRG.",
            "accessibility": "By road.",
            "stationHistory": "N/A",
            "dateOfEstablishment": "1987-01-01T00:00:00",
            "dateOfClosure": null,
            "waterLevelManual": false,
            "waterLevelManualStart": null,
            "waterLevelManualEnd": null,
            "waterLevelAuto": false,
            "waterLevelAutoStart": null,
            "waterLevelAutoEnd": null,
            "discharge": false,
            "dischargeStart": null,
            "dischargeEnd": null,
            "dischargeCm": false,
            "dischargeCmStart": null,
            "dischargeCmEnd": null,
            "sediment": false,
            "sedimentStart": null,
            "sedimentEnd": null,
            "waterQuality": false,
            "waterQualityStart": null,
            "waterQualityEnd": null,
            "rainfallManual": true,
            "rainfallManualStart": "1987-01-01T00:00:00",
            "rainfallManualEnd": null,
            "rainfallAuto": false,
            "rainfallAutoStart": null,
            "rainfallAutoEnd": null,
            "climaticManual": false,
            "climaticManualStart": null,
            "climaticManualEnd": null,
            "climaticAuto": false,
            "climaticAutoStart": null,
            "climaticAutoEnd": null,
            "catDomain": false,
            "catDomainGw": true,
            "catMet": true,
            "catWq": false,
            "catDomainInfo": null,
            "catMetInfo": null,
            "catWqInfo": null,
            "mc": 0,
            "sc": 0,
            "cw": 0,
            "wqYesNo": true,
            "distanceToOutlet": null,
            "dwlrNo": "",
            "dwlrType": "",
            "transferSelected": true,
            "swNetworkType": null,
            "metNetworkType": 12,
            "wqNetworkType": null,
            "stationOperational": true,
            "bank": "N/A",
            "swStationOwner": null,
            "metStationOwner": null,
            "wqStationOwner": null,
            "createdOn": null,
            "createdBy": null,
            "updatedOn": "2024-06-07T11:04:53",
            "updatedBy": null,
            "maxRainfallDate": "2015-12-31T08:30:00",
            "maxClimaticDate": null,
            "wimsCode": "ABC12345"
        },
        {
            "stationId": 137,
            "stationCode": "Inchur",
            "stationName": "Karanja_Inchur",
            "agencyId": 0,
            "stateId": 10,
            "districtId": 169,
            "tahsilId": 2442,
            "lat": "17°48'34'",
            "longitude": "77°18'03'",
            "refToposheetNo": "56G-05",
            "altitude": 0.0,
            "zeroRl": null,
            "basinId": 6,
            "riverId": 18,
            "tributaryId": 148,
            "subTributaryId": null,
            "subSubTributaryId": null,
            "localRiverId": 226,
            "catchmentArea": 0.0,
            "regionalOfficeId": 12,
            "circleOfficeId": 18,
            "divisionalOfficeId": 54,
            "subDivisionalOfficeId": 163,
            "sectionOfficeId": null,
            "ownerAgencyId": 0,
            "locationDetails": "Located on the bridge connecting",
            "busStand": "N/A",
            "station": "N/A",
            "airport": "N/A",
            "town": "N/A",
            "address": "N/A",
            "otherInformation": "N/A",
            "stationSetup": "GD+CW",
            "accessibility": "By Road",
            "stationHistory": "N/A",
            "dateOfEstablishment": null,
            "dateOfClosure": null,
            "waterLevelManual": false,
            "waterLevelManualStart": null,
            "waterLevelManualEnd": null,
            "waterLevelAuto": false,
            "waterLevelAutoStart": null,
            "waterLevelAutoEnd": null,
            "discharge": true,
            "dischargeStart": null,
            "dischargeEnd": null,
            "dischargeCm": true,
            "dischargeCmStart": null,
            "dischargeCmEnd": null,
            "sediment": true,
            "sedimentStart": null,
            "sedimentEnd": null,
            "waterQuality": false,
            "waterQualityStart": null,
            "waterQualityEnd": null,
            "rainfallManual": false,
            "rainfallManualStart": null,
            "rainfallManualEnd": null,
            "rainfallAuto": false,
            "rainfallAutoStart": null,
            "rainfallAutoEnd": null,
            "climaticManual": false,
            "climaticManualStart": null,
            "climaticManualEnd": null,
            "climaticAuto": false,
            "climaticAutoStart": null,
            "climaticAutoEnd": null,
            "catDomain": true,
            "catDomainGw": true,
            "catMet": true,
            "catWq": false,
            "catDomainInfo": null,
            "catMetInfo": null,
            "catWqInfo": null,
            "mc": 0,
            "sc": 0,
            "cw": 0,
            "wqYesNo": true,
            "distanceToOutlet": null,
            "dwlrNo": "",
            "dwlrType": "",
            "transferSelected": true,
            "swNetworkType": 9,
            "metNetworkType": null,
            "wqNetworkType": null,
            "stationOperational": true,
            "bank": "N/A",
            "swStationOwner": null,
            "metStationOwner": null,
            "wqStationOwner": null,
            "createdOn": null,
            "createdBy": null,
            "updatedOn": "2024-06-11T16:07:55",
            "updatedBy": null,
            "maxRainfallDate": null,
            "maxClimaticDate": null,
            "wimsCode": "1234"
        },
        {
            "stationId": 141,
            "stationCode": "Sedam",
            "stationName": "Kamalavathinala _Sedam",
            "agencyId": 3,
            "stateId": 10,
            "districtId": 181,
            "tahsilId": 2514,
            "lat": "17°11'27'",
            "longitude": "77°17'14'",
            "refToposheetNo": "56G-08",
            "altitude": 0.0,
            "zeroRl": null,
            "basinId": 7,
            "riverId": 21,
            "tributaryId": 0,
            "subTributaryId": null,
            "subSubTributaryId": null,
            "localRiverId": 0,
            "catchmentArea": 508.0,
            "regionalOfficeId": 12,
            "circleOfficeId": 18,
            "divisionalOfficeId": 54,
            "subDivisionalOfficeId": 163,
            "sectionOfficeId": null,
            "ownerAgencyId": 3,
            "locationDetails": "Located on the bridge connecting Sedam and Chincholi near Sedam",
            "busStand": "Sedam",
            "station": "Sedam",
            "airport": "Hyderabad",
            "town": "Sedam",
            "address": "Located on the bridge connecting Sedam and Chincholi near Sedam",
            "otherInformation": "no",
            "stationSetup": "GD+S+DWLR",
            "accessibility": "By Road & Rail",
            "stationHistory": "N/A",
            "dateOfEstablishment": "1977-06-01T00:00:00",
            "dateOfClosure": null,
            "waterLevelManual": false,
            "waterLevelManualStart": null,
            "waterLevelManualEnd": null,
            "waterLevelAuto": true,
            "waterLevelAutoStart": null,
            "waterLevelAutoEnd": null,
            "discharge": true,
            "dischargeStart": null,
            "dischargeEnd": null,
            "dischargeCm": true,
            "dischargeCmStart": null,
            "dischargeCmEnd": null,
            "sediment": true,
            "sedimentStart": null,
            "sedimentEnd": null,
            "waterQuality": false,
            "waterQualityStart": null,
            "waterQualityEnd": null,
            "rainfallManual": false,
            "rainfallManualStart": null,
            "rainfallManualEnd": null,
            "rainfallAuto": false,
            "rainfallAutoStart": null,
            "rainfallAutoEnd": null,
            "climaticManual": false,
            "climaticManualStart": null,
            "climaticManualEnd": null,
            "climaticAuto": false,
            "climaticAutoStart": null,
            "climaticAutoEnd": null,
            "catDomain": true,
            "catDomainGw": true,
            "catMet": false,
            "catWq": false,
            "catDomainInfo": null,
            "catMetInfo": null,
            "catWqInfo": null,
            "mc": 0,
            "sc": 0,
            "cw": 0,
            "wqYesNo": true,
            "distanceToOutlet": null,
            "dwlrNo": "",
            "dwlrType": "",
            "transferSelected": true,
            "swNetworkType": 10,
            "metNetworkType": null,
            "wqNetworkType": null,
            "stationOperational": true,
            "bank": "1",
            "swStationOwner": null,
            "metStationOwner": null,
            "wqStationOwner": null,
            "createdOn": null,
            "createdBy": null,
            "updatedOn": "2024-06-11T19:03:22",
            "updatedBy": null,
            "maxRainfallDate": null,
            "maxClimaticDate": "2023-05-31T08:30:00",
            "wimsCode": "S1234"
        },
        {
            "stationId": 136,
            "stationCode": "Devangaon",
            "stationName": "Bhima_Devangaon",
            "agencyId": 3,
            "stateId": 10,
            "districtId": 167,
            "tahsilId": 2420,
            "lat": "20°40'15'",
            "longitude": "20°10'11'",
            "refToposheetNo": "TPI-20",
            "altitude": 10000.0,
            "zeroRl": null,
            "basinId": 200,
            "riverId": 246,
            "tributaryId": 650,
            "subTributaryId": 711,
            "subSubTributaryId": 738,
            "localRiverId": 719,
            "catchmentArea": 2000.0,
            "regionalOfficeId": 12,
            "circleOfficeId": 18,
            "divisionalOfficeId": 54,
            "subDivisionalOfficeId": 163,
            "sectionOfficeId": 266,
            "ownerAgencyId": 3,
            "locationDetails": "village",
            "busStand": "ISBT",
            "station": "NEW ",
            "airport": "INDIA",
            "town": "Go",
            "address": "Ground floor",
            "otherInformation": "Test",
            "stationSetup": "Yes",
            "accessibility": "No",
            "stationHistory": "Testing data",
            "dateOfEstablishment": "2017-01-01T10:50:46",
            "dateOfClosure": null,
            "waterLevelManual": true,
            "waterLevelManualStart": "2018-02-13T00:00:00",
            "waterLevelManualEnd": null,
            "waterLevelAuto": true,
            "waterLevelAutoStart": null,
            "waterLevelAutoEnd": null,
            "discharge": true,
            "dischargeStart": "2024-01-01T15:03:58",
            "dischargeEnd": null,
            "dischargeCm": true,
            "dischargeCmStart": "2017-05-01T00:00:00",
            "dischargeCmEnd": null,
            "sediment": true,
            "sedimentStart": "2017-01-01T16:14:09",
            "sedimentEnd": null,
            "waterQuality": true,
            "waterQualityStart": null,
            "waterQualityEnd": null,
            "rainfallManual": true,
            "rainfallManualStart": "2017-01-01T16:14:09",
            "rainfallManualEnd": null,
            "rainfallAuto": true,
            "rainfallAutoStart": null,
            "rainfallAutoEnd": null,
            "climaticManual": true,
            "climaticManualStart": null,
            "climaticManualEnd": null,
            "climaticAuto": true,
            "climaticAutoStart": null,
            "climaticAutoEnd": null,
            "catDomain": true,
            "catDomainGw": true,
            "catMet": true,
            "catWq": true,
            "catDomainInfo": null,
            "catMetInfo": null,
            "catWqInfo": null,
            "mc": 20,
            "sc": 1,
            "cw": 30,
            "wqYesNo": true,
            "distanceToOutlet": 500.0,
            "dwlrNo": "",
            "dwlrType": "",
            "transferSelected": true,
            "swNetworkType": 9,
            "metNetworkType": 9,
            "wqNetworkType": 9,
            "stationOperational": true,
            "bank": "1",
            "swStationOwner": 13,
            "metStationOwner": 17,
            "wqStationOwner": 13,
            "createdOn": null,
            "createdBy": null,
            "updatedOn": "2024-06-18T12:28:41",
            "updatedBy": null,
            "maxRainfallDate": "2024-12-31T03:00:00",
            "maxClimaticDate": "2024-06-28T08:30:00",
            "wimsCode": "12345"
        },
        {
            "stationId": 139,
            "stationCode": "Chincholi",
            "stationName": "Mullamari_Chincholi",
            "agencyId": 0,
            "stateId": 10,
            "districtId": 181,
            "tahsilId": 2508,
            "lat": "17°27'57'",
            "longitude": "77°25'02'",
            "refToposheetNo": "56G-07",
            "altitude": 0.0,
            "zeroRl": null,
            "basinId": 7,
            "riverId": 21,
            "tributaryId": 0,
            "subTributaryId": null,
            "subSubTributaryId": null,
            "localRiverId": 0,
            "catchmentArea": 1411.0,
            "regionalOfficeId": 12,
            "circleOfficeId": 18,
            "divisionalOfficeId": 54,
            "subDivisionalOfficeId": 163,
            "sectionOfficeId": null,
            "ownerAgencyId": 3,
            "locationDetails": "Located on the bridge connecting Chincholi and Gulbarga near Chincholi",
            "busStand": "Chincholi",
            "station": "Gulbarga",
            "airport": "Hyderabad",
            "town": "Chincholi",
            "address": "Located on the bridge connecting Chincholi and Gulbarga near Chincholi",
            "otherInformation": "satyam",
            "stationSetup": "GD+DWLR+WQ Lab1",
            "accessibility": "By Road",
            "stationHistory": "N/A",
            "dateOfEstablishment": "1981-06-28T00:00:00",
            "dateOfClosure": null,
            "waterLevelManual": false,
            "waterLevelManualStart": null,
            "waterLevelManualEnd": null,
            "waterLevelAuto": true,
            "waterLevelAutoStart": null,
            "waterLevelAutoEnd": null,
            "discharge": true,
            "dischargeStart": null,
            "dischargeEnd": null,
            "dischargeCm": true,
            "dischargeCmStart": null,
            "dischargeCmEnd": null,
            "sediment": false,
            "sedimentStart": null,
            "sedimentEnd": null,
            "waterQuality": false,
            "waterQualityStart": null,
            "waterQualityEnd": null,
            "rainfallManual": false,
            "rainfallManualStart": null,
            "rainfallManualEnd": null,
            "rainfallAuto": false,
            "rainfallAutoStart": null,
            "rainfallAutoEnd": null,
            "climaticManual": false,
            "climaticManualStart": null,
            "climaticManualEnd": null,
            "climaticAuto": false,
            "climaticAutoStart": null,
            "climaticAutoEnd": null,
            "catDomain": true,
            "catDomainGw": true,
            "catMet": false,
            "catWq": false,
            "catDomainInfo": null,
            "catMetInfo": null,
            "catWqInfo": null,
            "mc": 0,
            "sc": 0,
            "cw": 0,
            "wqYesNo": true,
            "distanceToOutlet": null,
            "dwlrNo": "",
            "dwlrType": "",
            "transferSelected": true,
            "swNetworkType": 10,
            "metNetworkType": null,
            "wqNetworkType": null,
            "stationOperational": true,
            "bank": "2",
            "swStationOwner": null,
            "metStationOwner": null,
            "wqStationOwner": null,
            "createdOn": null,
            "createdBy": null,
            "updatedOn": "2024-06-11T18:13:02",
            "updatedBy": null,
            "maxRainfallDate": null,
            "maxClimaticDate": null,
            "wimsCode": "ch123"
        },
        {
            "stationId": 138,
            "stationCode": "Chandapur",
            "stationName": "Manjra_Chandapur",
            "agencyId": 0,
            "stateId": 10,
            "districtId": 169,
            "tahsilId": 2442,
            "lat": "18°03'00'",
            "longitude": "77°23'36'",
            "refToposheetNo": "56F-08",
            "altitude": 0.0,
            "zeroRl": null,
            "basinId": 6,
            "riverId": 18,
            "tributaryId": 148,
            "subTributaryId": null,
            "subSubTributaryId": null,
            "localRiverId": 0,
            "catchmentArea": 0.0,
            "regionalOfficeId": 12,
            "circleOfficeId": 18,
            "divisionalOfficeId": 54,
            "subDivisionalOfficeId": 163,
            "sectionOfficeId": null,
            "ownerAgencyId": 3,
            "locationDetails": "Located on the bridge connecting Bhalki and Bidar road near Chandapur",
            "busStand": "Bhalki",
            "station": "Bidar",
            "airport": "Hyderabad",
            "town": "Bhalki",
            "address": "Located on the bridge connecting Bhalki and Bidar road near Chandapur",
            "otherInformation": "N/A",
            "stationSetup": "GD+WQ+CW",
            "accessibility": "By Road",
            "stationHistory": "N/A",
            "dateOfEstablishment": "2001-08-01T00:00:00",
            "dateOfClosure": null,
            "waterLevelManual": false,
            "waterLevelManualStart": null,
            "waterLevelManualEnd": null,
            "waterLevelAuto": false,
            "waterLevelAutoStart": null,
            "waterLevelAutoEnd": null,
            "discharge": true,
            "dischargeStart": null,
            "dischargeEnd": null,
            "dischargeCm": true,
            "dischargeCmStart": null,
            "dischargeCmEnd": null,
            "sediment": true,
            "sedimentStart": null,
            "sedimentEnd": null,
            "waterQuality": true,
            "waterQualityStart": null,
            "waterQualityEnd": null,
            "rainfallManual": false,
            "rainfallManualStart": null,
            "rainfallManualEnd": null,
            "rainfallAuto": false,
            "rainfallAutoStart": null,
            "rainfallAutoEnd": null,
            "climaticManual": false,
            "climaticManualStart": null,
            "climaticManualEnd": null,
            "climaticAuto": false,
            "climaticAutoStart": null,
            "climaticAutoEnd": null,
            "catDomain": true,
            "catDomainGw": true,
            "catMet": false,
            "catWq": true,
            "catDomainInfo": null,
            "catMetInfo": null,
            "catWqInfo": null,
            "mc": 0,
            "sc": 0,
            "cw": 0,
            "wqYesNo": true,
            "distanceToOutlet": null,
            "dwlrNo": "",
            "dwlrType": "",
            "transferSelected": true,
            "swNetworkType": 9,
            "metNetworkType": null,
            "wqNetworkType": null,
            "stationOperational": true,
            "bank": "N/A",
            "swStationOwner": null,
            "metStationOwner": null,
            "wqStationOwner": null,
            "createdOn": null,
            "createdBy": null,
            "updatedOn": "2024-06-11T18:09:38",
            "updatedBy": null,
            "maxRainfallDate": null,
            "maxClimaticDate": null,
            "wimsCode": "C12345"
        },
        {
            "stationId": 140,
            "stationCode": "Kansoor",
            "stationName": "Bennithora_Kansoor",
            "agencyId": 3,
            "stateId": 10,
            "districtId": 181,
            "tahsilId": 2508,
            "lat": "17°25'19\"",
            "longitude": "77°07'30\"",
            "refToposheetNo": "56G-03",
            "altitude": 0.0,
            "zeroRl": null,
            "basinId": 7,
            "riverId": 21,
            "tributaryId": 0,
            "subTributaryId": null,
            "subSubTributaryId": null,
            "localRiverId": 0,
            "catchmentArea": 2722.0,
            "regionalOfficeId": 12,
            "circleOfficeId": 19,
            "divisionalOfficeId": 54,
            "subDivisionalOfficeId": null,
            "sectionOfficeId": null,
            "ownerAgencyId": 3,
            "locationDetails": "Located on the Bridge connecting Gulbarga - Chincholi Road near Kansoor Village",
            "busStand": "Chincholi",
            "station": "Gulbarga",
            "airport": "Mumbai",
            "town": "Chincholi",
            "address": "Located on the Bridge connecting Gulbarga - Chincholi Road near Kansoor Village",
            "otherInformation": "N/A",
            "stationSetup": "GD+DWLR",
            "accessibility": "By Road",
            "stationHistory": "N/A",
            "dateOfEstablishment": null,
            "dateOfClosure": null,
            "waterLevelManual": false,
            "waterLevelManualStart": null,
            "waterLevelManualEnd": null,
            "waterLevelAuto": true,
            "waterLevelAutoStart": null,
            "waterLevelAutoEnd": null,
            "discharge": true,
            "dischargeStart": null,
            "dischargeEnd": null,
            "dischargeCm": true,
            "dischargeCmStart": null,
            "dischargeCmEnd": null,
            "sediment": false,
            "sedimentStart": null,
            "sedimentEnd": null,
            "waterQuality": false,
            "waterQualityStart": null,
            "waterQualityEnd": null,
            "rainfallManual": false,
            "rainfallManualStart": null,
            "rainfallManualEnd": null,
            "rainfallAuto": false,
            "rainfallAutoStart": null,
            "rainfallAutoEnd": null,
            "climaticManual": false,
            "climaticManualStart": null,
            "climaticManualEnd": null,
            "climaticAuto": false,
            "climaticAutoStart": null,
            "climaticAutoEnd": null,
            "catDomain": true,
            "catDomainGw": true,
            "catMet": null,
            "catWq": false,
            "catDomainInfo": null,
            "catMetInfo": null,
            "catWqInfo": null,
            "mc": 0,
            "sc": 0,
            "cw": 0,
            "wqYesNo": true,
            "distanceToOutlet": null,
            "dwlrNo": "",
            "dwlrType": "",
            "transferSelected": true,
            "swNetworkType": 10,
            "metNetworkType": null,
            "wqNetworkType": null,
            "stationOperational": true,
            "bank": "N/A",
            "swStationOwner": null,
            "metStationOwner": null,
            "wqStationOwner": null,
            "createdOn": null,
            "createdBy": null,
            "updatedOn": "2024-05-02T17:13:39",
            "updatedBy": null,
            "maxRainfallDate": null,
            "maxClimaticDate": null,
            "wimsCode": null
        },
        {
            "stationId": 143,
            "stationCode": "TestStation1",
            "stationName": "TestStation",
            "agencyId": 3,
            "stateId": 10,
            "districtId": 164,
            "tahsilId": 2393,
            "lat": "17°14'14\"",
            "longitude": "13°12'13\"",
            "refToposheetNo": "4",
            "altitude": 4.0,
            "zeroRl": null,
            "basinId": 15,
            "riverId": 131,
            "tributaryId": 459,
            "subTributaryId": 523,
            "subSubTributaryId": 550,
            "localRiverId": 541,
            "catchmentArea": 34.0,
            "regionalOfficeId": 12,
            "circleOfficeId": 18,
            "divisionalOfficeId": 53,
            "subDivisionalOfficeId": 160,
            "sectionOfficeId": null,
            "ownerAgencyId": 3,
            "locationDetails": "TEST",
            "busStand": "bus",
            "station": "station",
            "airport": "Airport",
            "town": "Town",
            "address": "Godawari",
            "otherInformation": "Other info",
            "stationSetup": "test station",
            "accessibility": "test",
            "stationHistory": "test",
            "dateOfEstablishment": "2024-01-01T00:00:00",
            "dateOfClosure": null,
            "waterLevelManual": true,
            "waterLevelManualStart": "2024-05-08T10:19:24",
            "waterLevelManualEnd": null,
            "waterLevelAuto": false,
            "waterLevelAutoStart": null,
            "waterLevelAutoEnd": null,
            "discharge": true,
            "dischargeStart": "2024-05-08T10:19:24",
            "dischargeEnd": null,
            "dischargeCm": false,
            "dischargeCmStart": null,
            "dischargeCmEnd": null,
            "sediment": true,
            "sedimentStart": "2024-05-14T10:19:24",
            "sedimentEnd": null,
            "waterQuality": false,
            "waterQualityStart": null,
            "waterQualityEnd": null,
            "rainfallManual": true,
            "rainfallManualStart": "2024-05-13T10:19:24",
            "rainfallManualEnd": null,
            "rainfallAuto": false,
            "rainfallAutoStart": null,
            "rainfallAutoEnd": null,
            "climaticManual": false,
            "climaticManualStart": null,
            "climaticManualEnd": null,
            "climaticAuto": false,
            "climaticAutoStart": null,
            "climaticAutoEnd": null,
            "catDomain": null,
            "catDomainGw": true,
            "catMet": null,
            "catWq": null,
            "catDomainInfo": null,
            "catMetInfo": null,
            "catWqInfo": null,
            "mc": 0,
            "sc": 0,
            "cw": 0,
            "wqYesNo": true,
            "distanceToOutlet": 4.0,
            "dwlrNo": "",
            "dwlrType": "",
            "transferSelected": true,
            "swNetworkType": null,
            "metNetworkType": null,
            "wqNetworkType": null,
            "stationOperational": null,
            "bank": "N/A",
            "swStationOwner": null,
            "metStationOwner": null,
            "wqStationOwner": null,
            "createdOn": null,
            "createdBy": null,
            "updatedOn": "2024-05-14T18:40:50",
            "updatedBy": null,
            "maxRainfallDate": null,
            "maxClimaticDate": null,
            "wimsCode": null
        },
        {
            "stationId": 61,
            "stationCode": "Kadlewad",
            "stationName": "Kadlewad",
            "agencyId": 3,
            "stateId": 10,
            "districtId": 170,
            "tahsilId": 2450,
            "lat": "16°55'00\"",
            "longitude": "76°03'00\"",
            "refToposheetNo": "56D-1",
            "altitude": null,
            "zeroRl": 0,
            "basinId": 7,
            "riverId": 21,
            "tributaryId": null,
            "subTributaryId": null,
            "subSubTributaryId": null,
            "localRiverId": null,
            "catchmentArea": null,
            "regionalOfficeId": 12,
            "circleOfficeId": 19,
            "divisionalOfficeId": 54,
            "subDivisionalOfficeId": null,
            "sectionOfficeId": null,
            "ownerAgencyId": 3,
            "locationDetails": "Rural   hospital     premises",
            "busStand": "Kadlewad",
            "station": "Indi",
            "airport": "Belgaum",
            "town": "Sindgi",
            "address": "Rural     hospital    premises",
            "otherInformation": null,
            "stationSetup": "SRG",
            "accessibility": "By    road",
            "stationHistory": null,
            "dateOfEstablishment": "1988-06-01T00:00:00",
            "dateOfClosure": null,
            "waterLevelManual": false,
            "waterLevelManualStart": null,
            "waterLevelManualEnd": null,
            "waterLevelAuto": false,
            "waterLevelAutoStart": null,
            "waterLevelAutoEnd": null,
            "discharge": false,
            "dischargeStart": null,
            "dischargeEnd": null,
            "dischargeCm": false,
            "dischargeCmStart": null,
            "dischargeCmEnd": null,
            "sediment": false,
            "sedimentStart": null,
            "sedimentEnd": null,
            "waterQuality": false,
            "waterQualityStart": null,
            "waterQualityEnd": null,
            "rainfallManual": true,
            "rainfallManualStart": "1988-06-01T00:00:00",
            "rainfallManualEnd": null,
            "rainfallAuto": false,
            "rainfallAutoStart": null,
            "rainfallAutoEnd": null,
            "climaticManual": false,
            "climaticManualStart": null,
            "climaticManualEnd": null,
            "climaticAuto": false,
            "climaticAutoStart": null,
            "climaticAutoEnd": null,
            "catDomain": false,
            "catDomainGw": false,
            "catMet": true,
            "catWq": false,
            "catDomainInfo": null,
            "catMetInfo": "Precipititation(Standard - SRG)",
            "catWqInfo": null,
            "mc": null,
            "sc": null,
            "cw": null,
            "wqYesNo": false,
            "distanceToOutlet": 0.0,
            "dwlrNo": null,
            "dwlrType": null,
            "transferSelected": false,
            "swNetworkType": null,
            "metNetworkType": 12,
            "wqNetworkType": null,
            "stationOperational": true,
            "bank": null,
            "swStationOwner": null,
            "metStationOwner": null,
            "wqStationOwner": null,
            "createdOn": null,
            "createdBy": null,
            "updatedOn": null,
            "updatedBy": null,
            "maxRainfallDate": "2015-12-31T08:30:00",
            "maxClimaticDate": null,
            "wimsCode": null
        },
        {
            "stationId": 144,
            "stationCode": "2",
            "stationName": "Sabarmati at V.N.Bridge",
            "agencyId": 3,
            "stateId": 10,
            "districtId": 164,
            "tahsilId": 2393,
            "lat": null,
            "longitude": null,
            "refToposheetNo": null,
            "altitude": null,
            "zeroRl": 0,
            "basinId": null,
            "riverId": null,
            "tributaryId": null,
            "subTributaryId": null,
            "subSubTributaryId": null,
            "localRiverId": null,
            "catchmentArea": null,
            "regionalOfficeId": null,
            "circleOfficeId": null,
            "divisionalOfficeId": null,
            "subDivisionalOfficeId": null,
            "sectionOfficeId": null,
            "ownerAgencyId": null,
            "locationDetails": null,
            "busStand": null,
            "station": null,
            "airport": null,
            "town": null,
            "address": null,
            "otherInformation": null,
            "stationSetup": null,
            "accessibility": null,
            "stationHistory": null,
            "dateOfEstablishment": null,
            "dateOfClosure": null,
            "waterLevelManual": null,
            "waterLevelManualStart": null,
            "waterLevelManualEnd": null,
            "waterLevelAuto": null,
            "waterLevelAutoStart": null,
            "waterLevelAutoEnd": null,
            "discharge": null,
            "dischargeStart": null,
            "dischargeEnd": null,
            "dischargeCm": null,
            "dischargeCmStart": null,
            "dischargeCmEnd": null,
            "sediment": null,
            "sedimentStart": null,
            "sedimentEnd": null,
            "waterQuality": true,
            "waterQualityStart": null,
            "waterQualityEnd": null,
            "rainfallManual": null,
            "rainfallManualStart": null,
            "rainfallManualEnd": null,
            "rainfallAuto": null,
            "rainfallAutoStart": null,
            "rainfallAutoEnd": null,
            "climaticManual": null,
            "climaticManualStart": null,
            "climaticManualEnd": null,
            "climaticAuto": null,
            "climaticAutoStart": null,
            "climaticAutoEnd": null,
            "catDomain": true,
            "catDomainGw": null,
            "catMet": null,
            "catWq": null,
            "catDomainInfo": null,
            "catMetInfo": "Other",
            "catWqInfo": null,
            "mc": null,
            "sc": null,
            "cw": null,
            "wqYesNo": null,
            "distanceToOutlet": 20.0,
            "dwlrNo": null,
            "dwlrType": null,
            "transferSelected": null,
            "swNetworkType": null,
            "metNetworkType": null,
            "wqNetworkType": null,
            "stationOperational": null,
            "bank": null,
            "swStationOwner": null,
            "metStationOwner": null,
            "wqStationOwner": null,
            "createdOn": null,
            "createdBy": null,
            "updatedOn": null,
            "updatedBy": null,
            "maxRainfallDate": null,
            "maxClimaticDate": null,
            "wimsCode": null
        },
        {
            "stationId": 145,
            "stationCode": "1",
            "stationName": "Sabarmati at Dharoi Dam",
            "agencyId": 3,
            "stateId": 10,
            "districtId": 164,
            "tahsilId": 2393,
            "lat": null,
            "longitude": null,
            "refToposheetNo": null,
            "altitude": null,
            "zeroRl": 0,
            "basinId": null,
            "riverId": null,
            "tributaryId": null,
            "subTributaryId": null,
            "subSubTributaryId": null,
            "localRiverId": null,
            "catchmentArea": null,
            "regionalOfficeId": null,
            "circleOfficeId": null,
            "divisionalOfficeId": null,
            "subDivisionalOfficeId": null,
            "sectionOfficeId": null,
            "ownerAgencyId": null,
            "locationDetails": null,
            "busStand": null,
            "station": null,
            "airport": null,
            "town": null,
            "address": null,
            "otherInformation": null,
            "stationSetup": null,
            "accessibility": null,
            "stationHistory": null,
            "dateOfEstablishment": null,
            "dateOfClosure": null,
            "waterLevelManual": null,
            "waterLevelManualStart": null,
            "waterLevelManualEnd": null,
            "waterLevelAuto": null,
            "waterLevelAutoStart": null,
            "waterLevelAutoEnd": null,
            "discharge": null,
            "dischargeStart": null,
            "dischargeEnd": null,
            "dischargeCm": null,
            "dischargeCmStart": null,
            "dischargeCmEnd": null,
            "sediment": null,
            "sedimentStart": null,
            "sedimentEnd": null,
            "waterQuality": true,
            "waterQualityStart": null,
            "waterQualityEnd": null,
            "rainfallManual": null,
            "rainfallManualStart": null,
            "rainfallManualEnd": null,
            "rainfallAuto": null,
            "rainfallAutoStart": null,
            "rainfallAutoEnd": null,
            "climaticManual": null,
            "climaticManualStart": null,
            "climaticManualEnd": null,
            "climaticAuto": null,
            "climaticAutoStart": null,
            "climaticAutoEnd": null,
            "catDomain": true,
            "catDomainGw": null,
            "catMet": null,
            "catWq": null,
            "catDomainInfo": null,
            "catMetInfo": "Other",
            "catWqInfo": null,
            "mc": null,
            "sc": null,
            "cw": null,
            "wqYesNo": null,
            "distanceToOutlet": 0.0,
            "dwlrNo": null,
            "dwlrType": null,
            "transferSelected": null,
            "swNetworkType": null,
            "metNetworkType": null,
            "wqNetworkType": null,
            "stationOperational": null,
            "bank": null,
            "swStationOwner": null,
            "metStationOwner": null,
            "wqStationOwner": null,
            "createdOn": null,
            "createdBy": null,
            "updatedOn": null,
            "updatedBy": null,
            "maxRainfallDate": null,
            "maxClimaticDate": null,
            "wimsCode": null
        },
        {
            "stationId": 146,
            "stationCode": "3",
            "stationName": "Sabarmati at Vautha",
            "agencyId": 3,
            "stateId": 10,
            "districtId": 164,
            "tahsilId": 2393,
            "lat": null,
            "longitude": null,
            "refToposheetNo": null,
            "altitude": null,
            "zeroRl": 0,
            "basinId": null,
            "riverId": null,
            "tributaryId": null,
            "subTributaryId": null,
            "subSubTributaryId": null,
            "localRiverId": null,
            "catchmentArea": null,
            "regionalOfficeId": null,
            "circleOfficeId": null,
            "divisionalOfficeId": null,
            "subDivisionalOfficeId": null,
            "sectionOfficeId": null,
            "ownerAgencyId": null,
            "locationDetails": null,
            "busStand": null,
            "station": null,
            "airport": null,
            "town": null,
            "address": null,
            "otherInformation": null,
            "stationSetup": null,
            "accessibility": null,
            "stationHistory": null,
            "dateOfEstablishment": null,
            "dateOfClosure": null,
            "waterLevelManual": null,
            "waterLevelManualStart": null,
            "waterLevelManualEnd": null,
            "waterLevelAuto": null,
            "waterLevelAutoStart": null,
            "waterLevelAutoEnd": null,
            "discharge": null,
            "dischargeStart": null,
            "dischargeEnd": null,
            "dischargeCm": null,
            "dischargeCmStart": null,
            "dischargeCmEnd": null,
            "sediment": null,
            "sedimentStart": null,
            "sedimentEnd": null,
            "waterQuality": true,
            "waterQualityStart": null,
            "waterQualityEnd": null,
            "rainfallManual": null,
            "rainfallManualStart": null,
            "rainfallManualEnd": null,
            "rainfallAuto": null,
            "rainfallAutoStart": null,
            "rainfallAutoEnd": null,
            "climaticManual": null,
            "climaticManualStart": null,
            "climaticManualEnd": null,
            "climaticAuto": null,
            "climaticAutoStart": null,
            "climaticAutoEnd": null,
            "catDomain": true,
            "catDomainGw": null,
            "catMet": null,
            "catWq": null,
            "catDomainInfo": null,
            "catMetInfo": "Other",
            "catWqInfo": null,
            "mc": null,
            "sc": null,
            "cw": null,
            "wqYesNo": null,
            "distanceToOutlet": 0.0,
            "dwlrNo": null,
            "dwlrType": null,
            "transferSelected": null,
            "swNetworkType": null,
            "metNetworkType": null,
            "wqNetworkType": null,
            "stationOperational": null,
            "bank": null,
            "swStationOwner": null,
            "metStationOwner": null,
            "wqStationOwner": null,
            "createdOn": null,
            "createdBy": null,
            "updatedOn": null,
            "updatedBy": null,
            "maxRainfallDate": null,
            "maxClimaticDate": null,
            "wimsCode": null
        },
        {
            "stationId": 147,
            "stationCode": "1221",
            "stationName": "Sabarmati at Kheroj bridge",
            "agencyId": 3,
            "stateId": 10,
            "districtId": 164,
            "tahsilId": 2393,
            "lat": null,
            "longitude": null,
            "refToposheetNo": null,
            "altitude": null,
            "zeroRl": 0,
            "basinId": null,
            "riverId": null,
            "tributaryId": null,
            "subTributaryId": null,
            "subSubTributaryId": null,
            "localRiverId": null,
            "catchmentArea": null,
            "regionalOfficeId": null,
            "circleOfficeId": null,
            "divisionalOfficeId": null,
            "subDivisionalOfficeId": null,
            "sectionOfficeId": null,
            "ownerAgencyId": null,
            "locationDetails": null,
            "busStand": null,
            "station": null,
            "airport": null,
            "town": null,
            "address": null,
            "otherInformation": null,
            "stationSetup": null,
            "accessibility": null,
            "stationHistory": null,
            "dateOfEstablishment": null,
            "dateOfClosure": null,
            "waterLevelManual": null,
            "waterLevelManualStart": null,
            "waterLevelManualEnd": null,
            "waterLevelAuto": null,
            "waterLevelAutoStart": null,
            "waterLevelAutoEnd": null,
            "discharge": null,
            "dischargeStart": null,
            "dischargeEnd": null,
            "dischargeCm": null,
            "dischargeCmStart": null,
            "dischargeCmEnd": null,
            "sediment": null,
            "sedimentStart": null,
            "sedimentEnd": null,
            "waterQuality": true,
            "waterQualityStart": null,
            "waterQualityEnd": null,
            "rainfallManual": null,
            "rainfallManualStart": null,
            "rainfallManualEnd": null,
            "rainfallAuto": null,
            "rainfallAutoStart": null,
            "rainfallAutoEnd": null,
            "climaticManual": null,
            "climaticManualStart": null,
            "climaticManualEnd": null,
            "climaticAuto": null,
            "climaticAutoStart": null,
            "climaticAutoEnd": null,
            "catDomain": true,
            "catDomainGw": null,
            "catMet": null,
            "catWq": null,
            "catDomainInfo": null,
            "catMetInfo": "Other",
            "catWqInfo": null,
            "mc": null,
            "sc": null,
            "cw": null,
            "wqYesNo": null,
            "distanceToOutlet": 0.0,
            "dwlrNo": null,
            "dwlrType": null,
            "transferSelected": null,
            "swNetworkType": null,
            "metNetworkType": null,
            "wqNetworkType": null,
            "stationOperational": null,
            "bank": null,
            "swStationOwner": null,
            "metStationOwner": null,
            "wqStationOwner": null,
            "createdOn": null,
            "createdBy": null,
            "updatedOn": null,
            "updatedBy": null,
            "maxRainfallDate": null,
            "maxClimaticDate": null,
            "wimsCode": null
        },
        {
            "stationId": 148,
            "stationCode": "1407",
            "stationName": "Sabarmati at Gandhinagar",
            "agencyId": 3,
            "stateId": 10,
            "districtId": 164,
            "tahsilId": 2393,
            "lat": null,
            "longitude": null,
            "refToposheetNo": null,
            "altitude": null,
            "zeroRl": 0,
            "basinId": null,
            "riverId": null,
            "tributaryId": null,
            "subTributaryId": null,
            "subSubTributaryId": null,
            "localRiverId": null,
            "catchmentArea": null,
            "regionalOfficeId": null,
            "circleOfficeId": null,
            "divisionalOfficeId": null,
            "subDivisionalOfficeId": null,
            "sectionOfficeId": null,
            "ownerAgencyId": null,
            "locationDetails": null,
            "busStand": null,
            "station": null,
            "airport": null,
            "town": null,
            "address": null,
            "otherInformation": null,
            "stationSetup": null,
            "accessibility": null,
            "stationHistory": null,
            "dateOfEstablishment": null,
            "dateOfClosure": null,
            "waterLevelManual": null,
            "waterLevelManualStart": null,
            "waterLevelManualEnd": null,
            "waterLevelAuto": null,
            "waterLevelAutoStart": null,
            "waterLevelAutoEnd": null,
            "discharge": null,
            "dischargeStart": null,
            "dischargeEnd": null,
            "dischargeCm": null,
            "dischargeCmStart": null,
            "dischargeCmEnd": null,
            "sediment": null,
            "sedimentStart": null,
            "sedimentEnd": null,
            "waterQuality": true,
            "waterQualityStart": null,
            "waterQualityEnd": null,
            "rainfallManual": null,
            "rainfallManualStart": null,
            "rainfallManualEnd": null,
            "rainfallAuto": null,
            "rainfallAutoStart": null,
            "rainfallAutoEnd": null,
            "climaticManual": null,
            "climaticManualStart": null,
            "climaticManualEnd": null,
            "climaticAuto": null,
            "climaticAutoStart": null,
            "climaticAutoEnd": null,
            "catDomain": true,
            "catDomainGw": null,
            "catMet": null,
            "catWq": null,
            "catDomainInfo": null,
            "catMetInfo": "Other",
            "catWqInfo": null,
            "mc": null,
            "sc": null,
            "cw": null,
            "wqYesNo": null,
            "distanceToOutlet": 0.0,
            "dwlrNo": null,
            "dwlrType": null,
            "transferSelected": null,
            "swNetworkType": null,
            "metNetworkType": null,
            "wqNetworkType": null,
            "stationOperational": null,
            "bank": null,
            "swStationOwner": null,
            "metStationOwner": null,
            "wqStationOwner": null,
            "createdOn": null,
            "createdBy": null,
            "updatedOn": null,
            "updatedBy": null,
            "maxRainfallDate": null,
            "maxClimaticDate": null,
            "wimsCode": null
        },
        {
            "stationId": 151,
            "stationCode": "sdsad@@@@@__(&^",
            "stationName": "KJHGFDGHJK",
            "agencyId": 0,
            "stateId": 10,
            "districtId": 164,
            "tahsilId": 2396,
            "lat": "0°0'0'",
            "longitude": "0°0'0'",
            "refToposheetNo": "",
            "altitude": 0.0,
            "zeroRl": null,
            "basinId": 0,
            "riverId": 0,
            "tributaryId": 0,
            "subTributaryId": null,
            "subSubTributaryId": null,
            "localRiverId": 0,
            "catchmentArea": 0.0,
            "regionalOfficeId": null,
            "circleOfficeId": null,
            "divisionalOfficeId": null,
            "subDivisionalOfficeId": null,
            "sectionOfficeId": null,
            "ownerAgencyId": 0,
            "locationDetails": "",
            "busStand": "",
            "station": "",
            "airport": "",
            "town": "",
            "address": "",
            "otherInformation": "",
            "stationSetup": "",
            "accessibility": "",
            "stationHistory": null,
            "dateOfEstablishment": null,
            "dateOfClosure": null,
            "waterLevelManual": null,
            "waterLevelManualStart": null,
            "waterLevelManualEnd": null,
            "waterLevelAuto": null,
            "waterLevelAutoStart": null,
            "waterLevelAutoEnd": null,
            "discharge": null,
            "dischargeStart": null,
            "dischargeEnd": null,
            "dischargeCm": null,
            "dischargeCmStart": null,
            "dischargeCmEnd": null,
            "sediment": null,
            "sedimentStart": null,
            "sedimentEnd": null,
            "waterQuality": null,
            "waterQualityStart": null,
            "waterQualityEnd": null,
            "rainfallManual": null,
            "rainfallManualStart": null,
            "rainfallManualEnd": null,
            "rainfallAuto": null,
            "rainfallAutoStart": null,
            "rainfallAutoEnd": null,
            "climaticManual": null,
            "climaticManualStart": null,
            "climaticManualEnd": null,
            "climaticAuto": null,
            "climaticAutoStart": null,
            "climaticAutoEnd": null,
            "catDomain": null,
            "catDomainGw": true,
            "catMet": null,
            "catWq": null,
            "catDomainInfo": null,
            "catMetInfo": null,
            "catWqInfo": null,
            "mc": 0,
            "sc": 0,
            "cw": 0,
            "wqYesNo": true,
            "distanceToOutlet": null,
            "dwlrNo": "",
            "dwlrType": "",
            "transferSelected": true,
            "swNetworkType": null,
            "metNetworkType": null,
            "wqNetworkType": null,
            "stationOperational": null,
            "bank": null,
            "swStationOwner": null,
            "metStationOwner": null,
            "wqStationOwner": null,
            "createdOn": "2024-06-05T09:53:36",
            "createdBy": null,
            "updatedOn": null,
            "updatedBy": null,
            "maxRainfallDate": null,
            "maxClimaticDate": "2024-06-14T17:38:08.334",
            "wimsCode": "ssad$##@@#"
        },
        {
            "stationId": 159,
            "stationCode": "PAT",
            "stationName": "patna 12 Danapur",
            "agencyId": 2,
            "stateId": 15,
            "districtId": 2,
            "tahsilId": 21,
            "lat": "18°33'30",
            "longitude": "74°22'30",
            "refToposheetNo": "39L/12",
            "altitude": 397.64,
            "zeroRl": 12,
            "basinId": 11,
            "riverId": 11,
            "tributaryId": 20,
            "subTributaryId": 20,
            "subSubTributaryId": 20,
            "localRiverId": 20,
            "catchmentArea": 20.0,
            "regionalOfficeId": 20,
            "circleOfficeId": 20,
            "divisionalOfficeId": 20,
            "subDivisionalOfficeId": 20,
            "sectionOfficeId": 20,
            "ownerAgencyId": 20,
            "locationDetails": "RaJNagar",
            "busStand": "ranipur",
            "station": "dubha",
            "airport": "DANAPUR",
            "town": "PATNA",
            "address": "patna 12 Danapur",
            "otherInformation": "string",
            "stationSetup": "NBVC",
            "accessibility": "YHG",
            "stationHistory": "first Cantonment was established in 1765 at Barrackpore, near Calcutta",
            "dateOfEstablishment": "2024-03-08T22:41:11.751",
            "dateOfClosure": "2024-03-08T22:41:11.751",
            "waterLevelManual": true,
            "waterLevelManualStart": "2024-03-08T22:41:11.751",
            "waterLevelManualEnd": "2024-03-08T22:41:11.751",
            "waterLevelAuto": true,
            "waterLevelAutoStart": "2024-03-08T22:41:11.751",
            "waterLevelAutoEnd": "2024-03-08T22:41:11.751",
            "discharge": true,
            "dischargeStart": "2024-03-08T22:41:11.751",
            "dischargeEnd": "2024-03-08T22:41:11.751",
            "dischargeCm": true,
            "dischargeCmStart": "2024-03-08T22:41:11.751",
            "dischargeCmEnd": "2024-03-08T22:41:11.751",
            "sediment": true,
            "sedimentStart": "2024-03-08T22:41:11.751",
            "sedimentEnd": "2024-03-08T22:41:11.751",
            "waterQuality": true,
            "waterQualityStart": "2024-03-08T22:41:11.751",
            "waterQualityEnd": "2024-03-08T22:41:11.751",
            "rainfallManual": true,
            "rainfallManualStart": "2024-03-08T22:41:11.751",
            "rainfallManualEnd": "2024-03-08T22:41:11.751",
            "rainfallAuto": true,
            "rainfallAutoStart": "2024-03-08T22:41:11.751",
            "rainfallAutoEnd": "2024-03-08T22:41:11.751",
            "climaticManual": true,
            "climaticManualStart": "2024-03-08T22:41:11.751",
            "climaticManualEnd": "2024-03-08T22:41:11.751",
            "climaticAuto": true,
            "climaticAutoStart": "2024-03-08T22:41:11.751",
            "climaticAutoEnd": "2024-03-08T22:41:11.751",
            "catDomain": true,
            "catDomainGw": true,
            "catMet": true,
            "catWq": true,
            "catDomainInfo": "puntCAT",
            "catMetInfo": "puntCAT",
            "catWqInfo": "puntCAT",
            "mc": 10,
            "sc": 10,
            "cw": 10,
            "wqYesNo": true,
            "distanceToOutlet": 10.0,
            "dwlrNo": "abc",
            "dwlrType": "strbbbing",
            "transferSelected": true,
            "swNetworkType": 0,
            "metNetworkType": 0,
            "wqNetworkType": 0,
            "stationOperational": true,
            "bank": "HDFC",
            "swStationOwner": 0,
            "metStationOwner": 0,
            "wqStationOwner": 0,
            "createdOn": "2024-03-08T22:41:11.751",
            "createdBy": 0,
            "updatedOn": "2024-03-08T22:41:11.751",
            "updatedBy": 0,
            "maxRainfallDate": null,
            "maxClimaticDate": null,
            "wimsCode": null
        },
        {
            "stationId": 152,
            "stationCode": "Test@@@(_)()_(*",
            "stationName": "TestMicroware",
            "agencyId": 0,
            "stateId": 10,
            "districtId": 164,
            "tahsilId": 2396,
            "lat": "0°0'0'",
            "longitude": "0°0'0'",
            "refToposheetNo": "",
            "altitude": 0.0,
            "zeroRl": null,
            "basinId": 0,
            "riverId": 0,
            "tributaryId": 0,
            "subTributaryId": null,
            "subSubTributaryId": null,
            "localRiverId": 0,
            "catchmentArea": 0.0,
            "regionalOfficeId": null,
            "circleOfficeId": null,
            "divisionalOfficeId": null,
            "subDivisionalOfficeId": null,
            "sectionOfficeId": null,
            "ownerAgencyId": 0,
            "locationDetails": "N/A",
            "busStand": "N/A",
            "station": "N/A",
            "airport": "N/A",
            "town": "N/A",
            "address": "N/A",
            "otherInformation": "N/A",
            "stationSetup": "N/A",
            "accessibility": "N/A",
            "stationHistory": "N/A",
            "dateOfEstablishment": null,
            "dateOfClosure": null,
            "waterLevelManual": null,
            "waterLevelManualStart": null,
            "waterLevelManualEnd": null,
            "waterLevelAuto": null,
            "waterLevelAutoStart": null,
            "waterLevelAutoEnd": null,
            "discharge": null,
            "dischargeStart": null,
            "dischargeEnd": null,
            "dischargeCm": null,
            "dischargeCmStart": null,
            "dischargeCmEnd": null,
            "sediment": null,
            "sedimentStart": null,
            "sedimentEnd": null,
            "waterQuality": null,
            "waterQualityStart": null,
            "waterQualityEnd": null,
            "rainfallManual": null,
            "rainfallManualStart": null,
            "rainfallManualEnd": null,
            "rainfallAuto": null,
            "rainfallAutoStart": null,
            "rainfallAutoEnd": null,
            "climaticManual": null,
            "climaticManualStart": null,
            "climaticManualEnd": null,
            "climaticAuto": null,
            "climaticAutoStart": null,
            "climaticAutoEnd": null,
            "catDomain": null,
            "catDomainGw": true,
            "catMet": null,
            "catWq": null,
            "catDomainInfo": null,
            "catMetInfo": null,
            "catWqInfo": null,
            "mc": 0,
            "sc": 0,
            "cw": 0,
            "wqYesNo": true,
            "distanceToOutlet": null,
            "dwlrNo": "",
            "dwlrType": "",
            "transferSelected": true,
            "swNetworkType": null,
            "metNetworkType": null,
            "wqNetworkType": null,
            "stationOperational": null,
            "bank": "N/A",
            "swStationOwner": null,
            "metStationOwner": null,
            "wqStationOwner": null,
            "createdOn": null,
            "createdBy": null,
            "updatedOn": "2024-06-05T10:05:18",
            "updatedBy": null,
            "maxRainfallDate": null,
            "maxClimaticDate": "2024-06-14T17:38:08.334",
            "wimsCode": "TestMicroware"
        },
        {
            "stationId": 153,
            "stationCode": "12345",
            "stationName": "kolkata",
            "agencyId": 0,
            "stateId": 10,
            "districtId": 167,
            "tahsilId": 2416,
            "lat": "0°0'0'",
            "longitude": "0°0'0'",
            "refToposheetNo": "",
            "altitude": 0.0,
            "zeroRl": null,
            "basinId": 0,
            "riverId": 0,
            "tributaryId": 0,
            "subTributaryId": null,
            "subSubTributaryId": null,
            "localRiverId": 0,
            "catchmentArea": 0.0,
            "regionalOfficeId": null,
            "circleOfficeId": null,
            "divisionalOfficeId": null,
            "subDivisionalOfficeId": null,
            "sectionOfficeId": null,
            "ownerAgencyId": 0,
            "locationDetails": "",
            "busStand": "",
            "station": "",
            "airport": "",
            "town": "",
            "address": "",
            "otherInformation": "",
            "stationSetup": "",
            "accessibility": "",
            "stationHistory": null,
            "dateOfEstablishment": null,
            "dateOfClosure": null,
            "waterLevelManual": null,
            "waterLevelManualStart": null,
            "waterLevelManualEnd": null,
            "waterLevelAuto": null,
            "waterLevelAutoStart": null,
            "waterLevelAutoEnd": null,
            "discharge": null,
            "dischargeStart": null,
            "dischargeEnd": null,
            "dischargeCm": null,
            "dischargeCmStart": null,
            "dischargeCmEnd": null,
            "sediment": null,
            "sedimentStart": null,
            "sedimentEnd": null,
            "waterQuality": null,
            "waterQualityStart": null,
            "waterQualityEnd": null,
            "rainfallManual": null,
            "rainfallManualStart": null,
            "rainfallManualEnd": null,
            "rainfallAuto": null,
            "rainfallAutoStart": null,
            "rainfallAutoEnd": null,
            "climaticManual": null,
            "climaticManualStart": null,
            "climaticManualEnd": null,
            "climaticAuto": null,
            "climaticAutoStart": null,
            "climaticAutoEnd": null,
            "catDomain": null,
            "catDomainGw": true,
            "catMet": null,
            "catWq": null,
            "catDomainInfo": null,
            "catMetInfo": null,
            "catWqInfo": null,
            "mc": 0,
            "sc": 0,
            "cw": 0,
            "wqYesNo": true,
            "distanceToOutlet": null,
            "dwlrNo": "",
            "dwlrType": "",
            "transferSelected": true,
            "swNetworkType": null,
            "metNetworkType": null,
            "wqNetworkType": null,
            "stationOperational": null,
            "bank": null,
            "swStationOwner": null,
            "metStationOwner": null,
            "wqStationOwner": null,
            "createdOn": "2024-06-05T10:22:38",
            "createdBy": null,
            "updatedOn": null,
            "updatedBy": null,
            "maxRainfallDate": null,
            "maxClimaticDate": null,
            "wimsCode": "wxy321"
        },
        {
            "stationId": 4,
            "stationCode": "Amgaon",
            "stationName": "Amgaon",
            "agencyId": 3,
            "stateId": 10,
            "districtId": 167,
            "tahsilId": 2423,
            "lat": "15°36'00'",
            "longitude": "74°29'00'",
            "refToposheetNo": "48I-6",
            "altitude": 868.0,
            "zeroRl": null,
            "basinId": 15,
            "riverId": 0,
            "tributaryId": 0,
            "subTributaryId": null,
            "subSubTributaryId": null,
            "localRiverId": 0,
            "catchmentArea": 0.0,
            "regionalOfficeId": 12,
            "circleOfficeId": 19,
            "divisionalOfficeId": 54,
            "subDivisionalOfficeId": null,
            "sectionOfficeId": null,
            "ownerAgencyId": 3,
            "locationDetails": "Village Limit.Amgaon",
            "busStand": "Amgaon",
            "station": "N/A",
            "airport": "N/A",
            "town": "N/A",
            "address": "Village Limit.Amgaon",
            "otherInformation": "N/A",
            "stationSetup": "SRG",
            "accessibility": "Road",
            "stationHistory": "N/A",
            "dateOfEstablishment": "1988-06-01T00:00:00",
            "dateOfClosure": null,
            "waterLevelManual": false,
            "waterLevelManualStart": null,
            "waterLevelManualEnd": null,
            "waterLevelAuto": false,
            "waterLevelAutoStart": null,
            "waterLevelAutoEnd": null,
            "discharge": false,
            "dischargeStart": null,
            "dischargeEnd": null,
            "dischargeCm": false,
            "dischargeCmStart": null,
            "dischargeCmEnd": null,
            "sediment": false,
            "sedimentStart": null,
            "sedimentEnd": null,
            "waterQuality": false,
            "waterQualityStart": null,
            "waterQualityEnd": null,
            "rainfallManual": true,
            "rainfallManualStart": "1988-06-01T00:00:00",
            "rainfallManualEnd": null,
            "rainfallAuto": false,
            "rainfallAutoStart": null,
            "rainfallAutoEnd": null,
            "climaticManual": false,
            "climaticManualStart": null,
            "climaticManualEnd": null,
            "climaticAuto": false,
            "climaticAutoStart": null,
            "climaticAutoEnd": null,
            "catDomain": false,
            "catDomainGw": true,
            "catMet": true,
            "catWq": false,
            "catDomainInfo": null,
            "catMetInfo": null,
            "catWqInfo": null,
            "mc": 0,
            "sc": 0,
            "cw": 0,
            "wqYesNo": true,
            "distanceToOutlet": null,
            "dwlrNo": "",
            "dwlrType": "",
            "transferSelected": true,
            "swNetworkType": null,
            "metNetworkType": 12,
            "wqNetworkType": null,
            "stationOperational": true,
            "bank": "N/A",
            "swStationOwner": null,
            "metStationOwner": null,
            "wqStationOwner": null,
            "createdOn": null,
            "createdBy": null,
            "updatedOn": "2024-06-03T17:56:41",
            "updatedBy": null,
            "maxRainfallDate": "2015-12-31T08:30:00",
            "maxClimaticDate": null,
            "wimsCode": ""
        },
        {
            "stationId": 29,
            "stationCode": "D.Hipparagi",
            "stationName": "Devar Hipparagi",
            "agencyId": 3,
            "stateId": 10,
            "districtId": 170,
            "tahsilId": 2448,
            "lat": "16°49'21'",
            "longitude": "76°05'02'",
            "refToposheetNo": "56D-1",
            "altitude": 0.0,
            "zeroRl": null,
            "basinId": 7,
            "riverId": 21,
            "tributaryId": 182,
            "subTributaryId": null,
            "subSubTributaryId": null,
            "localRiverId": 0,
            "catchmentArea": 0.0,
            "regionalOfficeId": 12,
            "circleOfficeId": 19,
            "divisionalOfficeId": 54,
            "subDivisionalOfficeId": null,
            "sectionOfficeId": null,
            "ownerAgencyId": 3,
            "locationDetails": "Located in the premises of Inspection Bunglow Devar Hipparagi",
            "busStand": "Sindgi",
            "station": "Bijapur",
            "airport": "Bombay",
            "town": "Bijapur",
            "address": "Inspection Bunglow  premises Devar Hipparagi",
            "otherInformation": "N/A",
            "stationSetup": "FCS",
            "accessibility": "By Road",
            "stationHistory": "N/A",
            "dateOfEstablishment": "2024-05-01T12:38:20",
            "dateOfClosure": null,
            "waterLevelManual": false,
            "waterLevelManualStart": null,
            "waterLevelManualEnd": null,
            "waterLevelAuto": false,
            "waterLevelAutoStart": null,
            "waterLevelAutoEnd": null,
            "discharge": false,
            "dischargeStart": null,
            "dischargeEnd": null,
            "dischargeCm": false,
            "dischargeCmStart": null,
            "dischargeCmEnd": null,
            "sediment": false,
            "sedimentStart": null,
            "sedimentEnd": null,
            "waterQuality": false,
            "waterQualityStart": null,
            "waterQualityEnd": null,
            "rainfallManual": true,
            "rainfallManualStart": "2024-05-02T12:38:09",
            "rainfallManualEnd": null,
            "rainfallAuto": false,
            "rainfallAutoStart": null,
            "rainfallAutoEnd": null,
            "climaticManual": false,
            "climaticManualStart": null,
            "climaticManualEnd": null,
            "climaticAuto": false,
            "climaticAutoStart": null,
            "climaticAutoEnd": null,
            "catDomain": false,
            "catDomainGw": true,
            "catMet": null,
            "catWq": false,
            "catDomainInfo": null,
            "catMetInfo": null,
            "catWqInfo": null,
            "mc": 0,
            "sc": 0,
            "cw": 0,
            "wqYesNo": true,
            "distanceToOutlet": null,
            "dwlrNo": "",
            "dwlrType": "",
            "transferSelected": true,
            "swNetworkType": null,
            "metNetworkType": 9,
            "wqNetworkType": null,
            "stationOperational": true,
            "bank": "N/A",
            "swStationOwner": null,
            "metStationOwner": null,
            "wqStationOwner": null,
            "createdOn": null,
            "createdBy": null,
            "updatedOn": "2024-06-03T10:06:54",
            "updatedBy": null,
            "maxRainfallDate": "2024-12-31T03:00:00",
            "maxClimaticDate": "2024-06-30T17:30:00",
            "wimsCode": null
        },
        {
            "stationId": 160,
            "stationCode": "Final2024",
            "stationName": "FinalStation",
            "agencyId": 0,
            "stateId": 10,
            "districtId": 164,
            "tahsilId": 2393,
            "lat": "0°0'0'",
            "longitude": "0°0'0'",
            "refToposheetNo": "",
            "altitude": 0.0,
            "zeroRl": null,
            "basinId": 0,
            "riverId": 0,
            "tributaryId": 0,
            "subTributaryId": null,
            "subSubTributaryId": null,
            "localRiverId": 0,
            "catchmentArea": 0.0,
            "regionalOfficeId": null,
            "circleOfficeId": null,
            "divisionalOfficeId": null,
            "subDivisionalOfficeId": null,
            "sectionOfficeId": null,
            "ownerAgencyId": 0,
            "locationDetails": "",
            "busStand": "",
            "station": "",
            "airport": "",
            "town": "",
            "address": "",
            "otherInformation": "",
            "stationSetup": "",
            "accessibility": "",
            "stationHistory": null,
            "dateOfEstablishment": null,
            "dateOfClosure": null,
            "waterLevelManual": null,
            "waterLevelManualStart": null,
            "waterLevelManualEnd": null,
            "waterLevelAuto": null,
            "waterLevelAutoStart": null,
            "waterLevelAutoEnd": null,
            "discharge": null,
            "dischargeStart": null,
            "dischargeEnd": null,
            "dischargeCm": null,
            "dischargeCmStart": null,
            "dischargeCmEnd": null,
            "sediment": null,
            "sedimentStart": null,
            "sedimentEnd": null,
            "waterQuality": null,
            "waterQualityStart": null,
            "waterQualityEnd": null,
            "rainfallManual": null,
            "rainfallManualStart": null,
            "rainfallManualEnd": null,
            "rainfallAuto": null,
            "rainfallAutoStart": null,
            "rainfallAutoEnd": null,
            "climaticManual": null,
            "climaticManualStart": null,
            "climaticManualEnd": null,
            "climaticAuto": null,
            "climaticAutoStart": null,
            "climaticAutoEnd": null,
            "catDomain": null,
            "catDomainGw": true,
            "catMet": null,
            "catWq": null,
            "catDomainInfo": null,
            "catMetInfo": null,
            "catWqInfo": null,
            "mc": 0,
            "sc": 0,
            "cw": 0,
            "wqYesNo": true,
            "distanceToOutlet": null,
            "dwlrNo": "",
            "dwlrType": "",
            "transferSelected": true,
            "swNetworkType": null,
            "metNetworkType": null,
            "wqNetworkType": null,
            "stationOperational": null,
            "bank": null,
            "swStationOwner": null,
            "metStationOwner": null,
            "wqStationOwner": null,
            "createdOn": "2024-06-07T17:53:20",
            "createdBy": null,
            "updatedOn": null,
            "updatedBy": null,
            "maxRainfallDate": null,
            "maxClimaticDate": "2024-06-14T17:38:08.334",
            "wimsCode": "FinalTest"
        },
        {
            "stationId": 149,
            "stationCode": "123456",
            "stationName": "Nitin123",
            "agencyId": 0,
            "stateId": 10,
            "districtId": 164,
            "tahsilId": 2393,
            "lat": "0°0'0'",
            "longitude": "0°0'0'",
            "refToposheetNo": "",
            "altitude": 0.0,
            "zeroRl": null,
            "basinId": 0,
            "riverId": 0,
            "tributaryId": 0,
            "subTributaryId": null,
            "subSubTributaryId": null,
            "localRiverId": 0,
            "catchmentArea": 0.0,
            "regionalOfficeId": null,
            "circleOfficeId": null,
            "divisionalOfficeId": null,
            "subDivisionalOfficeId": null,
            "sectionOfficeId": null,
            "ownerAgencyId": 0,
            "locationDetails": "N/A",
            "busStand": "N/A",
            "station": "N/A",
            "airport": "N/A",
            "town": "N/A",
            "address": "N/A",
            "otherInformation": "N/A",
            "stationSetup": "N/A",
            "accessibility": "N/A",
            "stationHistory": "N/A",
            "dateOfEstablishment": null,
            "dateOfClosure": null,
            "waterLevelManual": null,
            "waterLevelManualStart": null,
            "waterLevelManualEnd": null,
            "waterLevelAuto": null,
            "waterLevelAutoStart": null,
            "waterLevelAutoEnd": null,
            "discharge": null,
            "dischargeStart": null,
            "dischargeEnd": null,
            "dischargeCm": null,
            "dischargeCmStart": null,
            "dischargeCmEnd": null,
            "sediment": null,
            "sedimentStart": null,
            "sedimentEnd": null,
            "waterQuality": null,
            "waterQualityStart": null,
            "waterQualityEnd": null,
            "rainfallManual": null,
            "rainfallManualStart": null,
            "rainfallManualEnd": null,
            "rainfallAuto": null,
            "rainfallAutoStart": null,
            "rainfallAutoEnd": null,
            "climaticManual": null,
            "climaticManualStart": null,
            "climaticManualEnd": null,
            "climaticAuto": null,
            "climaticAutoStart": null,
            "climaticAutoEnd": null,
            "catDomain": null,
            "catDomainGw": true,
            "catMet": null,
            "catWq": null,
            "catDomainInfo": null,
            "catMetInfo": null,
            "catWqInfo": null,
            "mc": 0,
            "sc": 0,
            "cw": 0,
            "wqYesNo": true,
            "distanceToOutlet": null,
            "dwlrNo": "",
            "dwlrType": "",
            "transferSelected": true,
            "swNetworkType": null,
            "metNetworkType": null,
            "wqNetworkType": null,
            "stationOperational": null,
            "bank": "N/A",
            "swStationOwner": null,
            "metStationOwner": null,
            "wqStationOwner": null,
            "createdOn": null,
            "createdBy": null,
            "updatedOn": "2024-06-03T18:02:56",
            "updatedBy": null,
            "maxRainfallDate": null,
            "maxClimaticDate": null,
            "wimsCode": null
        },
        {
            "stationId": 150,
            "stationCode": "Pargaon",
            "stationName": "Pargaon",
            "agencyId": 3,
            "stateId": 10,
            "districtId": 164,
            "tahsilId": 2393,
            "lat": null,
            "longitude": null,
            "refToposheetNo": null,
            "altitude": 0.0,
            "zeroRl": null,
            "basinId": null,
            "riverId": null,
            "tributaryId": null,
            "subTributaryId": null,
            "subSubTributaryId": null,
            "localRiverId": null,
            "catchmentArea": null,
            "regionalOfficeId": null,
            "circleOfficeId": null,
            "divisionalOfficeId": null,
            "subDivisionalOfficeId": null,
            "sectionOfficeId": null,
            "ownerAgencyId": null,
            "locationDetails": null,
            "busStand": null,
            "station": null,
            "airport": null,
            "town": null,
            "address": null,
            "otherInformation": null,
            "stationSetup": null,
            "accessibility": null,
            "stationHistory": null,
            "dateOfEstablishment": null,
            "dateOfClosure": null,
            "waterLevelManual": null,
            "waterLevelManualStart": null,
            "waterLevelManualEnd": null,
            "waterLevelAuto": null,
            "waterLevelAutoStart": null,
            "waterLevelAutoEnd": null,
            "discharge": null,
            "dischargeStart": "1982-06-01T00:00:00",
            "dischargeEnd": "1983-05-31T00:00:00",
            "dischargeCm": true,
            "dischargeCmStart": "1983-06-01T00:00:00",
            "dischargeCmEnd": null,
            "sediment": true,
            "sedimentStart": "1987-07-05T00:00:00",
            "sedimentEnd": null,
            "waterQuality": null,
            "waterQualityStart": null,
            "waterQualityEnd": null,
            "rainfallManual": null,
            "rainfallManualStart": null,
            "rainfallManualEnd": null,
            "rainfallAuto": null,
            "rainfallAutoStart": null,
            "rainfallAutoEnd": null,
            "climaticManual": null,
            "climaticManualStart": null,
            "climaticManualEnd": null,
            "climaticAuto": null,
            "climaticAutoStart": null,
            "climaticAutoEnd": null,
            "catDomain": null,
            "catDomainGw": null,
            "catMet": null,
            "catWq": null,
            "catDomainInfo": null,
            "catMetInfo": null,
            "catWqInfo": null,
            "mc": null,
            "sc": null,
            "cw": null,
            "wqYesNo": null,
            "distanceToOutlet": null,
            "dwlrNo": null,
            "dwlrType": null,
            "transferSelected": null,
            "swNetworkType": null,
            "metNetworkType": null,
            "wqNetworkType": null,
            "stationOperational": null,
            "bank": null,
            "swStationOwner": null,
            "metStationOwner": null,
            "wqStationOwner": null,
            "createdOn": null,
            "createdBy": null,
            "updatedOn": null,
            "updatedBy": null,
            "maxRainfallDate": null,
            "maxClimaticDate": null,
            "wimsCode": null
        },
        {
            "stationId": 154,
            "stationCode": "cod234",
            "stationName": "testdevs",
            "agencyId": 0,
            "stateId": 10,
            "districtId": 167,
            "tahsilId": 2419,
            "lat": "0°0'0'",
            "longitude": "0°0'0'",
            "refToposheetNo": "",
            "altitude": 0.0,
            "zeroRl": null,
            "basinId": 0,
            "riverId": 0,
            "tributaryId": 0,
            "subTributaryId": null,
            "subSubTributaryId": null,
            "localRiverId": 0,
            "catchmentArea": 0.0,
            "regionalOfficeId": null,
            "circleOfficeId": null,
            "divisionalOfficeId": null,
            "subDivisionalOfficeId": null,
            "sectionOfficeId": null,
            "ownerAgencyId": 0,
            "locationDetails": "",
            "busStand": "",
            "station": "",
            "airport": "",
            "town": "",
            "address": "",
            "otherInformation": "",
            "stationSetup": "",
            "accessibility": "",
            "stationHistory": null,
            "dateOfEstablishment": null,
            "dateOfClosure": null,
            "waterLevelManual": null,
            "waterLevelManualStart": null,
            "waterLevelManualEnd": null,
            "waterLevelAuto": null,
            "waterLevelAutoStart": null,
            "waterLevelAutoEnd": null,
            "discharge": null,
            "dischargeStart": null,
            "dischargeEnd": null,
            "dischargeCm": null,
            "dischargeCmStart": null,
            "dischargeCmEnd": null,
            "sediment": null,
            "sedimentStart": null,
            "sedimentEnd": null,
            "waterQuality": null,
            "waterQualityStart": null,
            "waterQualityEnd": null,
            "rainfallManual": null,
            "rainfallManualStart": null,
            "rainfallManualEnd": null,
            "rainfallAuto": null,
            "rainfallAutoStart": null,
            "rainfallAutoEnd": null,
            "climaticManual": null,
            "climaticManualStart": null,
            "climaticManualEnd": null,
            "climaticAuto": null,
            "climaticAutoStart": null,
            "climaticAutoEnd": null,
            "catDomain": null,
            "catDomainGw": true,
            "catMet": null,
            "catWq": null,
            "catDomainInfo": null,
            "catMetInfo": null,
            "catWqInfo": null,
            "mc": 0,
            "sc": 0,
            "cw": 0,
            "wqYesNo": true,
            "distanceToOutlet": null,
            "dwlrNo": "",
            "dwlrType": "",
            "transferSelected": true,
            "swNetworkType": null,
            "metNetworkType": null,
            "wqNetworkType": null,
            "stationOperational": null,
            "bank": null,
            "swStationOwner": null,
            "metStationOwner": null,
            "wqStationOwner": null,
            "createdOn": "2024-06-05T16:25:17",
            "createdBy": null,
            "updatedOn": null,
            "updatedBy": null,
            "maxRainfallDate": null,
            "maxClimaticDate": null,
            "wimsCode": "Abc345"
        },
        {
            "stationId": 155,
            "stationCode": "abc123",
            "stationName": "testdevp",
            "agencyId": 0,
            "stateId": 10,
            "districtId": 167,
            "tahsilId": 2419,
            "lat": "0°0'0'",
            "longitude": "0°0'0'",
            "refToposheetNo": "",
            "altitude": 0.0,
            "zeroRl": null,
            "basinId": 0,
            "riverId": 0,
            "tributaryId": 0,
            "subTributaryId": null,
            "subSubTributaryId": null,
            "localRiverId": 0,
            "catchmentArea": 0.0,
            "regionalOfficeId": null,
            "circleOfficeId": null,
            "divisionalOfficeId": null,
            "subDivisionalOfficeId": null,
            "sectionOfficeId": null,
            "ownerAgencyId": 0,
            "locationDetails": "",
            "busStand": "",
            "station": "",
            "airport": "",
            "town": "",
            "address": "",
            "otherInformation": "",
            "stationSetup": "",
            "accessibility": "",
            "stationHistory": null,
            "dateOfEstablishment": null,
            "dateOfClosure": null,
            "waterLevelManual": null,
            "waterLevelManualStart": null,
            "waterLevelManualEnd": null,
            "waterLevelAuto": null,
            "waterLevelAutoStart": null,
            "waterLevelAutoEnd": null,
            "discharge": null,
            "dischargeStart": null,
            "dischargeEnd": null,
            "dischargeCm": null,
            "dischargeCmStart": null,
            "dischargeCmEnd": null,
            "sediment": null,
            "sedimentStart": null,
            "sedimentEnd": null,
            "waterQuality": null,
            "waterQualityStart": null,
            "waterQualityEnd": null,
            "rainfallManual": null,
            "rainfallManualStart": null,
            "rainfallManualEnd": null,
            "rainfallAuto": null,
            "rainfallAutoStart": null,
            "rainfallAutoEnd": null,
            "climaticManual": null,
            "climaticManualStart": null,
            "climaticManualEnd": null,
            "climaticAuto": null,
            "climaticAutoStart": null,
            "climaticAutoEnd": null,
            "catDomain": null,
            "catDomainGw": true,
            "catMet": null,
            "catWq": null,
            "catDomainInfo": null,
            "catMetInfo": null,
            "catWqInfo": null,
            "mc": 0,
            "sc": 0,
            "cw": 0,
            "wqYesNo": true,
            "distanceToOutlet": null,
            "dwlrNo": "",
            "dwlrType": "",
            "transferSelected": true,
            "swNetworkType": null,
            "metNetworkType": null,
            "wqNetworkType": null,
            "stationOperational": null,
            "bank": null,
            "swStationOwner": null,
            "metStationOwner": null,
            "wqStationOwner": null,
            "createdOn": "2024-06-05T16:26:17",
            "createdBy": null,
            "updatedOn": null,
            "updatedBy": null,
            "maxRainfallDate": null,
            "maxClimaticDate": null,
            "wimsCode": "abc456"
        },
        {
            "stationId": 156,
            "stationCode": "345S",
            "stationName": "teste",
            "agencyId": 0,
            "stateId": 10,
            "districtId": 167,
            "tahsilId": 2419,
            "lat": "0°0'0'",
            "longitude": "0°0'0'",
            "refToposheetNo": "",
            "altitude": 0.0,
            "zeroRl": null,
            "basinId": 0,
            "riverId": 0,
            "tributaryId": 0,
            "subTributaryId": null,
            "subSubTributaryId": null,
            "localRiverId": 0,
            "catchmentArea": 0.0,
            "regionalOfficeId": null,
            "circleOfficeId": null,
            "divisionalOfficeId": null,
            "subDivisionalOfficeId": null,
            "sectionOfficeId": null,
            "ownerAgencyId": 0,
            "locationDetails": "",
            "busStand": "",
            "station": "",
            "airport": "",
            "town": "",
            "address": "",
            "otherInformation": "",
            "stationSetup": "",
            "accessibility": "",
            "stationHistory": null,
            "dateOfEstablishment": null,
            "dateOfClosure": null,
            "waterLevelManual": null,
            "waterLevelManualStart": null,
            "waterLevelManualEnd": null,
            "waterLevelAuto": null,
            "waterLevelAutoStart": null,
            "waterLevelAutoEnd": null,
            "discharge": null,
            "dischargeStart": null,
            "dischargeEnd": null,
            "dischargeCm": null,
            "dischargeCmStart": null,
            "dischargeCmEnd": null,
            "sediment": null,
            "sedimentStart": null,
            "sedimentEnd": null,
            "waterQuality": null,
            "waterQualityStart": null,
            "waterQualityEnd": null,
            "rainfallManual": null,
            "rainfallManualStart": null,
            "rainfallManualEnd": null,
            "rainfallAuto": null,
            "rainfallAutoStart": null,
            "rainfallAutoEnd": null,
            "climaticManual": null,
            "climaticManualStart": null,
            "climaticManualEnd": null,
            "climaticAuto": null,
            "climaticAutoStart": null,
            "climaticAutoEnd": null,
            "catDomain": null,
            "catDomainGw": true,
            "catMet": null,
            "catWq": null,
            "catDomainInfo": null,
            "catMetInfo": null,
            "catWqInfo": null,
            "mc": 0,
            "sc": 0,
            "cw": 0,
            "wqYesNo": true,
            "distanceToOutlet": null,
            "dwlrNo": "",
            "dwlrType": "",
            "transferSelected": true,
            "swNetworkType": null,
            "metNetworkType": null,
            "wqNetworkType": null,
            "stationOperational": null,
            "bank": null,
            "swStationOwner": null,
            "metStationOwner": null,
            "wqStationOwner": null,
            "createdOn": "2024-06-05T16:27:26",
            "createdBy": null,
            "updatedOn": null,
            "updatedBy": null,
            "maxRainfallDate": null,
            "maxClimaticDate": null,
            "wimsCode": "asdt34"
        },
        {
            "stationId": 45,
            "stationCode": "Hidkal",
            "stationName": "Hidkal Dam",
            "agencyId": 3,
            "stateId": 10,
            "districtId": 167,
            "tahsilId": 2422,
            "lat": "16°09'00'",
            "longitude": "74°34'00'",
            "refToposheetNo": "",
            "altitude": 624.8,
            "zeroRl": null,
            "basinId": 7,
            "riverId": 21,
            "tributaryId": 0,
            "subTributaryId": null,
            "subSubTributaryId": null,
            "localRiverId": 0,
            "catchmentArea": 0.0,
            "regionalOfficeId": 12,
            "circleOfficeId": 19,
            "divisionalOfficeId": 54,
            "subDivisionalOfficeId": null,
            "sectionOfficeId": null,
            "ownerAgencyId": 3,
            "locationDetails": "FCS Located near old IB at Hidkal Dam",
            "busStand": "Hidkal Dam",
            "station": "Paschapur",
            "airport": "Sambra",
            "town": "Belgaum.",
            "address": "Assistant Executive  Engineer, Gauging Sub-Div No.1,Bagalkot",
            "otherInformation": "N/A",
            "stationSetup": "FCS",
            "accessibility": "About 45 Km from Belgaum. By Bus & By Train.",
            "stationHistory": "N/A",
            "dateOfEstablishment": "2001-01-01T00:00:00",
            "dateOfClosure": null,
            "waterLevelManual": false,
            "waterLevelManualStart": null,
            "waterLevelManualEnd": null,
            "waterLevelAuto": false,
            "waterLevelAutoStart": null,
            "waterLevelAutoEnd": null,
            "discharge": false,
            "dischargeStart": null,
            "dischargeEnd": null,
            "dischargeCm": false,
            "dischargeCmStart": null,
            "dischargeCmEnd": null,
            "sediment": false,
            "sedimentStart": null,
            "sedimentEnd": null,
            "waterQuality": false,
            "waterQualityStart": null,
            "waterQualityEnd": null,
            "rainfallManual": true,
            "rainfallManualStart": "2001-01-01T00:00:00",
            "rainfallManualEnd": null,
            "rainfallAuto": true,
            "rainfallAutoStart": "1988-01-01T00:00:00",
            "rainfallAutoEnd": null,
            "climaticManual": true,
            "climaticManualStart": "1988-01-01T00:00:00",
            "climaticManualEnd": null,
            "climaticAuto": true,
            "climaticAutoStart": "1988-01-01T00:00:00",
            "climaticAutoEnd": null,
            "catDomain": false,
            "catDomainGw": true,
            "catMet": true,
            "catWq": false,
            "catDomainInfo": null,
            "catMetInfo": null,
            "catWqInfo": null,
            "mc": 0,
            "sc": 0,
            "cw": 0,
            "wqYesNo": true,
            "distanceToOutlet": null,
            "dwlrNo": "",
            "dwlrType": "",
            "transferSelected": true,
            "swNetworkType": null,
            "metNetworkType": 11,
            "wqNetworkType": null,
            "stationOperational": true,
            "bank": "N/A",
            "swStationOwner": null,
            "metStationOwner": null,
            "wqStationOwner": null,
            "createdOn": null,
            "createdBy": null,
            "updatedOn": "2024-06-13T14:18:03",
            "updatedBy": null,
            "maxRainfallDate": "2024-12-31T03:00:00",
            "maxClimaticDate": "2015-12-31T17:30:00",
            "wimsCode": "KK1BHWD122"
        },
        {
            "stationId": 157,
            "stationCode": "ee",
            "stationName": "der",
            "agencyId": 18,
            "stateId": 10,
            "districtId": 167,
            "tahsilId": 2419,
            "lat": "11°11'11'",
            "longitude": "22°11'22'",
            "refToposheetNo": "4",
            "altitude": 2.0,
            "zeroRl": null,
            "basinId": 988,
            "riverId": 242,
            "tributaryId": 647,
            "subTributaryId": 708,
            "subSubTributaryId": 736,
            "localRiverId": 717,
            "catchmentArea": 5.0,
            "regionalOfficeId": null,
            "circleOfficeId": null,
            "divisionalOfficeId": null,
            "subDivisionalOfficeId": null,
            "sectionOfficeId": null,
            "ownerAgencyId": 14,
            "locationDetails": "",
            "busStand": "",
            "station": "",
            "airport": "",
            "town": "",
            "address": "",
            "otherInformation": "",
            "stationSetup": "",
            "accessibility": "",
            "stationHistory": null,
            "dateOfEstablishment": null,
            "dateOfClosure": null,
            "waterLevelManual": null,
            "waterLevelManualStart": null,
            "waterLevelManualEnd": null,
            "waterLevelAuto": null,
            "waterLevelAutoStart": null,
            "waterLevelAutoEnd": null,
            "discharge": null,
            "dischargeStart": null,
            "dischargeEnd": null,
            "dischargeCm": null,
            "dischargeCmStart": null,
            "dischargeCmEnd": null,
            "sediment": null,
            "sedimentStart": null,
            "sedimentEnd": null,
            "waterQuality": null,
            "waterQualityStart": null,
            "waterQualityEnd": null,
            "rainfallManual": null,
            "rainfallManualStart": null,
            "rainfallManualEnd": null,
            "rainfallAuto": null,
            "rainfallAutoStart": null,
            "rainfallAutoEnd": null,
            "climaticManual": null,
            "climaticManualStart": null,
            "climaticManualEnd": null,
            "climaticAuto": null,
            "climaticAutoStart": null,
            "climaticAutoEnd": null,
            "catDomain": null,
            "catDomainGw": true,
            "catMet": null,
            "catWq": null,
            "catDomainInfo": null,
            "catMetInfo": null,
            "catWqInfo": null,
            "mc": 0,
            "sc": 0,
            "cw": 0,
            "wqYesNo": true,
            "distanceToOutlet": 3.0,
            "dwlrNo": "",
            "dwlrType": "",
            "transferSelected": true,
            "swNetworkType": null,
            "metNetworkType": null,
            "wqNetworkType": null,
            "stationOperational": null,
            "bank": null,
            "swStationOwner": null,
            "metStationOwner": null,
            "wqStationOwner": null,
            "createdOn": "2024-06-06T12:01:08",
            "createdBy": null,
            "updatedOn": null,
            "updatedBy": null,
            "maxRainfallDate": null,
            "maxClimaticDate": null,
            "wimsCode": "fcef"
        },
        {
            "stationId": 158,
            "stationCode": "test123",
            "stationName": "ABCTest",
            "agencyId": 0,
            "stateId": 10,
            "districtId": 167,
            "tahsilId": 2419,
            "lat": "11°11'11'",
            "longitude": "12°12'11'",
            "refToposheetNo": "3",
            "altitude": 2.0,
            "zeroRl": null,
            "basinId": 988,
            "riverId": 242,
            "tributaryId": 647,
            "subTributaryId": 708,
            "subSubTributaryId": 736,
            "localRiverId": 717,
            "catchmentArea": 3.0,
            "regionalOfficeId": null,
            "circleOfficeId": null,
            "divisionalOfficeId": null,
            "subDivisionalOfficeId": null,
            "sectionOfficeId": null,
            "ownerAgencyId": 0,
            "locationDetails": "",
            "busStand": "",
            "station": "",
            "airport": "",
            "town": "",
            "address": "",
            "otherInformation": "",
            "stationSetup": "",
            "accessibility": "",
            "stationHistory": null,
            "dateOfEstablishment": null,
            "dateOfClosure": null,
            "waterLevelManual": null,
            "waterLevelManualStart": null,
            "waterLevelManualEnd": null,
            "waterLevelAuto": null,
            "waterLevelAutoStart": null,
            "waterLevelAutoEnd": null,
            "discharge": null,
            "dischargeStart": null,
            "dischargeEnd": null,
            "dischargeCm": null,
            "dischargeCmStart": null,
            "dischargeCmEnd": null,
            "sediment": null,
            "sedimentStart": null,
            "sedimentEnd": null,
            "waterQuality": null,
            "waterQualityStart": null,
            "waterQualityEnd": null,
            "rainfallManual": null,
            "rainfallManualStart": null,
            "rainfallManualEnd": null,
            "rainfallAuto": null,
            "rainfallAutoStart": null,
            "rainfallAutoEnd": null,
            "climaticManual": null,
            "climaticManualStart": null,
            "climaticManualEnd": null,
            "climaticAuto": null,
            "climaticAutoStart": null,
            "climaticAutoEnd": null,
            "catDomain": null,
            "catDomainGw": true,
            "catMet": null,
            "catWq": null,
            "catDomainInfo": null,
            "catMetInfo": null,
            "catWqInfo": null,
            "mc": 0,
            "sc": 0,
            "cw": 0,
            "wqYesNo": true,
            "distanceToOutlet": 3.0,
            "dwlrNo": "",
            "dwlrType": "",
            "transferSelected": true,
            "swNetworkType": null,
            "metNetworkType": null,
            "wqNetworkType": null,
            "stationOperational": null,
            "bank": null,
            "swStationOwner": null,
            "metStationOwner": null,
            "wqStationOwner": null,
            "createdOn": "2024-06-06T12:04:46",
            "createdBy": null,
            "updatedOn": null,
            "updatedBy": null,
            "maxRainfallDate": null,
            "maxClimaticDate": null,
            "wimsCode": "ascf"
        },
        {
            "stationId": 162,
            "stationCode": "Nitin123",
            "stationName": "NewStation",
            "agencyId": 13,
            "stateId": 10,
            "districtId": 164,
            "tahsilId": 2393,
            "lat": "20°12'13'",
            "longitude": "15°02'45'",
            "refToposheetNo": "50",
            "altitude": 2000.0,
            "zeroRl": null,
            "basinId": 200,
            "riverId": 246,
            "tributaryId": 650,
            "subTributaryId": 711,
            "subSubTributaryId": 738,
            "localRiverId": 719,
            "catchmentArea": 2000.0,
            "regionalOfficeId": 18,
            "circleOfficeId": 28,
            "divisionalOfficeId": null,
            "subDivisionalOfficeId": null,
            "sectionOfficeId": null,
            "ownerAgencyId": 14,
            "locationDetails": "",
            "busStand": "",
            "station": "",
            "airport": "",
            "town": "",
            "address": "",
            "otherInformation": "",
            "stationSetup": "",
            "accessibility": "",
            "stationHistory": null,
            "dateOfEstablishment": null,
            "dateOfClosure": null,
            "waterLevelManual": null,
            "waterLevelManualStart": null,
            "waterLevelManualEnd": null,
            "waterLevelAuto": null,
            "waterLevelAutoStart": null,
            "waterLevelAutoEnd": null,
            "discharge": null,
            "dischargeStart": null,
            "dischargeEnd": null,
            "dischargeCm": null,
            "dischargeCmStart": null,
            "dischargeCmEnd": null,
            "sediment": null,
            "sedimentStart": null,
            "sedimentEnd": null,
            "waterQuality": null,
            "waterQualityStart": null,
            "waterQualityEnd": null,
            "rainfallManual": null,
            "rainfallManualStart": null,
            "rainfallManualEnd": null,
            "rainfallAuto": null,
            "rainfallAutoStart": null,
            "rainfallAutoEnd": null,
            "climaticManual": null,
            "climaticManualStart": null,
            "climaticManualEnd": null,
            "climaticAuto": null,
            "climaticAutoStart": null,
            "climaticAutoEnd": null,
            "catDomain": null,
            "catDomainGw": true,
            "catMet": null,
            "catWq": null,
            "catDomainInfo": null,
            "catMetInfo": null,
            "catWqInfo": null,
            "mc": 0,
            "sc": 0,
            "cw": 0,
            "wqYesNo": true,
            "distanceToOutlet": 500.0,
            "dwlrNo": "",
            "dwlrType": "",
            "transferSelected": true,
            "swNetworkType": null,
            "metNetworkType": null,
            "wqNetworkType": null,
            "stationOperational": null,
            "bank": null,
            "swStationOwner": null,
            "metStationOwner": null,
            "wqStationOwner": null,
            "createdOn": "2024-06-10T11:43:14",
            "createdBy": null,
            "updatedOn": null,
            "updatedBy": null,
            "maxRainfallDate": null,
            "maxClimaticDate": null,
            "wimsCode": "NEW123"
        },
        {
            "stationId": 163,
            "stationCode": "mayanktest",
            "stationName": "mayanktest",
            "agencyId": 3,
            "stateId": 10,
            "districtId": 164,
            "tahsilId": null,
            "lat": "11°11'11'",
            "longitude": "12°12'11'",
            "refToposheetNo": null,
            "altitude": null,
            "zeroRl": null,
            "basinId": null,
            "riverId": null,
            "tributaryId": null,
            "subTributaryId": null,
            "subSubTributaryId": null,
            "localRiverId": null,
            "catchmentArea": null,
            "regionalOfficeId": 12,
            "circleOfficeId": 18,
            "divisionalOfficeId": 54,
            "subDivisionalOfficeId": 162,
            "sectionOfficeId": null,
            "ownerAgencyId": null,
            "locationDetails": null,
            "busStand": null,
            "station": null,
            "airport": null,
            "town": null,
            "address": null,
            "otherInformation": null,
            "stationSetup": null,
            "accessibility": null,
            "stationHistory": null,
            "dateOfEstablishment": null,
            "dateOfClosure": null,
            "waterLevelManual": null,
            "waterLevelManualStart": null,
            "waterLevelManualEnd": null,
            "waterLevelAuto": null,
            "waterLevelAutoStart": null,
            "waterLevelAutoEnd": null,
            "discharge": null,
            "dischargeStart": null,
            "dischargeEnd": null,
            "dischargeCm": null,
            "dischargeCmStart": null,
            "dischargeCmEnd": null,
            "sediment": null,
            "sedimentStart": null,
            "sedimentEnd": null,
            "waterQuality": null,
            "waterQualityStart": null,
            "waterQualityEnd": null,
            "rainfallManual": null,
            "rainfallManualStart": null,
            "rainfallManualEnd": null,
            "rainfallAuto": null,
            "rainfallAutoStart": null,
            "rainfallAutoEnd": null,
            "climaticManual": null,
            "climaticManualStart": null,
            "climaticManualEnd": null,
            "climaticAuto": null,
            "climaticAutoStart": null,
            "climaticAutoEnd": null,
            "catDomain": null,
            "catDomainGw": null,
            "catMet": null,
            "catWq": null,
            "catDomainInfo": null,
            "catMetInfo": null,
            "catWqInfo": null,
            "mc": null,
            "sc": null,
            "cw": null,
            "wqYesNo": null,
            "distanceToOutlet": null,
            "dwlrNo": null,
            "dwlrType": null,
            "transferSelected": null,
            "swNetworkType": null,
            "metNetworkType": null,
            "wqNetworkType": null,
            "stationOperational": null,
            "bank": null,
            "swStationOwner": null,
            "metStationOwner": null,
            "wqStationOwner": null,
            "createdOn": null,
            "createdBy": null,
            "updatedOn": null,
            "updatedBy": null,
            "maxRainfallDate": null,
            "maxClimaticDate": null,
            "wimsCode": null
        },
        {
            "stationId": 161,
            "stationCode": "123Test",
            "stationName": "Dev2Test",
            "agencyId": 0,
            "stateId": 10,
            "districtId": 167,
            "tahsilId": 2419,
            "lat": "0°0'0'",
            "longitude": "0°0'0'",
            "refToposheetNo": "",
            "altitude": 0.0,
            "zeroRl": null,
            "basinId": 0,
            "riverId": 0,
            "tributaryId": 0,
            "subTributaryId": null,
            "subSubTributaryId": null,
            "localRiverId": 0,
            "catchmentArea": 0.0,
            "regionalOfficeId": null,
            "circleOfficeId": null,
            "divisionalOfficeId": null,
            "subDivisionalOfficeId": null,
            "sectionOfficeId": null,
            "ownerAgencyId": 0,
            "locationDetails": "N/A",
            "busStand": "N/A",
            "station": "N/A",
            "airport": "N/A",
            "town": "N/A",
            "address": "N/A",
            "otherInformation": "N/A",
            "stationSetup": "N/A",
            "accessibility": "N/A",
            "stationHistory": "N/A",
            "dateOfEstablishment": null,
            "dateOfClosure": null,
            "waterLevelManual": null,
            "waterLevelManualStart": null,
            "waterLevelManualEnd": null,
            "waterLevelAuto": null,
            "waterLevelAutoStart": null,
            "waterLevelAutoEnd": null,
            "discharge": null,
            "dischargeStart": null,
            "dischargeEnd": null,
            "dischargeCm": null,
            "dischargeCmStart": null,
            "dischargeCmEnd": null,
            "sediment": null,
            "sedimentStart": null,
            "sedimentEnd": null,
            "waterQuality": null,
            "waterQualityStart": null,
            "waterQualityEnd": null,
            "rainfallManual": null,
            "rainfallManualStart": null,
            "rainfallManualEnd": null,
            "rainfallAuto": null,
            "rainfallAutoStart": null,
            "rainfallAutoEnd": null,
            "climaticManual": null,
            "climaticManualStart": null,
            "climaticManualEnd": null,
            "climaticAuto": null,
            "climaticAutoStart": null,
            "climaticAutoEnd": null,
            "catDomain": null,
            "catDomainGw": true,
            "catMet": null,
            "catWq": null,
            "catDomainInfo": null,
            "catMetInfo": null,
            "catWqInfo": null,
            "mc": 0,
            "sc": 0,
            "cw": 0,
            "wqYesNo": true,
            "distanceToOutlet": null,
            "dwlrNo": "",
            "dwlrType": "",
            "transferSelected": true,
            "swNetworkType": null,
            "metNetworkType": null,
            "wqNetworkType": null,
            "stationOperational": null,
            "bank": "N/A",
            "swStationOwner": null,
            "metStationOwner": null,
            "wqStationOwner": null,
            "createdOn": null,
            "createdBy": null,
            "updatedOn": "2024-06-11T17:31:20",
            "updatedBy": null,
            "maxRainfallDate": null,
            "maxClimaticDate": "2024-06-30T08:30:00",
            "wimsCode": "SDE234"
        },
        {
            "stationId": 56,
            "stationCode": "Jamakhandi",
            "stationName": "Jamakhandi",
            "agencyId": 3,
            "stateId": 10,
            "districtId": 164,
            "tahsilId": 2400,
            "lat": "16°30'27'",
            "longitude": "75°17'04'",
            "refToposheetNo": "47P-6",
            "altitude": 537.17,
            "zeroRl": null,
            "basinId": 7,
            "riverId": 21,
            "tributaryId": 0,
            "subTributaryId": null,
            "subSubTributaryId": null,
            "localRiverId": 0,
            "catchmentArea": 0.0,
            "regionalOfficeId": 12,
            "circleOfficeId": 19,
            "divisionalOfficeId": 54,
            "subDivisionalOfficeId": null,
            "sectionOfficeId": null,
            "ownerAgencyId": 3,
            "locationDetails": "Located in the premises of P.W.D.Store Yard Jamakhandi",
            "busStand": "Jamakhandi",
            "station": "Bagalkot",
            "airport": "Bombay",
            "town": "Bagalkot",
            "address": "P.W.D.Store Yard  premises Jamakhandi",
            "otherInformation": "N/A",
            "stationSetup": "ARG",
            "accessibility": "By Road",
            "stationHistory": "N/A",
            "dateOfEstablishment": "2001-01-01T00:00:00",
            "dateOfClosure": null,
            "waterLevelManual": false,
            "waterLevelManualStart": null,
            "waterLevelManualEnd": null,
            "waterLevelAuto": false,
            "waterLevelAutoStart": null,
            "waterLevelAutoEnd": null,
            "discharge": false,
            "dischargeStart": null,
            "dischargeEnd": null,
            "dischargeCm": false,
            "dischargeCmStart": null,
            "dischargeCmEnd": null,
            "sediment": false,
            "sedimentStart": null,
            "sedimentEnd": null,
            "waterQuality": false,
            "waterQualityStart": null,
            "waterQualityEnd": null,
            "rainfallManual": true,
            "rainfallManualStart": "2001-01-01T00:00:00",
            "rainfallManualEnd": null,
            "rainfallAuto": true,
            "rainfallAutoStart": "1988-01-01T00:00:00",
            "rainfallAutoEnd": null,
            "climaticManual": false,
            "climaticManualStart": null,
            "climaticManualEnd": null,
            "climaticAuto": false,
            "climaticAutoStart": null,
            "climaticAutoEnd": null,
            "catDomain": false,
            "catDomainGw": true,
            "catMet": true,
            "catWq": false,
            "catDomainInfo": null,
            "catMetInfo": null,
            "catWqInfo": null,
            "mc": 0,
            "sc": 0,
            "cw": 0,
            "wqYesNo": true,
            "distanceToOutlet": null,
            "dwlrNo": "",
            "dwlrType": "",
            "transferSelected": true,
            "swNetworkType": null,
            "metNetworkType": 10,
            "wqNetworkType": null,
            "stationOperational": true,
            "bank": "N/A",
            "swStationOwner": null,
            "metStationOwner": null,
            "wqStationOwner": null,
            "createdOn": null,
            "createdBy": null,
            "updatedOn": "2024-06-11T17:31:52",
            "updatedBy": null,
            "maxRainfallDate": "2015-12-31T08:30:00",
            "maxClimaticDate": null,
            "wimsCode": "KK1GBGK61"
        },
        {
            "stationId": 1,
            "stationCode": "Agarkhed",
            "stationName": "Agarkhed",
            "agencyId": 3,
            "stateId": 10,
            "districtId": 194,
            "tahsilId": 2610,
            "lat": "0°0'0'",
            "longitude": "0°0'0'",
            "refToposheetNo": "",
            "altitude": 0.0,
            "zeroRl": null,
            "basinId": 15,
            "riverId": 131,
            "tributaryId": 459,
            "subTributaryId": 523,
            "subSubTributaryId": 550,
            "localRiverId": 541,
            "catchmentArea": 0.0,
            "regionalOfficeId": 12,
            "circleOfficeId": 18,
            "divisionalOfficeId": 52,
            "subDivisionalOfficeId": 156,
            "sectionOfficeId": null,
            "ownerAgencyId": 3,
            "locationDetails": "N/A",
            "busStand": "N/A",
            "station": "N/A",
            "airport": "N/A",
            "town": "N/A",
            "address": "N/A",
            "otherInformation": "N/A",
            "stationSetup": "N/A",
            "accessibility": "N/A",
            "stationHistory": "N/A",
            "dateOfEstablishment": null,
            "dateOfClosure": null,
            "waterLevelManual": null,
            "waterLevelManualStart": null,
            "waterLevelManualEnd": null,
            "waterLevelAuto": null,
            "waterLevelAutoStart": null,
            "waterLevelAutoEnd": null,
            "discharge": null,
            "dischargeStart": null,
            "dischargeEnd": null,
            "dischargeCm": null,
            "dischargeCmStart": null,
            "dischargeCmEnd": null,
            "sediment": null,
            "sedimentStart": null,
            "sedimentEnd": null,
            "waterQuality": null,
            "waterQualityStart": null,
            "waterQualityEnd": null,
            "rainfallManual": null,
            "rainfallManualStart": null,
            "rainfallManualEnd": null,
            "rainfallAuto": null,
            "rainfallAutoStart": null,
            "rainfallAutoEnd": null,
            "climaticManual": null,
            "climaticManualStart": null,
            "climaticManualEnd": null,
            "climaticAuto": null,
            "climaticAutoStart": null,
            "climaticAutoEnd": null,
            "catDomain": null,
            "catDomainGw": true,
            "catMet": null,
            "catWq": null,
            "catDomainInfo": null,
            "catMetInfo": null,
            "catWqInfo": null,
            "mc": 0,
            "sc": 0,
            "cw": 0,
            "wqYesNo": true,
            "distanceToOutlet": null,
            "dwlrNo": "",
            "dwlrType": "",
            "transferSelected": true,
            "swNetworkType": null,
            "metNetworkType": null,
            "wqNetworkType": null,
            "stationOperational": null,
            "bank": "N/A",
            "swStationOwner": null,
            "metStationOwner": null,
            "wqStationOwner": null,
            "createdOn": null,
            "createdBy": null,
            "updatedOn": "2024-06-11T17:41:49",
            "updatedBy": null,
            "maxRainfallDate": "2015-12-31T08:30:00",
            "maxClimaticDate": "2024-07-01T08:30:00",
            "wimsCode": "ABC123"
        },
        {
            "stationId": 5,
            "stationCode": "Amingad",
            "stationName": "Amingad",
            "agencyId": 3,
            "stateId": 10,
            "districtId": 164,
            "tahsilId": 2398,
            "lat": "16°03'19'",
            "longitude": "75°55'26'",
            "refToposheetNo": "47P-16",
            "altitude": 540.0,
            "zeroRl": null,
            "basinId": 7,
            "riverId": 21,
            "tributaryId": 188,
            "subTributaryId": null,
            "subSubTributaryId": null,
            "localRiverId": 276,
            "catchmentArea": 0.0,
            "regionalOfficeId": 12,
            "circleOfficeId": 19,
            "divisionalOfficeId": 54,
            "subDivisionalOfficeId": null,
            "sectionOfficeId": null,
            "ownerAgencyId": 3,
            "locationDetails": "PHC,",
            "busStand": "Amingad",
            "station": "Bagalkot",
            "airport": "Belgaum",
            "town": "Hungund",
            "address": "PHC,Amingad-587112",
            "otherInformation": "Established under DMC.",
            "stationSetup": "SRG",
            "accessibility": "By road.",
            "stationHistory": "N/A",
            "dateOfEstablishment": "2004-08-17T00:00:00",
            "dateOfClosure": "2017-01-01T10:14:51",
            "waterLevelManual": false,
            "waterLevelManualStart": null,
            "waterLevelManualEnd": null,
            "waterLevelAuto": false,
            "waterLevelAutoStart": null,
            "waterLevelAutoEnd": null,
            "discharge": false,
            "dischargeStart": null,
            "dischargeEnd": null,
            "dischargeCm": false,
            "dischargeCmStart": null,
            "dischargeCmEnd": null,
            "sediment": false,
            "sedimentStart": null,
            "sedimentEnd": null,
            "waterQuality": false,
            "waterQualityStart": null,
            "waterQualityEnd": null,
            "rainfallManual": true,
            "rainfallManualStart": "2007-01-01T00:00:00",
            "rainfallManualEnd": null,
            "rainfallAuto": false,
            "rainfallAutoStart": null,
            "rainfallAutoEnd": null,
            "climaticManual": false,
            "climaticManualStart": null,
            "climaticManualEnd": null,
            "climaticAuto": false,
            "climaticAutoStart": null,
            "climaticAutoEnd": null,
            "catDomain": false,
            "catDomainGw": true,
            "catMet": true,
            "catWq": false,
            "catDomainInfo": null,
            "catMetInfo": null,
            "catWqInfo": null,
            "mc": 0,
            "sc": 0,
            "cw": 0,
            "wqYesNo": true,
            "distanceToOutlet": null,
            "dwlrNo": "",
            "dwlrType": "",
            "transferSelected": true,
            "swNetworkType": null,
            "metNetworkType": 12,
            "wqNetworkType": null,
            "stationOperational": true,
            "bank": "N/A",
            "swStationOwner": null,
            "metStationOwner": null,
            "wqStationOwner": null,
            "createdOn": null,
            "createdBy": null,
            "updatedOn": "2024-06-18T11:35:28",
            "updatedBy": null,
            "maxRainfallDate": "2015-12-31T08:30:00",
            "maxClimaticDate": null,
            "wimsCode": "ASD345"
        },
        {
            "stationId": 167,
            "stationCode": "00001",
            "stationName": "TestMicroStation",
            "agencyId": 26,
            "stateId": 10,
            "districtId": 630,
            "tahsilId": 5323,
            "lat": "25°35'45'",
            "longitude": "55°65'75'",
            "refToposheetNo": "1104",
            "altitude": 123.0,
            "zeroRl": null,
            "basinId": 23,
            "riverId": 250,
            "tributaryId": 653,
            "subTributaryId": 715,
            "subSubTributaryId": 742,
            "localRiverId": 724,
            "catchmentArea": 12326.0,
            "regionalOfficeId": 23,
            "circleOfficeId": 30,
            "divisionalOfficeId": 64,
            "subDivisionalOfficeId": 246,
            "sectionOfficeId": 267,
            "ownerAgencyId": 26,
            "locationDetails": "microLocation Details ",
            "busStand": "MicroBus Stand",
            "station": "MicroStation",
            "airport": "MicroAirport",
            "town": "MicroTown",
            "address": "delhi",
            "otherInformation": "MicroInformationS",
            "stationSetup": "MicroStation Setup",
            "accessibility": "MicroAccessibility",
            "stationHistory": "N/A",
            "dateOfEstablishment": "2020-01-01T10:55:50",
            "dateOfClosure": null,
            "waterLevelManual": false,
            "waterLevelManualStart": null,
            "waterLevelManualEnd": null,
            "waterLevelAuto": false,
            "waterLevelAutoStart": null,
            "waterLevelAutoEnd": null,
            "discharge": false,
            "dischargeStart": null,
            "dischargeEnd": null,
            "dischargeCm": false,
            "dischargeCmStart": null,
            "dischargeCmEnd": null,
            "sediment": false,
            "sedimentStart": null,
            "sedimentEnd": null,
            "waterQuality": false,
            "waterQualityStart": null,
            "waterQualityEnd": null,
            "rainfallManual": true,
            "rainfallManualStart": "2020-01-01T10:55:50",
            "rainfallManualEnd": null,
            "rainfallAuto": false,
            "rainfallAutoStart": "2020-01-01T10:55:50",
            "rainfallAutoEnd": null,
            "climaticManual": false,
            "climaticManualStart": null,
            "climaticManualEnd": null,
            "climaticAuto": false,
            "climaticAutoStart": null,
            "climaticAutoEnd": null,
            "catDomain": true,
            "catDomainGw": true,
            "catMet": false,
            "catWq": null,
            "catDomainInfo": null,
            "catMetInfo": null,
            "catWqInfo": null,
            "mc": 0,
            "sc": 1,
            "cw": 0,
            "wqYesNo": true,
            "distanceToOutlet": 126.0,
            "dwlrNo": "",
            "dwlrType": "",
            "transferSelected": true,
            "swNetworkType": 11,
            "metNetworkType": null,
            "wqNetworkType": null,
            "stationOperational": null,
            "bank": "1",
            "swStationOwner": 17,
            "metStationOwner": null,
            "wqStationOwner": null,
            "createdOn": null,
            "createdBy": null,
            "updatedOn": "2024-06-17T11:45:35",
            "updatedBy": null,
            "maxRainfallDate": "2021-12-31T03:00:00",
            "maxClimaticDate": "2020-01-31T08:30:00",
            "wimsCode": "wims01"
        },
        {
            "stationId": 164,
            "stationCode": "newData",
            "stationName": "newOne",
            "agencyId": 0,
            "stateId": 10,
            "districtId": 166,
            "tahsilId": 2415,
            "lat": "0°0'0'",
            "longitude": "0°0'0'",
            "refToposheetNo": "",
            "altitude": 0.0,
            "zeroRl": null,
            "basinId": 0,
            "riverId": 0,
            "tributaryId": 0,
            "subTributaryId": null,
            "subSubTributaryId": null,
            "localRiverId": 0,
            "catchmentArea": 0.0,
            "regionalOfficeId": 12,
            "circleOfficeId": 18,
            "divisionalOfficeId": 54,
            "subDivisionalOfficeId": 163,
            "sectionOfficeId": 266,
            "ownerAgencyId": 3,
            "locationDetails": "",
            "busStand": "",
            "station": "",
            "airport": "",
            "town": "",
            "address": "",
            "otherInformation": "",
            "stationSetup": "",
            "accessibility": "",
            "stationHistory": null,
            "dateOfEstablishment": null,
            "dateOfClosure": null,
            "waterLevelManual": null,
            "waterLevelManualStart": null,
            "waterLevelManualEnd": null,
            "waterLevelAuto": null,
            "waterLevelAutoStart": null,
            "waterLevelAutoEnd": null,
            "discharge": null,
            "dischargeStart": null,
            "dischargeEnd": null,
            "dischargeCm": null,
            "dischargeCmStart": null,
            "dischargeCmEnd": null,
            "sediment": null,
            "sedimentStart": null,
            "sedimentEnd": null,
            "waterQuality": null,
            "waterQualityStart": null,
            "waterQualityEnd": null,
            "rainfallManual": null,
            "rainfallManualStart": null,
            "rainfallManualEnd": null,
            "rainfallAuto": null,
            "rainfallAutoStart": null,
            "rainfallAutoEnd": null,
            "climaticManual": null,
            "climaticManualStart": null,
            "climaticManualEnd": null,
            "climaticAuto": null,
            "climaticAutoStart": null,
            "climaticAutoEnd": null,
            "catDomain": null,
            "catDomainGw": true,
            "catMet": null,
            "catWq": null,
            "catDomainInfo": null,
            "catMetInfo": null,
            "catWqInfo": null,
            "mc": 0,
            "sc": 0,
            "cw": 0,
            "wqYesNo": true,
            "distanceToOutlet": null,
            "dwlrNo": "",
            "dwlrType": "",
            "transferSelected": true,
            "swNetworkType": null,
            "metNetworkType": null,
            "wqNetworkType": null,
            "stationOperational": null,
            "bank": null,
            "swStationOwner": null,
            "metStationOwner": null,
            "wqStationOwner": null,
            "createdOn": "2024-06-12T15:42:54",
            "createdBy": null,
            "updatedOn": null,
            "updatedBy": null,
            "maxRainfallDate": null,
            "maxClimaticDate": null,
            "wimsCode": "ABC112323"
        },
        {
            "stationId": 46,
            "stationCode": "Hirebagewadi",
            "stationName": "Hirebagewadi",
            "agencyId": 3,
            "stateId": 10,
            "districtId": 167,
            "tahsilId": 2419,
            "lat": "15°46'18'",
            "longitude": "74°38'51'",
            "refToposheetNo": "48I-9",
            "altitude": 670.7,
            "zeroRl": null,
            "basinId": 7,
            "riverId": 21,
            "tributaryId": 182,
            "subTributaryId": null,
            "subSubTributaryId": null,
            "localRiverId": 0,
            "catchmentArea": 0.0,
            "regionalOfficeId": 12,
            "circleOfficeId": 19,
            "divisionalOfficeId": 54,
            "subDivisionalOfficeId": null,
            "sectionOfficeId": null,
            "ownerAgencyId": 3,
            "locationDetails": "P.H.C. Hirebagewadi",
            "busStand": "Hirebagewadi",
            "station": "Hirebagewadi",
            "airport": "Sambra",
            "town": "Belgaum",
            "address": "P.H.C. Hirebagewadi",
            "otherInformation": "N/A",
            "stationSetup": "SRG",
            "accessibility": "Road",
            "stationHistory": "N/A",
            "dateOfEstablishment": "1988-06-01T00:00:00",
            "dateOfClosure": null,
            "waterLevelManual": false,
            "waterLevelManualStart": null,
            "waterLevelManualEnd": null,
            "waterLevelAuto": false,
            "waterLevelAutoStart": null,
            "waterLevelAutoEnd": null,
            "discharge": false,
            "dischargeStart": null,
            "dischargeEnd": null,
            "dischargeCm": false,
            "dischargeCmStart": null,
            "dischargeCmEnd": null,
            "sediment": false,
            "sedimentStart": null,
            "sedimentEnd": null,
            "waterQuality": false,
            "waterQualityStart": null,
            "waterQualityEnd": null,
            "rainfallManual": true,
            "rainfallManualStart": "1988-06-01T00:00:00",
            "rainfallManualEnd": null,
            "rainfallAuto": false,
            "rainfallAutoStart": null,
            "rainfallAutoEnd": null,
            "climaticManual": false,
            "climaticManualStart": null,
            "climaticManualEnd": null,
            "climaticAuto": false,
            "climaticAutoStart": null,
            "climaticAutoEnd": null,
            "catDomain": false,
            "catDomainGw": true,
            "catMet": true,
            "catWq": false,
            "catDomainInfo": null,
            "catMetInfo": null,
            "catWqInfo": null,
            "mc": 0,
            "sc": 0,
            "cw": 0,
            "wqYesNo": true,
            "distanceToOutlet": null,
            "dwlrNo": "",
            "dwlrType": "",
            "transferSelected": true,
            "swNetworkType": null,
            "metNetworkType": 12,
            "wqNetworkType": null,
            "stationOperational": true,
            "bank": "N/A",
            "swStationOwner": null,
            "metStationOwner": null,
            "wqStationOwner": null,
            "createdOn": null,
            "createdBy": null,
            "updatedOn": "2024-06-13T14:19:53",
            "updatedBy": null,
            "maxRainfallDate": "2015-12-31T08:30:00",
            "maxClimaticDate": null,
            "wimsCode": "KK3HWBB188"
        },
        {
            "stationId": 2,
            "stationCode": "Almatti",
            "stationName": "Almatti",
            "agencyId": 14,
            "stateId": 10,
            "districtId": 164,
            "tahsilId": 2393,
            "lat": "16°30'18'",
            "longitude": "75°55'28'",
            "refToposheetNo": "321",
            "altitude": 3010.0,
            "zeroRl": null,
            "basinId": 9,
            "riverId": 236,
            "tributaryId": 0,
            "subTributaryId": 711,
            "subSubTributaryId": 738,
            "localRiverId": 719,
            "catchmentArea": 1000.0,
            "regionalOfficeId": null,
            "circleOfficeId": null,
            "divisionalOfficeId": null,
            "subDivisionalOfficeId": null,
            "sectionOfficeId": null,
            "ownerAgencyId": 14,
            "locationDetails": "Located in the Upper Krishna Project Colony Almatti",
            "busStand": "Almatti",
            "station": "Bijapur",
            "airport": "Bombay",
            "town": "Bijapur",
            "address": "Upper Krishna Project Colony Almatti",
            "otherInformation": "Test",
            "stationSetup": "FCS",
            "accessibility": "By Road",
            "stationHistory": "N/A",
            "dateOfEstablishment": "2024-06-09T19:17:18",
            "dateOfClosure": null,
            "waterLevelManual": true,
            "waterLevelManualStart": "2024-06-11T00:00:00",
            "waterLevelManualEnd": "2024-06-20T12:50:45",
            "waterLevelAuto": false,
            "waterLevelAutoStart": null,
            "waterLevelAutoEnd": null,
            "discharge": true,
            "dischargeStart": "2024-06-09T13:47:23",
            "dischargeEnd": "2029-06-29T00:00:00",
            "dischargeCm": false,
            "dischargeCmStart": null,
            "dischargeCmEnd": null,
            "sediment": false,
            "sedimentStart": null,
            "sedimentEnd": null,
            "waterQuality": false,
            "waterQualityStart": null,
            "waterQualityEnd": null,
            "rainfallManual": false,
            "rainfallManualStart": null,
            "rainfallManualEnd": null,
            "rainfallAuto": false,
            "rainfallAutoStart": null,
            "rainfallAutoEnd": null,
            "climaticManual": false,
            "climaticManualStart": null,
            "climaticManualEnd": null,
            "climaticAuto": false,
            "climaticAutoStart": null,
            "climaticAutoEnd": null,
            "catDomain": false,
            "catDomainGw": true,
            "catMet": true,
            "catWq": false,
            "catDomainInfo": null,
            "catMetInfo": null,
            "catWqInfo": null,
            "mc": 22,
            "sc": 0,
            "cw": 0,
            "wqYesNo": true,
            "distanceToOutlet": 213.0,
            "dwlrNo": "",
            "dwlrType": "",
            "transferSelected": true,
            "swNetworkType": null,
            "metNetworkType": 11,
            "wqNetworkType": null,
            "stationOperational": true,
            "bank": "1",
            "swStationOwner": null,
            "metStationOwner": 16,
            "wqStationOwner": null,
            "createdOn": null,
            "createdBy": null,
            "updatedOn": "2024-06-13T16:37:44",
            "updatedBy": null,
            "maxRainfallDate": "2024-12-31T03:00:00",
            "maxClimaticDate": "2024-07-31T17:30:00",
            "wimsCode": "KK5ABKN882"
        },
        {
            "stationId": 76,
            "stationCode": "Kudachi (M)",
            "stationName": "Kudachi",
            "agencyId": 3,
            "stateId": 10,
            "districtId": 167,
            "tahsilId": 2424,
            "lat": "16°37'30\"",
            "longitude": "74°51'23\"",
            "refToposheetNo": "47L-14",
            "altitude": 545.49,
            "zeroRl": 0,
            "basinId": 7,
            "riverId": 21,
            "tributaryId": null,
            "subTributaryId": null,
            "subSubTributaryId": null,
            "localRiverId": null,
            "catchmentArea": null,
            "regionalOfficeId": 12,
            "circleOfficeId": 19,
            "divisionalOfficeId": 54,
            "subDivisionalOfficeId": null,
            "sectionOfficeId": null,
            "ownerAgencyId": 3,
            "locationDetails": "Located in the premises of Inspection Bunglow Kudachi",
            "busStand": "Raibag",
            "station": "Belgaum",
            "airport": "Bombay",
            "town": "Belgaum",
            "address": "Inspection Bunglow  premises Kudachi",
            "otherInformation": null,
            "stationSetup": "FCS",
            "accessibility": "By Road",
            "stationHistory": null,
            "dateOfEstablishment": "2022-01-01T00:00:00",
            "dateOfClosure": null,
            "waterLevelManual": false,
            "waterLevelManualStart": null,
            "waterLevelManualEnd": null,
            "waterLevelAuto": false,
            "waterLevelAutoStart": null,
            "waterLevelAutoEnd": null,
            "discharge": false,
            "dischargeStart": null,
            "dischargeEnd": null,
            "dischargeCm": false,
            "dischargeCmStart": null,
            "dischargeCmEnd": null,
            "sediment": false,
            "sedimentStart": null,
            "sedimentEnd": null,
            "waterQuality": false,
            "waterQualityStart": null,
            "waterQualityEnd": null,
            "rainfallManual": true,
            "rainfallManualStart": "2062-01-01T00:00:00",
            "rainfallManualEnd": null,
            "rainfallAuto": true,
            "rainfallAutoStart": "1990-01-01T00:00:00",
            "rainfallAutoEnd": null,
            "climaticManual": true,
            "climaticManualStart": "1990-01-01T00:00:00",
            "climaticManualEnd": null,
            "climaticAuto": true,
            "climaticAutoStart": "1990-01-01T00:00:00",
            "climaticAutoEnd": null,
            "catDomain": false,
            "catDomainGw": false,
            "catMet": true,
            "catWq": false,
            "catDomainInfo": null,
            "catMetInfo": "Ordinary Climatological (Class III)",
            "catWqInfo": null,
            "mc": null,
            "sc": null,
            "cw": null,
            "wqYesNo": false,
            "distanceToOutlet": null,
            "dwlrNo": null,
            "dwlrType": null,
            "transferSelected": false,
            "swNetworkType": null,
            "metNetworkType": 12,
            "wqNetworkType": null,
            "stationOperational": true,
            "bank": null,
            "swStationOwner": null,
            "metStationOwner": null,
            "wqStationOwner": null,
            "createdOn": null,
            "createdBy": null,
            "updatedOn": null,
            "updatedBy": null,
            "maxRainfallDate": "2015-12-31T08:30:00",
            "maxClimaticDate": "2024-06-14T17:38:08.334",
            "wimsCode": null
        },
        {
            "stationId": 166,
            "stationCode": "TestBabita",
            "stationName": "TestBabita",
            "agencyId": 0,
            "stateId": 10,
            "districtId": 630,
            "tahsilId": 5323,
            "lat": "0°0'0'",
            "longitude": "0°0'0'",
            "refToposheetNo": "",
            "altitude": 0.0,
            "zeroRl": null,
            "basinId": 0,
            "riverId": 0,
            "tributaryId": 0,
            "subTributaryId": null,
            "subSubTributaryId": null,
            "localRiverId": 0,
            "catchmentArea": 0.0,
            "regionalOfficeId": null,
            "circleOfficeId": null,
            "divisionalOfficeId": null,
            "subDivisionalOfficeId": null,
            "sectionOfficeId": null,
            "ownerAgencyId": null,
            "locationDetails": "test micro babita",
            "busStand": "N/A",
            "station": "N/A",
            "airport": "N/A",
            "town": "N/A",
            "address": "N/A",
            "otherInformation": "N/A",
            "stationSetup": "N/A",
            "accessibility": "N/A",
            "stationHistory": "N/A",
            "dateOfEstablishment": null,
            "dateOfClosure": null,
            "waterLevelManual": null,
            "waterLevelManualStart": null,
            "waterLevelManualEnd": null,
            "waterLevelAuto": null,
            "waterLevelAutoStart": null,
            "waterLevelAutoEnd": null,
            "discharge": null,
            "dischargeStart": null,
            "dischargeEnd": null,
            "dischargeCm": null,
            "dischargeCmStart": null,
            "dischargeCmEnd": null,
            "sediment": null,
            "sedimentStart": null,
            "sedimentEnd": null,
            "waterQuality": null,
            "waterQualityStart": null,
            "waterQualityEnd": null,
            "rainfallManual": null,
            "rainfallManualStart": null,
            "rainfallManualEnd": null,
            "rainfallAuto": null,
            "rainfallAutoStart": null,
            "rainfallAutoEnd": null,
            "climaticManual": null,
            "climaticManualStart": null,
            "climaticManualEnd": null,
            "climaticAuto": null,
            "climaticAutoStart": null,
            "climaticAutoEnd": null,
            "catDomain": null,
            "catDomainGw": true,
            "catMet": null,
            "catWq": null,
            "catDomainInfo": null,
            "catMetInfo": null,
            "catWqInfo": null,
            "mc": 0,
            "sc": 0,
            "cw": 0,
            "wqYesNo": true,
            "distanceToOutlet": null,
            "dwlrNo": "",
            "dwlrType": "",
            "transferSelected": true,
            "swNetworkType": null,
            "metNetworkType": null,
            "wqNetworkType": null,
            "stationOperational": null,
            "bank": "N/A",
            "swStationOwner": null,
            "metStationOwner": null,
            "wqStationOwner": null,
            "createdOn": null,
            "createdBy": null,
            "updatedOn": "2024-06-15T16:02:16",
            "updatedBy": null,
            "maxRainfallDate": "2001-12-31T03:00:00",
            "maxClimaticDate": "2024-06-14T17:38:08.334",
            "wimsCode": "12345"
        },
        {
            "stationId": 165,
            "stationCode": "23",
            "stationName": "TestBabitaStation",
            "agencyId": 26,
            "stateId": 10,
            "districtId": 630,
            "tahsilId": 5323,
            "lat": "16°30'18'",
            "longitude": "75°55'28'",
            "refToposheetNo": "321",
            "altitude": 3010.0,
            "zeroRl": null,
            "basinId": 23,
            "riverId": 250,
            "tributaryId": 653,
            "subTributaryId": 715,
            "subSubTributaryId": 742,
            "localRiverId": 724,
            "catchmentArea": 1000.0,
            "regionalOfficeId": 23,
            "circleOfficeId": 30,
            "divisionalOfficeId": 64,
            "subDivisionalOfficeId": 246,
            "sectionOfficeId": 267,
            "ownerAgencyId": 26,
            "locationDetails": "Delhi",
            "busStand": "Delhi",
            "station": "New Delhi",
            "airport": "New Delhi",
            "town": "Delhi",
            "address": "Delhi",
            "otherInformation": "delhi",
            "stationSetup": "N/Agbf",
            "accessibility": "N/A",
            "stationHistory": "N/A",
            "dateOfEstablishment": "2020-01-01T12:50:43",
            "dateOfClosure": null,
            "waterLevelManual": false,
            "waterLevelManualStart": null,
            "waterLevelManualEnd": null,
            "waterLevelAuto": false,
            "waterLevelAutoStart": null,
            "waterLevelAutoEnd": null,
            "discharge": false,
            "dischargeStart": null,
            "dischargeEnd": null,
            "dischargeCm": false,
            "dischargeCmStart": null,
            "dischargeCmEnd": null,
            "sediment": false,
            "sedimentStart": null,
            "sedimentEnd": null,
            "waterQuality": false,
            "waterQualityStart": null,
            "waterQualityEnd": null,
            "rainfallManual": true,
            "rainfallManualStart": "2020-01-01T17:14:14",
            "rainfallManualEnd": null,
            "rainfallAuto": true,
            "rainfallAutoStart": "2020-01-01T17:14:14",
            "rainfallAutoEnd": null,
            "climaticManual": false,
            "climaticManualStart": null,
            "climaticManualEnd": null,
            "climaticAuto": false,
            "climaticAutoStart": null,
            "climaticAutoEnd": null,
            "catDomain": true,
            "catDomainGw": true,
            "catMet": true,
            "catWq": false,
            "catDomainInfo": null,
            "catMetInfo": null,
            "catWqInfo": null,
            "mc": 29,
            "sc": 8,
            "cw": 35,
            "wqYesNo": true,
            "distanceToOutlet": 213.0,
            "dwlrNo": "",
            "dwlrType": "",
            "transferSelected": true,
            "swNetworkType": 9,
            "metNetworkType": 9,
            "wqNetworkType": 9,
            "stationOperational": false,
            "bank": "2",
            "swStationOwner": 19,
            "metStationOwner": 19,
            "wqStationOwner": 19,
            "createdOn": null,
            "createdBy": null,
            "updatedOn": "2024-06-15T17:45:03",
            "updatedBy": null,
            "maxRainfallDate": null,
            "maxClimaticDate": "2024-06-14T17:38:08.334",
            "wimsCode": "Test123"
        }
    ],
    "message": "Master Station Data",
    "txnId": "NA"
}
status code is 
200
Response Time is 
243
HTTP/1.1 200 OK
Name of test method sucessfully executed:get_DownloadMasterDetails
]]></system-out>
  </testcase>
  <testcase name="get_getobsdata" classname="com.swades.master.testCases.GET_getobsdata" time="0.209">
    <system-out><![CDATA[Name of test method started:get_getobsdata
Request method:	GET
Request URI:	http://20.198.96.251:9090/data/v1/api/get-obs-data?stationId=138&datatypeId=15&year=1998&month=9&year2=2002&month2=12
Proxy:			<none>
Request params:	<none>
Query params:	stationId=138
				datatypeId=15
				year=1998
				month=9
				year2=2002
				month2=12
Form params:	<none>
Path params:	<none>
Headers:		Authorization=Bearer eyJhbGciOiJIUzI1NiJ9.eyJzdWIiOiJRQVRlc3QiLCJpYXQiOjE3MTg2OTQ1NTMsImV4cCI6NTAwMDAxNzE4Njk0NTUzfQ.FiTkn6nPvHOJQqYBIMxSMxeS6CsvgBRT9yseH3gE5Zg
				Accept=*/*
				Content-Type=application/json
Cookies:		<none>
Multiparts:		<none>
Body:			<none>
{
    "data": [
        {
            "obsdataId": 46,
            "stationId": 138,
            "datatypeId": 15,
            "frequency": 4,
            "dateTime1": "2002-11-03T09:00:00",
            "time2": 180,
            "time3": 360,
            "time4": 540,
            "value1": 0.00,
            "value2": 0.00,
            "value3": 0.00,
            "value4": 0.00,
            "remarks": null,
            "createdBy": null,
            "createdOn": "2002-11-03T09:00:00",
            "updatedBy": null,
            "updatedOn": null,
            "lastSyncDate": null,
            "rlOfZeroGauge": 525.33,
            "rwaterTemp": null,
            "atempMax": null,
            "atempMin": null
        },
        {
            "obsdataId": 62,
            "stationId": 138,
            "datatypeId": 15,
            "frequency": 4,
            "dateTime1": "1998-09-12T09:00:00",
            "time2": 180,
            "time3": 360,
            "time4": 540,
            "value1": 0.00,
            "value2": 0.00,
            "value3": 0.00,
            "value4": 0.00,
            "remarks": null,
            "createdBy": null,
            "createdOn": "1998-09-12T09:00:00",
            "updatedBy": null,
            "updatedOn": null,
            "lastSyncDate": null,
            "rlOfZeroGauge": null,
            "rwaterTemp": null,
            "atempMax": null,
            "atempMin": null
        },
        {
            "obsdataId": 104,
            "stationId": 138,
            "datatypeId": 15,
            "frequency": 4,
            "dateTime1": "2002-07-25T09:00:00",
            "time2": 180,
            "time3": 360,
            "time4": 540,
            "value1": -0.32,
            "value2": -0.32,
            "value3": -0.32,
            "value4": -0.32,
            "remarks": null,
            "createdBy": null,
            "createdOn": "2002-07-25T09:00:00",
            "updatedBy": null,
            "updatedOn": null,
            "lastSyncDate": null,
            "rlOfZeroGauge": 525.33,
            "rwaterTemp": null,
            "atempMax": null,
            "atempMin": null
        },
        {
            "obsdataId": 189,
            "stationId": 138,
            "datatypeId": 15,
            "frequency": 4,
            "dateTime1": "2002-01-28T09:00:00",
            "time2": 180,
            "time3": 360,
            "time4": 540,
            "value1": 0.04,
            "value2": 0.04,
            "value3": 0.04,
            "value4": 0.04,
            "remarks": null,
            "createdBy": null,
            "createdOn": "2002-01-28T09:00:00",
            "updatedBy": null,
            "updatedOn": null,
            "lastSyncDate": null,
            "rlOfZeroGauge": 525.33,
            "rwaterTemp": null,
            "atempMax": null,
            "atempMin": null
        },
        {
            "obsdataId": 250,
            "stationId": 138,
            "datatypeId": 15,
            "frequency": 4,
            "dateTime1": "2002-12-18T09:00:00",
            "time2": 180,
            "time3": 360,
            "time4": 540,
            "value1": 0.00,
            "value2": 0.00,
            "value3": 0.00,
            "value4": 0.00,
            "remarks": null,
            "createdBy": null,
            "createdOn": "2002-12-18T09:00:00",
            "updatedBy": null,
            "updatedOn": null,
            "lastSyncDate": null,
            "rlOfZeroGauge": 525.33,
            "rwaterTemp": null,
            "atempMax": null,
            "atempMin": null
        },
        {
            "obsdataId": 275,
            "stationId": 138,
            "datatypeId": 15,
            "frequency": 4,
            "dateTime1": "2002-10-27T09:00:00",
            "time2": 180,
            "time3": 360,
            "time4": 540,
            "value1": 0.00,
            "value2": 0.00,
            "value3": 0.00,
            "value4": 0.00,
            "remarks": null,
            "createdBy": null,
            "createdOn": "2002-10-27T09:00:00",
            "updatedBy": null,
            "updatedOn": null,
            "lastSyncDate": null,
            "rlOfZeroGauge": 525.33,
            "rwaterTemp": null,
            "atempMax": null,
            "atempMin": null
        },
        {
            "obsdataId": 289,
            "stationId": 138,
            "datatypeId": 15,
            "frequency": 4,
            "dateTime1": "2002-11-23T09:00:00",
            "time2": 180,
            "time3": 360,
            "time4": 540,
            "value1": 0.00,
            "value2": 0.00,
            "value3": 0.00,
            "value4": 0.00,
            "remarks": null,
            "createdBy": null,
            "createdOn": "2002-11-23T09:00:00",
            "updatedBy": null,
            "updatedOn": null,
            "lastSyncDate": null,
            "rlOfZeroGauge": 525.33,
            "rwaterTemp": null,
            "atempMax": null,
            "atempMin": null
        },
        {
            "obsdataId": 396,
            "stationId": 138,
            "datatypeId": 15,
            "frequency": 4,
            "dateTime1": "2002-08-01T09:00:00",
            "time2": 180,
            "time3": 360,
            "time4": 540,
            "value1": -0.32,
            "value2": -0.32,
            "value3": -0.32,
            "value4": -0.32,
            "remarks": null,
            "createdBy": null,
            "createdOn": "2002-08-01T09:00:00",
            "updatedBy": null,
            "updatedOn": null,
            "lastSyncDate": null,
            "rlOfZeroGauge": 525.33,
            "rwaterTemp": null,
            "atempMax": null,
            "atempMin": null
        },
        {
            "obsdataId": 578,
            "stationId": 138,
            "datatypeId": 15,
            "frequency": 4,
            "dateTime1": "2002-06-07T09:00:00",
            "time2": 180,
            "time3": 360,
            "time4": 540,
            "value1": 0.00,
            "value2": 0.00,
            "value3": 0.00,
            "value4": 0.00,
            "remarks": null,
            "createdBy": null,
            "createdOn": "2002-06-07T09:00:00",
            "updatedBy": null,
            "updatedOn": null,
            "lastSyncDate": null,
            "rlOfZeroGauge": 525.33,
            "rwaterTemp": null,
            "atempMax": null,
            "atempMin": null
        },
        {
            "obsdataId": 679,
            "stationId": 138,
            "datatypeId": 15,
            "frequency": 4,
            "dateTime1": "2002-01-15T09:00:00",
            "time2": 180,
            "time3": 360,
            "time4": 540,
            "value1": 0.10,
            "value2": 0.10,
            "value3": 0.10,
            "value4": 0.10,
            "remarks": null,
            "createdBy": null,
            "createdOn": "2002-01-15T09:00:00",
            "updatedBy": null,
            "updatedOn": null,
            "lastSyncDate": null,
            "rlOfZeroGauge": 525.33,
            "rwaterTemp": null,
            "atempMax": null,
            "atempMin": null
        },
        {
            "obsdataId": 701,
            "stationId": 138,
            "datatypeId": 15,
            "frequency": 4,
            "dateTime1": "2002-09-26T09:00:00",
            "time2": 180,
            "time3": 360,
            "time4": 540,
            "value1": 1.93,
            "value2": 1.93,
            "value3": 1.93,
            "value4": 1.93,
            "remarks": null,
            "createdBy": null,
            "createdOn": "2002-09-26T09:00:00",
            "updatedBy": null,
            "updatedOn": null,
            "lastSyncDate": null,
            "rlOfZeroGauge": 525.33,
            "rwaterTemp": null,
            "atempMax": null,
            "atempMin": null
        },
        {
            "obsdataId": 911,
            "stationId": 138,
            "datatypeId": 15,
            "frequency": 4,
            "dateTime1": "2002-01-20T09:00:00",
            "time2": 180,
            "time3": 360,
            "time4": 540,
            "value1": 0.06,
            "value2": 0.06,
            "value3": 0.06,
            "value4": 0.06,
            "remarks": null,
            "createdBy": null,
            "createdOn": "2002-01-20T09:00:00",
            "updatedBy": null,
            "updatedOn": null,
            "lastSyncDate": null,
            "rlOfZeroGauge": 525.33,
            "rwaterTemp": null,
            "atempMax": null,
            "atempMin": null
        },
        {
            "obsdataId": 940,
            "stationId": 138,
            "datatypeId": 15,
            "frequency": 4,
            "dateTime1": "2002-09-05T09:00:00",
            "time2": 180,
            "time3": 360,
            "time4": 540,
            "value1": 1.83,
            "value2": 1.83,
            "value3": 1.83,
            "value4": 1.83,
            "remarks": null,
            "createdBy": null,
            "createdOn": "2002-09-05T09:00:00",
            "updatedBy": null,
            "updatedOn": null,
            "lastSyncDate": null,
            "rlOfZeroGauge": 525.33,
            "rwaterTemp": null,
            "atempMax": null,
            "atempMin": null
        },
        {
            "obsdataId": 1297,
            "stationId": 138,
            "datatypeId": 15,
            "frequency": 4,
            "dateTime1": "2002-02-19T09:00:00",
            "time2": 180,
            "time3": 360,
            "time4": 540,
            "value1": -0.32,
            "value2": -0.32,
            "value3": -0.32,
            "value4": -0.32,
            "remarks": null,
            "createdBy": null,
            "createdOn": "2002-02-19T09:00:00",
            "updatedBy": null,
            "updatedOn": null,
            "lastSyncDate": null,
            "rlOfZeroGauge": 525.33,
            "rwaterTemp": null,
            "atempMax": null,
            "atempMin": null
        },
        {
            "obsdataId": 1335,
            "stationId": 138,
            "datatypeId": 15,
            "frequency": 4,
            "dateTime1": "2002-08-15T09:00:00",
            "time2": 180,
            "time3": 360,
            "time4": 540,
            "value1": 0.16,
            "value2": 0.16,
            "value3": 0.16,
            "value4": 0.16,
            "remarks": null,
            "createdBy": null,
            "createdOn": "2002-08-15T09:00:00",
            "updatedBy": null,
            "updatedOn": null,
            "lastSyncDate": null,
            "rlOfZeroGauge": 525.33,
            "rwaterTemp": null,
            "atempMax": null,
            "atempMin": null
        },
        {
            "obsdataId": 1519,
            "stationId": 138,
            "datatypeId": 15,
            "frequency": 4,
            "dateTime1": "2002-12-30T09:00:00",
            "time2": 180,
            "time3": 360,
            "time4": 540,
            "value1": 0.00,
            "value2": 0.00,
            "value3": 0.00,
            "value4": 0.00,
            "remarks": null,
            "createdBy": null,
            "createdOn": "2002-12-30T09:00:00",
            "updatedBy": null,
            "updatedOn": null,
            "lastSyncDate": null,
            "rlOfZeroGauge": 525.33,
            "rwaterTemp": null,
            "atempMax": null,
            "atempMin": null
        },
        {
            "obsdataId": 1556,
            "stationId": 138,
            "datatypeId": 15,
            "frequency": 4,
            "dateTime1": "2002-08-20T09:00:00",
            "time2": 180,
            "time3": 360,
            "time4": 540,
            "value1": 0.03,
            "value2": 0.03,
            "value3": 0.03,
            "value4": 0.03,
            "remarks": null,
            "createdBy": null,
            "createdOn": "2002-08-20T09:00:00",
            "updatedBy": null,
            "updatedOn": null,
            "lastSyncDate": null,
            "rlOfZeroGauge": 525.33,
            "rwaterTemp": null,
            "atempMax": null,
            "atempMin": null
        },
        {
            "obsdataId": 1586,
            "stationId": 138,
            "datatypeId": 15,
            "frequency": 4,
            "dateTime1": "2002-12-24T09:00:00",
            "time2": 180,
            "time3": 360,
            "time4": 540,
            "value1": 0.00,
            "value2": 0.00,
            "value3": 0.00,
            "value4": 0.00,
            "remarks": null,
            "createdBy": null,
            "createdOn": "2002-12-24T09:00:00",
            "updatedBy": null,
            "updatedOn": null,
            "lastSyncDate": null,
            "rlOfZeroGauge": 525.33,
            "rwaterTemp": null,
            "atempMax": null,
            "atempMin": null
        },
        {
            "obsdataId": 1703,
            "stationId": 138,
            "datatypeId": 15,
            "frequency": 4,
            "dateTime1": "2002-08-28T09:00:00",
            "time2": 180,
            "time3": 360,
            "time4": 540,
            "value1": 2.18,
            "value2": 2.18,
            "value3": 2.18,
            "value4": 2.18,
            "remarks": null,
            "createdBy": null,
            "createdOn": "2002-08-28T09:00:00",
            "updatedBy": null,
            "updatedOn": null,
            "lastSyncDate": null,
            "rlOfZeroGauge": 525.33,
            "rwaterTemp": null,
            "atempMax": null,
            "atempMin": null
        },
        {
            "obsdataId": 1717,
            "stationId": 138,
            "datatypeId": 15,
            "frequency": 4,
            "dateTime1": "2002-10-03T09:00:00",
            "time2": 180,
            "time3": 360,
            "time4": 540,
            "value1": 0.00,
            "value2": 0.00,
            "value3": 0.00,
            "value4": 0.00,
            "remarks": null,
            "createdBy": null,
            "createdOn": "2002-10-03T09:00:00",
            "updatedBy": null,
            "updatedOn": null,
            "lastSyncDate": null,
            "rlOfZeroGauge": 525.33,
            "rwaterTemp": null,
            "atempMax": null,
            "atempMin": null
        },
        {
            "obsdataId": 1737,
            "stationId": 138,
            "datatypeId": 15,
            "frequency": 4,
            "dateTime1": "2002-12-09T09:00:00",
            "time2": 180,
            "time3": 360,
            "time4": 540,
            "value1": 0.00,
            "value2": 0.00,
            "value3": 0.00,
            "value4": 0.00,
            "remarks": null,
            "createdBy": null,
            "createdOn": "2002-12-09T09:00:00",
            "updatedBy": null,
            "updatedOn": null,
            "lastSyncDate": null,
            "rlOfZeroGauge": 525.33,
            "rwaterTemp": null,
            "atempMax": null,
            "atempMin": null
        },
        {
            "obsdataId": 1774,
            "stationId": 138,
            "datatypeId": 15,
            "frequency": 4,
            "dateTime1": "2002-06-29T09:00:00",
            "time2": 180,
            "time3": 360,
            "time4": 540,
            "value1": 0.02,
            "value2": 0.02,
            "value3": 0.02,
            "value4": 0.02,
            "remarks": null,
            "createdBy": null,
            "createdOn": "2002-06-29T09:00:00",
            "updatedBy": null,
            "updatedOn": null,
            "lastSyncDate": null,
            "rlOfZeroGauge": 525.33,
            "rwaterTemp": null,
            "atempMax": null,
            "atempMin": null
        },
        {
            "obsdataId": 1913,
            "stationId": 138,
            "datatypeId": 15,
            "frequency": 4,
            "dateTime1": "2002-11-27T09:00:00",
            "time2": 180,
            "time3": 360,
            "time4": 540,
            "value1": 0.00,
            "value2": 0.00,
            "value3": 0.00,
            "value4": 0.00,
            "remarks": null,
            "createdBy": null,
            "createdOn": "2002-11-27T09:00:00",
            "updatedBy": null,
            "updatedOn": null,
            "lastSyncDate": null,
            "rlOfZeroGauge": 525.33,
            "rwaterTemp": null,
            "atempMax": null,
            "atempMin": null
        },
        {
            "obsdataId": 1996,
            "stationId": 138,
            "datatypeId": 15,
            "frequency": 4,
            "dateTime1": "2002-05-25T09:00:00",
            "time2": 180,
            "time3": 360,
            "time4": 540,
            "value1": -0.32,
            "value2": -0.32,
            "value3": -0.32,
            "value4": -0.32,
            "remarks": null,
            "createdBy": null,
            "createdOn": "2002-05-25T09:00:00",
            "updatedBy": null,
            "updatedOn": null,
            "lastSyncDate": null,
            "rlOfZeroGauge": 525.33,
            "rwaterTemp": null,
            "atempMax": null,
            "atempMin": null
        },
        {
            "obsdataId": 1998,
            "stationId": 138,
            "datatypeId": 15,
            "frequency": 4,
            "dateTime1": "2002-10-23T09:00:00",
            "time2": 180,
            "time3": 360,
            "time4": 540,
            "value1": 0.00,
            "value2": 0.00,
            "value3": 0.00,
            "value4": 0.00,
            "remarks": null,
            "createdBy": null,
            "createdOn": "2002-10-23T09:00:00",
            "updatedBy": null,
            "updatedOn": null,
            "lastSyncDate": null,
            "rlOfZeroGauge": 525.33,
            "rwaterTemp": null,
            "atempMax": null,
            "atempMin": null
        },
        {
            "obsdataId": 2093,
            "stationId": 138,
            "datatypeId": 15,
            "frequency": 4,
            "dateTime1": "2002-03-12T09:00:00",
            "time2": 180,
            "time3": 360,
            "time4": 540,
            "value1": -0.32,
            "value2": -0.32,
            "value3": -0.32,
            "value4": -0.32,
            "remarks": null,
            "createdBy": null,
            "createdOn": "2002-03-12T09:00:00",
            "updatedBy": null,
            "updatedOn": null,
            "lastSyncDate": null,
            "rlOfZeroGauge": 525.33,
            "rwaterTemp": null,
            "atempMax": null,
            "atempMin": null
        },
        {
            "obsdataId": 2200,
            "stationId": 138,
            "datatypeId": 15,
            "frequency": 4,
            "dateTime1": "2002-06-02T09:00:00",
            "time2": 180,
            "time3": 360,
            "time4": 540,
            "value1": -0.32,
            "value2": -0.32,
            "value3": -0.32,
            "value4": -0.32,
            "remarks": null,
            "createdBy": null,
            "createdOn": "2002-06-02T09:00:00",
            "updatedBy": null,
            "updatedOn": null,
            "lastSyncDate": null,
            "rlOfZeroGauge": 525.33,
            "rwaterTemp": null,
            "atempMax": null,
            "atempMin": null
        },
        {
            "obsdataId": 2257,
            "stationId": 138,
            "datatypeId": 15,
            "frequency": 4,
            "dateTime1": "2002-01-01T09:00:00",
            "time2": 180,
            "time3": 360,
            "time4": 540,
            "value1": 0.12,
            "value2": 0.12,
            "value3": 0.12,
            "value4": 0.12,
            "remarks": null,
            "createdBy": null,
            "createdOn": "2002-01-01T09:00:00",
            "updatedBy": null,
            "updatedOn": null,
            "lastSyncDate": null,
            "rlOfZeroGauge": 525.33,
            "rwaterTemp": null,
            "atempMax": null,
            "atempMin": null
        },
        {
            "obsdataId": 2383,
            "stationId": 138,
            "datatypeId": 15,
            "frequency": 4,
            "dateTime1": "2002-05-19T09:00:00",
            "time2": 180,
            "time3": 360,
            "time4": 540,
            "value1": -0.32,
            "value2": -0.32,
            "value3": -0.32,
            "value4": -0.32,
            "remarks": null,
            "createdBy": null,
            "createdOn": "2002-05-19T09:00:00",
            "updatedBy": null,
            "updatedOn": null,
            "lastSyncDate": null,
            "rlOfZeroGauge": 525.33,
            "rwaterTemp": null,
            "atempMax": null,
            "atempMin": null
        },
        {
            "obsdataId": 2540,
            "stationId": 138,
            "datatypeId": 15,
            "frequency": 4,
            "dateTime1": "2002-06-17T09:00:00",
            "time2": 180,
            "time3": 360,
            "time4": 540,
            "value1": -0.32,
            "value2": -0.32,
            "value3": -0.32,
            "value4": -0.32,
            "remarks": null,
            "createdBy": null,
            "createdOn": "2002-06-17T09:00:00",
            "updatedBy": null,
            "updatedOn": null,
            "lastSyncDate": null,
            "rlOfZeroGauge": 525.33,
            "rwaterTemp": null,
            "atempMax": null,
            "atempMin": null
        },
        {
            "obsdataId": 2635,
            "stationId": 138,
            "datatypeId": 15,
            "frequency": 4,
            "dateTime1": "2002-06-22T09:00:00",
            "time2": 180,
            "time3": 360,
            "time4": 540,
            "value1": -0.32,
            "value2": -0.32,
            "value3": -0.32,
            "value4": -0.32,
            "remarks": null,
            "createdBy": null,
            "createdOn": "2002-06-22T09:00:00",
            "updatedBy": null,
            "updatedOn": null,
            "lastSyncDate": null,
            "rlOfZeroGauge": 525.33,
            "rwaterTemp": null,
            "atempMax": null,
            "atempMin": null
        },
        {
            "obsdataId": 3171,
            "stationId": 138,
            "datatypeId": 15,
            "frequency": 4,
            "dateTime1": "1998-09-14T09:00:00",
            "time2": 180,
            "time3": 360,
            "time4": 540,
            "value1": 0.00,
            "value2": 0.00,
            "value3": 0.00,
            "value4": 0.00,
            "remarks": null,
            "createdBy": null,
            "createdOn": "1998-09-14T09:00:00",
            "updatedBy": null,
            "updatedOn": null,
            "lastSyncDate": null,
            "rlOfZeroGauge": null,
            "rwaterTemp": null,
            "atempMax": null,
            "atempMin": null
        },
        {
            "obsdataId": 3209,
            "stationId": 138,
            "datatypeId": 15,
            "frequency": 4,
            "dateTime1": "2002-04-27T09:00:00",
            "time2": 180,
            "time3": 360,
            "time4": 540,
            "value1": -0.32,
            "value2": -0.32,
            "value3": -0.32,
            "value4": -0.32,
            "remarks": null,
            "createdBy": null,
            "createdOn": "2002-04-27T09:00:00",
            "updatedBy": null,
            "updatedOn": null,
            "lastSyncDate": null,
            "rlOfZeroGauge": 525.33,
            "rwaterTemp": null,
            "atempMax": null,
            "atempMin": null
        },
        {
            "obsdataId": 3454,
            "stationId": 138,
            "datatypeId": 15,
            "frequency": 4,
            "dateTime1": "2002-02-25T09:00:00",
            "time2": 180,
            "time3": 360,
            "time4": 540,
            "value1": -0.32,
            "value2": -0.32,
            "value3": -0.32,
            "value4": -0.32,
            "remarks": null,
            "createdBy": null,
            "createdOn": "2002-02-25T09:00:00",
            "updatedBy": null,
            "updatedOn": null,
            "lastSyncDate": null,
            "rlOfZeroGauge": 525.33,
            "rwaterTemp": null,
            "atempMax": null,
            "atempMin": null
        },
        {
            "obsdataId": 3576,
            "stationId": 138,
            "datatypeId": 15,
            "frequency": 4,
            "dateTime1": "2002-06-06T09:00:00",
            "time2": 180,
            "time3": 360,
            "time4": 540,
            "value1": -0.32,
            "value2": -0.32,
            "value3": -0.32,
            "value4": -0.32,
            "remarks": null,
            "createdBy": null,
            "createdOn": "2002-06-06T09:00:00",
            "updatedBy": null,
            "updatedOn": null,
            "lastSyncDate": null,
            "rlOfZeroGauge": 525.33,
            "rwaterTemp": null,
            "atempMax": null,
            "atempMin": null
        },
        {
            "obsdataId": 3740,
            "stationId": 138,
            "datatypeId": 15,
            "frequency": 4,
            "dateTime1": "2002-04-23T09:00:00",
            "time2": 180,
            "time3": 360,
            "time4": 540,
            "value1": -0.32,
            "value2": -0.32,
            "value3": -0.32,
            "value4": -0.32,
            "remarks": null,
            "createdBy": null,
            "createdOn": "2002-04-23T09:00:00",
            "updatedBy": null,
            "updatedOn": null,
            "lastSyncDate": null,
            "rlOfZeroGauge": 525.33,
            "rwaterTemp": null,
            "atempMax": null,
            "atempMin": null
        },
        {
            "obsdataId": 3970,
            "stationId": 138,
            "datatypeId": 15,
            "frequency": 4,
            "dateTime1": "2002-03-14T09:00:00",
            "time2": 180,
            "time3": 360,
            "time4": 540,
            "value1": -0.32,
            "value2": -0.32,
            "value3": -0.32,
            "value4": -0.32,
            "remarks": null,
            "createdBy": null,
            "createdOn": "2002-03-14T09:00:00",
            "updatedBy": null,
            "updatedOn": null,
            "lastSyncDate": null,
            "rlOfZeroGauge": 525.33,
            "rwaterTemp": null,
            "atempMax": null,
            "atempMin": null
        },
        {
            "obsdataId": 4079,
            "stationId": 138,
            "datatypeId": 15,
            "frequency": 4,
            "dateTime1": "2002-04-03T09:00:00",
            "time2": 180,
            "time3": 360,
            "time4": 540,
            "value1": -0.32,
            "value2": -0.32,
            "value3": -0.32,
            "value4": -0.32,
            "remarks": null,
            "createdBy": null,
            "createdOn": "2002-04-03T09:00:00",
            "updatedBy": null,
            "updatedOn": null,
            "lastSyncDate": null,
            "rlOfZeroGauge": 525.33,
            "rwaterTemp": null,
            "atempMax": null,
            "atempMin": null
        },
        {
            "obsdataId": 4405,
            "stationId": 138,
            "datatypeId": 15,
            "frequency": 4,
            "dateTime1": "2002-07-19T09:00:00",
            "time2": 180,
            "time3": 360,
            "time4": 540,
            "value1": -0.32,
            "value2": -0.32,
            "value3": -0.32,
            "value4": -0.32,
            "remarks": null,
            "createdBy": null,
            "createdOn": "2002-07-19T09:00:00",
            "updatedBy": null,
            "updatedOn": null,
            "lastSyncDate": null,
            "rlOfZeroGauge": 525.33,
            "rwaterTemp": null,
            "atempMax": null,
            "atempMin": null
        },
        {
            "obsdataId": 4429,
            "stationId": 138,
            "datatypeId": 15,
            "frequency": 4,
            "dateTime1": "2002-06-16T09:00:00",
            "time2": 180,
            "time3": 360,
            "time4": 540,
            "value1": -0.32,
            "value2": -0.32,
            "value3": -0.32,
            "value4": -0.32,
            "remarks": null,
            "createdBy": null,
            "createdOn": "2002-06-16T09:00:00",
            "updatedBy": null,
            "updatedOn": null,
            "lastSyncDate": null,
            "rlOfZeroGauge": 525.33,
            "rwaterTemp": null,
            "atempMax": null,
            "atempMin": null
        },
        {
            "obsdataId": 4575,
            "stationId": 138,
            "datatypeId": 15,
            "frequency": 4,
            "dateTime1": "2002-06-13T09:00:00",
            "time2": 180,
            "time3": 360,
            "time4": 540,
            "value1": -0.07,
            "value2": -0.07,
            "value3": -0.07,
            "value4": -0.07,
            "remarks": null,
            "createdBy": null,
            "createdOn": "2002-06-13T09:00:00",
            "updatedBy": null,
            "updatedOn": null,
            "lastSyncDate": null,
            "rlOfZeroGauge": 525.33,
            "rwaterTemp": null,
            "atempMax": null,
            "atempMin": null
        },
        {
            "obsdataId": 4729,
            "stationId": 138,
            "datatypeId": 15,
            "frequency": 4,
            "dateTime1": "2002-12-04T09:00:00",
            "time2": 180,
            "time3": 360,
            "time4": 540,
            "value1": 0.00,
            "value2": 0.00,
            "value3": 0.00,
            "value4": 0.00,
            "remarks": null,
            "createdBy": null,
            "createdOn": "2002-12-04T09:00:00",
            "updatedBy": null,
            "updatedOn": null,
            "lastSyncDate": null,
            "rlOfZeroGauge": 525.33,
            "rwaterTemp": null,
            "atempMax": null,
            "atempMin": null
        },
        {
            "obsdataId": 4759,
            "stationId": 138,
            "datatypeId": 15,
            "frequency": 4,
            "dateTime1": "2002-10-01T09:00:00",
            "time2": 180,
            "time3": 360,
            "time4": 540,
            "value1": 0.00,
            "value2": 0.00,
            "value3": 0.00,
            "value4": 0.00,
            "remarks": null,
            "createdBy": null,
            "createdOn": "2002-10-01T09:00:00",
            "updatedBy": null,
            "updatedOn": null,
            "lastSyncDate": null,
            "rlOfZeroGauge": 525.33,
            "rwaterTemp": null,
            "atempMax": null,
            "atempMin": null
        },
        {
            "obsdataId": 4918,
            "stationId": 138,
            "datatypeId": 15,
            "frequency": 4,
            "dateTime1": "2002-07-06T09:00:00",
            "time2": 180,
            "time3": 360,
            "time4": 540,
            "value1": -0.32,
            "value2": -0.32,
            "value3": -0.32,
            "value4": -0.32,
            "remarks": null,
            "createdBy": null,
            "createdOn": "2002-07-06T09:00:00",
            "updatedBy": null,
            "updatedOn": null,
            "lastSyncDate": null,
            "rlOfZeroGauge": 525.33,
            "rwaterTemp": null,
            "atempMax": null,
            "atempMin": null
        },
        {
            "obsdataId": 4922,
            "stationId": 138,
            "datatypeId": 15,
            "frequency": 4,
            "dateTime1": "2002-02-02T09:00:00",
            "time2": 180,
            "time3": 360,
            "time4": 540,
            "value1": -0.01,
            "value2": -0.01,
            "value3": -0.01,
            "value4": -0.01,
            "remarks": null,
            "createdBy": null,
            "createdOn": "2002-02-02T09:00:00",
            "updatedBy": null,
            "updatedOn": null,
            "lastSyncDate": null,
            "rlOfZeroGauge": 525.33,
            "rwaterTemp": null,
            "atempMax": null,
            "atempMin": null
        },
        {
            "obsdataId": 4952,
            "stationId": 138,
            "datatypeId": 15,
            "frequency": 4,
            "dateTime1": "2002-01-23T09:00:00",
            "time2": 180,
            "time3": 360,
            "time4": 540,
            "value1": 0.05,
            "value2": 0.05,
            "value3": 0.05,
            "value4": 0.05,
            "remarks": null,
            "createdBy": null,
            "createdOn": "2002-01-23T09:00:00",
            "updatedBy": null,
            "updatedOn": null,
            "lastSyncDate": null,
            "rlOfZeroGauge": 525.33,
            "rwaterTemp": null,
            "atempMax": null,
            "atempMin": null
        },
        {
            "obsdataId": 5064,
            "stationId": 138,
            "datatypeId": 15,
            "frequency": 4,
            "dateTime1": "2002-11-28T09:00:00",
            "time2": 180,
            "time3": 360,
            "time4": 540,
            "value1": 0.00,
            "value2": 0.00,
            "value3": 0.00,
            "value4": 0.00,
            "remarks": null,
            "createdBy": null,
            "createdOn": "2002-11-28T09:00:00",
            "updatedBy": null,
            "updatedOn": null,
            "lastSyncDate": null,
            "rlOfZeroGauge": 525.33,
            "rwaterTemp": null,
            "atempMax": null,
            "atempMin": null
        },
        {
            "obsdataId": 5131,
            "stationId": 138,
            "datatypeId": 15,
            "frequency": 4,
            "dateTime1": "2002-09-14T09:00:00",
            "time2": 180,
            "time3": 360,
            "time4": 540,
            "value1": 1.58,
            "value2": 1.58,
            "value3": 1.58,
            "value4": 1.58,
            "remarks": null,
            "createdBy": null,
            "createdOn": "2002-09-14T09:00:00",
            "updatedBy": null,
            "updatedOn": null,
            "lastSyncDate": null,
            "rlOfZeroGauge": 525.33,
            "rwaterTemp": null,
            "atempMax": null,
            "atempMin": null
        },
        {
            "obsdataId": 5135,
            "stationId": 138,
            "datatypeId": 15,
            "frequency": 4,
            "dateTime1": "2002-08-27T09:00:00",
            "time2": 180,
            "time3": 360,
            "time4": 540,
            "value1": 2.48,
            "value2": 2.48,
            "value3": 2.48,
            "value4": 2.48,
            "remarks": null,
            "createdBy": null,
            "createdOn": "2002-08-27T09:00:00",
            "updatedBy": null,
            "updatedOn": null,
            "lastSyncDate": null,
            "rlOfZeroGauge": 525.33,
            "rwaterTemp": null,
            "atempMax": null,
            "atempMin": null
        },
        {
            "obsdataId": 5211,
            "stationId": 138,
            "datatypeId": 15,
            "frequency": 4,
            "dateTime1": "2002-01-03T09:00:00",
            "time2": 180,
            "time3": 360,
            "time4": 540,
            "value1": 0.11,
            "value2": 0.11,
            "value3": 0.11,
            "value4": 0.11,
            "remarks": null,
            "createdBy": null,
            "createdOn": "2002-01-03T09:00:00",
            "updatedBy": null,
            "updatedOn": null,
            "lastSyncDate": null,
            "rlOfZeroGauge": 525.33,
            "rwaterTemp": null,
            "atempMax": null,
            "atempMin": null
        },
        {
            "obsdataId": 5505,
            "stationId": 138,
            "datatypeId": 15,
            "frequency": 4,
            "dateTime1": "2002-11-20T09:00:00",
            "time2": 180,
            "time3": 360,
            "time4": 540,
            "value1": 0.00,
            "value2": 0.00,
            "value3": 0.00,
            "value4": 0.00,
            "remarks": null,
            "createdBy": null,
            "createdOn": "2002-11-20T09:00:00",
            "updatedBy": null,
            "updatedOn": null,
            "lastSyncDate": null,
            "rlOfZeroGauge": 525.33,
            "rwaterTemp": null,
            "atempMax": null,
            "atempMin": null
        },
        {
            "obsdataId": 5512,
            "stationId": 138,
            "datatypeId": 15,
            "frequency": 4,
            "dateTime1": "2002-12-31T09:00:00",
            "time2": 180,
            "time3": 360,
            "time4": 540,
            "value1": 0.00,
            "value2": 0.00,
            "value3": 0.00,
            "value4": 0.00,
            "remarks": null,
            "createdBy": null,
            "createdOn": "2002-12-31T09:00:00",
            "updatedBy": null,
            "updatedOn": null,
            "lastSyncDate": null,
            "rlOfZeroGauge": 525.33,
            "rwaterTemp": null,
            "atempMax": null,
            "atempMin": null
        },
        {
            "obsdataId": 5533,
            "stationId": 138,
            "datatypeId": 15,
            "frequency": 4,
            "dateTime1": "2002-05-22T09:00:00",
            "time2": 180,
            "time3": 360,
            "time4": 540,
            "value1": -0.32,
            "value2": -0.32,
            "value3": -0.32,
            "value4": -0.32,
            "remarks": null,
            "createdBy": null,
            "createdOn": "2002-05-22T09:00:00",
            "updatedBy": null,
            "updatedOn": null,
            "lastSyncDate": null,
            "rlOfZeroGauge": 525.33,
            "rwaterTemp": null,
            "atempMax": null,
            "atempMin": null
        },
        {
            "obsdataId": 5596,
            "stationId": 138,
            "datatypeId": 15,
            "frequency": 4,
            "dateTime1": "2002-05-17T09:00:00",
            "time2": 180,
            "time3": 360,
            "time4": 540,
            "value1": -0.32,
            "value2": -0.32,
            "value3": -0.32,
            "value4": -0.32,
            "remarks": null,
            "createdBy": null,
            "createdOn": "2002-05-17T09:00:00",
            "updatedBy": null,
            "updatedOn": null,
            "lastSyncDate": null,
            "rlOfZeroGauge": 525.33,
            "rwaterTemp": null,
            "atempMax": null,
            "atempMin": null
        },
        {
            "obsdataId": 5603,
            "stationId": 138,
            "datatypeId": 15,
            "frequency": 4,
            "dateTime1": "2002-07-13T09:00:00",
            "time2": 180,
            "time3": 360,
            "time4": 540,
            "value1": -0.32,
            "value2": -0.32,
            "value3": -0.32,
            "value4": -0.32,
            "remarks": null,
            "createdBy": null,
            "createdOn": "2002-07-13T09:00:00",
            "updatedBy": null,
            "updatedOn": null,
            "lastSyncDate": null,
            "rlOfZeroGauge": 525.33,
            "rwaterTemp": null,
            "atempMax": null,
            "atempMin": null
        },
        {
            "obsdataId": 5719,
            "stationId": 138,
            "datatypeId": 15,
            "frequency": 4,
            "dateTime1": "2002-11-15T09:00:00",
            "time2": 180,
            "time3": 360,
            "time4": 540,
            "value1": 0.00,
            "value2": 0.00,
            "value3": 0.00,
            "value4": 0.00,
            "remarks": null,
            "createdBy": null,
            "createdOn": "2002-11-15T09:00:00",
            "updatedBy": null,
            "updatedOn": null,
            "lastSyncDate": null,
            "rlOfZeroGauge": 525.33,
            "rwaterTemp": null,
            "atempMax": null,
            "atempMin": null
        },
        {
            "obsdataId": 5738,
            "stationId": 138,
            "datatypeId": 15,
            "frequency": 4,
            "dateTime1": "2002-06-19T09:00:00",
            "time2": 180,
            "time3": 360,
            "time4": 540,
            "value1": -0.32,
            "value2": -0.32,
            "value3": -0.32,
            "value4": -0.32,
            "remarks": null,
            "createdBy": null,
            "createdOn": "2002-06-19T09:00:00",
            "updatedBy": null,
            "updatedOn": null,
            "lastSyncDate": null,
            "rlOfZeroGauge": 525.33,
            "rwaterTemp": null,
            "atempMax": null,
            "atempMin": null
        },
        {
            "obsdataId": 5770,
            "stationId": 138,
            "datatypeId": 15,
            "frequency": 4,
            "dateTime1": "2002-07-16T09:00:00",
            "time2": 180,
            "time3": 360,
            "time4": 540,
            "value1": -0.32,
            "value2": -0.32,
            "value3": -0.32,
            "value4": -0.32,
            "remarks": null,
            "createdBy": null,
            "createdOn": "2002-07-16T09:00:00",
            "updatedBy": null,
            "updatedOn": null,
            "lastSyncDate": null,
            "rlOfZeroGauge": 525.33,
            "rwaterTemp": null,
            "atempMax": null,
            "atempMin": null
        },
        {
            "obsdataId": 5960,
            "stationId": 138,
            "datatypeId": 15,
            "frequency": 4,
            "dateTime1": "2002-07-17T09:00:00",
            "time2": 180,
            "time3": 360,
            "time4": 540,
            "value1": -0.32,
            "value2": -0.32,
            "value3": -0.32,
            "value4": -0.32,
            "remarks": null,
            "createdBy": null,
            "createdOn": "2002-07-17T09:00:00",
            "updatedBy": null,
            "updatedOn": null,
            "lastSyncDate": null,
            "rlOfZeroGauge": 525.33,
            "rwaterTemp": null,
            "atempMax": null,
            "atempMin": null
        },
        {
            "obsdataId": 5969,
            "stationId": 138,
            "datatypeId": 15,
            "frequency": 4,
            "dateTime1": "2002-05-13T09:00:00",
            "time2": 180,
            "time3": 360,
            "time4": 540,
            "value1": -0.32,
            "value2": -0.32,
            "value3": -0.32,
            "value4": -0.32,
            "remarks": null,
            "createdBy": null,
            "createdOn": "2002-05-13T09:00:00",
            "updatedBy": null,
            "updatedOn": null,
            "lastSyncDate": null,
            "rlOfZeroGauge": 525.33,
            "rwaterTemp": null,
            "atempMax": null,
            "atempMin": null
        },
        {
            "obsdataId": 6128,
            "stationId": 138,
            "datatypeId": 15,
            "frequency": 4,
            "dateTime1": "2002-10-20T09:00:00",
            "time2": 180,
            "time3": 360,
            "time4": 540,
            "value1": 0.00,
            "value2": 0.00,
            "value3": 0.00,
            "value4": 0.00,
            "remarks": null,
            "createdBy": null,
            "createdOn": "2002-10-20T09:00:00",
            "updatedBy": null,
            "updatedOn": null,
            "lastSyncDate": null,
            "rlOfZeroGauge": 525.33,
            "rwaterTemp": null,
            "atempMax": null,
            "atempMin": null
        },
        {
            "obsdataId": 6150,
            "stationId": 138,
            "datatypeId": 15,
            "frequency": 4,
            "dateTime1": "2002-05-16T09:00:00",
            "time2": 180,
            "time3": 360,
            "time4": 540,
            "value1": -0.32,
            "value2": -0.32,
            "value3": -0.32,
            "value4": -0.32,
            "remarks": null,
            "createdBy": null,
            "createdOn": "2002-05-16T09:00:00",
            "updatedBy": null,
            "updatedOn": null,
            "lastSyncDate": null,
            "rlOfZeroGauge": 525.33,
            "rwaterTemp": null,
            "atempMax": null,
            "atempMin": null
        },
        {
            "obsdataId": 6180,
            "stationId": 138,
            "datatypeId": 15,
            "frequency": 4,
            "dateTime1": "2002-02-07T09:00:00",
            "time2": 180,
            "time3": 360,
            "time4": 540,
            "value1": 0.02,
            "value2": 0.02,
            "value3": 0.02,
            "value4": 0.02,
            "remarks": null,
            "createdBy": null,
            "createdOn": "2002-02-07T09:00:00",
            "updatedBy": null,
            "updatedOn": null,
            "lastSyncDate": null,
            "rlOfZeroGauge": 525.33,
            "rwaterTemp": null,
            "atempMax": null,
            "atempMin": null
        },
        {
            "obsdataId": 6333,
            "stationId": 138,
            "datatypeId": 15,
            "frequency": 4,
            "dateTime1": "2002-10-15T09:00:00",
            "time2": 180,
            "time3": 360,
            "time4": 540,
            "value1": 0.00,
            "value2": 0.00,
            "value3": 0.00,
            "value4": 0.00,
            "remarks": null,
            "createdBy": null,
            "createdOn": "2002-10-15T09:00:00",
            "updatedBy": null,
            "updatedOn": null,
            "lastSyncDate": null,
            "rlOfZeroGauge": 525.33,
            "rwaterTemp": null,
            "atempMax": null,
            "atempMin": null
        },
        {
            "obsdataId": 6336,
            "stationId": 138,
            "datatypeId": 15,
            "frequency": 4,
            "dateTime1": "2002-07-22T09:00:00",
            "time2": 180,
            "time3": 360,
            "time4": 540,
            "value1": -0.32,
            "value2": -0.32,
            "value3": -0.32,
            "value4": -0.32,
            "remarks": null,
            "createdBy": null,
            "createdOn": "2002-07-22T09:00:00",
            "updatedBy": null,
            "updatedOn": null,
            "lastSyncDate": null,
            "rlOfZeroGauge": 525.33,
            "rwaterTemp": null,
            "atempMax": null,
            "atempMin": null
        },
        {
            "obsdataId": 6387,
            "stationId": 138,
            "datatypeId": 15,
            "frequency": 4,
            "dateTime1": "2002-12-10T09:00:00",
            "time2": 180,
            "time3": 360,
            "time4": 540,
            "value1": 0.00,
            "value2": 0.00,
            "value3": 0.00,
            "value4": 0.00,
            "remarks": null,
            "createdBy": null,
            "createdOn": "2002-12-10T09:00:00",
            "updatedBy": null,
            "updatedOn": null,
            "lastSyncDate": null,
            "rlOfZeroGauge": 525.33,
            "rwaterTemp": null,
            "atempMax": null,
            "atempMin": null
        },
        {
            "obsdataId": 6487,
            "stationId": 138,
            "datatypeId": 15,
            "frequency": 4,
            "dateTime1": "2002-11-01T09:00:00",
            "time2": 180,
            "time3": 360,
            "time4": 540,
            "value1": 0.00,
            "value2": 0.00,
            "value3": 0.00,
            "value4": 0.00,
            "remarks": null,
            "createdBy": null,
            "createdOn": "2002-11-01T09:00:00",
            "updatedBy": null,
            "updatedOn": null,
            "lastSyncDate": null,
            "rlOfZeroGauge": 525.33,
            "rwaterTemp": null,
            "atempMax": null,
            "atempMin": null
        },
        {
            "obsdataId": 6525,
            "stationId": 138,
            "datatypeId": 15,
            "frequency": 4,
            "dateTime1": "2002-08-23T09:00:00",
            "time2": 180,
            "time3": 360,
            "time4": 540,
            "value1": -0.01,
            "value2": -0.01,
            "value3": -0.01,
            "value4": -0.01,
            "remarks": null,
            "createdBy": null,
            "createdOn": "2002-08-23T09:00:00",
            "updatedBy": null,
            "updatedOn": null,
            "lastSyncDate": null,
            "rlOfZeroGauge": 525.33,
            "rwaterTemp": null,
            "atempMax": null,
            "atempMin": null
        },
        {
            "obsdataId": 6683,
            "stationId": 138,
            "datatypeId": 15,
            "frequency": 4,
            "dateTime1": "2002-12-11T09:00:00",
            "time2": 180,
            "time3": 360,
            "time4": 540,
            "value1": 0.00,
            "value2": 0.00,
            "value3": 0.00,
            "value4": 0.00,
            "remarks": null,
            "createdBy": null,
            "createdOn": "2002-12-11T09:00:00",
            "updatedBy": null,
            "updatedOn": null,
            "lastSyncDate": null,
            "rlOfZeroGauge": 525.33,
            "rwaterTemp": null,
            "atempMax": null,
            "atempMin": null
        },
        {
            "obsdataId": 6805,
            "stationId": 138,
            "datatypeId": 15,
            "frequency": 4,
            "dateTime1": "2002-01-27T09:00:00",
            "time2": 180,
            "time3": 360,
            "time4": 540,
            "value1": 0.04,
            "value2": 0.04,
            "value3": 0.04,
            "value4": 0.04,
            "remarks": null,
            "createdBy": null,
            "createdOn": "2002-01-27T09:00:00",
            "updatedBy": null,
            "updatedOn": null,
            "lastSyncDate": null,
            "rlOfZeroGauge": 525.33,
            "rwaterTemp": null,
            "atempMax": null,
            "atempMin": null
        },
        {
            "obsdataId": 6850,
            "stationId": 138,
            "datatypeId": 15,
            "frequency": 4,
            "dateTime1": "2002-10-28T09:00:00",
            "time2": 180,
            "time3": 360,
            "time4": 540,
            "value1": 0.00,
            "value2": 0.00,
            "value3": 0.00,
            "value4": 0.00,
            "remarks": null,
            "createdBy": null,
            "createdOn": "2002-10-28T09:00:00",
            "updatedBy": null,
            "updatedOn": null,
            "lastSyncDate": null,
            "rlOfZeroGauge": 525.33,
            "rwaterTemp": null,
            "atempMax": null,
            "atempMin": null
        },
        {
            "obsdataId": 6863,
            "stationId": 138,
            "datatypeId": 15,
            "frequency": 4,
            "dateTime1": "2002-08-03T09:00:00",
            "time2": 180,
            "time3": 360,
            "time4": 540,
            "value1": -0.32,
            "value2": -0.32,
            "value3": -0.32,
            "value4": -0.32,
            "remarks": null,
            "createdBy": null,
            "createdOn": "2002-08-03T09:00:00",
            "updatedBy": null,
            "updatedOn": null,
            "lastSyncDate": null,
            "rlOfZeroGauge": 525.33,
            "rwaterTemp": null,
            "atempMax": null,
            "atempMin": null
        },
        {
            "obsdataId": 6918,
            "stationId": 138,
            "datatypeId": 15,
            "frequency": 4,
            "dateTime1": "2002-05-06T09:00:00",
            "time2": 180,
            "time3": 360,
            "time4": 540,
            "value1": -0.32,
            "value2": -0.32,
            "value3": -0.32,
            "value4": -0.32,
            "remarks": null,
            "createdBy": null,
            "createdOn": "2002-05-06T09:00:00",
            "updatedBy": null,
            "updatedOn": null,
            "lastSyncDate": null,
            "rlOfZeroGauge": 525.33,
            "rwaterTemp": null,
            "atempMax": null,
            "atempMin": null
        },
        {
            "obsdataId": 7080,
            "stationId": 138,
            "datatypeId": 15,
            "frequency": 4,
            "dateTime1": "2002-02-16T09:00:00",
            "time2": 180,
            "time3": 360,
            "time4": 540,
            "value1": -0.32,
            "value2": -0.32,
            "value3": -0.32,
            "value4": -0.32,
            "remarks": null,
            "createdBy": null,
            "createdOn": "2002-02-16T09:00:00",
            "updatedBy": null,
            "updatedOn": null,
            "lastSyncDate": null,
            "rlOfZeroGauge": 525.33,
            "rwaterTemp": null,
            "atempMax": null,
            "atempMin": null
        },
        {
            "obsdataId": 7120,
            "stationId": 138,
            "datatypeId": 15,
            "frequency": 4,
            "dateTime1": "1998-09-05T09:00:00",
            "time2": 180,
            "time3": 360,
            "time4": 540,
            "value1": 0.00,
            "value2": 0.00,
            "value3": 0.00,
            "value4": 0.00,
            "remarks": null,
            "createdBy": null,
            "createdOn": "1998-09-05T09:00:00",
            "updatedBy": null,
            "updatedOn": null,
            "lastSyncDate": null,
            "rlOfZeroGauge": null,
            "rwaterTemp": null,
            "atempMax": null,
            "atempMin": null
        },
        {
            "obsdataId": 7222,
            "stationId": 138,
            "datatypeId": 15,
            "frequency": 4,
            "dateTime1": "2002-02-13T09:00:00",
            "time2": 180,
            "time3": 360,
            "time4": 540,
            "value1": -0.32,
            "value2": -0.32,
            "value3": -0.32,
            "value4": -0.32,
            "remarks": null,
            "createdBy": null,
            "createdOn": "2002-02-13T09:00:00",
            "updatedBy": null,
            "updatedOn": null,
            "lastSyncDate": null,
            "rlOfZeroGauge": 525.33,
            "rwaterTemp": null,
            "atempMax": null,
            "atempMin": null
        },
        {
            "obsdataId": 7352,
            "stationId": 138,
            "datatypeId": 15,
            "frequency": 4,
            "dateTime1": "1998-09-26T09:00:00",
            "time2": 180,
            "time3": 360,
            "time4": 540,
            "value1": 0.00,
            "value2": 0.00,
            "value3": 0.00,
            "value4": 0.00,
            "remarks": null,
            "createdBy": null,
            "createdOn": "1998-09-26T09:00:00",
            "updatedBy": null,
            "updatedOn": null,
            "lastSyncDate": null,
            "rlOfZeroGauge": null,
            "rwaterTemp": null,
            "atempMax": null,
            "atempMin": null
        },
        {
            "obsdataId": 7571,
            "stationId": 138,
            "datatypeId": 15,
            "frequency": 4,
            "dateTime1": "2002-05-07T09:00:00",
            "time2": 180,
            "time3": 360,
            "time4": 540,
            "value1": -0.32,
            "value2": -0.32,
            "value3": -0.32,
            "value4": -0.32,
            "remarks": null,
            "createdBy": null,
            "createdOn": "2002-05-07T09:00:00",
            "updatedBy": null,
            "updatedOn": null,
            "lastSyncDate": null,
            "rlOfZeroGauge": 525.33,
            "rwaterTemp": null,
            "atempMax": null,
            "atempMin": null
        },
        {
            "obsdataId": 7876,
            "stationId": 138,
            "datatypeId": 15,
            "frequency": 4,
            "dateTime1": "2002-07-29T09:00:00",
            "time2": 180,
            "time3": 360,
            "time4": 540,
            "value1": -0.32,
            "value2": -0.32,
            "value3": -0.32,
            "value4": -0.32,
            "remarks": null,
            "createdBy": null,
            "createdOn": "2002-07-29T09:00:00",
            "updatedBy": null,
            "updatedOn": null,
            "lastSyncDate": null,
            "rlOfZeroGauge": 525.33,
            "rwaterTemp": null,
            "atempMax": null,
            "atempMin": null
        },
        {
            "obsdataId": 8036,
            "stationId": 138,
            "datatypeId": 15,
            "frequency": 4,
            "dateTime1": "2002-07-02T09:00:00",
            "time2": 180,
            "time3": 360,
            "time4": 540,
            "value1": -0.01,
            "value2": -0.01,
            "value3": -0.01,
            "value4": -0.01,
            "remarks": null,
            "createdBy": null,
            "createdOn": "2002-07-02T09:00:00",
            "updatedBy": null,
            "updatedOn": null,
            "lastSyncDate": null,
            "rlOfZeroGauge": 525.33,
            "rwaterTemp": null,
            "atempMax": null,
            "atempMin": null
        },
        {
            "obsdataId": 8039,
            "stationId": 138,
            "datatypeId": 15,
            "frequency": 4,
            "dateTime1": "2002-02-06T09:00:00",
            "time2": 180,
            "time3": 360,
            "time4": 540,
            "value1": 0.02,
            "value2": 0.02,
            "value3": 0.02,
            "value4": 0.02,
            "remarks": null,
            "createdBy": null,
            "createdOn": "2002-02-06T09:00:00",
            "updatedBy": null,
            "updatedOn": null,
            "lastSyncDate": null,
            "rlOfZeroGauge": 525.33,
            "rwaterTemp": null,
            "atempMax": null,
            "atempMin": null
        },
        {
            "obsdataId": 8047,
            "stationId": 138,
            "datatypeId": 15,
            "frequency": 4,
            "dateTime1": "2002-09-12T09:00:00",
            "time2": 180,
            "time3": 360,
            "time4": 540,
            "value1": 2.13,
            "value2": 2.13,
            "value3": 2.13,
            "value4": 2.13,
            "remarks": null,
            "createdBy": null,
            "createdOn": "2002-09-12T09:00:00",
            "updatedBy": null,
            "updatedOn": null,
            "lastSyncDate": null,
            "rlOfZeroGauge": 525.33,
            "rwaterTemp": null,
            "atempMax": null,
            "atempMin": null
        },
        {
            "obsdataId": 8158,
            "stationId": 138,
            "datatypeId": 15,
            "frequency": 4,
            "dateTime1": "2002-12-21T09:00:00",
            "time2": 180,
            "time3": 360,
            "time4": 540,
            "value1": 0.00,
            "value2": 0.00,
            "value3": 0.00,
            "value4": 0.00,
            "remarks": null,
            "createdBy": null,
            "createdOn": "2002-12-21T09:00:00",
            "updatedBy": null,
            "updatedOn": null,
            "lastSyncDate": null,
            "rlOfZeroGauge": 525.33,
            "rwaterTemp": null,
            "atempMax": null,
            "atempMin": null
        },
        {
            "obsdataId": 8204,
            "stationId": 138,
            "datatypeId": 15,
            "frequency": 4,
            "dateTime1": "2002-04-01T09:00:00",
            "time2": 180,
            "time3": 360,
            "time4": 540,
            "value1": -0.32,
            "value2": -0.32,
            "value3": -0.32,
            "value4": -0.32,
            "remarks": null,
            "createdBy": null,
            "createdOn": "2002-04-01T09:00:00",
            "updatedBy": null,
            "updatedOn": null,
            "lastSyncDate": null,
            "rlOfZeroGauge": 525.33,
            "rwaterTemp": null,
            "atempMax": null,
            "atempMin": null
        },
        {
            "obsdataId": 8280,
            "stationId": 138,
            "datatypeId": 15,
            "frequency": 4,
            "dateTime1": "2002-05-02T09:00:00",
            "time2": 180,
            "time3": 360,
            "time4": 540,
            "value1": -0.32,
            "value2": -0.32,
            "value3": -0.32,
            "value4": -0.32,
            "remarks": null,
            "createdBy": null,
            "createdOn": "2002-05-02T09:00:00",
            "updatedBy": null,
            "updatedOn": null,
            "lastSyncDate": null,
            "rlOfZeroGauge": 525.33,
            "rwaterTemp": null,
            "atempMax": null,
            "atempMin": null
        },
        {
            "obsdataId": 8451,
            "stationId": 138,
            "datatypeId": 15,
            "frequency": 4,
            "dateTime1": "2002-04-28T09:00:00",
            "time2": 180,
            "time3": 360,
            "time4": 540,
            "value1": -0.32,
            "value2": -0.32,
            "value3": -0.32,
            "value4": -0.32,
            "remarks": null,
            "createdBy": null,
            "createdOn": "2002-04-28T09:00:00",
            "updatedBy": null,
            "updatedOn": null,
            "lastSyncDate": null,
            "rlOfZeroGauge": 525.33,
            "rwaterTemp": null,
            "atempMax": null,
            "atempMin": null
        },
        {
            "obsdataId": 8543,
            "stationId": 138,
            "datatypeId": 15,
            "frequency": 4,
            "dateTime1": "2002-06-25T09:00:00",
            "time2": 180,
            "time3": 360,
            "time4": 540,
            "value1": 0.04,
            "value2": 0.04,
            "value3": 0.04,
            "value4": 0.04,
            "remarks": null,
            "createdBy": null,
            "createdOn": "2002-06-25T09:00:00",
            "updatedBy": null,
            "updatedOn": null,
            "lastSyncDate": null,
            "rlOfZeroGauge": 525.33,
            "rwaterTemp": null,
            "atempMax": null,
            "atempMin": null
        },
        {
            "obsdataId": 8697,
            "stationId": 138,
            "datatypeId": 15,
            "frequency": 4,
            "dateTime1": "2002-12-08T09:00:00",
            "time2": 180,
            "time3": 360,
            "time4": 540,
            "value1": 0.00,
            "value2": 0.00,
            "value3": 0.00,
            "value4": 0.00,
            "remarks": null,
            "createdBy": null,
            "createdOn": "2002-12-08T09:00:00",
            "updatedBy": null,
            "updatedOn": null,
            "lastSyncDate": null,
            "rlOfZeroGauge": 525.33,
            "rwaterTemp": null,
            "atempMax": null,
            "atempMin": null
        },
        {
            "obsdataId": 8739,
            "stationId": 138,
            "datatypeId": 15,
            "frequency": 4,
            "dateTime1": "2002-05-29T09:00:00",
            "time2": 180,
            "time3": 360,
            "time4": 540,
            "value1": -0.32,
            "value2": -0.32,
            "value3": -0.32,
            "value4": -0.32,
            "remarks": null,
            "createdBy": null,
            "createdOn": "2002-05-29T09:00:00",
            "updatedBy": null,
            "updatedOn": null,
            "lastSyncDate": null,
            "rlOfZeroGauge": 525.33,
            "rwaterTemp": null,
            "atempMax": null,
            "atempMin": null
        },
        {
            "obsdataId": 8920,
            "stationId": 138,
            "datatypeId": 15,
            "frequency": 4,
            "dateTime1": "2002-02-22T09:00:00",
            "time2": 180,
            "time3": 360,
            "time4": 540,
            "value1": -0.32,
            "value2": -0.32,
            "value3": -0.32,
            "value4": -0.32,
            "remarks": null,
            "createdBy": null,
            "createdOn": "2002-02-22T09:00:00",
            "updatedBy": null,
            "updatedOn": null,
            "lastSyncDate": null,
            "rlOfZeroGauge": 525.33,
            "rwaterTemp": null,
            "atempMax": null,
            "atempMin": null
        },
        {
            "obsdataId": 8961,
            "stationId": 138,
            "datatypeId": 15,
            "frequency": 4,
            "dateTime1": "2002-03-26T09:00:00",
            "time2": 180,
            "time3": 360,
            "time4": 540,
            "value1": -0.32,
            "value2": -0.32,
            "value3": -0.32,
            "value4": -0.32,
            "remarks": null,
            "createdBy": null,
            "createdOn": "2002-03-26T09:00:00",
            "updatedBy": null,
            "updatedOn": null,
            "lastSyncDate": null,
            "rlOfZeroGauge": 525.33,
            "rwaterTemp": null,
            "atempMax": null,
            "atempMin": null
        },
        {
            "obsdataId": 8973,
            "stationId": 138,
            "datatypeId": 15,
            "frequency": 4,
            "dateTime1": "2002-04-15T09:00:00",
            "time2": 180,
            "time3": 360,
            "time4": 540,
            "value1": -0.32,
            "value2": -0.32,
            "value3": -0.32,
            "value4": -0.32,
            "remarks": null,
            "createdBy": null,
            "createdOn": "2002-04-15T09:00:00",
            "updatedBy": null,
            "updatedOn": null,
            "lastSyncDate": null,
            "rlOfZeroGauge": 525.33,
            "rwaterTemp": null,
            "atempMax": null,
            "atempMin": null
        },
        {
            "obsdataId": 9041,
            "stationId": 138,
            "datatypeId": 15,
            "frequency": 4,
            "dateTime1": "2002-07-07T09:00:00",
            "time2": 180,
            "time3": 360,
            "time4": 540,
            "value1": -0.32,
            "value2": -0.32,
            "value3": -0.32,
            "value4": -0.32,
            "remarks": null,
            "createdBy": null,
            "createdOn": "2002-07-07T09:00:00",
            "updatedBy": null,
            "updatedOn": null,
            "lastSyncDate": null,
            "rlOfZeroGauge": 525.33,
            "rwaterTemp": null,
            "atempMax": null,
            "atempMin": null
        },
        {
            "obsdataId": 9206,
            "stationId": 138,
            "datatypeId": 15,
            "frequency": 4,
            "dateTime1": "2002-04-20T09:00:00",
            "time2": 180,
            "time3": 360,
            "time4": 540,
            "value1": -0.32,
            "value2": -0.32,
            "value3": -0.32,
            "value4": -0.32,
            "remarks": null,
            "createdBy": null,
            "createdOn": "2002-04-20T09:00:00",
            "updatedBy": null,
            "updatedOn": null,
            "lastSyncDate": null,
            "rlOfZeroGauge": 525.33,
            "rwaterTemp": null,
            "atempMax": null,
            "atempMin": null
        },
        {
            "obsdataId": 9226,
            "stationId": 138,
            "datatypeId": 15,
            "frequency": 4,
            "dateTime1": "2002-03-05T09:00:00",
            "time2": 180,
            "time3": 360,
            "time4": 540,
            "value1": -0.32,
            "value2": -0.32,
            "value3": -0.32,
            "value4": -0.32,
            "remarks": null,
            "createdBy": null,
            "createdOn": "2002-03-05T09:00:00",
            "updatedBy": null,
            "updatedOn": null,
            "lastSyncDate": null,
            "rlOfZeroGauge": 525.33,
            "rwaterTemp": null,
            "atempMax": null,
            "atempMin": null
        },
        {
            "obsdataId": 9452,
            "stationId": 138,
            "datatypeId": 15,
            "frequency": 4,
            "dateTime1": "2002-02-17T09:00:00",
            "time2": 180,
            "time3": 360,
            "time4": 540,
            "value1": -0.32,
            "value2": -0.32,
            "value3": -0.32,
            "value4": -0.32,
            "remarks": null,
            "createdBy": null,
            "createdOn": "2002-02-17T09:00:00",
            "updatedBy": null,
            "updatedOn": null,
            "lastSyncDate": null,
            "rlOfZeroGauge": 525.33,
            "rwaterTemp": null,
            "atempMax": null,
            "atempMin": null
        },
        {
            "obsdataId": 9678,
            "stationId": 138,
            "datatypeId": 15,
            "frequency": 4,
            "dateTime1": "2002-09-23T09:00:00",
            "time2": 180,
            "time3": 360,
            "time4": 540,
            "value1": 1.78,
            "value2": 1.78,
            "value3": 1.78,
            "value4": 1.78,
            "remarks": null,
            "createdBy": null,
            "createdOn": "2002-09-23T09:00:00",
            "updatedBy": null,
            "updatedOn": null,
            "lastSyncDate": null,
            "rlOfZeroGauge": 525.33,
            "rwaterTemp": null,
            "atempMax": null,
            "atempMin": null
        },
        {
            "obsdataId": 9770,
            "stationId": 138,
            "datatypeId": 15,
            "frequency": 4,
            "dateTime1": "2002-05-04T09:00:00",
            "time2": 180,
            "time3": 360,
            "time4": 540,
            "value1": -0.32,
            "value2": -0.32,
            "value3": -0.32,
            "value4": -0.32,
            "remarks": null,
            "createdBy": null,
            "createdOn": "2002-05-04T09:00:00",
            "updatedBy": null,
            "updatedOn": null,
            "lastSyncDate": null,
            "rlOfZeroGauge": 525.33,
            "rwaterTemp": null,
            "atempMax": null,
            "atempMin": null
        },
        {
            "obsdataId": 9857,
            "stationId": 138,
            "datatypeId": 15,
            "frequency": 4,
            "dateTime1": "2002-07-11T09:00:00",
            "time2": 180,
            "time3": 360,
            "time4": 540,
            "value1": -0.32,
            "value2": -0.32,
            "value3": -0.32,
            "value4": -0.32,
            "remarks": null,
            "createdBy": null,
            "createdOn": "2002-07-11T09:00:00",
            "updatedBy": null,
            "updatedOn": null,
            "lastSyncDate": null,
            "rlOfZeroGauge": 525.33,
            "rwaterTemp": null,
            "atempMax": null,
            "atempMin": null
        },
        {
            "obsdataId": 9884,
            "stationId": 138,
            "datatypeId": 15,
            "frequency": 4,
            "dateTime1": "2002-02-08T09:00:00",
            "time2": 180,
            "time3": 360,
            "time4": 540,
            "value1": 0.02,
            "value2": 0.02,
            "value3": 0.02,
            "value4": 0.02,
            "remarks": null,
            "createdBy": null,
            "createdOn": "2002-02-08T09:00:00",
            "updatedBy": null,
            "updatedOn": null,
            "lastSyncDate": null,
            "rlOfZeroGauge": 525.33,
            "rwaterTemp": null,
            "atempMax": null,
            "atempMin": null
        },
        {
            "obsdataId": 9901,
            "stationId": 138,
            "datatypeId": 15,
            "frequency": 4,
            "dateTime1": "2002-09-03T09:00:00",
            "time2": 180,
            "time3": 360,
            "time4": 540,
            "value1": -0.07,
            "value2": -0.07,
            "value3": -0.07,
            "value4": -0.07,
            "remarks": null,
            "createdBy": null,
            "createdOn": "2002-09-03T09:00:00",
            "updatedBy": null,
            "updatedOn": null,
            "lastSyncDate": null,
            "rlOfZeroGauge": 525.33,
            "rwaterTemp": null,
            "atempMax": null,
            "atempMin": null
        },
        {
            "obsdataId": 9977,
            "stationId": 138,
            "datatypeId": 15,
            "frequency": 4,
            "dateTime1": "2002-01-14T09:00:00",
            "time2": 180,
            "time3": 360,
            "time4": 540,
            "value1": 0.10,
            "value2": 0.10,
            "value3": 0.10,
            "value4": 0.10,
            "remarks": null,
            "createdBy": null,
            "createdOn": "2002-01-14T09:00:00",
            "updatedBy": null,
            "updatedOn": null,
            "lastSyncDate": null,
            "rlOfZeroGauge": 525.33,
            "rwaterTemp": null,
            "atempMax": null,
            "atempMin": null
        },
        {
            "obsdataId": 10099,
            "stationId": 138,
            "datatypeId": 15,
            "frequency": 4,
            "dateTime1": "2002-05-31T09:00:00",
            "time2": 180,
            "time3": 360,
            "time4": 540,
            "value1": -0.32,
            "value2": -0.32,
            "value3": -0.32,
            "value4": -0.32,
            "remarks": null,
            "createdBy": null,
            "createdOn": "2002-05-31T09:00:00",
            "updatedBy": null,
            "updatedOn": null,
            "lastSyncDate": null,
            "rlOfZeroGauge": 525.33,
            "rwaterTemp": null,
            "atempMax": null,
            "atempMin": null
        },
        {
            "obsdataId": 10136,
            "stationId": 138,
            "datatypeId": 15,
            "frequency": 4,
            "dateTime1": "2002-12-22T09:00:00",
            "time2": 180,
            "time3": 360,
            "time4": 540,
            "value1": 0.00,
            "value2": 0.00,
            "value3": 0.00,
            "value4": 0.00,
            "remarks": null,
            "createdBy": null,
            "createdOn": "2002-12-22T09:00:00",
            "updatedBy": null,
            "updatedOn": null,
            "lastSyncDate": null,
            "rlOfZeroGauge": 525.33,
            "rwaterTemp": null,
            "atempMax": null,
            "atempMin": null
        },
        {
            "obsdataId": 10143,
            "stationId": 138,
            "datatypeId": 15,
            "frequency": 4,
            "dateTime1": "2002-07-10T09:00:00",
            "time2": 180,
            "time3": 360,
            "time4": 540,
            "value1": -0.32,
            "value2": -0.32,
            "value3": -0.32,
            "value4": -0.32,
            "remarks": null,
            "createdBy": null,
            "createdOn": "2002-07-10T09:00:00",
            "updatedBy": null,
            "updatedOn": null,
            "lastSyncDate": null,
            "rlOfZeroGauge": 525.33,
            "rwaterTemp": null,
            "atempMax": null,
            "atempMin": null
        },
        {
            "obsdataId": 10224,
            "stationId": 138,
            "datatypeId": 15,
            "frequency": 4,
            "dateTime1": "2002-11-05T09:00:00",
            "time2": 180,
            "time3": 360,
            "time4": 540,
            "value1": 0.00,
            "value2": 0.00,
            "value3": 0.00,
            "value4": 0.00,
            "remarks": null,
            "createdBy": null,
            "createdOn": "2002-11-05T09:00:00",
            "updatedBy": null,
            "updatedOn": null,
            "lastSyncDate": null,
            "rlOfZeroGauge": 525.33,
            "rwaterTemp": null,
            "atempMax": null,
            "atempMin": null
        },
        {
            "obsdataId": 10561,
            "stationId": 138,
            "datatypeId": 15,
            "frequency": 4,
            "dateTime1": "2002-12-17T09:00:00",
            "time2": 180,
            "time3": 360,
            "time4": 540,
            "value1": 0.00,
            "value2": 0.00,
            "value3": 0.00,
            "value4": 0.00,
            "remarks": null,
            "createdBy": null,
            "createdOn": "2002-12-17T09:00:00",
            "updatedBy": null,
            "updatedOn": null,
            "lastSyncDate": null,
            "rlOfZeroGauge": 525.33,
            "rwaterTemp": null,
            "atempMax": null,
            "atempMin": null
        },
        {
            "obsdataId": 10588,
            "stationId": 138,
            "datatypeId": 15,
            "frequency": 4,
            "dateTime1": "2002-11-26T09:00:00",
            "time2": 180,
            "time3": 360,
            "time4": 540,
            "value1": 0.00,
            "value2": 0.00,
            "value3": 0.00,
            "value4": 0.00,
            "remarks": null,
            "createdBy": null,
            "createdOn": "2002-11-26T09:00:00",
            "updatedBy": null,
            "updatedOn": null,
            "lastSyncDate": null,
            "rlOfZeroGauge": 525.33,
            "rwaterTemp": null,
            "atempMax": null,
            "atempMin": null
        },
        {
            "obsdataId": 10671,
            "stationId": 138,
            "datatypeId": 15,
            "frequency": 4,
            "dateTime1": "2002-12-16T09:00:00",
            "time2": 180,
            "time3": 360,
            "time4": 540,
            "value1": 0.00,
            "value2": 0.00,
            "value3": 0.00,
            "value4": 0.00,
            "remarks": null,
            "createdBy": null,
            "createdOn": "2002-12-16T09:00:00",
            "updatedBy": null,
            "updatedOn": null,
            "lastSyncDate": null,
            "rlOfZeroGauge": 525.33,
            "rwaterTemp": null,
            "atempMax": null,
            "atempMin": null
        },
        {
            "obsdataId": 10848,
            "stationId": 138,
            "datatypeId": 15,
            "frequency": 4,
            "dateTime1": "2002-10-05T09:00:00",
            "time2": 180,
            "time3": 360,
            "time4": 540,
            "value1": 0.00,
            "value2": 0.00,
            "value3": 0.00,
            "value4": 0.00,
            "remarks": null,
            "createdBy": null,
            "createdOn": "2002-10-05T09:00:00",
            "updatedBy": null,
            "updatedOn": null,
            "lastSyncDate": null,
            "rlOfZeroGauge": 525.33,
            "rwaterTemp": null,
            "atempMax": null,
            "atempMin": null
        },
        {
            "obsdataId": 10856,
            "stationId": 138,
            "datatypeId": 15,
            "frequency": 4,
            "dateTime1": "2002-12-13T09:00:00",
            "time2": 180,
            "time3": 360,
            "time4": 540,
            "value1": 0.00,
            "value2": 0.00,
            "value3": 0.00,
            "value4": 0.00,
            "remarks": null,
            "createdBy": null,
            "createdOn": "2002-12-13T09:00:00",
            "updatedBy": null,
            "updatedOn": null,
            "lastSyncDate": null,
            "rlOfZeroGauge": 525.33,
            "rwaterTemp": null,
            "atempMax": null,
            "atempMin": null
        },
        {
            "obsdataId": 10929,
            "stationId": 138,
            "datatypeId": 15,
            "frequency": 4,
            "dateTime1": "2002-05-10T09:00:00",
            "time2": 180,
            "time3": 360,
            "time4": 540,
            "value1": -0.32,
            "value2": -0.32,
            "value3": -0.32,
            "value4": -0.32,
            "remarks": null,
            "createdBy": null,
            "createdOn": "2002-05-10T09:00:00",
            "updatedBy": null,
            "updatedOn": null,
            "lastSyncDate": null,
            "rlOfZeroGauge": 525.33,
            "rwaterTemp": null,
            "atempMax": null,
            "atempMin": null
        },
        {
            "obsdataId": 11019,
            "stationId": 138,
            "datatypeId": 15,
            "frequency": 4,
            "dateTime1": "2002-07-31T09:00:00",
            "time2": 180,
            "time3": 360,
            "time4": 540,
            "value1": -0.32,
            "value2": -0.32,
            "value3": -0.32,
            "value4": -0.32,
            "remarks": null,
            "createdBy": null,
            "createdOn": "2002-07-31T09:00:00",
            "updatedBy": null,
            "updatedOn": null,
            "lastSyncDate": null,
            "rlOfZeroGauge": 525.33,
            "rwaterTemp": null,
            "atempMax": null,
            "atempMin": null
        },
        {
            "obsdataId": 11186,
            "stationId": 138,
            "datatypeId": 15,
            "frequency": 4,
            "dateTime1": "2002-10-26T09:00:00",
            "time2": 180,
            "time3": 360,
            "time4": 540,
            "value1": 0.00,
            "value2": 0.00,
            "value3": 0.00,
            "value4": 0.00,
            "remarks": null,
            "createdBy": null,
            "createdOn": "2002-10-26T09:00:00",
            "updatedBy": null,
            "updatedOn": null,
            "lastSyncDate": null,
            "rlOfZeroGauge": 525.33,
            "rwaterTemp": null,
            "atempMax": null,
            "atempMin": null
        },
        {
            "obsdataId": 11221,
            "stationId": 138,
            "datatypeId": 15,
            "frequency": 4,
            "dateTime1": "2002-05-11T09:00:00",
            "time2": 180,
            "time3": 360,
            "time4": 540,
            "value1": -0.32,
            "value2": -0.32,
            "value3": -0.32,
            "value4": -0.32,
            "remarks": null,
            "createdBy": null,
            "createdOn": "2002-05-11T09:00:00",
            "updatedBy": null,
            "updatedOn": null,
            "lastSyncDate": null,
            "rlOfZeroGauge": 525.33,
            "rwaterTemp": null,
            "atempMax": null,
            "atempMin": null
        },
        {
            "obsdataId": 11608,
            "stationId": 138,
            "datatypeId": 15,
            "frequency": 4,
            "dateTime1": "2002-12-06T09:00:00",
            "time2": 180,
            "time3": 360,
            "time4": 540,
            "value1": 0.00,
            "value2": 0.00,
            "value3": 0.00,
            "value4": 0.00,
            "remarks": null,
            "createdBy": null,
            "createdOn": "2002-12-06T09:00:00",
            "updatedBy": null,
            "updatedOn": null,
            "lastSyncDate": null,
            "rlOfZeroGauge": 525.33,
            "rwaterTemp": null,
            "atempMax": null,
            "atempMin": null
        },
        {
            "obsdataId": 11617,
            "stationId": 138,
            "datatypeId": 15,
            "frequency": 4,
            "dateTime1": "2002-08-14T09:00:00",
            "time2": 180,
            "time3": 360,
            "time4": 540,
            "value1": 0.13,
            "value2": 0.13,
            "value3": 0.13,
            "value4": 0.13,
            "remarks": null,
            "createdBy": null,
            "createdOn": "2002-08-14T09:00:00",
            "updatedBy": null,
            "updatedOn": null,
            "lastSyncDate": null,
            "rlOfZeroGauge": 525.33,
            "rwaterTemp": null,
            "atempMax": null,
            "atempMin": null
        },
        {
            "obsdataId": 11637,
            "stationId": 138,
            "datatypeId": 15,
            "frequency": 4,
            "dateTime1": "2002-09-27T09:00:00",
            "time2": 180,
            "time3": 360,
            "time4": 540,
            "value1": 1.58,
            "value2": 1.58,
            "value3": 1.58,
            "value4": 1.58,
            "remarks": null,
            "createdBy": null,
            "createdOn": "2002-09-27T09:00:00",
            "updatedBy": null,
            "updatedOn": null,
            "lastSyncDate": null,
            "rlOfZeroGauge": 525.33,
            "rwaterTemp": null,
            "atempMax": null,
            "atempMin": null
        },
        {
            "obsdataId": 11684,
            "stationId": 138,
            "datatypeId": 15,
            "frequency": 4,
            "dateTime1": "2002-02-21T09:00:00",
            "time2": 180,
            "time3": 360,
            "time4": 540,
            "value1": -0.32,
            "value2": -0.32,
            "value3": -0.32,
            "value4": -0.32,
            "remarks": null,
            "createdBy": null,
            "createdOn": "2002-02-21T09:00:00",
            "updatedBy": null,
            "updatedOn": null,
            "lastSyncDate": null,
            "rlOfZeroGauge": 525.33,
            "rwaterTemp": null,
            "atempMax": null,
            "atempMin": null
        },
        {
            "obsdataId": 11699,
            "stationId": 138,
            "datatypeId": 15,
            "frequency": 4,
            "dateTime1": "2002-07-04T09:00:00",
            "time2": 180,
            "time3": 360,
            "time4": 540,
            "value1": -0.32,
            "value2": -0.32,
            "value3": -0.32,
            "value4": -0.32,
            "remarks": null,
            "createdBy": null,
            "createdOn": "2002-07-04T09:00:00",
            "updatedBy": null,
            "updatedOn": null,
            "lastSyncDate": null,
            "rlOfZeroGauge": 525.33,
            "rwaterTemp": null,
            "atempMax": null,
            "atempMin": null
        },
        {
            "obsdataId": 11773,
            "stationId": 138,
            "datatypeId": 15,
            "frequency": 4,
            "dateTime1": "1998-09-20T09:00:00",
            "time2": 180,
            "time3": 360,
            "time4": 540,
            "value1": 0.00,
            "value2": 0.00,
            "value3": 0.00,
            "value4": 0.00,
            "remarks": null,
            "createdBy": null,
            "createdOn": "1998-09-20T09:00:00",
            "updatedBy": null,
            "updatedOn": null,
            "lastSyncDate": null,
            "rlOfZeroGauge": null,
            "rwaterTemp": null,
            "atempMax": null,
            "atempMin": null
        },
        {
            "obsdataId": 12067,
            "stationId": 138,
            "datatypeId": 15,
            "frequency": 4,
            "dateTime1": "2002-12-07T09:00:00",
            "time2": 180,
            "time3": 360,
            "time4": 540,
            "value1": 0.00,
            "value2": 0.00,
            "value3": 0.00,
            "value4": 0.00,
            "remarks": null,
            "createdBy": null,
            "createdOn": "2002-12-07T09:00:00",
            "updatedBy": null,
            "updatedOn": null,
            "lastSyncDate": null,
            "rlOfZeroGauge": 525.33,
            "rwaterTemp": null,
            "atempMax": null,
            "atempMin": null
        },
        {
            "obsdataId": 12118,
            "stationId": 138,
            "datatypeId": 15,
            "frequency": 4,
            "dateTime1": "1998-09-15T09:00:00",
            "time2": 180,
            "time3": 360,
            "time4": 540,
            "value1": 0.00,
            "value2": 0.00,
            "value3": 0.00,
            "value4": 0.00,
            "remarks": null,
            "createdBy": null,
            "createdOn": "1998-09-15T09:00:00",
            "updatedBy": null,
            "updatedOn": null,
            "lastSyncDate": null,
            "rlOfZeroGauge": null,
            "rwaterTemp": null,
            "atempMax": null,
            "atempMin": null
        },
        {
            "obsdataId": 12282,
            "stationId": 138,
            "datatypeId": 15,
            "frequency": 4,
            "dateTime1": "2002-02-10T09:00:00",
            "time2": 180,
            "time3": 360,
            "time4": 540,
            "value1": 0.02,
            "value2": 0.02,
            "value3": 0.02,
            "value4": 0.02,
            "remarks": null,
            "createdBy": null,
            "createdOn": "2002-02-10T09:00:00",
            "updatedBy": null,
            "updatedOn": null,
            "lastSyncDate": null,
            "rlOfZeroGauge": 525.33,
            "rwaterTemp": null,
            "atempMax": null,
            "atempMin": null
        },
        {
            "obsdataId": 12579,
            "stationId": 138,
            "datatypeId": 15,
            "frequency": 4,
            "dateTime1": "2002-02-11T09:00:00",
            "time2": 180,
            "time3": 360,
            "time4": 540,
            "value1": 0.03,
            "value2": 0.03,
            "value3": 0.03,
            "value4": 0.03,
            "remarks": null,
            "createdBy": null,
            "createdOn": "2002-02-11T09:00:00",
            "updatedBy": null,
            "updatedOn": null,
            "lastSyncDate": null,
            "rlOfZeroGauge": 525.33,
            "rwaterTemp": null,
            "atempMax": null,
            "atempMin": null
        },
        {
            "obsdataId": 12619,
            "stationId": 138,
            "datatypeId": 15,
            "frequency": 4,
            "dateTime1": "2002-07-08T09:00:00",
            "time2": 180,
            "time3": 360,
            "time4": 540,
            "value1": -0.32,
            "value2": -0.32,
            "value3": -0.32,
            "value4": -0.32,
            "remarks": null,
            "createdBy": null,
            "createdOn": "2002-07-08T09:00:00",
            "updatedBy": null,
            "updatedOn": null,
            "lastSyncDate": null,
            "rlOfZeroGauge": 525.33,
            "rwaterTemp": null,
            "atempMax": null,
            "atempMin": null
        },
        {
            "obsdataId": 12670,
            "stationId": 138,
            "datatypeId": 15,
            "frequency": 4,
            "dateTime1": "2002-01-12T09:00:00",
            "time2": 180,
            "time3": 360,
            "time4": 540,
            "value1": 0.13,
            "value2": 0.13,
            "value3": 0.13,
            "value4": 0.13,
            "remarks": null,
            "createdBy": null,
            "createdOn": "2002-01-12T09:00:00",
            "updatedBy": null,
            "updatedOn": null,
            "lastSyncDate": null,
            "rlOfZeroGauge": 525.33,
            "rwaterTemp": null,
            "atempMax": null,
            "atempMin": null
        },
        {
            "obsdataId": 12770,
            "stationId": 138,
            "datatypeId": 15,
            "frequency": 4,
            "dateTime1": "2002-05-21T09:00:00",
            "time2": 180,
            "time3": 360,
            "time4": 540,
            "value1": -0.32,
            "value2": -0.32,
            "value3": -0.32,
            "value4": -0.32,
            "remarks": null,
            "createdBy": null,
            "createdOn": "2002-05-21T09:00:00",
            "updatedBy": null,
            "updatedOn": null,
            "lastSyncDate": null,
            "rlOfZeroGauge": 525.33,
            "rwaterTemp": null,
            "atempMax": null,
            "atempMin": null
        },
        {
            "obsdataId": 12805,
            "stationId": 138,
            "datatypeId": 15,
            "frequency": 4,
            "dateTime1": "1998-09-28T09:00:00",
            "time2": 180,
            "time3": 360,
            "time4": 540,
            "value1": 0.00,
            "value2": 0.00,
            "value3": 0.00,
            "value4": 0.00,
            "remarks": null,
            "createdBy": null,
            "createdOn": "1998-09-28T09:00:00",
            "updatedBy": null,
            "updatedOn": null,
            "lastSyncDate": null,
            "rlOfZeroGauge": null,
            "rwaterTemp": null,
            "atempMax": null,
            "atempMin": null
        },
        {
            "obsdataId": 12830,
            "stationId": 138,
            "datatypeId": 15,
            "frequency": 4,
            "dateTime1": "2002-03-01T09:00:00",
            "time2": 180,
            "time3": 360,
            "time4": 540,
            "value1": -0.32,
            "value2": -0.32,
            "value3": -0.32,
            "value4": -0.32,
            "remarks": null,
            "createdBy": null,
            "createdOn": "2002-03-01T09:00:00",
            "updatedBy": null,
            "updatedOn": null,
            "lastSyncDate": null,
            "rlOfZeroGauge": 525.33,
            "rwaterTemp": null,
            "atempMax": null,
            "atempMin": null
        },
        {
            "obsdataId": 12879,
            "stationId": 138,
            "datatypeId": 15,
            "frequency": 4,
            "dateTime1": "2002-06-18T09:00:00",
            "time2": 180,
            "time3": 360,
            "time4": 540,
            "value1": -0.32,
            "value2": -0.32,
            "value3": -0.32,
            "value4": -0.32,
            "remarks": null,
            "createdBy": null,
            "createdOn": "2002-06-18T09:00:00",
            "updatedBy": null,
            "updatedOn": null,
            "lastSyncDate": null,
            "rlOfZeroGauge": 525.33,
            "rwaterTemp": null,
            "atempMax": null,
            "atempMin": null
        },
        {
            "obsdataId": 12997,
            "stationId": 138,
            "datatypeId": 15,
            "frequency": 4,
            "dateTime1": "2002-07-21T09:00:00",
            "time2": 180,
            "time3": 360,
            "time4": 540,
            "value1": -0.32,
            "value2": -0.32,
            "value3": -0.32,
            "value4": -0.32,
            "remarks": null,
            "createdBy": null,
            "createdOn": "2002-07-21T09:00:00",
            "updatedBy": null,
            "updatedOn": null,
            "lastSyncDate": null,
            "rlOfZeroGauge": 525.33,
            "rwaterTemp": null,
            "atempMax": null,
            "atempMin": null
        },
        {
            "obsdataId": 13016,
            "stationId": 138,
            "datatypeId": 15,
            "frequency": 4,
            "dateTime1": "2002-02-04T09:00:00",
            "time2": 180,
            "time3": 360,
            "time4": 540,
            "value1": 0.03,
            "value2": 0.03,
            "value3": 0.03,
            "value4": 0.03,
            "remarks": null,
            "createdBy": null,
            "createdOn": "2002-02-04T09:00:00",
            "updatedBy": null,
            "updatedOn": null,
            "lastSyncDate": null,
            "rlOfZeroGauge": 525.33,
            "rwaterTemp": null,
            "atempMax": null,
            "atempMin": null
        },
        {
            "obsdataId": 13210,
            "stationId": 138,
            "datatypeId": 15,
            "frequency": 4,
            "dateTime1": "2002-03-28T09:00:00",
            "time2": 180,
            "time3": 360,
            "time4": 540,
            "value1": -0.32,
            "value2": -0.32,
            "value3": -0.32,
            "value4": -0.32,
            "remarks": null,
            "createdBy": null,
            "createdOn": "2002-03-28T09:00:00",
            "updatedBy": null,
            "updatedOn": null,
            "lastSyncDate": null,
            "rlOfZeroGauge": 525.33,
            "rwaterTemp": null,
            "atempMax": null,
            "atempMin": null
        },
        {
            "obsdataId": 13226,
            "stationId": 138,
            "datatypeId": 15,
            "frequency": 4,
            "dateTime1": "2002-12-02T09:00:00",
            "time2": 180,
            "time3": 360,
            "time4": 540,
            "value1": 0.00,
            "value2": 0.00,
            "value3": 0.00,
            "value4": 0.00,
            "remarks": null,
            "createdBy": null,
            "createdOn": "2002-12-02T09:00:00",
            "updatedBy": null,
            "updatedOn": null,
            "lastSyncDate": null,
            "rlOfZeroGauge": 525.33,
            "rwaterTemp": null,
            "atempMax": null,
            "atempMin": null
        },
        {
            "obsdataId": 13241,
            "stationId": 138,
            "datatypeId": 15,
            "frequency": 4,
            "dateTime1": "1998-09-01T09:00:00",
            "time2": 180,
            "time3": 360,
            "time4": 540,
            "value1": 0.00,
            "value2": 0.00,
            "value3": 0.00,
            "value4": 0.00,
            "remarks": null,
            "createdBy": null,
            "createdOn": "1998-09-01T09:00:00",
            "updatedBy": null,
            "updatedOn": null,
            "lastSyncDate": null,
            "rlOfZeroGauge": null,
            "rwaterTemp": null,
            "atempMax": null,
            "atempMin": null
        },
        {
            "obsdataId": 13292,
            "stationId": 138,
            "datatypeId": 15,
            "frequency": 4,
            "dateTime1": "2002-06-09T09:00:00",
            "time2": 180,
            "time3": 360,
            "time4": 540,
            "value1": -0.02,
            "value2": -0.02,
            "value3": -0.02,
            "value4": -0.02,
            "remarks": null,
            "createdBy": null,
            "createdOn": "2002-06-09T09:00:00",
            "updatedBy": null,
            "updatedOn": null,
            "lastSyncDate": null,
            "rlOfZeroGauge": 525.33,
            "rwaterTemp": null,
            "atempMax": null,
            "atempMin": null
        },
        {
            "obsdataId": 13382,
            "stationId": 138,
            "datatypeId": 15,
            "frequency": 4,
            "dateTime1": "2002-12-29T09:00:00",
            "time2": 180,
            "time3": 360,
            "time4": 540,
            "value1": 0.00,
            "value2": 0.00,
            "value3": 0.00,
            "value4": 0.00,
            "remarks": null,
            "createdBy": null,
            "createdOn": "2002-12-29T09:00:00",
            "updatedBy": null,
            "updatedOn": null,
            "lastSyncDate": null,
            "rlOfZeroGauge": 525.33,
            "rwaterTemp": null,
            "atempMax": null,
            "atempMin": null
        },
        {
            "obsdataId": 13470,
            "stationId": 138,
            "datatypeId": 15,
            "frequency": 4,
            "dateTime1": "2002-05-08T09:00:00",
            "time2": 180,
            "time3": 360,
            "time4": 540,
            "value1": -0.32,
            "value2": -0.32,
            "value3": -0.32,
            "value4": -0.32,
            "remarks": null,
            "createdBy": null,
            "createdOn": "2002-05-08T09:00:00",
            "updatedBy": null,
            "updatedOn": null,
            "lastSyncDate": null,
            "rlOfZeroGauge": 525.33,
            "rwaterTemp": null,
            "atempMax": null,
            "atempMin": null
        },
        {
            "obsdataId": 13476,
            "stationId": 138,
            "datatypeId": 15,
            "frequency": 4,
            "dateTime1": "2002-08-12T09:00:00",
            "time2": 180,
            "time3": 360,
            "time4": 540,
            "value1": -0.32,
            "value2": -0.32,
            "value3": -0.32,
            "value4": -0.32,
            "remarks": null,
            "createdBy": null,
            "createdOn": "2002-08-12T09:00:00",
            "updatedBy": null,
            "updatedOn": null,
            "lastSyncDate": null,
            "rlOfZeroGauge": 525.33,
            "rwaterTemp": null,
            "atempMax": null,
            "atempMin": null
        },
        {
            "obsdataId": 13564,
            "stationId": 138,
            "datatypeId": 15,
            "frequency": 4,
            "dateTime1": "2002-03-15T09:00:00",
            "time2": 180,
            "time3": 360,
            "time4": 540,
            "value1": -0.32,
            "value2": -0.32,
            "value3": -0.32,
            "value4": -0.32,
            "remarks": null,
            "createdBy": null,
            "createdOn": "2002-03-15T09:00:00",
            "updatedBy": null,
            "updatedOn": null,
            "lastSyncDate": null,
            "rlOfZeroGauge": 525.33,
            "rwaterTemp": null,
            "atempMax": null,
            "atempMin": null
        },
        {
            "obsdataId": 13567,
            "stationId": 138,
            "datatypeId": 15,
            "frequency": 4,
            "dateTime1": "2002-04-26T09:00:00",
            "time2": 180,
            "time3": 360,
            "time4": 540,
            "value1": -0.32,
            "value2": -0.32,
            "value3": -0.32,
            "value4": -0.32,
            "remarks": null,
            "createdBy": null,
            "createdOn": "2002-04-26T09:00:00",
            "updatedBy": null,
            "updatedOn": null,
            "lastSyncDate": null,
            "rlOfZeroGauge": 525.33,
            "rwaterTemp": null,
            "atempMax": null,
            "atempMin": null
        },
        {
            "obsdataId": 13694,
            "stationId": 138,
            "datatypeId": 15,
            "frequency": 4,
            "dateTime1": "2002-06-30T09:00:00",
            "time2": 180,
            "time3": 360,
            "time4": 540,
            "value1": 0.01,
            "value2": 0.01,
            "value3": 0.01,
            "value4": 0.01,
            "remarks": null,
            "createdBy": null,
            "createdOn": "2002-06-30T09:00:00",
            "updatedBy": null,
            "updatedOn": null,
            "lastSyncDate": null,
            "rlOfZeroGauge": 525.33,
            "rwaterTemp": null,
            "atempMax": null,
            "atempMin": null
        },
        {
            "obsdataId": 13715,
            "stationId": 138,
            "datatypeId": 15,
            "frequency": 4,
            "dateTime1": "2002-06-24T09:00:00",
            "time2": 180,
            "time3": 360,
            "time4": 540,
            "value1": 0.03,
            "value2": 0.03,
            "value3": 0.03,
            "value4": 0.03,
            "remarks": null,
            "createdBy": null,
            "createdOn": "2002-06-24T09:00:00",
            "updatedBy": null,
            "updatedOn": null,
            "lastSyncDate": null,
            "rlOfZeroGauge": 525.33,
            "rwaterTemp": null,
            "atempMax": null,
            "atempMin": null
        },
        {
            "obsdataId": 13932,
            "stationId": 138,
            "datatypeId": 15,
            "frequency": 4,
            "dateTime1": "2002-04-05T09:00:00",
            "time2": 180,
            "time3": 360,
            "time4": 540,
            "value1": -0.32,
            "value2": -0.32,
            "value3": -0.32,
            "value4": -0.32,
            "remarks": null,
            "createdBy": null,
            "createdOn": "2002-04-05T09:00:00",
            "updatedBy": null,
            "updatedOn": null,
            "lastSyncDate": null,
            "rlOfZeroGauge": 525.33,
            "rwaterTemp": null,
            "atempMax": null,
            "atempMin": null
        },
        {
            "obsdataId": 13945,
            "stationId": 138,
            "datatypeId": 15,
            "frequency": 4,
            "dateTime1": "2002-03-20T09:00:00",
            "time2": 180,
            "time3": 360,
            "time4": 540,
            "value1": -0.32,
            "value2": -0.32,
            "value3": -0.32,
            "value4": -0.32,
            "remarks": null,
            "createdBy": null,
            "createdOn": "2002-03-20T09:00:00",
            "updatedBy": null,
            "updatedOn": null,
            "lastSyncDate": null,
            "rlOfZeroGauge": 525.33,
            "rwaterTemp": null,
            "atempMax": null,
            "atempMin": null
        },
        {
            "obsdataId": 14148,
            "stationId": 138,
            "datatypeId": 15,
            "frequency": 4,
            "dateTime1": "2002-05-18T09:00:00",
            "time2": 180,
            "time3": 360,
            "time4": 540,
            "value1": -0.32,
            "value2": -0.32,
            "value3": -0.32,
            "value4": -0.32,
            "remarks": null,
            "createdBy": null,
            "createdOn": "2002-05-18T09:00:00",
            "updatedBy": null,
            "updatedOn": null,
            "lastSyncDate": null,
            "rlOfZeroGauge": 525.33,
            "rwaterTemp": null,
            "atempMax": null,
            "atempMin": null
        },
        {
            "obsdataId": 14176,
            "stationId": 138,
            "datatypeId": 15,
            "frequency": 4,
            "dateTime1": "2002-11-14T09:00:00",
            "time2": 180,
            "time3": 360,
            "time4": 540,
            "value1": 0.00,
            "value2": 0.00,
            "value3": 0.00,
            "value4": 0.00,
            "remarks": null,
            "createdBy": null,
            "createdOn": "2002-11-14T09:00:00",
            "updatedBy": null,
            "updatedOn": null,
            "lastSyncDate": null,
            "rlOfZeroGauge": 525.33,
            "rwaterTemp": null,
            "atempMax": null,
            "atempMin": null
        },
        {
            "obsdataId": 14344,
            "stationId": 138,
            "datatypeId": 15,
            "frequency": 4,
            "dateTime1": "2002-06-21T09:00:00",
            "time2": 180,
            "time3": 360,
            "time4": 540,
            "value1": -0.32,
            "value2": -0.32,
            "value3": -0.32,
            "value4": -0.32,
            "remarks": null,
            "createdBy": null,
            "createdOn": "2002-06-21T09:00:00",
            "updatedBy": null,
            "updatedOn": null,
            "lastSyncDate": null,
            "rlOfZeroGauge": 525.33,
            "rwaterTemp": null,
            "atempMax": null,
            "atempMin": null
        },
        {
            "obsdataId": 14414,
            "stationId": 138,
            "datatypeId": 15,
            "frequency": 4,
            "dateTime1": "2002-09-28T09:00:00",
            "time2": 180,
            "time3": 360,
            "time4": 540,
            "value1": 1.48,
            "value2": 1.48,
            "value3": 1.48,
            "value4": 1.48,
            "remarks": null,
            "createdBy": null,
            "createdOn": "2002-09-28T09:00:00",
            "updatedBy": null,
            "updatedOn": null,
            "lastSyncDate": null,
            "rlOfZeroGauge": 525.33,
            "rwaterTemp": null,
            "atempMax": null,
            "atempMin": null
        },
        {
            "obsdataId": 14576,
            "stationId": 138,
            "datatypeId": 15,
            "frequency": 4,
            "dateTime1": "2002-07-09T09:00:00",
            "time2": 180,
            "time3": 360,
            "time4": 540,
            "value1": -0.32,
            "value2": -0.32,
            "value3": -0.32,
            "value4": -0.32,
            "remarks": null,
            "createdBy": null,
            "createdOn": "2002-07-09T09:00:00",
            "updatedBy": null,
            "updatedOn": null,
            "lastSyncDate": null,
            "rlOfZeroGauge": 525.33,
            "rwaterTemp": null,
            "atempMax": null,
            "atempMin": null
        },
        {
            "obsdataId": 14723,
            "stationId": 138,
            "datatypeId": 15,
            "frequency": 4,
            "dateTime1": "2002-07-24T09:00:00",
            "time2": 180,
            "time3": 360,
            "time4": 540,
            "value1": -0.32,
            "value2": -0.32,
            "value3": -0.32,
            "value4": -0.32,
            "remarks": null,
            "createdBy": null,
            "createdOn": "2002-07-24T09:00:00",
            "updatedBy": null,
            "updatedOn": null,
            "lastSyncDate": null,
            "rlOfZeroGauge": 525.33,
            "rwaterTemp": null,
            "atempMax": null,
            "atempMin": null
        },
        {
            "obsdataId": 14768,
            "stationId": 138,
            "datatypeId": 15,
            "frequency": 4,
            "dateTime1": "2002-09-15T09:00:00",
            "time2": 180,
            "time3": 360,
            "time4": 540,
            "value1": 1.48,
            "value2": 1.48,
            "value3": 1.48,
            "value4": 1.48,
            "remarks": null,
            "createdBy": null,
            "createdOn": "2002-09-15T09:00:00",
            "updatedBy": null,
            "updatedOn": null,
            "lastSyncDate": null,
            "rlOfZeroGauge": 525.33,
            "rwaterTemp": null,
            "atempMax": null,
            "atempMin": null
        },
        {
            "obsdataId": 14781,
            "stationId": 138,
            "datatypeId": 15,
            "frequency": 4,
            "dateTime1": "2002-01-26T09:00:00",
            "time2": 180,
            "time3": 360,
            "time4": 540,
            "value1": 0.05,
            "value2": 0.05,
            "value3": 0.05,
            "value4": 0.05,
            "remarks": null,
            "createdBy": null,
            "createdOn": "2002-01-26T09:00:00",
            "updatedBy": null,
            "updatedOn": null,
            "lastSyncDate": null,
            "rlOfZeroGauge": 525.33,
            "rwaterTemp": null,
            "atempMax": null,
            "atempMin": null
        },
        {
            "obsdataId": 15013,
            "stationId": 138,
            "datatypeId": 15,
            "frequency": 4,
            "dateTime1": "2002-07-30T09:00:00",
            "time2": 180,
            "time3": 360,
            "time4": 540,
            "value1": -0.32,
            "value2": -0.32,
            "value3": -0.32,
            "value4": -0.32,
            "remarks": null,
            "createdBy": null,
            "createdOn": "2002-07-30T09:00:00",
            "updatedBy": null,
            "updatedOn": null,
            "lastSyncDate": null,
            "rlOfZeroGauge": 525.33,
            "rwaterTemp": null,
            "atempMax": null,
            "atempMin": null
        },
        {
            "obsdataId": 15140,
            "stationId": 138,
            "datatypeId": 15,
            "frequency": 4,
            "dateTime1": "2002-09-20T09:00:00",
            "time2": 180,
            "time3": 360,
            "time4": 540,
            "value1": 0.12,
            "value2": 0.12,
            "value3": 0.12,
            "value4": 0.12,
            "remarks": null,
            "createdBy": null,
            "createdOn": "2002-09-20T09:00:00",
            "updatedBy": null,
            "updatedOn": null,
            "lastSyncDate": null,
            "rlOfZeroGauge": 525.33,
            "rwaterTemp": null,
            "atempMax": null,
            "atempMin": null
        },
        {
            "obsdataId": 15156,
            "stationId": 138,
            "datatypeId": 15,
            "frequency": 4,
            "dateTime1": "2002-01-05T09:00:00",
            "time2": 180,
            "time3": 360,
            "time4": 540,
            "value1": 0.03,
            "value2": 0.03,
            "value3": 0.03,
            "value4": 0.03,
            "remarks": null,
            "createdBy": null,
            "createdOn": "2002-01-05T09:00:00",
            "updatedBy": null,
            "updatedOn": null,
            "lastSyncDate": null,
            "rlOfZeroGauge": 525.33,
            "rwaterTemp": null,
            "atempMax": null,
            "atempMin": null
        },
        {
            "obsdataId": 15447,
            "stationId": 138,
            "datatypeId": 15,
            "frequency": 4,
            "dateTime1": "2002-08-26T09:00:00",
            "time2": 180,
            "time3": 360,
            "time4": 540,
            "value1": 2.68,
            "value2": 2.68,
            "value3": 2.68,
            "value4": 2.68,
            "remarks": null,
            "createdBy": null,
            "createdOn": "2002-08-26T09:00:00",
            "updatedBy": null,
            "updatedOn": null,
            "lastSyncDate": null,
            "rlOfZeroGauge": 525.33,
            "rwaterTemp": null,
            "atempMax": null,
            "atempMin": null
        },
        {
            "obsdataId": 15632,
            "stationId": 138,
            "datatypeId": 15,
            "frequency": 4,
            "dateTime1": "2002-05-24T09:00:00",
            "time2": 180,
            "time3": 360,
            "time4": 540,
            "value1": -0.32,
            "value2": -0.32,
            "value3": -0.32,
            "value4": -0.32,
            "remarks": null,
            "createdBy": null,
            "createdOn": "2002-05-24T09:00:00",
            "updatedBy": null,
            "updatedOn": null,
            "lastSyncDate": null,
            "rlOfZeroGauge": 525.33,
            "rwaterTemp": null,
            "atempMax": null,
            "atempMin": null
        },
        {
            "obsdataId": 15775,
            "stationId": 138,
            "datatypeId": 15,
            "frequency": 4,
            "dateTime1": "2002-05-30T09:00:00",
            "time2": 180,
            "time3": 360,
            "time4": 540,
            "value1": -0.32,
            "value2": -0.32,
            "value3": -0.32,
            "value4": -0.32,
            "remarks": null,
            "createdBy": null,
            "createdOn": "2002-05-30T09:00:00",
            "updatedBy": null,
            "updatedOn": null,
            "lastSyncDate": null,
            "rlOfZeroGauge": 525.33,
            "rwaterTemp": null,
            "atempMax": null,
            "atempMin": null
        },
        {
            "obsdataId": 15804,
            "stationId": 138,
            "datatypeId": 15,
            "frequency": 4,
            "dateTime1": "2002-08-05T09:00:00",
            "time2": 180,
            "time3": 360,
            "time4": 540,
            "value1": -0.32,
            "value2": -0.32,
            "value3": -0.32,
            "value4": -0.32,
            "remarks": null,
            "createdBy": null,
            "createdOn": "2002-08-05T09:00:00",
            "updatedBy": null,
            "updatedOn": null,
            "lastSyncDate": null,
            "rlOfZeroGauge": 525.33,
            "rwaterTemp": null,
            "atempMax": null,
            "atempMin": null
        },
        {
            "obsdataId": 15861,
            "stationId": 138,
            "datatypeId": 15,
            "frequency": 4,
            "dateTime1": "2002-10-14T09:00:00",
            "time2": 180,
            "time3": 360,
            "time4": 540,
            "value1": 0.00,
            "value2": 0.00,
            "value3": 0.00,
            "value4": 0.00,
            "remarks": null,
            "createdBy": null,
            "createdOn": "2002-10-14T09:00:00",
            "updatedBy": null,
            "updatedOn": null,
            "lastSyncDate": null,
            "rlOfZeroGauge": 525.33,
            "rwaterTemp": null,
            "atempMax": null,
            "atempMin": null
        },
        {
            "obsdataId": 15978,
            "stationId": 138,
            "datatypeId": 15,
            "frequency": 4,
            "dateTime1": "2002-06-08T09:00:00",
            "time2": 180,
            "time3": 360,
            "time4": 540,
            "value1": -0.01,
            "value2": -0.01,
            "value3": -0.01,
            "value4": -0.01,
            "remarks": null,
            "createdBy": null,
            "createdOn": "2002-06-08T09:00:00",
            "updatedBy": null,
            "updatedOn": null,
            "lastSyncDate": null,
            "rlOfZeroGauge": 525.33,
            "rwaterTemp": null,
            "atempMax": null,
            "atempMin": null
        },
        {
            "obsdataId": 16059,
            "stationId": 138,
            "datatypeId": 15,
            "frequency": 4,
            "dateTime1": "2002-05-09T09:00:00",
            "time2": 180,
            "time3": 360,
            "time4": 540,
            "value1": -0.32,
            "value2": -0.32,
            "value3": -0.32,
            "value4": -0.32,
            "remarks": null,
            "createdBy": null,
            "createdOn": "2002-05-09T09:00:00",
            "updatedBy": null,
            "updatedOn": null,
            "lastSyncDate": null,
            "rlOfZeroGauge": 525.33,
            "rwaterTemp": null,
            "atempMax": null,
            "atempMin": null
        },
        {
            "obsdataId": 16184,
            "stationId": 138,
            "datatypeId": 15,
            "frequency": 4,
            "dateTime1": "2002-04-12T09:00:00",
            "time2": 180,
            "time3": 360,
            "time4": 540,
            "value1": -0.32,
            "value2": -0.32,
            "value3": -0.32,
            "value4": -0.32,
            "remarks": null,
            "createdBy": null,
            "createdOn": "2002-04-12T09:00:00",
            "updatedBy": null,
            "updatedOn": null,
            "lastSyncDate": null,
            "rlOfZeroGauge": 525.33,
            "rwaterTemp": null,
            "atempMax": null,
            "atempMin": null
        },
        {
            "obsdataId": 16203,
            "stationId": 138,
            "datatypeId": 15,
            "frequency": 4,
            "dateTime1": "2002-07-18T09:00:00",
            "time2": 180,
            "time3": 360,
            "time4": 540,
            "value1": -0.32,
            "value2": -0.32,
            "value3": -0.32,
            "value4": -0.32,
            "remarks": null,
            "createdBy": null,
            "createdOn": "2002-07-18T09:00:00",
            "updatedBy": null,
            "updatedOn": null,
            "lastSyncDate": null,
            "rlOfZeroGauge": 525.33,
            "rwaterTemp": null,
            "atempMax": null,
            "atempMin": null
        },
        {
            "obsdataId": 16347,
            "stationId": 138,
            "datatypeId": 15,
            "frequency": 4,
            "dateTime1": "2002-09-01T09:00:00",
            "time2": 180,
            "time3": 360,
            "time4": 540,
            "value1": 1.63,
            "value2": 1.63,
            "value3": 1.63,
            "value4": 1.63,
            "remarks": null,
            "createdBy": null,
            "createdOn": "2002-09-01T09:00:00",
            "updatedBy": null,
            "updatedOn": null,
            "lastSyncDate": null,
            "rlOfZeroGauge": 525.33,
            "rwaterTemp": null,
            "atempMax": null,
            "atempMin": null
        },
        {
            "obsdataId": 16433,
            "stationId": 138,
            "datatypeId": 15,
            "frequency": 4,
            "dateTime1": "2002-12-25T09:00:00",
            "time2": 180,
            "time3": 360,
            "time4": 540,
            "value1": 0.00,
            "value2": 0.00,
            "value3": 0.00,
            "value4": 0.00,
            "remarks": null,
            "createdBy": null,
            "createdOn": "2002-12-25T09:00:00",
            "updatedBy": null,
            "updatedOn": null,
            "lastSyncDate": null,
            "rlOfZeroGauge": 525.33,
            "rwaterTemp": null,
            "atempMax": null,
            "atempMin": null
        },
        {
            "obsdataId": 16597,
            "stationId": 138,
            "datatypeId": 15,
            "frequency": 4,
            "dateTime1": "2002-12-19T09:00:00",
            "time2": 180,
            "time3": 360,
            "time4": 540,
            "value1": 0.00,
            "value2": 0.00,
            "value3": 0.00,
            "value4": 0.00,
            "remarks": null,
            "createdBy": null,
            "createdOn": "2002-12-19T09:00:00",
            "updatedBy": null,
            "updatedOn": null,
            "lastSyncDate": null,
            "rlOfZeroGauge": 525.33,
            "rwaterTemp": null,
            "atempMax": null,
            "atempMin": null
        },
        {
            "obsdataId": 16894,
            "stationId": 138,
            "datatypeId": 15,
            "frequency": 4,
            "dateTime1": "2002-02-24T09:00:00",
            "time2": 180,
            "time3": 360,
            "time4": 540,
            "value1": -0.32,
            "value2": -0.32,
            "value3": -0.32,
            "value4": -0.32,
            "remarks": null,
            "createdBy": null,
            "createdOn": "2002-02-24T09:00:00",
            "updatedBy": null,
            "updatedOn": null,
            "lastSyncDate": null,
            "rlOfZeroGauge": 525.33,
            "rwaterTemp": null,
            "atempMax": null,
            "atempMin": null
        },
        {
            "obsdataId": 17036,
            "stationId": 138,
            "datatypeId": 15,
            "frequency": 4,
            "dateTime1": "2002-02-09T09:00:00",
            "time2": 180,
            "time3": 360,
            "time4": 540,
            "value1": 0.02,
            "value2": 0.02,
            "value3": 0.02,
            "value4": 0.02,
            "remarks": null,
            "createdBy": null,
            "createdOn": "2002-02-09T09:00:00",
            "updatedBy": null,
            "updatedOn": null,
            "lastSyncDate": null,
            "rlOfZeroGauge": 525.33,
            "rwaterTemp": null,
            "atempMax": null,
            "atempMin": null
        },
        {
            "obsdataId": 17314,
            "stationId": 138,
            "datatypeId": 15,
            "frequency": 4,
            "dateTime1": "1998-09-03T09:00:00",
            "time2": 180,
            "time3": 360,
            "time4": 540,
            "value1": 0.00,
            "value2": 0.00,
            "value3": 0.00,
            "value4": 0.00,
            "remarks": null,
            "createdBy": null,
            "createdOn": "1998-09-03T09:00:00",
            "updatedBy": null,
            "updatedOn": null,
            "lastSyncDate": null,
            "rlOfZeroGauge": null,
            "rwaterTemp": null,
            "atempMax": null,
            "atempMin": null
        },
        {
            "obsdataId": 17342,
            "stationId": 138,
            "datatypeId": 15,
            "frequency": 4,
            "dateTime1": "2002-11-12T09:00:00",
            "time2": 180,
            "time3": 360,
            "time4": 540,
            "value1": 0.00,
            "value2": 0.00,
            "value3": 0.00,
            "value4": 0.00,
            "remarks": null,
            "createdBy": null,
            "createdOn": "2002-11-12T09:00:00",
            "updatedBy": null,
            "updatedOn": null,
            "lastSyncDate": null,
            "rlOfZeroGauge": 525.33,
            "rwaterTemp": null,
            "atempMax": null,
            "atempMin": null
        },
        {
            "obsdataId": 17422,
            "stationId": 138,
            "datatypeId": 15,
            "frequency": 4,
            "dateTime1": "2002-06-04T09:00:00",
            "time2": 180,
            "time3": 360,
            "time4": 540,
            "value1": -0.32,
            "value2": -0.32,
            "value3": -0.32,
            "value4": -0.32,
            "remarks": null,
            "createdBy": null,
            "createdOn": "2002-06-04T09:00:00",
            "updatedBy": null,
            "updatedOn": null,
            "lastSyncDate": null,
            "rlOfZeroGauge": 525.33,
            "rwaterTemp": null,
            "atempMax": null,
            "atempMin": null
        },
        {
            "obsdataId": 17457,
            "stationId": 138,
            "datatypeId": 15,
            "frequency": 4,
            "dateTime1": "2002-03-27T09:00:00",
            "time2": 180,
            "time3": 360,
            "time4": 540,
            "value1": -0.32,
            "value2": -0.32,
            "value3": -0.32,
            "value4": -0.32,
            "remarks": null,
            "createdBy": null,
            "createdOn": "2002-03-27T09:00:00",
            "updatedBy": null,
            "updatedOn": null,
            "lastSyncDate": null,
            "rlOfZeroGauge": 525.33,
            "rwaterTemp": null,
            "atempMax": null,
            "atempMin": null
        },
        {
            "obsdataId": 17576,
            "stationId": 138,
            "datatypeId": 15,
            "frequency": 4,
            "dateTime1": "1998-09-23T09:00:00",
            "time2": 180,
            "time3": 360,
            "time4": 540,
            "value1": 0.00,
            "value2": 0.00,
            "value3": 0.00,
            "value4": 0.00,
            "remarks": null,
            "createdBy": null,
            "createdOn": "1998-09-23T09:00:00",
            "updatedBy": null,
            "updatedOn": null,
            "lastSyncDate": null,
            "rlOfZeroGauge": null,
            "rwaterTemp": null,
            "atempMax": null,
            "atempMin": null
        },
        {
            "obsdataId": 17656,
            "stationId": 138,
            "datatypeId": 15,
            "frequency": 4,
            "dateTime1": "1998-09-27T09:00:00",
            "time2": 180,
            "time3": 360,
            "time4": 540,
            "value1": 0.00,
            "value2": 0.00,
            "value3": 0.00,
            "value4": 0.00,
            "remarks": null,
            "createdBy": null,
            "createdOn": "1998-09-27T09:00:00",
            "updatedBy": null,
            "updatedOn": null,
            "lastSyncDate": null,
            "rlOfZeroGauge": null,
            "rwaterTemp": null,
            "atempMax": null,
            "atempMin": null
        },
        {
            "obsdataId": 17804,
            "stationId": 138,
            "datatypeId": 15,
            "frequency": 4,
            "dateTime1": "2002-03-23T09:00:00",
            "time2": 180,
            "time3": 360,
            "time4": 540,
            "value1": -0.32,
            "value2": -0.32,
            "value3": -0.32,
            "value4": -0.32,
            "remarks": null,
            "createdBy": null,
            "createdOn": "2002-03-23T09:00:00",
            "updatedBy": null,
            "updatedOn": null,
            "lastSyncDate": null,
            "rlOfZeroGauge": 525.33,
            "rwaterTemp": null,
            "atempMax": null,
            "atempMin": null
        },
        {
            "obsdataId": 17856,
            "stationId": 138,
            "datatypeId": 15,
            "frequency": 4,
            "dateTime1": "2002-02-18T09:00:00",
            "time2": 180,
            "time3": 360,
            "time4": 540,
            "value1": -0.32,
            "value2": -0.32,
            "value3": -0.32,
            "value4": -0.32,
            "remarks": null,
            "createdBy": null,
            "createdOn": "2002-02-18T09:00:00",
            "updatedBy": null,
            "updatedOn": null,
            "lastSyncDate": null,
            "rlOfZeroGauge": 525.33,
            "rwaterTemp": null,
            "atempMax": null,
            "atempMin": null
        },
        {
            "obsdataId": 17872,
            "stationId": 138,
            "datatypeId": 15,
            "frequency": 4,
            "dateTime1": "2002-10-12T09:00:00",
            "time2": 180,
            "time3": 360,
            "time4": 540,
            "value1": 0.00,
            "value2": 0.00,
            "value3": 0.00,
            "value4": 0.00,
            "remarks": null,
            "createdBy": null,
            "createdOn": "2002-10-12T09:00:00",
            "updatedBy": null,
            "updatedOn": null,
            "lastSyncDate": null,
            "rlOfZeroGauge": 525.33,
            "rwaterTemp": null,
            "atempMax": null,
            "atempMin": null
        },
        {
            "obsdataId": 18110,
            "stationId": 138,
            "datatypeId": 15,
            "frequency": 4,
            "dateTime1": "2002-03-03T09:00:00",
            "time2": 180,
            "time3": 360,
            "time4": 540,
            "value1": -0.32,
            "value2": -0.32,
            "value3": -0.32,
            "value4": -0.32,
            "remarks": null,
            "createdBy": null,
            "createdOn": "2002-03-03T09:00:00",
            "updatedBy": null,
            "updatedOn": null,
            "lastSyncDate": null,
            "rlOfZeroGauge": 525.33,
            "rwaterTemp": null,
            "atempMax": null,
            "atempMin": null
        },
        {
            "obsdataId": 18183,
            "stationId": 138,
            "datatypeId": 15,
            "frequency": 4,
            "dateTime1": "2002-06-11T09:00:00",
            "time2": 180,
            "time3": 360,
            "time4": 540,
            "value1": -0.05,
            "value2": -0.05,
            "value3": -0.05,
            "value4": -0.05,
            "remarks": null,
            "createdBy": null,
            "createdOn": "2002-06-11T09:00:00",
            "updatedBy": null,
            "updatedOn": null,
            "lastSyncDate": null,
            "rlOfZeroGauge": 525.33,
            "rwaterTemp": null,
            "atempMax": null,
            "atempMin": null
        },
        {
            "obsdataId": 18233,
            "stationId": 138,
            "datatypeId": 15,
            "frequency": 4,
            "dateTime1": "2002-04-14T09:00:00",
            "time2": 180,
            "time3": 360,
            "time4": 540,
            "value1": -0.32,
            "value2": -0.32,
            "value3": -0.32,
            "value4": -0.32,
            "remarks": null,
            "createdBy": null,
            "createdOn": "2002-04-14T09:00:00",
            "updatedBy": null,
            "updatedOn": null,
            "lastSyncDate": null,
            "rlOfZeroGauge": 525.33,
            "rwaterTemp": null,
            "atempMax": null,
            "atempMin": null
        },
        {
            "obsdataId": 18450,
            "stationId": 138,
            "datatypeId": 15,
            "frequency": 4,
            "dateTime1": "2002-06-10T09:00:00",
            "time2": 180,
            "time3": 360,
            "time4": 540,
            "value1": -0.04,
            "value2": -0.04,
            "value3": -0.04,
            "value4": -0.04,
            "remarks": null,
            "createdBy": null,
            "createdOn": "2002-06-10T09:00:00",
            "updatedBy": null,
            "updatedOn": null,
            "lastSyncDate": null,
            "rlOfZeroGauge": 525.33,
            "rwaterTemp": null,
            "atempMax": null,
            "atempMin": null
        },
        {
            "obsdataId": 18949,
            "stationId": 138,
            "datatypeId": 15,
            "frequency": 4,
            "dateTime1": "2002-04-24T09:00:00",
            "time2": 180,
            "time3": 360,
            "time4": 540,
            "value1": -0.32,
            "value2": -0.32,
            "value3": -0.32,
            "value4": -0.32,
            "remarks": null,
            "createdBy": null,
            "createdOn": "2002-04-24T09:00:00",
            "updatedBy": null,
            "updatedOn": null,
            "lastSyncDate": null,
            "rlOfZeroGauge": 525.33,
            "rwaterTemp": null,
            "atempMax": null,
            "atempMin": null
        },
        {
            "obsdataId": 19001,
            "stationId": 138,
            "datatypeId": 15,
            "frequency": 4,
            "dateTime1": "2002-04-30T09:00:00",
            "time2": 180,
            "time3": 360,
            "time4": 540,
            "value1": -0.32,
            "value2": -0.32,
            "value3": -0.32,
            "value4": -0.32,
            "remarks": null,
            "createdBy": null,
            "createdOn": "2002-04-30T09:00:00",
            "updatedBy": null,
            "updatedOn": null,
            "lastSyncDate": null,
            "rlOfZeroGauge": 525.33,
            "rwaterTemp": null,
            "atempMax": null,
            "atempMin": null
        },
        {
            "obsdataId": 19006,
            "stationId": 138,
            "datatypeId": 15,
            "frequency": 4,
            "dateTime1": "2002-09-07T09:00:00",
            "time2": 180,
            "time3": 360,
            "time4": 540,
            "value1": 2.68,
            "value2": 2.68,
            "value3": 2.68,
            "value4": 2.68,
            "remarks": null,
            "createdBy": null,
            "createdOn": "2002-09-07T09:00:00",
            "updatedBy": null,
            "updatedOn": null,
            "lastSyncDate": null,
            "rlOfZeroGauge": 525.33,
            "rwaterTemp": null,
            "atempMax": null,
            "atempMin": null
        },
        {
            "obsdataId": 19095,
            "stationId": 138,
            "datatypeId": 15,
            "frequency": 4,
            "dateTime1": "2002-06-26T09:00:00",
            "time2": 180,
            "time3": 360,
            "time4": 540,
            "value1": 0.06,
            "value2": 0.06,
            "value3": 0.06,
            "value4": 0.06,
            "remarks": null,
            "createdBy": null,
            "createdOn": "2002-06-26T09:00:00",
            "updatedBy": null,
            "updatedOn": null,
            "lastSyncDate": null,
            "rlOfZeroGauge": 525.33,
            "rwaterTemp": null,
            "atempMax": null,
            "atempMin": null
        },
        {
            "obsdataId": 19311,
            "stationId": 138,
            "datatypeId": 15,
            "frequency": 4,
            "dateTime1": "2002-06-05T09:00:00",
            "time2": 180,
            "time3": 360,
            "time4": 540,
            "value1": -0.32,
            "value2": -0.32,
            "value3": -0.32,
            "value4": -0.32,
            "remarks": null,
            "createdBy": null,
            "createdOn": "2002-06-05T09:00:00",
            "updatedBy": null,
            "updatedOn": null,
            "lastSyncDate": null,
            "rlOfZeroGauge": 525.33,
            "rwaterTemp": null,
            "atempMax": null,
            "atempMin": null
        },
        {
            "obsdataId": 19419,
            "stationId": 138,
            "datatypeId": 15,
            "frequency": 4,
            "dateTime1": "2002-05-12T09:00:00",
            "time2": 180,
            "time3": 360,
            "time4": 540,
            "value1": -0.32,
            "value2": -0.32,
            "value3": -0.32,
            "value4": -0.32,
            "remarks": null,
            "createdBy": null,
            "createdOn": "2002-05-12T09:00:00",
            "updatedBy": null,
            "updatedOn": null,
            "lastSyncDate": null,
            "rlOfZeroGauge": 525.33,
            "rwaterTemp": null,
            "atempMax": null,
            "atempMin": null
        },
        {
            "obsdataId": 19430,
            "stationId": 138,
            "datatypeId": 15,
            "frequency": 4,
            "dateTime1": "2002-08-08T09:00:00",
            "time2": 180,
            "time3": 360,
            "time4": 540,
            "value1": -0.32,
            "value2": -0.32,
            "value3": -0.32,
            "value4": -0.32,
            "remarks": null,
            "createdBy": null,
            "createdOn": "2002-08-08T09:00:00",
            "updatedBy": null,
            "updatedOn": null,
            "lastSyncDate": null,
            "rlOfZeroGauge": 525.33,
            "rwaterTemp": null,
            "atempMax": null,
            "atempMin": null
        },
        {
            "obsdataId": 19515,
            "stationId": 138,
            "datatypeId": 15,
            "frequency": 4,
            "dateTime1": "2002-03-25T09:00:00",
            "time2": 180,
            "time3": 360,
            "time4": 540,
            "value1": -0.32,
            "value2": -0.32,
            "value3": -0.32,
            "value4": -0.32,
            "remarks": null,
            "createdBy": null,
            "createdOn": "2002-03-25T09:00:00",
            "updatedBy": null,
            "updatedOn": null,
            "lastSyncDate": null,
            "rlOfZeroGauge": 525.33,
            "rwaterTemp": null,
            "atempMax": null,
            "atempMin": null
        },
        {
            "obsdataId": 19565,
            "stationId": 138,
            "datatypeId": 15,
            "frequency": 4,
            "dateTime1": "2002-01-21T09:00:00",
            "time2": 180,
            "time3": 360,
            "time4": 540,
            "value1": 0.06,
            "value2": 0.06,
            "value3": 0.06,
            "value4": 0.06,
            "remarks": null,
            "createdBy": null,
            "createdOn": "2002-01-21T09:00:00",
            "updatedBy": null,
            "updatedOn": null,
            "lastSyncDate": null,
            "rlOfZeroGauge": 525.33,
            "rwaterTemp": null,
            "atempMax": null,
            "atempMin": null
        },
        {
            "obsdataId": 19989,
            "stationId": 138,
            "datatypeId": 15,
            "frequency": 4,
            "dateTime1": "2002-04-09T09:00:00",
            "time2": 180,
            "time3": 360,
            "time4": 540,
            "value1": -0.32,
            "value2": -0.32,
            "value3": -0.32,
            "value4": -0.32,
            "remarks": null,
            "createdBy": null,
            "createdOn": "2002-04-09T09:00:00",
            "updatedBy": null,
            "updatedOn": null,
            "lastSyncDate": null,
            "rlOfZeroGauge": 525.33,
            "rwaterTemp": null,
            "atempMax": null,
            "atempMin": null
        },
        {
            "obsdataId": 20033,
            "stationId": 138,
            "datatypeId": 15,
            "frequency": 4,
            "dateTime1": "2002-02-14T09:00:00",
            "time2": 180,
            "time3": 360,
            "time4": 540,
            "value1": -0.32,
            "value2": -0.32,
            "value3": -0.32,
            "value4": -0.32,
            "remarks": null,
            "createdBy": null,
            "createdOn": "2002-02-14T09:00:00",
            "updatedBy": null,
            "updatedOn": null,
            "lastSyncDate": null,
            "rlOfZeroGauge": 525.33,
            "rwaterTemp": null,
            "atempMax": null,
            "atempMin": null
        },
        {
            "obsdataId": 20220,
            "stationId": 138,
            "datatypeId": 15,
            "frequency": 4,
            "dateTime1": "2002-01-08T09:00:00",
            "time2": 180,
            "time3": 360,
            "time4": 540,
            "value1": 0.14,
            "value2": 0.14,
            "value3": 0.14,
            "value4": 0.14,
            "remarks": null,
            "createdBy": null,
            "createdOn": "2002-01-08T09:00:00",
            "updatedBy": null,
            "updatedOn": null,
            "lastSyncDate": null,
            "rlOfZeroGauge": 525.33,
            "rwaterTemp": null,
            "atempMax": null,
            "atempMin": null
        },
        {
            "obsdataId": 20258,
            "stationId": 138,
            "datatypeId": 15,
            "frequency": 4,
            "dateTime1": "2002-08-21T09:00:00",
            "time2": 180,
            "time3": 360,
            "time4": 540,
            "value1": 0.02,
            "value2": 0.02,
            "value3": 0.02,
            "value4": 0.02,
            "remarks": null,
            "createdBy": null,
            "createdOn": "2002-08-21T09:00:00",
            "updatedBy": null,
            "updatedOn": null,
            "lastSyncDate": null,
            "rlOfZeroGauge": 525.33,
            "rwaterTemp": null,
            "atempMax": null,
            "atempMin": null
        },
        {
            "obsdataId": 20268,
            "stationId": 138,
            "datatypeId": 15,
            "frequency": 4,
            "dateTime1": "2002-09-29T09:00:00",
            "time2": 180,
            "time3": 360,
            "time4": 540,
            "value1": 0.02,
            "value2": 0.02,
            "value3": 0.02,
            "value4": 0.02,
            "remarks": null,
            "createdBy": null,
            "createdOn": "2002-09-29T09:00:00",
            "updatedBy": null,
            "updatedOn": null,
            "lastSyncDate": null,
            "rlOfZeroGauge": 525.33,
            "rwaterTemp": null,
            "atempMax": null,
            "atempMin": null
        },
        {
            "obsdataId": 20356,
            "stationId": 138,
            "datatypeId": 15,
            "frequency": 4,
            "dateTime1": "1998-09-25T09:00:00",
            "time2": 180,
            "time3": 360,
            "time4": 540,
            "value1": 0.00,
            "value2": 0.00,
            "value3": 0.00,
            "value4": 0.00,
            "remarks": null,
            "createdBy": null,
            "createdOn": "1998-09-25T09:00:00",
            "updatedBy": null,
            "updatedOn": null,
            "lastSyncDate": null,
            "rlOfZeroGauge": null,
            "rwaterTemp": null,
            "atempMax": null,
            "atempMin": null
        },
        {
            "obsdataId": 20381,
            "stationId": 138,
            "datatypeId": 15,
            "frequency": 4,
            "dateTime1": "2002-04-18T09:00:00",
            "time2": 180,
            "time3": 360,
            "time4": 540,
            "value1": -0.32,
            "value2": -0.32,
            "value3": -0.32,
            "value4": -0.32,
            "remarks": null,
            "createdBy": null,
            "createdOn": "2002-04-18T09:00:00",
            "updatedBy": null,
            "updatedOn": null,
            "lastSyncDate": null,
            "rlOfZeroGauge": 525.33,
            "rwaterTemp": null,
            "atempMax": null,
            "atempMin": null
        },
        {
            "obsdataId": 20407,
            "stationId": 138,
            "datatypeId": 15,
            "frequency": 4,
            "dateTime1": "2002-07-12T09:00:00",
            "time2": 180,
            "time3": 360,
            "time4": 540,
            "value1": -0.32,
            "value2": -0.32,
            "value3": -0.32,
            "value4": -0.32,
            "remarks": null,
            "createdBy": null,
            "createdOn": "2002-07-12T09:00:00",
            "updatedBy": null,
            "updatedOn": null,
            "lastSyncDate": null,
            "rlOfZeroGauge": 525.33,
            "rwaterTemp": null,
            "atempMax": null,
            "atempMin": null
        },
        {
            "obsdataId": 20432,
            "stationId": 138,
            "datatypeId": 15,
            "frequency": 4,
            "dateTime1": "2002-09-02T09:00:00",
            "time2": 180,
            "time3": 360,
            "time4": 540,
            "value1": 1.68,
            "value2": 1.68,
            "value3": 1.68,
            "value4": 1.68,
            "remarks": null,
            "createdBy": null,
            "createdOn": "2002-09-02T09:00:00",
            "updatedBy": null,
            "updatedOn": null,
            "lastSyncDate": null,
            "rlOfZeroGauge": 525.33,
            "rwaterTemp": null,
            "atempMax": null,
            "atempMin": null
        },
        {
            "obsdataId": 21253,
            "stationId": 138,
            "datatypeId": 15,
            "frequency": 4,
            "dateTime1": "2002-12-03T09:00:00",
            "time2": 180,
            "time3": 360,
            "time4": 540,
            "value1": 0.00,
            "value2": 0.00,
            "value3": 0.00,
            "value4": 0.00,
            "remarks": null,
            "createdBy": null,
            "createdOn": "2002-12-03T09:00:00",
            "updatedBy": null,
            "updatedOn": null,
            "lastSyncDate": null,
            "rlOfZeroGauge": 525.33,
            "rwaterTemp": null,
            "atempMax": null,
            "atempMin": null
        },
        {
            "obsdataId": 21274,
            "stationId": 138,
            "datatypeId": 15,
            "frequency": 4,
            "dateTime1": "2002-10-09T09:00:00",
            "time2": 180,
            "time3": 360,
            "time4": 540,
            "value1": 0.00,
            "value2": 0.00,
            "value3": 0.00,
            "value4": 0.00,
            "remarks": null,
            "createdBy": null,
            "createdOn": "2002-10-09T09:00:00",
            "updatedBy": null,
            "updatedOn": null,
            "lastSyncDate": null,
            "rlOfZeroGauge": 525.33,
            "rwaterTemp": null,
            "atempMax": null,
            "atempMin": null
        },
        {
            "obsdataId": 21468,
            "stationId": 138,
            "datatypeId": 15,
            "frequency": 4,
            "dateTime1": "2002-05-14T09:00:00",
            "time2": 180,
            "time3": 360,
            "time4": 540,
            "value1": -0.32,
            "value2": -0.32,
            "value3": -0.32,
            "value4": -0.32,
            "remarks": null,
            "createdBy": null,
            "createdOn": "2002-05-14T09:00:00",
            "updatedBy": null,
            "updatedOn": null,
            "lastSyncDate": null,
            "rlOfZeroGauge": 525.33,
            "rwaterTemp": null,
            "atempMax": null,
            "atempMin": null
        },
        {
            "obsdataId": 21504,
            "stationId": 138,
            "datatypeId": 15,
            "frequency": 4,
            "dateTime1": "2002-11-18T09:00:00",
            "time2": 180,
            "time3": 360,
            "time4": 540,
            "value1": 0.00,
            "value2": 0.00,
            "value3": 0.00,
            "value4": 0.00,
            "remarks": null,
            "createdBy": null,
            "createdOn": "2002-11-18T09:00:00",
            "updatedBy": null,
            "updatedOn": null,
            "lastSyncDate": null,
            "rlOfZeroGauge": 525.33,
            "rwaterTemp": null,
            "atempMax": null,
            "atempMin": null
        },
        {
            "obsdataId": 21543,
            "stationId": 138,
            "datatypeId": 15,
            "frequency": 4,
            "dateTime1": "2002-12-23T09:00:00",
            "time2": 180,
            "time3": 360,
            "time4": 540,
            "value1": 0.00,
            "value2": 0.00,
            "value3": 0.00,
            "value4": 0.00,
            "remarks": null,
            "createdBy": null,
            "createdOn": "2002-12-23T09:00:00",
            "updatedBy": null,
            "updatedOn": null,
            "lastSyncDate": null,
            "rlOfZeroGauge": 525.33,
            "rwaterTemp": null,
            "atempMax": null,
            "atempMin": null
        },
        {
            "obsdataId": 21698,
            "stationId": 138,
            "datatypeId": 15,
            "frequency": 4,
            "dateTime1": "2002-08-11T09:00:00",
            "time2": 180,
            "time3": 360,
            "time4": 540,
            "value1": -0.32,
            "value2": -0.32,
            "value3": -0.32,
            "value4": -0.32,
            "remarks": null,
            "createdBy": null,
            "createdOn": "2002-08-11T09:00:00",
            "updatedBy": null,
            "updatedOn": null,
            "lastSyncDate": null,
            "rlOfZeroGauge": 525.33,
            "rwaterTemp": null,
            "atempMax": null,
            "atempMin": null
        },
        {
            "obsdataId": 21759,
            "stationId": 138,
            "datatypeId": 15,
            "frequency": 4,
            "dateTime1": "2002-01-04T09:00:00",
            "time2": 180,
            "time3": 360,
            "time4": 540,
            "value1": 0.10,
            "value2": 0.10,
            "value3": 0.10,
            "value4": 0.10,
            "remarks": null,
            "createdBy": null,
            "createdOn": "2002-01-04T09:00:00",
            "updatedBy": null,
            "updatedOn": null,
            "lastSyncDate": null,
            "rlOfZeroGauge": 525.33,
            "rwaterTemp": null,
            "atempMax": null,
            "atempMin": null
        },
        {
            "obsdataId": 21884,
            "stationId": 138,
            "datatypeId": 15,
            "frequency": 4,
            "dateTime1": "2002-09-17T09:00:00",
            "time2": 180,
            "time3": 360,
            "time4": 540,
            "value1": 0.15,
            "value2": 0.15,
            "value3": 0.15,
            "value4": 0.15,
            "remarks": null,
            "createdBy": null,
            "createdOn": "2002-09-17T09:00:00",
            "updatedBy": null,
            "updatedOn": null,
            "lastSyncDate": null,
            "rlOfZeroGauge": 525.33,
            "rwaterTemp": null,
            "atempMax": null,
            "atempMin": null
        },
        {
            "obsdataId": 21903,
            "stationId": 138,
            "datatypeId": 15,
            "frequency": 4,
            "dateTime1": "1998-09-19T09:00:00",
            "time2": 180,
            "time3": 360,
            "time4": 540,
            "value1": 0.00,
            "value2": 0.00,
            "value3": 0.00,
            "value4": 0.00,
            "remarks": null,
            "createdBy": null,
            "createdOn": "1998-09-19T09:00:00",
            "updatedBy": null,
            "updatedOn": null,
            "lastSyncDate": null,
            "rlOfZeroGauge": null,
            "rwaterTemp": null,
            "atempMax": null,
            "atempMin": null
        },
        {
            "obsdataId": 22021,
            "stationId": 138,
            "datatypeId": 15,
            "frequency": 4,
            "dateTime1": "2002-08-10T09:00:00",
            "time2": 180,
            "time3": 360,
            "time4": 540,
            "value1": -0.32,
            "value2": -0.32,
            "value3": -0.32,
            "value4": -0.32,
            "remarks": null,
            "createdBy": null,
            "createdOn": "2002-08-10T09:00:00",
            "updatedBy": null,
            "updatedOn": null,
            "lastSyncDate": null,
            "rlOfZeroGauge": 525.33,
            "rwaterTemp": null,
            "atempMax": null,
            "atempMin": null
        },
        {
            "obsdataId": 22113,
            "stationId": 138,
            "datatypeId": 15,
            "frequency": 4,
            "dateTime1": "2002-01-31T09:00:00",
            "time2": 180,
            "time3": 360,
            "time4": 540,
            "value1": 0.00,
            "value2": 0.00,
            "value3": 0.00,
            "value4": 0.00,
            "remarks": null,
            "createdBy": null,
            "createdOn": "2002-01-31T09:00:00",
            "updatedBy": null,
            "updatedOn": null,
            "lastSyncDate": null,
            "rlOfZeroGauge": 525.33,
            "rwaterTemp": null,
            "atempMax": null,
            "atempMin": null
        },
        {
            "obsdataId": 22200,
            "stationId": 138,
            "datatypeId": 15,
            "frequency": 4,
            "dateTime1": "2002-10-30T09:00:00",
            "time2": 180,
            "time3": 360,
            "time4": 540,
            "value1": 0.00,
            "value2": 0.00,
            "value3": 0.00,
            "value4": 0.00,
            "remarks": null,
            "createdBy": null,
            "createdOn": "2002-10-30T09:00:00",
            "updatedBy": null,
            "updatedOn": null,
            "lastSyncDate": null,
            "rlOfZeroGauge": 525.33,
            "rwaterTemp": null,
            "atempMax": null,
            "atempMin": null
        },
        {
            "obsdataId": 22264,
            "stationId": 138,
            "datatypeId": 15,
            "frequency": 4,
            "dateTime1": "2002-10-24T09:00:00",
            "time2": 180,
            "time3": 360,
            "time4": 540,
            "value1": 0.00,
            "value2": 0.00,
            "value3": 0.00,
            "value4": 0.00,
            "remarks": null,
            "createdBy": null,
            "createdOn": "2002-10-24T09:00:00",
            "updatedBy": null,
            "updatedOn": null,
            "lastSyncDate": null,
            "rlOfZeroGauge": 525.33,
            "rwaterTemp": null,
            "atempMax": null,
            "atempMin": null
        },
        {
            "obsdataId": 22279,
            "stationId": 138,
            "datatypeId": 15,
            "frequency": 4,
            "dateTime1": "2002-09-22T09:00:00",
            "time2": 180,
            "time3": 360,
            "time4": 540,
            "value1": 2.18,
            "value2": 2.18,
            "value3": 2.18,
            "value4": 2.18,
            "remarks": null,
            "createdBy": null,
            "createdOn": "2002-09-22T09:00:00",
            "updatedBy": null,
            "updatedOn": null,
            "lastSyncDate": null,
            "rlOfZeroGauge": 525.33,
            "rwaterTemp": null,
            "atempMax": null,
            "atempMin": null
        },
        {
            "obsdataId": 22391,
            "stationId": 138,
            "datatypeId": 15,
            "frequency": 4,
            "dateTime1": "2002-01-10T09:00:00",
            "time2": 180,
            "time3": 360,
            "time4": 540,
            "value1": 0.14,
            "value2": 0.14,
            "value3": 0.14,
            "value4": 0.14,
            "remarks": null,
            "createdBy": null,
            "createdOn": "2002-01-10T09:00:00",
            "updatedBy": null,
            "updatedOn": null,
            "lastSyncDate": null,
            "rlOfZeroGauge": 525.33,
            "rwaterTemp": null,
            "atempMax": null,
            "atempMin": null
        },
        {
            "obsdataId": 22690,
            "stationId": 138,
            "datatypeId": 15,
            "frequency": 4,
            "dateTime1": "2002-03-19T09:00:00",
            "time2": 180,
            "time3": 360,
            "time4": 540,
            "value1": -0.32,
            "value2": -0.32,
            "value3": -0.32,
            "value4": -0.32,
            "remarks": null,
            "createdBy": null,
            "createdOn": "2002-03-19T09:00:00",
            "updatedBy": null,
            "updatedOn": null,
            "lastSyncDate": null,
            "rlOfZeroGauge": 525.33,
            "rwaterTemp": null,
            "atempMax": null,
            "atempMin": null
        },
        {
            "obsdataId": 22702,
            "stationId": 138,
            "datatypeId": 15,
            "frequency": 4,
            "dateTime1": "2002-09-13T09:00:00",
            "time2": 180,
            "time3": 360,
            "time4": 540,
            "value1": 2.03,
            "value2": 2.03,
            "value3": 2.03,
            "value4": 2.03,
            "remarks": null,
            "createdBy": null,
            "createdOn": "2002-09-13T09:00:00",
            "updatedBy": null,
            "updatedOn": null,
            "lastSyncDate": null,
            "rlOfZeroGauge": 525.33,
            "rwaterTemp": null,
            "atempMax": null,
            "atempMin": null
        },
        {
            "obsdataId": 22715,
            "stationId": 138,
            "datatypeId": 15,
            "frequency": 4,
            "dateTime1": "2002-11-30T09:00:00",
            "time2": 180,
            "time3": 360,
            "time4": 540,
            "value1": 0.00,
            "value2": 0.00,
            "value3": 0.00,
            "value4": 0.00,
            "remarks": null,
            "createdBy": null,
            "createdOn": "2002-11-30T09:00:00",
            "updatedBy": null,
            "updatedOn": null,
            "lastSyncDate": null,
            "rlOfZeroGauge": 525.33,
            "rwaterTemp": null,
            "atempMax": null,
            "atempMin": null
        },
        {
            "obsdataId": 22820,
            "stationId": 138,
            "datatypeId": 15,
            "frequency": 4,
            "dateTime1": "2002-09-16T09:00:00",
            "time2": 180,
            "time3": 360,
            "time4": 540,
            "value1": 0.15,
            "value2": 0.15,
            "value3": 0.15,
            "value4": 0.15,
            "remarks": null,
            "createdBy": null,
            "createdOn": "2002-09-16T09:00:00",
            "updatedBy": null,
            "updatedOn": null,
            "lastSyncDate": null,
            "rlOfZeroGauge": 525.33,
            "rwaterTemp": null,
            "atempMax": null,
            "atempMin": null
        },
        {
            "obsdataId": 22822,
            "stationId": 138,
            "datatypeId": 15,
            "frequency": 4,
            "dateTime1": "2002-08-31T09:00:00",
            "time2": 180,
            "time3": 360,
            "time4": 540,
            "value1": 1.63,
            "value2": 1.63,
            "value3": 1.63,
            "value4": 1.63,
            "remarks": null,
            "createdBy": null,
            "createdOn": "2002-08-31T09:00:00",
            "updatedBy": null,
            "updatedOn": null,
            "lastSyncDate": null,
            "rlOfZeroGauge": 525.33,
            "rwaterTemp": null,
            "atempMax": null,
            "atempMin": null
        },
        {
            "obsdataId": 22842,
            "stationId": 138,
            "datatypeId": 15,
            "frequency": 4,
            "dateTime1": "2002-11-24T09:00:00",
            "time2": 180,
            "time3": 360,
            "time4": 540,
            "value1": 0.00,
            "value2": 0.00,
            "value3": 0.00,
            "value4": 0.00,
            "remarks": null,
            "createdBy": null,
            "createdOn": "2002-11-24T09:00:00",
            "updatedBy": null,
            "updatedOn": null,
            "lastSyncDate": null,
            "rlOfZeroGauge": 525.33,
            "rwaterTemp": null,
            "atempMax": null,
            "atempMin": null
        },
        {
            "obsdataId": 22977,
            "stationId": 138,
            "datatypeId": 15,
            "frequency": 4,
            "dateTime1": "2002-11-09T09:00:00",
            "time2": 180,
            "time3": 360,
            "time4": 540,
            "value1": 0.00,
            "value2": 0.00,
            "value3": 0.00,
            "value4": 0.00,
            "remarks": null,
            "createdBy": null,
            "createdOn": "2002-11-09T09:00:00",
            "updatedBy": null,
            "updatedOn": null,
            "lastSyncDate": null,
            "rlOfZeroGauge": 525.33,
            "rwaterTemp": null,
            "atempMax": null,
            "atempMin": null
        },
        {
            "obsdataId": 23129,
            "stationId": 138,
            "datatypeId": 15,
            "frequency": 4,
            "dateTime1": "2002-02-12T09:00:00",
            "time2": 180,
            "time3": 360,
            "time4": 540,
            "value1": -0.32,
            "value2": -0.32,
            "value3": -0.32,
            "value4": -0.32,
            "remarks": null,
            "createdBy": null,
            "createdOn": "2002-02-12T09:00:00",
            "updatedBy": null,
            "updatedOn": null,
            "lastSyncDate": null,
            "rlOfZeroGauge": 525.33,
            "rwaterTemp": null,
            "atempMax": null,
            "atempMin": null
        },
        {
            "obsdataId": 23146,
            "stationId": 138,
            "datatypeId": 15,
            "frequency": 4,
            "dateTime1": "2002-09-06T09:00:00",
            "time2": 180,
            "time3": 360,
            "time4": 540,
            "value1": 2.58,
            "value2": 2.58,
            "value3": 2.58,
            "value4": 2.58,
            "remarks": null,
            "createdBy": null,
            "createdOn": "2002-09-06T09:00:00",
            "updatedBy": null,
            "updatedOn": null,
            "lastSyncDate": null,
            "rlOfZeroGauge": 525.33,
            "rwaterTemp": null,
            "atempMax": null,
            "atempMin": null
        },
        {
            "obsdataId": 23147,
            "stationId": 138,
            "datatypeId": 15,
            "frequency": 4,
            "dateTime1": "2002-10-18T09:00:00",
            "time2": 180,
            "time3": 360,
            "time4": 540,
            "value1": 0.00,
            "value2": 0.00,
            "value3": 0.00,
            "value4": 0.00,
            "remarks": null,
            "createdBy": null,
            "createdOn": "2002-10-18T09:00:00",
            "updatedBy": null,
            "updatedOn": null,
            "lastSyncDate": null,
            "rlOfZeroGauge": 525.33,
            "rwaterTemp": null,
            "atempMax": null,
            "atempMin": null
        },
        {
            "obsdataId": 23166,
            "stationId": 138,
            "datatypeId": 15,
            "frequency": 4,
            "dateTime1": "2002-12-27T09:00:00",
            "time2": 180,
            "time3": 360,
            "time4": 540,
            "value1": 0.00,
            "value2": 0.00,
            "value3": 0.00,
            "value4": 0.00,
            "remarks": null,
            "createdBy": null,
            "createdOn": "2002-12-27T09:00:00",
            "updatedBy": null,
            "updatedOn": null,
            "lastSyncDate": null,
            "rlOfZeroGauge": 525.33,
            "rwaterTemp": null,
            "atempMax": null,
            "atempMin": null
        },
        {
            "obsdataId": 23184,
            "stationId": 138,
            "datatypeId": 15,
            "frequency": 4,
            "dateTime1": "2002-01-11T09:00:00",
            "time2": 180,
            "time3": 360,
            "time4": 540,
            "value1": 0.13,
            "value2": 0.13,
            "value3": 0.13,
            "value4": 0.13,
            "remarks": null,
            "createdBy": null,
            "createdOn": "2002-01-11T09:00:00",
            "updatedBy": null,
            "updatedOn": null,
            "lastSyncDate": null,
            "rlOfZeroGauge": 525.33,
            "rwaterTemp": null,
            "atempMax": null,
            "atempMin": null
        },
        {
            "obsdataId": 23266,
            "stationId": 138,
            "datatypeId": 15,
            "frequency": 4,
            "dateTime1": "2002-08-04T09:00:00",
            "time2": 180,
            "time3": 360,
            "time4": 540,
            "value1": -0.32,
            "value2": -0.32,
            "value3": -0.32,
            "value4": -0.32,
            "remarks": null,
            "createdBy": null,
            "createdOn": "2002-08-04T09:00:00",
            "updatedBy": null,
            "updatedOn": null,
            "lastSyncDate": null,
            "rlOfZeroGauge": 525.33,
            "rwaterTemp": null,
            "atempMax": null,
            "atempMin": null
        },
        {
            "obsdataId": 23368,
            "stationId": 138,
            "datatypeId": 15,
            "frequency": 4,
            "dateTime1": "2002-07-14T09:00:00",
            "time2": 180,
            "time3": 360,
            "time4": 540,
            "value1": -0.32,
            "value2": -0.32,
            "value3": -0.32,
            "value4": -0.32,
            "remarks": null,
            "createdBy": null,
            "createdOn": "2002-07-14T09:00:00",
            "updatedBy": null,
            "updatedOn": null,
            "lastSyncDate": null,
            "rlOfZeroGauge": 525.33,
            "rwaterTemp": null,
            "atempMax": null,
            "atempMin": null
        },
        {
            "obsdataId": 23531,
            "stationId": 138,
            "datatypeId": 15,
            "frequency": 4,
            "dateTime1": "2002-04-10T09:00:00",
            "time2": 180,
            "time3": 360,
            "time4": 540,
            "value1": -0.32,
            "value2": -0.32,
            "value3": -0.32,
            "value4": -0.32,
            "remarks": null,
            "createdBy": null,
            "createdOn": "2002-04-10T09:00:00",
            "updatedBy": null,
            "updatedOn": null,
            "lastSyncDate": null,
            "rlOfZeroGauge": 525.33,
            "rwaterTemp": null,
            "atempMax": null,
            "atempMin": null
        },
        {
            "obsdataId": 23718,
            "stationId": 138,
            "datatypeId": 15,
            "frequency": 4,
            "dateTime1": "1998-09-22T09:00:00",
            "time2": 180,
            "time3": 360,
            "time4": 540,
            "value1": 0.00,
            "value2": 0.00,
            "value3": 0.00,
            "value4": 0.00,
            "remarks": null,
            "createdBy": null,
            "createdOn": "1998-09-22T09:00:00",
            "updatedBy": null,
            "updatedOn": null,
            "lastSyncDate": null,
            "rlOfZeroGauge": null,
            "rwaterTemp": null,
            "atempMax": null,
            "atempMin": null
        },
        {
            "obsdataId": 23768,
            "stationId": 138,
            "datatypeId": 15,
            "frequency": 4,
            "dateTime1": "2002-09-19T09:00:00",
            "time2": 180,
            "time3": 360,
            "time4": 540,
            "value1": 0.13,
            "value2": 0.13,
            "value3": 0.13,
            "value4": 0.13,
            "remarks": null,
            "createdBy": null,
            "createdOn": "2002-09-19T09:00:00",
            "updatedBy": null,
            "updatedOn": null,
            "lastSyncDate": null,
            "rlOfZeroGauge": 525.33,
            "rwaterTemp": null,
            "atempMax": null,
            "atempMin": null
        },
        {
            "obsdataId": 23793,
            "stationId": 138,
            "datatypeId": 15,
            "frequency": 4,
            "dateTime1": "2002-03-13T09:00:00",
            "time2": 180,
            "time3": 360,
            "time4": 540,
            "value1": -0.32,
            "value2": -0.32,
            "value3": -0.32,
            "value4": -0.32,
            "remarks": null,
            "createdBy": null,
            "createdOn": "2002-03-13T09:00:00",
            "updatedBy": null,
            "updatedOn": null,
            "lastSyncDate": null,
            "rlOfZeroGauge": 525.33,
            "rwaterTemp": null,
            "atempMax": null,
            "atempMin": null
        },
        {
            "obsdataId": 23814,
            "stationId": 138,
            "datatypeId": 15,
            "frequency": 4,
            "dateTime1": "1998-09-17T09:00:00",
            "time2": 180,
            "time3": 360,
            "time4": 540,
            "value1": 0.00,
            "value2": 0.00,
            "value3": 0.00,
            "value4": 0.00,
            "remarks": null,
            "createdBy": null,
            "createdOn": "1998-09-17T09:00:00",
            "updatedBy": null,
            "updatedOn": null,
            "lastSyncDate": null,
            "rlOfZeroGauge": null,
            "rwaterTemp": null,
            "atempMax": null,
            "atempMin": null
        },
        {
            "obsdataId": 23935,
            "stationId": 138,
            "datatypeId": 15,
            "frequency": 4,
            "dateTime1": "2002-03-16T09:00:00",
            "time2": 180,
            "time3": 360,
            "time4": 540,
            "value1": -0.32,
            "value2": -0.32,
            "value3": -0.32,
            "value4": -0.32,
            "remarks": null,
            "createdBy": null,
            "createdOn": "2002-03-16T09:00:00",
            "updatedBy": null,
            "updatedOn": null,
            "lastSyncDate": null,
            "rlOfZeroGauge": 525.33,
            "rwaterTemp": null,
            "atempMax": null,
            "atempMin": null
        },
        {
            "obsdataId": 24372,
            "stationId": 138,
            "datatypeId": 15,
            "frequency": 4,
            "dateTime1": "2002-03-06T09:00:00",
            "time2": 180,
            "time3": 360,
            "time4": 540,
            "value1": -0.32,
            "value2": -0.32,
            "value3": -0.32,
            "value4": -0.32,
            "remarks": null,
            "createdBy": null,
            "createdOn": "2002-03-06T09:00:00",
            "updatedBy": null,
            "updatedOn": null,
            "lastSyncDate": null,
            "rlOfZeroGauge": 525.33,
            "rwaterTemp": null,
            "atempMax": null,
            "atempMin": null
        },
        {
            "obsdataId": 24415,
            "stationId": 138,
            "datatypeId": 15,
            "frequency": 4,
            "dateTime1": "2002-06-14T09:00:00",
            "time2": 180,
            "time3": 360,
            "time4": 540,
            "value1": -0.32,
            "value2": -0.32,
            "value3": -0.32,
            "value4": -0.32,
            "remarks": null,
            "createdBy": null,
            "createdOn": "2002-06-14T09:00:00",
            "updatedBy": null,
            "updatedOn": null,
            "lastSyncDate": null,
            "rlOfZeroGauge": 525.33,
            "rwaterTemp": null,
            "atempMax": null,
            "atempMin": null
        },
        {
            "obsdataId": 24455,
            "stationId": 138,
            "datatypeId": 15,
            "frequency": 4,
            "dateTime1": "2002-04-11T09:00:00",
            "time2": 180,
            "time3": 360,
            "time4": 540,
            "value1": -0.32,
            "value2": -0.32,
            "value3": -0.32,
            "value4": -0.32,
            "remarks": null,
            "createdBy": null,
            "createdOn": "2002-04-11T09:00:00",
            "updatedBy": null,
            "updatedOn": null,
            "lastSyncDate": null,
            "rlOfZeroGauge": 525.33,
            "rwaterTemp": null,
            "atempMax": null,
            "atempMin": null
        },
        {
            "obsdataId": 24510,
            "stationId": 138,
            "datatypeId": 15,
            "frequency": 4,
            "dateTime1": "2002-10-08T09:00:00",
            "time2": 180,
            "time3": 360,
            "time4": 540,
            "value1": 0.00,
            "value2": 0.00,
            "value3": 0.00,
            "value4": 0.00,
            "remarks": null,
            "createdBy": null,
            "createdOn": "2002-10-08T09:00:00",
            "updatedBy": null,
            "updatedOn": null,
            "lastSyncDate": null,
            "rlOfZeroGauge": 525.33,
            "rwaterTemp": null,
            "atempMax": null,
            "atempMin": null
        },
        {
            "obsdataId": 24555,
            "stationId": 138,
            "datatypeId": 15,
            "frequency": 4,
            "dateTime1": "2002-11-21T09:00:00",
            "time2": 180,
            "time3": 360,
            "time4": 540,
            "value1": 0.00,
            "value2": 0.00,
            "value3": 0.00,
            "value4": 0.00,
            "remarks": null,
            "createdBy": null,
            "createdOn": "2002-11-21T09:00:00",
            "updatedBy": null,
            "updatedOn": null,
            "lastSyncDate": null,
            "rlOfZeroGauge": 525.33,
            "rwaterTemp": null,
            "atempMax": null,
            "atempMin": null
        },
        {
            "obsdataId": 25076,
            "stationId": 138,
            "datatypeId": 15,
            "frequency": 4,
            "dateTime1": "2002-11-08T09:00:00",
            "time2": 180,
            "time3": 360,
            "time4": 540,
            "value1": 0.00,
            "value2": 0.00,
            "value3": 0.00,
            "value4": 0.00,
            "remarks": null,
            "createdBy": null,
            "createdOn": "2002-11-08T09:00:00",
            "updatedBy": null,
            "updatedOn": null,
            "lastSyncDate": null,
            "rlOfZeroGauge": 525.33,
            "rwaterTemp": null,
            "atempMax": null,
            "atempMin": null
        },
        {
            "obsdataId": 25186,
            "stationId": 138,
            "datatypeId": 15,
            "frequency": 4,
            "dateTime1": "1998-09-06T09:00:00",
            "time2": 180,
            "time3": 360,
            "time4": 540,
            "value1": 0.00,
            "value2": 0.00,
            "value3": 0.00,
            "value4": 0.00,
            "remarks": null,
            "createdBy": null,
            "createdOn": "1998-09-06T09:00:00",
            "updatedBy": null,
            "updatedOn": null,
            "lastSyncDate": null,
            "rlOfZeroGauge": null,
            "rwaterTemp": null,
            "atempMax": null,
            "atempMin": null
        },
        {
            "obsdataId": 25193,
            "stationId": 138,
            "datatypeId": 15,
            "frequency": 4,
            "dateTime1": "2002-10-21T09:00:00",
            "time2": 180,
            "time3": 360,
            "time4": 540,
            "value1": 0.00,
            "value2": 0.00,
            "value3": 0.00,
            "value4": 0.00,
            "remarks": null,
            "createdBy": null,
            "createdOn": "2002-10-21T09:00:00",
            "updatedBy": null,
            "updatedOn": null,
            "lastSyncDate": null,
            "rlOfZeroGauge": 525.33,
            "rwaterTemp": null,
            "atempMax": null,
            "atempMin": null
        },
        {
            "obsdataId": 25236,
            "stationId": 138,
            "datatypeId": 15,
            "frequency": 4,
            "dateTime1": "2002-04-04T09:00:00",
            "time2": 180,
            "time3": 360,
            "time4": 540,
            "value1": -0.32,
            "value2": -0.32,
            "value3": -0.32,
            "value4": -0.32,
            "remarks": null,
            "createdBy": null,
            "createdOn": "2002-04-04T09:00:00",
            "updatedBy": null,
            "updatedOn": null,
            "lastSyncDate": null,
            "rlOfZeroGauge": 525.33,
            "rwaterTemp": null,
            "atempMax": null,
            "atempMin": null
        },
        {
            "obsdataId": 25407,
            "stationId": 138,
            "datatypeId": 15,
            "frequency": 4,
            "dateTime1": "1998-09-13T09:00:00",
            "time2": 180,
            "time3": 360,
            "time4": 540,
            "value1": 0.00,
            "value2": 0.00,
            "value3": 0.00,
            "value4": 0.00,
            "remarks": null,
            "createdBy": null,
            "createdOn": "1998-09-13T09:00:00",
            "updatedBy": null,
            "updatedOn": null,
            "lastSyncDate": null,
            "rlOfZeroGauge": null,
            "rwaterTemp": null,
            "atempMax": null,
            "atempMin": null
        },
        {
            "obsdataId": 25427,
            "stationId": 138,
            "datatypeId": 15,
            "frequency": 4,
            "dateTime1": "2002-03-17T09:00:00",
            "time2": 180,
            "time3": 360,
            "time4": 540,
            "value1": -0.32,
            "value2": -0.32,
            "value3": -0.32,
            "value4": -0.32,
            "remarks": null,
            "createdBy": null,
            "createdOn": "2002-03-17T09:00:00",
            "updatedBy": null,
            "updatedOn": null,
            "lastSyncDate": null,
            "rlOfZeroGauge": 525.33,
            "rwaterTemp": null,
            "atempMax": null,
            "atempMin": null
        },
        {
            "obsdataId": 25506,
            "stationId": 138,
            "datatypeId": 15,
            "frequency": 4,
            "dateTime1": "2002-02-05T09:00:00",
            "time2": 180,
            "time3": 360,
            "time4": 540,
            "value1": 0.03,
            "value2": 0.03,
            "value3": 0.03,
            "value4": 0.03,
            "remarks": null,
            "createdBy": null,
            "createdOn": "2002-02-05T09:00:00",
            "updatedBy": null,
            "updatedOn": null,
            "lastSyncDate": null,
            "rlOfZeroGauge": 525.33,
            "rwaterTemp": null,
            "atempMax": null,
            "atempMin": null
        },
        {
            "obsdataId": 25546,
            "stationId": 138,
            "datatypeId": 15,
            "frequency": 4,
            "dateTime1": "1998-09-16T09:00:00",
            "time2": 180,
            "time3": 360,
            "time4": 540,
            "value1": 0.00,
            "value2": 0.00,
            "value3": 0.00,
            "value4": 0.00,
            "remarks": null,
            "createdBy": null,
            "createdOn": "1998-09-16T09:00:00",
            "updatedBy": null,
            "updatedOn": null,
            "lastSyncDate": null,
            "rlOfZeroGauge": null,
            "rwaterTemp": null,
            "atempMax": null,
            "atempMin": null
        },
        {
            "obsdataId": 25764,
            "stationId": 138,
            "datatypeId": 15,
            "frequency": 4,
            "dateTime1": "2002-03-22T09:00:00",
            "time2": 180,
            "time3": 360,
            "time4": 540,
            "value1": -0.32,
            "value2": -0.32,
            "value3": -0.32,
            "value4": -0.32,
            "remarks": null,
            "createdBy": null,
            "createdOn": "2002-03-22T09:00:00",
            "updatedBy": null,
            "updatedOn": null,
            "lastSyncDate": null,
            "rlOfZeroGauge": 525.33,
            "rwaterTemp": null,
            "atempMax": null,
            "atempMin": null
        },
        {
            "obsdataId": 25870,
            "stationId": 138,
            "datatypeId": 15,
            "frequency": 4,
            "dateTime1": "2002-02-26T09:00:00",
            "time2": 180,
            "time3": 360,
            "time4": 540,
            "value1": -0.32,
            "value2": -0.32,
            "value3": -0.32,
            "value4": -0.32,
            "remarks": null,
            "createdBy": null,
            "createdOn": "2002-02-26T09:00:00",
            "updatedBy": null,
            "updatedOn": null,
            "lastSyncDate": null,
            "rlOfZeroGauge": 525.33,
            "rwaterTemp": null,
            "atempMax": null,
            "atempMin": null
        },
        {
            "obsdataId": 25903,
            "stationId": 138,
            "datatypeId": 15,
            "frequency": 4,
            "dateTime1": "2002-11-04T09:00:00",
            "time2": 180,
            "time3": 360,
            "time4": 540,
            "value1": 0.00,
            "value2": 0.00,
            "value3": 0.00,
            "value4": 0.00,
            "remarks": null,
            "createdBy": null,
            "createdOn": "2002-11-04T09:00:00",
            "updatedBy": null,
            "updatedOn": null,
            "lastSyncDate": null,
            "rlOfZeroGauge": 525.33,
            "rwaterTemp": null,
            "atempMax": null,
            "atempMin": null
        },
        {
            "obsdataId": 26058,
            "stationId": 138,
            "datatypeId": 15,
            "frequency": 4,
            "dateTime1": "2002-04-08T09:00:00",
            "time2": 180,
            "time3": 360,
            "time4": 540,
            "value1": -0.32,
            "value2": -0.32,
            "value3": -0.32,
            "value4": -0.32,
            "remarks": null,
            "createdBy": null,
            "createdOn": "2002-04-08T09:00:00",
            "updatedBy": null,
            "updatedOn": null,
            "lastSyncDate": null,
            "rlOfZeroGauge": 525.33,
            "rwaterTemp": null,
            "atempMax": null,
            "atempMin": null
        },
        {
            "obsdataId": 26099,
            "stationId": 138,
            "datatypeId": 15,
            "frequency": 4,
            "dateTime1": "2002-10-11T09:00:00",
            "time2": 180,
            "time3": 360,
            "time4": 540,
            "value1": 0.00,
            "value2": 0.00,
            "value3": 0.00,
            "value4": 0.00,
            "remarks": null,
            "createdBy": null,
            "createdOn": "2002-10-11T09:00:00",
            "updatedBy": null,
            "updatedOn": null,
            "lastSyncDate": null,
            "rlOfZeroGauge": 525.33,
            "rwaterTemp": null,
            "atempMax": null,
            "atempMin": null
        },
        {
            "obsdataId": 26154,
            "stationId": 138,
            "datatypeId": 15,
            "frequency": 4,
            "dateTime1": "2002-03-29T09:00:00",
            "time2": 180,
            "time3": 360,
            "time4": 540,
            "value1": -0.32,
            "value2": -0.32,
            "value3": -0.32,
            "value4": -0.32,
            "remarks": null,
            "createdBy": null,
            "createdOn": "2002-03-29T09:00:00",
            "updatedBy": null,
            "updatedOn": null,
            "lastSyncDate": null,
            "rlOfZeroGauge": 525.33,
            "rwaterTemp": null,
            "atempMax": null,
            "atempMin": null
        },
        {
            "obsdataId": 26195,
            "stationId": 138,
            "datatypeId": 15,
            "frequency": 4,
            "dateTime1": "2002-01-18T09:00:00",
            "time2": 180,
            "time3": 360,
            "time4": 540,
            "value1": 0.10,
            "value2": 0.10,
            "value3": 0.10,
            "value4": 0.10,
            "remarks": null,
            "createdBy": null,
            "createdOn": "2002-01-18T09:00:00",
            "updatedBy": null,
            "updatedOn": null,
            "lastSyncDate": null,
            "rlOfZeroGauge": 525.33,
            "rwaterTemp": null,
            "atempMax": null,
            "atempMin": null
        },
        {
            "obsdataId": 26281,
            "stationId": 138,
            "datatypeId": 15,
            "frequency": 4,
            "dateTime1": "2002-12-28T09:00:00",
            "time2": 180,
            "time3": 360,
            "time4": 540,
            "value1": 0.00,
            "value2": 0.00,
            "value3": 0.00,
            "value4": 0.00,
            "remarks": null,
            "createdBy": null,
            "createdOn": "2002-12-28T09:00:00",
            "updatedBy": null,
            "updatedOn": null,
            "lastSyncDate": null,
            "rlOfZeroGauge": 525.33,
            "rwaterTemp": null,
            "atempMax": null,
            "atempMin": null
        },
        {
            "obsdataId": 26319,
            "stationId": 138,
            "datatypeId": 15,
            "frequency": 4,
            "dateTime1": "2002-03-02T09:00:00",
            "time2": 180,
            "time3": 360,
            "time4": 540,
            "value1": -0.32,
            "value2": -0.32,
            "value3": -0.32,
            "value4": -0.32,
            "remarks": null,
            "createdBy": null,
            "createdOn": "2002-03-02T09:00:00",
            "updatedBy": null,
            "updatedOn": null,
            "lastSyncDate": null,
            "rlOfZeroGauge": 525.33,
            "rwaterTemp": null,
            "atempMax": null,
            "atempMin": null
        },
        {
            "obsdataId": 26320,
            "stationId": 138,
            "datatypeId": 15,
            "frequency": 4,
            "dateTime1": "2002-08-09T09:00:00",
            "time2": 180,
            "time3": 360,
            "time4": 540,
            "value1": -0.32,
            "value2": -0.32,
            "value3": -0.32,
            "value4": -0.32,
            "remarks": null,
            "createdBy": null,
            "createdOn": "2002-08-09T09:00:00",
            "updatedBy": null,
            "updatedOn": null,
            "lastSyncDate": null,
            "rlOfZeroGauge": 525.33,
            "rwaterTemp": null,
            "atempMax": null,
            "atempMin": null
        },
        {
            "obsdataId": 26390,
            "stationId": 138,
            "datatypeId": 15,
            "frequency": 4,
            "dateTime1": "2002-06-12T09:00:00",
            "time2": 180,
            "time3": 360,
            "time4": 540,
            "value1": -0.06,
            "value2": -0.06,
            "value3": -0.06,
            "value4": -0.06,
            "remarks": null,
            "createdBy": null,
            "createdOn": "2002-06-12T09:00:00",
            "updatedBy": null,
            "updatedOn": null,
            "lastSyncDate": null,
            "rlOfZeroGauge": 525.33,
            "rwaterTemp": null,
            "atempMax": null,
            "atempMin": null
        },
        {
            "obsdataId": 26453,
            "stationId": 138,
            "datatypeId": 15,
            "frequency": 4,
            "dateTime1": "2002-08-30T09:00:00",
            "time2": 180,
            "time3": 360,
            "time4": 540,
            "value1": 1.68,
            "value2": 1.68,
            "value3": 1.68,
            "value4": 1.68,
            "remarks": null,
            "createdBy": null,
            "createdOn": "2002-08-30T09:00:00",
            "updatedBy": null,
            "updatedOn": null,
            "lastSyncDate": null,
            "rlOfZeroGauge": 525.33,
            "rwaterTemp": null,
            "atempMax": null,
            "atempMin": null
        },
        {
            "obsdataId": 26562,
            "stationId": 138,
            "datatypeId": 15,
            "frequency": 4,
            "dateTime1": "2002-05-05T09:00:00",
            "time2": 180,
            "time3": 360,
            "time4": 540,
            "value1": -0.32,
            "value2": -0.32,
            "value3": -0.32,
            "value4": -0.32,
            "remarks": null,
            "createdBy": null,
            "createdOn": "2002-05-05T09:00:00",
            "updatedBy": null,
            "updatedOn": null,
            "lastSyncDate": null,
            "rlOfZeroGauge": 525.33,
            "rwaterTemp": null,
            "atempMax": null,
            "atempMin": null
        },
        {
            "obsdataId": 26705,
            "stationId": 138,
            "datatypeId": 15,
            "frequency": 4,
            "dateTime1": "2002-12-20T09:00:00",
            "time2": 180,
            "time3": 360,
            "time4": 540,
            "value1": 0.00,
            "value2": 0.00,
            "value3": 0.00,
            "value4": 0.00,
            "remarks": null,
            "createdBy": null,
            "createdOn": "2002-12-20T09:00:00",
            "updatedBy": null,
            "updatedOn": null,
            "lastSyncDate": null,
            "rlOfZeroGauge": 525.33,
            "rwaterTemp": null,
            "atempMax": null,
            "atempMin": null
        },
        {
            "obsdataId": 26719,
            "stationId": 138,
            "datatypeId": 15,
            "frequency": 4,
            "dateTime1": "2002-08-24T09:00:00",
            "time2": 180,
            "time3": 360,
            "time4": 540,
            "value1": 3.48,
            "value2": 3.48,
            "value3": 3.48,
            "value4": 3.48,
            "remarks": null,
            "createdBy": null,
            "createdOn": "2002-08-24T09:00:00",
            "updatedBy": null,
            "updatedOn": null,
            "lastSyncDate": null,
            "rlOfZeroGauge": 525.33,
            "rwaterTemp": null,
            "atempMax": null,
            "atempMin": null
        },
        {
            "obsdataId": 26777,
            "stationId": 138,
            "datatypeId": 15,
            "frequency": 4,
            "dateTime1": "2002-05-26T09:00:00",
            "time2": 180,
            "time3": 360,
            "time4": 540,
            "value1": -0.32,
            "value2": -0.32,
            "value3": -0.32,
            "value4": -0.32,
            "remarks": null,
            "createdBy": null,
            "createdOn": "2002-05-26T09:00:00",
            "updatedBy": null,
            "updatedOn": null,
            "lastSyncDate": null,
            "rlOfZeroGauge": 525.33,
            "rwaterTemp": null,
            "atempMax": null,
            "atempMin": null
        },
        {
            "obsdataId": 26911,
            "stationId": 138,
            "datatypeId": 15,
            "frequency": 4,
            "dateTime1": "2002-12-15T09:00:00",
            "time2": 180,
            "time3": 360,
            "time4": 540,
            "value1": 0.00,
            "value2": 0.00,
            "value3": 0.00,
            "value4": 0.00,
            "remarks": null,
            "createdBy": null,
            "createdOn": "2002-12-15T09:00:00",
            "updatedBy": null,
            "updatedOn": null,
            "lastSyncDate": null,
            "rlOfZeroGauge": 525.33,
            "rwaterTemp": null,
            "atempMax": null,
            "atempMin": null
        },
        {
            "obsdataId": 26971,
            "stationId": 138,
            "datatypeId": 15,
            "frequency": 4,
            "dateTime1": "2002-10-10T09:00:00",
            "time2": 180,
            "time3": 360,
            "time4": 540,
            "value1": 0.00,
            "value2": 0.00,
            "value3": 0.00,
            "value4": 0.00,
            "remarks": null,
            "createdBy": null,
            "createdOn": "2002-10-10T09:00:00",
            "updatedBy": null,
            "updatedOn": null,
            "lastSyncDate": null,
            "rlOfZeroGauge": 525.33,
            "rwaterTemp": null,
            "atempMax": null,
            "atempMin": null
        },
        {
            "obsdataId": 27001,
            "stationId": 138,
            "datatypeId": 15,
            "frequency": 4,
            "dateTime1": "1998-09-07T09:00:00",
            "time2": 180,
            "time3": 360,
            "time4": 540,
            "value1": 0.00,
            "value2": 0.00,
            "value3": 0.00,
            "value4": 0.00,
            "remarks": null,
            "createdBy": null,
            "createdOn": "1998-09-07T09:00:00",
            "updatedBy": null,
            "updatedOn": null,
            "lastSyncDate": null,
            "rlOfZeroGauge": null,
            "rwaterTemp": null,
            "atempMax": null,
            "atempMin": null
        },
        {
            "obsdataId": 27134,
            "stationId": 138,
            "datatypeId": 15,
            "frequency": 4,
            "dateTime1": "2002-01-24T09:00:00",
            "time2": 180,
            "time3": 360,
            "time4": 540,
            "value1": 0.05,
            "value2": 0.05,
            "value3": 0.05,
            "value4": 0.05,
            "remarks": null,
            "createdBy": null,
            "createdOn": "2002-01-24T09:00:00",
            "updatedBy": null,
            "updatedOn": null,
            "lastSyncDate": null,
            "rlOfZeroGauge": 525.33,
            "rwaterTemp": null,
            "atempMax": null,
            "atempMin": null
        },
        {
            "obsdataId": 27137,
            "stationId": 138,
            "datatypeId": 15,
            "frequency": 4,
            "dateTime1": "2002-07-26T09:00:00",
            "time2": 180,
            "time3": 360,
            "time4": 540,
            "value1": -0.32,
            "value2": -0.32,
            "value3": -0.32,
            "value4": -0.32,
            "remarks": null,
            "createdBy": null,
            "createdOn": "2002-07-26T09:00:00",
            "updatedBy": null,
            "updatedOn": null,
            "lastSyncDate": null,
            "rlOfZeroGauge": 525.33,
            "rwaterTemp": null,
            "atempMax": null,
            "atempMin": null
        },
        {
            "obsdataId": 27216,
            "stationId": 138,
            "datatypeId": 15,
            "frequency": 4,
            "dateTime1": "2002-01-30T09:00:00",
            "time2": 180,
            "time3": 360,
            "time4": 540,
            "value1": 0.00,
            "value2": 0.00,
            "value3": 0.00,
            "value4": 0.00,
            "remarks": null,
            "createdBy": null,
            "createdOn": "2002-01-30T09:00:00",
            "updatedBy": null,
            "updatedOn": null,
            "lastSyncDate": null,
            "rlOfZeroGauge": 525.33,
            "rwaterTemp": null,
            "atempMax": null,
            "atempMin": null
        },
        {
            "obsdataId": 27246,
            "stationId": 138,
            "datatypeId": 15,
            "frequency": 4,
            "dateTime1": "2002-03-07T09:00:00",
            "time2": 180,
            "time3": 360,
            "time4": 540,
            "value1": -0.32,
            "value2": -0.32,
            "value3": -0.32,
            "value4": -0.32,
            "remarks": null,
            "createdBy": null,
            "createdOn": "2002-03-07T09:00:00",
            "updatedBy": null,
            "updatedOn": null,
            "lastSyncDate": null,
            "rlOfZeroGauge": 525.33,
            "rwaterTemp": null,
            "atempMax": null,
            "atempMin": null
        },
        {
            "obsdataId": 27251,
            "stationId": 138,
            "datatypeId": 15,
            "frequency": 4,
            "dateTime1": "2002-10-31T09:00:00",
            "time2": 180,
            "time3": 360,
            "time4": 540,
            "value1": 0.00,
            "value2": 0.00,
            "value3": 0.00,
            "value4": 0.00,
            "remarks": null,
            "createdBy": null,
            "createdOn": "2002-10-31T09:00:00",
            "updatedBy": null,
            "updatedOn": null,
            "lastSyncDate": null,
            "rlOfZeroGauge": 525.33,
            "rwaterTemp": null,
            "atempMax": null,
            "atempMin": null
        },
        {
            "obsdataId": 27346,
            "stationId": 138,
            "datatypeId": 15,
            "frequency": 4,
            "dateTime1": "2002-07-05T09:00:00",
            "time2": 180,
            "time3": 360,
            "time4": 540,
            "value1": -0.32,
            "value2": -0.32,
            "value3": -0.32,
            "value4": -0.32,
            "remarks": null,
            "createdBy": null,
            "createdOn": "2002-07-05T09:00:00",
            "updatedBy": null,
            "updatedOn": null,
            "lastSyncDate": null,
            "rlOfZeroGauge": 525.33,
            "rwaterTemp": null,
            "atempMax": null,
            "atempMin": null
        },
        {
            "obsdataId": 27561,
            "stationId": 138,
            "datatypeId": 15,
            "frequency": 4,
            "dateTime1": "2002-11-10T09:00:00",
            "time2": 180,
            "time3": 360,
            "time4": 540,
            "value1": 0.00,
            "value2": 0.00,
            "value3": 0.00,
            "value4": 0.00,
            "remarks": null,
            "createdBy": null,
            "createdOn": "2002-11-10T09:00:00",
            "updatedBy": null,
            "updatedOn": null,
            "lastSyncDate": null,
            "rlOfZeroGauge": 525.33,
            "rwaterTemp": null,
            "atempMax": null,
            "atempMin": null
        },
        {
            "obsdataId": 27592,
            "stationId": 138,
            "datatypeId": 15,
            "frequency": 4,
            "dateTime1": "2002-10-04T09:00:00",
            "time2": 180,
            "time3": 360,
            "time4": 540,
            "value1": 0.00,
            "value2": 0.00,
            "value3": 0.00,
            "value4": 0.00,
            "remarks": null,
            "createdBy": null,
            "createdOn": "2002-10-04T09:00:00",
            "updatedBy": null,
            "updatedOn": null,
            "lastSyncDate": null,
            "rlOfZeroGauge": 525.33,
            "rwaterTemp": null,
            "atempMax": null,
            "atempMin": null
        },
        {
            "obsdataId": 27607,
            "stationId": 138,
            "datatypeId": 15,
            "frequency": 4,
            "dateTime1": "1998-09-02T09:00:00",
            "time2": 180,
            "time3": 360,
            "time4": 540,
            "value1": 0.00,
            "value2": 0.00,
            "value3": 0.00,
            "value4": 0.00,
            "remarks": null,
            "createdBy": null,
            "createdOn": "1998-09-02T09:00:00",
            "updatedBy": null,
            "updatedOn": null,
            "lastSyncDate": null,
            "rlOfZeroGauge": null,
            "rwaterTemp": null,
            "atempMax": null,
            "atempMin": null
        },
        {
            "obsdataId": 27622,
            "stationId": 138,
            "datatypeId": 15,
            "frequency": 4,
            "dateTime1": "2002-12-01T09:00:00",
            "time2": 180,
            "time3": 360,
            "time4": 540,
            "value1": 0.00,
            "value2": 0.00,
            "value3": 0.00,
            "value4": 0.00,
            "remarks": null,
            "createdBy": null,
            "createdOn": "2002-12-01T09:00:00",
            "updatedBy": null,
            "updatedOn": null,
            "lastSyncDate": null,
            "rlOfZeroGauge": 525.33,
            "rwaterTemp": null,
            "atempMax": null,
            "atempMin": null
        },
        {
            "obsdataId": 27643,
            "stationId": 138,
            "datatypeId": 15,
            "frequency": 4,
            "dateTime1": "2002-04-21T09:00:00",
            "time2": 180,
            "time3": 360,
            "time4": 540,
            "value1": -0.32,
            "value2": -0.32,
            "value3": -0.32,
            "value4": -0.32,
            "remarks": null,
            "createdBy": null,
            "createdOn": "2002-04-21T09:00:00",
            "updatedBy": null,
            "updatedOn": null,
            "lastSyncDate": null,
            "rlOfZeroGauge": 525.33,
            "rwaterTemp": null,
            "atempMax": null,
            "atempMin": null
        },
        {
            "obsdataId": 27699,
            "stationId": 138,
            "datatypeId": 15,
            "frequency": 4,
            "dateTime1": "2002-09-25T09:00:00",
            "time2": 180,
            "time3": 360,
            "time4": 540,
            "value1": 1.68,
            "value2": 1.68,
            "value3": 1.68,
            "value4": 1.68,
            "remarks": null,
            "createdBy": null,
            "createdOn": "2002-09-25T09:00:00",
            "updatedBy": null,
            "updatedOn": null,
            "lastSyncDate": null,
            "rlOfZeroGauge": 525.33,
            "rwaterTemp": null,
            "atempMax": null,
            "atempMin": null
        },
        {
            "obsdataId": 27853,
            "stationId": 138,
            "datatypeId": 15,
            "frequency": 4,
            "dateTime1": "2002-11-11T09:00:00",
            "time2": 180,
            "time3": 360,
            "time4": 540,
            "value1": 0.00,
            "value2": 0.00,
            "value3": 0.00,
            "value4": 0.00,
            "remarks": null,
            "createdBy": null,
            "createdOn": "2002-11-11T09:00:00",
            "updatedBy": null,
            "updatedOn": null,
            "lastSyncDate": null,
            "rlOfZeroGauge": 525.33,
            "rwaterTemp": null,
            "atempMax": null,
            "atempMin": null
        },
        {
            "obsdataId": 28040,
            "stationId": 138,
            "datatypeId": 15,
            "frequency": 4,
            "dateTime1": "1998-09-29T09:00:00",
            "time2": 180,
            "time3": 360,
            "time4": 540,
            "value1": 0.00,
            "value2": 0.00,
            "value3": 0.00,
            "value4": 0.00,
            "remarks": null,
            "createdBy": null,
            "createdOn": "1998-09-29T09:00:00",
            "updatedBy": null,
            "updatedOn": null,
            "lastSyncDate": null,
            "rlOfZeroGauge": null,
            "rwaterTemp": null,
            "atempMax": null,
            "atempMin": null
        },
        {
            "obsdataId": 28053,
            "stationId": 138,
            "datatypeId": 15,
            "frequency": 4,
            "dateTime1": "2002-08-18T09:00:00",
            "time2": 180,
            "time3": 360,
            "time4": 540,
            "value1": 0.05,
            "value2": 0.05,
            "value3": 0.05,
            "value4": 0.05,
            "remarks": null,
            "createdBy": null,
            "createdOn": "2002-08-18T09:00:00",
            "updatedBy": null,
            "updatedOn": null,
            "lastSyncDate": null,
            "rlOfZeroGauge": 525.33,
            "rwaterTemp": null,
            "atempMax": null,
            "atempMin": null
        },
        {
            "obsdataId": 28084,
            "stationId": 138,
            "datatypeId": 15,
            "frequency": 4,
            "dateTime1": "2002-01-09T09:00:00",
            "time2": 180,
            "time3": 360,
            "time4": 540,
            "value1": 0.14,
            "value2": 0.14,
            "value3": 0.14,
            "value4": 0.14,
            "remarks": null,
            "createdBy": null,
            "createdOn": "2002-01-09T09:00:00",
            "updatedBy": null,
            "updatedOn": null,
            "lastSyncDate": null,
            "rlOfZeroGauge": 525.33,
            "rwaterTemp": null,
            "atempMax": null,
            "atempMin": null
        },
        {
            "obsdataId": 28242,
            "stationId": 138,
            "datatypeId": 15,
            "frequency": 4,
            "dateTime1": "2002-03-10T09:00:00",
            "time2": 180,
            "time3": 360,
            "time4": 540,
            "value1": -0.32,
            "value2": -0.32,
            "value3": -0.32,
            "value4": -0.32,
            "remarks": null,
            "createdBy": null,
            "createdOn": "2002-03-10T09:00:00",
            "updatedBy": null,
            "updatedOn": null,
            "lastSyncDate": null,
            "rlOfZeroGauge": 525.33,
            "rwaterTemp": null,
            "atempMax": null,
            "atempMin": null
        },
        {
            "obsdataId": 28464,
            "stationId": 138,
            "datatypeId": 15,
            "frequency": 4,
            "dateTime1": "2002-11-07T09:00:00",
            "time2": 180,
            "time3": 360,
            "time4": 540,
            "value1": 0.00,
            "value2": 0.00,
            "value3": 0.00,
            "value4": 0.00,
            "remarks": null,
            "createdBy": null,
            "createdOn": "2002-11-07T09:00:00",
            "updatedBy": null,
            "updatedOn": null,
            "lastSyncDate": null,
            "rlOfZeroGauge": 525.33,
            "rwaterTemp": null,
            "atempMax": null,
            "atempMin": null
        },
        {
            "obsdataId": 28491,
            "stationId": 138,
            "datatypeId": 15,
            "frequency": 4,
            "dateTime1": "2002-01-19T09:00:00",
            "time2": 180,
            "time3": 360,
            "time4": 540,
            "value1": 0.06,
            "value2": 0.06,
            "value3": 0.06,
            "value4": 0.06,
            "remarks": null,
            "createdBy": null,
            "createdOn": "2002-01-19T09:00:00",
            "updatedBy": null,
            "updatedOn": null,
            "lastSyncDate": null,
            "rlOfZeroGauge": 525.33,
            "rwaterTemp": null,
            "atempMax": null,
            "atempMin": null
        },
        {
            "obsdataId": 28498,
            "stationId": 138,
            "datatypeId": 15,
            "frequency": 4,
            "dateTime1": "2002-04-13T09:00:00",
            "time2": 180,
            "time3": 360,
            "time4": 540,
            "value1": -0.32,
            "value2": -0.32,
            "value3": -0.32,
            "value4": -0.32,
            "remarks": null,
            "createdBy": null,
            "createdOn": "2002-04-13T09:00:00",
            "updatedBy": null,
            "updatedOn": null,
            "lastSyncDate": null,
            "rlOfZeroGauge": 525.33,
            "rwaterTemp": null,
            "atempMax": null,
            "atempMin": null
        },
        {
            "obsdataId": 28687,
            "stationId": 138,
            "datatypeId": 15,
            "frequency": 4,
            "dateTime1": "2002-04-16T09:00:00",
            "time2": 180,
            "time3": 360,
            "time4": 540,
            "value1": -0.32,
            "value2": -0.32,
            "value3": -0.32,
            "value4": -0.32,
            "remarks": null,
            "createdBy": null,
            "createdOn": "2002-04-16T09:00:00",
            "updatedBy": null,
            "updatedOn": null,
            "lastSyncDate": null,
            "rlOfZeroGauge": 525.33,
            "rwaterTemp": null,
            "atempMax": null,
            "atempMin": null
        },
        {
            "obsdataId": 28752,
            "stationId": 138,
            "datatypeId": 15,
            "frequency": 4,
            "dateTime1": "2002-02-01T09:00:00",
            "time2": 180,
            "time3": 360,
            "time4": 540,
            "value1": -0.01,
            "value2": -0.01,
            "value3": -0.01,
            "value4": -0.01,
            "remarks": null,
            "createdBy": null,
            "createdOn": "2002-02-01T09:00:00",
            "updatedBy": null,
            "updatedOn": null,
            "lastSyncDate": null,
            "rlOfZeroGauge": 525.33,
            "rwaterTemp": null,
            "atempMax": null,
            "atempMin": null
        },
        {
            "obsdataId": 28795,
            "stationId": 138,
            "datatypeId": 15,
            "frequency": 4,
            "dateTime1": "2002-06-23T09:00:00",
            "time2": 180,
            "time3": 360,
            "time4": 540,
            "value1": -0.32,
            "value2": -0.32,
            "value3": -0.32,
            "value4": -0.32,
            "remarks": null,
            "createdBy": null,
            "createdOn": "2002-06-23T09:00:00",
            "updatedBy": null,
            "updatedOn": null,
            "lastSyncDate": null,
            "rlOfZeroGauge": 525.33,
            "rwaterTemp": null,
            "atempMax": null,
            "atempMin": null
        },
        {
            "obsdataId": 28902,
            "stationId": 138,
            "datatypeId": 15,
            "frequency": 4,
            "dateTime1": "2002-04-06T09:00:00",
            "time2": 180,
            "time3": 360,
            "time4": 540,
            "value1": -0.32,
            "value2": -0.32,
            "value3": -0.32,
            "value4": -0.32,
            "remarks": null,
            "createdBy": null,
            "createdOn": "2002-04-06T09:00:00",
            "updatedBy": null,
            "updatedOn": null,
            "lastSyncDate": null,
            "rlOfZeroGauge": 525.33,
            "rwaterTemp": null,
            "atempMax": null,
            "atempMin": null
        },
        {
            "obsdataId": 28945,
            "stationId": 138,
            "datatypeId": 15,
            "frequency": 4,
            "dateTime1": "1998-09-04T09:00:00",
            "time2": 180,
            "time3": 360,
            "time4": 540,
            "value1": 0.00,
            "value2": 0.00,
            "value3": 0.00,
            "value4": 0.00,
            "remarks": null,
            "createdBy": null,
            "createdOn": "1998-09-04T09:00:00",
            "updatedBy": null,
            "updatedOn": null,
            "lastSyncDate": null,
            "rlOfZeroGauge": null,
            "rwaterTemp": null,
            "atempMax": null,
            "atempMin": null
        },
        {
            "obsdataId": 28961,
            "stationId": 138,
            "datatypeId": 15,
            "frequency": 4,
            "dateTime1": "2002-10-02T09:00:00",
            "time2": 180,
            "time3": 360,
            "time4": 540,
            "value1": 0.00,
            "value2": 0.00,
            "value3": 0.00,
            "value4": 0.00,
            "remarks": null,
            "createdBy": null,
            "createdOn": "2002-10-02T09:00:00",
            "updatedBy": null,
            "updatedOn": null,
            "lastSyncDate": null,
            "rlOfZeroGauge": 525.33,
            "rwaterTemp": null,
            "atempMax": null,
            "atempMin": null
        },
        {
            "obsdataId": 29032,
            "stationId": 138,
            "datatypeId": 15,
            "frequency": 4,
            "dateTime1": "2002-06-03T09:00:00",
            "time2": 180,
            "time3": 360,
            "time4": 540,
            "value1": -0.32,
            "value2": -0.32,
            "value3": -0.32,
            "value4": -0.32,
            "remarks": null,
            "createdBy": null,
            "createdOn": "2002-06-03T09:00:00",
            "updatedBy": null,
            "updatedOn": null,
            "lastSyncDate": null,
            "rlOfZeroGauge": 525.33,
            "rwaterTemp": null,
            "atempMax": null,
            "atempMin": null
        },
        {
            "obsdataId": 29108,
            "stationId": 138,
            "datatypeId": 15,
            "frequency": 4,
            "dateTime1": "2002-10-29T09:00:00",
            "time2": 180,
            "time3": 360,
            "time4": 540,
            "value1": 0.00,
            "value2": 0.00,
            "value3": 0.00,
            "value4": 0.00,
            "remarks": null,
            "createdBy": null,
            "createdOn": "2002-10-29T09:00:00",
            "updatedBy": null,
            "updatedOn": null,
            "lastSyncDate": null,
            "rlOfZeroGauge": 525.33,
            "rwaterTemp": null,
            "atempMax": null,
            "atempMin": null
        },
        {
            "obsdataId": 29127,
            "stationId": 138,
            "datatypeId": 15,
            "frequency": 4,
            "dateTime1": "2002-03-11T09:00:00",
            "time2": 180,
            "time3": 360,
            "time4": 540,
            "value1": -0.32,
            "value2": -0.32,
            "value3": -0.32,
            "value4": -0.32,
            "remarks": null,
            "createdBy": null,
            "createdOn": "2002-03-11T09:00:00",
            "updatedBy": null,
            "updatedOn": null,
            "lastSyncDate": null,
            "rlOfZeroGauge": 525.33,
            "rwaterTemp": null,
            "atempMax": null,
            "atempMin": null
        },
        {
            "obsdataId": 29371,
            "stationId": 138,
            "datatypeId": 15,
            "frequency": 4,
            "dateTime1": "1998-09-11T09:00:00",
            "time2": 180,
            "time3": 360,
            "time4": 540,
            "value1": 0.00,
            "value2": 0.00,
            "value3": 0.00,
            "value4": 0.00,
            "remarks": null,
            "createdBy": null,
            "createdOn": "1998-09-11T09:00:00",
            "updatedBy": null,
            "updatedOn": null,
            "lastSyncDate": null,
            "rlOfZeroGauge": null,
            "rwaterTemp": null,
            "atempMax": null,
            "atempMin": null
        },
        {
            "obsdataId": 29618,
            "stationId": 138,
            "datatypeId": 15,
            "frequency": 4,
            "dateTime1": "2002-11-02T09:00:00",
            "time2": 180,
            "time3": 360,
            "time4": 540,
            "value1": 0.00,
            "value2": 0.00,
            "value3": 0.00,
            "value4": 0.00,
            "remarks": null,
            "createdBy": null,
            "createdOn": "2002-11-02T09:00:00",
            "updatedBy": null,
            "updatedOn": null,
            "lastSyncDate": null,
            "rlOfZeroGauge": 525.33,
            "rwaterTemp": null,
            "atempMax": null,
            "atempMin": null
        },
        {
            "obsdataId": 29756,
            "stationId": 138,
            "datatypeId": 15,
            "frequency": 4,
            "dateTime1": "2002-11-29T09:00:00",
            "time2": 180,
            "time3": 360,
            "time4": 540,
            "value1": 0.00,
            "value2": 0.00,
            "value3": 0.00,
            "value4": 0.00,
            "remarks": null,
            "createdBy": null,
            "createdOn": "2002-11-29T09:00:00",
            "updatedBy": null,
            "updatedOn": null,
            "lastSyncDate": null,
            "rlOfZeroGauge": 525.33,
            "rwaterTemp": null,
            "atempMax": null,
            "atempMin": null
        },
        {
            "obsdataId": 29766,
            "stationId": 138,
            "datatypeId": 15,
            "frequency": 4,
            "dateTime1": "2002-02-28T09:00:00",
            "time2": 180,
            "time3": 360,
            "time4": 540,
            "value1": -0.32,
            "value2": -0.32,
            "value3": -0.32,
            "value4": -0.32,
            "remarks": null,
            "createdBy": null,
            "createdOn": "2002-02-28T09:00:00",
            "updatedBy": null,
            "updatedOn": null,
            "lastSyncDate": null,
            "rlOfZeroGauge": 525.33,
            "rwaterTemp": null,
            "atempMax": null,
            "atempMin": null
        },
        {
            "obsdataId": 29783,
            "stationId": 138,
            "datatypeId": 15,
            "frequency": 4,
            "dateTime1": "2002-03-04T09:00:00",
            "time2": 180,
            "time3": 360,
            "time4": 540,
            "value1": -0.32,
            "value2": -0.32,
            "value3": -0.32,
            "value4": -0.32,
            "remarks": null,
            "createdBy": null,
            "createdOn": "2002-03-04T09:00:00",
            "updatedBy": null,
            "updatedOn": null,
            "lastSyncDate": null,
            "rlOfZeroGauge": 525.33,
            "rwaterTemp": null,
            "atempMax": null,
            "atempMin": null
        },
        {
            "obsdataId": 29889,
            "stationId": 138,
            "datatypeId": 15,
            "frequency": 4,
            "dateTime1": "2002-06-27T09:00:00",
            "time2": 180,
            "time3": 360,
            "time4": 540,
            "value1": 0.03,
            "value2": 0.03,
            "value3": 0.03,
            "value4": 0.03,
            "remarks": null,
            "createdBy": null,
            "createdOn": "2002-06-27T09:00:00",
            "updatedBy": null,
            "updatedOn": null,
            "lastSyncDate": null,
            "rlOfZeroGauge": 525.33,
            "rwaterTemp": null,
            "atempMax": null,
            "atempMin": null
        },
        {
            "obsdataId": 29983,
            "stationId": 138,
            "datatypeId": 15,
            "frequency": 4,
            "dateTime1": "2002-04-17T09:00:00",
            "time2": 180,
            "time3": 360,
            "time4": 540,
            "value1": -0.32,
            "value2": -0.32,
            "value3": -0.32,
            "value4": -0.32,
            "remarks": null,
            "createdBy": null,
            "createdOn": "2002-04-17T09:00:00",
            "updatedBy": null,
            "updatedOn": null,
            "lastSyncDate": null,
            "rlOfZeroGauge": 525.33,
            "rwaterTemp": null,
            "atempMax": null,
            "atempMin": null
        },
        {
            "obsdataId": 30224,
            "stationId": 138,
            "datatypeId": 15,
            "frequency": 4,
            "dateTime1": "2002-02-20T09:00:00",
            "time2": 180,
            "time3": 360,
            "time4": 540,
            "value1": -0.32,
            "value2": -0.32,
            "value3": -0.32,
            "value4": -0.32,
            "remarks": null,
            "createdBy": null,
            "createdOn": "2002-02-20T09:00:00",
            "updatedBy": null,
            "updatedOn": null,
            "lastSyncDate": null,
            "rlOfZeroGauge": 525.33,
            "rwaterTemp": null,
            "atempMax": null,
            "atempMin": null
        },
        {
            "obsdataId": 30253,
            "stationId": 138,
            "datatypeId": 15,
            "frequency": 4,
            "dateTime1": "2002-10-07T09:00:00",
            "time2": 180,
            "time3": 360,
            "time4": 540,
            "value1": 0.00,
            "value2": 0.00,
            "value3": 0.00,
            "value4": 0.00,
            "remarks": null,
            "createdBy": null,
            "createdOn": "2002-10-07T09:00:00",
            "updatedBy": null,
            "updatedOn": null,
            "lastSyncDate": null,
            "rlOfZeroGauge": 525.33,
            "rwaterTemp": null,
            "atempMax": null,
            "atempMin": null
        },
        {
            "obsdataId": 30294,
            "stationId": 138,
            "datatypeId": 15,
            "frequency": 4,
            "dateTime1": "1998-09-10T09:00:00",
            "time2": 180,
            "time3": 360,
            "time4": 540,
            "value1": 0.00,
            "value2": 0.00,
            "value3": 0.00,
            "value4": 0.00,
            "remarks": null,
            "createdBy": null,
            "createdOn": "1998-09-10T09:00:00",
            "updatedBy": null,
            "updatedOn": null,
            "lastSyncDate": null,
            "rlOfZeroGauge": null,
            "rwaterTemp": null,
            "atempMax": null,
            "atempMin": null
        },
        {
            "obsdataId": 30350,
            "stationId": 138,
            "datatypeId": 15,
            "frequency": 4,
            "dateTime1": "2002-03-31T09:00:00",
            "time2": 180,
            "time3": 360,
            "time4": 540,
            "value1": -0.32,
            "value2": -0.32,
            "value3": -0.32,
            "value4": -0.32,
            "remarks": null,
            "createdBy": null,
            "createdOn": "2002-03-31T09:00:00",
            "updatedBy": null,
            "updatedOn": null,
            "lastSyncDate": null,
            "rlOfZeroGauge": 525.33,
            "rwaterTemp": null,
            "atempMax": null,
            "atempMin": null
        },
        {
            "obsdataId": 30444,
            "stationId": 138,
            "datatypeId": 15,
            "frequency": 4,
            "dateTime1": "2002-02-15T09:00:00",
            "time2": 180,
            "time3": 360,
            "time4": 540,
            "value1": -0.32,
            "value2": -0.32,
            "value3": -0.32,
            "value4": -0.32,
            "remarks": null,
            "createdBy": null,
            "createdOn": "2002-02-15T09:00:00",
            "updatedBy": null,
            "updatedOn": null,
            "lastSyncDate": null,
            "rlOfZeroGauge": 525.33,
            "rwaterTemp": null,
            "atempMax": null,
            "atempMin": null
        },
        {
            "obsdataId": 30465,
            "stationId": 138,
            "datatypeId": 15,
            "frequency": 4,
            "dateTime1": "2002-04-22T09:00:00",
            "time2": 180,
            "time3": 360,
            "time4": 540,
            "value1": -0.32,
            "value2": -0.32,
            "value3": -0.32,
            "value4": -0.32,
            "remarks": null,
            "createdBy": null,
            "createdOn": "2002-04-22T09:00:00",
            "updatedBy": null,
            "updatedOn": null,
            "lastSyncDate": null,
            "rlOfZeroGauge": 525.33,
            "rwaterTemp": null,
            "atempMax": null,
            "atempMin": null
        },
        {
            "obsdataId": 30499,
            "stationId": 138,
            "datatypeId": 15,
            "frequency": 4,
            "dateTime1": "2002-08-19T09:00:00",
            "time2": 180,
            "time3": 360,
            "time4": 540,
            "value1": 0.03,
            "value2": 0.03,
            "value3": 0.03,
            "value4": 0.03,
            "remarks": null,
            "createdBy": null,
            "createdOn": "2002-08-19T09:00:00",
            "updatedBy": null,
            "updatedOn": null,
            "lastSyncDate": null,
            "rlOfZeroGauge": 525.33,
            "rwaterTemp": null,
            "atempMax": null,
            "atempMin": null
        },
        {
            "obsdataId": 30711,
            "stationId": 138,
            "datatypeId": 15,
            "frequency": 4,
            "dateTime1": "2002-08-25T09:00:00",
            "time2": 180,
            "time3": 360,
            "time4": 540,
            "value1": 3.53,
            "value2": 3.53,
            "value3": 3.53,
            "value4": 3.53,
            "remarks": null,
            "createdBy": null,
            "createdOn": "2002-08-25T09:00:00",
            "updatedBy": null,
            "updatedOn": null,
            "lastSyncDate": null,
            "rlOfZeroGauge": 525.33,
            "rwaterTemp": null,
            "atempMax": null,
            "atempMin": null
        },
        {
            "obsdataId": 30728,
            "stationId": 138,
            "datatypeId": 15,
            "frequency": 4,
            "dateTime1": "2002-04-29T09:00:00",
            "time2": 180,
            "time3": 360,
            "time4": 540,
            "value1": -0.32,
            "value2": -0.32,
            "value3": -0.32,
            "value4": -0.32,
            "remarks": null,
            "createdBy": null,
            "createdOn": "2002-04-29T09:00:00",
            "updatedBy": null,
            "updatedOn": null,
            "lastSyncDate": null,
            "rlOfZeroGauge": 525.33,
            "rwaterTemp": null,
            "atempMax": null,
            "atempMin": null
        },
        {
            "obsdataId": 30757,
            "stationId": 138,
            "datatypeId": 15,
            "frequency": 4,
            "dateTime1": "2002-03-08T09:00:00",
            "time2": 180,
            "time3": 360,
            "time4": 540,
            "value1": -0.32,
            "value2": -0.32,
            "value3": -0.32,
            "value4": -0.32,
            "remarks": null,
            "createdBy": null,
            "createdOn": "2002-03-08T09:00:00",
            "updatedBy": null,
            "updatedOn": null,
            "lastSyncDate": null,
            "rlOfZeroGauge": 525.33,
            "rwaterTemp": null,
            "atempMax": null,
            "atempMin": null
        },
        {
            "obsdataId": 30868,
            "stationId": 138,
            "datatypeId": 15,
            "frequency": 4,
            "dateTime1": "2002-04-02T09:00:00",
            "time2": 180,
            "time3": 360,
            "time4": 540,
            "value1": -0.32,
            "value2": -0.32,
            "value3": -0.32,
            "value4": -0.32,
            "remarks": null,
            "createdBy": null,
            "createdOn": "2002-04-02T09:00:00",
            "updatedBy": null,
            "updatedOn": null,
            "lastSyncDate": null,
            "rlOfZeroGauge": 525.33,
            "rwaterTemp": null,
            "atempMax": null,
            "atempMin": null
        },
        {
            "obsdataId": 30916,
            "stationId": 138,
            "datatypeId": 15,
            "frequency": 4,
            "dateTime1": "1998-09-21T09:00:00",
            "time2": 180,
            "time3": 360,
            "time4": 540,
            "value1": 0.00,
            "value2": 0.00,
            "value3": 0.00,
            "value4": 0.00,
            "remarks": null,
            "createdBy": null,
            "createdOn": "1998-09-21T09:00:00",
            "updatedBy": null,
            "updatedOn": null,
            "lastSyncDate": null,
            "rlOfZeroGauge": null,
            "rwaterTemp": null,
            "atempMax": null,
            "atempMin": null
        },
        {
            "obsdataId": 30923,
            "stationId": 138,
            "datatypeId": 15,
            "frequency": 4,
            "dateTime1": "2002-10-06T09:00:00",
            "time2": 180,
            "time3": 360,
            "time4": 540,
            "value1": 0.00,
            "value2": 0.00,
            "value3": 0.00,
            "value4": 0.00,
            "remarks": null,
            "createdBy": null,
            "createdOn": "2002-10-06T09:00:00",
            "updatedBy": null,
            "updatedOn": null,
            "lastSyncDate": null,
            "rlOfZeroGauge": 525.33,
            "rwaterTemp": null,
            "atempMax": null,
            "atempMin": null
        },
        {
            "obsdataId": 30929,
            "stationId": 138,
            "datatypeId": 15,
            "frequency": 4,
            "dateTime1": "2002-09-18T09:00:00",
            "time2": 180,
            "time3": 360,
            "time4": 540,
            "value1": 0.14,
            "value2": 0.14,
            "value3": 0.14,
            "value4": 0.14,
            "remarks": null,
            "createdBy": null,
            "createdOn": "2002-09-18T09:00:00",
            "updatedBy": null,
            "updatedOn": null,
            "lastSyncDate": null,
            "rlOfZeroGauge": 525.33,
            "rwaterTemp": null,
            "atempMax": null,
            "atempMin": null
        },
        {
            "obsdataId": 31012,
            "stationId": 138,
            "datatypeId": 15,
            "frequency": 4,
            "dateTime1": "2002-07-01T09:00:00",
            "time2": 180,
            "time3": 360,
            "time4": 540,
            "value1": 0.00,
            "value2": 0.00,
            "value3": 0.00,
            "value4": 0.00,
            "remarks": null,
            "createdBy": null,
            "createdOn": "2002-07-01T09:00:00",
            "updatedBy": null,
            "updatedOn": null,
            "lastSyncDate": null,
            "rlOfZeroGauge": 525.33,
            "rwaterTemp": null,
            "atempMax": null,
            "atempMin": null
        },
        {
            "obsdataId": 31046,
            "stationId": 138,
            "datatypeId": 15,
            "frequency": 4,
            "dateTime1": "2002-05-28T09:00:00",
            "time2": 180,
            "time3": 360,
            "time4": 540,
            "value1": -0.32,
            "value2": -0.32,
            "value3": -0.32,
            "value4": -0.32,
            "remarks": null,
            "createdBy": null,
            "createdOn": "2002-05-28T09:00:00",
            "updatedBy": null,
            "updatedOn": null,
            "lastSyncDate": null,
            "rlOfZeroGauge": 525.33,
            "rwaterTemp": null,
            "atempMax": null,
            "atempMin": null
        },
        {
            "obsdataId": 31148,
            "stationId": 138,
            "datatypeId": 15,
            "frequency": 4,
            "dateTime1": "2002-11-22T09:00:00",
            "time2": 180,
            "time3": 360,
            "time4": 540,
            "value1": 0.00,
            "value2": 0.00,
            "value3": 0.00,
            "value4": 0.00,
            "remarks": null,
            "createdBy": null,
            "createdOn": "2002-11-22T09:00:00",
            "updatedBy": null,
            "updatedOn": null,
            "lastSyncDate": null,
            "rlOfZeroGauge": 525.33,
            "rwaterTemp": null,
            "atempMax": null,
            "atempMin": null
        },
        {
            "obsdataId": 31177,
            "stationId": 138,
            "datatypeId": 15,
            "frequency": 4,
            "dateTime1": "2002-10-16T09:00:00",
            "time2": 180,
            "time3": 360,
            "time4": 540,
            "value1": 0.00,
            "value2": 0.00,
            "value3": 0.00,
            "value4": 0.00,
            "remarks": null,
            "createdBy": null,
            "createdOn": "2002-10-16T09:00:00",
            "updatedBy": null,
            "updatedOn": null,
            "lastSyncDate": null,
            "rlOfZeroGauge": 525.33,
            "rwaterTemp": null,
            "atempMax": null,
            "atempMin": null
        },
        {
            "obsdataId": 31193,
            "stationId": 138,
            "datatypeId": 15,
            "frequency": 4,
            "dateTime1": "2002-05-20T09:00:00",
            "time2": 180,
            "time3": 360,
            "time4": 540,
            "value1": -0.32,
            "value2": -0.32,
            "value3": -0.32,
            "value4": -0.32,
            "remarks": null,
            "createdBy": null,
            "createdOn": "2002-05-20T09:00:00",
            "updatedBy": null,
            "updatedOn": null,
            "lastSyncDate": null,
            "rlOfZeroGauge": 525.33,
            "rwaterTemp": null,
            "atempMax": null,
            "atempMin": null
        },
        {
            "obsdataId": 31314,
            "stationId": 138,
            "datatypeId": 15,
            "frequency": 4,
            "dateTime1": "2002-12-05T09:00:00",
            "time2": 180,
            "time3": 360,
            "time4": 540,
            "value1": 0.00,
            "value2": 0.00,
            "value3": 0.00,
            "value4": 0.00,
            "remarks": null,
            "createdBy": null,
            "createdOn": "2002-12-05T09:00:00",
            "updatedBy": null,
            "updatedOn": null,
            "lastSyncDate": null,
            "rlOfZeroGauge": 525.33,
            "rwaterTemp": null,
            "atempMax": null,
            "atempMin": null
        },
        {
            "obsdataId": 31322,
            "stationId": 138,
            "datatypeId": 15,
            "frequency": 4,
            "dateTime1": "2002-10-13T09:00:00",
            "time2": 180,
            "time3": 360,
            "time4": 540,
            "value1": 0.00,
            "value2": 0.00,
            "value3": 0.00,
            "value4": 0.00,
            "remarks": null,
            "createdBy": null,
            "createdOn": "2002-10-13T09:00:00",
            "updatedBy": null,
            "updatedOn": null,
            "lastSyncDate": null,
            "rlOfZeroGauge": 525.33,
            "rwaterTemp": null,
            "atempMax": null,
            "atempMin": null
        },
        {
            "obsdataId": 31545,
            "stationId": 138,
            "datatypeId": 15,
            "frequency": 4,
            "dateTime1": "2002-05-15T09:00:00",
            "time2": 180,
            "time3": 360,
            "time4": 540,
            "value1": -0.32,
            "value2": -0.32,
            "value3": -0.32,
            "value4": -0.32,
            "remarks": null,
            "createdBy": null,
            "createdOn": "2002-05-15T09:00:00",
            "updatedBy": null,
            "updatedOn": null,
            "lastSyncDate": null,
            "rlOfZeroGauge": 525.33,
            "rwaterTemp": null,
            "atempMax": null,
            "atempMin": null
        },
        {
            "obsdataId": 31671,
            "stationId": 138,
            "datatypeId": 15,
            "frequency": 4,
            "dateTime1": "2002-11-17T09:00:00",
            "time2": 180,
            "time3": 360,
            "time4": 540,
            "value1": 0.00,
            "value2": 0.00,
            "value3": 0.00,
            "value4": 0.00,
            "remarks": null,
            "createdBy": null,
            "createdOn": "2002-11-17T09:00:00",
            "updatedBy": null,
            "updatedOn": null,
            "lastSyncDate": null,
            "rlOfZeroGauge": 525.33,
            "rwaterTemp": null,
            "atempMax": null,
            "atempMin": null
        },
        {
            "obsdataId": 31696,
            "stationId": 138,
            "datatypeId": 15,
            "frequency": 4,
            "dateTime1": "2002-12-26T09:00:00",
            "time2": 180,
            "time3": 360,
            "time4": 540,
            "value1": 0.00,
            "value2": 0.00,
            "value3": 0.00,
            "value4": 0.00,
            "remarks": null,
            "createdBy": null,
            "createdOn": "2002-12-26T09:00:00",
            "updatedBy": null,
            "updatedOn": null,
            "lastSyncDate": null,
            "rlOfZeroGauge": 525.33,
            "rwaterTemp": null,
            "atempMax": null,
            "atempMin": null
        },
        {
            "obsdataId": 31715,
            "stationId": 138,
            "datatypeId": 15,
            "frequency": 4,
            "dateTime1": "2002-11-16T09:00:00",
            "time2": 180,
            "time3": 360,
            "time4": 540,
            "value1": 0.00,
            "value2": 0.00,
            "value3": 0.00,
            "value4": 0.00,
            "remarks": null,
            "createdBy": null,
            "createdOn": "2002-11-16T09:00:00",
            "updatedBy": null,
            "updatedOn": null,
            "lastSyncDate": null,
            "rlOfZeroGauge": 525.33,
            "rwaterTemp": null,
            "atempMax": null,
            "atempMin": null
        },
        {
            "obsdataId": 31727,
            "stationId": 138,
            "datatypeId": 15,
            "frequency": 4,
            "dateTime1": "2002-09-24T09:00:00",
            "time2": 180,
            "time3": 360,
            "time4": 540,
            "value1": 1.78,
            "value2": 1.78,
            "value3": 1.78,
            "value4": 1.78,
            "remarks": null,
            "createdBy": null,
            "createdOn": "2002-09-24T09:00:00",
            "updatedBy": null,
            "updatedOn": null,
            "lastSyncDate": null,
            "rlOfZeroGauge": 525.33,
            "rwaterTemp": null,
            "atempMax": null,
            "atempMin": null
        },
        {
            "obsdataId": 31766,
            "stationId": 138,
            "datatypeId": 15,
            "frequency": 4,
            "dateTime1": "2002-07-15T09:00:00",
            "time2": 180,
            "time3": 360,
            "time4": 540,
            "value1": -0.32,
            "value2": -0.32,
            "value3": -0.32,
            "value4": -0.32,
            "remarks": null,
            "createdBy": null,
            "createdOn": "2002-07-15T09:00:00",
            "updatedBy": null,
            "updatedOn": null,
            "lastSyncDate": null,
            "rlOfZeroGauge": 525.33,
            "rwaterTemp": null,
            "atempMax": null,
            "atempMin": null
        },
        {
            "obsdataId": 31767,
            "stationId": 138,
            "datatypeId": 15,
            "frequency": 4,
            "dateTime1": "2002-10-22T09:00:00",
            "time2": 180,
            "time3": 360,
            "time4": 540,
            "value1": 0.00,
            "value2": 0.00,
            "value3": 0.00,
            "value4": 0.00,
            "remarks": null,
            "createdBy": null,
            "createdOn": "2002-10-22T09:00:00",
            "updatedBy": null,
            "updatedOn": null,
            "lastSyncDate": null,
            "rlOfZeroGauge": 525.33,
            "rwaterTemp": null,
            "atempMax": null,
            "atempMin": null
        },
        {
            "obsdataId": 31886,
            "stationId": 138,
            "datatypeId": 15,
            "frequency": 4,
            "dateTime1": "2002-11-13T09:00:00",
            "time2": 180,
            "time3": 360,
            "time4": 540,
            "value1": 0.00,
            "value2": 0.00,
            "value3": 0.00,
            "value4": 0.00,
            "remarks": null,
            "createdBy": null,
            "createdOn": "2002-11-13T09:00:00",
            "updatedBy": null,
            "updatedOn": null,
            "lastSyncDate": null,
            "rlOfZeroGauge": 525.33,
            "rwaterTemp": null,
            "atempMax": null,
            "atempMin": null
        },
        {
            "obsdataId": 31985,
            "stationId": 138,
            "datatypeId": 15,
            "frequency": 4,
            "dateTime1": "2002-04-07T09:00:00",
            "time2": 180,
            "time3": 360,
            "time4": 540,
            "value1": -0.32,
            "value2": -0.32,
            "value3": -0.32,
            "value4": -0.32,
            "remarks": null,
            "createdBy": null,
            "createdOn": "2002-04-07T09:00:00",
            "updatedBy": null,
            "updatedOn": null,
            "lastSyncDate": null,
            "rlOfZeroGauge": 525.33,
            "rwaterTemp": null,
            "atempMax": null,
            "atempMin": null
        },
        {
            "obsdataId": 31995,
            "stationId": 138,
            "datatypeId": 15,
            "frequency": 4,
            "dateTime1": "2002-09-30T09:00:00",
            "time2": 180,
            "time3": 360,
            "time4": 540,
            "value1": 0.01,
            "value2": 0.01,
            "value3": 0.01,
            "value4": 0.01,
            "remarks": null,
            "createdBy": null,
            "createdOn": "2002-09-30T09:00:00",
            "updatedBy": null,
            "updatedOn": null,
            "lastSyncDate": null,
            "rlOfZeroGauge": 525.33,
            "rwaterTemp": null,
            "atempMax": null,
            "atempMin": null
        },
        {
            "obsdataId": 32121,
            "stationId": 138,
            "datatypeId": 15,
            "frequency": 4,
            "dateTime1": "2002-07-20T09:00:00",
            "time2": 180,
            "time3": 360,
            "time4": 540,
            "value1": -0.32,
            "value2": -0.32,
            "value3": -0.32,
            "value4": -0.32,
            "remarks": null,
            "createdBy": null,
            "createdOn": "2002-07-20T09:00:00",
            "updatedBy": null,
            "updatedOn": null,
            "lastSyncDate": null,
            "rlOfZeroGauge": 525.33,
            "rwaterTemp": null,
            "atempMax": null,
            "atempMin": null
        },
        {
            "obsdataId": 32187,
            "stationId": 138,
            "datatypeId": 15,
            "frequency": 4,
            "dateTime1": "2002-10-17T09:00:00",
            "time2": 180,
            "time3": 360,
            "time4": 540,
            "value1": 0.00,
            "value2": 0.00,
            "value3": 0.00,
            "value4": 0.00,
            "remarks": null,
            "createdBy": null,
            "createdOn": "2002-10-17T09:00:00",
            "updatedBy": null,
            "updatedOn": null,
            "lastSyncDate": null,
            "rlOfZeroGauge": 525.33,
            "rwaterTemp": null,
            "atempMax": null,
            "atempMin": null
        },
        {
            "obsdataId": 32313,
            "stationId": 138,
            "datatypeId": 15,
            "frequency": 4,
            "dateTime1": "2002-03-21T09:00:00",
            "time2": 180,
            "time3": 360,
            "time4": 540,
            "value1": -0.32,
            "value2": -0.32,
            "value3": -0.32,
            "value4": -0.32,
            "remarks": null,
            "createdBy": null,
            "createdOn": "2002-03-21T09:00:00",
            "updatedBy": null,
            "updatedOn": null,
            "lastSyncDate": null,
            "rlOfZeroGauge": 525.33,
            "rwaterTemp": null,
            "atempMax": null,
            "atempMin": null
        },
        {
            "obsdataId": 32341,
            "stationId": 138,
            "datatypeId": 15,
            "frequency": 4,
            "dateTime1": "2002-01-25T09:00:00",
            "time2": 180,
            "time3": 360,
            "time4": 540,
            "value1": 0.05,
            "value2": 0.05,
            "value3": 0.05,
            "value4": 0.05,
            "remarks": null,
            "createdBy": null,
            "createdOn": "2002-01-25T09:00:00",
            "updatedBy": null,
            "updatedOn": null,
            "lastSyncDate": null,
            "rlOfZeroGauge": 525.33,
            "rwaterTemp": null,
            "atempMax": null,
            "atempMin": null
        },
        {
            "obsdataId": 32554,
            "stationId": 138,
            "datatypeId": 15,
            "frequency": 4,
            "dateTime1": "2002-05-01T09:00:00",
            "time2": 180,
            "time3": 360,
            "time4": 540,
            "value1": -0.32,
            "value2": -0.32,
            "value3": -0.32,
            "value4": -0.32,
            "remarks": null,
            "createdBy": null,
            "createdOn": "2002-05-01T09:00:00",
            "updatedBy": null,
            "updatedOn": null,
            "lastSyncDate": null,
            "rlOfZeroGauge": 525.33,
            "rwaterTemp": null,
            "atempMax": null,
            "atempMin": null
        },
        {
            "obsdataId": 32593,
            "stationId": 138,
            "datatypeId": 15,
            "frequency": 4,
            "dateTime1": "2002-07-28T09:00:00",
            "time2": 180,
            "time3": 360,
            "time4": 540,
            "value1": -0.32,
            "value2": -0.32,
            "value3": -0.32,
            "value4": -0.32,
            "remarks": null,
            "createdBy": null,
            "createdOn": "2002-07-28T09:00:00",
            "updatedBy": null,
            "updatedOn": null,
            "lastSyncDate": null,
            "rlOfZeroGauge": 525.33,
            "rwaterTemp": null,
            "atempMax": null,
            "atempMin": null
        },
        {
            "obsdataId": 32701,
            "stationId": 138,
            "datatypeId": 15,
            "frequency": 4,
            "dateTime1": "2002-11-06T09:00:00",
            "time2": 180,
            "time3": 360,
            "time4": 540,
            "value1": 0.00,
            "value2": 0.00,
            "value3": 0.00,
            "value4": 0.00,
            "remarks": null,
            "createdBy": null,
            "createdOn": "2002-11-06T09:00:00",
            "updatedBy": null,
            "updatedOn": null,
            "lastSyncDate": null,
            "rlOfZeroGauge": 525.33,
            "rwaterTemp": null,
            "atempMax": null,
            "atempMin": null
        },
        {
            "obsdataId": 32725,
            "stationId": 138,
            "datatypeId": 15,
            "frequency": 4,
            "dateTime1": "1998-09-08T09:00:00",
            "time2": 180,
            "time3": 360,
            "time4": 540,
            "value1": 0.00,
            "value2": 0.00,
            "value3": 0.00,
            "value4": 0.00,
            "remarks": null,
            "createdBy": null,
            "createdOn": "1998-09-08T09:00:00",
            "updatedBy": null,
            "updatedOn": null,
            "lastSyncDate": null,
            "rlOfZeroGauge": null,
            "rwaterTemp": null,
            "atempMax": null,
            "atempMin": null
        },
        {
            "obsdataId": 32741,
            "stationId": 138,
            "datatypeId": 15,
            "frequency": 4,
            "dateTime1": "2002-09-09T09:00:00",
            "time2": 180,
            "time3": 360,
            "time4": 540,
            "value1": 2.28,
            "value2": 2.28,
            "value3": 2.28,
            "value4": 2.28,
            "remarks": null,
            "createdBy": null,
            "createdOn": "2002-09-09T09:00:00",
            "updatedBy": null,
            "updatedOn": null,
            "lastSyncDate": null,
            "rlOfZeroGauge": 525.33,
            "rwaterTemp": null,
            "atempMax": null,
            "atempMin": null
        },
        {
            "obsdataId": 32932,
            "stationId": 138,
            "datatypeId": 15,
            "frequency": 4,
            "dateTime1": "2002-03-24T09:00:00",
            "time2": 180,
            "time3": 360,
            "time4": 540,
            "value1": -0.32,
            "value2": -0.32,
            "value3": -0.32,
            "value4": -0.32,
            "remarks": null,
            "createdBy": null,
            "createdOn": "2002-03-24T09:00:00",
            "updatedBy": null,
            "updatedOn": null,
            "lastSyncDate": null,
            "rlOfZeroGauge": 525.33,
            "rwaterTemp": null,
            "atempMax": null,
            "atempMin": null
        },
        {
            "obsdataId": 33065,
            "stationId": 138,
            "datatypeId": 15,
            "frequency": 4,
            "dateTime1": "2002-11-19T09:00:00",
            "time2": 180,
            "time3": 360,
            "time4": 540,
            "value1": 0.00,
            "value2": 0.00,
            "value3": 0.00,
            "value4": 0.00,
            "remarks": null,
            "createdBy": null,
            "createdOn": "2002-11-19T09:00:00",
            "updatedBy": null,
            "updatedOn": null,
            "lastSyncDate": null,
            "rlOfZeroGauge": 525.33,
            "rwaterTemp": null,
            "atempMax": null,
            "atempMin": null
        },
        {
            "obsdataId": 33100,
            "stationId": 138,
            "datatypeId": 15,
            "frequency": 4,
            "dateTime1": "2002-06-15T09:00:00",
            "time2": 180,
            "time3": 360,
            "time4": 540,
            "value1": -0.32,
            "value2": -0.32,
            "value3": -0.32,
            "value4": -0.32,
            "remarks": null,
            "createdBy": null,
            "createdOn": "2002-06-15T09:00:00",
            "updatedBy": null,
            "updatedOn": null,
            "lastSyncDate": null,
            "rlOfZeroGauge": 525.33,
            "rwaterTemp": null,
            "atempMax": null,
            "atempMin": null
        },
        {
            "obsdataId": 33123,
            "stationId": 138,
            "datatypeId": 15,
            "frequency": 4,
            "dateTime1": "2002-03-30T09:00:00",
            "time2": 180,
            "time3": 360,
            "time4": 540,
            "value1": -0.32,
            "value2": -0.32,
            "value3": -0.32,
            "value4": -0.32,
            "remarks": null,
            "createdBy": null,
            "createdOn": "2002-03-30T09:00:00",
            "updatedBy": null,
            "updatedOn": null,
            "lastSyncDate": null,
            "rlOfZeroGauge": 525.33,
            "rwaterTemp": null,
            "atempMax": null,
            "atempMin": null
        },
        {
            "obsdataId": 33137,
            "stationId": 138,
            "datatypeId": 15,
            "frequency": 4,
            "dateTime1": "2002-01-07T09:00:00",
            "time2": 180,
            "time3": 360,
            "time4": 540,
            "value1": 0.03,
            "value2": 0.03,
            "value3": 0.03,
            "value4": 0.03,
            "remarks": null,
            "createdBy": null,
            "createdOn": "2002-01-07T09:00:00",
            "updatedBy": null,
            "updatedOn": null,
            "lastSyncDate": null,
            "rlOfZeroGauge": 525.33,
            "rwaterTemp": null,
            "atempMax": null,
            "atempMin": null
        },
        {
            "obsdataId": 33448,
            "stationId": 138,
            "datatypeId": 15,
            "frequency": 4,
            "dateTime1": "2002-06-20T09:00:00",
            "time2": 180,
            "time3": 360,
            "time4": 540,
            "value1": -0.32,
            "value2": -0.32,
            "value3": -0.32,
            "value4": -0.32,
            "remarks": null,
            "createdBy": null,
            "createdOn": "2002-06-20T09:00:00",
            "updatedBy": null,
            "updatedOn": null,
            "lastSyncDate": null,
            "rlOfZeroGauge": 525.33,
            "rwaterTemp": null,
            "atempMax": null,
            "atempMin": null
        },
        {
            "obsdataId": 33473,
            "stationId": 138,
            "datatypeId": 15,
            "frequency": 4,
            "dateTime1": "2002-04-25T09:00:00",
            "time2": 180,
            "time3": 360,
            "time4": 540,
            "value1": -0.32,
            "value2": -0.32,
            "value3": -0.32,
            "value4": -0.32,
            "remarks": null,
            "createdBy": null,
            "createdOn": "2002-04-25T09:00:00",
            "updatedBy": null,
            "updatedOn": null,
            "lastSyncDate": null,
            "rlOfZeroGauge": 525.33,
            "rwaterTemp": null,
            "atempMax": null,
            "atempMin": null
        },
        {
            "obsdataId": 33510,
            "stationId": 138,
            "datatypeId": 15,
            "frequency": 4,
            "dateTime1": "2002-08-29T09:00:00",
            "time2": 180,
            "time3": 360,
            "time4": 540,
            "value1": 1.98,
            "value2": 1.98,
            "value3": 1.98,
            "value4": 1.98,
            "remarks": null,
            "createdBy": null,
            "createdOn": "2002-08-29T09:00:00",
            "updatedBy": null,
            "updatedOn": null,
            "lastSyncDate": null,
            "rlOfZeroGauge": 525.33,
            "rwaterTemp": null,
            "atempMax": null,
            "atempMin": null
        },
        {
            "obsdataId": 33518,
            "stationId": 138,
            "datatypeId": 15,
            "frequency": 4,
            "dateTime1": "2002-09-21T09:00:00",
            "time2": 180,
            "time3": 360,
            "time4": 540,
            "value1": 0.11,
            "value2": 0.11,
            "value3": 0.11,
            "value4": 0.11,
            "remarks": null,
            "createdBy": null,
            "createdOn": "2002-09-21T09:00:00",
            "updatedBy": null,
            "updatedOn": null,
            "lastSyncDate": null,
            "rlOfZeroGauge": 525.33,
            "rwaterTemp": null,
            "atempMax": null,
            "atempMin": null
        },
        {
            "obsdataId": 33531,
            "stationId": 138,
            "datatypeId": 15,
            "frequency": 4,
            "dateTime1": "1998-09-18T09:00:00",
            "time2": 180,
            "time3": 360,
            "time4": 540,
            "value1": 0.00,
            "value2": 0.00,
            "value3": 0.00,
            "value4": 0.00,
            "remarks": null,
            "createdBy": null,
            "createdOn": "1998-09-18T09:00:00",
            "updatedBy": null,
            "updatedOn": null,
            "lastSyncDate": null,
            "rlOfZeroGauge": null,
            "rwaterTemp": null,
            "atempMax": null,
            "atempMin": null
        },
        {
            "obsdataId": 33617,
            "stationId": 138,
            "datatypeId": 15,
            "frequency": 4,
            "dateTime1": "2002-06-28T09:00:00",
            "time2": 180,
            "time3": 360,
            "time4": 540,
            "value1": 0.02,
            "value2": 0.02,
            "value3": 0.02,
            "value4": 0.02,
            "remarks": null,
            "createdBy": null,
            "createdOn": "2002-06-28T09:00:00",
            "updatedBy": null,
            "updatedOn": null,
            "lastSyncDate": null,
            "rlOfZeroGauge": 525.33,
            "rwaterTemp": null,
            "atempMax": null,
            "atempMin": null
        },
        {
            "obsdataId": 33731,
            "stationId": 138,
            "datatypeId": 15,
            "frequency": 4,
            "dateTime1": "2002-12-12T09:00:00",
            "time2": 180,
            "time3": 360,
            "time4": 540,
            "value1": 0.00,
            "value2": 0.00,
            "value3": 0.00,
            "value4": 0.00,
            "remarks": null,
            "createdBy": null,
            "createdOn": "2002-12-12T09:00:00",
            "updatedBy": null,
            "updatedOn": null,
            "lastSyncDate": null,
            "rlOfZeroGauge": 525.33,
            "rwaterTemp": null,
            "atempMax": null,
            "atempMin": null
        },
        {
            "obsdataId": 33748,
            "stationId": 138,
            "datatypeId": 15,
            "frequency": 4,
            "dateTime1": "2002-02-27T09:00:00",
            "time2": 180,
            "time3": 360,
            "time4": 540,
            "value1": -0.32,
            "value2": -0.32,
            "value3": -0.32,
            "value4": -0.32,
            "remarks": null,
            "createdBy": null,
            "createdOn": "2002-02-27T09:00:00",
            "updatedBy": null,
            "updatedOn": null,
            "lastSyncDate": null,
            "rlOfZeroGauge": 525.33,
            "rwaterTemp": null,
            "atempMax": null,
            "atempMin": null
        },
        {
            "obsdataId": 33974,
            "stationId": 138,
            "datatypeId": 15,
            "frequency": 4,
            "dateTime1": "2002-08-02T09:00:00",
            "time2": 180,
            "time3": 360,
            "time4": 540,
            "value1": -0.32,
            "value2": -0.32,
            "value3": -0.32,
            "value4": -0.32,
            "remarks": null,
            "createdBy": null,
            "createdOn": "2002-08-02T09:00:00",
            "updatedBy": null,
            "updatedOn": null,
            "lastSyncDate": null,
            "rlOfZeroGauge": 525.33,
            "rwaterTemp": null,
            "atempMax": null,
            "atempMin": null
        },
        {
            "obsdataId": 33978,
            "stationId": 138,
            "datatypeId": 15,
            "frequency": 4,
            "dateTime1": "2002-03-09T09:00:00",
            "time2": 180,
            "time3": 360,
            "time4": 540,
            "value1": -0.32,
            "value2": -0.32,
            "value3": -0.32,
            "value4": -0.32,
            "remarks": null,
            "createdBy": null,
            "createdOn": "2002-03-09T09:00:00",
            "updatedBy": null,
            "updatedOn": null,
            "lastSyncDate": null,
            "rlOfZeroGauge": 525.33,
            "rwaterTemp": null,
            "atempMax": null,
            "atempMin": null
        },
        {
            "obsdataId": 34082,
            "stationId": 138,
            "datatypeId": 15,
            "frequency": 4,
            "dateTime1": "2002-02-03T09:00:00",
            "time2": 180,
            "time3": 360,
            "time4": 540,
            "value1": -0.02,
            "value2": -0.02,
            "value3": -0.02,
            "value4": -0.02,
            "remarks": null,
            "createdBy": null,
            "createdOn": "2002-02-03T09:00:00",
            "updatedBy": null,
            "updatedOn": null,
            "lastSyncDate": null,
            "rlOfZeroGauge": 525.33,
            "rwaterTemp": null,
            "atempMax": null,
            "atempMin": null
        },
        {
            "obsdataId": 34207,
            "stationId": 138,
            "datatypeId": 15,
            "frequency": 4,
            "dateTime1": "2002-01-29T09:00:00",
            "time2": 180,
            "time3": 360,
            "time4": 540,
            "value1": 0.03,
            "value2": 0.03,
            "value3": 0.03,
            "value4": 0.03,
            "remarks": null,
            "createdBy": null,
            "createdOn": "2002-01-29T09:00:00",
            "updatedBy": null,
            "updatedOn": null,
            "lastSyncDate": null,
            "rlOfZeroGauge": 525.33,
            "rwaterTemp": null,
            "atempMax": null,
            "atempMin": null
        },
        {
            "obsdataId": 34302,
            "stationId": 138,
            "datatypeId": 15,
            "frequency": 4,
            "dateTime1": "2002-09-08T09:00:00",
            "time2": 180,
            "time3": 360,
            "time4": 540,
            "value1": 2.28,
            "value2": 2.28,
            "value3": 2.28,
            "value4": 2.28,
            "remarks": null,
            "createdBy": null,
            "createdOn": "2002-09-08T09:00:00",
            "updatedBy": null,
            "updatedOn": null,
            "lastSyncDate": null,
            "rlOfZeroGauge": 525.33,
            "rwaterTemp": null,
            "atempMax": null,
            "atempMin": null
        },
        {
            "obsdataId": 34324,
            "stationId": 138,
            "datatypeId": 15,
            "frequency": 4,
            "dateTime1": "1998-09-09T09:00:00",
            "time2": 180,
            "time3": 360,
            "time4": 540,
            "value1": 0.00,
            "value2": 0.00,
            "value3": 0.00,
            "value4": 0.00,
            "remarks": null,
            "createdBy": null,
            "createdOn": "1998-09-09T09:00:00",
            "updatedBy": null,
            "updatedOn": null,
            "lastSyncDate": null,
            "rlOfZeroGauge": null,
            "rwaterTemp": null,
            "atempMax": null,
            "atempMin": null
        },
        {
            "obsdataId": 34355,
            "stationId": 138,
            "datatypeId": 15,
            "frequency": 4,
            "dateTime1": "2002-01-02T09:00:00",
            "time2": 180,
            "time3": 360,
            "time4": 540,
            "value1": 0.12,
            "value2": 0.12,
            "value3": 0.12,
            "value4": 0.12,
            "remarks": null,
            "createdBy": null,
            "createdOn": "2002-01-02T09:00:00",
            "updatedBy": null,
            "updatedOn": null,
            "lastSyncDate": null,
            "rlOfZeroGauge": 525.33,
            "rwaterTemp": null,
            "atempMax": null,
            "atempMin": null
        },
        {
            "obsdataId": 34376,
            "stationId": 138,
            "datatypeId": 15,
            "frequency": 4,
            "dateTime1": "2002-06-01T09:00:00",
            "time2": 180,
            "time3": 360,
            "time4": 540,
            "value1": -0.32,
            "value2": -0.32,
            "value3": -0.32,
            "value4": -0.32,
            "remarks": null,
            "createdBy": null,
            "createdOn": "2002-06-01T09:00:00",
            "updatedBy": null,
            "updatedOn": null,
            "lastSyncDate": null,
            "rlOfZeroGauge": 525.33,
            "rwaterTemp": null,
            "atempMax": null,
            "atempMin": null
        },
        {
            "obsdataId": 34415,
            "stationId": 138,
            "datatypeId": 15,
            "frequency": 4,
            "dateTime1": "2002-02-23T09:00:00",
            "time2": 180,
            "time3": 360,
            "time4": 540,
            "value1": -0.32,
            "value2": -0.32,
            "value3": -0.32,
            "value4": -0.32,
            "remarks": null,
            "createdBy": null,
            "createdOn": "2002-02-23T09:00:00",
            "updatedBy": null,
            "updatedOn": null,
            "lastSyncDate": null,
            "rlOfZeroGauge": 525.33,
            "rwaterTemp": null,
            "atempMax": null,
            "atempMin": null
        },
        {
            "obsdataId": 34483,
            "stationId": 138,
            "datatypeId": 15,
            "frequency": 4,
            "dateTime1": "2002-03-18T09:00:00",
            "time2": 180,
            "time3": 360,
            "time4": 540,
            "value1": -0.32,
            "value2": -0.32,
            "value3": -0.32,
            "value4": -0.32,
            "remarks": null,
            "createdBy": null,
            "createdOn": "2002-03-18T09:00:00",
            "updatedBy": null,
            "updatedOn": null,
            "lastSyncDate": null,
            "rlOfZeroGauge": 525.33,
            "rwaterTemp": null,
            "atempMax": null,
            "atempMin": null
        },
        {
            "obsdataId": 34794,
            "stationId": 138,
            "datatypeId": 15,
            "frequency": 4,
            "dateTime1": "2002-08-07T09:00:00",
            "time2": 180,
            "time3": 360,
            "time4": 540,
            "value1": -0.32,
            "value2": -0.32,
            "value3": -0.32,
            "value4": -0.32,
            "remarks": null,
            "createdBy": null,
            "createdOn": "2002-08-07T09:00:00",
            "updatedBy": null,
            "updatedOn": null,
            "lastSyncDate": null,
            "rlOfZeroGauge": 525.33,
            "rwaterTemp": null,
            "atempMax": null,
            "atempMin": null
        },
        {
            "obsdataId": 34807,
            "stationId": 138,
            "datatypeId": 15,
            "frequency": 4,
            "dateTime1": "2002-10-19T09:00:00",
            "time2": 180,
            "time3": 360,
            "time4": 540,
            "value1": 0.00,
            "value2": 0.00,
            "value3": 0.00,
            "value4": 0.00,
            "remarks": null,
            "createdBy": null,
            "createdOn": "2002-10-19T09:00:00",
            "updatedBy": null,
            "updatedOn": null,
            "lastSyncDate": null,
            "rlOfZeroGauge": 525.33,
            "rwaterTemp": null,
            "atempMax": null,
            "atempMin": null
        },
        {
            "obsdataId": 35113,
            "stationId": 138,
            "datatypeId": 15,
            "frequency": 4,
            "dateTime1": "1998-09-24T09:00:00",
            "time2": 180,
            "time3": 360,
            "time4": 540,
            "value1": 0.00,
            "value2": 0.00,
            "value3": 0.00,
            "value4": 0.00,
            "remarks": null,
            "createdBy": null,
            "createdOn": "1998-09-24T09:00:00",
            "updatedBy": null,
            "updatedOn": null,
            "lastSyncDate": null,
            "rlOfZeroGauge": null,
            "rwaterTemp": null,
            "atempMax": null,
            "atempMin": null
        },
        {
            "obsdataId": 35131,
            "stationId": 138,
            "datatypeId": 15,
            "frequency": 4,
            "dateTime1": "1998-09-30T09:00:00",
            "time2": 180,
            "time3": 360,
            "time4": 540,
            "value1": 0.00,
            "value2": 0.00,
            "value3": 0.00,
            "value4": 0.00,
            "remarks": null,
            "createdBy": null,
            "createdOn": "1998-09-30T09:00:00",
            "updatedBy": null,
            "updatedOn": null,
            "lastSyncDate": null,
            "rlOfZeroGauge": null,
            "rwaterTemp": null,
            "atempMax": null,
            "atempMin": null
        },
        {
            "obsdataId": 35268,
            "stationId": 138,
            "datatypeId": 15,
            "frequency": 4,
            "dateTime1": "2002-12-14T09:00:00",
            "time2": 180,
            "time3": 360,
            "time4": 540,
            "value1": 0.00,
            "value2": 0.00,
            "value3": 0.00,
            "value4": 0.00,
            "remarks": null,
            "createdBy": null,
            "createdOn": "2002-12-14T09:00:00",
            "updatedBy": null,
            "updatedOn": null,
            "lastSyncDate": null,
            "rlOfZeroGauge": 525.33,
            "rwaterTemp": null,
            "atempMax": null,
            "atempMin": null
        },
        {
            "obsdataId": 35325,
            "stationId": 138,
            "datatypeId": 15,
            "frequency": 4,
            "dateTime1": "2002-08-06T09:00:00",
            "time2": 180,
            "time3": 360,
            "time4": 540,
            "value1": -0.32,
            "value2": -0.32,
            "value3": -0.32,
            "value4": -0.32,
            "remarks": null,
            "createdBy": null,
            "createdOn": "2002-08-06T09:00:00",
            "updatedBy": null,
            "updatedOn": null,
            "lastSyncDate": null,
            "rlOfZeroGauge": 525.33,
            "rwaterTemp": null,
            "atempMax": null,
            "atempMin": null
        },
        {
            "obsdataId": 35521,
            "stationId": 138,
            "datatypeId": 15,
            "frequency": 4,
            "dateTime1": "2002-05-03T09:00:00",
            "time2": 180,
            "time3": 360,
            "time4": 540,
            "value1": -0.32,
            "value2": -0.32,
            "value3": -0.32,
            "value4": -0.32,
            "remarks": null,
            "createdBy": null,
            "createdOn": "2002-05-03T09:00:00",
            "updatedBy": null,
            "updatedOn": null,
            "lastSyncDate": null,
            "rlOfZeroGauge": 525.33,
            "rwaterTemp": null,
            "atempMax": null,
            "atempMin": null
        },
        {
            "obsdataId": 35688,
            "stationId": 138,
            "datatypeId": 15,
            "frequency": 4,
            "dateTime1": "2002-07-27T09:00:00",
            "time2": 180,
            "time3": 360,
            "time4": 540,
            "value1": -0.32,
            "value2": -0.32,
            "value3": -0.32,
            "value4": -0.32,
            "remarks": null,
            "createdBy": null,
            "createdOn": "2002-07-27T09:00:00",
            "updatedBy": null,
            "updatedOn": null,
            "lastSyncDate": null,
            "rlOfZeroGauge": 525.33,
            "rwaterTemp": null,
            "atempMax": null,
            "atempMin": null
        },
        {
            "obsdataId": 35744,
            "stationId": 138,
            "datatypeId": 15,
            "frequency": 4,
            "dateTime1": "2002-09-04T09:00:00",
            "time2": 180,
            "time3": 360,
            "time4": 540,
            "value1": 2.18,
            "value2": 2.18,
            "value3": 2.18,
            "value4": 2.18,
            "remarks": null,
            "createdBy": null,
            "createdOn": "2002-09-04T09:00:00",
            "updatedBy": null,
            "updatedOn": null,
            "lastSyncDate": null,
            "rlOfZeroGauge": 525.33,
            "rwaterTemp": null,
            "atempMax": null,
            "atempMin": null
        },
        {
            "obsdataId": 35836,
            "stationId": 138,
            "datatypeId": 15,
            "frequency": 4,
            "dateTime1": "2002-10-25T09:00:00",
            "time2": 180,
            "time3": 360,
            "time4": 540,
            "value1": 0.00,
            "value2": 0.00,
            "value3": 0.00,
            "value4": 0.00,
            "remarks": null,
            "createdBy": null,
            "createdOn": "2002-10-25T09:00:00",
            "updatedBy": null,
            "updatedOn": null,
            "lastSyncDate": null,
            "rlOfZeroGauge": 525.33,
            "rwaterTemp": null,
            "atempMax": null,
            "atempMin": null
        },
        {
            "obsdataId": 35839,
            "stationId": 138,
            "datatypeId": 15,
            "frequency": 4,
            "dateTime1": "2002-05-23T09:00:00",
            "time2": 180,
            "time3": 360,
            "time4": 540,
            "value1": -0.32,
            "value2": -0.32,
            "value3": -0.32,
            "value4": -0.32,
            "remarks": null,
            "createdBy": null,
            "createdOn": "2002-05-23T09:00:00",
            "updatedBy": null,
            "updatedOn": null,
            "lastSyncDate": null,
            "rlOfZeroGauge": 525.33,
            "rwaterTemp": null,
            "atempMax": null,
            "atempMin": null
        },
        {
            "obsdataId": 35844,
            "stationId": 138,
            "datatypeId": 15,
            "frequency": 4,
            "dateTime1": "2002-01-17T09:00:00",
            "time2": 180,
            "time3": 360,
            "time4": 540,
            "value1": 0.10,
            "value2": 0.10,
            "value3": 0.10,
            "value4": 0.10,
            "remarks": null,
            "createdBy": null,
            "createdOn": "2002-01-17T09:00:00",
            "updatedBy": null,
            "updatedOn": null,
            "lastSyncDate": null,
            "rlOfZeroGauge": 525.33,
            "rwaterTemp": null,
            "atempMax": null,
            "atempMin": null
        },
        {
            "obsdataId": 36219,
            "stationId": 138,
            "datatypeId": 15,
            "frequency": 4,
            "dateTime1": "2002-08-16T09:00:00",
            "time2": 180,
            "time3": 360,
            "time4": 540,
            "value1": 0.15,
            "value2": 0.15,
            "value3": 0.15,
            "value4": 0.15,
            "remarks": null,
            "createdBy": null,
            "createdOn": "2002-08-16T09:00:00",
            "updatedBy": null,
            "updatedOn": null,
            "lastSyncDate": null,
            "rlOfZeroGauge": 525.33,
            "rwaterTemp": null,
            "atempMax": null,
            "atempMin": null
        },
        {
            "obsdataId": 36387,
            "stationId": 138,
            "datatypeId": 15,
            "frequency": 4,
            "dateTime1": "2002-08-13T09:00:00",
            "time2": 180,
            "time3": 360,
            "time4": 540,
            "value1": -0.32,
            "value2": -0.32,
            "value3": -0.32,
            "value4": -0.32,
            "remarks": null,
            "createdBy": null,
            "createdOn": "2002-08-13T09:00:00",
            "updatedBy": null,
            "updatedOn": null,
            "lastSyncDate": null,
            "rlOfZeroGauge": 525.33,
            "rwaterTemp": null,
            "atempMax": null,
            "atempMin": null
        },
        {
            "obsdataId": 36427,
            "stationId": 138,
            "datatypeId": 15,
            "frequency": 4,
            "dateTime1": "2002-01-22T09:00:00",
            "time2": 180,
            "time3": 360,
            "time4": 540,
            "value1": 0.05,
            "value2": 0.05,
            "value3": 0.05,
            "value4": 0.05,
            "remarks": null,
            "createdBy": null,
            "createdOn": "2002-01-22T09:00:00",
            "updatedBy": null,
            "updatedOn": null,
            "lastSyncDate": null,
            "rlOfZeroGauge": 525.33,
            "rwaterTemp": null,
            "atempMax": null,
            "atempMin": null
        },
        {
            "obsdataId": 36511,
            "stationId": 138,
            "datatypeId": 15,
            "frequency": 4,
            "dateTime1": "2002-09-10T09:00:00",
            "time2": 180,
            "time3": 360,
            "time4": 540,
            "value1": 2.18,
            "value2": 2.18,
            "value3": 2.18,
            "value4": 2.18,
            "remarks": null,
            "createdBy": null,
            "createdOn": "2002-09-10T09:00:00",
            "updatedBy": null,
            "updatedOn": null,
            "lastSyncDate": null,
            "rlOfZeroGauge": 525.33,
            "rwaterTemp": null,
            "atempMax": null,
            "atempMin": null
        },
        {
            "obsdataId": 36594,
            "stationId": 138,
            "datatypeId": 15,
            "frequency": 4,
            "dateTime1": "2002-08-17T09:00:00",
            "time2": 180,
            "time3": 360,
            "time4": 540,
            "value1": 0.05,
            "value2": 0.05,
            "value3": 0.05,
            "value4": 0.05,
            "remarks": null,
            "createdBy": null,
            "createdOn": "2002-08-17T09:00:00",
            "updatedBy": null,
            "updatedOn": null,
            "lastSyncDate": null,
            "rlOfZeroGauge": 525.33,
            "rwaterTemp": null,
            "atempMax": null,
            "atempMin": null
        },
        {
            "obsdataId": 36808,
            "stationId": 138,
            "datatypeId": 15,
            "frequency": 4,
            "dateTime1": "2002-08-22T09:00:00",
            "time2": 180,
            "time3": 360,
            "time4": 540,
            "value1": 0.01,
            "value2": 0.01,
            "value3": 0.01,
            "value4": 0.01,
            "remarks": null,
            "createdBy": null,
            "createdOn": "2002-08-22T09:00:00",
            "updatedBy": null,
            "updatedOn": null,
            "lastSyncDate": null,
            "rlOfZeroGauge": 525.33,
            "rwaterTemp": null,
            "atempMax": null,
            "atempMin": null
        },
        {
            "obsdataId": 36833,
            "stationId": 138,
            "datatypeId": 15,
            "frequency": 4,
            "dateTime1": "2002-04-19T09:00:00",
            "time2": 180,
            "time3": 360,
            "time4": 540,
            "value1": -0.32,
            "value2": -0.32,
            "value3": -0.32,
            "value4": -0.32,
            "remarks": null,
            "createdBy": null,
            "createdOn": "2002-04-19T09:00:00",
            "updatedBy": null,
            "updatedOn": null,
            "lastSyncDate": null,
            "rlOfZeroGauge": 525.33,
            "rwaterTemp": null,
            "atempMax": null,
            "atempMin": null
        },
        {
            "obsdataId": 36847,
            "stationId": 138,
            "datatypeId": 15,
            "frequency": 4,
            "dateTime1": "2002-01-13T09:00:00",
            "time2": 180,
            "time3": 360,
            "time4": 540,
            "value1": 0.12,
            "value2": 0.12,
            "value3": 0.12,
            "value4": 0.12,
            "remarks": null,
            "createdBy": null,
            "createdOn": "2002-01-13T09:00:00",
            "updatedBy": null,
            "updatedOn": null,
            "lastSyncDate": null,
            "rlOfZeroGauge": 525.33,
            "rwaterTemp": null,
            "atempMax": null,
            "atempMin": null
        },
        {
            "obsdataId": 36973,
            "stationId": 138,
            "datatypeId": 15,
            "frequency": 4,
            "dateTime1": "2002-01-16T09:00:00",
            "time2": 180,
            "time3": 360,
            "time4": 540,
            "value1": 0.10,
            "value2": 0.10,
            "value3": 0.10,
            "value4": 0.10,
            "remarks": null,
            "createdBy": null,
            "createdOn": "2002-01-16T09:00:00",
            "updatedBy": null,
            "updatedOn": null,
            "lastSyncDate": null,
            "rlOfZeroGauge": 525.33,
            "rwaterTemp": null,
            "atempMax": null,
            "atempMin": null
        },
        {
            "obsdataId": 37035,
            "stationId": 138,
            "datatypeId": 15,
            "frequency": 4,
            "dateTime1": "2002-05-27T09:00:00",
            "time2": 180,
            "time3": 360,
            "time4": 540,
            "value1": -0.32,
            "value2": -0.32,
            "value3": -0.32,
            "value4": -0.32,
            "remarks": null,
            "createdBy": null,
            "createdOn": "2002-05-27T09:00:00",
            "updatedBy": null,
            "updatedOn": null,
            "lastSyncDate": null,
            "rlOfZeroGauge": 525.33,
            "rwaterTemp": null,
            "atempMax": null,
            "atempMin": null
        },
        {
            "obsdataId": 37144,
            "stationId": 138,
            "datatypeId": 15,
            "frequency": 4,
            "dateTime1": "2002-01-06T09:00:00",
            "time2": 180,
            "time3": 360,
            "time4": 540,
            "value1": 0.03,
            "value2": 0.03,
            "value3": 0.03,
            "value4": 0.03,
            "remarks": null,
            "createdBy": null,
            "createdOn": "2002-01-06T09:00:00",
            "updatedBy": null,
            "updatedOn": null,
            "lastSyncDate": null,
            "rlOfZeroGauge": 525.33,
            "rwaterTemp": null,
            "atempMax": null,
            "atempMin": null
        },
        {
            "obsdataId": 37190,
            "stationId": 138,
            "datatypeId": 15,
            "frequency": 4,
            "dateTime1": "2002-07-23T09:00:00",
            "time2": 180,
            "time3": 360,
            "time4": 540,
            "value1": -0.32,
            "value2": -0.32,
            "value3": -0.32,
            "value4": -0.32,
            "remarks": null,
            "createdBy": null,
            "createdOn": "2002-07-23T09:00:00",
            "updatedBy": null,
            "updatedOn": null,
            "lastSyncDate": null,
            "rlOfZeroGauge": 525.33,
            "rwaterTemp": null,
            "atempMax": null,
            "atempMin": null
        },
        {
            "obsdataId": 37346,
            "stationId": 138,
            "datatypeId": 15,
            "frequency": 4,
            "dateTime1": "2002-09-11T09:00:00",
            "time2": 180,
            "time3": 360,
            "time4": 540,
            "value1": 2.18,
            "value2": 2.18,
            "value3": 2.18,
            "value4": 2.18,
            "remarks": null,
            "createdBy": null,
            "createdOn": "2002-09-11T09:00:00",
            "updatedBy": null,
            "updatedOn": null,
            "lastSyncDate": null,
            "rlOfZeroGauge": 525.33,
            "rwaterTemp": null,
            "atempMax": null,
            "atempMin": null
        },
        {
            "obsdataId": 37453,
            "stationId": 138,
            "datatypeId": 15,
            "frequency": 4,
            "dateTime1": "2002-07-03T09:00:00",
            "time2": 180,
            "time3": 360,
            "time4": 540,
            "value1": -0.02,
            "value2": -0.02,
            "value3": -0.02,
            "value4": -0.02,
            "remarks": null,
            "createdBy": null,
            "createdOn": "2002-07-03T09:00:00",
            "updatedBy": null,
            "updatedOn": null,
            "lastSyncDate": null,
            "rlOfZeroGauge": 525.33,
            "rwaterTemp": null,
            "atempMax": null,
            "atempMin": null
        },
        {
            "obsdataId": 37542,
            "stationId": 138,
            "datatypeId": 15,
            "frequency": 4,
            "dateTime1": "2002-11-25T09:00:00",
            "time2": 180,
            "time3": 360,
            "time4": 540,
            "value1": 0.00,
            "value2": 0.00,
            "value3": 0.00,
            "value4": 0.00,
            "remarks": null,
            "createdBy": null,
            "createdOn": "2002-11-25T09:00:00",
            "updatedBy": null,
            "updatedOn": null,
            "lastSyncDate": null,
            "rlOfZeroGauge": 525.33,
            "rwaterTemp": null,
            "atempMax": null,
            "atempMin": null
        }
    ],
    "message": "ObsDataRetrieved successfully",
    "txnId": "b0e3ac21-ebc6-4e35-9407-c8c2fcbd2611"
}
status code is 
200
Response Time is 
96
HTTP/1.1 200 OK
Name of test method sucessfully executed:get_getobsdata
]]></system-out>
  </testcase>
  <testcase name="GET_Master_rl" classname="com.swades.master.testCases.GET_master_rl" time="0.062">
    <system-out><![CDATA[Name of test method started:GET_Master_rl
Request method:	GET
Request URI:	http://20.198.96.251:9090/MasterApi/v1/master-rl/138
Proxy:			<none>
Request params:	<none>
Query params:	<none>
Form params:	<none>
Path params:	stationId=138
Headers:		Authorization=Bearer eyJhbGciOiJIUzI1NiJ9.eyJzdWIiOiJRQVRlc3QiLCJpYXQiOjE3MTg2OTQ1NTMsImV4cCI6NTAwMDAxNzE4Njk0NTUzfQ.FiTkn6nPvHOJQqYBIMxSMxeS6CsvgBRT9yseH3gE5Zg
				Accept=*/*
				Content-Type=application/json
Cookies:		<none>
Multiparts:		<none>
Body:			<none>
{
    "data": [
        {
            "rlId": 2,
            "stationId": 138,
            "startDate": "2011-08-01T00:00:00",
            "endDate": null,
            "rlOfZeroGauge": 525.33,
            "datumOfElevation": 114,
            "refBenchmarkNo": null,
            "rlOfRefBenchmarkNo": 0.00,
            "distanceToRefBenchmark": 0.0,
            "secBenchmarkNo": null,
            "rlOfSecBenchmarkNo": 0.00,
            "distanceToSecBenchmark": 0.0,
            "reasonForResurvey": null,
            "nameOfSurveyor": null,
            "designationOfSurveyor": null,
            "nameOfInspectingOfficer": null,
            "designationOfInspectingOfficer": null,
            "createdOn": null,
            "createdBy": null,
            "updatedOn": null,
            "updatedBy": null,
            "lastSyncDate": null,
            "isActive": true
        },
        {
            "rlId": 37,
            "stationId": 138,
            "startDate": "2024-06-02T12:00:45",
            "endDate": null,
            "rlOfZeroGauge": 15.00,
            "datumOfElevation": 114,
            "refBenchmarkNo": "45",
            "rlOfRefBenchmarkNo": 45.00,
            "distanceToRefBenchmark": 67.0,
            "secBenchmarkNo": "98",
            "rlOfSecBenchmarkNo": 27.00,
            "distanceToSecBenchmark": null,
            "reasonForResurvey": null,
            "nameOfSurveyor": null,
            "designationOfSurveyor": null,
            "nameOfInspectingOfficer": null,
            "designationOfInspectingOfficer": null,
            "createdOn": null,
            "createdBy": null,
            "updatedOn": null,
            "updatedBy": null,
            "lastSyncDate": null,
            "isActive": true
        },
        {
            "rlId": 1,
            "stationId": 138,
            "startDate": "2001-12-09T00:00:00",
            "endDate": "2010-12-31T00:00:00",
            "rlOfZeroGauge": 525.33,
            "datumOfElevation": 114,
            "refBenchmarkNo": null,
            "rlOfRefBenchmarkNo": null,
            "distanceToRefBenchmark": null,
            "secBenchmarkNo": null,
            "rlOfSecBenchmarkNo": null,
            "distanceToSecBenchmark": null,
            "reasonForResurvey": null,
            "nameOfSurveyor": null,
            "designationOfSurveyor": null,
            "nameOfInspectingOfficer": null,
            "designationOfInspectingOfficer": null,
            "createdOn": null,
            "createdBy": null,
            "updatedOn": null,
            "updatedBy": null,
            "lastSyncDate": null,
            "isActive": true
        }
    ],
    "message": "Master-RL Data",
    "txnId": "NA"
}
status code is 
200
Response Time is 
95
HTTP/1.1 200 OK
Name of test method sucessfully executed:GET_Master_rl
]]></system-out>
  </testcase>
  <testcase name="getNearestStations" classname="com.swades.master.testCases.GET_getNearestStations" time="0.099">
    <system-out><![CDATA[Name of test method started:getNearestStations
Request method:	GET
Request URI:	http://20.198.96.251:9090/MasterApi/v1/getNearestStations/85
Proxy:			<none>
Request params:	<none>
Query params:	<none>
Form params:	<none>
Path params:	stationId=85
Headers:		Authorization=Bearer eyJhbGciOiJIUzI1NiJ9.eyJzdWIiOiJRQVRlc3QiLCJpYXQiOjE3MTg2OTQ1NTMsImV4cCI6NTAwMDAxNzE4Njk0NTUzfQ.FiTkn6nPvHOJQqYBIMxSMxeS6CsvgBRT9yseH3gE5Zg
				userName=QATest
				Accept=*/*
				Content-Type=application/json
Cookies:		<none>
Multiparts:		<none>
Body:			<none>
{
    "data": [
        11,
        87,
        129,
        76,
        117,
        73,
        131,
        123,
        97,
        6,
        105,
        104,
        125,
        115,
        134,
        86,
        56,
        59,
        84,
        91,
        109,
        7,
        116,
        28,
        127,
        93,
        112,
        130,
        33,
        14,
        36,
        34,
        88,
        50,
        103,
        52,
        70,
        110,
        108,
        24,
        67,
        22,
        42,
        45,
        12,
        44,
        64,
        90,
        79,
        89,
        98,
        132,
        49,
        25,
        80,
        106,
        94,
        102,
        133,
        16,
        62,
        3,
        71,
        2,
        165,
        69,
        43,
        100,
        13,
        41,
        47,
        55,
        101,
        17,
        78,
        121,
        18,
        61,
        20,
        119,
        46,
        21,
        29,
        9,
        38,
        40,
        107,
        83,
        31,
        15,
        95,
        111,
        51,
        32,
        60,
        5,
        75,
        128,
        77,
        120,
        118,
        92,
        19,
        74,
        72,
        37,
        135,
        4,
        26,
        53,
        48,
        23,
        122,
        65,
        124,
        57,
        63,
        113,
        58,
        54,
        68,
        99,
        39,
        82,
        96,
        66,
        35,
        159,
        140,
        141,
        139,
        137,
        138,
        167,
        157,
        136,
        162,
        143,
        158,
        163,
        151,
        152,
        153,
        160,
        149,
        154,
        155,
        156,
        161,
        1,
        164,
        166
    ],
    "message": null,
    "txnId": null
}
status code is 
200
Response Time is 
110
HTTP/1.1 200 OK
Name of test method sucessfully executed:getNearestStations
]]></system-out>
  </testcase>
  <testcase name="get_MasterResponseall" classname="com.swades.master.testCases.GET_MasterResponseall" time="0.611">
    <system-out><![CDATA[Name of test method started:get_MasterResponseall
Request method:	GET
Request URI:	http://20.198.96.251:9090/MasterApi/v1/MasterResponse/all?Flag=99
Proxy:			<none>
Request params:	<none>
Query params:	Flag=99
Form params:	<none>
Path params:	<none>
Headers:		Authorization=Bearer eyJhbGciOiJIUzI1NiJ9.eyJzdWIiOiJRQVRlc3QiLCJpYXQiOjE3MTg2OTQ1NTMsImV4cCI6NTAwMDAxNzE4Njk0NTUzfQ.FiTkn6nPvHOJQqYBIMxSMxeS6CsvgBRT9yseH3gE5Zg
				userName=QATest
				Accept=*/*
				Content-Type=application/json
Cookies:		<none>
Multiparts:		<none>
Body:			<none>
{
    "data": {
        "masterAgency": [
            {
                "agencyId": 14,
                "agencyName": "MicroTeam",
                "address1": "Delhi",
                "address2": "Delhi",
                "address3": "Delhi",
                "city": "Delhi",
                "stateId": 10,
                "pinCode": "454548",
                "phones": "485488",
                "fax": "45",
                "email": "Micro@^gmail.com",
                "remarks": "For testing",
                "path": null,
                "createdOn": "2024-06-01T17:53:57.939+00:00",
                "createdBy": 0,
                "updatedOn": null,
                "updatedBy": null
            },
            {
                "agencyId": 15,
                "agencyName": "Priya",
                "address1": "delhi",
                "address2": "delhi",
                "address3": "delhi",
                "city": "delhi",
                "stateId": 10,
                "pinCode": "delhi5",
                "phones": "5559",
                "fax": "45985646",
                "email": "223456@gmail.com.({Priya",
                "remarks": "delhi",
                "path": null,
                "createdOn": "2024-06-01T18:09:14.914+00:00",
                "createdBy": 0,
                "updatedOn": null,
                "updatedBy": null
            },
            {
                "agencyId": 16,
                "agencyName": "Microware",
                "address1": "delhi",
                "address2": "delhi",
                "address3": "delhi",
                "city": "delhi",
                "stateId": 10,
                "pinCode": "delhi7",
                "phones": "4545",
                "fax": "652",
                "email": "gmailMicro456.com",
                "remarks": "7877898",
                "path": null,
                "createdOn": "2024-06-01T18:15:07.872+00:00",
                "createdBy": 0,
                "updatedOn": null,
                "updatedBy": null
            },
            {
                "agencyId": 18,
                "agencyName": "Micro",
                "address1": "delhi",
                "address2": "delhi",
                "address3": "delhi",
                "city": "delhi",
                "stateId": 10,
                "pinCode": "delhi4",
                "phones": "455456",
                "fax": "454",
                "email": "Micrrocom@gmail.",
                "remarks": "delhi",
                "path": null,
                "createdOn": "2024-06-03T11:30:21.749+00:00",
                "createdBy": 0,
                "updatedOn": null,
                "updatedBy": null
            },
            {
                "agencyId": 19,
                "agencyName": "testtsdds",
                "address1": "ada",
                "address2": "sdasd",
                "address3": "dad",
                "city": "kk",
                "stateId": 10,
                "pinCode": "234324",
                "phones": "9911827645",
                "fax": "2121",
                "email": "test1234@gmail.com",
                "remarks": "24322342",
                "path": null,
                "createdOn": "2024-06-03T11:39:22.449+00:00",
                "createdBy": 0,
                "updatedOn": null,
                "updatedBy": null
            },
            {
                "agencyId": 20,
                "agencyName": "Testggg",
                "address1": "khgjhgjh",
                "address2": "jkhgjhgh",
                "address3": "hjgjh",
                "city": "dsdsd",
                "stateId": 10,
                "pinCode": "110078",
                "phones": "9911827345",
                "fax": "1231213",
                "email": "Nitintest@@gmail*(&*(^&%^$&%&",
                "remarks": "nbvgfkjn",
                "path": null,
                "createdOn": "2024-06-03T11:43:28.927+00:00",
                "createdBy": 0,
                "updatedOn": null,
                "updatedBy": null
            },
            {
                "agencyId": 21,
                "agencyName": "Team",
                "address1": "30-12-2023",
                "address2": "30-12-2023",
                "address3": "30-12-2023",
                "city": "30-12-2023",
                "stateId": 10,
                "pinCode": "30-12-",
                "phones": "456615",
                "fax": "15552",
                "email": "Team.comgmail@",
                "remarks": "30-12-2023",
                "path": null,
                "createdOn": "2024-06-03T11:52:24.804+00:00",
                "createdBy": 0,
                "updatedOn": null,
                "updatedBy": null
            },
            {
                "agencyId": 17,
                "agencyName": "Testde",
                "address1": "dasda",
                "address2": "addasd",
                "address3": "dsadsdad",
                "city": "Karnataka",
                "stateId": 10,
                "pinCode": "110059",
                "phones": "991",
                "fax": "9911826475",
                "email": "test123@gmail.com",
                "remarks": "dasd",
                "path": null,
                "createdOn": "2024-06-03T11:27:05.964+00:00",
                "createdBy": 0,
                "updatedOn": "2024-06-03T15:08:18.397+00:00",
                "updatedBy": 0
            },
            {
                "agencyId": 22,
                "agencyName": "NA",
                "address1": "na",
                "address2": "na",
                "address3": "na",
                "city": "delhi",
                "stateId": 10,
                "pinCode": "110059",
                "phones": "9911",
                "fax": "1234",
                "email": "nitin@@gmail.com",
                "remarks": "dada",
                "path": null,
                "createdOn": "2024-06-03T18:23:35.365+00:00",
                "createdBy": 0,
                "updatedOn": null,
                "updatedBy": null
            },
            {
                "agencyId": 23,
                "agencyName": "erwer",
                "address1": "df",
                "address2": "dsf",
                "address3": "df",
                "city": "de",
                "stateId": 10,
                "pinCode": "453454",
                "phones": "23214",
                "fax": "342341",
                "email": "sa\"@@@%&%%$$$",
                "remarks": "fgdg",
                "path": null,
                "createdOn": "2024-06-03T18:34:37.892+00:00",
                "createdBy": 0,
                "updatedOn": null,
                "updatedBy": null
            },
            {
                "agencyId": 24,
                "agencyName": "abcd",
                "address1": "fdfdffdfd",
                "address2": "dfdfd",
                "address3": "fdfdf",
                "city": "Murinabad",
                "stateId": 10,
                "pinCode": "123456",
                "phones": "34343",
                "fax": "1234",
                "email": "abcd@&&&3232",
                "remarks": "gfgdfgdfg",
                "path": null,
                "createdOn": "2024-06-04T14:50:16.803+00:00",
                "createdBy": 0,
                "updatedOn": null,
                "updatedBy": null
            },
            {
                "agencyId": 12,
                "agencyName": "testdeve",
                "address1": "allahabade",
                "address2": "allahabade",
                "address3": "allahabade",
                "city": "allahabade",
                "stateId": 10,
                "pinCode": "212341",
                "phones": "9878987888",
                "fax": "12342334",
                "email": "satyammicrowaree@gmail.com",
                "remarks": "allahabad2",
                "path": null,
                "createdOn": "2024-05-27T18:28:01.062+00:00",
                "createdBy": 0,
                "updatedOn": "2024-06-04T15:35:06.832+00:00",
                "updatedBy": 0
            },
            {
                "agencyId": 3,
                "agencyName": "Master",
                "address1": "fdfdffdfd",
                "address2": "dfdfd",
                "address3": "fdfdf",
                "city": "Murinabad",
                "stateId": 10,
                "pinCode": "123456",
                "phones": "7443434344",
                "fax": "1234567890",
                "email": "abcd@gmail.com",
                "remarks": "sdasdasdasda",
                "path": null,
                "createdOn": null,
                "createdBy": null,
                "updatedOn": "2024-06-06T10:40:48.472+00:00",
                "updatedBy": 0
            },
            {
                "agencyId": 13,
                "agencyName": "NitinK",
                "address1": "Test",
                "address2": "Test",
                "address3": "Test",
                "city": "Karna",
                "stateId": 10,
                "pinCode": "111111",
                "phones": "9977777777",
                "fax": "9996666666",
                "email": "Test@gmail.com",
                "remarks": "Check",
                "path": null,
                "createdOn": "2024-05-30T11:49:22.048+00:00",
                "createdBy": 0,
                "updatedOn": "2024-06-06T17:22:48.734+00:00",
                "updatedBy": 0
            },
            {
                "agencyId": 25,
                "agencyName": "MW",
                "address1": "Sohnaroad grugram",
                "address2": "string",
                "address3": "string",
                "city": "grugram",
                "stateId": 10,
                "pinCode": "110025",
                "phones": "9933274180",
                "fax": "string",
                "email": "test@gmail.com",
                "remarks": "Testing12345",
                "path": "string",
                "createdOn": "2024-02-26T06:25:11.139+00:00",
                "createdBy": 0,
                "updatedOn": "2024-02-26T06:25:11.139+00:00",
                "updatedBy": 0
            },
            {
                "agencyId": 11,
                "agencyName": "NitinTest",
                "address1": "test11",
                "address2": "test11",
                "address3": "test11",
                "city": "test11",
                "stateId": 10,
                "pinCode": "212102",
                "phones": "9876778989",
                "fax": "3423415454",
                "email": "satyammicrowarew@gmail.com",
                "remarks": "efrreg1",
                "path": null,
                "createdOn": "2024-05-27T18:26:33.384+00:00",
                "createdBy": 0,
                "updatedOn": "2024-06-14T18:35:12.445+00:00",
                "updatedBy": 0
            },
            {
                "agencyId": 26,
                "agencyName": "TestBabitaAgency",
                "address1": "delhi",
                "address2": "delhi",
                "address3": "delhi",
                "city": "delhi",
                "stateId": 10,
                "pinCode": "delhi2",
                "phones": "9632574412",
                "fax": "1111111111",
                "email": "babita@gmail.com",
                "remarks": "test",
                "path": null,
                "createdOn": "2024-06-15T10:46:58.370+00:00",
                "createdBy": 0,
                "updatedOn": "2024-06-15T11:54:35.899+00:00",
                "updatedBy": 0
            },
            {
                "agencyId": 27,
                "agencyName": "MW1",
                "address1": "Sohnaroad grugram",
                "address2": "string",
                "address3": "string",
                "city": "grugram",
                "stateId": 10,
                "pinCode": "110025",
                "phones": "9933274180",
                "fax": "string",
                "email": "test@gmail.com",
                "remarks": "Testing12345",
                "path": "string",
                "createdOn": "2024-02-26T06:25:11.139+00:00",
                "createdBy": 0,
                "updatedOn": "2024-02-26T06:25:11.139+00:00",
                "updatedBy": 0
            }
        ],
        "masterDistrict": [
            {
                "districtId": 165,
                "stateId": 10,
                "districtName": "Bangalore Rural",
                "path": null,
                "createdOn": null,
                "createdBy": null,
                "updatedOn": null,
                "updatedBy": null
            },
            {
                "districtId": 166,
                "stateId": 10,
                "districtName": "Bangalore Urban",
                "path": null,
                "createdOn": null,
                "createdBy": null,
                "updatedOn": null,
                "updatedBy": null
            },
            {
                "districtId": 167,
                "stateId": 10,
                "districtName": "Belgaum",
                "path": null,
                "createdOn": null,
                "createdBy": null,
                "updatedOn": null,
                "updatedBy": null
            },
            {
                "districtId": 168,
                "stateId": 10,
                "districtName": "Bellary",
                "path": null,
                "createdOn": null,
                "createdBy": null,
                "updatedOn": null,
                "updatedBy": null
            },
            {
                "districtId": 169,
                "stateId": 10,
                "districtName": "Bidar",
                "path": null,
                "createdOn": null,
                "createdBy": null,
                "updatedOn": null,
                "updatedBy": null
            },
            {
                "districtId": 170,
                "stateId": 10,
                "districtName": "Bijapur",
                "path": null,
                "createdOn": null,
                "createdBy": null,
                "updatedOn": null,
                "updatedBy": null
            },
            {
                "districtId": 171,
                "stateId": 10,
                "districtName": "Chamarajanagara",
                "path": null,
                "createdOn": null,
                "createdBy": null,
                "updatedOn": null,
                "updatedBy": null
            },
            {
                "districtId": 172,
                "stateId": 10,
                "districtName": "Chickballapur",
                "path": null,
                "createdOn": null,
                "createdBy": null,
                "updatedOn": null,
                "updatedBy": null
            },
            {
                "districtId": 173,
                "stateId": 10,
                "districtName": "Chikmagalur",
                "path": null,
                "createdOn": null,
                "createdBy": null,
                "updatedOn": null,
                "updatedBy": null
            },
            {
                "districtId": 174,
                "stateId": 10,
                "districtName": "Chitradurga",
                "path": null,
                "createdOn": null,
                "createdBy": null,
                "updatedOn": null,
                "updatedBy": null
            },
            {
                "districtId": 175,
                "stateId": 10,
                "districtName": "Coorg",
                "path": null,
                "createdOn": null,
                "createdBy": null,
                "updatedOn": null,
                "updatedBy": null
            },
            {
                "districtId": 176,
                "stateId": 10,
                "districtName": "Dakshina Kannada",
                "path": null,
                "createdOn": null,
                "createdBy": null,
                "updatedOn": null,
                "updatedBy": null
            },
            {
                "districtId": 177,
                "stateId": 10,
                "districtName": "Davanagere",
                "path": null,
                "createdOn": null,
                "createdBy": null,
                "updatedOn": null,
                "updatedBy": null
            },
            {
                "districtId": 178,
                "stateId": 10,
                "districtName": "Dharwad",
                "path": null,
                "createdOn": null,
                "createdBy": null,
                "updatedOn": null,
                "updatedBy": null
            },
            {
                "districtId": 179,
                "stateId": 10,
                "districtName": "Dharwar",
                "path": null,
                "createdOn": null,
                "createdBy": null,
                "updatedOn": null,
                "updatedBy": null
            },
            {
                "districtId": 180,
                "stateId": 10,
                "districtName": "Gadag",
                "path": null,
                "createdOn": null,
                "createdBy": null,
                "updatedOn": null,
                "updatedBy": null
            },
            {
                "districtId": 181,
                "stateId": 10,
                "districtName": "Gulbarga",
                "path": null,
                "createdOn": null,
                "createdBy": null,
                "updatedOn": null,
                "updatedBy": null
            },
            {
                "districtId": 182,
                "stateId": 10,
                "districtName": "Hassan",
                "path": null,
                "createdOn": null,
                "createdBy": null,
                "updatedOn": null,
                "updatedBy": null
            },
            {
                "districtId": 183,
                "stateId": 10,
                "districtName": "Haveri",
                "path": null,
                "createdOn": null,
                "createdBy": null,
                "updatedOn": null,
                "updatedBy": null
            },
            {
                "districtId": 184,
                "stateId": 10,
                "districtName": "Kodagu",
                "path": null,
                "createdOn": null,
                "createdBy": null,
                "updatedOn": null,
                "updatedBy": null
            },
            {
                "districtId": 185,
                "stateId": 10,
                "districtName": "Kolar",
                "path": null,
                "createdOn": null,
                "createdBy": null,
                "updatedOn": null,
                "updatedBy": null
            },
            {
                "districtId": 186,
                "stateId": 10,
                "districtName": "Koppal",
                "path": null,
                "createdOn": null,
                "createdBy": null,
                "updatedOn": null,
                "updatedBy": null
            },
            {
                "districtId": 187,
                "stateId": 10,
                "districtName": "Koppala",
                "path": null,
                "createdOn": null,
                "createdBy": null,
                "updatedOn": null,
                "updatedBy": null
            },
            {
                "districtId": 188,
                "stateId": 10,
                "districtName": "Madikeri",
                "path": null,
                "createdOn": null,
                "createdBy": null,
                "updatedOn": null,
                "updatedBy": null
            },
            {
                "districtId": 189,
                "stateId": 10,
                "districtName": "Mandya",
                "path": null,
                "createdOn": null,
                "createdBy": null,
                "updatedOn": null,
                "updatedBy": null
            },
            {
                "districtId": 190,
                "stateId": 10,
                "districtName": "Mysore",
                "path": null,
                "createdOn": null,
                "createdBy": null,
                "updatedOn": null,
                "updatedBy": null
            },
            {
                "districtId": 191,
                "stateId": 10,
                "districtName": "North Canara",
                "path": null,
                "createdOn": null,
                "createdBy": null,
                "updatedOn": null,
                "updatedBy": null
            },
            {
                "districtId": 192,
                "stateId": 10,
                "districtName": "Raichur",
                "path": null,
                "createdOn": null,
                "createdBy": null,
                "updatedOn": null,
                "updatedBy": null
            },
            {
                "districtId": 193,
                "stateId": 10,
                "districtName": "Ramanagar",
                "path": null,
                "createdOn": null,
                "createdBy": null,
                "updatedOn": null,
                "updatedBy": null
            },
            {
                "districtId": 194,
                "stateId": 10,
                "districtName": "Shimoga",
                "path": null,
                "createdOn": null,
                "createdBy": null,
                "updatedOn": null,
                "updatedBy": null
            },
            {
                "districtId": 195,
                "stateId": 10,
                "districtName": "South Canara",
                "path": null,
                "createdOn": null,
                "createdBy": null,
                "updatedOn": null,
                "updatedBy": null
            },
            {
                "districtId": 196,
                "stateId": 10,
                "districtName": "Tumkur",
                "path": null,
                "createdOn": null,
                "createdBy": null,
                "updatedOn": null,
                "updatedBy": null
            },
            {
                "districtId": 197,
                "stateId": 10,
                "districtName": "Udupi",
                "path": null,
                "createdOn": null,
                "createdBy": null,
                "updatedOn": null,
                "updatedBy": null
            },
            {
                "districtId": 198,
                "stateId": 10,
                "districtName": "Uttara Kannada",
                "path": null,
                "createdOn": null,
                "createdBy": null,
                "updatedOn": null,
                "updatedBy": null
            },
            {
                "districtId": 631,
                "stateId": 10,
                "districtName": "TestDitrivy",
                "path": null,
                "createdOn": "2024-06-15T15:24:48.054+00:00",
                "createdBy": 0,
                "updatedOn": null,
                "updatedBy": null
            },
            {
                "districtId": 617,
                "stateId": 10,
                "districtName": "Test District Mayank",
                "path": null,
                "createdOn": "2024-05-07T06:55:01.482+00:00",
                "createdBy": 0,
                "updatedOn": null,
                "updatedBy": null
            },
            {
                "districtId": 630,
                "stateId": 10,
                "districtName": "TestBabitaDistrictert",
                "path": null,
                "createdOn": "2024-06-15T11:57:58.724+00:00",
                "createdBy": 0,
                "updatedOn": "2024-06-15T15:25:04.012+00:00",
                "updatedBy": 0
            },
            {
                "districtId": 616,
                "stateId": 10,
                "districtName": "Test District N",
                "path": null,
                "createdOn": "2024-05-07T06:27:51.322+00:00",
                "createdBy": 0,
                "updatedOn": "2024-05-07T10:27:02.584+00:00",
                "updatedBy": 0
            },
            {
                "districtId": 618,
                "stateId": 10,
                "districtName": "TestDistrictdemo",
                "path": null,
                "createdOn": "2024-05-07T10:51:05.832+00:00",
                "createdBy": 0,
                "updatedOn": null,
                "updatedBy": null
            },
            {
                "districtId": 619,
                "stateId": 10,
                "districtName": "testdemodistrict",
                "path": null,
                "createdOn": "2024-05-08T14:45:24.976+00:00",
                "createdBy": 0,
                "updatedOn": null,
                "updatedBy": null
            },
            {
                "districtId": 620,
                "stateId": 10,
                "districtName": "demodistrictlocation",
                "path": null,
                "createdOn": "2024-05-08T15:32:56.486+00:00",
                "createdBy": 0,
                "updatedOn": null,
                "updatedBy": null
            },
            {
                "districtId": 621,
                "stateId": 10,
                "districtName": "QA Microware District",
                "path": null,
                "createdOn": "2024-05-22T18:07:59.645+00:00",
                "createdBy": 0,
                "updatedOn": "2024-05-22T18:11:20.929+00:00",
                "updatedBy": 0
            },
            {
                "districtId": 622,
                "stateId": 10,
                "districtName": "test",
                "path": null,
                "createdOn": "2024-05-27T16:42:16.153+00:00",
                "createdBy": 0,
                "updatedOn": null,
                "updatedBy": null
            },
            {
                "districtId": 623,
                "stateId": 10,
                "districtName": "tumkur",
                "path": null,
                "createdOn": "2024-05-27T18:03:26.486+00:00",
                "createdBy": 0,
                "updatedOn": null,
                "updatedBy": null
            },
            {
                "districtId": 624,
                "stateId": 10,
                "districtName": "xdqwcdc",
                "path": null,
                "createdOn": "2024-06-01T14:04:08.642+00:00",
                "createdBy": 0,
                "updatedOn": null,
                "updatedBy": null
            },
            {
                "districtId": 625,
                "stateId": 10,
                "districtName": "Testttts",
                "path": null,
                "createdOn": "2024-06-03T11:04:23.087+00:00",
                "createdBy": 0,
                "updatedOn": "2024-06-03T11:04:46.500+00:00",
                "updatedBy": 0
            },
            {
                "districtId": 626,
                "stateId": 661,
                "districtName": "yoganda",
                "path": "Testing",
                "createdOn": "2024-03-02T06:24:05.702+00:00",
                "createdBy": 0,
                "updatedOn": "2024-03-02T06:24:05.702+00:00",
                "updatedBy": 0
            },
            {
                "districtId": 627,
                "stateId": 661,
                "districtName": "yoanda",
                "path": "Testing",
                "createdOn": "2024-03-02T06:24:05.702+00:00",
                "createdBy": 0,
                "updatedOn": "2024-03-02T06:24:05.702+00:00",
                "updatedBy": 0
            },
            {
                "districtId": 628,
                "stateId": 10,
                "districtName": "Allahabad",
                "path": null,
                "createdOn": "2024-06-12T13:13:32.729+00:00",
                "createdBy": 0,
                "updatedOn": null,
                "updatedBy": null
            },
            {
                "districtId": 629,
                "stateId": 10,
                "districtName": "TestD",
                "path": null,
                "createdOn": "2024-06-14T18:34:32.125+00:00",
                "createdBy": 0,
                "updatedOn": "2024-06-14T18:36:02.170+00:00",
                "updatedBy": 0
            },
            {
                "districtId": 164,
                "stateId": 10,
                "districtName": "Bagalkotty",
                "path": null,
                "createdOn": null,
                "createdBy": null,
                "updatedOn": "2024-06-15T10:09:30.274+00:00",
                "updatedBy": 0
            }
        ],
        "masterDistrictTahsil": [
            {
                "tahsilId": 2393,
                "stateId": 10,
                "districtId": 164,
                "tahsilOrTaluk": "Badami",
                "path": null,
                "createdOn": null,
                "createdBy": null,
                "updatedOn": null,
                "updatedBy": null
            },
            {
                "tahsilId": 2394,
                "stateId": 10,
                "districtId": 164,
                "tahsilOrTaluk": "Bagalkot",
                "path": null,
                "createdOn": null,
                "createdBy": null,
                "updatedOn": null,
                "updatedBy": null
            },
            {
                "tahsilId": 2395,
                "stateId": 10,
                "districtId": 164,
                "tahsilOrTaluk": "Beelagi",
                "path": null,
                "createdOn": null,
                "createdBy": null,
                "updatedOn": null,
                "updatedBy": null
            },
            {
                "tahsilId": 2396,
                "stateId": 10,
                "districtId": 164,
                "tahsilOrTaluk": "Bilgi",
                "path": null,
                "createdOn": null,
                "createdBy": null,
                "updatedOn": null,
                "updatedBy": null
            },
            {
                "tahsilId": 2397,
                "stateId": 10,
                "districtId": 164,
                "tahsilOrTaluk": "Biligi",
                "path": null,
                "createdOn": null,
                "createdBy": null,
                "updatedOn": null,
                "updatedBy": null
            },
            {
                "tahsilId": 2398,
                "stateId": 10,
                "districtId": 164,
                "tahsilOrTaluk": "Hungund",
                "path": null,
                "createdOn": null,
                "createdBy": null,
                "updatedOn": null,
                "updatedBy": null
            },
            {
                "tahsilId": 2399,
                "stateId": 10,
                "districtId": 164,
                "tahsilOrTaluk": "Hunugunda",
                "path": null,
                "createdOn": null,
                "createdBy": null,
                "updatedOn": null,
                "updatedBy": null
            },
            {
                "tahsilId": 2400,
                "stateId": 10,
                "districtId": 164,
                "tahsilOrTaluk": "Jamakhandi",
                "path": null,
                "createdOn": null,
                "createdBy": null,
                "updatedOn": null,
                "updatedBy": null
            },
            {
                "tahsilId": 2401,
                "stateId": 10,
                "districtId": 164,
                "tahsilOrTaluk": "Mudhol",
                "path": null,
                "createdOn": null,
                "createdBy": null,
                "updatedOn": null,
                "updatedBy": null
            },
            {
                "tahsilId": 2402,
                "stateId": 10,
                "districtId": 164,
                "tahsilOrTaluk": "Mudhola",
                "path": null,
                "createdOn": null,
                "createdBy": null,
                "updatedOn": null,
                "updatedBy": null
            },
            {
                "tahsilId": 2403,
                "stateId": 10,
                "districtId": 165,
                "tahsilOrTaluk": "Channapatna",
                "path": null,
                "createdOn": null,
                "createdBy": null,
                "updatedOn": null,
                "updatedBy": null
            },
            {
                "tahsilId": 2404,
                "stateId": 10,
                "districtId": 165,
                "tahsilOrTaluk": "Devanahalli",
                "path": null,
                "createdOn": null,
                "createdBy": null,
                "updatedOn": null,
                "updatedBy": null
            },
            {
                "tahsilId": 2405,
                "stateId": 10,
                "districtId": 165,
                "tahsilOrTaluk": "Doddaballapur",
                "path": null,
                "createdOn": null,
                "createdBy": null,
                "updatedOn": null,
                "updatedBy": null
            },
            {
                "tahsilId": 2406,
                "stateId": 10,
                "districtId": 165,
                "tahsilOrTaluk": "Hoskote",
                "path": null,
                "createdOn": null,
                "createdBy": null,
                "updatedOn": null,
                "updatedBy": null
            },
            {
                "tahsilId": 2407,
                "stateId": 10,
                "districtId": 165,
                "tahsilOrTaluk": "Kanakapura",
                "path": null,
                "createdOn": null,
                "createdBy": null,
                "updatedOn": null,
                "updatedBy": null
            },
            {
                "tahsilId": 2408,
                "stateId": 10,
                "districtId": 165,
                "tahsilOrTaluk": "Koskote",
                "path": null,
                "createdOn": null,
                "createdBy": null,
                "updatedOn": null,
                "updatedBy": null
            },
            {
                "tahsilId": 2409,
                "stateId": 10,
                "districtId": 165,
                "tahsilOrTaluk": "Magadi",
                "path": null,
                "createdOn": null,
                "createdBy": null,
                "updatedOn": null,
                "updatedBy": null
            },
            {
                "tahsilId": 2410,
                "stateId": 10,
                "districtId": 165,
                "tahsilOrTaluk": "Nelamangala",
                "path": null,
                "createdOn": null,
                "createdBy": null,
                "updatedOn": null,
                "updatedBy": null
            },
            {
                "tahsilId": 2411,
                "stateId": 10,
                "districtId": 165,
                "tahsilOrTaluk": "Ramanagara",
                "path": null,
                "createdOn": null,
                "createdBy": null,
                "updatedOn": null,
                "updatedBy": null
            },
            {
                "tahsilId": 2412,
                "stateId": 10,
                "districtId": 166,
                "tahsilOrTaluk": "Anekal",
                "path": null,
                "createdOn": null,
                "createdBy": null,
                "updatedOn": null,
                "updatedBy": null
            },
            {
                "tahsilId": 2414,
                "stateId": 10,
                "districtId": 166,
                "tahsilOrTaluk": "Bangalore North",
                "path": null,
                "createdOn": null,
                "createdBy": null,
                "updatedOn": null,
                "updatedBy": null
            },
            {
                "tahsilId": 2415,
                "stateId": 10,
                "districtId": 166,
                "tahsilOrTaluk": "Bangalore South",
                "path": null,
                "createdOn": null,
                "createdBy": null,
                "updatedOn": null,
                "updatedBy": null
            },
            {
                "tahsilId": 2416,
                "stateId": 10,
                "districtId": 167,
                "tahsilOrTaluk": "Athani",
                "path": null,
                "createdOn": null,
                "createdBy": null,
                "updatedOn": null,
                "updatedBy": null
            },
            {
                "tahsilId": 2417,
                "stateId": 10,
                "districtId": 167,
                "tahsilOrTaluk": "Bailahongala",
                "path": null,
                "createdOn": null,
                "createdBy": null,
                "updatedOn": null,
                "updatedBy": null
            },
            {
                "tahsilId": 2418,
                "stateId": 10,
                "districtId": 167,
                "tahsilOrTaluk": "Bailhongal",
                "path": null,
                "createdOn": null,
                "createdBy": null,
                "updatedOn": null,
                "updatedBy": null
            },
            {
                "tahsilId": 2419,
                "stateId": 10,
                "districtId": 167,
                "tahsilOrTaluk": "Belgaum",
                "path": null,
                "createdOn": null,
                "createdBy": null,
                "updatedOn": null,
                "updatedBy": null
            },
            {
                "tahsilId": 2420,
                "stateId": 10,
                "districtId": 167,
                "tahsilOrTaluk": "Chikkodi",
                "path": null,
                "createdOn": null,
                "createdBy": null,
                "updatedOn": null,
                "updatedBy": null
            },
            {
                "tahsilId": 2421,
                "stateId": 10,
                "districtId": 167,
                "tahsilOrTaluk": "Gokak",
                "path": null,
                "createdOn": null,
                "createdBy": null,
                "updatedOn": null,
                "updatedBy": null
            },
            {
                "tahsilId": 2422,
                "stateId": 10,
                "districtId": 167,
                "tahsilOrTaluk": "Hukkeri",
                "path": null,
                "createdOn": null,
                "createdBy": null,
                "updatedOn": null,
                "updatedBy": null
            },
            {
                "tahsilId": 2423,
                "stateId": 10,
                "districtId": 167,
                "tahsilOrTaluk": "Khanapur",
                "path": null,
                "createdOn": null,
                "createdBy": null,
                "updatedOn": null,
                "updatedBy": null
            },
            {
                "tahsilId": 2424,
                "stateId": 10,
                "districtId": 167,
                "tahsilOrTaluk": "Raibag",
                "path": null,
                "createdOn": null,
                "createdBy": null,
                "updatedOn": null,
                "updatedBy": null
            },
            {
                "tahsilId": 2425,
                "stateId": 10,
                "districtId": 167,
                "tahsilOrTaluk": "Raibagh",
                "path": null,
                "createdOn": null,
                "createdBy": null,
                "updatedOn": null,
                "updatedBy": null
            },
            {
                "tahsilId": 2426,
                "stateId": 10,
                "districtId": 167,
                "tahsilOrTaluk": "Ramdurg",
                "path": null,
                "createdOn": null,
                "createdBy": null,
                "updatedOn": null,
                "updatedBy": null
            },
            {
                "tahsilId": 2427,
                "stateId": 10,
                "districtId": 167,
                "tahsilOrTaluk": "Ramdurga",
                "path": null,
                "createdOn": null,
                "createdBy": null,
                "updatedOn": null,
                "updatedBy": null
            },
            {
                "tahsilId": 2428,
                "stateId": 10,
                "districtId": 167,
                "tahsilOrTaluk": "Soudathi",
                "path": null,
                "createdOn": null,
                "createdBy": null,
                "updatedOn": null,
                "updatedBy": null
            },
            {
                "tahsilId": 2429,
                "stateId": 10,
                "districtId": 167,
                "tahsilOrTaluk": "Soundatti",
                "path": null,
                "createdOn": null,
                "createdBy": null,
                "updatedOn": null,
                "updatedBy": null
            },
            {
                "tahsilId": 2430,
                "stateId": 10,
                "districtId": 168,
                "tahsilOrTaluk": "Bellary",
                "path": null,
                "createdOn": null,
                "createdBy": null,
                "updatedOn": null,
                "updatedBy": null
            },
            {
                "tahsilId": 2431,
                "stateId": 10,
                "districtId": 168,
                "tahsilOrTaluk": "Hadagali",
                "path": null,
                "createdOn": null,
                "createdBy": null,
                "updatedOn": null,
                "updatedBy": null
            },
            {
                "tahsilId": 2432,
                "stateId": 10,
                "districtId": 168,
                "tahsilOrTaluk": "Hagaribommanahalli",
                "path": null,
                "createdOn": null,
                "createdBy": null,
                "updatedOn": null,
                "updatedBy": null
            },
            {
                "tahsilId": 2433,
                "stateId": 10,
                "districtId": 168,
                "tahsilOrTaluk": "Hospet",
                "path": null,
                "createdOn": null,
                "createdBy": null,
                "updatedOn": null,
                "updatedBy": null
            },
            {
                "tahsilId": 2434,
                "stateId": 10,
                "districtId": 168,
                "tahsilOrTaluk": "Koodlagi",
                "path": null,
                "createdOn": null,
                "createdBy": null,
                "updatedOn": null,
                "updatedBy": null
            },
            {
                "tahsilId": 2435,
                "stateId": 10,
                "districtId": 168,
                "tahsilOrTaluk": "Kudlugi",
                "path": null,
                "createdOn": null,
                "createdBy": null,
                "updatedOn": null,
                "updatedBy": null
            },
            {
                "tahsilId": 2436,
                "stateId": 10,
                "districtId": 168,
                "tahsilOrTaluk": "Sandur",
                "path": null,
                "createdOn": null,
                "createdBy": null,
                "updatedOn": null,
                "updatedBy": null
            },
            {
                "tahsilId": 2437,
                "stateId": 10,
                "districtId": 168,
                "tahsilOrTaluk": "Shiraguppa",
                "path": null,
                "createdOn": null,
                "createdBy": null,
                "updatedOn": null,
                "updatedBy": null
            },
            {
                "tahsilId": 2438,
                "stateId": 10,
                "districtId": 168,
                "tahsilOrTaluk": "Siruguppa",
                "path": null,
                "createdOn": null,
                "createdBy": null,
                "updatedOn": null,
                "updatedBy": null
            },
            {
                "tahsilId": 2439,
                "stateId": 10,
                "districtId": 169,
                "tahsilOrTaluk": "Aurad",
                "path": null,
                "createdOn": null,
                "createdBy": null,
                "updatedOn": null,
                "updatedBy": null
            },
            {
                "tahsilId": 2440,
                "stateId": 10,
                "districtId": 169,
                "tahsilOrTaluk": "Balki",
                "path": null,
                "createdOn": null,
                "createdBy": null,
                "updatedOn": null,
                "updatedBy": null
            },
            {
                "tahsilId": 2441,
                "stateId": 10,
                "districtId": 169,
                "tahsilOrTaluk": "Basavakalyan",
                "path": null,
                "createdOn": null,
                "createdBy": null,
                "updatedOn": null,
                "updatedBy": null
            },
            {
                "tahsilId": 2442,
                "stateId": 10,
                "districtId": 169,
                "tahsilOrTaluk": "Bhalki",
                "path": null,
                "createdOn": null,
                "createdBy": null,
                "updatedOn": null,
                "updatedBy": null
            },
            {
                "tahsilId": 2443,
                "stateId": 10,
                "districtId": 169,
                "tahsilOrTaluk": "Bidar",
                "path": null,
                "createdOn": null,
                "createdBy": null,
                "updatedOn": null,
                "updatedBy": null
            },
            {
                "tahsilId": 2444,
                "stateId": 10,
                "districtId": 169,
                "tahsilOrTaluk": "Humnabad",
                "path": null,
                "createdOn": null,
                "createdBy": null,
                "updatedOn": null,
                "updatedBy": null
            },
            {
                "tahsilId": 2445,
                "stateId": 10,
                "districtId": 170,
                "tahsilOrTaluk": "Basavanabagewadi",
                "path": null,
                "createdOn": null,
                "createdBy": null,
                "updatedOn": null,
                "updatedBy": null
            },
            {
                "tahsilId": 2446,
                "stateId": 10,
                "districtId": 170,
                "tahsilOrTaluk": "Basavanabhagevadi",
                "path": null,
                "createdOn": null,
                "createdBy": null,
                "updatedOn": null,
                "updatedBy": null
            },
            {
                "tahsilId": 2447,
                "stateId": 10,
                "districtId": 170,
                "tahsilOrTaluk": "Bijapur",
                "path": null,
                "createdOn": null,
                "createdBy": null,
                "updatedOn": null,
                "updatedBy": null
            },
            {
                "tahsilId": 2448,
                "stateId": 10,
                "districtId": 170,
                "tahsilOrTaluk": "Indi",
                "path": null,
                "createdOn": null,
                "createdBy": null,
                "updatedOn": null,
                "updatedBy": null
            },
            {
                "tahsilId": 2449,
                "stateId": 10,
                "districtId": 170,
                "tahsilOrTaluk": "Muddebihal",
                "path": null,
                "createdOn": null,
                "createdBy": null,
                "updatedOn": null,
                "updatedBy": null
            },
            {
                "tahsilId": 2450,
                "stateId": 10,
                "districtId": 170,
                "tahsilOrTaluk": "Sindgi",
                "path": null,
                "createdOn": null,
                "createdBy": null,
                "updatedOn": null,
                "updatedBy": null
            },
            {
                "tahsilId": 2451,
                "stateId": 10,
                "districtId": 171,
                "tahsilOrTaluk": "Chamarajanagara",
                "path": null,
                "createdOn": null,
                "createdBy": null,
                "updatedOn": null,
                "updatedBy": null
            },
            {
                "tahsilId": 2452,
                "stateId": 10,
                "districtId": 171,
                "tahsilOrTaluk": "Gundlupet",
                "path": null,
                "createdOn": null,
                "createdBy": null,
                "updatedOn": null,
                "updatedBy": null
            },
            {
                "tahsilId": 2453,
                "stateId": 10,
                "districtId": 171,
                "tahsilOrTaluk": "Kollegal",
                "path": null,
                "createdOn": null,
                "createdBy": null,
                "updatedOn": null,
                "updatedBy": null
            },
            {
                "tahsilId": 2454,
                "stateId": 10,
                "districtId": 171,
                "tahsilOrTaluk": "Yalandur",
                "path": null,
                "createdOn": null,
                "createdBy": null,
                "updatedOn": null,
                "updatedBy": null
            },
            {
                "tahsilId": 2455,
                "stateId": 10,
                "districtId": 172,
                "tahsilOrTaluk": "Bagepalli",
                "path": null,
                "createdOn": null,
                "createdBy": null,
                "updatedOn": null,
                "updatedBy": null
            },
            {
                "tahsilId": 2456,
                "stateId": 10,
                "districtId": 172,
                "tahsilOrTaluk": "Chickballapur",
                "path": null,
                "createdOn": null,
                "createdBy": null,
                "updatedOn": null,
                "updatedBy": null
            },
            {
                "tahsilId": 2457,
                "stateId": 10,
                "districtId": 172,
                "tahsilOrTaluk": "Chintamani",
                "path": null,
                "createdOn": null,
                "createdBy": null,
                "updatedOn": null,
                "updatedBy": null
            },
            {
                "tahsilId": 2458,
                "stateId": 10,
                "districtId": 172,
                "tahsilOrTaluk": "Gauribidanur",
                "path": null,
                "createdOn": null,
                "createdBy": null,
                "updatedOn": null,
                "updatedBy": null
            },
            {
                "tahsilId": 2459,
                "stateId": 10,
                "districtId": 172,
                "tahsilOrTaluk": "Gudibanda",
                "path": null,
                "createdOn": null,
                "createdBy": null,
                "updatedOn": null,
                "updatedBy": null
            },
            {
                "tahsilId": 2460,
                "stateId": 10,
                "districtId": 172,
                "tahsilOrTaluk": "Sidlaghatta",
                "path": null,
                "createdOn": null,
                "createdBy": null,
                "updatedOn": null,
                "updatedBy": null
            },
            {
                "tahsilId": 2461,
                "stateId": 10,
                "districtId": 173,
                "tahsilOrTaluk": "Chikmagalur",
                "path": null,
                "createdOn": null,
                "createdBy": null,
                "updatedOn": null,
                "updatedBy": null
            },
            {
                "tahsilId": 2462,
                "stateId": 10,
                "districtId": 173,
                "tahsilOrTaluk": "Kadur",
                "path": null,
                "createdOn": null,
                "createdBy": null,
                "updatedOn": null,
                "updatedBy": null
            },
            {
                "tahsilId": 2463,
                "stateId": 10,
                "districtId": 173,
                "tahsilOrTaluk": "Kaduru",
                "path": null,
                "createdOn": null,
                "createdBy": null,
                "updatedOn": null,
                "updatedBy": null
            },
            {
                "tahsilId": 2464,
                "stateId": 10,
                "districtId": 173,
                "tahsilOrTaluk": "Koppa",
                "path": null,
                "createdOn": null,
                "createdBy": null,
                "updatedOn": null,
                "updatedBy": null
            },
            {
                "tahsilId": 2465,
                "stateId": 10,
                "districtId": 173,
                "tahsilOrTaluk": "Moodigere",
                "path": null,
                "createdOn": null,
                "createdBy": null,
                "updatedOn": null,
                "updatedBy": null
            },
            {
                "tahsilId": 2466,
                "stateId": 10,
                "districtId": 173,
                "tahsilOrTaluk": "Mudigere",
                "path": null,
                "createdOn": null,
                "createdBy": null,
                "updatedOn": null,
                "updatedBy": null
            },
            {
                "tahsilId": 2467,
                "stateId": 10,
                "districtId": 173,
                "tahsilOrTaluk": "Narasimharajapur",
                "path": null,
                "createdOn": null,
                "createdBy": null,
                "updatedOn": null,
                "updatedBy": null
            },
            {
                "tahsilId": 2468,
                "stateId": 10,
                "districtId": 173,
                "tahsilOrTaluk": "Narsimharajapura",
                "path": null,
                "createdOn": null,
                "createdBy": null,
                "updatedOn": null,
                "updatedBy": null
            },
            {
                "tahsilId": 2469,
                "stateId": 10,
                "districtId": 173,
                "tahsilOrTaluk": "Shringeri",
                "path": null,
                "createdOn": null,
                "createdBy": null,
                "updatedOn": null,
                "updatedBy": null
            },
            {
                "tahsilId": 2470,
                "stateId": 10,
                "districtId": 173,
                "tahsilOrTaluk": "Sringeri",
                "path": null,
                "createdOn": null,
                "createdBy": null,
                "updatedOn": null,
                "updatedBy": null
            },
            {
                "tahsilId": 2471,
                "stateId": 10,
                "districtId": 173,
                "tahsilOrTaluk": "Tarikere",
                "path": null,
                "createdOn": null,
                "createdBy": null,
                "updatedOn": null,
                "updatedBy": null
            },
            {
                "tahsilId": 2472,
                "stateId": 10,
                "districtId": 174,
                "tahsilOrTaluk": "Challakere",
                "path": null,
                "createdOn": null,
                "createdBy": null,
                "updatedOn": null,
                "updatedBy": null
            },
            {
                "tahsilId": 2473,
                "stateId": 10,
                "districtId": 174,
                "tahsilOrTaluk": "Chitradurga",
                "path": null,
                "createdOn": null,
                "createdBy": null,
                "updatedOn": null,
                "updatedBy": null
            },
            {
                "tahsilId": 2474,
                "stateId": 10,
                "districtId": 174,
                "tahsilOrTaluk": "Hiriyur",
                "path": null,
                "createdOn": null,
                "createdBy": null,
                "updatedOn": null,
                "updatedBy": null
            },
            {
                "tahsilId": 2475,
                "stateId": 10,
                "districtId": 174,
                "tahsilOrTaluk": "Holalkere",
                "path": null,
                "createdOn": null,
                "createdBy": null,
                "updatedOn": null,
                "updatedBy": null
            },
            {
                "tahsilId": 2476,
                "stateId": 10,
                "districtId": 174,
                "tahsilOrTaluk": "Hosadurga",
                "path": null,
                "createdOn": null,
                "createdBy": null,
                "updatedOn": null,
                "updatedBy": null
            },
            {
                "tahsilId": 2477,
                "stateId": 10,
                "districtId": 174,
                "tahsilOrTaluk": "Molakalmuru",
                "path": null,
                "createdOn": null,
                "createdBy": null,
                "updatedOn": null,
                "updatedBy": null
            },
            {
                "tahsilId": 2478,
                "stateId": 10,
                "districtId": 175,
                "tahsilOrTaluk": "cd",
                "path": null,
                "createdOn": null,
                "createdBy": null,
                "updatedOn": null,
                "updatedBy": null
            },
            {
                "tahsilId": 2479,
                "stateId": 10,
                "districtId": 176,
                "tahsilOrTaluk": "Bantwal",
                "path": null,
                "createdOn": null,
                "createdBy": null,
                "updatedOn": null,
                "updatedBy": null
            },
            {
                "tahsilId": 2480,
                "stateId": 10,
                "districtId": 176,
                "tahsilOrTaluk": "Beltangadi",
                "path": null,
                "createdOn": null,
                "createdBy": null,
                "updatedOn": null,
                "updatedBy": null
            },
            {
                "tahsilId": 2481,
                "stateId": 10,
                "districtId": 176,
                "tahsilOrTaluk": "Mangalore",
                "path": null,
                "createdOn": null,
                "createdBy": null,
                "updatedOn": null,
                "updatedBy": null
            },
            {
                "tahsilId": 2482,
                "stateId": 10,
                "districtId": 176,
                "tahsilOrTaluk": "Puttur",
                "path": null,
                "createdOn": null,
                "createdBy": null,
                "updatedOn": null,
                "updatedBy": null
            },
            {
                "tahsilId": 2483,
                "stateId": 10,
                "districtId": 176,
                "tahsilOrTaluk": "Sulya",
                "path": null,
                "createdOn": null,
                "createdBy": null,
                "updatedOn": null,
                "updatedBy": null
            },
            {
                "tahsilId": 2484,
                "stateId": 10,
                "districtId": 177,
                "tahsilOrTaluk": "Channagiri",
                "path": null,
                "createdOn": null,
                "createdBy": null,
                "updatedOn": null,
                "updatedBy": null
            },
            {
                "tahsilId": 2485,
                "stateId": 10,
                "districtId": 177,
                "tahsilOrTaluk": "Davanagere",
                "path": null,
                "createdOn": null,
                "createdBy": null,
                "updatedOn": null,
                "updatedBy": null
            },
            {
                "tahsilId": 2486,
                "stateId": 10,
                "districtId": 177,
                "tahsilOrTaluk": "Harapanahalli",
                "path": null,
                "createdOn": null,
                "createdBy": null,
                "updatedOn": null,
                "updatedBy": null
            },
            {
                "tahsilId": 2487,
                "stateId": 10,
                "districtId": 177,
                "tahsilOrTaluk": "Harihar",
                "path": null,
                "createdOn": null,
                "createdBy": null,
                "updatedOn": null,
                "updatedBy": null
            },
            {
                "tahsilId": 2488,
                "stateId": 10,
                "districtId": 177,
                "tahsilOrTaluk": "Harihara",
                "path": null,
                "createdOn": null,
                "createdBy": null,
                "updatedOn": null,
                "updatedBy": null
            },
            {
                "tahsilId": 2489,
                "stateId": 10,
                "districtId": 177,
                "tahsilOrTaluk": "Honnali",
                "path": null,
                "createdOn": null,
                "createdBy": null,
                "updatedOn": null,
                "updatedBy": null
            },
            {
                "tahsilId": 2490,
                "stateId": 10,
                "districtId": 177,
                "tahsilOrTaluk": "Honnavalli",
                "path": null,
                "createdOn": null,
                "createdBy": null,
                "updatedOn": null,
                "updatedBy": null
            },
            {
                "tahsilId": 2491,
                "stateId": 10,
                "districtId": 177,
                "tahsilOrTaluk": "Jagalur",
                "path": null,
                "createdOn": null,
                "createdBy": null,
                "updatedOn": null,
                "updatedBy": null
            },
            {
                "tahsilId": 2492,
                "stateId": 10,
                "districtId": 178,
                "tahsilOrTaluk": "fd",
                "path": null,
                "createdOn": null,
                "createdBy": null,
                "updatedOn": null,
                "updatedBy": null
            },
            {
                "tahsilId": 2493,
                "stateId": 10,
                "districtId": 179,
                "tahsilOrTaluk": "Dharwad",
                "path": null,
                "createdOn": null,
                "createdBy": null,
                "updatedOn": null,
                "updatedBy": null
            },
            {
                "tahsilId": 2494,
                "stateId": 10,
                "districtId": 179,
                "tahsilOrTaluk": "Hubli",
                "path": null,
                "createdOn": null,
                "createdBy": null,
                "updatedOn": null,
                "updatedBy": null
            },
            {
                "tahsilId": 2495,
                "stateId": 10,
                "districtId": 179,
                "tahsilOrTaluk": "Kalghatgi",
                "path": null,
                "createdOn": null,
                "createdBy": null,
                "updatedOn": null,
                "updatedBy": null
            },
            {
                "tahsilId": 2496,
                "stateId": 10,
                "districtId": 179,
                "tahsilOrTaluk": "Kundgol",
                "path": null,
                "createdOn": null,
                "createdBy": null,
                "updatedOn": null,
                "updatedBy": null
            },
            {
                "tahsilId": 2497,
                "stateId": 10,
                "districtId": 179,
                "tahsilOrTaluk": "Navalgund",
                "path": null,
                "createdOn": null,
                "createdBy": null,
                "updatedOn": null,
                "updatedBy": null
            },
            {
                "tahsilId": 2498,
                "stateId": 10,
                "districtId": 180,
                "tahsilOrTaluk": "Gadag",
                "path": null,
                "createdOn": null,
                "createdBy": null,
                "updatedOn": null,
                "updatedBy": null
            },
            {
                "tahsilId": 2499,
                "stateId": 10,
                "districtId": 180,
                "tahsilOrTaluk": "Mundargi",
                "path": null,
                "createdOn": null,
                "createdBy": null,
                "updatedOn": null,
                "updatedBy": null
            },
            {
                "tahsilId": 2500,
                "stateId": 10,
                "districtId": 180,
                "tahsilOrTaluk": "Naragund",
                "path": null,
                "createdOn": null,
                "createdBy": null,
                "updatedOn": null,
                "updatedBy": null
            },
            {
                "tahsilId": 2501,
                "stateId": 10,
                "districtId": 180,
                "tahsilOrTaluk": "Naragunda",
                "path": null,
                "createdOn": null,
                "createdBy": null,
                "updatedOn": null,
                "updatedBy": null
            },
            {
                "tahsilId": 2502,
                "stateId": 10,
                "districtId": 180,
                "tahsilOrTaluk": "Ron",
                "path": null,
                "createdOn": null,
                "createdBy": null,
                "updatedOn": null,
                "updatedBy": null
            },
            {
                "tahsilId": 2503,
                "stateId": 10,
                "districtId": 180,
                "tahsilOrTaluk": "Rona",
                "path": null,
                "createdOn": null,
                "createdBy": null,
                "updatedOn": null,
                "updatedBy": null
            },
            {
                "tahsilId": 2504,
                "stateId": 10,
                "districtId": 180,
                "tahsilOrTaluk": "Shirahatti",
                "path": null,
                "createdOn": null,
                "createdBy": null,
                "updatedOn": null,
                "updatedBy": null
            },
            {
                "tahsilId": 2505,
                "stateId": 10,
                "districtId": 181,
                "tahsilOrTaluk": "Afzalpur",
                "path": null,
                "createdOn": null,
                "createdBy": null,
                "updatedOn": null,
                "updatedBy": null
            },
            {
                "tahsilId": 2506,
                "stateId": 10,
                "districtId": 181,
                "tahsilOrTaluk": "Afzalpura",
                "path": null,
                "createdOn": null,
                "createdBy": null,
                "updatedOn": null,
                "updatedBy": null
            },
            {
                "tahsilId": 2507,
                "stateId": 10,
                "districtId": 181,
                "tahsilOrTaluk": "Aland",
                "path": null,
                "createdOn": null,
                "createdBy": null,
                "updatedOn": null,
                "updatedBy": null
            },
            {
                "tahsilId": 2508,
                "stateId": 10,
                "districtId": 181,
                "tahsilOrTaluk": "Chincholi",
                "path": null,
                "createdOn": null,
                "createdBy": null,
                "updatedOn": null,
                "updatedBy": null
            },
            {
                "tahsilId": 2509,
                "stateId": 10,
                "districtId": 181,
                "tahsilOrTaluk": "Chitapur",
                "path": null,
                "createdOn": null,
                "createdBy": null,
                "updatedOn": null,
                "updatedBy": null
            },
            {
                "tahsilId": 2510,
                "stateId": 10,
                "districtId": 181,
                "tahsilOrTaluk": "Chittapura",
                "path": null,
                "createdOn": null,
                "createdBy": null,
                "updatedOn": null,
                "updatedBy": null
            },
            {
                "tahsilId": 2511,
                "stateId": 10,
                "districtId": 181,
                "tahsilOrTaluk": "Gulbarga",
                "path": null,
                "createdOn": null,
                "createdBy": null,
                "updatedOn": null,
                "updatedBy": null
            },
            {
                "tahsilId": 2512,
                "stateId": 10,
                "districtId": 181,
                "tahsilOrTaluk": "Jeevargi",
                "path": null,
                "createdOn": null,
                "createdBy": null,
                "updatedOn": null,
                "updatedBy": null
            },
            {
                "tahsilId": 2513,
                "stateId": 10,
                "districtId": 181,
                "tahsilOrTaluk": "Jewargi",
                "path": null,
                "createdOn": null,
                "createdBy": null,
                "updatedOn": null,
                "updatedBy": null
            },
            {
                "tahsilId": 2514,
                "stateId": 10,
                "districtId": 181,
                "tahsilOrTaluk": "Sedam",
                "path": null,
                "createdOn": null,
                "createdBy": null,
                "updatedOn": null,
                "updatedBy": null
            },
            {
                "tahsilId": 2515,
                "stateId": 10,
                "districtId": 181,
                "tahsilOrTaluk": "Shahapur",
                "path": null,
                "createdOn": null,
                "createdBy": null,
                "updatedOn": null,
                "updatedBy": null
            },
            {
                "tahsilId": 2516,
                "stateId": 10,
                "districtId": 181,
                "tahsilOrTaluk": "Sherapura",
                "path": null,
                "createdOn": null,
                "createdBy": null,
                "updatedOn": null,
                "updatedBy": null
            },
            {
                "tahsilId": 2517,
                "stateId": 10,
                "districtId": 181,
                "tahsilOrTaluk": "Shorapur",
                "path": null,
                "createdOn": null,
                "createdBy": null,
                "updatedOn": null,
                "updatedBy": null
            },
            {
                "tahsilId": 2518,
                "stateId": 10,
                "districtId": 181,
                "tahsilOrTaluk": "Yadagiri",
                "path": null,
                "createdOn": null,
                "createdBy": null,
                "updatedOn": null,
                "updatedBy": null
            },
            {
                "tahsilId": 2519,
                "stateId": 10,
                "districtId": 181,
                "tahsilOrTaluk": "Yadgir",
                "path": null,
                "createdOn": null,
                "createdBy": null,
                "updatedOn": null,
                "updatedBy": null
            },
            {
                "tahsilId": 2520,
                "stateId": 10,
                "districtId": 182,
                "tahsilOrTaluk": "Alur",
                "path": null,
                "createdOn": null,
                "createdBy": null,
                "updatedOn": null,
                "updatedBy": null
            },
            {
                "tahsilId": 2521,
                "stateId": 10,
                "districtId": 182,
                "tahsilOrTaluk": "Arasikere",
                "path": null,
                "createdOn": null,
                "createdBy": null,
                "updatedOn": null,
                "updatedBy": null
            },
            {
                "tahsilId": 2522,
                "stateId": 10,
                "districtId": 182,
                "tahsilOrTaluk": "Arkalagudu",
                "path": null,
                "createdOn": null,
                "createdBy": null,
                "updatedOn": null,
                "updatedBy": null
            },
            {
                "tahsilId": 2523,
                "stateId": 10,
                "districtId": 182,
                "tahsilOrTaluk": "Arkalgud",
                "path": null,
                "createdOn": null,
                "createdBy": null,
                "updatedOn": null,
                "updatedBy": null
            },
            {
                "tahsilId": 2524,
                "stateId": 10,
                "districtId": 182,
                "tahsilOrTaluk": "Belur",
                "path": null,
                "createdOn": null,
                "createdBy": null,
                "updatedOn": null,
                "updatedBy": null
            },
            {
                "tahsilId": 2525,
                "stateId": 10,
                "districtId": 182,
                "tahsilOrTaluk": "Channarayapatna",
                "path": null,
                "createdOn": null,
                "createdBy": null,
                "updatedOn": null,
                "updatedBy": null
            },
            {
                "tahsilId": 2526,
                "stateId": 10,
                "districtId": 182,
                "tahsilOrTaluk": "Channarayapatra",
                "path": null,
                "createdOn": null,
                "createdBy": null,
                "updatedOn": null,
                "updatedBy": null
            },
            {
                "tahsilId": 2527,
                "stateId": 10,
                "districtId": 182,
                "tahsilOrTaluk": "Hassan",
                "path": null,
                "createdOn": null,
                "createdBy": null,
                "updatedOn": null,
                "updatedBy": null
            },
            {
                "tahsilId": 2528,
                "stateId": 10,
                "districtId": 182,
                "tahsilOrTaluk": "Holenarasipur",
                "path": null,
                "createdOn": null,
                "createdBy": null,
                "updatedOn": null,
                "updatedBy": null
            },
            {
                "tahsilId": 2529,
                "stateId": 10,
                "districtId": 182,
                "tahsilOrTaluk": "Holenarasipura",
                "path": null,
                "createdOn": null,
                "createdBy": null,
                "updatedOn": null,
                "updatedBy": null
            },
            {
                "tahsilId": 2530,
                "stateId": 10,
                "districtId": 182,
                "tahsilOrTaluk": "Sakaleshpur",
                "path": null,
                "createdOn": null,
                "createdBy": null,
                "updatedOn": null,
                "updatedBy": null
            },
            {
                "tahsilId": 2531,
                "stateId": 10,
                "districtId": 183,
                "tahsilOrTaluk": "Byadagi",
                "path": null,
                "createdOn": null,
                "createdBy": null,
                "updatedOn": null,
                "updatedBy": null
            },
            {
                "tahsilId": 2532,
                "stateId": 10,
                "districtId": 183,
                "tahsilOrTaluk": "Byadgi",
                "path": null,
                "createdOn": null,
                "createdBy": null,
                "updatedOn": null,
                "updatedBy": null
            },
            {
                "tahsilId": 2533,
                "stateId": 10,
                "districtId": 183,
                "tahsilOrTaluk": "Hanagal",
                "path": null,
                "createdOn": null,
                "createdBy": null,
                "updatedOn": null,
                "updatedBy": null
            },
            {
                "tahsilId": 2534,
                "stateId": 10,
                "districtId": 183,
                "tahsilOrTaluk": "Haveri",
                "path": null,
                "createdOn": null,
                "createdBy": null,
                "updatedOn": null,
                "updatedBy": null
            },
            {
                "tahsilId": 2535,
                "stateId": 10,
                "districtId": 183,
                "tahsilOrTaluk": "Hirekerur",
                "path": null,
                "createdOn": null,
                "createdBy": null,
                "updatedOn": null,
                "updatedBy": null
            },
            {
                "tahsilId": 2536,
                "stateId": 10,
                "districtId": 183,
                "tahsilOrTaluk": "Ranebennur",
                "path": null,
                "createdOn": null,
                "createdBy": null,
                "updatedOn": null,
                "updatedBy": null
            },
            {
                "tahsilId": 2537,
                "stateId": 10,
                "districtId": 183,
                "tahsilOrTaluk": "Savanur",
                "path": null,
                "createdOn": null,
                "createdBy": null,
                "updatedOn": null,
                "updatedBy": null
            },
            {
                "tahsilId": 2538,
                "stateId": 10,
                "districtId": 183,
                "tahsilOrTaluk": "Savanuru",
                "path": null,
                "createdOn": null,
                "createdBy": null,
                "updatedOn": null,
                "updatedBy": null
            },
            {
                "tahsilId": 2539,
                "stateId": 10,
                "districtId": 183,
                "tahsilOrTaluk": "Shiggaon",
                "path": null,
                "createdOn": null,
                "createdBy": null,
                "updatedOn": null,
                "updatedBy": null
            },
            {
                "tahsilId": 2540,
                "stateId": 10,
                "districtId": 184,
                "tahsilOrTaluk": "Madikeri",
                "path": null,
                "createdOn": null,
                "createdBy": null,
                "updatedOn": null,
                "updatedBy": null
            },
            {
                "tahsilId": 2541,
                "stateId": 10,
                "districtId": 184,
                "tahsilOrTaluk": "Somwarpet",
                "path": null,
                "createdOn": null,
                "createdBy": null,
                "updatedOn": null,
                "updatedBy": null
            },
            {
                "tahsilId": 2542,
                "stateId": 10,
                "districtId": 184,
                "tahsilOrTaluk": "Virajpet",
                "path": null,
                "createdOn": null,
                "createdBy": null,
                "updatedOn": null,
                "updatedBy": null
            },
            {
                "tahsilId": 2543,
                "stateId": 10,
                "districtId": 185,
                "tahsilOrTaluk": "Bagepalli",
                "path": null,
                "createdOn": null,
                "createdBy": null,
                "updatedOn": null,
                "updatedBy": null
            },
            {
                "tahsilId": 2544,
                "stateId": 10,
                "districtId": 185,
                "tahsilOrTaluk": "Bangarapet",
                "path": null,
                "createdOn": null,
                "createdBy": null,
                "updatedOn": null,
                "updatedBy": null
            },
            {
                "tahsilId": 2545,
                "stateId": 10,
                "districtId": 185,
                "tahsilOrTaluk": "Bangarpet",
                "path": null,
                "createdOn": null,
                "createdBy": null,
                "updatedOn": null,
                "updatedBy": null
            },
            {
                "tahsilId": 2546,
                "stateId": 10,
                "districtId": 185,
                "tahsilOrTaluk": "Chickkaballapura",
                "path": null,
                "createdOn": null,
                "createdBy": null,
                "updatedOn": null,
                "updatedBy": null
            },
            {
                "tahsilId": 2547,
                "stateId": 10,
                "districtId": 185,
                "tahsilOrTaluk": "Chintamani",
                "path": null,
                "createdOn": null,
                "createdBy": null,
                "updatedOn": null,
                "updatedBy": null
            },
            {
                "tahsilId": 2548,
                "stateId": 10,
                "districtId": 185,
                "tahsilOrTaluk": "Gowribidanur",
                "path": null,
                "createdOn": null,
                "createdBy": null,
                "updatedOn": null,
                "updatedBy": null
            },
            {
                "tahsilId": 2549,
                "stateId": 10,
                "districtId": 185,
                "tahsilOrTaluk": "Kolar",
                "path": null,
                "createdOn": null,
                "createdBy": null,
                "updatedOn": null,
                "updatedBy": null
            },
            {
                "tahsilId": 2550,
                "stateId": 10,
                "districtId": 185,
                "tahsilOrTaluk": "Malur",
                "path": null,
                "createdOn": null,
                "createdBy": null,
                "updatedOn": null,
                "updatedBy": null
            },
            {
                "tahsilId": 2551,
                "stateId": 10,
                "districtId": 185,
                "tahsilOrTaluk": "Mulabagilu",
                "path": null,
                "createdOn": null,
                "createdBy": null,
                "updatedOn": null,
                "updatedBy": null
            },
            {
                "tahsilId": 2552,
                "stateId": 10,
                "districtId": 185,
                "tahsilOrTaluk": "Mulbagal",
                "path": null,
                "createdOn": null,
                "createdBy": null,
                "updatedOn": null,
                "updatedBy": null
            },
            {
                "tahsilId": 2553,
                "stateId": 10,
                "districtId": 185,
                "tahsilOrTaluk": "Sidhlagahatta",
                "path": null,
                "createdOn": null,
                "createdBy": null,
                "updatedOn": null,
                "updatedBy": null
            },
            {
                "tahsilId": 2554,
                "stateId": 10,
                "districtId": 185,
                "tahsilOrTaluk": "Srinivasapura",
                "path": null,
                "createdOn": null,
                "createdBy": null,
                "updatedOn": null,
                "updatedBy": null
            },
            {
                "tahsilId": 2555,
                "stateId": 10,
                "districtId": 185,
                "tahsilOrTaluk": "Srinivaspura",
                "path": null,
                "createdOn": null,
                "createdBy": null,
                "updatedOn": null,
                "updatedBy": null
            },
            {
                "tahsilId": 2556,
                "stateId": 10,
                "districtId": 186,
                "tahsilOrTaluk": "Gangavathi",
                "path": null,
                "createdOn": null,
                "createdBy": null,
                "updatedOn": null,
                "updatedBy": null
            },
            {
                "tahsilId": 2557,
                "stateId": 10,
                "districtId": 186,
                "tahsilOrTaluk": "Koppal",
                "path": null,
                "createdOn": null,
                "createdBy": null,
                "updatedOn": null,
                "updatedBy": null
            },
            {
                "tahsilId": 2558,
                "stateId": 10,
                "districtId": 186,
                "tahsilOrTaluk": "Kushtagi",
                "path": null,
                "createdOn": null,
                "createdBy": null,
                "updatedOn": null,
                "updatedBy": null
            },
            {
                "tahsilId": 2559,
                "stateId": 10,
                "districtId": 186,
                "tahsilOrTaluk": "Yelburga",
                "path": null,
                "createdOn": null,
                "createdBy": null,
                "updatedOn": null,
                "updatedBy": null
            },
            {
                "tahsilId": 2560,
                "stateId": 10,
                "districtId": 187,
                "tahsilOrTaluk": "Gangavathi",
                "path": null,
                "createdOn": null,
                "createdBy": null,
                "updatedOn": null,
                "updatedBy": null
            },
            {
                "tahsilId": 2561,
                "stateId": 10,
                "districtId": 187,
                "tahsilOrTaluk": "Koppala",
                "path": null,
                "createdOn": null,
                "createdBy": null,
                "updatedOn": null,
                "updatedBy": null
            },
            {
                "tahsilId": 2562,
                "stateId": 10,
                "districtId": 187,
                "tahsilOrTaluk": "Kushtagi",
                "path": null,
                "createdOn": null,
                "createdBy": null,
                "updatedOn": null,
                "updatedBy": null
            },
            {
                "tahsilId": 2563,
                "stateId": 10,
                "districtId": 187,
                "tahsilOrTaluk": "Sindhanur",
                "path": null,
                "createdOn": null,
                "createdBy": null,
                "updatedOn": null,
                "updatedBy": null
            },
            {
                "tahsilId": 2564,
                "stateId": 10,
                "districtId": 187,
                "tahsilOrTaluk": "Yelburga",
                "path": null,
                "createdOn": null,
                "createdBy": null,
                "updatedOn": null,
                "updatedBy": null
            },
            {
                "tahsilId": 2565,
                "stateId": 10,
                "districtId": 188,
                "tahsilOrTaluk": "Madikeri",
                "path": null,
                "createdOn": null,
                "createdBy": null,
                "updatedOn": null,
                "updatedBy": null
            },
            {
                "tahsilId": 2566,
                "stateId": 10,
                "districtId": 188,
                "tahsilOrTaluk": "Somavarapet",
                "path": null,
                "createdOn": null,
                "createdBy": null,
                "updatedOn": null,
                "updatedBy": null
            },
            {
                "tahsilId": 2567,
                "stateId": 10,
                "districtId": 188,
                "tahsilOrTaluk": "Virajapete",
                "path": null,
                "createdOn": null,
                "createdBy": null,
                "updatedOn": null,
                "updatedBy": null
            },
            {
                "tahsilId": 2568,
                "stateId": 10,
                "districtId": 189,
                "tahsilOrTaluk": "Krishnajapete",
                "path": null,
                "createdOn": null,
                "createdBy": null,
                "updatedOn": null,
                "updatedBy": null
            },
            {
                "tahsilId": 2569,
                "stateId": 10,
                "districtId": 189,
                "tahsilOrTaluk": "Krishnarajapet",
                "path": null,
                "createdOn": null,
                "createdBy": null,
                "updatedOn": null,
                "updatedBy": null
            },
            {
                "tahsilId": 2570,
                "stateId": 10,
                "districtId": 189,
                "tahsilOrTaluk": "Maddur",
                "path": null,
                "createdOn": null,
                "createdBy": null,
                "updatedOn": null,
                "updatedBy": null
            },
            {
                "tahsilId": 2571,
                "stateId": 10,
                "districtId": 189,
                "tahsilOrTaluk": "Malavalli",
                "path": null,
                "createdOn": null,
                "createdBy": null,
                "updatedOn": null,
                "updatedBy": null
            },
            {
                "tahsilId": 2572,
                "stateId": 10,
                "districtId": 189,
                "tahsilOrTaluk": "Mandya",
                "path": null,
                "createdOn": null,
                "createdBy": null,
                "updatedOn": null,
                "updatedBy": null
            },
            {
                "tahsilId": 2573,
                "stateId": 10,
                "districtId": 189,
                "tahsilOrTaluk": "Nagamangala",
                "path": null,
                "createdOn": null,
                "createdBy": null,
                "updatedOn": null,
                "updatedBy": null
            },
            {
                "tahsilId": 2574,
                "stateId": 10,
                "districtId": 189,
                "tahsilOrTaluk": "Pandavapura",
                "path": null,
                "createdOn": null,
                "createdBy": null,
                "updatedOn": null,
                "updatedBy": null
            },
            {
                "tahsilId": 2575,
                "stateId": 10,
                "districtId": 189,
                "tahsilOrTaluk": "Srirangapatna",
                "path": null,
                "createdOn": null,
                "createdBy": null,
                "updatedOn": null,
                "updatedBy": null
            },
            {
                "tahsilId": 2576,
                "stateId": 10,
                "districtId": 190,
                "tahsilOrTaluk": "Heggadadevanakote",
                "path": null,
                "createdOn": null,
                "createdBy": null,
                "updatedOn": null,
                "updatedBy": null
            },
            {
                "tahsilId": 2577,
                "stateId": 10,
                "districtId": 190,
                "tahsilOrTaluk": "Heggadevanakote",
                "path": null,
                "createdOn": null,
                "createdBy": null,
                "updatedOn": null,
                "updatedBy": null
            },
            {
                "tahsilId": 2578,
                "stateId": 10,
                "districtId": 190,
                "tahsilOrTaluk": "Hunsur",
                "path": null,
                "createdOn": null,
                "createdBy": null,
                "updatedOn": null,
                "updatedBy": null
            },
            {
                "tahsilId": 2579,
                "stateId": 10,
                "districtId": 190,
                "tahsilOrTaluk": "Hunusur",
                "path": null,
                "createdOn": null,
                "createdBy": null,
                "updatedOn": null,
                "updatedBy": null
            },
            {
                "tahsilId": 2580,
                "stateId": 10,
                "districtId": 190,
                "tahsilOrTaluk": "Krishnarajanagar",
                "path": null,
                "createdOn": null,
                "createdBy": null,
                "updatedOn": null,
                "updatedBy": null
            },
            {
                "tahsilId": 2581,
                "stateId": 10,
                "districtId": 190,
                "tahsilOrTaluk": "Krishnarajanagara",
                "path": null,
                "createdOn": null,
                "createdBy": null,
                "updatedOn": null,
                "updatedBy": null
            },
            {
                "tahsilId": 2582,
                "stateId": 10,
                "districtId": 190,
                "tahsilOrTaluk": "Mysore",
                "path": null,
                "createdOn": null,
                "createdBy": null,
                "updatedOn": null,
                "updatedBy": null
            },
            {
                "tahsilId": 2583,
                "stateId": 10,
                "districtId": 190,
                "tahsilOrTaluk": "Nanjanagud",
                "path": null,
                "createdOn": null,
                "createdBy": null,
                "updatedOn": null,
                "updatedBy": null
            },
            {
                "tahsilId": 2584,
                "stateId": 10,
                "districtId": 190,
                "tahsilOrTaluk": "Nanjanagudu",
                "path": null,
                "createdOn": null,
                "createdBy": null,
                "updatedOn": null,
                "updatedBy": null
            },
            {
                "tahsilId": 2585,
                "stateId": 10,
                "districtId": 190,
                "tahsilOrTaluk": "Periyapatna",
                "path": null,
                "createdOn": null,
                "createdBy": null,
                "updatedOn": null,
                "updatedBy": null
            },
            {
                "tahsilId": 2586,
                "stateId": 10,
                "districtId": 190,
                "tahsilOrTaluk": "T Narasipura",
                "path": null,
                "createdOn": null,
                "createdBy": null,
                "updatedOn": null,
                "updatedBy": null
            },
            {
                "tahsilId": 2587,
                "stateId": 10,
                "districtId": 190,
                "tahsilOrTaluk": "T.Narasipur",
                "path": null,
                "createdOn": null,
                "createdBy": null,
                "updatedOn": null,
                "updatedBy": null
            },
            {
                "tahsilId": 2588,
                "stateId": 10,
                "districtId": 191,
                "tahsilOrTaluk": "Ankola",
                "path": null,
                "createdOn": null,
                "createdBy": null,
                "updatedOn": null,
                "updatedBy": null
            },
            {
                "tahsilId": 2589,
                "stateId": 10,
                "districtId": 191,
                "tahsilOrTaluk": "Bhatkala",
                "path": null,
                "createdOn": null,
                "createdBy": null,
                "updatedOn": null,
                "updatedBy": null
            },
            {
                "tahsilId": 2590,
                "stateId": 10,
                "districtId": 191,
                "tahsilOrTaluk": "Haliyal",
                "path": null,
                "createdOn": null,
                "createdBy": null,
                "updatedOn": null,
                "updatedBy": null
            },
            {
                "tahsilId": 2591,
                "stateId": 10,
                "districtId": 191,
                "tahsilOrTaluk": "Honnavara",
                "path": null,
                "createdOn": null,
                "createdBy": null,
                "updatedOn": null,
                "updatedBy": null
            },
            {
                "tahsilId": 2592,
                "stateId": 10,
                "districtId": 191,
                "tahsilOrTaluk": "Karawar",
                "path": null,
                "createdOn": null,
                "createdBy": null,
                "updatedOn": null,
                "updatedBy": null
            },
            {
                "tahsilId": 2593,
                "stateId": 10,
                "districtId": 191,
                "tahsilOrTaluk": "Kumuta",
                "path": null,
                "createdOn": null,
                "createdBy": null,
                "updatedOn": null,
                "updatedBy": null
            },
            {
                "tahsilId": 2594,
                "stateId": 10,
                "districtId": 191,
                "tahsilOrTaluk": "Mundagod",
                "path": null,
                "createdOn": null,
                "createdBy": null,
                "updatedOn": null,
                "updatedBy": null
            },
            {
                "tahsilId": 2595,
                "stateId": 10,
                "districtId": 191,
                "tahsilOrTaluk": "Siddapara",
                "path": null,
                "createdOn": null,
                "createdBy": null,
                "updatedOn": null,
                "updatedBy": null
            },
            {
                "tahsilId": 2596,
                "stateId": 10,
                "districtId": 191,
                "tahsilOrTaluk": "Sirsi",
                "path": null,
                "createdOn": null,
                "createdBy": null,
                "updatedOn": null,
                "updatedBy": null
            },
            {
                "tahsilId": 2597,
                "stateId": 10,
                "districtId": 191,
                "tahsilOrTaluk": "Supa",
                "path": null,
                "createdOn": null,
                "createdBy": null,
                "updatedOn": null,
                "updatedBy": null
            },
            {
                "tahsilId": 2598,
                "stateId": 10,
                "districtId": 191,
                "tahsilOrTaluk": "Yellapura",
                "path": null,
                "createdOn": null,
                "createdBy": null,
                "updatedOn": null,
                "updatedBy": null
            },
            {
                "tahsilId": 2599,
                "stateId": 10,
                "districtId": 192,
                "tahsilOrTaluk": "Deodurg",
                "path": null,
                "createdOn": null,
                "createdBy": null,
                "updatedOn": null,
                "updatedBy": null
            },
            {
                "tahsilId": 2600,
                "stateId": 10,
                "districtId": 192,
                "tahsilOrTaluk": "Devadurga",
                "path": null,
                "createdOn": null,
                "createdBy": null,
                "updatedOn": null,
                "updatedBy": null
            },
            {
                "tahsilId": 2601,
                "stateId": 10,
                "districtId": 192,
                "tahsilOrTaluk": "Lingasugur",
                "path": null,
                "createdOn": null,
                "createdBy": null,
                "updatedOn": null,
                "updatedBy": null
            },
            {
                "tahsilId": 2602,
                "stateId": 10,
                "districtId": 192,
                "tahsilOrTaluk": "Lingsugur",
                "path": null,
                "createdOn": null,
                "createdBy": null,
                "updatedOn": null,
                "updatedBy": null
            },
            {
                "tahsilId": 2603,
                "stateId": 10,
                "districtId": 192,
                "tahsilOrTaluk": "Manvi",
                "path": null,
                "createdOn": null,
                "createdBy": null,
                "updatedOn": null,
                "updatedBy": null
            },
            {
                "tahsilId": 2604,
                "stateId": 10,
                "districtId": 192,
                "tahsilOrTaluk": "Raichur",
                "path": null,
                "createdOn": null,
                "createdBy": null,
                "updatedOn": null,
                "updatedBy": null
            },
            {
                "tahsilId": 2605,
                "stateId": 10,
                "districtId": 192,
                "tahsilOrTaluk": "Sindhanur",
                "path": null,
                "createdOn": null,
                "createdBy": null,
                "updatedOn": null,
                "updatedBy": null
            },
            {
                "tahsilId": 2606,
                "stateId": 10,
                "districtId": 193,
                "tahsilOrTaluk": "Channapatna",
                "path": null,
                "createdOn": null,
                "createdBy": null,
                "updatedOn": null,
                "updatedBy": null
            },
            {
                "tahsilId": 2607,
                "stateId": 10,
                "districtId": 193,
                "tahsilOrTaluk": "Kanakapura",
                "path": null,
                "createdOn": null,
                "createdBy": null,
                "updatedOn": null,
                "updatedBy": null
            },
            {
                "tahsilId": 2608,
                "stateId": 10,
                "districtId": 193,
                "tahsilOrTaluk": "Magadi",
                "path": null,
                "createdOn": null,
                "createdBy": null,
                "updatedOn": null,
                "updatedBy": null
            },
            {
                "tahsilId": 2609,
                "stateId": 10,
                "districtId": 193,
                "tahsilOrTaluk": "Ramanagar",
                "path": null,
                "createdOn": null,
                "createdBy": null,
                "updatedOn": null,
                "updatedBy": null
            },
            {
                "tahsilId": 2610,
                "stateId": 10,
                "districtId": 194,
                "tahsilOrTaluk": "Bhadravathi",
                "path": null,
                "createdOn": null,
                "createdBy": null,
                "updatedOn": null,
                "updatedBy": null
            },
            {
                "tahsilId": 2611,
                "stateId": 10,
                "districtId": 194,
                "tahsilOrTaluk": "Hosanagar",
                "path": null,
                "createdOn": null,
                "createdBy": null,
                "updatedOn": null,
                "updatedBy": null
            },
            {
                "tahsilId": 2612,
                "stateId": 10,
                "districtId": 194,
                "tahsilOrTaluk": "Hosanagara",
                "path": null,
                "createdOn": null,
                "createdBy": null,
                "updatedOn": null,
                "updatedBy": null
            },
            {
                "tahsilId": 2613,
                "stateId": 10,
                "districtId": 194,
                "tahsilOrTaluk": "Sagar",
                "path": null,
                "createdOn": null,
                "createdBy": null,
                "updatedOn": null,
                "updatedBy": null
            },
            {
                "tahsilId": 2614,
                "stateId": 10,
                "districtId": 194,
                "tahsilOrTaluk": "Sagara",
                "path": null,
                "createdOn": null,
                "createdBy": null,
                "updatedOn": null,
                "updatedBy": null
            },
            {
                "tahsilId": 2615,
                "stateId": 10,
                "districtId": 194,
                "tahsilOrTaluk": "Shikaripur",
                "path": null,
                "createdOn": null,
                "createdBy": null,
                "updatedOn": null,
                "updatedBy": null
            },
            {
                "tahsilId": 2616,
                "stateId": 10,
                "districtId": 194,
                "tahsilOrTaluk": "Shikaripura",
                "path": null,
                "createdOn": null,
                "createdBy": null,
                "updatedOn": null,
                "updatedBy": null
            },
            {
                "tahsilId": 2617,
                "stateId": 10,
                "districtId": 194,
                "tahsilOrTaluk": "Shimoga",
                "path": null,
                "createdOn": null,
                "createdBy": null,
                "updatedOn": null,
                "updatedBy": null
            },
            {
                "tahsilId": 2618,
                "stateId": 10,
                "districtId": 194,
                "tahsilOrTaluk": "Sorab",
                "path": null,
                "createdOn": null,
                "createdBy": null,
                "updatedOn": null,
                "updatedBy": null
            },
            {
                "tahsilId": 2619,
                "stateId": 10,
                "districtId": 194,
                "tahsilOrTaluk": "Soraba",
                "path": null,
                "createdOn": null,
                "createdBy": null,
                "updatedOn": null,
                "updatedBy": null
            },
            {
                "tahsilId": 2620,
                "stateId": 10,
                "districtId": 194,
                "tahsilOrTaluk": "Theerthahalli",
                "path": null,
                "createdOn": null,
                "createdBy": null,
                "updatedOn": null,
                "updatedBy": null
            },
            {
                "tahsilId": 2621,
                "stateId": 10,
                "districtId": 194,
                "tahsilOrTaluk": "Thirthahalli",
                "path": null,
                "createdOn": null,
                "createdBy": null,
                "updatedOn": null,
                "updatedBy": null
            },
            {
                "tahsilId": 2622,
                "stateId": 10,
                "districtId": 195,
                "tahsilOrTaluk": "Bautwala",
                "path": null,
                "createdOn": null,
                "createdBy": null,
                "updatedOn": null,
                "updatedBy": null
            },
            {
                "tahsilId": 2623,
                "stateId": 10,
                "districtId": 195,
                "tahsilOrTaluk": "Belthangady",
                "path": null,
                "createdOn": null,
                "createdBy": null,
                "updatedOn": null,
                "updatedBy": null
            },
            {
                "tahsilId": 2624,
                "stateId": 10,
                "districtId": 195,
                "tahsilOrTaluk": "Mangalore",
                "path": null,
                "createdOn": null,
                "createdBy": null,
                "updatedOn": null,
                "updatedBy": null
            },
            {
                "tahsilId": 2625,
                "stateId": 10,
                "districtId": 195,
                "tahsilOrTaluk": "Puttur",
                "path": null,
                "createdOn": null,
                "createdBy": null,
                "updatedOn": null,
                "updatedBy": null
            },
            {
                "tahsilId": 2626,
                "stateId": 10,
                "districtId": 195,
                "tahsilOrTaluk": "Soolya",
                "path": null,
                "createdOn": null,
                "createdBy": null,
                "updatedOn": null,
                "updatedBy": null
            },
            {
                "tahsilId": 2627,
                "stateId": 10,
                "districtId": 196,
                "tahsilOrTaluk": "Chickkanayakanaahalli",
                "path": null,
                "createdOn": null,
                "createdBy": null,
                "updatedOn": null,
                "updatedBy": null
            },
            {
                "tahsilId": 2628,
                "stateId": 10,
                "districtId": 196,
                "tahsilOrTaluk": "Chickkanayakanahalli",
                "path": null,
                "createdOn": null,
                "createdBy": null,
                "updatedOn": null,
                "updatedBy": null
            },
            {
                "tahsilId": 2629,
                "stateId": 10,
                "districtId": 196,
                "tahsilOrTaluk": "Gubbi",
                "path": null,
                "createdOn": null,
                "createdBy": null,
                "updatedOn": null,
                "updatedBy": null
            },
            {
                "tahsilId": 2630,
                "stateId": 10,
                "districtId": 196,
                "tahsilOrTaluk": "Koratagere",
                "path": null,
                "createdOn": null,
                "createdBy": null,
                "updatedOn": null,
                "updatedBy": null
            },
            {
                "tahsilId": 2631,
                "stateId": 10,
                "districtId": 196,
                "tahsilOrTaluk": "Kunigal",
                "path": null,
                "createdOn": null,
                "createdBy": null,
                "updatedOn": null,
                "updatedBy": null
            },
            {
                "tahsilId": 2632,
                "stateId": 10,
                "districtId": 196,
                "tahsilOrTaluk": "Madhugiri",
                "path": null,
                "createdOn": null,
                "createdBy": null,
                "updatedOn": null,
                "updatedBy": null
            },
            {
                "tahsilId": 2633,
                "stateId": 10,
                "districtId": 196,
                "tahsilOrTaluk": "Pavagada",
                "path": null,
                "createdOn": null,
                "createdBy": null,
                "updatedOn": null,
                "updatedBy": null
            },
            {
                "tahsilId": 2634,
                "stateId": 10,
                "districtId": 196,
                "tahsilOrTaluk": "Shira",
                "path": null,
                "createdOn": null,
                "createdBy": null,
                "updatedOn": null,
                "updatedBy": null
            },
            {
                "tahsilId": 2635,
                "stateId": 10,
                "districtId": 196,
                "tahsilOrTaluk": "Sira",
                "path": null,
                "createdOn": null,
                "createdBy": null,
                "updatedOn": null,
                "updatedBy": null
            },
            {
                "tahsilId": 2636,
                "stateId": 10,
                "districtId": 196,
                "tahsilOrTaluk": "Thuruvekere",
                "path": null,
                "createdOn": null,
                "createdBy": null,
                "updatedOn": null,
                "updatedBy": null
            },
            {
                "tahsilId": 2637,
                "stateId": 10,
                "districtId": 196,
                "tahsilOrTaluk": "Tipatur",
                "path": null,
                "createdOn": null,
                "createdBy": null,
                "updatedOn": null,
                "updatedBy": null
            },
            {
                "tahsilId": 2638,
                "stateId": 10,
                "districtId": 196,
                "tahsilOrTaluk": "Tiptur",
                "path": null,
                "createdOn": null,
                "createdBy": null,
                "updatedOn": null,
                "updatedBy": null
            },
            {
                "tahsilId": 2639,
                "stateId": 10,
                "districtId": 196,
                "tahsilOrTaluk": "Tumkur",
                "path": null,
                "createdOn": null,
                "createdBy": null,
                "updatedOn": null,
                "updatedBy": null
            },
            {
                "tahsilId": 2640,
                "stateId": 10,
                "districtId": 196,
                "tahsilOrTaluk": "Turuvekere",
                "path": null,
                "createdOn": null,
                "createdBy": null,
                "updatedOn": null,
                "updatedBy": null
            },
            {
                "tahsilId": 2641,
                "stateId": 10,
                "districtId": 197,
                "tahsilOrTaluk": "Karkala",
                "path": null,
                "createdOn": null,
                "createdBy": null,
                "updatedOn": null,
                "updatedBy": null
            },
            {
                "tahsilId": 2642,
                "stateId": 10,
                "districtId": 197,
                "tahsilOrTaluk": "Kundapur",
                "path": null,
                "createdOn": null,
                "createdBy": null,
                "updatedOn": null,
                "updatedBy": null
            },
            {
                "tahsilId": 2643,
                "stateId": 10,
                "districtId": 197,
                "tahsilOrTaluk": "Kundapura",
                "path": null,
                "createdOn": null,
                "createdBy": null,
                "updatedOn": null,
                "updatedBy": null
            },
            {
                "tahsilId": 2644,
                "stateId": 10,
                "districtId": 197,
                "tahsilOrTaluk": "Udupi",
                "path": null,
                "createdOn": null,
                "createdBy": null,
                "updatedOn": null,
                "updatedBy": null
            },
            {
                "tahsilId": 2645,
                "stateId": 10,
                "districtId": 198,
                "tahsilOrTaluk": "Ankola",
                "path": null,
                "createdOn": null,
                "createdBy": null,
                "updatedOn": null,
                "updatedBy": null
            },
            {
                "tahsilId": 2646,
                "stateId": 10,
                "districtId": 198,
                "tahsilOrTaluk": "Bhatkal",
                "path": null,
                "createdOn": null,
                "createdBy": null,
                "updatedOn": null,
                "updatedBy": null
            },
            {
                "tahsilId": 2647,
                "stateId": 10,
                "districtId": 198,
                "tahsilOrTaluk": "Haliyal",
                "path": null,
                "createdOn": null,
                "createdBy": null,
                "updatedOn": null,
                "updatedBy": null
            },
            {
                "tahsilId": 2648,
                "stateId": 10,
                "districtId": 198,
                "tahsilOrTaluk": "Honnavar",
                "path": null,
                "createdOn": null,
                "createdBy": null,
                "updatedOn": null,
                "updatedBy": null
            },
            {
                "tahsilId": 2649,
                "stateId": 10,
                "districtId": 198,
                "tahsilOrTaluk": "Karwar",
                "path": null,
                "createdOn": null,
                "createdBy": null,
                "updatedOn": null,
                "updatedBy": null
            },
            {
                "tahsilId": 2650,
                "stateId": 10,
                "districtId": 198,
                "tahsilOrTaluk": "Kumta",
                "path": null,
                "createdOn": null,
                "createdBy": null,
                "updatedOn": null,
                "updatedBy": null
            },
            {
                "tahsilId": 2651,
                "stateId": 10,
                "districtId": 198,
                "tahsilOrTaluk": "Mundgod",
                "path": null,
                "createdOn": null,
                "createdBy": null,
                "updatedOn": null,
                "updatedBy": null
            },
            {
                "tahsilId": 2652,
                "stateId": 10,
                "districtId": 198,
                "tahsilOrTaluk": "Siddapur",
                "path": null,
                "createdOn": null,
                "createdBy": null,
                "updatedOn": null,
                "updatedBy": null
            },
            {
                "tahsilId": 2653,
                "stateId": 10,
                "districtId": 198,
                "tahsilOrTaluk": "Sirsi",
                "path": null,
                "createdOn": null,
                "createdBy": null,
                "updatedOn": null,
                "updatedBy": null
            },
            {
                "tahsilId": 2654,
                "stateId": 10,
                "districtId": 198,
                "tahsilOrTaluk": "Supa",
                "path": null,
                "createdOn": null,
                "createdBy": null,
                "updatedOn": null,
                "updatedBy": null
            },
            {
                "tahsilId": 2655,
                "stateId": 10,
                "districtId": 198,
                "tahsilOrTaluk": "Yellapur",
                "path": null,
                "createdOn": null,
                "createdBy": null,
                "updatedOn": null,
                "updatedBy": null
            },
            {
                "tahsilId": 5314,
                "stateId": 10,
                "districtId": 164,
                "tahsilOrTaluk": "Test",
                "path": null,
                "createdOn": "2024-05-21T17:59:44.641+00:00",
                "createdBy": 0,
                "updatedOn": null,
                "updatedBy": null
            },
            {
                "tahsilId": 5316,
                "stateId": 10,
                "districtId": 164,
                "tahsilOrTaluk": "weqweq",
                "path": null,
                "createdOn": "2024-05-27T16:42:27.102+00:00",
                "createdBy": 0,
                "updatedOn": null,
                "updatedBy": null
            },
            {
                "tahsilId": 5318,
                "stateId": 10,
                "districtId": 170,
                "tahsilOrTaluk": "bag",
                "path": null,
                "createdOn": "2024-05-30T18:40:36.105+00:00",
                "createdBy": 0,
                "updatedOn": null,
                "updatedBy": null
            },
            {
                "tahsilId": 5315,
                "stateId": 10,
                "districtId": 621,
                "tahsilOrTaluk": "QA Microware Tehsil",
                "path": null,
                "createdOn": "2024-05-22T18:11:48.932+00:00",
                "createdBy": 0,
                "updatedOn": null,
                "updatedBy": null
            },
            {
                "tahsilId": 5317,
                "stateId": 10,
                "districtId": 169,
                "tahsilOrTaluk": "badarh",
                "path": null,
                "createdOn": "2024-05-27T18:03:41.879+00:00",
                "createdBy": 0,
                "updatedOn": "2024-05-27T18:04:07.646+00:00",
                "updatedBy": 0
            },
            {
                "tahsilId": 5319,
                "stateId": 10,
                "districtId": 164,
                "tahsilOrTaluk": "teste",
                "path": null,
                "createdOn": "2024-06-01T14:09:07.213+00:00",
                "createdBy": 0,
                "updatedOn": null,
                "updatedBy": null
            },
            {
                "tahsilId": 5320,
                "stateId": 47,
                "districtId": 23,
                "tahsilOrTaluk": "Rajapur tahsil",
                "path": "Test123",
                "createdOn": "2024-03-02T06:21:37.115+00:00",
                "createdBy": 0,
                "updatedOn": "2024-03-02T06:21:37.115+00:00",
                "updatedBy": 0
            },
            {
                "tahsilId": 5301,
                "stateId": 10,
                "districtId": 617,
                "tahsilOrTaluk": "Test Tehsil Mayank",
                "path": null,
                "createdOn": "2024-05-07T06:56:10.159+00:00",
                "createdBy": 0,
                "updatedOn": null,
                "updatedBy": null
            },
            {
                "tahsilId": 5302,
                "stateId": 10,
                "districtId": 616,
                "tahsilOrTaluk": "Satyam",
                "path": null,
                "createdOn": "2024-05-07T06:56:37.297+00:00",
                "createdBy": 0,
                "updatedOn": null,
                "updatedBy": null
            },
            {
                "tahsilId": 5303,
                "stateId": 10,
                "districtId": 616,
                "tahsilOrTaluk": "Test Tehsil",
                "path": null,
                "createdOn": "2024-05-07T06:57:23.941+00:00",
                "createdBy": 0,
                "updatedOn": null,
                "updatedBy": null
            },
            {
                "tahsilId": 5304,
                "stateId": 10,
                "districtId": 616,
                "tahsilOrTaluk": "testd",
                "path": null,
                "createdOn": "2024-05-07T10:27:30.377+00:00",
                "createdBy": 0,
                "updatedOn": "2024-05-07T10:30:59.577+00:00",
                "updatedBy": 0
            },
            {
                "tahsilId": 5305,
                "stateId": 10,
                "districtId": 618,
                "tahsilOrTaluk": "test",
                "path": null,
                "createdOn": "2024-05-07T10:53:01.856+00:00",
                "createdBy": 0,
                "updatedOn": null,
                "updatedBy": null
            },
            {
                "tahsilId": 5306,
                "stateId": 10,
                "districtId": 616,
                "tahsilOrTaluk": "NewDemo",
                "path": null,
                "createdOn": "2024-05-07T10:53:43.888+00:00",
                "createdBy": 0,
                "updatedOn": null,
                "updatedBy": null
            },
            {
                "tahsilId": 5307,
                "stateId": 10,
                "districtId": 616,
                "tahsilOrTaluk": "testnewdemo",
                "path": null,
                "createdOn": "2024-05-07T11:00:26.593+00:00",
                "createdBy": 0,
                "updatedOn": null,
                "updatedBy": null
            },
            {
                "tahsilId": 5308,
                "stateId": 10,
                "districtId": 619,
                "tahsilOrTaluk": "testtehsil",
                "path": null,
                "createdOn": "2024-05-08T14:47:01.297+00:00",
                "createdBy": 0,
                "updatedOn": null,
                "updatedBy": null
            },
            {
                "tahsilId": 5309,
                "stateId": 10,
                "districtId": 619,
                "tahsilOrTaluk": "demoteh",
                "path": null,
                "createdOn": "2024-05-08T14:49:38.705+00:00",
                "createdBy": 0,
                "updatedOn": null,
                "updatedBy": null
            },
            {
                "tahsilId": 5310,
                "stateId": 10,
                "districtId": 619,
                "tahsilOrTaluk": "tehsiltest",
                "path": null,
                "createdOn": "2024-05-08T14:51:50.838+00:00",
                "createdBy": 0,
                "updatedOn": null,
                "updatedBy": null
            },
            {
                "tahsilId": 5311,
                "stateId": 10,
                "districtId": 619,
                "tahsilOrTaluk": "xyztest",
                "path": null,
                "createdOn": "2024-05-08T15:08:31.388+00:00",
                "createdBy": 0,
                "updatedOn": null,
                "updatedBy": null
            },
            {
                "tahsilId": 5312,
                "stateId": 10,
                "districtId": 619,
                "tahsilOrTaluk": "demotehsiltaluk",
                "path": null,
                "createdOn": "2024-05-08T15:08:49.657+00:00",
                "createdBy": 0,
                "updatedOn": null,
                "updatedBy": null
            },
            {
                "tahsilId": 5313,
                "stateId": 10,
                "districtId": 620,
                "tahsilOrTaluk": "TestDistricttehsil",
                "path": null,
                "createdOn": "2024-05-08T15:38:53.961+00:00",
                "createdBy": 0,
                "updatedOn": null,
                "updatedBy": null
            },
            {
                "tahsilId": 5321,
                "stateId": 42,
                "districtId": 33,
                "tahsilOrTaluk": "Rajpur tahsil",
                "path": "Test123",
                "createdOn": "2024-03-02T06:21:37.115+00:00",
                "createdBy": 0,
                "updatedOn": "2024-03-02T06:21:37.115+00:00",
                "updatedBy": 0
            },
            {
                "tahsilId": 5322,
                "stateId": 10,
                "districtId": 166,
                "tahsilOrTaluk": "devtesting",
                "path": null,
                "createdOn": "2024-06-15T10:15:23.905+00:00",
                "createdBy": 0,
                "updatedOn": null,
                "updatedBy": null
            },
            {
                "tahsilId": 2413,
                "stateId": 10,
                "districtId": 166,
                "tahsilOrTaluk": "Bangalore East",
                "path": null,
                "createdOn": null,
                "createdBy": null,
                "updatedOn": "2024-06-15T10:16:19.564+00:00",
                "updatedBy": 0
            },
            {
                "tahsilId": 5323,
                "stateId": 10,
                "districtId": 630,
                "tahsilOrTaluk": "TestBabitaTehsil/Taluk",
                "path": null,
                "createdOn": "2024-06-15T11:59:15.454+00:00",
                "createdBy": 0,
                "updatedOn": null,
                "updatedBy": null
            }
        ],
        "masterState": [
            {
                "stateId": 10,
                "stateCode": "10",
                "stateName": "Karnataka",
                "path": null,
                "createdOn": null,
                "createdBy": null,
                "updatedOn": null,
                "updatedBy": null
            }
        ],
        "masterAgency1Ro": [
            {
                "regionalOfficeId": 1,
                "agencyId": 1,
                "regionalOffice": "B & B BO, Shillong",
                "address1": null,
                "address2": null,
                "address3": null,
                "city": null,
                "stateId": null,
                "pinCode": null,
                "phones": null,
                "fax": null,
                "email": null,
                "remarks": null,
                "path": null,
                "createdOn": null,
                "createdBy": null,
                "updatedOn": null,
                "updatedBy": null
            },
            {
                "regionalOfficeId": 2,
                "agencyId": 1,
                "regionalOffice": "C & S RO, Coimbatore",
                "address1": null,
                "address2": null,
                "address3": null,
                "city": null,
                "stateId": null,
                "pinCode": null,
                "phones": null,
                "fax": null,
                "email": null,
                "remarks": null,
                "path": null,
                "createdOn": null,
                "createdBy": null,
                "updatedOn": null,
                "updatedBy": null
            },
            {
                "regionalOfficeId": 4,
                "agencyId": 1,
                "regionalOffice": "LGBO, Patna",
                "address1": null,
                "address2": null,
                "address3": null,
                "city": null,
                "stateId": null,
                "pinCode": null,
                "phones": null,
                "fax": null,
                "email": null,
                "remarks": null,
                "path": null,
                "createdOn": null,
                "createdBy": null,
                "updatedOn": null,
                "updatedBy": null
            },
            {
                "regionalOfficeId": 5,
                "agencyId": 1,
                "regionalOffice": "M & E RO, Bhubaneswar",
                "address1": null,
                "address2": null,
                "address3": null,
                "city": null,
                "stateId": null,
                "pinCode": null,
                "phones": null,
                "fax": null,
                "email": null,
                "remarks": null,
                "path": null,
                "createdOn": null,
                "createdBy": null,
                "updatedOn": null,
                "updatedBy": null
            },
            {
                "regionalOfficeId": 8,
                "agencyId": 1,
                "regionalOffice": "Narmada Basin, Bhopal",
                "address1": null,
                "address2": null,
                "address3": null,
                "city": null,
                "stateId": null,
                "pinCode": null,
                "phones": null,
                "fax": null,
                "email": null,
                "remarks": null,
                "path": null,
                "createdOn": null,
                "createdBy": null,
                "updatedOn": null,
                "updatedBy": null
            },
            {
                "regionalOfficeId": 9,
                "agencyId": 1,
                "regionalOffice": "UGBO, Lucknow",
                "address1": null,
                "address2": null,
                "address3": null,
                "city": null,
                "stateId": null,
                "pinCode": null,
                "phones": null,
                "fax": null,
                "email": null,
                "remarks": null,
                "path": null,
                "createdOn": null,
                "createdBy": null,
                "updatedOn": null,
                "updatedBy": null
            },
            {
                "regionalOfficeId": 10,
                "agencyId": 1,
                "regionalOffice": "YBO, New Delhi",
                "address1": null,
                "address2": null,
                "address3": null,
                "city": null,
                "stateId": null,
                "pinCode": null,
                "phones": null,
                "fax": null,
                "email": null,
                "remarks": null,
                "path": null,
                "createdOn": null,
                "createdBy": null,
                "updatedOn": null,
                "updatedBy": null
            },
            {
                "regionalOfficeId": 3,
                "agencyId": 1,
                "regionalOffice": "K & G BO, Hyderabad",
                "address1": "Chief Engineer, KGBO,",
                "address2": "Krishna  Godavari Bhavan",
                "address3": "11-4- 648, A.C.Guards",
                "city": "Hyderabad",
                "stateId": 1,
                "pinCode": "500 004",
                "phones": "040 23308640",
                "fax": "040 23308642",
                "email": null,
                "remarks": null,
                "path": null,
                "createdOn": null,
                "createdBy": null,
                "updatedOn": null,
                "updatedBy": null
            },
            {
                "regionalOfficeId": 6,
                "agencyId": 1,
                "regionalOffice": "Monitoring CO, Nagpur",
                "address1": "Chief Engineer, Monitoring Central,",
                "address2": "CWC, CGO Complex,",
                "address3": "Block 'C', III floor",
                "city": "Seminary Hills, Nagpur",
                "stateId": 13,
                "pinCode": "440 006",
                "phones": "0712 2510464",
                "fax": "0712 2510475",
                "email": null,
                "remarks": null,
                "path": null,
                "createdOn": null,
                "createdBy": null,
                "updatedOn": null,
                "updatedBy": null
            },
            {
                "regionalOfficeId": 7,
                "agencyId": 1,
                "regionalOffice": "N & T BO, Vadodara",
                "address1": null,
                "address2": null,
                "address3": null,
                "city": null,
                "stateId": null,
                "pinCode": null,
                "phones": null,
                "fax": "",
                "email": "",
                "remarks": null,
                "path": null,
                "createdOn": null,
                "createdBy": null,
                "updatedOn": null,
                "updatedBy": null
            },
            {
                "regionalOfficeId": 15,
                "agencyId": 3,
                "regionalOffice": "Microware Zone office1",
                "address1": null,
                "address2": null,
                "address3": null,
                "city": null,
                "stateId": null,
                "pinCode": null,
                "phones": null,
                "fax": null,
                "email": null,
                "remarks": null,
                "path": null,
                "createdOn": "2024-05-23T15:27:19.034+00:00",
                "createdBy": 0,
                "updatedOn": "2024-05-23T17:02:00.286+00:00",
                "updatedBy": 0
            },
            {
                "regionalOfficeId": 16,
                "agencyId": 3,
                "regionalOffice": "     ",
                "address1": null,
                "address2": null,
                "address3": null,
                "city": null,
                "stateId": null,
                "pinCode": null,
                "phones": null,
                "fax": null,
                "email": null,
                "remarks": null,
                "path": null,
                "createdOn": "2024-05-28T10:28:43.238+00:00",
                "createdBy": 0,
                "updatedOn": null,
                "updatedBy": null
            },
            {
                "regionalOfficeId": 17,
                "agencyId": 3,
                "regionalOffice": "test",
                "address1": null,
                "address2": null,
                "address3": null,
                "city": null,
                "stateId": null,
                "pinCode": null,
                "phones": null,
                "fax": null,
                "email": null,
                "remarks": null,
                "path": null,
                "createdOn": "2024-05-28T10:34:24.422+00:00",
                "createdBy": 0,
                "updatedOn": null,
                "updatedBy": null
            },
            {
                "regionalOfficeId": 12,
                "agencyId": 3,
                "regionalOffice": "SDPC, ID Karnataka, Bangalore",
                "address1": null,
                "address2": null,
                "address3": null,
                "city": null,
                "stateId": null,
                "pinCode": null,
                "phones": null,
                "fax": null,
                "email": null,
                "remarks": null,
                "path": null,
                "createdOn": null,
                "createdBy": null,
                "updatedOn": "2024-05-30T12:08:01.430+00:00",
                "updatedBy": 0
            },
            {
                "regionalOfficeId": 13,
                "agencyId": 3,
                "regionalOffice": "Test Zone2",
                "address1": null,
                "address2": null,
                "address3": null,
                "city": null,
                "stateId": null,
                "pinCode": null,
                "phones": null,
                "fax": null,
                "email": null,
                "remarks": null,
                "path": null,
                "createdOn": "2024-05-06T09:02:56.848+00:00",
                "createdBy": 0,
                "updatedOn": "2024-05-30T14:08:03.727+00:00",
                "updatedBy": 0
            },
            {
                "regionalOfficeId": 14,
                "agencyId": 3,
                "regionalOffice": "QA Zone Office",
                "address1": null,
                "address2": null,
                "address3": null,
                "city": null,
                "stateId": null,
                "pinCode": null,
                "phones": null,
                "fax": null,
                "email": null,
                "remarks": null,
                "path": null,
                "createdOn": "2024-05-23T15:26:33.182+00:00",
                "createdBy": 0,
                "updatedOn": "2024-05-30T14:08:19.929+00:00",
                "updatedBy": 0
            },
            {
                "regionalOfficeId": 18,
                "agencyId": 13,
                "regionalOffice": "Test",
                "address1": "Test",
                "address2": "Test",
                "address3": "Test",
                "city": "Karna",
                "stateId": 10,
                "pinCode": "111111",
                "phones": "9999999999",
                "fax": "9999999999",
                "email": "Test@gmail.com",
                "remarks": "Check",
                "path": null,
                "createdOn": "2024-06-01T15:59:19.440+00:00",
                "createdBy": 0,
                "updatedOn": "2024-06-05T10:06:06.345+00:00",
                "updatedBy": 0
            },
            {
                "regionalOfficeId": 11,
                "agencyId": 3,
                "regionalOffice": "test zone1",
                "address1": null,
                "address2": null,
                "address3": null,
                "city": null,
                "stateId": null,
                "pinCode": null,
                "phones": null,
                "fax": null,
                "email": null,
                "remarks": null,
                "path": null,
                "createdOn": "2024-05-06T09:04:26.932+00:00",
                "createdBy": 0,
                "updatedOn": "2024-06-05T12:43:31.822+00:00",
                "updatedBy": 0
            },
            {
                "regionalOfficeId": 19,
                "agencyId": 21,
                "regionalOffice": "TestZone",
                "address1": "30-12-2023",
                "address2": "30-12-2023",
                "address3": "30-12-2023",
                "city": "30-12-2023",
                "stateId": 10,
                "pinCode": "30-12-",
                "phones": "456615",
                "fax": "15552",
                "email": "Team.comgmail@",
                "remarks": "30-12-2023",
                "path": null,
                "createdOn": "2024-06-06T18:22:35.158+00:00",
                "createdBy": 0,
                "updatedOn": null,
                "updatedBy": null
            },
            {
                "regionalOfficeId": 20,
                "agencyId": 19,
                "regionalOffice": "qqq",
                "address1": "ada",
                "address2": "sdasd",
                "address3": "dad",
                "city": "kk",
                "stateId": 10,
                "pinCode": "234324",
                "phones": "9911827645",
                "fax": "2121",
                "email": "test1234@gmail.com",
                "remarks": "24322342",
                "path": null,
                "createdOn": "2024-06-06T18:27:11.624+00:00",
                "createdBy": 0,
                "updatedOn": null,
                "updatedBy": null
            },
            {
                "regionalOfficeId": 21,
                "agencyId": 9,
                "regionalOffice": "DMO",
                "address1": "Test12",
                "address2": "Test",
                "address3": "string",
                "city": "OLD Delhi",
                "stateId": 10,
                "pinCode": "110025",
                "phones": "9911594181",
                "fax": "Raw",
                "email": "test2@gmail.com",
                "remarks": "Testing12345",
                "path": "string",
                "createdOn": "2024-02-26T05:48:44.706+00:00",
                "createdBy": 0,
                "updatedOn": "2024-02-26T05:48:44.706+00:00",
                "updatedBy": 0
            },
            {
                "regionalOfficeId": 22,
                "agencyId": 9,
                "regionalOffice": "DMO",
                "address1": "Test12",
                "address2": "Test",
                "address3": "string",
                "city": "OLD Delhi",
                "stateId": 10,
                "pinCode": "110025",
                "phones": "9911594181",
                "fax": "Raw",
                "email": "test2@gmail.com",
                "remarks": "Testing12345",
                "path": "string",
                "createdOn": "2024-02-26T05:48:44.706+00:00",
                "createdBy": 0,
                "updatedOn": "2024-02-26T05:48:44.706+00:00",
                "updatedBy": 0
            },
            {
                "regionalOfficeId": 23,
                "agencyId": 26,
                "regionalOffice": "TestBabitaZone ",
                "address1": "delhi",
                "address2": "delhi",
                "address3": "delhi",
                "city": "delhi",
                "stateId": 10,
                "pinCode": "delhi2",
                "phones": "9632574412",
                "fax": "1111111111",
                "email": "babita@gmail.com",
                "remarks": "test",
                "path": null,
                "createdOn": "2024-06-15T11:54:58.626+00:00",
                "createdBy": 0,
                "updatedOn": "2024-06-17T11:57:19.250+00:00",
                "updatedBy": 0
            }
        ],
        "masterAgency2Co": [
            {
                "circleOfficeId": 1,
                "agencyId": 1,
                "regionalOfficeId": 1,
                "circleOffice": "H.O.Circle, Guwahati",
                "address1": null,
                "address2": null,
                "address3": null,
                "city": null,
                "stateId": null,
                "pinCode": null,
                "phones": null,
                "fax": null,
                "email": null,
                "remarks": null,
                "path": null,
                "createdOn": null,
                "createdBy": null,
                "updatedOn": null,
                "updatedBy": null
            },
            {
                "circleOfficeId": 2,
                "agencyId": 1,
                "regionalOfficeId": 1,
                "circleOffice": "M & A Dte., Guwahati",
                "address1": null,
                "address2": null,
                "address3": null,
                "city": null,
                "stateId": null,
                "pinCode": null,
                "phones": null,
                "fax": null,
                "email": null,
                "remarks": null,
                "path": null,
                "createdOn": null,
                "createdBy": null,
                "updatedOn": null,
                "updatedBy": null
            },
            {
                "circleOfficeId": 3,
                "agencyId": 1,
                "regionalOfficeId": 1,
                "circleOffice": "Meghna Circle, Silchar",
                "address1": null,
                "address2": null,
                "address3": null,
                "city": null,
                "stateId": null,
                "pinCode": null,
                "phones": null,
                "fax": null,
                "email": null,
                "remarks": null,
                "path": null,
                "createdOn": null,
                "createdBy": null,
                "updatedOn": null,
                "updatedBy": null
            },
            {
                "circleOfficeId": 4,
                "agencyId": 1,
                "regionalOfficeId": 1,
                "circleOffice": "NEIC, Shillong",
                "address1": null,
                "address2": null,
                "address3": null,
                "city": null,
                "stateId": null,
                "pinCode": null,
                "phones": null,
                "fax": null,
                "email": null,
                "remarks": null,
                "path": null,
                "createdOn": null,
                "createdBy": null,
                "updatedOn": null,
                "updatedBy": null
            },
            {
                "circleOfficeId": 5,
                "agencyId": 1,
                "regionalOfficeId": 2,
                "circleOffice": "S.E.(C&SR), Bangalore",
                "address1": null,
                "address2": null,
                "address3": null,
                "city": null,
                "stateId": null,
                "pinCode": null,
                "phones": null,
                "fax": null,
                "email": null,
                "remarks": null,
                "path": null,
                "createdOn": null,
                "createdBy": null,
                "updatedOn": null,
                "updatedBy": null
            },
            {
                "circleOfficeId": 8,
                "agencyId": 1,
                "regionalOfficeId": 4,
                "circleOffice": "HOC, Maithon (Dhanbad)",
                "address1": null,
                "address2": null,
                "address3": null,
                "city": null,
                "stateId": null,
                "pinCode": null,
                "phones": null,
                "fax": null,
                "email": null,
                "remarks": null,
                "path": null,
                "createdOn": null,
                "createdBy": null,
                "updatedOn": null,
                "updatedBy": null
            },
            {
                "circleOfficeId": 9,
                "agencyId": 1,
                "regionalOfficeId": 4,
                "circleOffice": "S.E. (C), Patna",
                "address1": null,
                "address2": null,
                "address3": null,
                "city": null,
                "stateId": null,
                "pinCode": null,
                "phones": null,
                "fax": null,
                "email": null,
                "remarks": null,
                "path": null,
                "createdOn": null,
                "createdBy": null,
                "updatedOn": null,
                "updatedBy": null
            },
            {
                "circleOfficeId": 10,
                "agencyId": 1,
                "regionalOfficeId": 5,
                "circleOffice": "S.E., Bhubaneswar",
                "address1": null,
                "address2": null,
                "address3": null,
                "city": null,
                "stateId": null,
                "pinCode": null,
                "phones": null,
                "fax": null,
                "email": null,
                "remarks": null,
                "path": null,
                "createdOn": null,
                "createdBy": null,
                "updatedOn": null,
                "updatedBy": null
            },
            {
                "circleOfficeId": 12,
                "agencyId": 1,
                "regionalOfficeId": 7,
                "circleOffice": "S.E.,Vadodara",
                "address1": null,
                "address2": null,
                "address3": null,
                "city": null,
                "stateId": null,
                "pinCode": null,
                "phones": null,
                "fax": null,
                "email": null,
                "remarks": null,
                "path": null,
                "createdOn": null,
                "createdBy": null,
                "updatedOn": null,
                "updatedBy": null
            },
            {
                "circleOfficeId": 13,
                "agencyId": 1,
                "regionalOfficeId": 8,
                "circleOffice": "S.E. (C), Bhopal",
                "address1": null,
                "address2": null,
                "address3": null,
                "city": null,
                "stateId": null,
                "pinCode": null,
                "phones": null,
                "fax": null,
                "email": null,
                "remarks": null,
                "path": null,
                "createdOn": null,
                "createdBy": null,
                "updatedOn": null,
                "updatedBy": null
            },
            {
                "circleOfficeId": 14,
                "agencyId": 1,
                "regionalOfficeId": 9,
                "circleOffice": "HOC, Dehradun",
                "address1": null,
                "address2": null,
                "address3": null,
                "city": null,
                "stateId": null,
                "pinCode": null,
                "phones": null,
                "fax": null,
                "email": null,
                "remarks": null,
                "path": null,
                "createdOn": null,
                "createdBy": null,
                "updatedOn": null,
                "updatedBy": null
            },
            {
                "circleOfficeId": 15,
                "agencyId": 1,
                "regionalOfficeId": 9,
                "circleOffice": "HOC, Varanasi",
                "address1": null,
                "address2": null,
                "address3": null,
                "city": null,
                "stateId": null,
                "pinCode": null,
                "phones": null,
                "fax": null,
                "email": null,
                "remarks": null,
                "path": null,
                "createdOn": null,
                "createdBy": null,
                "updatedOn": null,
                "updatedBy": null
            },
            {
                "circleOfficeId": 16,
                "agencyId": 1,
                "regionalOfficeId": 10,
                "circleOffice": "HOC, Noida",
                "address1": null,
                "address2": null,
                "address3": null,
                "city": null,
                "stateId": null,
                "pinCode": null,
                "phones": null,
                "fax": null,
                "email": null,
                "remarks": null,
                "path": null,
                "createdOn": null,
                "createdBy": null,
                "updatedOn": null,
                "updatedBy": null
            },
            {
                "circleOfficeId": 6,
                "agencyId": 1,
                "regionalOfficeId": 3,
                "circleOffice": "Godavari Circle, Hyderabad",
                "address1": "Superintending Engineer",
                "address2": "Godavari Circle, CWC",
                "address3": "11-4-648, A.C.Guards",
                "city": "Hyderabad",
                "stateId": 1,
                "pinCode": "500 004",
                "phones": "040 23308646",
                "fax": "040 23308651",
                "email": null,
                "remarks": null,
                "path": null,
                "createdOn": null,
                "createdBy": null,
                "updatedOn": null,
                "updatedBy": null
            },
            {
                "circleOfficeId": 7,
                "agencyId": 1,
                "regionalOfficeId": 3,
                "circleOffice": "Krishna &Coord.Circle, Hyd.bad",
                "address1": "Superintending Engineer",
                "address2": "Krishna & Co-ordination Circle",
                "address3": "CWC, 11-4-648, A.C.Guards",
                "city": "Hyderabad",
                "stateId": 1,
                "pinCode": "500 004",
                "phones": "040 23308645",
                "fax": "040 23308650",
                "email": null,
                "remarks": null,
                "path": null,
                "createdOn": null,
                "createdBy": null,
                "updatedOn": null,
                "updatedBy": null
            },
            {
                "circleOfficeId": 11,
                "agencyId": 1,
                "regionalOfficeId": 6,
                "circleOffice": "S.E.(C), Nagpur",
                "address1": "Superintending Engineer(C)",
                "address2": "Monitoring Central Organisation,",
                "address3": "CWC, CGO Complex, Block'C' III floor",
                "city": "Seminary Hills, Nagpur",
                "stateId": 13,
                "pinCode": "440 006",
                "phones": "0712 2512144",
                "fax": "0712 2510475",
                "email": null,
                "remarks": null,
                "path": null,
                "createdOn": null,
                "createdBy": null,
                "updatedOn": null,
                "updatedBy": null
            },
            {
                "circleOfficeId": 18,
                "agencyId": 3,
                "regionalOfficeId": 12,
                "circleOffice": "I.I. Circle, Mysore",
                "address1": null,
                "address2": null,
                "address3": null,
                "city": null,
                "stateId": null,
                "pinCode": null,
                "phones": null,
                "fax": null,
                "email": null,
                "remarks": null,
                "path": null,
                "createdOn": null,
                "createdBy": null,
                "updatedOn": null,
                "updatedBy": null
            },
            {
                "circleOfficeId": 19,
                "agencyId": 3,
                "regionalOfficeId": 12,
                "circleOffice": "I.I. Circle, Yermarus",
                "address1": null,
                "address2": null,
                "address3": null,
                "city": null,
                "stateId": null,
                "pinCode": null,
                "phones": null,
                "fax": null,
                "email": null,
                "remarks": null,
                "path": null,
                "createdOn": null,
                "createdBy": null,
                "updatedOn": null,
                "updatedBy": null
            },
            {
                "circleOfficeId": 25,
                "agencyId": 3,
                "regionalOfficeId": 14,
                "circleOffice": "QA Circle Office@",
                "address1": null,
                "address2": null,
                "address3": null,
                "city": null,
                "stateId": null,
                "pinCode": null,
                "phones": null,
                "fax": null,
                "email": null,
                "remarks": null,
                "path": null,
                "createdOn": "2024-05-23T15:35:07.716+00:00",
                "createdBy": 0,
                "updatedOn": "2024-05-23T15:55:06.569+00:00",
                "updatedBy": 0
            },
            {
                "circleOfficeId": 26,
                "agencyId": 3,
                "regionalOfficeId": 14,
                "circleOffice": "Testing Circle Office",
                "address1": null,
                "address2": null,
                "address3": null,
                "city": null,
                "stateId": null,
                "pinCode": null,
                "phones": null,
                "fax": null,
                "email": null,
                "remarks": null,
                "path": null,
                "createdOn": "2024-05-23T15:36:18.967+00:00",
                "createdBy": 0,
                "updatedOn": "2024-05-23T16:33:51.721+00:00",
                "updatedBy": 0
            },
            {
                "circleOfficeId": 27,
                "agencyId": 3,
                "regionalOfficeId": 14,
                "circleOffice": "Microware Circle Office2",
                "address1": null,
                "address2": null,
                "address3": null,
                "city": null,
                "stateId": null,
                "pinCode": null,
                "phones": null,
                "fax": null,
                "email": null,
                "remarks": null,
                "path": null,
                "createdOn": "2024-05-23T15:37:30.534+00:00",
                "createdBy": 0,
                "updatedOn": "2024-05-23T16:42:05.870+00:00",
                "updatedBy": 0
            },
            {
                "circleOfficeId": 28,
                "agencyId": 13,
                "regionalOfficeId": 18,
                "circleOffice": "Testcircle",
                "address1": "Test",
                "address2": "Test",
                "address3": "Test",
                "city": "Karna",
                "stateId": 10,
                "pinCode": "111111",
                "phones": "9999999999",
                "fax": "9999999999",
                "email": "Test@gmail.com",
                "remarks": "Check",
                "path": null,
                "createdOn": "2024-06-01T15:59:29.585+00:00",
                "createdBy": 0,
                "updatedOn": null,
                "updatedBy": null
            },
            {
                "circleOfficeId": 29,
                "agencyId": 2,
                "regionalOfficeId": 2,
                "circleOffice": "PMO",
                "address1": "Raja pur",
                "address2": "Test",
                "address3": "Test12",
                "city": "Rampur",
                "stateId": 10,
                "pinCode": "110026",
                "phones": "9922794193",
                "fax": "Fax60",
                "email": "kamran12@gmail.com",
                "remarks": "Test123",
                "path": "Yes",
                "createdOn": "2024-02-27T06:25:45.349+00:00",
                "createdBy": 0,
                "updatedOn": "2024-02-27T06:25:45.349+00:00",
                "updatedBy": 0
            },
            {
                "circleOfficeId": 24,
                "agencyId": 3,
                "regionalOfficeId": 15,
                "circleOffice": "Microware Circle Office1",
                "address1": null,
                "address2": null,
                "address3": null,
                "city": null,
                "stateId": null,
                "pinCode": null,
                "phones": null,
                "fax": null,
                "email": null,
                "remarks": null,
                "path": null,
                "createdOn": "2024-05-23T17:01:27.926+00:00",
                "createdBy": 0,
                "updatedOn": "2024-06-14T18:41:00.817+00:00",
                "updatedBy": 0
            },
            {
                "circleOfficeId": 30,
                "agencyId": 26,
                "regionalOfficeId": 23,
                "circleOffice": "TestBabitaCircle ",
                "address1": "delhi",
                "address2": "delhi",
                "address3": "delhi",
                "city": "delhi",
                "stateId": 10,
                "pinCode": "delhi2",
                "phones": "9632574412",
                "fax": "1111111111",
                "email": "babita@gmail.com",
                "remarks": "test",
                "path": null,
                "createdOn": "2024-06-15T11:55:29.741+00:00",
                "createdBy": 0,
                "updatedOn": null,
                "updatedBy": null
            },
            {
                "circleOfficeId": 20,
                "agencyId": 3,
                "regionalOfficeId": 11,
                "circleOffice": "Test234",
                "address1": null,
                "address2": null,
                "address3": null,
                "city": null,
                "stateId": null,
                "pinCode": null,
                "phones": null,
                "fax": null,
                "email": null,
                "remarks": null,
                "path": null,
                "createdOn": "2024-05-06T09:41:11.219+00:00",
                "createdBy": 0,
                "updatedOn": null,
                "updatedBy": null
            },
            {
                "circleOfficeId": 21,
                "agencyId": 3,
                "regionalOfficeId": 11,
                "circleOffice": "Test456",
                "address1": null,
                "address2": null,
                "address3": null,
                "city": null,
                "stateId": null,
                "pinCode": null,
                "phones": null,
                "fax": null,
                "email": null,
                "remarks": null,
                "path": null,
                "createdOn": "2024-05-06T09:41:23.751+00:00",
                "createdBy": 0,
                "updatedOn": null,
                "updatedBy": null
            },
            {
                "circleOfficeId": 22,
                "agencyId": 3,
                "regionalOfficeId": 11,
                "circleOffice": "test3",
                "address1": null,
                "address2": null,
                "address3": null,
                "city": null,
                "stateId": null,
                "pinCode": null,
                "phones": null,
                "fax": null,
                "email": null,
                "remarks": null,
                "path": null,
                "createdOn": "2024-05-06T10:04:50.985+00:00",
                "createdBy": 0,
                "updatedOn": null,
                "updatedBy": null
            },
            {
                "circleOfficeId": 23,
                "agencyId": 3,
                "regionalOfficeId": 11,
                "circleOffice": "New Circle",
                "address1": null,
                "address2": null,
                "address3": null,
                "city": null,
                "stateId": null,
                "pinCode": null,
                "phones": null,
                "fax": null,
                "email": null,
                "remarks": null,
                "path": null,
                "createdOn": "2024-05-08T13:13:37.087+00:00",
                "createdBy": 0,
                "updatedOn": null,
                "updatedBy": null
            }
        ],
        "masterAgency3Do": [
            {
                "divisionalOfficeId": 1,
                "agencyId": 1,
                "regionalOfficeId": 1,
                "circleOfficeId": 1,
                "divisionalOffice": "L Brahmaputra Div., Jalpaiguri",
                "address1": null,
                "address2": null,
                "address3": null,
                "city": null,
                "stateId": null,
                "pinCode": null,
                "phones": null,
                "fax": null,
                "email": null,
                "remarks": null,
                "path": null,
                "createdOn": null,
                "createdBy": null,
                "updatedOn": null,
                "updatedBy": null
            },
            {
                "divisionalOfficeId": 2,
                "agencyId": 1,
                "regionalOfficeId": 1,
                "circleOfficeId": 1,
                "divisionalOffice": "M Brahmaputra Div., Guwahati",
                "address1": null,
                "address2": null,
                "address3": null,
                "city": null,
                "stateId": null,
                "pinCode": null,
                "phones": null,
                "fax": null,
                "email": null,
                "remarks": null,
                "path": null,
                "createdOn": null,
                "createdBy": null,
                "updatedOn": null,
                "updatedBy": null
            },
            {
                "divisionalOfficeId": 3,
                "agencyId": 1,
                "regionalOfficeId": 1,
                "circleOfficeId": 1,
                "divisionalOffice": "U Brahmaputra Div., Dibrugarh",
                "address1": null,
                "address2": null,
                "address3": null,
                "city": null,
                "stateId": null,
                "pinCode": null,
                "phones": null,
                "fax": null,
                "email": null,
                "remarks": null,
                "path": null,
                "createdOn": null,
                "createdBy": null,
                "updatedOn": null,
                "updatedBy": null
            },
            {
                "divisionalOfficeId": 4,
                "agencyId": 1,
                "regionalOfficeId": 1,
                "circleOfficeId": 3,
                "divisionalOffice": "Meghna Div., Silchar",
                "address1": null,
                "address2": null,
                "address3": null,
                "city": null,
                "stateId": null,
                "pinCode": null,
                "phones": null,
                "fax": null,
                "email": null,
                "remarks": null,
                "path": null,
                "createdOn": null,
                "createdBy": null,
                "updatedOn": null,
                "updatedBy": null
            },
            {
                "divisionalOfficeId": 5,
                "agencyId": 1,
                "regionalOfficeId": 1,
                "circleOfficeId": 3,
                "divisionalOffice": "Meghna Invest. Div., Shillong",
                "address1": null,
                "address2": null,
                "address3": null,
                "city": null,
                "stateId": null,
                "pinCode": null,
                "phones": null,
                "fax": null,
                "email": null,
                "remarks": null,
                "path": null,
                "createdOn": null,
                "createdBy": null,
                "updatedOn": null,
                "updatedBy": null
            },
            {
                "divisionalOfficeId": 6,
                "agencyId": 1,
                "regionalOfficeId": 1,
                "circleOfficeId": 4,
                "divisionalOffice": "NEI Div. I, Silchar",
                "address1": null,
                "address2": null,
                "address3": null,
                "city": null,
                "stateId": null,
                "pinCode": null,
                "phones": null,
                "fax": null,
                "email": null,
                "remarks": null,
                "path": null,
                "createdOn": null,
                "createdBy": null,
                "updatedOn": null,
                "updatedBy": null
            },
            {
                "divisionalOfficeId": 7,
                "agencyId": 1,
                "regionalOfficeId": 1,
                "circleOfficeId": 4,
                "divisionalOffice": "NEI Div. II, Aizawl",
                "address1": null,
                "address2": null,
                "address3": null,
                "city": null,
                "stateId": null,
                "pinCode": null,
                "phones": null,
                "fax": null,
                "email": null,
                "remarks": null,
                "path": null,
                "createdOn": null,
                "createdBy": null,
                "updatedOn": null,
                "updatedBy": null
            },
            {
                "divisionalOfficeId": 8,
                "agencyId": 1,
                "regionalOfficeId": 1,
                "circleOfficeId": 4,
                "divisionalOffice": "NEI Div. III, Itanagar",
                "address1": null,
                "address2": null,
                "address3": null,
                "city": null,
                "stateId": null,
                "pinCode": null,
                "phones": null,
                "fax": null,
                "email": null,
                "remarks": null,
                "path": null,
                "createdOn": null,
                "createdBy": null,
                "updatedOn": null,
                "updatedBy": null
            },
            {
                "divisionalOfficeId": 9,
                "agencyId": 1,
                "regionalOfficeId": 2,
                "circleOfficeId": 5,
                "divisionalOffice": "Cauvery Division, Bangalore",
                "address1": null,
                "address2": null,
                "address3": null,
                "city": null,
                "stateId": null,
                "pinCode": null,
                "phones": null,
                "fax": null,
                "email": null,
                "remarks": null,
                "path": null,
                "createdOn": null,
                "createdBy": null,
                "updatedOn": null,
                "updatedBy": null
            },
            {
                "divisionalOfficeId": 10,
                "agencyId": 1,
                "regionalOfficeId": 2,
                "circleOfficeId": 5,
                "divisionalOffice": "Hydrology Division, Chennai",
                "address1": null,
                "address2": null,
                "address3": null,
                "city": null,
                "stateId": null,
                "pinCode": null,
                "phones": null,
                "fax": null,
                "email": null,
                "remarks": null,
                "path": null,
                "createdOn": null,
                "createdBy": null,
                "updatedOn": null,
                "updatedBy": null
            },
            {
                "divisionalOfficeId": 11,
                "agencyId": 1,
                "regionalOfficeId": 2,
                "circleOfficeId": 5,
                "divisionalOffice": "SR Division, Coimbatore",
                "address1": null,
                "address2": null,
                "address3": null,
                "city": null,
                "stateId": null,
                "pinCode": null,
                "phones": null,
                "fax": null,
                "email": null,
                "remarks": null,
                "path": null,
                "createdOn": null,
                "createdBy": null,
                "updatedOn": null,
                "updatedBy": null
            },
            {
                "divisionalOfficeId": 12,
                "agencyId": 1,
                "regionalOfficeId": 2,
                "circleOfficeId": 5,
                "divisionalOffice": "SWR Division, Cochin",
                "address1": null,
                "address2": null,
                "address3": null,
                "city": null,
                "stateId": null,
                "pinCode": null,
                "phones": null,
                "fax": null,
                "email": null,
                "remarks": null,
                "path": null,
                "createdOn": null,
                "createdBy": null,
                "updatedOn": null,
                "updatedBy": null
            },
            {
                "divisionalOfficeId": 24,
                "agencyId": 1,
                "regionalOfficeId": 4,
                "circleOfficeId": 8,
                "divisionalOffice": "Damodar Div., Asansol",
                "address1": null,
                "address2": null,
                "address3": null,
                "city": null,
                "stateId": null,
                "pinCode": null,
                "phones": null,
                "fax": null,
                "email": null,
                "remarks": null,
                "path": null,
                "createdOn": null,
                "createdBy": null,
                "updatedOn": null,
                "updatedBy": null
            },
            {
                "divisionalOfficeId": 25,
                "agencyId": 1,
                "regionalOfficeId": 4,
                "circleOfficeId": 8,
                "divisionalOffice": "Director (M & A), Asansol",
                "address1": null,
                "address2": null,
                "address3": null,
                "city": null,
                "stateId": null,
                "pinCode": null,
                "phones": null,
                "fax": null,
                "email": null,
                "remarks": null,
                "path": null,
                "createdOn": null,
                "createdBy": null,
                "updatedOn": null,
                "updatedBy": null
            },
            {
                "divisionalOfficeId": 26,
                "agencyId": 1,
                "regionalOfficeId": 4,
                "circleOfficeId": 8,
                "divisionalOffice": "L Ganga Div., Murshidabad",
                "address1": null,
                "address2": null,
                "address3": null,
                "city": null,
                "stateId": null,
                "pinCode": null,
                "phones": null,
                "fax": null,
                "email": null,
                "remarks": null,
                "path": null,
                "createdOn": null,
                "createdBy": null,
                "updatedOn": null,
                "updatedBy": null
            },
            {
                "divisionalOfficeId": 27,
                "agencyId": 1,
                "regionalOfficeId": 4,
                "circleOfficeId": 8,
                "divisionalOffice": "M Ganga Div. IV, Patna",
                "address1": null,
                "address2": null,
                "address3": null,
                "city": null,
                "stateId": null,
                "pinCode": null,
                "phones": null,
                "fax": null,
                "email": null,
                "remarks": null,
                "path": null,
                "createdOn": null,
                "createdBy": null,
                "updatedOn": null,
                "updatedBy": null
            },
            {
                "divisionalOfficeId": 31,
                "agencyId": 1,
                "regionalOfficeId": 4,
                "circleOfficeId": 15,
                "divisionalOffice": "M Ganga Div. I, Lucknow",
                "address1": null,
                "address2": null,
                "address3": null,
                "city": null,
                "stateId": null,
                "pinCode": null,
                "phones": null,
                "fax": null,
                "email": null,
                "remarks": null,
                "path": null,
                "createdOn": null,
                "createdBy": null,
                "updatedOn": null,
                "updatedBy": null
            },
            {
                "divisionalOfficeId": 32,
                "agencyId": 1,
                "regionalOfficeId": 4,
                "circleOfficeId": 15,
                "divisionalOffice": "M Ganga Div. III, Varanasi",
                "address1": null,
                "address2": null,
                "address3": null,
                "city": null,
                "stateId": null,
                "pinCode": null,
                "phones": null,
                "fax": null,
                "email": null,
                "remarks": null,
                "path": null,
                "createdOn": null,
                "createdBy": null,
                "updatedOn": null,
                "updatedBy": null
            },
            {
                "divisionalOfficeId": 33,
                "agencyId": 1,
                "regionalOfficeId": 4,
                "circleOfficeId": 9,
                "divisionalOffice": "M Ganga Div. V, Patna",
                "address1": null,
                "address2": null,
                "address3": null,
                "city": null,
                "stateId": null,
                "pinCode": null,
                "phones": null,
                "fax": null,
                "email": null,
                "remarks": null,
                "path": null,
                "createdOn": null,
                "createdBy": null,
                "updatedOn": null,
                "updatedBy": null
            },
            {
                "divisionalOfficeId": 34,
                "agencyId": 1,
                "regionalOfficeId": 5,
                "circleOfficeId": 10,
                "divisionalOffice": "E.E., Bhubaneswar",
                "address1": null,
                "address2": null,
                "address3": null,
                "city": null,
                "stateId": null,
                "pinCode": null,
                "phones": null,
                "fax": null,
                "email": null,
                "remarks": null,
                "path": null,
                "createdOn": null,
                "createdBy": null,
                "updatedOn": null,
                "updatedBy": null
            },
            {
                "divisionalOfficeId": 35,
                "agencyId": 1,
                "regionalOfficeId": 5,
                "circleOfficeId": 10,
                "divisionalOffice": "E.E., Burla",
                "address1": null,
                "address2": null,
                "address3": null,
                "city": null,
                "stateId": null,
                "pinCode": null,
                "phones": null,
                "fax": null,
                "email": null,
                "remarks": null,
                "path": null,
                "createdOn": null,
                "createdBy": null,
                "updatedOn": null,
                "updatedBy": null
            },
            {
                "divisionalOfficeId": 37,
                "agencyId": 1,
                "regionalOfficeId": 7,
                "circleOfficeId": 12,
                "divisionalOffice": "E.E., Ahmedabad",
                "address1": null,
                "address2": null,
                "address3": null,
                "city": null,
                "stateId": null,
                "pinCode": null,
                "phones": null,
                "fax": null,
                "email": null,
                "remarks": null,
                "path": null,
                "createdOn": null,
                "createdBy": null,
                "updatedOn": null,
                "updatedBy": null
            },
            {
                "divisionalOfficeId": 38,
                "agencyId": 1,
                "regionalOfficeId": 7,
                "circleOfficeId": 12,
                "divisionalOffice": "Surat",
                "address1": null,
                "address2": null,
                "address3": null,
                "city": null,
                "stateId": null,
                "pinCode": null,
                "phones": null,
                "fax": null,
                "email": null,
                "remarks": null,
                "path": null,
                "createdOn": null,
                "createdBy": null,
                "updatedOn": null,
                "updatedBy": null
            },
            {
                "divisionalOfficeId": 39,
                "agencyId": 1,
                "regionalOfficeId": 8,
                "circleOfficeId": 13,
                "divisionalOffice": "E.E., Bhopal",
                "address1": null,
                "address2": null,
                "address3": null,
                "city": null,
                "stateId": null,
                "pinCode": null,
                "phones": null,
                "fax": null,
                "email": null,
                "remarks": null,
                "path": null,
                "createdOn": null,
                "createdBy": null,
                "updatedOn": null,
                "updatedBy": null
            },
            {
                "divisionalOfficeId": 40,
                "agencyId": 1,
                "regionalOfficeId": 9,
                "circleOfficeId": 14,
                "divisionalOffice": "Himalayan Ganga Div., Dehradun",
                "address1": null,
                "address2": null,
                "address3": null,
                "city": null,
                "stateId": null,
                "pinCode": null,
                "phones": null,
                "fax": null,
                "email": null,
                "remarks": null,
                "path": null,
                "createdOn": null,
                "createdBy": null,
                "updatedOn": null,
                "updatedBy": null
            },
            {
                "divisionalOfficeId": 41,
                "agencyId": 1,
                "regionalOfficeId": 9,
                "circleOfficeId": 14,
                "divisionalOffice": "M Ganga Div. II, Lucknow",
                "address1": null,
                "address2": null,
                "address3": null,
                "city": null,
                "stateId": null,
                "pinCode": null,
                "phones": null,
                "fax": null,
                "email": null,
                "remarks": null,
                "path": null,
                "createdOn": null,
                "createdBy": null,
                "updatedOn": null,
                "updatedBy": null
            },
            {
                "divisionalOfficeId": 42,
                "agencyId": 1,
                "regionalOfficeId": 9,
                "circleOfficeId": 15,
                "divisionalOffice": "M Ganga Div. I, Lucknow",
                "address1": null,
                "address2": null,
                "address3": null,
                "city": null,
                "stateId": null,
                "pinCode": null,
                "phones": null,
                "fax": null,
                "email": null,
                "remarks": null,
                "path": null,
                "createdOn": null,
                "createdBy": null,
                "updatedOn": null,
                "updatedBy": null
            },
            {
                "divisionalOfficeId": 43,
                "agencyId": 1,
                "regionalOfficeId": 9,
                "circleOfficeId": 15,
                "divisionalOffice": "M Ganga Div. III, Varanasi",
                "address1": null,
                "address2": null,
                "address3": null,
                "city": null,
                "stateId": null,
                "pinCode": null,
                "phones": null,
                "fax": null,
                "email": null,
                "remarks": null,
                "path": null,
                "createdOn": null,
                "createdBy": null,
                "updatedOn": null,
                "updatedBy": null
            },
            {
                "divisionalOfficeId": 44,
                "agencyId": 1,
                "regionalOfficeId": 10,
                "circleOfficeId": 16,
                "divisionalOffice": "Chambal Div., Jaipur",
                "address1": null,
                "address2": null,
                "address3": null,
                "city": null,
                "stateId": null,
                "pinCode": null,
                "phones": null,
                "fax": null,
                "email": null,
                "remarks": null,
                "path": null,
                "createdOn": null,
                "createdBy": null,
                "updatedOn": null,
                "updatedBy": null
            },
            {
                "divisionalOfficeId": 45,
                "agencyId": 1,
                "regionalOfficeId": 10,
                "circleOfficeId": 16,
                "divisionalOffice": "L Yamuna Div., Agra",
                "address1": null,
                "address2": null,
                "address3": null,
                "city": null,
                "stateId": null,
                "pinCode": null,
                "phones": null,
                "fax": null,
                "email": null,
                "remarks": null,
                "path": null,
                "createdOn": null,
                "createdBy": null,
                "updatedOn": null,
                "updatedBy": null
            },
            {
                "divisionalOfficeId": 46,
                "agencyId": 1,
                "regionalOfficeId": 10,
                "circleOfficeId": 16,
                "divisionalOffice": "U Yamuna Div., New Delhi",
                "address1": null,
                "address2": null,
                "address3": null,
                "city": null,
                "stateId": null,
                "pinCode": null,
                "phones": null,
                "fax": null,
                "email": null,
                "remarks": null,
                "path": null,
                "createdOn": null,
                "createdBy": null,
                "updatedOn": null,
                "updatedBy": null
            },
            {
                "divisionalOfficeId": 13,
                "agencyId": 1,
                "regionalOfficeId": 3,
                "circleOfficeId": 6,
                "divisionalOffice": "Lower Godavari Div., Hyderabad",
                "address1": "Executive Engineer",
                "address2": "Lower Gpdavari Division, CWC",
                "address3": "11-4-648, A.C.Guards",
                "city": "Hyderabad",
                "stateId": 1,
                "pinCode": "500 004",
                "phones": "040 23308649",
                "fax": "040 23308651",
                "email": null,
                "remarks": null,
                "path": null,
                "createdOn": null,
                "createdBy": null,
                "updatedOn": null,
                "updatedBy": null
            },
            {
                "divisionalOfficeId": 14,
                "agencyId": 1,
                "regionalOfficeId": 3,
                "circleOfficeId": 6,
                "divisionalOffice": "Upper Godavari Div., Hyderabad",
                "address1": "Executive Engineer,",
                "address2": "Upper Godavari Division, CWC",
                "address3": "11-4-648, A.C.Guards",
                "city": "Hyderabad",
                "stateId": 1,
                "pinCode": "500 004",
                "phones": "040 23308648",
                "fax": "040 23308651",
                "email": null,
                "remarks": null,
                "path": null,
                "createdOn": null,
                "createdBy": null,
                "updatedOn": null,
                "updatedBy": null
            },
            {
                "divisionalOfficeId": 19,
                "agencyId": 1,
                "regionalOfficeId": 3,
                "circleOfficeId": 7,
                "divisionalOffice": "Lower Krishna Divn., Hyderabad",
                "address1": "Executive engineer,",
                "address2": "Lower Krishna Division, CWC,",
                "address3": "11-4-648, A.C.Guards,",
                "city": "Hyderabad",
                "stateId": 1,
                "pinCode": "500 004",
                "phones": "040 23308647",
                "fax": "040 23308650",
                "email": null,
                "remarks": null,
                "path": null,
                "createdOn": null,
                "createdBy": null,
                "updatedOn": null,
                "updatedBy": null
            },
            {
                "divisionalOfficeId": 20,
                "agencyId": 1,
                "regionalOfficeId": 3,
                "circleOfficeId": 7,
                "divisionalOffice": "Upper Krishna Divn, Pune",
                "address1": "Executive Engineer,",
                "address2": "Upper Krishna division, CWC,",
                "address3": "NWA Complex, Sinhabad Road,",
                "city": "Khadakwasla, Pune",
                "stateId": 13,
                "pinCode": "411 024",
                "phones": "020 24380073",
                "fax": null,
                "email": null,
                "remarks": null,
                "path": null,
                "createdOn": null,
                "createdBy": null,
                "updatedOn": null,
                "updatedBy": null
            },
            {
                "divisionalOfficeId": 36,
                "agencyId": 1,
                "regionalOfficeId": 6,
                "circleOfficeId": 11,
                "divisionalOffice": "Wainganga Div., Nagpur",
                "address1": "Executive Engineer",
                "address2": "Wainganga Division, CWC,",
                "address3": "CGO complex, Block 'C' II floor",
                "city": "Seminary Hills, Nagpur",
                "stateId": 13,
                "pinCode": "440 006",
                "phones": "0712 2510156",
                "fax": null,
                "email": null,
                "remarks": null,
                "path": null,
                "createdOn": null,
                "createdBy": null,
                "updatedOn": null,
                "updatedBy": null
            },
            {
                "divisionalOfficeId": 15,
                "agencyId": 1,
                "regionalOfficeId": 3,
                "circleOfficeId": 10001,
                "divisionalOffice": "Lower K Div., Hyderabad",
                "address1": null,
                "address2": null,
                "address3": null,
                "city": null,
                "stateId": null,
                "pinCode": null,
                "phones": null,
                "fax": null,
                "email": null,
                "remarks": null,
                "path": null,
                "createdOn": null,
                "createdBy": null,
                "updatedOn": null,
                "updatedBy": null
            },
            {
                "divisionalOfficeId": 16,
                "agencyId": 1,
                "regionalOfficeId": 3,
                "circleOfficeId": 10001,
                "divisionalOffice": "Lower Krishna Div., Hyderabad",
                "address1": null,
                "address2": null,
                "address3": null,
                "city": null,
                "stateId": null,
                "pinCode": null,
                "phones": null,
                "fax": null,
                "email": null,
                "remarks": null,
                "path": null,
                "createdOn": null,
                "createdBy": null,
                "updatedOn": null,
                "updatedBy": null
            },
            {
                "divisionalOfficeId": 17,
                "agencyId": 1,
                "regionalOfficeId": 3,
                "circleOfficeId": 10001,
                "divisionalOffice": "U Krishna Div., Pune",
                "address1": null,
                "address2": null,
                "address3": null,
                "city": null,
                "stateId": null,
                "pinCode": null,
                "phones": null,
                "fax": null,
                "email": null,
                "remarks": null,
                "path": null,
                "createdOn": null,
                "createdBy": null,
                "updatedOn": null,
                "updatedBy": null
            },
            {
                "divisionalOfficeId": 18,
                "agencyId": 1,
                "regionalOfficeId": 3,
                "circleOfficeId": 10001,
                "divisionalOffice": "Upper Krishna Div., Pune",
                "address1": null,
                "address2": null,
                "address3": null,
                "city": null,
                "stateId": null,
                "pinCode": null,
                "phones": null,
                "fax": null,
                "email": null,
                "remarks": null,
                "path": null,
                "createdOn": null,
                "createdBy": null,
                "updatedOn": null,
                "updatedBy": null
            },
            {
                "divisionalOfficeId": 21,
                "agencyId": 1,
                "regionalOfficeId": 4,
                "circleOfficeId": 10001,
                "divisionalOffice": "L Ganga Div., Berhampur",
                "address1": null,
                "address2": null,
                "address3": null,
                "city": null,
                "stateId": null,
                "pinCode": null,
                "phones": null,
                "fax": null,
                "email": null,
                "remarks": null,
                "path": null,
                "createdOn": null,
                "createdBy": null,
                "updatedOn": null,
                "updatedBy": null
            },
            {
                "divisionalOfficeId": 22,
                "agencyId": 1,
                "regionalOfficeId": 4,
                "circleOfficeId": 10001,
                "divisionalOffice": "M Ganga Div. IV, Patna",
                "address1": null,
                "address2": null,
                "address3": null,
                "city": null,
                "stateId": null,
                "pinCode": null,
                "phones": null,
                "fax": null,
                "email": null,
                "remarks": null,
                "path": null,
                "createdOn": null,
                "createdBy": null,
                "updatedOn": null,
                "updatedBy": null
            },
            {
                "divisionalOfficeId": 23,
                "agencyId": 1,
                "regionalOfficeId": 4,
                "circleOfficeId": 10001,
                "divisionalOffice": "M Ganga Div. V, Patna",
                "address1": null,
                "address2": null,
                "address3": null,
                "city": null,
                "stateId": null,
                "pinCode": null,
                "phones": null,
                "fax": null,
                "email": null,
                "remarks": null,
                "path": null,
                "createdOn": null,
                "createdBy": null,
                "updatedOn": null,
                "updatedBy": null
            },
            {
                "divisionalOfficeId": 28,
                "agencyId": 1,
                "regionalOfficeId": 4,
                "circleOfficeId": 10001,
                "divisionalOffice": "L Ganga Div., Berhampur",
                "address1": null,
                "address2": null,
                "address3": null,
                "city": null,
                "stateId": null,
                "pinCode": null,
                "phones": null,
                "fax": null,
                "email": null,
                "remarks": null,
                "path": null,
                "createdOn": null,
                "createdBy": null,
                "updatedOn": null,
                "updatedBy": null
            },
            {
                "divisionalOfficeId": 29,
                "agencyId": 1,
                "regionalOfficeId": 4,
                "circleOfficeId": 10001,
                "divisionalOffice": "M Ganga Div. IV, Patna",
                "address1": null,
                "address2": null,
                "address3": null,
                "city": null,
                "stateId": null,
                "pinCode": null,
                "phones": null,
                "fax": null,
                "email": null,
                "remarks": null,
                "path": null,
                "createdOn": null,
                "createdBy": null,
                "updatedOn": null,
                "updatedBy": null
            },
            {
                "divisionalOfficeId": 30,
                "agencyId": 1,
                "regionalOfficeId": 4,
                "circleOfficeId": 10001,
                "divisionalOffice": "M Ganga Div. V, Patna",
                "address1": null,
                "address2": null,
                "address3": null,
                "city": null,
                "stateId": null,
                "pinCode": null,
                "phones": null,
                "fax": null,
                "email": null,
                "remarks": null,
                "path": null,
                "createdOn": null,
                "createdBy": null,
                "updatedOn": null,
                "updatedBy": null
            },
            {
                "divisionalOfficeId": 52,
                "agencyId": 3,
                "regionalOfficeId": 12,
                "circleOfficeId": 18,
                "divisionalOffice": "Gauging Div. No. 1, Hassan",
                "address1": null,
                "address2": null,
                "address3": null,
                "city": null,
                "stateId": null,
                "pinCode": null,
                "phones": null,
                "fax": null,
                "email": null,
                "remarks": null,
                "path": null,
                "createdOn": null,
                "createdBy": null,
                "updatedOn": null,
                "updatedBy": null
            },
            {
                "divisionalOfficeId": 53,
                "agencyId": 3,
                "regionalOfficeId": 12,
                "circleOfficeId": 18,
                "divisionalOffice": "I.I. Div. No. 1, Mysore",
                "address1": null,
                "address2": null,
                "address3": null,
                "city": null,
                "stateId": null,
                "pinCode": null,
                "phones": null,
                "fax": null,
                "email": null,
                "remarks": null,
                "path": null,
                "createdOn": null,
                "createdBy": null,
                "updatedOn": null,
                "updatedBy": null
            },
            {
                "divisionalOfficeId": 54,
                "agencyId": 3,
                "regionalOfficeId": 12,
                "circleOfficeId": 19,
                "divisionalOffice": "Gauging Div. No. 2, Bagalkot",
                "address1": null,
                "address2": null,
                "address3": null,
                "city": null,
                "stateId": null,
                "pinCode": null,
                "phones": null,
                "fax": null,
                "email": null,
                "remarks": null,
                "path": null,
                "createdOn": null,
                "createdBy": null,
                "updatedOn": null,
                "updatedBy": null
            },
            {
                "divisionalOfficeId": 55,
                "agencyId": 3,
                "regionalOfficeId": 12,
                "circleOfficeId": 19,
                "divisionalOffice": "I.I. Div. No. 4, Dharwad",
                "address1": null,
                "address2": null,
                "address3": null,
                "city": null,
                "stateId": null,
                "pinCode": null,
                "phones": null,
                "fax": null,
                "email": null,
                "remarks": null,
                "path": null,
                "createdOn": null,
                "createdBy": null,
                "updatedOn": null,
                "updatedBy": null
            },
            {
                "divisionalOfficeId": 50,
                "agencyId": 3,
                "regionalOfficeId": 11,
                "circleOfficeId": 21,
                "divisionalOffice": "Test",
                "address1": null,
                "address2": null,
                "address3": null,
                "city": null,
                "stateId": null,
                "pinCode": null,
                "phones": null,
                "fax": null,
                "email": null,
                "remarks": null,
                "path": null,
                "createdOn": "2024-05-08T13:14:46.234+00:00",
                "createdBy": 0,
                "updatedOn": null,
                "updatedBy": null
            },
            {
                "divisionalOfficeId": 58,
                "agencyId": 3,
                "regionalOfficeId": 14,
                "circleOfficeId": 26,
                "divisionalOffice": "Microware Divisional Office2",
                "address1": null,
                "address2": null,
                "address3": null,
                "city": null,
                "stateId": null,
                "pinCode": null,
                "phones": null,
                "fax": null,
                "email": null,
                "remarks": null,
                "path": null,
                "createdOn": "2024-05-23T16:46:32.721+00:00",
                "createdBy": 0,
                "updatedOn": null,
                "updatedBy": null
            },
            {
                "divisionalOfficeId": 61,
                "agencyId": 3,
                "regionalOfficeId": 12,
                "circleOfficeId": 18,
                "divisionalOffice": "       ",
                "address1": null,
                "address2": null,
                "address3": null,
                "city": null,
                "stateId": null,
                "pinCode": null,
                "phones": null,
                "fax": null,
                "email": null,
                "remarks": null,
                "path": null,
                "createdOn": "2024-05-28T10:44:41.830+00:00",
                "createdBy": 0,
                "updatedOn": null,
                "updatedBy": null
            },
            {
                "divisionalOfficeId": 62,
                "agencyId": 1,
                "regionalOfficeId": 1,
                "circleOfficeId": 31,
                "divisionalOffice": "RCM",
                "address1": "Raipurkundali",
                "address2": "Test12",
                "address3": "Test4",
                "city": "UdayPur",
                "stateId": 20,
                "pinCode": "110043",
                "phones": "9977654320",
                "fax": "FAx90",
                "email": "kamran@gmail.com",
                "remarks": "kamran Testing",
                "path": "Test22",
                "createdOn": "2024-02-27T06:30:23.850+00:00",
                "createdBy": 0,
                "updatedOn": "2024-02-27T06:30:23.850+00:00",
                "updatedBy": 0
            },
            {
                "divisionalOfficeId": 63,
                "agencyId": 13,
                "regionalOfficeId": 18,
                "circleOfficeId": 28,
                "divisionalOffice": "TestD",
                "address1": "Test",
                "address2": "Test",
                "address3": "Test",
                "city": "Karna",
                "stateId": 10,
                "pinCode": "111111",
                "phones": "9999999999",
                "fax": "9999999999",
                "email": "Test@gmail.com",
                "remarks": "Check",
                "path": null,
                "createdOn": "2024-06-10T11:48:53.316+00:00",
                "createdBy": 0,
                "updatedOn": null,
                "updatedBy": null
            },
            {
                "divisionalOfficeId": 64,
                "agencyId": 26,
                "regionalOfficeId": 23,
                "circleOfficeId": 30,
                "divisionalOffice": "TestBabitaDivisional ",
                "address1": "delhi",
                "address2": "delhi",
                "address3": "delhi",
                "city": "delhi",
                "stateId": 10,
                "pinCode": "delhi2",
                "phones": "9632574412",
                "fax": "1111111111",
                "email": "babita@gmail.com",
                "remarks": "test",
                "path": null,
                "createdOn": "2024-06-15T11:55:50.385+00:00",
                "createdBy": 0,
                "updatedOn": null,
                "updatedBy": null
            },
            {
                "divisionalOfficeId": 48,
                "agencyId": 3,
                "regionalOfficeId": 11,
                "circleOfficeId": 21,
                "divisionalOffice": "Test1",
                "address1": null,
                "address2": null,
                "address3": null,
                "city": null,
                "stateId": null,
                "pinCode": null,
                "phones": null,
                "fax": null,
                "email": null,
                "remarks": null,
                "path": null,
                "createdOn": "2024-05-06T09:41:32.606+00:00",
                "createdBy": 0,
                "updatedOn": null,
                "updatedBy": null
            },
            {
                "divisionalOfficeId": 49,
                "agencyId": 3,
                "regionalOfficeId": 11,
                "circleOfficeId": 22,
                "divisionalOffice": "testdiv",
                "address1": null,
                "address2": null,
                "address3": null,
                "city": null,
                "stateId": null,
                "pinCode": null,
                "phones": null,
                "fax": null,
                "email": null,
                "remarks": null,
                "path": null,
                "createdOn": "2024-05-06T10:05:04.149+00:00",
                "createdBy": 0,
                "updatedOn": null,
                "updatedBy": null
            },
            {
                "divisionalOfficeId": 59,
                "agencyId": 3,
                "regionalOfficeId": 14,
                "circleOfficeId": 26,
                "divisionalOffice": "Micro Testing@",
                "address1": null,
                "address2": null,
                "address3": null,
                "city": null,
                "stateId": null,
                "pinCode": null,
                "phones": null,
                "fax": null,
                "email": null,
                "remarks": null,
                "path": null,
                "createdOn": "2024-05-23T16:46:56.321+00:00",
                "createdBy": 0,
                "updatedOn": null,
                "updatedBy": null
            },
            {
                "divisionalOfficeId": 57,
                "agencyId": 3,
                "regionalOfficeId": 14,
                "circleOfficeId": 27,
                "divisionalOffice": "Microware Divisional Office2",
                "address1": null,
                "address2": null,
                "address3": null,
                "city": null,
                "stateId": null,
                "pinCode": null,
                "phones": null,
                "fax": null,
                "email": null,
                "remarks": null,
                "path": null,
                "createdOn": "2024-05-23T16:01:06.363+00:00",
                "createdBy": 0,
                "updatedOn": "2024-05-23T16:42:31.199+00:00",
                "updatedBy": 0
            },
            {
                "divisionalOfficeId": 60,
                "agencyId": 3,
                "regionalOfficeId": 15,
                "circleOfficeId": 24,
                "divisionalOffice": "Microware Divisional Office1",
                "address1": null,
                "address2": null,
                "address3": null,
                "city": null,
                "stateId": null,
                "pinCode": null,
                "phones": null,
                "fax": null,
                "email": null,
                "remarks": null,
                "path": null,
                "createdOn": "2024-05-23T17:01:27.926+00:00",
                "createdBy": 0,
                "updatedOn": "2024-06-14T18:41:05.410+00:00",
                "updatedBy": 0
            },
            {
                "divisionalOfficeId": 51,
                "agencyId": 3,
                "regionalOfficeId": 14,
                "circleOfficeId": 25,
                "divisionalOffice": "QA Divisional Office@",
                "address1": null,
                "address2": null,
                "address3": null,
                "city": null,
                "stateId": null,
                "pinCode": null,
                "phones": null,
                "fax": null,
                "email": null,
                "remarks": null,
                "path": null,
                "createdOn": "2024-05-23T15:44:18.806+00:00",
                "createdBy": 0,
                "updatedOn": "2024-05-23T15:55:22.486+00:00",
                "updatedBy": 0
            },
            {
                "divisionalOfficeId": 56,
                "agencyId": 3,
                "regionalOfficeId": 14,
                "circleOfficeId": 26,
                "divisionalOffice": "Testing Divisional Office",
                "address1": null,
                "address2": null,
                "address3": null,
                "city": null,
                "stateId": null,
                "pinCode": null,
                "phones": null,
                "fax": null,
                "email": null,
                "remarks": null,
                "path": null,
                "createdOn": "2024-05-23T15:48:51.886+00:00",
                "createdBy": 0,
                "updatedOn": "2024-05-23T16:40:54.252+00:00",
                "updatedBy": 0
            }
        ],
        "masterAgency4Sdo": [
            {
                "subDivisionalOfficeId": 42,
                "agencyId": 1,
                "regionalOfficeId": 3,
                "circleOfficeId": 6,
                "divisionalOfficeId": 10001,
                "subDivisionalOffice": "L G SD No 1, Bhardrachalam",
                "address1": null,
                "address2": null,
                "address3": null,
                "city": null,
                "stateId": null,
                "pinCode": null,
                "phones": null,
                "fax": null,
                "email": null,
                "remarks": null,
                "path": null,
                "createdOn": null,
                "createdBy": null,
                "updatedOn": null,
                "updatedBy": null
            },
            {
                "subDivisionalOfficeId": 43,
                "agencyId": 1,
                "regionalOfficeId": 3,
                "circleOfficeId": 6,
                "divisionalOfficeId": 10001,
                "subDivisionalOffice": "L G SD No 2, Rajamundri",
                "address1": null,
                "address2": null,
                "address3": null,
                "city": null,
                "stateId": null,
                "pinCode": null,
                "phones": null,
                "fax": null,
                "email": null,
                "remarks": null,
                "path": null,
                "createdOn": null,
                "createdBy": null,
                "updatedOn": null,
                "updatedBy": null
            },
            {
                "subDivisionalOfficeId": 49,
                "agencyId": 1,
                "regionalOfficeId": 3,
                "circleOfficeId": 6,
                "divisionalOfficeId": 10001,
                "subDivisionalOffice": "Manjira SD, Nizamabad",
                "address1": null,
                "address2": null,
                "address3": null,
                "city": null,
                "stateId": null,
                "pinCode": null,
                "phones": null,
                "fax": null,
                "email": null,
                "remarks": null,
                "path": null,
                "createdOn": null,
                "createdBy": null,
                "updatedOn": null,
                "updatedBy": null
            },
            {
                "subDivisionalOfficeId": 50,
                "agencyId": 1,
                "regionalOfficeId": 3,
                "circleOfficeId": 6,
                "divisionalOfficeId": 10001,
                "subDivisionalOffice": "Purna SD, Nanded",
                "address1": null,
                "address2": null,
                "address3": null,
                "city": null,
                "stateId": null,
                "pinCode": null,
                "phones": null,
                "fax": null,
                "email": null,
                "remarks": null,
                "path": null,
                "createdOn": null,
                "createdBy": null,
                "updatedOn": null,
                "updatedBy": null
            },
            {
                "subDivisionalOfficeId": 51,
                "agencyId": 1,
                "regionalOfficeId": 3,
                "circleOfficeId": 6,
                "divisionalOfficeId": 10001,
                "subDivisionalOffice": "U Godavari SD, Aurangabad",
                "address1": null,
                "address2": null,
                "address3": null,
                "city": null,
                "stateId": null,
                "pinCode": null,
                "phones": null,
                "fax": null,
                "email": null,
                "remarks": null,
                "path": null,
                "createdOn": null,
                "createdBy": null,
                "updatedOn": null,
                "updatedBy": null
            },
            {
                "subDivisionalOfficeId": 4,
                "agencyId": 1,
                "regionalOfficeId": 1,
                "circleOfficeId": 1,
                "divisionalOfficeId": 1,
                "subDivisionalOffice": "U Teesta  U Mahananda,Siliguri",
                "address1": null,
                "address2": null,
                "address3": null,
                "city": null,
                "stateId": null,
                "pinCode": null,
                "phones": null,
                "fax": null,
                "email": null,
                "remarks": null,
                "path": null,
                "createdOn": null,
                "createdBy": null,
                "updatedOn": null,
                "updatedBy": null
            },
            {
                "subDivisionalOfficeId": 3,
                "agencyId": 1,
                "regionalOfficeId": 1,
                "circleOfficeId": 1,
                "divisionalOfficeId": 1,
                "subDivisionalOffice": "Torsa-Raidak-Sankos,Coochbehar",
                "address1": null,
                "address2": null,
                "address3": null,
                "city": null,
                "stateId": null,
                "pinCode": null,
                "phones": null,
                "fax": null,
                "email": null,
                "remarks": null,
                "path": null,
                "createdOn": null,
                "createdBy": null,
                "updatedOn": null,
                "updatedBy": null
            },
            {
                "subDivisionalOfficeId": 2,
                "agencyId": 1,
                "regionalOfficeId": 1,
                "circleOfficeId": 1,
                "divisionalOfficeId": 1,
                "subDivisionalOffice": "Manas SD, North Athiabari",
                "address1": null,
                "address2": null,
                "address3": null,
                "city": null,
                "stateId": null,
                "pinCode": null,
                "phones": null,
                "fax": null,
                "email": null,
                "remarks": null,
                "path": null,
                "createdOn": null,
                "createdBy": null,
                "updatedOn": null,
                "updatedBy": null
            },
            {
                "subDivisionalOfficeId": 1,
                "agencyId": 1,
                "regionalOfficeId": 1,
                "circleOfficeId": 1,
                "divisionalOfficeId": 1,
                "subDivisionalOffice": "Jaldhaka L Teesta, Jalpaiguri",
                "address1": null,
                "address2": null,
                "address3": null,
                "city": null,
                "stateId": null,
                "pinCode": null,
                "phones": null,
                "fax": null,
                "email": null,
                "remarks": null,
                "path": null,
                "createdOn": null,
                "createdBy": null,
                "updatedOn": null,
                "updatedBy": null
            },
            {
                "subDivisionalOfficeId": 8,
                "agencyId": 1,
                "regionalOfficeId": 1,
                "circleOfficeId": 1,
                "divisionalOfficeId": 2,
                "subDivisionalOffice": "Puthimari-Pagladiya SD,Nalbari",
                "address1": null,
                "address2": null,
                "address3": null,
                "city": null,
                "stateId": null,
                "pinCode": null,
                "phones": null,
                "fax": null,
                "email": null,
                "remarks": null,
                "path": null,
                "createdOn": null,
                "createdBy": null,
                "updatedOn": null,
                "updatedBy": null
            },
            {
                "subDivisionalOfficeId": 7,
                "agencyId": 1,
                "regionalOfficeId": 1,
                "circleOfficeId": 1,
                "divisionalOfficeId": 2,
                "subDivisionalOffice": "Mechanical SD, Guwahati",
                "address1": null,
                "address2": null,
                "address3": null,
                "city": null,
                "stateId": null,
                "pinCode": null,
                "phones": null,
                "fax": null,
                "email": null,
                "remarks": null,
                "path": null,
                "createdOn": null,
                "createdBy": null,
                "updatedOn": null,
                "updatedBy": null
            },
            {
                "subDivisionalOfficeId": 6,
                "agencyId": 1,
                "regionalOfficeId": 1,
                "circleOfficeId": 1,
                "divisionalOfficeId": 2,
                "subDivisionalOffice": "M Brahmaputra SD,Guwahati",
                "address1": null,
                "address2": null,
                "address3": null,
                "city": null,
                "stateId": null,
                "pinCode": null,
                "phones": null,
                "fax": null,
                "email": null,
                "remarks": null,
                "path": null,
                "createdOn": null,
                "createdBy": null,
                "updatedOn": null,
                "updatedBy": null
            },
            {
                "subDivisionalOfficeId": 5,
                "agencyId": 1,
                "regionalOfficeId": 1,
                "circleOfficeId": 1,
                "divisionalOfficeId": 2,
                "subDivisionalOffice": "Barak SD, Silchar",
                "address1": null,
                "address2": null,
                "address3": null,
                "city": null,
                "stateId": null,
                "pinCode": null,
                "phones": null,
                "fax": null,
                "email": null,
                "remarks": null,
                "path": null,
                "createdOn": null,
                "createdBy": null,
                "updatedOn": null,
                "updatedBy": null
            },
            {
                "subDivisionalOfficeId": 12,
                "agencyId": 1,
                "regionalOfficeId": 1,
                "circleOfficeId": 1,
                "divisionalOfficeId": 3,
                "subDivisionalOffice": "U Brahmaputra SD II, Jorhat",
                "address1": null,
                "address2": null,
                "address3": null,
                "city": null,
                "stateId": null,
                "pinCode": null,
                "phones": null,
                "fax": null,
                "email": null,
                "remarks": null,
                "path": null,
                "createdOn": null,
                "createdBy": null,
                "updatedOn": null,
                "updatedBy": null
            },
            {
                "subDivisionalOfficeId": 11,
                "agencyId": 1,
                "regionalOfficeId": 1,
                "circleOfficeId": 1,
                "divisionalOfficeId": 3,
                "subDivisionalOffice": "U Brahmaputra SD I, Dibrugarh",
                "address1": null,
                "address2": null,
                "address3": null,
                "city": null,
                "stateId": null,
                "pinCode": null,
                "phones": null,
                "fax": null,
                "email": null,
                "remarks": null,
                "path": null,
                "createdOn": null,
                "createdBy": null,
                "updatedOn": null,
                "updatedBy": null
            },
            {
                "subDivisionalOfficeId": 10,
                "agencyId": 1,
                "regionalOfficeId": 1,
                "circleOfficeId": 1,
                "divisionalOfficeId": 3,
                "subDivisionalOffice": "Subansiri SD, Itanagar",
                "address1": null,
                "address2": null,
                "address3": null,
                "city": null,
                "stateId": null,
                "pinCode": null,
                "phones": null,
                "fax": null,
                "email": null,
                "remarks": null,
                "path": null,
                "createdOn": null,
                "createdBy": null,
                "updatedOn": null,
                "updatedBy": null
            },
            {
                "subDivisionalOfficeId": 9,
                "agencyId": 1,
                "regionalOfficeId": 1,
                "circleOfficeId": 1,
                "divisionalOfficeId": 3,
                "subDivisionalOffice": "Dhansiri(S)-Kopili, Nowgaon",
                "address1": null,
                "address2": null,
                "address3": null,
                "city": null,
                "stateId": null,
                "pinCode": null,
                "phones": null,
                "fax": null,
                "email": null,
                "remarks": null,
                "path": null,
                "createdOn": null,
                "createdBy": null,
                "updatedOn": null,
                "updatedBy": null
            },
            {
                "subDivisionalOfficeId": 16,
                "agencyId": 1,
                "regionalOfficeId": 1,
                "circleOfficeId": 3,
                "divisionalOfficeId": 4,
                "subDivisionalOffice": "Nyucharang Inv. SD, Tawang",
                "address1": null,
                "address2": null,
                "address3": null,
                "city": null,
                "stateId": null,
                "pinCode": null,
                "phones": null,
                "fax": null,
                "email": null,
                "remarks": null,
                "path": null,
                "createdOn": null,
                "createdBy": null,
                "updatedOn": null,
                "updatedBy": null
            },
            {
                "subDivisionalOfficeId": 15,
                "agencyId": 1,
                "regionalOfficeId": 1,
                "circleOfficeId": 3,
                "divisionalOfficeId": 4,
                "subDivisionalOffice": "Meghna SD III, Silichar",
                "address1": null,
                "address2": null,
                "address3": null,
                "city": null,
                "stateId": null,
                "pinCode": null,
                "phones": null,
                "fax": null,
                "email": null,
                "remarks": null,
                "path": null,
                "createdOn": null,
                "createdBy": null,
                "updatedOn": null,
                "updatedBy": null
            },
            {
                "subDivisionalOfficeId": 14,
                "agencyId": 1,
                "regionalOfficeId": 1,
                "circleOfficeId": 3,
                "divisionalOfficeId": 4,
                "subDivisionalOffice": "Meghna SD II, Dharmanagar",
                "address1": null,
                "address2": null,
                "address3": null,
                "city": null,
                "stateId": null,
                "pinCode": null,
                "phones": null,
                "fax": null,
                "email": null,
                "remarks": null,
                "path": null,
                "createdOn": null,
                "createdBy": null,
                "updatedOn": null,
                "updatedBy": null
            },
            {
                "subDivisionalOfficeId": 13,
                "agencyId": 1,
                "regionalOfficeId": 1,
                "circleOfficeId": 3,
                "divisionalOfficeId": 4,
                "subDivisionalOffice": "Meghna SD I, Agartala",
                "address1": null,
                "address2": null,
                "address3": null,
                "city": null,
                "stateId": null,
                "pinCode": null,
                "phones": null,
                "fax": null,
                "email": null,
                "remarks": null,
                "path": null,
                "createdOn": null,
                "createdBy": null,
                "updatedOn": null,
                "updatedBy": null
            },
            {
                "subDivisionalOfficeId": 19,
                "agencyId": 1,
                "regionalOfficeId": 1,
                "circleOfficeId": 3,
                "divisionalOfficeId": 5,
                "subDivisionalOffice": "Megna Inv. SD III, Silchar",
                "address1": null,
                "address2": null,
                "address3": null,
                "city": null,
                "stateId": null,
                "pinCode": null,
                "phones": null,
                "fax": null,
                "email": null,
                "remarks": null,
                "path": null,
                "createdOn": null,
                "createdBy": null,
                "updatedOn": null,
                "updatedBy": null
            },
            {
                "subDivisionalOfficeId": 18,
                "agencyId": 1,
                "regionalOfficeId": 1,
                "circleOfficeId": 3,
                "divisionalOfficeId": 5,
                "subDivisionalOffice": "Megna Inv. SD II, Silchar",
                "address1": null,
                "address2": null,
                "address3": null,
                "city": null,
                "stateId": null,
                "pinCode": null,
                "phones": null,
                "fax": null,
                "email": null,
                "remarks": null,
                "path": null,
                "createdOn": null,
                "createdBy": null,
                "updatedOn": null,
                "updatedBy": null
            },
            {
                "subDivisionalOfficeId": 17,
                "agencyId": 1,
                "regionalOfficeId": 1,
                "circleOfficeId": 3,
                "divisionalOfficeId": 5,
                "subDivisionalOffice": "Megna Inv. SD I, Shillong",
                "address1": null,
                "address2": null,
                "address3": null,
                "city": null,
                "stateId": null,
                "pinCode": null,
                "phones": null,
                "fax": null,
                "email": null,
                "remarks": null,
                "path": null,
                "createdOn": null,
                "createdBy": null,
                "updatedOn": null,
                "updatedBy": null
            },
            {
                "subDivisionalOfficeId": 23,
                "agencyId": 1,
                "regionalOfficeId": 1,
                "circleOfficeId": 4,
                "divisionalOfficeId": 6,
                "subDivisionalOffice": "NEI SD V, Kasasib",
                "address1": null,
                "address2": null,
                "address3": null,
                "city": null,
                "stateId": null,
                "pinCode": null,
                "phones": null,
                "fax": null,
                "email": null,
                "remarks": null,
                "path": null,
                "createdOn": null,
                "createdBy": null,
                "updatedOn": null,
                "updatedBy": null
            },
            {
                "subDivisionalOfficeId": 22,
                "agencyId": 1,
                "regionalOfficeId": 1,
                "circleOfficeId": 4,
                "divisionalOfficeId": 6,
                "subDivisionalOffice": "NEI SD II, Guwahati",
                "address1": null,
                "address2": null,
                "address3": null,
                "city": null,
                "stateId": null,
                "pinCode": null,
                "phones": null,
                "fax": null,
                "email": null,
                "remarks": null,
                "path": null,
                "createdOn": null,
                "createdBy": null,
                "updatedOn": null,
                "updatedBy": null
            },
            {
                "subDivisionalOfficeId": 21,
                "agencyId": 1,
                "regionalOfficeId": 1,
                "circleOfficeId": 4,
                "divisionalOfficeId": 6,
                "subDivisionalOffice": "NEI SD I, Phaileng",
                "address1": null,
                "address2": null,
                "address3": null,
                "city": null,
                "stateId": null,
                "pinCode": null,
                "phones": null,
                "fax": null,
                "email": null,
                "remarks": null,
                "path": null,
                "createdOn": null,
                "createdBy": null,
                "updatedOn": null,
                "updatedBy": null
            },
            {
                "subDivisionalOfficeId": 20,
                "agencyId": 1,
                "regionalOfficeId": 1,
                "circleOfficeId": 4,
                "divisionalOfficeId": 6,
                "subDivisionalOffice": "c",
                "address1": null,
                "address2": null,
                "address3": null,
                "city": null,
                "stateId": null,
                "pinCode": null,
                "phones": null,
                "fax": null,
                "email": null,
                "remarks": null,
                "path": null,
                "createdOn": null,
                "createdBy": null,
                "updatedOn": null,
                "updatedBy": null
            },
            {
                "subDivisionalOfficeId": 25,
                "agencyId": 1,
                "regionalOfficeId": 1,
                "circleOfficeId": 4,
                "divisionalOfficeId": 7,
                "subDivisionalOffice": "NEI SD III, Zembawk",
                "address1": null,
                "address2": null,
                "address3": null,
                "city": null,
                "stateId": null,
                "pinCode": null,
                "phones": null,
                "fax": null,
                "email": null,
                "remarks": null,
                "path": null,
                "createdOn": null,
                "createdBy": null,
                "updatedOn": null,
                "updatedBy": null
            },
            {
                "subDivisionalOfficeId": 24,
                "agencyId": 1,
                "regionalOfficeId": 1,
                "circleOfficeId": 4,
                "divisionalOfficeId": 7,
                "subDivisionalOffice": "Mat. Valley Inv. SD I, Mizoram",
                "address1": null,
                "address2": null,
                "address3": null,
                "city": null,
                "stateId": null,
                "pinCode": null,
                "phones": null,
                "fax": null,
                "email": null,
                "remarks": null,
                "path": null,
                "createdOn": null,
                "createdBy": null,
                "updatedOn": null,
                "updatedBy": null
            },
            {
                "subDivisionalOfficeId": 28,
                "agencyId": 1,
                "regionalOfficeId": 1,
                "circleOfficeId": 4,
                "divisionalOfficeId": 8,
                "subDivisionalOffice": "Sankosh Inv. SD I, Jalpaiguri",
                "address1": null,
                "address2": null,
                "address3": null,
                "city": null,
                "stateId": null,
                "pinCode": null,
                "phones": null,
                "fax": null,
                "email": null,
                "remarks": null,
                "path": null,
                "createdOn": null,
                "createdBy": null,
                "updatedOn": null,
                "updatedBy": null
            },
            {
                "subDivisionalOfficeId": 27,
                "agencyId": 1,
                "regionalOfficeId": 1,
                "circleOfficeId": 4,
                "divisionalOfficeId": 8,
                "subDivisionalOffice": "Manas-Sankos-Teesta,Jalpaiguri",
                "address1": null,
                "address2": null,
                "address3": null,
                "city": null,
                "stateId": null,
                "pinCode": null,
                "phones": null,
                "fax": null,
                "email": null,
                "remarks": null,
                "path": null,
                "createdOn": null,
                "createdBy": null,
                "updatedOn": null,
                "updatedBy": null
            },
            {
                "subDivisionalOfficeId": 26,
                "agencyId": 1,
                "regionalOfficeId": 1,
                "circleOfficeId": 4,
                "divisionalOfficeId": 8,
                "subDivisionalOffice": "Kamlang Inv. SD, Tawang",
                "address1": null,
                "address2": null,
                "address3": null,
                "city": null,
                "stateId": null,
                "pinCode": null,
                "phones": null,
                "fax": null,
                "email": null,
                "remarks": null,
                "path": null,
                "createdOn": null,
                "createdBy": null,
                "updatedOn": null,
                "updatedBy": null
            },
            {
                "subDivisionalOfficeId": 31,
                "agencyId": 1,
                "regionalOfficeId": 2,
                "circleOfficeId": 5,
                "divisionalOfficeId": 9,
                "subDivisionalOffice": "Upper Tunga SD, Devangere",
                "address1": null,
                "address2": null,
                "address3": null,
                "city": null,
                "stateId": null,
                "pinCode": null,
                "phones": null,
                "fax": null,
                "email": null,
                "remarks": null,
                "path": null,
                "createdOn": null,
                "createdBy": null,
                "updatedOn": null,
                "updatedBy": null
            },
            {
                "subDivisionalOfficeId": 30,
                "agencyId": 1,
                "regionalOfficeId": 2,
                "circleOfficeId": 5,
                "divisionalOfficeId": 9,
                "subDivisionalOffice": "Upper Cauvery SD, Bangalore",
                "address1": null,
                "address2": null,
                "address3": null,
                "city": null,
                "stateId": null,
                "pinCode": null,
                "phones": null,
                "fax": null,
                "email": null,
                "remarks": null,
                "path": null,
                "createdOn": null,
                "createdBy": null,
                "updatedOn": null,
                "updatedBy": null
            },
            {
                "subDivisionalOfficeId": 29,
                "agencyId": 1,
                "regionalOfficeId": 2,
                "circleOfficeId": 5,
                "divisionalOfficeId": 9,
                "subDivisionalOffice": "SWRSD No. 3, Mangalore",
                "address1": null,
                "address2": null,
                "address3": null,
                "city": null,
                "stateId": null,
                "pinCode": null,
                "phones": null,
                "fax": null,
                "email": null,
                "remarks": null,
                "path": null,
                "createdOn": null,
                "createdBy": null,
                "updatedOn": null,
                "updatedBy": null
            },
            {
                "subDivisionalOfficeId": 34,
                "agencyId": 1,
                "regionalOfficeId": 2,
                "circleOfficeId": 5,
                "divisionalOfficeId": 10,
                "subDivisionalOffice": "Pennar SD, Cuddapa",
                "address1": null,
                "address2": null,
                "address3": null,
                "city": null,
                "stateId": null,
                "pinCode": null,
                "phones": null,
                "fax": null,
                "email": null,
                "remarks": null,
                "path": null,
                "createdOn": null,
                "createdBy": null,
                "updatedOn": null,
                "updatedBy": null
            },
            {
                "subDivisionalOfficeId": 33,
                "agencyId": 1,
                "regionalOfficeId": 2,
                "circleOfficeId": 5,
                "divisionalOfficeId": 10,
                "subDivisionalOffice": "Palar Ponnaiyar SD, Chennai",
                "address1": null,
                "address2": null,
                "address3": null,
                "city": null,
                "stateId": null,
                "pinCode": null,
                "phones": null,
                "fax": null,
                "email": null,
                "remarks": null,
                "path": null,
                "createdOn": null,
                "createdBy": null,
                "updatedOn": null,
                "updatedBy": null
            },
            {
                "subDivisionalOfficeId": 32,
                "agencyId": 1,
                "regionalOfficeId": 2,
                "circleOfficeId": 5,
                "divisionalOfficeId": 10,
                "subDivisionalOffice": "Cauvery Delta SD, Karaikkal",
                "address1": null,
                "address2": null,
                "address3": null,
                "city": null,
                "stateId": null,
                "pinCode": null,
                "phones": null,
                "fax": null,
                "email": null,
                "remarks": null,
                "path": null,
                "createdOn": null,
                "createdBy": null,
                "updatedOn": null,
                "updatedBy": null
            },
            {
                "subDivisionalOfficeId": 37,
                "agencyId": 1,
                "regionalOfficeId": 2,
                "circleOfficeId": 5,
                "divisionalOfficeId": 11,
                "subDivisionalOffice": "Vaigai SD, Madurai",
                "address1": null,
                "address2": null,
                "address3": null,
                "city": null,
                "stateId": null,
                "pinCode": null,
                "phones": null,
                "fax": null,
                "email": null,
                "remarks": null,
                "path": null,
                "createdOn": null,
                "createdBy": null,
                "updatedOn": null,
                "updatedBy": null
            },
            {
                "subDivisionalOfficeId": 36,
                "agencyId": 1,
                "regionalOfficeId": 2,
                "circleOfficeId": 5,
                "divisionalOfficeId": 11,
                "subDivisionalOffice": "Middle Cauvery SD, Coimbatore",
                "address1": null,
                "address2": null,
                "address3": null,
                "city": null,
                "stateId": null,
                "pinCode": null,
                "phones": null,
                "fax": null,
                "email": null,
                "remarks": null,
                "path": null,
                "createdOn": null,
                "createdBy": null,
                "updatedOn": null,
                "updatedBy": null
            },
            {
                "subDivisionalOfficeId": 35,
                "agencyId": 1,
                "regionalOfficeId": 2,
                "circleOfficeId": 5,
                "divisionalOfficeId": 11,
                "subDivisionalOffice": "Lower Cauvery SD, Trichy",
                "address1": null,
                "address2": null,
                "address3": null,
                "city": null,
                "stateId": null,
                "pinCode": null,
                "phones": null,
                "fax": null,
                "email": null,
                "remarks": null,
                "path": null,
                "createdOn": null,
                "createdBy": null,
                "updatedOn": null,
                "updatedBy": null
            },
            {
                "subDivisionalOfficeId": 40,
                "agencyId": 1,
                "regionalOfficeId": 2,
                "circleOfficeId": 5,
                "divisionalOfficeId": 12,
                "subDivisionalOffice": "SWRSD No. 2, Cochin",
                "address1": null,
                "address2": null,
                "address3": null,
                "city": null,
                "stateId": null,
                "pinCode": null,
                "phones": null,
                "fax": null,
                "email": null,
                "remarks": null,
                "path": null,
                "createdOn": null,
                "createdBy": null,
                "updatedOn": null,
                "updatedBy": null
            },
            {
                "subDivisionalOfficeId": 39,
                "agencyId": 1,
                "regionalOfficeId": 2,
                "circleOfficeId": 5,
                "divisionalOfficeId": 12,
                "subDivisionalOffice": "SWRSD No. 1, Trivandrum",
                "address1": null,
                "address2": null,
                "address3": null,
                "city": null,
                "stateId": null,
                "pinCode": null,
                "phones": null,
                "fax": null,
                "email": null,
                "remarks": null,
                "path": null,
                "createdOn": null,
                "createdBy": null,
                "updatedOn": null,
                "updatedBy": null
            },
            {
                "subDivisionalOfficeId": 38,
                "agencyId": 1,
                "regionalOfficeId": 2,
                "circleOfficeId": 5,
                "divisionalOfficeId": 12,
                "subDivisionalOffice": "Chaliyar SD, Calicut",
                "address1": null,
                "address2": null,
                "address3": null,
                "city": null,
                "stateId": null,
                "pinCode": null,
                "phones": null,
                "fax": null,
                "email": null,
                "remarks": null,
                "path": null,
                "createdOn": null,
                "createdBy": null,
                "updatedOn": null,
                "updatedBy": null
            },
            {
                "subDivisionalOfficeId": 86,
                "agencyId": 1,
                "regionalOfficeId": 4,
                "circleOfficeId": 8,
                "divisionalOfficeId": 24,
                "subDivisionalOffice": "U Damodar SD, Tenughat",
                "address1": null,
                "address2": null,
                "address3": null,
                "city": null,
                "stateId": null,
                "pinCode": null,
                "phones": null,
                "fax": null,
                "email": null,
                "remarks": null,
                "path": null,
                "createdOn": null,
                "createdBy": null,
                "updatedOn": null,
                "updatedBy": null
            },
            {
                "subDivisionalOfficeId": 85,
                "agencyId": 1,
                "regionalOfficeId": 4,
                "circleOfficeId": 8,
                "divisionalOfficeId": 24,
                "subDivisionalOffice": "U Barakar SD, Maithon",
                "address1": null,
                "address2": null,
                "address3": null,
                "city": null,
                "stateId": null,
                "pinCode": null,
                "phones": null,
                "fax": null,
                "email": null,
                "remarks": null,
                "path": null,
                "createdOn": null,
                "createdBy": null,
                "updatedOn": null,
                "updatedBy": null
            },
            {
                "subDivisionalOfficeId": 84,
                "agencyId": 1,
                "regionalOfficeId": 4,
                "circleOfficeId": 8,
                "divisionalOfficeId": 24,
                "subDivisionalOffice": "M Damodar L Barakar, Durgapur",
                "address1": null,
                "address2": null,
                "address3": null,
                "city": null,
                "stateId": null,
                "pinCode": null,
                "phones": null,
                "fax": null,
                "email": null,
                "remarks": null,
                "path": null,
                "createdOn": null,
                "createdBy": null,
                "updatedOn": null,
                "updatedBy": null
            },
            {
                "subDivisionalOfficeId": 83,
                "agencyId": 1,
                "regionalOfficeId": 4,
                "circleOfficeId": 8,
                "divisionalOfficeId": 24,
                "subDivisionalOffice": "Kangsabati-Dware'war, Midnapur",
                "address1": null,
                "address2": null,
                "address3": null,
                "city": null,
                "stateId": null,
                "pinCode": null,
                "phones": null,
                "fax": null,
                "email": null,
                "remarks": null,
                "path": null,
                "createdOn": null,
                "createdBy": null,
                "updatedOn": null,
                "updatedBy": null
            },
            {
                "subDivisionalOfficeId": 82,
                "agencyId": 1,
                "regionalOfficeId": 4,
                "circleOfficeId": 8,
                "divisionalOfficeId": 24,
                "subDivisionalOffice": "Ajoy Mayurakshi SD, Barabagan",
                "address1": null,
                "address2": null,
                "address3": null,
                "city": null,
                "stateId": null,
                "pinCode": null,
                "phones": null,
                "fax": null,
                "email": null,
                "remarks": null,
                "path": null,
                "createdOn": null,
                "createdBy": null,
                "updatedOn": null,
                "updatedBy": null
            },
            {
                "subDivisionalOfficeId": 87,
                "agencyId": 1,
                "regionalOfficeId": 4,
                "circleOfficeId": 8,
                "divisionalOfficeId": 25,
                "subDivisionalOffice": "L Ganga U Kiul SD, Bhagalpur",
                "address1": null,
                "address2": null,
                "address3": null,
                "city": null,
                "stateId": null,
                "pinCode": null,
                "phones": null,
                "fax": null,
                "email": null,
                "remarks": null,
                "path": null,
                "createdOn": null,
                "createdBy": null,
                "updatedOn": null,
                "updatedBy": null
            },
            {
                "subDivisionalOfficeId": 89,
                "agencyId": 1,
                "regionalOfficeId": 4,
                "circleOfficeId": 8,
                "divisionalOfficeId": 26,
                "subDivisionalOffice": "L Ganga SD, Murshidabad",
                "address1": null,
                "address2": null,
                "address3": null,
                "city": null,
                "stateId": null,
                "pinCode": null,
                "phones": null,
                "fax": null,
                "email": null,
                "remarks": null,
                "path": null,
                "createdOn": null,
                "createdBy": null,
                "updatedOn": null,
                "updatedBy": null
            },
            {
                "subDivisionalOfficeId": 88,
                "agencyId": 1,
                "regionalOfficeId": 4,
                "circleOfficeId": 8,
                "divisionalOfficeId": 26,
                "subDivisionalOffice": "Bhagirathi Jalangi SD,Bowbazar",
                "address1": null,
                "address2": null,
                "address3": null,
                "city": null,
                "stateId": null,
                "pinCode": null,
                "phones": null,
                "fax": null,
                "email": null,
                "remarks": null,
                "path": null,
                "createdOn": null,
                "createdBy": null,
                "updatedOn": null,
                "updatedBy": null
            },
            {
                "subDivisionalOfficeId": 98,
                "agencyId": 1,
                "regionalOfficeId": 4,
                "circleOfficeId": 8,
                "divisionalOfficeId": 27,
                "subDivisionalOffice": "U Punpun Phalgu L Kiul SD,Gaya",
                "address1": null,
                "address2": null,
                "address3": null,
                "city": null,
                "stateId": null,
                "pinCode": null,
                "phones": null,
                "fax": null,
                "email": null,
                "remarks": null,
                "path": null,
                "createdOn": null,
                "createdBy": null,
                "updatedOn": null,
                "updatedBy": null
            },
            {
                "subDivisionalOfficeId": 97,
                "agencyId": 1,
                "regionalOfficeId": 4,
                "circleOfficeId": 8,
                "divisionalOfficeId": 27,
                "subDivisionalOffice": "M Sone SD, Dehri-on-Sone",
                "address1": null,
                "address2": null,
                "address3": null,
                "city": null,
                "stateId": null,
                "pinCode": null,
                "phones": null,
                "fax": null,
                "email": null,
                "remarks": null,
                "path": null,
                "createdOn": null,
                "createdBy": null,
                "updatedOn": null,
                "updatedBy": null
            },
            {
                "subDivisionalOfficeId": 96,
                "agencyId": 1,
                "regionalOfficeId": 4,
                "circleOfficeId": 8,
                "divisionalOfficeId": 27,
                "subDivisionalOffice": "M Ganga Upper SD, Bhagalpur",
                "address1": null,
                "address2": null,
                "address3": null,
                "city": null,
                "stateId": null,
                "pinCode": null,
                "phones": null,
                "fax": null,
                "email": null,
                "remarks": null,
                "path": null,
                "createdOn": null,
                "createdBy": null,
                "updatedOn": null,
                "updatedBy": null
            },
            {
                "subDivisionalOfficeId": 95,
                "agencyId": 1,
                "regionalOfficeId": 4,
                "circleOfficeId": 8,
                "divisionalOfficeId": 27,
                "subDivisionalOffice": "L Sone M Ganga SD, Patna",
                "address1": null,
                "address2": null,
                "address3": null,
                "city": null,
                "stateId": null,
                "pinCode": null,
                "phones": null,
                "fax": null,
                "email": null,
                "remarks": null,
                "path": null,
                "createdOn": null,
                "createdBy": null,
                "updatedOn": null,
                "updatedBy": null
            },
            {
                "subDivisionalOfficeId": 94,
                "agencyId": 1,
                "regionalOfficeId": 4,
                "circleOfficeId": 8,
                "divisionalOfficeId": 27,
                "subDivisionalOffice": "L Mahananda SD, Purnea",
                "address1": null,
                "address2": null,
                "address3": null,
                "city": null,
                "stateId": null,
                "pinCode": null,
                "phones": null,
                "fax": null,
                "email": null,
                "remarks": null,
                "path": null,
                "createdOn": null,
                "createdBy": null,
                "updatedOn": null,
                "updatedBy": null
            },
            {
                "subDivisionalOfficeId": 93,
                "agencyId": 1,
                "regionalOfficeId": 4,
                "circleOfficeId": 8,
                "divisionalOfficeId": 27,
                "subDivisionalOffice": "L Ghaghra - Gandak SD, Chapra",
                "address1": null,
                "address2": null,
                "address3": null,
                "city": null,
                "stateId": null,
                "pinCode": null,
                "phones": null,
                "fax": null,
                "email": null,
                "remarks": null,
                "path": null,
                "createdOn": null,
                "createdBy": null,
                "updatedOn": null,
                "updatedBy": null
            },
            {
                "subDivisionalOfficeId": 92,
                "agencyId": 1,
                "regionalOfficeId": 4,
                "circleOfficeId": 8,
                "divisionalOfficeId": 27,
                "subDivisionalOffice": "Kosi SD, Begusarai",
                "address1": null,
                "address2": null,
                "address3": null,
                "city": null,
                "stateId": null,
                "pinCode": null,
                "phones": null,
                "fax": null,
                "email": null,
                "remarks": null,
                "path": null,
                "createdOn": null,
                "createdBy": null,
                "updatedOn": null,
                "updatedBy": null
            },
            {
                "subDivisionalOfficeId": 91,
                "agencyId": 1,
                "regionalOfficeId": 4,
                "circleOfficeId": 8,
                "divisionalOfficeId": 27,
                "subDivisionalOffice": "Burhi Gandak SD, Muzaffarpur",
                "address1": null,
                "address2": null,
                "address3": null,
                "city": null,
                "stateId": null,
                "pinCode": null,
                "phones": null,
                "fax": null,
                "email": null,
                "remarks": null,
                "path": null,
                "createdOn": null,
                "createdBy": null,
                "updatedOn": null,
                "updatedBy": null
            },
            {
                "subDivisionalOfficeId": 90,
                "agencyId": 1,
                "regionalOfficeId": 4,
                "circleOfficeId": 8,
                "divisionalOfficeId": 27,
                "subDivisionalOffice": "Bagmati Kamala B SD, Darbhanga",
                "address1": null,
                "address2": null,
                "address3": null,
                "city": null,
                "stateId": null,
                "pinCode": null,
                "phones": null,
                "fax": null,
                "email": null,
                "remarks": null,
                "path": null,
                "createdOn": null,
                "createdBy": null,
                "updatedOn": null,
                "updatedBy": null
            },
            {
                "subDivisionalOfficeId": 102,
                "agencyId": 1,
                "regionalOfficeId": 5,
                "circleOfficeId": 10,
                "divisionalOfficeId": 34,
                "subDivisionalOffice": "Sambalpur",
                "address1": null,
                "address2": null,
                "address3": null,
                "city": null,
                "stateId": null,
                "pinCode": null,
                "phones": null,
                "fax": null,
                "email": null,
                "remarks": null,
                "path": null,
                "createdOn": null,
                "createdBy": null,
                "updatedOn": null,
                "updatedBy": null
            },
            {
                "subDivisionalOfficeId": 101,
                "agencyId": 1,
                "regionalOfficeId": 5,
                "circleOfficeId": 10,
                "divisionalOfficeId": 34,
                "subDivisionalOffice": "Bhubaneswar",
                "address1": null,
                "address2": null,
                "address3": null,
                "city": null,
                "stateId": null,
                "pinCode": null,
                "phones": null,
                "fax": null,
                "email": null,
                "remarks": null,
                "path": null,
                "createdOn": null,
                "createdBy": null,
                "updatedOn": null,
                "updatedBy": null
            },
            {
                "subDivisionalOfficeId": 100,
                "agencyId": 1,
                "regionalOfficeId": 5,
                "circleOfficeId": 10,
                "divisionalOfficeId": 34,
                "subDivisionalOffice": "Behrampur",
                "address1": null,
                "address2": null,
                "address3": null,
                "city": null,
                "stateId": null,
                "pinCode": null,
                "phones": null,
                "fax": null,
                "email": null,
                "remarks": null,
                "path": null,
                "createdOn": null,
                "createdBy": null,
                "updatedOn": null,
                "updatedBy": null
            },
            {
                "subDivisionalOfficeId": 99,
                "agencyId": 1,
                "regionalOfficeId": 5,
                "circleOfficeId": 10,
                "divisionalOfficeId": 34,
                "subDivisionalOffice": "Balasore",
                "address1": null,
                "address2": null,
                "address3": null,
                "city": null,
                "stateId": null,
                "pinCode": null,
                "phones": null,
                "fax": null,
                "email": null,
                "remarks": null,
                "path": null,
                "createdOn": null,
                "createdBy": null,
                "updatedOn": null,
                "updatedBy": null
            },
            {
                "subDivisionalOfficeId": 53,
                "agencyId": 1,
                "regionalOfficeId": 5,
                "circleOfficeId": 10,
                "divisionalOfficeId": 35,
                "subDivisionalOffice": "Raipur",
                "address1": null,
                "address2": null,
                "address3": null,
                "city": null,
                "stateId": null,
                "pinCode": null,
                "phones": null,
                "fax": null,
                "email": null,
                "remarks": null,
                "path": null,
                "createdOn": null,
                "createdBy": null,
                "updatedOn": null,
                "updatedBy": null
            },
            {
                "subDivisionalOfficeId": 103,
                "agencyId": 1,
                "regionalOfficeId": 5,
                "circleOfficeId": 10,
                "divisionalOfficeId": 35,
                "subDivisionalOffice": "Burla",
                "address1": null,
                "address2": null,
                "address3": null,
                "city": null,
                "stateId": null,
                "pinCode": null,
                "phones": null,
                "fax": null,
                "email": null,
                "remarks": null,
                "path": null,
                "createdOn": null,
                "createdBy": null,
                "updatedOn": null,
                "updatedBy": null
            },
            {
                "subDivisionalOfficeId": 111,
                "agencyId": 1,
                "regionalOfficeId": 7,
                "circleOfficeId": 12,
                "divisionalOfficeId": 37,
                "subDivisionalOffice": "Palanpur",
                "address1": null,
                "address2": null,
                "address3": null,
                "city": null,
                "stateId": null,
                "pinCode": null,
                "phones": null,
                "fax": null,
                "email": null,
                "remarks": null,
                "path": null,
                "createdOn": null,
                "createdBy": null,
                "updatedOn": null,
                "updatedBy": null
            },
            {
                "subDivisionalOfficeId": 110,
                "agencyId": 1,
                "regionalOfficeId": 7,
                "circleOfficeId": 12,
                "divisionalOfficeId": 37,
                "subDivisionalOffice": "Kadana",
                "address1": null,
                "address2": null,
                "address3": null,
                "city": null,
                "stateId": null,
                "pinCode": null,
                "phones": null,
                "fax": null,
                "email": null,
                "remarks": null,
                "path": null,
                "createdOn": null,
                "createdBy": null,
                "updatedOn": null,
                "updatedBy": null
            },
            {
                "subDivisionalOfficeId": 109,
                "agencyId": 1,
                "regionalOfficeId": 7,
                "circleOfficeId": 12,
                "divisionalOfficeId": 37,
                "subDivisionalOffice": "Dharoi",
                "address1": null,
                "address2": null,
                "address3": null,
                "city": null,
                "stateId": null,
                "pinCode": null,
                "phones": null,
                "fax": null,
                "email": null,
                "remarks": null,
                "path": null,
                "createdOn": null,
                "createdBy": null,
                "updatedOn": null,
                "updatedBy": null
            },
            {
                "subDivisionalOfficeId": 108,
                "agencyId": 1,
                "regionalOfficeId": 7,
                "circleOfficeId": 12,
                "divisionalOfficeId": 37,
                "subDivisionalOffice": "Ahmedabad",
                "address1": null,
                "address2": null,
                "address3": null,
                "city": null,
                "stateId": null,
                "pinCode": null,
                "phones": null,
                "fax": null,
                "email": null,
                "remarks": null,
                "path": null,
                "createdOn": null,
                "createdBy": null,
                "updatedOn": null,
                "updatedBy": null
            },
            {
                "subDivisionalOfficeId": 116,
                "agencyId": 1,
                "regionalOfficeId": 7,
                "circleOfficeId": 12,
                "divisionalOfficeId": 38,
                "subDivisionalOffice": "Surat",
                "address1": null,
                "address2": null,
                "address3": null,
                "city": null,
                "stateId": null,
                "pinCode": null,
                "phones": null,
                "fax": null,
                "email": null,
                "remarks": null,
                "path": null,
                "createdOn": null,
                "createdBy": null,
                "updatedOn": null,
                "updatedBy": null
            },
            {
                "subDivisionalOfficeId": 115,
                "agencyId": 1,
                "regionalOfficeId": 7,
                "circleOfficeId": 12,
                "divisionalOfficeId": 38,
                "subDivisionalOffice": "Silvasa",
                "address1": null,
                "address2": null,
                "address3": null,
                "city": null,
                "stateId": null,
                "pinCode": null,
                "phones": null,
                "fax": null,
                "email": null,
                "remarks": null,
                "path": null,
                "createdOn": null,
                "createdBy": null,
                "updatedOn": null,
                "updatedBy": null
            },
            {
                "subDivisionalOfficeId": 114,
                "agencyId": 1,
                "regionalOfficeId": 7,
                "circleOfficeId": 12,
                "divisionalOfficeId": 38,
                "subDivisionalOffice": "Dhule",
                "address1": null,
                "address2": null,
                "address3": null,
                "city": null,
                "stateId": null,
                "pinCode": null,
                "phones": null,
                "fax": null,
                "email": null,
                "remarks": null,
                "path": null,
                "createdOn": null,
                "createdBy": null,
                "updatedOn": null,
                "updatedBy": null
            },
            {
                "subDivisionalOfficeId": 113,
                "agencyId": 1,
                "regionalOfficeId": 7,
                "circleOfficeId": 12,
                "divisionalOfficeId": 38,
                "subDivisionalOffice": "Bhusawal",
                "address1": null,
                "address2": null,
                "address3": null,
                "city": null,
                "stateId": null,
                "pinCode": null,
                "phones": null,
                "fax": null,
                "email": null,
                "remarks": null,
                "path": null,
                "createdOn": null,
                "createdBy": null,
                "updatedOn": null,
                "updatedBy": null
            },
            {
                "subDivisionalOfficeId": 112,
                "agencyId": 1,
                "regionalOfficeId": 7,
                "circleOfficeId": 12,
                "divisionalOfficeId": 38,
                "subDivisionalOffice": "Barooch",
                "address1": null,
                "address2": null,
                "address3": null,
                "city": null,
                "stateId": null,
                "pinCode": null,
                "phones": null,
                "fax": null,
                "email": null,
                "remarks": null,
                "path": null,
                "createdOn": null,
                "createdBy": null,
                "updatedOn": null,
                "updatedBy": null
            },
            {
                "subDivisionalOfficeId": 119,
                "agencyId": 1,
                "regionalOfficeId": 9,
                "circleOfficeId": 14,
                "divisionalOfficeId": 40,
                "subDivisionalOffice": "U Ganga SD, Haridwar",
                "address1": null,
                "address2": null,
                "address3": null,
                "city": null,
                "stateId": null,
                "pinCode": null,
                "phones": null,
                "fax": null,
                "email": null,
                "remarks": null,
                "path": null,
                "createdOn": null,
                "createdBy": null,
                "updatedOn": null,
                "updatedBy": null
            },
            {
                "subDivisionalOfficeId": 118,
                "agencyId": 1,
                "regionalOfficeId": 9,
                "circleOfficeId": 14,
                "divisionalOfficeId": 40,
                "subDivisionalOffice": "Bhagirath SD, Tehri",
                "address1": null,
                "address2": null,
                "address3": null,
                "city": null,
                "stateId": null,
                "pinCode": null,
                "phones": null,
                "fax": null,
                "email": null,
                "remarks": null,
                "path": null,
                "createdOn": null,
                "createdBy": null,
                "updatedOn": null,
                "updatedBy": null
            },
            {
                "subDivisionalOfficeId": 117,
                "agencyId": 1,
                "regionalOfficeId": 9,
                "circleOfficeId": 14,
                "divisionalOfficeId": 40,
                "subDivisionalOffice": "Alaknanda SD, Srinagar",
                "address1": null,
                "address2": null,
                "address3": null,
                "city": null,
                "stateId": null,
                "pinCode": null,
                "phones": null,
                "fax": null,
                "email": null,
                "remarks": null,
                "path": null,
                "createdOn": null,
                "createdBy": null,
                "updatedOn": null,
                "updatedBy": null
            },
            {
                "subDivisionalOfficeId": 123,
                "agencyId": 1,
                "regionalOfficeId": 9,
                "circleOfficeId": 14,
                "divisionalOfficeId": 41,
                "subDivisionalOffice": "M Ganga UR Ganga SD, Moradabad",
                "address1": null,
                "address2": null,
                "address3": null,
                "city": null,
                "stateId": null,
                "pinCode": null,
                "phones": null,
                "fax": null,
                "email": null,
                "remarks": null,
                "path": null,
                "createdOn": null,
                "createdBy": null,
                "updatedOn": null,
                "updatedBy": null
            },
            {
                "subDivisionalOfficeId": 122,
                "agencyId": 1,
                "regionalOfficeId": 9,
                "circleOfficeId": 14,
                "divisionalOfficeId": 41,
                "subDivisionalOffice": "M Ganga SD, Kanpur",
                "address1": null,
                "address2": null,
                "address3": null,
                "city": null,
                "stateId": null,
                "pinCode": null,
                "phones": null,
                "fax": null,
                "email": null,
                "remarks": null,
                "path": null,
                "createdOn": null,
                "createdBy": null,
                "updatedOn": null,
                "updatedBy": null
            },
            {
                "subDivisionalOfficeId": 121,
                "agencyId": 1,
                "regionalOfficeId": 9,
                "circleOfficeId": 14,
                "divisionalOfficeId": 41,
                "subDivisionalOffice": "M Ganga LR Ganga SD, Bareilly",
                "address1": null,
                "address2": null,
                "address3": null,
                "city": null,
                "stateId": null,
                "pinCode": null,
                "phones": null,
                "fax": null,
                "email": null,
                "remarks": null,
                "path": null,
                "createdOn": null,
                "createdBy": null,
                "updatedOn": null,
                "updatedBy": null
            },
            {
                "subDivisionalOfficeId": 120,
                "agencyId": 1,
                "regionalOfficeId": 9,
                "circleOfficeId": 14,
                "divisionalOfficeId": 41,
                "subDivisionalOffice": "L Sharda SD, Lucknow",
                "address1": null,
                "address2": null,
                "address3": null,
                "city": null,
                "stateId": null,
                "pinCode": null,
                "phones": null,
                "fax": null,
                "email": null,
                "remarks": null,
                "path": null,
                "createdOn": null,
                "createdBy": null,
                "updatedOn": null,
                "updatedBy": null
            },
            {
                "subDivisionalOfficeId": 126,
                "agencyId": 1,
                "regionalOfficeId": 9,
                "circleOfficeId": 15,
                "divisionalOfficeId": 42,
                "subDivisionalOffice": "U Sarda SD, Haldwani",
                "address1": null,
                "address2": null,
                "address3": null,
                "city": null,
                "stateId": null,
                "pinCode": null,
                "phones": null,
                "fax": null,
                "email": null,
                "remarks": null,
                "path": null,
                "createdOn": null,
                "createdBy": null,
                "updatedOn": null,
                "updatedBy": null
            },
            {
                "subDivisionalOfficeId": 125,
                "agencyId": 1,
                "regionalOfficeId": 9,
                "circleOfficeId": 15,
                "divisionalOfficeId": 42,
                "subDivisionalOffice": "U Rapti SD, Gonda",
                "address1": null,
                "address2": null,
                "address3": null,
                "city": null,
                "stateId": null,
                "pinCode": null,
                "phones": null,
                "fax": null,
                "email": null,
                "remarks": null,
                "path": null,
                "createdOn": null,
                "createdBy": null,
                "updatedOn": null,
                "updatedBy": null
            },
            {
                "subDivisionalOfficeId": 124,
                "agencyId": 1,
                "regionalOfficeId": 9,
                "circleOfficeId": 15,
                "divisionalOfficeId": 42,
                "subDivisionalOffice": "L Rapti Ghaghra SD, Turkmanpur",
                "address1": null,
                "address2": null,
                "address3": null,
                "city": null,
                "stateId": null,
                "pinCode": null,
                "phones": null,
                "fax": null,
                "email": null,
                "remarks": null,
                "path": null,
                "createdOn": null,
                "createdBy": null,
                "updatedOn": null,
                "updatedBy": null
            },
            {
                "subDivisionalOfficeId": 129,
                "agencyId": 1,
                "regionalOfficeId": 9,
                "circleOfficeId": 15,
                "divisionalOfficeId": 43,
                "subDivisionalOffice": "U Sone Rehand SD, Rewa",
                "address1": null,
                "address2": null,
                "address3": null,
                "city": null,
                "stateId": null,
                "pinCode": null,
                "phones": null,
                "fax": null,
                "email": null,
                "remarks": null,
                "path": null,
                "createdOn": null,
                "createdBy": null,
                "updatedOn": null,
                "updatedBy": null
            },
            {
                "subDivisionalOfficeId": 128,
                "agencyId": 1,
                "regionalOfficeId": 9,
                "circleOfficeId": 15,
                "divisionalOfficeId": 43,
                "subDivisionalOffice": "M Ganga Yamuna SD, Allahabad",
                "address1": null,
                "address2": null,
                "address3": null,
                "city": null,
                "stateId": null,
                "pinCode": null,
                "phones": null,
                "fax": null,
                "email": null,
                "remarks": null,
                "path": null,
                "createdOn": null,
                "createdBy": null,
                "updatedOn": null,
                "updatedBy": null
            },
            {
                "subDivisionalOfficeId": 127,
                "agencyId": 1,
                "regionalOfficeId": 9,
                "circleOfficeId": 15,
                "divisionalOfficeId": 43,
                "subDivisionalOffice": "M Ganga - C Sarju SD, Varanasi",
                "address1": null,
                "address2": null,
                "address3": null,
                "city": null,
                "stateId": null,
                "pinCode": null,
                "phones": null,
                "fax": null,
                "email": null,
                "remarks": null,
                "path": null,
                "createdOn": null,
                "createdBy": null,
                "updatedOn": null,
                "updatedBy": null
            },
            {
                "subDivisionalOfficeId": 133,
                "agencyId": 1,
                "regionalOfficeId": 10,
                "circleOfficeId": 16,
                "divisionalOfficeId": 44,
                "subDivisionalOffice": "U Chambal SD, Indore",
                "address1": null,
                "address2": null,
                "address3": null,
                "city": null,
                "stateId": null,
                "pinCode": null,
                "phones": null,
                "fax": null,
                "email": null,
                "remarks": null,
                "path": null,
                "createdOn": null,
                "createdBy": null,
                "updatedOn": null,
                "updatedBy": null
            },
            {
                "subDivisionalOfficeId": 132,
                "agencyId": 1,
                "regionalOfficeId": 10,
                "circleOfficeId": 16,
                "divisionalOfficeId": 44,
                "subDivisionalOffice": "M Chambal SD, Kota",
                "address1": null,
                "address2": null,
                "address3": null,
                "city": null,
                "stateId": null,
                "pinCode": null,
                "phones": null,
                "fax": null,
                "email": null,
                "remarks": null,
                "path": null,
                "createdOn": null,
                "createdBy": null,
                "updatedOn": null,
                "updatedBy": null
            },
            {
                "subDivisionalOfficeId": 131,
                "agencyId": 1,
                "regionalOfficeId": 10,
                "circleOfficeId": 16,
                "divisionalOfficeId": 44,
                "subDivisionalOffice": "L Chambal SD, Jaipur",
                "address1": null,
                "address2": null,
                "address3": null,
                "city": null,
                "stateId": null,
                "pinCode": null,
                "phones": null,
                "fax": null,
                "email": null,
                "remarks": null,
                "path": null,
                "createdOn": null,
                "createdBy": null,
                "updatedOn": null,
                "updatedBy": null
            },
            {
                "subDivisionalOfficeId": 130,
                "agencyId": 1,
                "regionalOfficeId": 10,
                "circleOfficeId": 16,
                "divisionalOfficeId": 44,
                "subDivisionalOffice": "Banas SD, Udaipur",
                "address1": null,
                "address2": null,
                "address3": null,
                "city": null,
                "stateId": null,
                "pinCode": null,
                "phones": null,
                "fax": null,
                "email": null,
                "remarks": null,
                "path": null,
                "createdOn": null,
                "createdBy": null,
                "updatedOn": null,
                "updatedBy": null
            },
            {
                "subDivisionalOfficeId": 138,
                "agencyId": 1,
                "regionalOfficeId": 10,
                "circleOfficeId": 16,
                "divisionalOfficeId": 45,
                "subDivisionalOffice": "Sindh Betwa SD, Jhansi",
                "address1": null,
                "address2": null,
                "address3": null,
                "city": null,
                "stateId": null,
                "pinCode": null,
                "phones": null,
                "fax": null,
                "email": null,
                "remarks": null,
                "path": null,
                "createdOn": null,
                "createdBy": null,
                "updatedOn": null,
                "updatedBy": null
            },
            {
                "subDivisionalOfficeId": 137,
                "agencyId": 1,
                "regionalOfficeId": 10,
                "circleOfficeId": 16,
                "divisionalOfficeId": 45,
                "subDivisionalOffice": "L Yamuna SD, New Delhi",
                "address1": null,
                "address2": null,
                "address3": null,
                "city": null,
                "stateId": null,
                "pinCode": null,
                "phones": null,
                "fax": null,
                "email": null,
                "remarks": null,
                "path": null,
                "createdOn": null,
                "createdBy": null,
                "updatedOn": null,
                "updatedBy": null
            },
            {
                "subDivisionalOfficeId": 136,
                "agencyId": 1,
                "regionalOfficeId": 10,
                "circleOfficeId": 16,
                "divisionalOfficeId": 45,
                "subDivisionalOffice": "L Yamuna SD III, Hamirpur",
                "address1": null,
                "address2": null,
                "address3": null,
                "city": null,
                "stateId": null,
                "pinCode": null,
                "phones": null,
                "fax": null,
                "email": null,
                "remarks": null,
                "path": null,
                "createdOn": null,
                "createdBy": null,
                "updatedOn": null,
                "updatedBy": null
            },
            {
                "subDivisionalOfficeId": 135,
                "agencyId": 1,
                "regionalOfficeId": 10,
                "circleOfficeId": 16,
                "divisionalOfficeId": 45,
                "subDivisionalOffice": "L Yamuna SD II, Agra",
                "address1": null,
                "address2": null,
                "address3": null,
                "city": null,
                "stateId": null,
                "pinCode": null,
                "phones": null,
                "fax": null,
                "email": null,
                "remarks": null,
                "path": null,
                "createdOn": null,
                "createdBy": null,
                "updatedOn": null,
                "updatedBy": null
            },
            {
                "subDivisionalOfficeId": 134,
                "agencyId": 1,
                "regionalOfficeId": 10,
                "circleOfficeId": 16,
                "divisionalOfficeId": 45,
                "subDivisionalOffice": "Ken SD, Banda",
                "address1": null,
                "address2": null,
                "address3": null,
                "city": null,
                "stateId": null,
                "pinCode": null,
                "phones": null,
                "fax": null,
                "email": null,
                "remarks": null,
                "path": null,
                "createdOn": null,
                "createdBy": null,
                "updatedOn": null,
                "updatedBy": null
            },
            {
                "subDivisionalOfficeId": 140,
                "agencyId": 1,
                "regionalOfficeId": 10,
                "circleOfficeId": 16,
                "divisionalOfficeId": 46,
                "subDivisionalOffice": "U Yamuna SD, New Delhi",
                "address1": null,
                "address2": null,
                "address3": null,
                "city": null,
                "stateId": null,
                "pinCode": null,
                "phones": null,
                "fax": null,
                "email": null,
                "remarks": null,
                "path": null,
                "createdOn": null,
                "createdBy": null,
                "updatedOn": null,
                "updatedBy": null
            },
            {
                "subDivisionalOfficeId": 139,
                "agencyId": 1,
                "regionalOfficeId": 10,
                "circleOfficeId": 16,
                "divisionalOfficeId": 46,
                "subDivisionalOffice": "Sahibi SD, New Delhi",
                "address1": null,
                "address2": null,
                "address3": null,
                "city": null,
                "stateId": null,
                "pinCode": null,
                "phones": null,
                "fax": null,
                "email": null,
                "remarks": null,
                "path": null,
                "createdOn": null,
                "createdBy": null,
                "updatedOn": null,
                "updatedBy": null
            },
            {
                "subDivisionalOfficeId": 61,
                "agencyId": 1,
                "regionalOfficeId": 3,
                "circleOfficeId": 10001,
                "divisionalOfficeId": 15,
                "subDivisionalOffice": "Nagarjuna",
                "address1": null,
                "address2": null,
                "address3": null,
                "city": null,
                "stateId": null,
                "pinCode": null,
                "phones": null,
                "fax": null,
                "email": null,
                "remarks": null,
                "path": null,
                "createdOn": null,
                "createdBy": null,
                "updatedOn": null,
                "updatedBy": null
            },
            {
                "subDivisionalOfficeId": 60,
                "agencyId": 1,
                "regionalOfficeId": 3,
                "circleOfficeId": 10001,
                "divisionalOfficeId": 15,
                "subDivisionalOffice": "MK SD No 3, Kurnool",
                "address1": null,
                "address2": null,
                "address3": null,
                "city": null,
                "stateId": null,
                "pinCode": null,
                "phones": null,
                "fax": null,
                "email": null,
                "remarks": null,
                "path": null,
                "createdOn": null,
                "createdBy": null,
                "updatedOn": null,
                "updatedBy": null
            },
            {
                "subDivisionalOfficeId": 59,
                "agencyId": 1,
                "regionalOfficeId": 3,
                "circleOfficeId": 10001,
                "divisionalOfficeId": 15,
                "subDivisionalOffice": "Lower Tunga SD, Kurnool",
                "address1": null,
                "address2": null,
                "address3": null,
                "city": null,
                "stateId": null,
                "pinCode": null,
                "phones": null,
                "fax": null,
                "email": null,
                "remarks": null,
                "path": null,
                "createdOn": null,
                "createdBy": null,
                "updatedOn": null,
                "updatedBy": null
            },
            {
                "subDivisionalOfficeId": 58,
                "agencyId": 1,
                "regionalOfficeId": 3,
                "circleOfficeId": 10001,
                "divisionalOfficeId": 15,
                "subDivisionalOffice": "L K SD No 2, Vijaywada",
                "address1": null,
                "address2": null,
                "address3": null,
                "city": null,
                "stateId": null,
                "pinCode": null,
                "phones": null,
                "fax": null,
                "email": null,
                "remarks": null,
                "path": null,
                "createdOn": null,
                "createdBy": null,
                "updatedOn": null,
                "updatedBy": null
            },
            {
                "subDivisionalOfficeId": 57,
                "agencyId": 1,
                "regionalOfficeId": 3,
                "circleOfficeId": 10001,
                "divisionalOfficeId": 15,
                "subDivisionalOffice": "L K SD No 1, N'Sagar Dam",
                "address1": null,
                "address2": null,
                "address3": null,
                "city": null,
                "stateId": null,
                "pinCode": null,
                "phones": null,
                "fax": null,
                "email": null,
                "remarks": null,
                "path": null,
                "createdOn": null,
                "createdBy": null,
                "updatedOn": null,
                "updatedBy": null
            },
            {
                "subDivisionalOfficeId": 65,
                "agencyId": 1,
                "regionalOfficeId": 3,
                "circleOfficeId": 10001,
                "divisionalOfficeId": 16,
                "subDivisionalOffice": "Middle Krishna SD 3, Kurnool",
                "address1": null,
                "address2": null,
                "address3": null,
                "city": null,
                "stateId": null,
                "pinCode": null,
                "phones": null,
                "fax": null,
                "email": null,
                "remarks": null,
                "path": null,
                "createdOn": null,
                "createdBy": null,
                "updatedOn": null,
                "updatedBy": null
            },
            {
                "subDivisionalOfficeId": 64,
                "agencyId": 1,
                "regionalOfficeId": 3,
                "circleOfficeId": 10001,
                "divisionalOfficeId": 16,
                "subDivisionalOffice": "Lower Tungabhadra SD, Kurnool",
                "address1": null,
                "address2": null,
                "address3": null,
                "city": null,
                "stateId": null,
                "pinCode": null,
                "phones": null,
                "fax": null,
                "email": null,
                "remarks": null,
                "path": null,
                "createdOn": null,
                "createdBy": null,
                "updatedOn": null,
                "updatedBy": null
            },
            {
                "subDivisionalOfficeId": 63,
                "agencyId": 1,
                "regionalOfficeId": 3,
                "circleOfficeId": 10001,
                "divisionalOfficeId": 16,
                "subDivisionalOffice": "Lower Krishna SD1, N.S.Dam",
                "address1": null,
                "address2": null,
                "address3": null,
                "city": null,
                "stateId": null,
                "pinCode": null,
                "phones": null,
                "fax": null,
                "email": null,
                "remarks": null,
                "path": null,
                "createdOn": null,
                "createdBy": null,
                "updatedOn": null,
                "updatedBy": null
            },
            {
                "subDivisionalOfficeId": 62,
                "agencyId": 1,
                "regionalOfficeId": 3,
                "circleOfficeId": 10001,
                "divisionalOfficeId": 16,
                "subDivisionalOffice": "Lower Krishna SD 2, Vijayawada",
                "address1": null,
                "address2": null,
                "address3": null,
                "city": null,
                "stateId": null,
                "pinCode": null,
                "phones": null,
                "fax": null,
                "email": null,
                "remarks": null,
                "path": null,
                "createdOn": null,
                "createdBy": null,
                "updatedOn": null,
                "updatedBy": null
            },
            {
                "subDivisionalOfficeId": 71,
                "agencyId": 1,
                "regionalOfficeId": 3,
                "circleOfficeId": 10001,
                "divisionalOfficeId": 17,
                "subDivisionalOffice": "U K SD No 2, Miraj",
                "address1": null,
                "address2": null,
                "address3": null,
                "city": null,
                "stateId": null,
                "pinCode": null,
                "phones": null,
                "fax": null,
                "email": null,
                "remarks": null,
                "path": null,
                "createdOn": null,
                "createdBy": null,
                "updatedOn": null,
                "updatedBy": null
            },
            {
                "subDivisionalOfficeId": 70,
                "agencyId": 1,
                "regionalOfficeId": 3,
                "circleOfficeId": 10001,
                "divisionalOfficeId": 17,
                "subDivisionalOffice": "U K SD No 1, Kohlapur",
                "address1": null,
                "address2": null,
                "address3": null,
                "city": null,
                "stateId": null,
                "pinCode": null,
                "phones": null,
                "fax": null,
                "email": null,
                "remarks": null,
                "path": null,
                "createdOn": null,
                "createdBy": null,
                "updatedOn": null,
                "updatedBy": null
            },
            {
                "subDivisionalOfficeId": 69,
                "agencyId": 1,
                "regionalOfficeId": 3,
                "circleOfficeId": 10001,
                "divisionalOfficeId": 17,
                "subDivisionalOffice": "SW R SD No.IV, Ponda",
                "address1": null,
                "address2": null,
                "address3": null,
                "city": null,
                "stateId": null,
                "pinCode": null,
                "phones": null,
                "fax": null,
                "email": null,
                "remarks": null,
                "path": null,
                "createdOn": null,
                "createdBy": null,
                "updatedOn": null,
                "updatedBy": null
            },
            {
                "subDivisionalOfficeId": 68,
                "agencyId": 1,
                "regionalOfficeId": 3,
                "circleOfficeId": 10001,
                "divisionalOfficeId": 17,
                "subDivisionalOffice": "M Krishna SD No 1, Bagalkot",
                "address1": null,
                "address2": null,
                "address3": null,
                "city": null,
                "stateId": null,
                "pinCode": null,
                "phones": null,
                "fax": null,
                "email": null,
                "remarks": null,
                "path": null,
                "createdOn": null,
                "createdBy": null,
                "updatedOn": null,
                "updatedBy": null
            },
            {
                "subDivisionalOfficeId": 67,
                "agencyId": 1,
                "regionalOfficeId": 3,
                "circleOfficeId": 10001,
                "divisionalOfficeId": 17,
                "subDivisionalOffice": "Kolad",
                "address1": null,
                "address2": null,
                "address3": null,
                "city": null,
                "stateId": null,
                "pinCode": null,
                "phones": null,
                "fax": null,
                "email": null,
                "remarks": null,
                "path": null,
                "createdOn": null,
                "createdBy": null,
                "updatedOn": null,
                "updatedBy": null
            },
            {
                "subDivisionalOfficeId": 66,
                "agencyId": 1,
                "regionalOfficeId": 3,
                "circleOfficeId": 10001,
                "divisionalOfficeId": 17,
                "subDivisionalOffice": "Bhima SD, Sholapur",
                "address1": null,
                "address2": null,
                "address3": null,
                "city": null,
                "stateId": null,
                "pinCode": null,
                "phones": null,
                "fax": null,
                "email": null,
                "remarks": null,
                "path": null,
                "createdOn": null,
                "createdBy": null,
                "updatedOn": null,
                "updatedBy": null
            },
            {
                "subDivisionalOfficeId": 77,
                "agencyId": 1,
                "regionalOfficeId": 3,
                "circleOfficeId": 7,
                "divisionalOfficeId": 20,
                "subDivisionalOffice": "Middle Krishna SD 1, Bagalkot",
                "address1": "Assistant Engineer,",
                "address2": "Middle Krishna Sub-divn 1, CWC",
                "address3": "Head office Road",
                "city": "Bagalkot",
                "stateId": 10,
                "pinCode": "587 001",
                "phones": "08354 220520",
                "fax": null,
                "email": null,
                "remarks": null,
                "path": null,
                "createdOn": null,
                "createdBy": null,
                "updatedOn": null,
                "updatedBy": null
            },
            {
                "subDivisionalOfficeId": 41,
                "agencyId": 1,
                "regionalOfficeId": 3,
                "circleOfficeId": 6,
                "divisionalOfficeId": 10001,
                "subDivisionalOffice": "Indravati SD, Jagdalpur",
                "address1": "Assistant Engineer",
                "address2": "Indravati Sub-division, CWC,",
                "address3": "Khadak Ghat Para",
                "city": "Jagdalpur",
                "stateId": null,
                "pinCode": "494 001",
                "phones": "07782 228680",
                "fax": null,
                "email": null,
                "remarks": null,
                "path": null,
                "createdOn": null,
                "createdBy": null,
                "updatedOn": null,
                "updatedBy": null
            },
            {
                "subDivisionalOfficeId": 44,
                "agencyId": 1,
                "regionalOfficeId": 3,
                "circleOfficeId": 6,
                "divisionalOfficeId": 10001,
                "subDivisionalOffice": "Lower Godavari 1,Bhardrachalam",
                "address1": "Assistant Engineer,",
                "address2": "Lower Godavari Sub-divn. I, CWC,",
                "address3": "Opp. Sub-Collector's office",
                "city": "Bhadrachalam",
                "stateId": null,
                "pinCode": "507 111",
                "phones": "08743 233043",
                "fax": null,
                "email": null,
                "remarks": null,
                "path": null,
                "createdOn": null,
                "createdBy": null,
                "updatedOn": null,
                "updatedBy": null
            },
            {
                "subDivisionalOfficeId": 45,
                "agencyId": 1,
                "regionalOfficeId": 3,
                "circleOfficeId": 6,
                "divisionalOfficeId": 10001,
                "subDivisionalOffice": "Lower Godavari 2, Rajahmundry",
                "address1": "Assistant Engineer",
                "address2": "Lower Godavari Sub-divn II, CWC",
                "address3": "Opp. R.T.C. Bus stand Complex",
                "city": "Rajahmundry",
                "stateId": null,
                "pinCode": "533 103",
                "phones": "0883 2468753",
                "fax": null,
                "email": null,
                "remarks": null,
                "path": null,
                "createdOn": null,
                "createdBy": null,
                "updatedOn": null,
                "updatedBy": null
            },
            {
                "subDivisionalOfficeId": 46,
                "agencyId": 1,
                "regionalOfficeId": 3,
                "circleOfficeId": 6,
                "divisionalOfficeId": 13,
                "subDivisionalOffice": "Indravati SD, Jagdalpur",
                "address1": "Assistant Engineer,",
                "address2": "Indravati Subdivision, CWC,",
                "address3": "Khadak Ghat Para",
                "city": "Jagdalpur",
                "stateId": null,
                "pinCode": "494 001",
                "phones": "07782 228680",
                "fax": null,
                "email": null,
                "remarks": null,
                "path": null,
                "createdOn": null,
                "createdBy": null,
                "updatedOn": null,
                "updatedBy": null
            },
            {
                "subDivisionalOfficeId": 47,
                "agencyId": 1,
                "regionalOfficeId": 3,
                "circleOfficeId": 6,
                "divisionalOfficeId": 13,
                "subDivisionalOffice": "Lower Godavari 1, Bhadrachalam",
                "address1": "Assistant Engineer, CWC,",
                "address2": "Lower Godavari subdivn 1,",
                "address3": "Opp. Sub Collector's Office",
                "city": "Bhadrachalam",
                "stateId": null,
                "pinCode": "507 111",
                "phones": "08743 233043",
                "fax": null,
                "email": null,
                "remarks": null,
                "path": null,
                "createdOn": null,
                "createdBy": null,
                "updatedOn": null,
                "updatedBy": null
            },
            {
                "subDivisionalOfficeId": 48,
                "agencyId": 1,
                "regionalOfficeId": 3,
                "circleOfficeId": 6,
                "divisionalOfficeId": 13,
                "subDivisionalOffice": "Lower Godavari 2, Rajahmundry",
                "address1": "Assistant Engineer, CWC,",
                "address2": "Lower Godavari Subdivn 2,",
                "address3": "Opp. APSRTC Bus Stand Complex",
                "city": "Rajahmundry",
                "stateId": null,
                "pinCode": "533 103",
                "phones": "0883 2468753",
                "fax": null,
                "email": null,
                "remarks": null,
                "path": null,
                "createdOn": null,
                "createdBy": null,
                "updatedOn": null,
                "updatedBy": null
            },
            {
                "subDivisionalOfficeId": 52,
                "agencyId": 1,
                "regionalOfficeId": 3,
                "circleOfficeId": 6,
                "divisionalOfficeId": 10001,
                "subDivisionalOffice": "Upper Godavari SD, Aurangabad",
                "address1": "Assistant Engineer",
                "address2": "Upper Godavari Sub-divn, CWC,",
                "address3": "Trimurti Chowk, Jawahar Colony",
                "city": "Aurangabad",
                "stateId": null,
                "pinCode": "431 605",
                "phones": "0240 2331492",
                "fax": null,
                "email": null,
                "remarks": null,
                "path": null,
                "createdOn": null,
                "createdBy": null,
                "updatedOn": null,
                "updatedBy": null
            },
            {
                "subDivisionalOfficeId": 54,
                "agencyId": 1,
                "regionalOfficeId": 3,
                "circleOfficeId": 6,
                "divisionalOfficeId": 14,
                "subDivisionalOffice": "Manjira SD, Nizamabad",
                "address1": "Assistant Engineer,",
                "address2": "Manjira subdivision, CWC,",
                "address3": "Water Tank, Kanteswar,",
                "city": "Nizamabad",
                "stateId": null,
                "pinCode": "503 002",
                "phones": "08462 237305",
                "fax": null,
                "email": null,
                "remarks": null,
                "path": null,
                "createdOn": null,
                "createdBy": null,
                "updatedOn": null,
                "updatedBy": null
            },
            {
                "subDivisionalOfficeId": 55,
                "agencyId": 1,
                "regionalOfficeId": 3,
                "circleOfficeId": 6,
                "divisionalOfficeId": 14,
                "subDivisionalOffice": "Purna SD, Nanded",
                "address1": "Assistabt Engineer",
                "address2": "Purna Subdivision, CWC",
                "address3": "Bhagirath Nagar Colony",
                "city": "Nanded",
                "stateId": null,
                "pinCode": "431 605",
                "phones": "02462 2422566",
                "fax": null,
                "email": null,
                "remarks": null,
                "path": null,
                "createdOn": null,
                "createdBy": null,
                "updatedOn": null,
                "updatedBy": null
            },
            {
                "subDivisionalOfficeId": 56,
                "agencyId": 1,
                "regionalOfficeId": 3,
                "circleOfficeId": 6,
                "divisionalOfficeId": 14,
                "subDivisionalOffice": "Upper Godavari SD, Aurangabad",
                "address1": "Assistant Engineer",
                "address2": "Upper Godavari Subdivn, CWC",
                "address3": "Trimurthi Chowk, Jawahar Colony",
                "city": "Aurangabad",
                "stateId": null,
                "pinCode": "431 005",
                "phones": "0240 2331492",
                "fax": null,
                "email": null,
                "remarks": null,
                "path": null,
                "createdOn": null,
                "createdBy": null,
                "updatedOn": null,
                "updatedBy": null
            },
            {
                "subDivisionalOfficeId": 72,
                "agencyId": 1,
                "regionalOfficeId": 3,
                "circleOfficeId": 7,
                "divisionalOfficeId": 19,
                "subDivisionalOffice": "Lower Krishna SD 1, N.S.Dam",
                "address1": "Assistant Engineer",
                "address2": "Lower Krishna Sub-divn 1, CWC,",
                "address3": "Q.No. AE-118, Hill Colony,",
                "city": "Nagarjuna Sagar Dam",
                "stateId": null,
                "pinCode": "508 202",
                "phones": "08680 276878",
                "fax": null,
                "email": null,
                "remarks": null,
                "path": null,
                "createdOn": null,
                "createdBy": null,
                "updatedOn": null,
                "updatedBy": null
            },
            {
                "subDivisionalOfficeId": 73,
                "agencyId": 1,
                "regionalOfficeId": 3,
                "circleOfficeId": 7,
                "divisionalOfficeId": 19,
                "subDivisionalOffice": "Lower Krishna SD2, Vijayawada",
                "address1": "Assistant Engineer,",
                "address2": "Lower Krishna Sub-divn 2, CWC",
                "address3": "Near Prakasham Barrage",
                "city": "Vijayawada",
                "stateId": null,
                "pinCode": "520 001",
                "phones": "0866 2427283",
                "fax": null,
                "email": null,
                "remarks": null,
                "path": null,
                "createdOn": null,
                "createdBy": null,
                "updatedOn": null,
                "updatedBy": null
            },
            {
                "subDivisionalOfficeId": 74,
                "agencyId": 1,
                "regionalOfficeId": 3,
                "circleOfficeId": 7,
                "divisionalOfficeId": 19,
                "subDivisionalOffice": "Lower Tungabhadra SD, Kurnool",
                "address1": "Assistant Engineer",
                "address2": "Lower Tungabhadra sub-divn, CWCV,",
                "address3": "H.No. 50-681/B, Shyamala Nagar",
                "city": "Kurnool Post",
                "stateId": null,
                "pinCode": "518 002",
                "phones": "08518 230854",
                "fax": null,
                "email": null,
                "remarks": null,
                "path": null,
                "createdOn": null,
                "createdBy": null,
                "updatedOn": null,
                "updatedBy": null
            },
            {
                "subDivisionalOfficeId": 75,
                "agencyId": 1,
                "regionalOfficeId": 3,
                "circleOfficeId": 7,
                "divisionalOfficeId": 19,
                "subDivisionalOffice": "Middle Krishna SD 2 , Kurnool",
                "address1": "Assistant Engineer,",
                "address2": "Middle Krishna sub-divn 2, CWC,",
                "address3": "H.No. 5-8-342, Shamala Nagar",
                "city": "Kurnool Post",
                "stateId": null,
                "pinCode": "518 002",
                "phones": "08518 232801",
                "fax": null,
                "email": null,
                "remarks": null,
                "path": null,
                "createdOn": null,
                "createdBy": null,
                "updatedOn": null,
                "updatedBy": null
            },
            {
                "subDivisionalOfficeId": 76,
                "agencyId": 1,
                "regionalOfficeId": 3,
                "circleOfficeId": 7,
                "divisionalOfficeId": 20,
                "subDivisionalOffice": "Bhima SD, Sholapur",
                "address1": "Assistant Engineer,",
                "address2": "Bhima Sub-divn., CWC,",
                "address3": "Plot No. 49, Hotgi Road,",
                "city": "Sholapur",
                "stateId": null,
                "pinCode": "413 003",
                "phones": "0217 2600553",
                "fax": null,
                "email": null,
                "remarks": null,
                "path": null,
                "createdOn": null,
                "createdBy": null,
                "updatedOn": null,
                "updatedBy": null
            },
            {
                "subDivisionalOfficeId": 78,
                "agencyId": 1,
                "regionalOfficeId": 3,
                "circleOfficeId": 7,
                "divisionalOfficeId": 20,
                "subDivisionalOffice": "South Western Rivers SD 4,Goa",
                "address1": "Assistant Engineer,",
                "address2": "South Western Rivers Sub-divn. 4, CWC,",
                "address3": "No.60, Parashuram Nagar,",
                "city": "Bandara Post, Ponda",
                "stateId": null,
                "pinCode": "403 401",
                "phones": "0832 2335605",
                "fax": null,
                "email": null,
                "remarks": null,
                "path": null,
                "createdOn": null,
                "createdBy": null,
                "updatedOn": null,
                "updatedBy": null
            },
            {
                "subDivisionalOfficeId": 79,
                "agencyId": 1,
                "regionalOfficeId": 3,
                "circleOfficeId": 7,
                "divisionalOfficeId": 20,
                "subDivisionalOffice": "Upper Krishna SD 1, KoIhapur",
                "address1": "Assistant Engineer,",
                "address2": "Upper Krishna Sub-divn. 1, CWC",
                "address3": "Plot No.130, Pratik Building",
                "city": "Nehru Nagar, KOLHAPUR",
                "stateId": null,
                "pinCode": "416 012",
                "phones": "0231 2691614",
                "fax": null,
                "email": null,
                "remarks": null,
                "path": null,
                "createdOn": null,
                "createdBy": null,
                "updatedOn": null,
                "updatedBy": null
            },
            {
                "subDivisionalOfficeId": 80,
                "agencyId": 1,
                "regionalOfficeId": 3,
                "circleOfficeId": 7,
                "divisionalOfficeId": 20,
                "subDivisionalOffice": "Upper Krishna SD 2, Miraj",
                "address1": "Assistant Engineer,",
                "address2": "Upper Krishna sub-divn. 2, CWC,",
                "address3": "Fort,",
                "city": "Miraj",
                "stateId": null,
                "pinCode": "416 410",
                "phones": "0233 2222387",
                "fax": null,
                "email": null,
                "remarks": null,
                "path": null,
                "createdOn": null,
                "createdBy": null,
                "updatedOn": null,
                "updatedBy": null
            },
            {
                "subDivisionalOfficeId": 81,
                "agencyId": 1,
                "regionalOfficeId": 3,
                "circleOfficeId": 7,
                "divisionalOfficeId": 20,
                "subDivisionalOffice": "Upper Krishna SD 3, Managaon",
                "address1": "Assistant Engineer,",
                "address2": "Upper Krishna sub-divn. 3, CWC,",
                "address3": "Managaon Post,",
                "city": "Raigad District",
                "stateId": null,
                "pinCode": "402 301",
                "phones": "02140 263821",
                "fax": null,
                "email": null,
                "remarks": null,
                "path": null,
                "createdOn": null,
                "createdBy": null,
                "updatedOn": null,
                "updatedBy": null
            },
            {
                "subDivisionalOfficeId": 104,
                "agencyId": 1,
                "regionalOfficeId": 6,
                "circleOfficeId": 11,
                "divisionalOfficeId": 36,
                "subDivisionalOffice": "Lower Wainganga SD, Chandrapur",
                "address1": "Assistant Engineer",
                "address2": "Lower Wainganga Sub-divn, CWC",
                "address3": "Near Zilla Stadium, Civil Lines",
                "city": "Chandrapur",
                "stateId": null,
                "pinCode": "442 401",
                "phones": "07172 250845",
                "fax": null,
                "email": null,
                "remarks": null,
                "path": null,
                "createdOn": null,
                "createdBy": null,
                "updatedOn": null,
                "updatedBy": null
            },
            {
                "subDivisionalOfficeId": 105,
                "agencyId": 1,
                "regionalOfficeId": 6,
                "circleOfficeId": 11,
                "divisionalOfficeId": 36,
                "subDivisionalOffice": "Penganga Sd, Yeotmal",
                "address1": "Assistant Engineer",
                "address2": "Penganga Sub-division, CWC,",
                "address3": "H.No.13, S.T.Colony, Jamb Road",
                "city": "Wadgaon Post, Yeotmal",
                "stateId": null,
                "pinCode": "445 001",
                "phones": "07232 256040",
                "fax": null,
                "email": null,
                "remarks": null,
                "path": null,
                "createdOn": null,
                "createdBy": null,
                "updatedOn": null,
                "updatedBy": null
            },
            {
                "subDivisionalOfficeId": 106,
                "agencyId": 1,
                "regionalOfficeId": 6,
                "circleOfficeId": 11,
                "divisionalOfficeId": 36,
                "subDivisionalOffice": "Upper Wainganga SD, Nagpur",
                "address1": "Assistant Engineer",
                "address2": "Upper Wainganga Sub-divn, CWC",
                "address3": "CGO Complex, Block 'B', VI floor",
                "city": "Seminary Hills, Nagpur",
                "stateId": null,
                "pinCode": "440 006",
                "phones": "0712 2510746",
                "fax": null,
                "email": null,
                "remarks": null,
                "path": null,
                "createdOn": null,
                "createdBy": null,
                "updatedOn": null,
                "updatedBy": null
            },
            {
                "subDivisionalOfficeId": 107,
                "agencyId": 1,
                "regionalOfficeId": 6,
                "circleOfficeId": 11,
                "divisionalOfficeId": 36,
                "subDivisionalOffice": "Wardha SD, Chandrapur",
                "address1": "Assistant Engineer,",
                "address2": "Wardha Sub-divn, CWC,",
                "address3": "Near Zilla Stadium, Civil lines",
                "city": "Chandrapur",
                "stateId": null,
                "pinCode": "442 401",
                "phones": "07172 250845",
                "fax": null,
                "email": null,
                "remarks": null,
                "path": null,
                "createdOn": null,
                "createdBy": null,
                "updatedOn": null,
                "updatedBy": null
            },
            {
                "subDivisionalOfficeId": 157,
                "agencyId": 3,
                "regionalOfficeId": 12,
                "circleOfficeId": 18,
                "divisionalOfficeId": 52,
                "subDivisionalOffice": "I.I. Sub-Div. No. 3, Mangalore",
                "address1": null,
                "address2": null,
                "address3": null,
                "city": null,
                "stateId": null,
                "pinCode": null,
                "phones": null,
                "fax": null,
                "email": null,
                "remarks": null,
                "path": null,
                "createdOn": null,
                "createdBy": null,
                "updatedOn": null,
                "updatedBy": null
            },
            {
                "subDivisionalOfficeId": 156,
                "agencyId": 3,
                "regionalOfficeId": 12,
                "circleOfficeId": 18,
                "divisionalOfficeId": 52,
                "subDivisionalOffice": "Gauging Sub-Div. No.2, Shimoga",
                "address1": null,
                "address2": null,
                "address3": null,
                "city": null,
                "stateId": null,
                "pinCode": null,
                "phones": null,
                "fax": null,
                "email": null,
                "remarks": null,
                "path": null,
                "createdOn": null,
                "createdBy": null,
                "updatedOn": null,
                "updatedBy": null
            },
            {
                "subDivisionalOfficeId": 155,
                "agencyId": 3,
                "regionalOfficeId": 12,
                "circleOfficeId": 18,
                "divisionalOfficeId": 52,
                "subDivisionalOffice": "Gauging Sub-Div. No.1, Hassan",
                "address1": null,
                "address2": null,
                "address3": null,
                "city": null,
                "stateId": null,
                "pinCode": null,
                "phones": null,
                "fax": null,
                "email": null,
                "remarks": null,
                "path": null,
                "createdOn": null,
                "createdBy": null,
                "updatedOn": null,
                "updatedBy": null
            },
            {
                "subDivisionalOfficeId": 160,
                "agencyId": 3,
                "regionalOfficeId": 12,
                "circleOfficeId": 18,
                "divisionalOfficeId": 53,
                "subDivisionalOffice": "I.I. Sub-Div. No. 4, Bangalore",
                "address1": null,
                "address2": null,
                "address3": null,
                "city": null,
                "stateId": null,
                "pinCode": null,
                "phones": null,
                "fax": null,
                "email": null,
                "remarks": null,
                "path": null,
                "createdOn": null,
                "createdBy": null,
                "updatedOn": null,
                "updatedBy": null
            },
            {
                "subDivisionalOfficeId": 159,
                "agencyId": 3,
                "regionalOfficeId": 12,
                "circleOfficeId": 18,
                "divisionalOfficeId": 53,
                "subDivisionalOffice": "Gauging Sub-Div. No. 4, Mysore",
                "address1": null,
                "address2": null,
                "address3": null,
                "city": null,
                "stateId": null,
                "pinCode": null,
                "phones": null,
                "fax": null,
                "email": null,
                "remarks": null,
                "path": null,
                "createdOn": null,
                "createdBy": null,
                "updatedOn": null,
                "updatedBy": null
            },
            {
                "subDivisionalOfficeId": 158,
                "agencyId": 3,
                "regionalOfficeId": 12,
                "circleOfficeId": 18,
                "divisionalOfficeId": 53,
                "subDivisionalOffice": "Gauging Sub-Div. No. 3, Bangal",
                "address1": null,
                "address2": null,
                "address3": null,
                "city": null,
                "stateId": null,
                "pinCode": null,
                "phones": null,
                "fax": null,
                "email": null,
                "remarks": null,
                "path": null,
                "createdOn": null,
                "createdBy": null,
                "updatedOn": null,
                "updatedBy": null
            },
            {
                "subDivisionalOfficeId": 163,
                "agencyId": 3,
                "regionalOfficeId": 12,
                "circleOfficeId": 19,
                "divisionalOfficeId": 54,
                "subDivisionalOffice": "Gauging Sub-Div. No.4,Gulbarga",
                "address1": null,
                "address2": null,
                "address3": null,
                "city": null,
                "stateId": null,
                "pinCode": null,
                "phones": null,
                "fax": null,
                "email": null,
                "remarks": null,
                "path": null,
                "createdOn": null,
                "createdBy": null,
                "updatedOn": null,
                "updatedBy": null
            },
            {
                "subDivisionalOfficeId": 162,
                "agencyId": 3,
                "regionalOfficeId": 12,
                "circleOfficeId": 19,
                "divisionalOfficeId": 54,
                "subDivisionalOffice": "Gauging Sub-Div. No.2, Dharwad",
                "address1": null,
                "address2": null,
                "address3": null,
                "city": null,
                "stateId": null,
                "pinCode": null,
                "phones": null,
                "fax": null,
                "email": null,
                "remarks": null,
                "path": null,
                "createdOn": null,
                "createdBy": null,
                "updatedOn": null,
                "updatedBy": null
            },
            {
                "subDivisionalOfficeId": 161,
                "agencyId": 3,
                "regionalOfficeId": 12,
                "circleOfficeId": 19,
                "divisionalOfficeId": 54,
                "subDivisionalOffice": "Gauging Sub-Div No.3,Munirabad",
                "address1": null,
                "address2": null,
                "address3": null,
                "city": null,
                "stateId": null,
                "pinCode": null,
                "phones": null,
                "fax": null,
                "email": null,
                "remarks": null,
                "path": null,
                "createdOn": null,
                "createdBy": null,
                "updatedOn": null,
                "updatedBy": null
            },
            {
                "subDivisionalOfficeId": 166,
                "agencyId": 3,
                "regionalOfficeId": 12,
                "circleOfficeId": 19,
                "divisionalOfficeId": 55,
                "subDivisionalOffice": "I.I. Sub-Div. No.3, Belgaum",
                "address1": null,
                "address2": null,
                "address3": null,
                "city": null,
                "stateId": null,
                "pinCode": null,
                "phones": null,
                "fax": null,
                "email": null,
                "remarks": null,
                "path": null,
                "createdOn": null,
                "createdBy": null,
                "updatedOn": null,
                "updatedBy": null
            },
            {
                "subDivisionalOfficeId": 165,
                "agencyId": 3,
                "regionalOfficeId": 12,
                "circleOfficeId": 19,
                "divisionalOfficeId": 55,
                "subDivisionalOffice": "I.I. Sub-Div. No.2, Dharwad",
                "address1": null,
                "address2": null,
                "address3": null,
                "city": null,
                "stateId": null,
                "pinCode": null,
                "phones": null,
                "fax": null,
                "email": null,
                "remarks": null,
                "path": null,
                "createdOn": null,
                "createdBy": null,
                "updatedOn": null,
                "updatedBy": null
            },
            {
                "subDivisionalOfficeId": 164,
                "agencyId": 3,
                "regionalOfficeId": 12,
                "circleOfficeId": 19,
                "divisionalOfficeId": 55,
                "subDivisionalOffice": "I.I. Sub-Div. No.1, Dharwad",
                "address1": null,
                "address2": null,
                "address3": null,
                "city": null,
                "stateId": null,
                "pinCode": null,
                "phones": null,
                "fax": null,
                "email": null,
                "remarks": null,
                "path": null,
                "createdOn": null,
                "createdBy": null,
                "updatedOn": null,
                "updatedBy": null
            },
            {
                "subDivisionalOfficeId": 238,
                "agencyId": 3,
                "regionalOfficeId": 14,
                "circleOfficeId": 25,
                "divisionalOfficeId": 51,
                "subDivisionalOffice": "QA Sub Divisional Office@",
                "address1": null,
                "address2": null,
                "address3": null,
                "city": null,
                "stateId": null,
                "pinCode": null,
                "phones": null,
                "fax": null,
                "email": null,
                "remarks": null,
                "path": null,
                "createdOn": "2024-05-23T15:44:58.215+00:00",
                "createdBy": 0,
                "updatedOn": "2024-05-23T15:56:01.273+00:00",
                "updatedBy": 0
            },
            {
                "subDivisionalOfficeId": 237,
                "agencyId": 3,
                "regionalOfficeId": 11,
                "circleOfficeId": 21,
                "divisionalOfficeId": 48,
                "subDivisionalOffice": "Test2",
                "address1": null,
                "address2": null,
                "address3": null,
                "city": null,
                "stateId": null,
                "pinCode": null,
                "phones": null,
                "fax": null,
                "email": null,
                "remarks": null,
                "path": null,
                "createdOn": "2024-05-06T09:41:40.708+00:00",
                "createdBy": 0,
                "updatedOn": null,
                "updatedBy": null
            },
            {
                "subDivisionalOfficeId": 240,
                "agencyId": 3,
                "regionalOfficeId": 14,
                "circleOfficeId": 26,
                "divisionalOfficeId": 56,
                "subDivisionalOffice": "Testing  Sub Divisional Office",
                "address1": null,
                "address2": null,
                "address3": null,
                "city": null,
                "stateId": null,
                "pinCode": null,
                "phones": null,
                "fax": null,
                "email": null,
                "remarks": null,
                "path": null,
                "createdOn": "2024-05-23T16:41:13.275+00:00",
                "createdBy": 0,
                "updatedOn": null,
                "updatedBy": null
            },
            {
                "subDivisionalOfficeId": 243,
                "agencyId": 3,
                "regionalOfficeId": 15,
                "circleOfficeId": 24,
                "divisionalOfficeId": 60,
                "subDivisionalOffice": "Micro Sub Divisional Office1 ",
                "address1": null,
                "address2": null,
                "address3": null,
                "city": null,
                "stateId": null,
                "pinCode": null,
                "phones": null,
                "fax": null,
                "email": null,
                "remarks": null,
                "path": null,
                "createdOn": "2024-05-23T17:02:18.462+00:00",
                "createdBy": 0,
                "updatedOn": null,
                "updatedBy": null
            },
            {
                "subDivisionalOfficeId": 239,
                "agencyId": 3,
                "regionalOfficeId": 14,
                "circleOfficeId": 27,
                "divisionalOfficeId": 57,
                "subDivisionalOffice": "Micro Sub Divisional Office2",
                "address1": null,
                "address2": null,
                "address3": null,
                "city": null,
                "stateId": null,
                "pinCode": null,
                "phones": null,
                "fax": null,
                "email": null,
                "remarks": null,
                "path": null,
                "createdOn": "2024-05-23T16:04:43.928+00:00",
                "createdBy": 0,
                "updatedOn": "2024-05-23T16:44:41.836+00:00",
                "updatedBy": 0
            },
            {
                "subDivisionalOfficeId": 241,
                "agencyId": 3,
                "regionalOfficeId": 14,
                "circleOfficeId": 26,
                "divisionalOfficeId": 58,
                "subDivisionalOffice": "Micro Sub Divisional Office2",
                "address1": null,
                "address2": null,
                "address3": null,
                "city": null,
                "stateId": null,
                "pinCode": null,
                "phones": null,
                "fax": null,
                "email": null,
                "remarks": null,
                "path": null,
                "createdOn": "2024-05-23T16:50:06.801+00:00",
                "createdBy": 0,
                "updatedOn": null,
                "updatedBy": null
            },
            {
                "subDivisionalOfficeId": 242,
                "agencyId": 3,
                "regionalOfficeId": 14,
                "circleOfficeId": 26,
                "divisionalOfficeId": 58,
                "subDivisionalOffice": "Micro Sub Divisional Office2",
                "address1": null,
                "address2": null,
                "address3": null,
                "city": null,
                "stateId": null,
                "pinCode": null,
                "phones": null,
                "fax": null,
                "email": null,
                "remarks": null,
                "path": null,
                "createdOn": "2024-05-23T16:55:23.513+00:00",
                "createdBy": 0,
                "updatedOn": null,
                "updatedBy": null
            },
            {
                "subDivisionalOfficeId": 244,
                "agencyId": 1,
                "regionalOfficeId": 2,
                "circleOfficeId": 1,
                "divisionalOfficeId": 7,
                "subDivisionalOffice": "CMO",
                "address1": "Ranu Nagar okhla87",
                "address2": "Test55",
                "address3": "Test12",
                "city": "Luckhnow",
                "stateId": 20,
                "pinCode": "110087",
                "phones": "9977453120",
                "fax": "FAX 90",
                "email": "kamran23@gmail.com",
                "remarks": "KamranTest12345",
                "path": "strTesting",
                "createdOn": "2024-02-27T06:30:47.536+00:00",
                "createdBy": 0,
                "updatedOn": "2024-02-27T06:30:47.536+00:00",
                "updatedBy": 0
            },
            {
                "subDivisionalOfficeId": 245,
                "agencyId": 13,
                "regionalOfficeId": 18,
                "circleOfficeId": 28,
                "divisionalOfficeId": 63,
                "subDivisionalOffice": "TestSub",
                "address1": "Test",
                "address2": "Test",
                "address3": "Test",
                "city": "Karna",
                "stateId": 10,
                "pinCode": "111111",
                "phones": "9999999999",
                "fax": "9999999999",
                "email": "Test@gmail.com",
                "remarks": "Check",
                "path": null,
                "createdOn": "2024-06-10T11:49:02.363+00:00",
                "createdBy": 0,
                "updatedOn": null,
                "updatedBy": null
            },
            {
                "subDivisionalOfficeId": 246,
                "agencyId": 26,
                "regionalOfficeId": 23,
                "circleOfficeId": 30,
                "divisionalOfficeId": 64,
                "subDivisionalOffice": "TestBabitaDivisional  ",
                "address1": "delhi",
                "address2": "delhi",
                "address3": "delhi",
                "city": "delhi",
                "stateId": 10,
                "pinCode": "delhi2",
                "phones": "9632574412",
                "fax": "1111111111",
                "email": "babita@gmail.com",
                "remarks": "test",
                "path": null,
                "createdOn": "2024-06-15T11:56:12.783+00:00",
                "createdBy": 0,
                "updatedOn": null,
                "updatedBy": null
            }
        ],
        "masterAgency5So": [
            {
                "sectionOfficeId": 30,
                "agencyId": 1,
                "regionalOfficeId": 3,
                "circleOfficeId": 6,
                "divisionalOfficeId": 13,
                "subDivisionalOfficeId": 47,
                "sectionOffice": "Bhadrachalam",
                "address1": null,
                "address2": null,
                "address3": null,
                "city": null,
                "stateId": null,
                "pinCode": null,
                "phones": null,
                "fax": null,
                "email": null,
                "remarks": null,
                "path": null,
                "createdOn": null,
                "createdBy": null,
                "updatedOn": null,
                "updatedBy": null
            },
            {
                "sectionOfficeId": 146,
                "agencyId": 1,
                "regionalOfficeId": 6,
                "circleOfficeId": 11,
                "divisionalOfficeId": 36,
                "subDivisionalOfficeId": 104,
                "sectionOffice": "Rajoli",
                "address1": null,
                "address2": null,
                "address3": null,
                "city": null,
                "stateId": null,
                "pinCode": null,
                "phones": null,
                "fax": null,
                "email": null,
                "remarks": null,
                "path": null,
                "createdOn": null,
                "createdBy": null,
                "updatedOn": null,
                "updatedBy": null
            },
            {
                "sectionOfficeId": 143,
                "agencyId": 1,
                "regionalOfficeId": 6,
                "circleOfficeId": 11,
                "divisionalOfficeId": 36,
                "subDivisionalOfficeId": 104,
                "sectionOffice": "Miradpalli",
                "address1": null,
                "address2": null,
                "address3": null,
                "city": null,
                "stateId": null,
                "pinCode": null,
                "phones": null,
                "fax": null,
                "email": null,
                "remarks": null,
                "path": null,
                "createdOn": null,
                "createdBy": null,
                "updatedOn": null,
                "updatedBy": null
            },
            {
                "sectionOfficeId": 161,
                "agencyId": 1,
                "regionalOfficeId": 6,
                "circleOfficeId": 11,
                "divisionalOfficeId": 36,
                "subDivisionalOfficeId": 107,
                "sectionOffice": "Bishnur",
                "address1": null,
                "address2": null,
                "address3": null,
                "city": null,
                "stateId": null,
                "pinCode": null,
                "phones": null,
                "fax": null,
                "email": null,
                "remarks": null,
                "path": null,
                "createdOn": null,
                "createdBy": null,
                "updatedOn": null,
                "updatedBy": null
            },
            {
                "sectionOfficeId": 42,
                "agencyId": 1,
                "regionalOfficeId": 3,
                "circleOfficeId": 6,
                "divisionalOfficeId": 13,
                "subDivisionalOfficeId": 10001,
                "sectionOffice": "Site Bhadrachalam",
                "address1": null,
                "address2": null,
                "address3": null,
                "city": null,
                "stateId": null,
                "pinCode": null,
                "phones": null,
                "fax": null,
                "email": null,
                "remarks": null,
                "path": null,
                "createdOn": null,
                "createdBy": null,
                "updatedOn": null,
                "updatedBy": null
            },
            {
                "sectionOfficeId": 43,
                "agencyId": 1,
                "regionalOfficeId": 3,
                "circleOfficeId": 6,
                "divisionalOfficeId": 13,
                "subDivisionalOfficeId": 10001,
                "sectionOffice": "Site Konta",
                "address1": null,
                "address2": null,
                "address3": null,
                "city": null,
                "stateId": null,
                "pinCode": null,
                "phones": null,
                "fax": null,
                "email": null,
                "remarks": null,
                "path": null,
                "createdOn": null,
                "createdBy": null,
                "updatedOn": null,
                "updatedBy": null
            },
            {
                "sectionOfficeId": 44,
                "agencyId": 1,
                "regionalOfficeId": 3,
                "circleOfficeId": 6,
                "divisionalOfficeId": 13,
                "subDivisionalOfficeId": 10001,
                "sectionOffice": "Site Perur",
                "address1": null,
                "address2": null,
                "address3": null,
                "city": null,
                "stateId": null,
                "pinCode": null,
                "phones": null,
                "fax": null,
                "email": null,
                "remarks": null,
                "path": null,
                "createdOn": null,
                "createdBy": null,
                "updatedOn": null,
                "updatedBy": null
            },
            {
                "sectionOfficeId": 45,
                "agencyId": 1,
                "regionalOfficeId": 3,
                "circleOfficeId": 6,
                "divisionalOfficeId": 13,
                "subDivisionalOfficeId": 10001,
                "sectionOffice": "Site Sangam",
                "address1": null,
                "address2": null,
                "address3": null,
                "city": null,
                "stateId": null,
                "pinCode": null,
                "phones": null,
                "fax": null,
                "email": null,
                "remarks": null,
                "path": null,
                "createdOn": null,
                "createdBy": null,
                "updatedOn": null,
                "updatedBy": null
            },
            {
                "sectionOfficeId": 46,
                "agencyId": 1,
                "regionalOfficeId": 3,
                "circleOfficeId": 6,
                "divisionalOfficeId": 13,
                "subDivisionalOfficeId": 10001,
                "sectionOffice": "Site Somanpally",
                "address1": null,
                "address2": null,
                "address3": null,
                "city": null,
                "stateId": null,
                "pinCode": null,
                "phones": null,
                "fax": null,
                "email": null,
                "remarks": null,
                "path": null,
                "createdOn": null,
                "createdBy": null,
                "updatedOn": null,
                "updatedBy": null
            },
            {
                "sectionOfficeId": 54,
                "agencyId": 1,
                "regionalOfficeId": 3,
                "circleOfficeId": 6,
                "divisionalOfficeId": 10001,
                "subDivisionalOfficeId": 49,
                "sectionOffice": "Site Saigaon",
                "address1": null,
                "address2": null,
                "address3": null,
                "city": null,
                "stateId": null,
                "pinCode": null,
                "phones": null,
                "fax": null,
                "email": null,
                "remarks": null,
                "path": null,
                "createdOn": null,
                "createdBy": null,
                "updatedOn": null,
                "updatedBy": null
            },
            {
                "sectionOfficeId": 53,
                "agencyId": 1,
                "regionalOfficeId": 3,
                "circleOfficeId": 6,
                "divisionalOfficeId": 10001,
                "subDivisionalOfficeId": 49,
                "sectionOffice": "Site Mancherial",
                "address1": null,
                "address2": null,
                "address3": null,
                "city": null,
                "stateId": null,
                "pinCode": null,
                "phones": null,
                "fax": null,
                "email": null,
                "remarks": null,
                "path": null,
                "createdOn": null,
                "createdBy": null,
                "updatedOn": null,
                "updatedBy": null
            },
            {
                "sectionOfficeId": 52,
                "agencyId": 1,
                "regionalOfficeId": 3,
                "circleOfficeId": 6,
                "divisionalOfficeId": 10001,
                "subDivisionalOfficeId": 49,
                "sectionOffice": "Site Gandlapet",
                "address1": null,
                "address2": null,
                "address3": null,
                "city": null,
                "stateId": null,
                "pinCode": null,
                "phones": null,
                "fax": null,
                "email": null,
                "remarks": null,
                "path": null,
                "createdOn": null,
                "createdBy": null,
                "updatedOn": null,
                "updatedBy": null
            },
            {
                "sectionOfficeId": 51,
                "agencyId": 1,
                "regionalOfficeId": 3,
                "circleOfficeId": 6,
                "divisionalOfficeId": 10001,
                "subDivisionalOfficeId": 49,
                "sectionOffice": "Site Degloor",
                "address1": null,
                "address2": null,
                "address3": null,
                "city": null,
                "stateId": null,
                "pinCode": null,
                "phones": null,
                "fax": null,
                "email": null,
                "remarks": null,
                "path": null,
                "createdOn": null,
                "createdBy": null,
                "updatedOn": null,
                "updatedBy": null
            },
            {
                "sectionOfficeId": 50,
                "agencyId": 1,
                "regionalOfficeId": 3,
                "circleOfficeId": 6,
                "divisionalOfficeId": 10001,
                "subDivisionalOfficeId": 49,
                "sectionOffice": "Site Betmogra",
                "address1": null,
                "address2": null,
                "address3": null,
                "city": null,
                "stateId": null,
                "pinCode": null,
                "phones": null,
                "fax": null,
                "email": null,
                "remarks": null,
                "path": null,
                "createdOn": null,
                "createdBy": null,
                "updatedOn": null,
                "updatedBy": null
            },
            {
                "sectionOfficeId": 58,
                "agencyId": 1,
                "regionalOfficeId": 3,
                "circleOfficeId": 6,
                "divisionalOfficeId": 10001,
                "subDivisionalOfficeId": 50,
                "sectionOffice": "Site Zari",
                "address1": null,
                "address2": null,
                "address3": null,
                "city": null,
                "stateId": null,
                "pinCode": null,
                "phones": null,
                "fax": null,
                "email": null,
                "remarks": null,
                "path": null,
                "createdOn": null,
                "createdBy": null,
                "updatedOn": null,
                "updatedBy": null
            },
            {
                "sectionOfficeId": 57,
                "agencyId": 1,
                "regionalOfficeId": 3,
                "circleOfficeId": 6,
                "divisionalOfficeId": 10001,
                "subDivisionalOfficeId": 50,
                "sectionOffice": "Site Yelli",
                "address1": null,
                "address2": null,
                "address3": null,
                "city": null,
                "stateId": null,
                "pinCode": null,
                "phones": null,
                "fax": null,
                "email": null,
                "remarks": null,
                "path": null,
                "createdOn": null,
                "createdBy": null,
                "updatedOn": null,
                "updatedBy": null
            },
            {
                "sectionOfficeId": 56,
                "agencyId": 1,
                "regionalOfficeId": 3,
                "circleOfficeId": 6,
                "divisionalOfficeId": 10001,
                "subDivisionalOfficeId": 50,
                "sectionOffice": "Site Purna",
                "address1": null,
                "address2": null,
                "address3": null,
                "city": null,
                "stateId": null,
                "pinCode": null,
                "phones": null,
                "fax": null,
                "email": null,
                "remarks": null,
                "path": null,
                "createdOn": null,
                "createdBy": null,
                "updatedOn": null,
                "updatedBy": null
            },
            {
                "sectionOfficeId": 55,
                "agencyId": 1,
                "regionalOfficeId": 3,
                "circleOfficeId": 6,
                "divisionalOfficeId": 10001,
                "subDivisionalOfficeId": 50,
                "sectionOffice": "Site G.R.Bridge",
                "address1": null,
                "address2": null,
                "address3": null,
                "city": null,
                "stateId": null,
                "pinCode": null,
                "phones": null,
                "fax": null,
                "email": null,
                "remarks": null,
                "path": null,
                "createdOn": null,
                "createdBy": null,
                "updatedOn": null,
                "updatedBy": null
            },
            {
                "sectionOfficeId": 3,
                "agencyId": 1,
                "regionalOfficeId": 3,
                "circleOfficeId": 6,
                "divisionalOfficeId": 10001,
                "subDivisionalOfficeId": 41,
                "sectionOffice": "Site Cherribeda",
                "address1": null,
                "address2": null,
                "address3": null,
                "city": null,
                "stateId": null,
                "pinCode": null,
                "phones": null,
                "fax": null,
                "email": null,
                "remarks": null,
                "path": null,
                "createdOn": null,
                "createdBy": null,
                "updatedOn": null,
                "updatedBy": null
            },
            {
                "sectionOfficeId": 35,
                "agencyId": 1,
                "regionalOfficeId": 3,
                "circleOfficeId": 6,
                "divisionalOfficeId": 13,
                "subDivisionalOfficeId": 47,
                "sectionOffice": "Site Bhadrachalam",
                "address1": null,
                "address2": null,
                "address3": null,
                "city": null,
                "stateId": null,
                "pinCode": null,
                "phones": null,
                "fax": null,
                "email": null,
                "remarks": null,
                "path": null,
                "createdOn": null,
                "createdBy": null,
                "updatedOn": null,
                "updatedBy": null
            },
            {
                "sectionOfficeId": 60,
                "agencyId": 1,
                "regionalOfficeId": 3,
                "circleOfficeId": 6,
                "divisionalOfficeId": 10001,
                "subDivisionalOfficeId": 52,
                "sectionOffice": "Site Pachegaon",
                "address1": null,
                "address2": null,
                "address3": null,
                "city": null,
                "stateId": null,
                "pinCode": null,
                "phones": null,
                "fax": null,
                "email": null,
                "remarks": null,
                "path": null,
                "createdOn": null,
                "createdBy": null,
                "updatedOn": null,
                "updatedBy": null
            },
            {
                "sectionOfficeId": 59,
                "agencyId": 1,
                "regionalOfficeId": 3,
                "circleOfficeId": 6,
                "divisionalOfficeId": 10001,
                "subDivisionalOfficeId": 52,
                "sectionOffice": "Site Dhalegaon",
                "address1": null,
                "address2": null,
                "address3": null,
                "city": null,
                "stateId": null,
                "pinCode": null,
                "phones": null,
                "fax": null,
                "email": null,
                "remarks": null,
                "path": null,
                "createdOn": null,
                "createdBy": null,
                "updatedOn": null,
                "updatedBy": null
            },
            {
                "sectionOfficeId": 1,
                "agencyId": 1,
                "regionalOfficeId": 1,
                "circleOfficeId": 4,
                "divisionalOfficeId": 6,
                "subDivisionalOfficeId": 23,
                "sectionOffice": "c",
                "address1": null,
                "address2": null,
                "address3": null,
                "city": null,
                "stateId": null,
                "pinCode": null,
                "phones": null,
                "fax": null,
                "email": null,
                "remarks": null,
                "path": null,
                "createdOn": null,
                "createdBy": null,
                "updatedOn": null,
                "updatedBy": null
            },
            {
                "sectionOfficeId": 2,
                "agencyId": 1,
                "regionalOfficeId": 3,
                "circleOfficeId": 6,
                "divisionalOfficeId": 10001,
                "subDivisionalOfficeId": 41,
                "sectionOffice": "Site Ambabal",
                "address1": null,
                "address2": null,
                "address3": null,
                "city": null,
                "stateId": null,
                "pinCode": null,
                "phones": null,
                "fax": null,
                "email": null,
                "remarks": null,
                "path": null,
                "createdOn": null,
                "createdBy": null,
                "updatedOn": null,
                "updatedBy": null
            },
            {
                "sectionOfficeId": 14,
                "agencyId": 1,
                "regionalOfficeId": 3,
                "circleOfficeId": 6,
                "divisionalOfficeId": 10001,
                "subDivisionalOfficeId": 10001,
                "sectionOffice": "Site Sangam",
                "address1": null,
                "address2": null,
                "address3": null,
                "city": null,
                "stateId": null,
                "pinCode": null,
                "phones": null,
                "fax": null,
                "email": null,
                "remarks": null,
                "path": null,
                "createdOn": null,
                "createdBy": null,
                "updatedOn": null,
                "updatedBy": null
            },
            {
                "sectionOfficeId": 10,
                "agencyId": 1,
                "regionalOfficeId": 3,
                "circleOfficeId": 6,
                "divisionalOfficeId": 10001,
                "subDivisionalOfficeId": 41,
                "sectionOffice": "Site Tumnar",
                "address1": null,
                "address2": null,
                "address3": null,
                "city": null,
                "stateId": null,
                "pinCode": null,
                "phones": null,
                "fax": null,
                "email": null,
                "remarks": null,
                "path": null,
                "createdOn": null,
                "createdBy": null,
                "updatedOn": null,
                "updatedBy": null
            },
            {
                "sectionOfficeId": 9,
                "agencyId": 1,
                "regionalOfficeId": 3,
                "circleOfficeId": 6,
                "divisionalOfficeId": 10001,
                "subDivisionalOfficeId": 41,
                "sectionOffice": "Site Sonarpal",
                "address1": null,
                "address2": null,
                "address3": null,
                "city": null,
                "stateId": null,
                "pinCode": null,
                "phones": null,
                "fax": null,
                "email": null,
                "remarks": null,
                "path": null,
                "createdOn": null,
                "createdBy": null,
                "updatedOn": null,
                "updatedBy": null
            },
            {
                "sectionOfficeId": 8,
                "agencyId": 1,
                "regionalOfficeId": 3,
                "circleOfficeId": 6,
                "divisionalOfficeId": 10001,
                "subDivisionalOfficeId": 41,
                "sectionOffice": "Site Pathagudem",
                "address1": null,
                "address2": null,
                "address3": null,
                "city": null,
                "stateId": null,
                "pinCode": null,
                "phones": null,
                "fax": null,
                "email": null,
                "remarks": null,
                "path": null,
                "createdOn": null,
                "createdBy": null,
                "updatedOn": null,
                "updatedBy": null
            },
            {
                "sectionOfficeId": 7,
                "agencyId": 1,
                "regionalOfficeId": 3,
                "circleOfficeId": 6,
                "divisionalOfficeId": 10001,
                "subDivisionalOfficeId": 41,
                "sectionOffice": "Site Nowrangpur",
                "address1": null,
                "address2": null,
                "address3": null,
                "city": null,
                "stateId": null,
                "pinCode": null,
                "phones": null,
                "fax": null,
                "email": null,
                "remarks": null,
                "path": null,
                "createdOn": null,
                "createdBy": null,
                "updatedOn": null,
                "updatedBy": null
            },
            {
                "sectionOfficeId": 6,
                "agencyId": 1,
                "regionalOfficeId": 3,
                "circleOfficeId": 6,
                "divisionalOfficeId": 10001,
                "subDivisionalOfficeId": 41,
                "sectionOffice": "Site Kosagumda",
                "address1": null,
                "address2": null,
                "address3": null,
                "city": null,
                "stateId": null,
                "pinCode": null,
                "phones": null,
                "fax": null,
                "email": null,
                "remarks": null,
                "path": null,
                "createdOn": null,
                "createdBy": null,
                "updatedOn": null,
                "updatedBy": null
            },
            {
                "sectionOfficeId": 5,
                "agencyId": 1,
                "regionalOfficeId": 3,
                "circleOfficeId": 6,
                "divisionalOfficeId": 10001,
                "subDivisionalOfficeId": 41,
                "sectionOffice": "Site Jagdalpur",
                "address1": null,
                "address2": null,
                "address3": null,
                "city": null,
                "stateId": null,
                "pinCode": null,
                "phones": null,
                "fax": null,
                "email": null,
                "remarks": null,
                "path": null,
                "createdOn": null,
                "createdBy": null,
                "updatedOn": null,
                "updatedBy": null
            },
            {
                "sectionOfficeId": 4,
                "agencyId": 1,
                "regionalOfficeId": 3,
                "circleOfficeId": 6,
                "divisionalOfficeId": 10001,
                "subDivisionalOfficeId": 41,
                "sectionOffice": "Site Chindnar",
                "address1": null,
                "address2": null,
                "address3": null,
                "city": null,
                "stateId": null,
                "pinCode": null,
                "phones": null,
                "fax": null,
                "email": null,
                "remarks": null,
                "path": null,
                "createdOn": null,
                "createdBy": null,
                "updatedOn": null,
                "updatedBy": null
            },
            {
                "sectionOfficeId": 15,
                "agencyId": 1,
                "regionalOfficeId": 3,
                "circleOfficeId": 6,
                "divisionalOfficeId": 10001,
                "subDivisionalOfficeId": 44,
                "sectionOffice": "Site Somanpally",
                "address1": null,
                "address2": null,
                "address3": null,
                "city": null,
                "stateId": null,
                "pinCode": null,
                "phones": null,
                "fax": null,
                "email": null,
                "remarks": null,
                "path": null,
                "createdOn": null,
                "createdBy": null,
                "updatedOn": null,
                "updatedBy": null
            },
            {
                "sectionOfficeId": 13,
                "agencyId": 1,
                "regionalOfficeId": 3,
                "circleOfficeId": 6,
                "divisionalOfficeId": 10001,
                "subDivisionalOfficeId": 44,
                "sectionOffice": "Site Prur",
                "address1": null,
                "address2": null,
                "address3": null,
                "city": null,
                "stateId": null,
                "pinCode": null,
                "phones": null,
                "fax": null,
                "email": null,
                "remarks": null,
                "path": null,
                "createdOn": null,
                "createdBy": null,
                "updatedOn": null,
                "updatedBy": null
            },
            {
                "sectionOfficeId": 12,
                "agencyId": 1,
                "regionalOfficeId": 3,
                "circleOfficeId": 6,
                "divisionalOfficeId": 10001,
                "subDivisionalOfficeId": 44,
                "sectionOffice": "Site Konta",
                "address1": null,
                "address2": null,
                "address3": null,
                "city": null,
                "stateId": null,
                "pinCode": null,
                "phones": null,
                "fax": null,
                "email": null,
                "remarks": null,
                "path": null,
                "createdOn": null,
                "createdBy": null,
                "updatedOn": null,
                "updatedBy": null
            },
            {
                "sectionOfficeId": 11,
                "agencyId": 1,
                "regionalOfficeId": 3,
                "circleOfficeId": 6,
                "divisionalOfficeId": 10001,
                "subDivisionalOfficeId": 44,
                "sectionOffice": "Site BhadrachAlam",
                "address1": null,
                "address2": null,
                "address3": null,
                "city": null,
                "stateId": null,
                "pinCode": null,
                "phones": null,
                "fax": null,
                "email": null,
                "remarks": null,
                "path": null,
                "createdOn": null,
                "createdBy": null,
                "updatedOn": null,
                "updatedBy": null
            },
            {
                "sectionOfficeId": 18,
                "agencyId": 1,
                "regionalOfficeId": 3,
                "circleOfficeId": 6,
                "divisionalOfficeId": 10001,
                "subDivisionalOfficeId": 45,
                "sectionOffice": "Site Saradaput",
                "address1": null,
                "address2": null,
                "address3": null,
                "city": null,
                "stateId": null,
                "pinCode": null,
                "phones": null,
                "fax": null,
                "email": null,
                "remarks": null,
                "path": null,
                "createdOn": null,
                "createdBy": null,
                "updatedOn": null,
                "updatedBy": null
            },
            {
                "sectionOfficeId": 17,
                "agencyId": 1,
                "regionalOfficeId": 3,
                "circleOfficeId": 6,
                "divisionalOfficeId": 10001,
                "subDivisionalOfficeId": 45,
                "sectionOffice": "Site Potteru",
                "address1": null,
                "address2": null,
                "address3": null,
                "city": null,
                "stateId": null,
                "pinCode": null,
                "phones": null,
                "fax": null,
                "email": null,
                "remarks": null,
                "path": null,
                "createdOn": null,
                "createdBy": null,
                "updatedOn": null,
                "updatedBy": null
            },
            {
                "sectionOfficeId": 16,
                "agencyId": 1,
                "regionalOfficeId": 3,
                "circleOfficeId": 6,
                "divisionalOfficeId": 10001,
                "subDivisionalOfficeId": 45,
                "sectionOffice": "Site Polavaram",
                "address1": null,
                "address2": null,
                "address3": null,
                "city": null,
                "stateId": null,
                "pinCode": null,
                "phones": null,
                "fax": null,
                "email": null,
                "remarks": null,
                "path": null,
                "createdOn": null,
                "createdBy": null,
                "updatedOn": null,
                "updatedBy": null
            },
            {
                "sectionOfficeId": 160,
                "agencyId": 1,
                "regionalOfficeId": 6,
                "circleOfficeId": 11,
                "divisionalOfficeId": 36,
                "subDivisionalOfficeId": 107,
                "sectionOffice": "Bhatpalli",
                "address1": null,
                "address2": null,
                "address3": null,
                "city": null,
                "stateId": null,
                "pinCode": null,
                "phones": null,
                "fax": null,
                "email": null,
                "remarks": null,
                "path": null,
                "createdOn": null,
                "createdBy": null,
                "updatedOn": null,
                "updatedBy": null
            },
            {
                "sectionOfficeId": 109,
                "agencyId": 1,
                "regionalOfficeId": 3,
                "circleOfficeId": 7,
                "divisionalOfficeId": 20,
                "subDivisionalOfficeId": 77,
                "sectionOffice": "Cholachguda",
                "address1": "Site-in-Charge, CWC,",
                "address2": "Cholachguda Post",
                "address3": "Badami Taluk",
                "city": "Bijapur District",
                "stateId": 10,
                "pinCode": "587 201",
                "phones": null,
                "fax": null,
                "email": null,
                "remarks": null,
                "path": null,
                "createdOn": null,
                "createdBy": null,
                "updatedOn": null,
                "updatedBy": null
            },
            {
                "sectionOfficeId": 110,
                "agencyId": 1,
                "regionalOfficeId": 3,
                "circleOfficeId": 7,
                "divisionalOfficeId": 20,
                "subDivisionalOfficeId": 77,
                "sectionOffice": "Daddi",
                "address1": "Site-in-Charge, CWC,",
                "address2": "Daddi Post",
                "address3": "Hukkeri Taluk",
                "city": "Belgaum District",
                "stateId": 10,
                "pinCode": "591 254",
                "phones": null,
                "fax": null,
                "email": null,
                "remarks": null,
                "path": null,
                "createdOn": null,
                "createdBy": null,
                "updatedOn": null,
                "updatedBy": null
            },
            {
                "sectionOfficeId": 111,
                "agencyId": 1,
                "regionalOfficeId": 3,
                "circleOfficeId": 7,
                "divisionalOfficeId": 20,
                "subDivisionalOfficeId": 77,
                "sectionOffice": "Galgali",
                "address1": "Site-in-Charge, CWC,",
                "address2": "Galgali Post",
                "address3": "Bilagi Taluk",
                "city": "Bijapur district",
                "stateId": 10,
                "pinCode": "587 117",
                "phones": null,
                "fax": null,
                "email": null,
                "remarks": null,
                "path": null,
                "createdOn": null,
                "createdBy": null,
                "updatedOn": null,
                "updatedBy": null
            },
            {
                "sectionOfficeId": 112,
                "agencyId": 1,
                "regionalOfficeId": 3,
                "circleOfficeId": 7,
                "divisionalOfficeId": 20,
                "subDivisionalOfficeId": 77,
                "sectionOffice": "Gotak Falls",
                "address1": "Site-in-Charge, CWC,",
                "address2": "Gokak Falls, Opp. Telephone Exchange",
                "address3": "Gokak Post",
                "city": "Belgaum District",
                "stateId": 10,
                "pinCode": "591 307",
                "phones": null,
                "fax": null,
                "email": null,
                "remarks": null,
                "path": null,
                "createdOn": null,
                "createdBy": null,
                "updatedOn": null,
                "updatedBy": null
            },
            {
                "sectionOfficeId": 113,
                "agencyId": 1,
                "regionalOfficeId": 3,
                "circleOfficeId": 7,
                "divisionalOfficeId": 20,
                "subDivisionalOfficeId": 77,
                "sectionOffice": "Gotur",
                "address1": "Site-in-Charge, CWC,",
                "address2": "Gotur Village, Hebbal Post",
                "address3": "Hukkeri Taluk",
                "city": "Belgaum district",
                "stateId": 10,
                "pinCode": null,
                "phones": null,
                "fax": null,
                "email": null,
                "remarks": null,
                "path": null,
                "createdOn": null,
                "createdBy": null,
                "updatedOn": null,
                "updatedBy": null
            },
            {
                "sectionOfficeId": 114,
                "agencyId": 1,
                "regionalOfficeId": 3,
                "circleOfficeId": 7,
                "divisionalOfficeId": 20,
                "subDivisionalOfficeId": 77,
                "sectionOffice": "Mudhol",
                "address1": "Site-in-Charge, CWC,",
                "address2": "Midhol, Ballur Village",
                "address3": "Jeerangal Post",
                "city": "Bijapur District",
                "stateId": 10,
                "pinCode": "581 313",
                "phones": null,
                "fax": null,
                "email": null,
                "remarks": null,
                "path": null,
                "createdOn": null,
                "createdBy": null,
                "updatedOn": null,
                "updatedBy": null
            },
            {
                "sectionOfficeId": 115,
                "agencyId": 1,
                "regionalOfficeId": 3,
                "circleOfficeId": 7,
                "divisionalOfficeId": 20,
                "subDivisionalOfficeId": 77,
                "sectionOffice": "Navalgund",
                "address1": "Site-in-Charge, CWC,",
                "address2": "C/o N D Hawalad",
                "address3": "Navalgund Post",
                "city": "Dharwar District",
                "stateId": 10,
                "pinCode": null,
                "phones": null,
                "fax": null,
                "email": null,
                "remarks": null,
                "path": null,
                "createdOn": null,
                "createdBy": null,
                "updatedOn": null,
                "updatedBy": null
            },
            {
                "sectionOfficeId": 116,
                "agencyId": 1,
                "regionalOfficeId": 3,
                "circleOfficeId": 7,
                "divisionalOfficeId": 20,
                "subDivisionalOfficeId": 77,
                "sectionOffice": "Talikot",
                "address1": "Site-in-Charge, CWC,",
                "address2": "C/o Raykar Oil Agencies",
                "address3": "Talikot Post",
                "city": "Bijapur District",
                "stateId": 10,
                "pinCode": "586 214",
                "phones": null,
                "fax": null,
                "email": null,
                "remarks": null,
                "path": null,
                "createdOn": null,
                "createdBy": null,
                "updatedOn": null,
                "updatedBy": null
            },
            {
                "sectionOfficeId": 88,
                "agencyId": 1,
                "regionalOfficeId": 3,
                "circleOfficeId": 7,
                "divisionalOfficeId": 19,
                "subDivisionalOfficeId": 74,
                "sectionOffice": "Oollenur",
                "address1": "Site-in-Charge, CWC,",
                "address2": "Oollenur Post",
                "address3": "Gangavathy Taluk",
                "city": "Raichur District",
                "stateId": 10,
                "pinCode": "583 229",
                "phones": null,
                "fax": null,
                "email": null,
                "remarks": null,
                "path": null,
                "createdOn": null,
                "createdBy": null,
                "updatedOn": null,
                "updatedBy": null
            },
            {
                "sectionOfficeId": 89,
                "agencyId": 1,
                "regionalOfficeId": 3,
                "circleOfficeId": 7,
                "divisionalOfficeId": 19,
                "subDivisionalOfficeId": 74,
                "sectionOffice": "T.Ramapuram",
                "address1": "Site-in-Charge, CWC,",
                "address2": "T.Ramapuram, Kuruvalli Post",
                "address3": "Singuppa Taluk",
                "city": "Ballary District",
                "stateId": 10,
                "pinCode": "583 121",
                "phones": null,
                "fax": null,
                "email": null,
                "remarks": null,
                "path": null,
                "createdOn": null,
                "createdBy": null,
                "updatedOn": null,
                "updatedBy": null
            },
            {
                "sectionOfficeId": 85,
                "agencyId": 1,
                "regionalOfficeId": 3,
                "circleOfficeId": 7,
                "divisionalOfficeId": 19,
                "subDivisionalOfficeId": 74,
                "sectionOffice": "Deongaon",
                "address1": "Site-in-Charge, CWC,",
                "address2": "Deongaon Post",
                "address3": "Sindgi Taluk",
                "city": "Bijapur District",
                "stateId": 10,
                "pinCode": null,
                "phones": null,
                "fax": null,
                "email": null,
                "remarks": null,
                "path": null,
                "createdOn": null,
                "createdBy": null,
                "updatedOn": null,
                "updatedBy": null
            },
            {
                "sectionOfficeId": 90,
                "agencyId": 1,
                "regionalOfficeId": 3,
                "circleOfficeId": 7,
                "divisionalOfficeId": 19,
                "subDivisionalOfficeId": 75,
                "sectionOffice": "Deosugur",
                "address1": "Site-in-Charge, CWC,",
                "address2": "Deosugur Post",
                "address3": "Via) Yermorus",
                "city": "Raichur District",
                "stateId": 10,
                "pinCode": "584 101",
                "phones": null,
                "fax": null,
                "email": null,
                "remarks": null,
                "path": null,
                "createdOn": null,
                "createdBy": null,
                "updatedOn": null,
                "updatedBy": null
            },
            {
                "sectionOfficeId": 91,
                "agencyId": 1,
                "regionalOfficeId": 3,
                "circleOfficeId": 7,
                "divisionalOfficeId": 19,
                "subDivisionalOfficeId": 75,
                "sectionOffice": "Huvinhedgi",
                "address1": "Site-in-Charge, CWC,",
                "address2": "Huvinhedgi Post",
                "address3": "Devdurg Taluk",
                "city": "Raichur District",
                "stateId": 10,
                "pinCode": "584 111",
                "phones": null,
                "fax": null,
                "email": null,
                "remarks": null,
                "path": null,
                "createdOn": null,
                "createdBy": null,
                "updatedOn": null,
                "updatedBy": null
            },
            {
                "sectionOfficeId": 94,
                "agencyId": 1,
                "regionalOfficeId": 3,
                "circleOfficeId": 7,
                "divisionalOfficeId": 19,
                "subDivisionalOfficeId": 75,
                "sectionOffice": "Malkhed",
                "address1": "Sikte-in-Charge, CWC,",
                "address2": "Malkhed Post",
                "address3": "Sedam Taluk",
                "city": "Gulbarga District",
                "stateId": 10,
                "pinCode": "585 317",
                "phones": null,
                "fax": null,
                "email": null,
                "remarks": null,
                "path": null,
                "createdOn": null,
                "createdBy": null,
                "updatedOn": null,
                "updatedBy": null
            },
            {
                "sectionOfficeId": 95,
                "agencyId": 1,
                "regionalOfficeId": 3,
                "circleOfficeId": 7,
                "divisionalOfficeId": 19,
                "subDivisionalOfficeId": 75,
                "sectionOffice": "Yadgir",
                "address1": "Site-in-Charge, CWC,",
                "address2": "Yadgir Post,",
                "address3": "Gulbarga District",
                "city": null,
                "stateId": 10,
                "pinCode": "585 802",
                "phones": null,
                "fax": null,
                "email": null,
                "remarks": null,
                "path": null,
                "createdOn": null,
                "createdBy": null,
                "updatedOn": null,
                "updatedBy": null
            },
            {
                "sectionOfficeId": 99,
                "agencyId": 1,
                "regionalOfficeId": 3,
                "circleOfficeId": 7,
                "divisionalOfficeId": 20,
                "subDivisionalOfficeId": 76,
                "sectionOffice": "Kokangaon",
                "address1": "Site-in-Charge, CWC,",
                "address2": "Kokangaon, Chanchan Post",
                "address3": "Indi Taluk",
                "city": "Bijapur District",
                "stateId": 10,
                "pinCode": "586 205",
                "phones": null,
                "fax": null,
                "email": null,
                "remarks": null,
                "path": null,
                "createdOn": null,
                "createdBy": null,
                "updatedOn": null,
                "updatedBy": null
            },
            {
                "sectionOfficeId": 105,
                "agencyId": 1,
                "regionalOfficeId": 3,
                "circleOfficeId": 7,
                "divisionalOfficeId": 20,
                "subDivisionalOfficeId": 76,
                "sectionOffice": "Shirdhon",
                "address1": "Site-in-Charge, CWC,",
                "address2": "Shirdhon Post",
                "address3": "Indi Taluk",
                "city": "Bijapur District",
                "stateId": 10,
                "pinCode": "586 205",
                "phones": null,
                "fax": null,
                "email": null,
                "remarks": null,
                "path": null,
                "createdOn": null,
                "createdBy": null,
                "updatedOn": null,
                "updatedBy": null
            },
            {
                "sectionOfficeId": 130,
                "agencyId": 1,
                "regionalOfficeId": 3,
                "circleOfficeId": 7,
                "divisionalOfficeId": 20,
                "subDivisionalOfficeId": 80,
                "sectionOffice": "Pandegaon",
                "address1": "Site-in-Charge, CWC,",
                "address2": "Pandegaon Post",
                "address3": "Khilegaon Taluk",
                "city": "Belgaum District",
                "stateId": 10,
                "pinCode": null,
                "phones": null,
                "fax": null,
                "email": null,
                "remarks": null,
                "path": null,
                "createdOn": null,
                "createdBy": null,
                "updatedOn": null,
                "updatedBy": null
            },
            {
                "sectionOfficeId": 65,
                "agencyId": 1,
                "regionalOfficeId": 3,
                "circleOfficeId": 6,
                "divisionalOfficeId": 14,
                "subDivisionalOfficeId": 54,
                "sectionOffice": "Saigaon",
                "address1": "Site in Charge, CWC,",
                "address2": "Saigaon Post",
                "address3": "Bhalki Taluk",
                "city": "Bidar District",
                "stateId": 10,
                "pinCode": "585 431",
                "phones": null,
                "fax": null,
                "email": null,
                "remarks": null,
                "path": null,
                "createdOn": null,
                "createdBy": null,
                "updatedOn": null,
                "updatedBy": null
            },
            {
                "sectionOfficeId": 254,
                "agencyId": 3,
                "regionalOfficeId": 11,
                "circleOfficeId": 21,
                "divisionalOfficeId": 48,
                "subDivisionalOfficeId": 237,
                "sectionOffice": "Test3",
                "address1": null,
                "address2": null,
                "address3": null,
                "city": null,
                "stateId": null,
                "pinCode": null,
                "phones": null,
                "fax": null,
                "email": null,
                "remarks": null,
                "path": null,
                "createdOn": "2024-05-06T09:41:49.252+00:00",
                "createdBy": 0,
                "updatedOn": null,
                "updatedBy": null
            },
            {
                "sectionOfficeId": 255,
                "agencyId": 3,
                "regionalOfficeId": 14,
                "circleOfficeId": 25,
                "divisionalOfficeId": 51,
                "subDivisionalOfficeId": 238,
                "sectionOffice": "QA Section Office@",
                "address1": null,
                "address2": null,
                "address3": null,
                "city": null,
                "stateId": null,
                "pinCode": null,
                "phones": null,
                "fax": null,
                "email": null,
                "remarks": null,
                "path": null,
                "createdOn": "2024-05-23T15:45:41.419+00:00",
                "createdBy": 0,
                "updatedOn": "2024-05-23T15:56:12.567+00:00",
                "updatedBy": 0
            },
            {
                "sectionOfficeId": 257,
                "agencyId": 3,
                "regionalOfficeId": 14,
                "circleOfficeId": 26,
                "divisionalOfficeId": 56,
                "subDivisionalOfficeId": 240,
                "sectionOffice": "Testing Section Office ",
                "address1": null,
                "address2": null,
                "address3": null,
                "city": null,
                "stateId": null,
                "pinCode": null,
                "phones": null,
                "fax": null,
                "email": null,
                "remarks": null,
                "path": null,
                "createdOn": "2024-05-23T16:41:40.685+00:00",
                "createdBy": 0,
                "updatedOn": null,
                "updatedBy": null
            },
            {
                "sectionOfficeId": 263,
                "agencyId": 3,
                "regionalOfficeId": 12,
                "circleOfficeId": 18,
                "divisionalOfficeId": 52,
                "subDivisionalOfficeId": 155,
                "sectionOffice": "test3",
                "address1": null,
                "address2": null,
                "address3": null,
                "city": null,
                "stateId": null,
                "pinCode": null,
                "phones": null,
                "fax": null,
                "email": null,
                "remarks": null,
                "path": null,
                "createdOn": "2024-05-28T12:47:40.215+00:00",
                "createdBy": 0,
                "updatedOn": null,
                "updatedBy": null
            },
            {
                "sectionOfficeId": 258,
                "agencyId": 3,
                "regionalOfficeId": 14,
                "circleOfficeId": 26,
                "divisionalOfficeId": 58,
                "subDivisionalOfficeId": 241,
                "sectionOffice": "Microware Section Office2",
                "address1": null,
                "address2": null,
                "address3": null,
                "city": null,
                "stateId": null,
                "pinCode": null,
                "phones": null,
                "fax": null,
                "email": null,
                "remarks": null,
                "path": null,
                "createdOn": "2024-05-23T16:51:19.866+00:00",
                "createdBy": 0,
                "updatedOn": null,
                "updatedBy": null
            },
            {
                "sectionOfficeId": 256,
                "agencyId": 3,
                "regionalOfficeId": 14,
                "circleOfficeId": 27,
                "divisionalOfficeId": 57,
                "subDivisionalOfficeId": 239,
                "sectionOffice": "Microware Section Office@2",
                "address1": null,
                "address2": null,
                "address3": null,
                "city": null,
                "stateId": null,
                "pinCode": null,
                "phones": null,
                "fax": null,
                "email": null,
                "remarks": null,
                "path": null,
                "createdOn": "2024-05-23T16:04:43.928+00:00",
                "createdBy": 0,
                "updatedOn": "2024-05-23T16:54:51.093+00:00",
                "updatedBy": 0
            },
            {
                "sectionOfficeId": 259,
                "agencyId": 3,
                "regionalOfficeId": 14,
                "circleOfficeId": 26,
                "divisionalOfficeId": 58,
                "subDivisionalOfficeId": 241,
                "sectionOffice": "Microware Section Office2",
                "address1": null,
                "address2": null,
                "address3": null,
                "city": null,
                "stateId": null,
                "pinCode": null,
                "phones": null,
                "fax": null,
                "email": null,
                "remarks": null,
                "path": null,
                "createdOn": "2024-05-23T16:55:46.784+00:00",
                "createdBy": 0,
                "updatedOn": "2024-05-23T16:57:04.761+00:00",
                "updatedBy": 0
            },
            {
                "sectionOfficeId": 261,
                "agencyId": 3,
                "regionalOfficeId": 12,
                "circleOfficeId": 18,
                "divisionalOfficeId": 52,
                "subDivisionalOfficeId": 156,
                "sectionOffice": "test",
                "address1": null,
                "address2": null,
                "address3": null,
                "city": null,
                "stateId": null,
                "pinCode": null,
                "phones": null,
                "fax": null,
                "email": null,
                "remarks": null,
                "path": null,
                "createdOn": "2024-05-28T12:47:11.364+00:00",
                "createdBy": 0,
                "updatedOn": null,
                "updatedBy": null
            },
            {
                "sectionOfficeId": 262,
                "agencyId": 3,
                "regionalOfficeId": 12,
                "circleOfficeId": 18,
                "divisionalOfficeId": 52,
                "subDivisionalOfficeId": 157,
                "sectionOffice": "test2",
                "address1": null,
                "address2": null,
                "address3": null,
                "city": null,
                "stateId": null,
                "pinCode": null,
                "phones": null,
                "fax": null,
                "email": null,
                "remarks": null,
                "path": null,
                "createdOn": "2024-05-28T12:47:27.386+00:00",
                "createdBy": 0,
                "updatedOn": null,
                "updatedBy": null
            },
            {
                "sectionOfficeId": 264,
                "agencyId": 3,
                "regionalOfficeId": 12,
                "circleOfficeId": 19,
                "divisionalOfficeId": 54,
                "subDivisionalOfficeId": 162,
                "sectionOffice": "test",
                "address1": null,
                "address2": null,
                "address3": null,
                "city": null,
                "stateId": null,
                "pinCode": null,
                "phones": null,
                "fax": null,
                "email": null,
                "remarks": null,
                "path": null,
                "createdOn": "2024-05-28T13:03:56.295+00:00",
                "createdBy": 0,
                "updatedOn": null,
                "updatedBy": null
            },
            {
                "sectionOfficeId": 252,
                "agencyId": 12,
                "regionalOfficeId": 10,
                "circleOfficeId": 2,
                "divisionalOfficeId": 10,
                "subDivisionalOfficeId": 20,
                "sectionOffice": "MOB",
                "address1": "SitaPur rani nagar23",
                "address2": "Test123",
                "address3": "Tesing",
                "city": "LakhiPur",
                "stateId": 30,
                "pinCode": "220098",
                "phones": "9977654012",
                "fax": "fax25",
                "email": "kamran@gmail.com",
                "remarks": "testkamran",
                "path": "xyz",
                "createdOn": "2024-02-27T06:31:22.901+00:00",
                "createdBy": 0,
                "updatedOn": "2024-02-27T06:31:22.901+00:00",
                "updatedBy": 0
            },
            {
                "sectionOfficeId": 265,
                "agencyId": 13,
                "regionalOfficeId": 18,
                "circleOfficeId": 28,
                "divisionalOfficeId": 63,
                "subDivisionalOfficeId": 245,
                "sectionOffice": "TestSection",
                "address1": "Test",
                "address2": "Test",
                "address3": "Test",
                "city": "Karna",
                "stateId": 10,
                "pinCode": "111111",
                "phones": "9999999999",
                "fax": "9999999999",
                "email": "Test@gmail.com",
                "remarks": "Check",
                "path": null,
                "createdOn": "2024-06-10T11:49:12.501+00:00",
                "createdBy": 0,
                "updatedOn": null,
                "updatedBy": null
            },
            {
                "sectionOfficeId": 266,
                "agencyId": 3,
                "regionalOfficeId": 12,
                "circleOfficeId": 19,
                "divisionalOfficeId": 54,
                "subDivisionalOfficeId": 163,
                "sectionOffice": "Test",
                "address1": null,
                "address2": null,
                "address3": null,
                "city": null,
                "stateId": null,
                "pinCode": null,
                "phones": null,
                "fax": null,
                "email": null,
                "remarks": null,
                "path": null,
                "createdOn": "2024-06-11T16:31:57.360+00:00",
                "createdBy": 0,
                "updatedOn": null,
                "updatedBy": null
            },
            {
                "sectionOfficeId": 260,
                "agencyId": 3,
                "regionalOfficeId": 15,
                "circleOfficeId": 24,
                "divisionalOfficeId": 60,
                "subDivisionalOfficeId": 243,
                "sectionOffice": "Microware Section Office1",
                "address1": null,
                "address2": null,
                "address3": null,
                "city": null,
                "stateId": null,
                "pinCode": null,
                "phones": null,
                "fax": null,
                "email": null,
                "remarks": null,
                "path": null,
                "createdOn": "2024-05-23T17:02:53.303+00:00",
                "createdBy": 0,
                "updatedOn": "2024-06-14T18:40:07.381+00:00",
                "updatedBy": 0
            },
            {
                "sectionOfficeId": 267,
                "agencyId": 26,
                "regionalOfficeId": 23,
                "circleOfficeId": 30,
                "divisionalOfficeId": 64,
                "subDivisionalOfficeId": 246,
                "sectionOffice": "TestBabitaSection  ",
                "address1": "delhi",
                "address2": "delhi",
                "address3": "delhi",
                "city": "delhi",
                "stateId": 10,
                "pinCode": "delhi2",
                "phones": "9632574412",
                "fax": "1111111111",
                "email": "babita@gmail.com",
                "remarks": "test",
                "path": null,
                "createdOn": "2024-06-15T11:56:48.046+00:00",
                "createdBy": 0,
                "updatedOn": null,
                "updatedBy": null
            }
        ],
        "masterBasin": [
            {
                "basinId": 6,
                "basinCode": "6",
                "basinName": "Godavari",
                "path": null,
                "createdOn": null,
                "createdBy": null,
                "updatedOn": null,
                "updatedBy": null
            },
            {
                "basinId": 7,
                "basinCode": "7",
                "basinName": "Krishna",
                "path": null,
                "createdOn": null,
                "createdBy": null,
                "updatedOn": null,
                "updatedBy": null
            },
            {
                "basinId": 9,
                "basinCode": "9",
                "basinName": "Cauvery",
                "path": null,
                "createdOn": null,
                "createdBy": null,
                "updatedOn": null,
                "updatedBy": null
            },
            {
                "basinId": 15,
                "basinCode": "15",
                "basinName": "W F Rivers Basin",
                "path": null,
                "createdOn": null,
                "createdBy": null,
                "updatedOn": null,
                "updatedBy": null
            },
            {
                "basinId": 25,
                "basinCode": "25",
                "basinName": "Palar",
                "path": null,
                "createdOn": null,
                "createdBy": null,
                "updatedOn": null,
                "updatedBy": null
            },
            {
                "basinId": 27,
                "basinCode": "023",
                "basinName": "TestM",
                "path": null,
                "createdOn": "2024-05-01T13:20:00.008+00:00",
                "createdBy": 0,
                "updatedOn": null,
                "updatedBy": null
            },
            {
                "basinId": 28,
                "basinCode": "963",
                "basinName": "Testb",
                "path": null,
                "createdOn": "2024-05-02T11:02:28.115+00:00",
                "createdBy": 0,
                "updatedOn": null,
                "updatedBy": null
            },
            {
                "basinId": 1,
                "basinCode": "333",
                "basinName": "TestBasin A",
                "path": null,
                "createdOn": "2024-04-22T15:17:55.269+00:00",
                "createdBy": 0,
                "updatedOn": "2024-05-06T06:28:53.738+00:00",
                "updatedBy": 0
            },
            {
                "basinId": 2,
                "basinCode": "123",
                "basinName": "TestBasin B",
                "path": null,
                "createdOn": "2024-04-25T09:56:18.096+00:00",
                "createdBy": 0,
                "updatedOn": "2024-05-06T06:30:36.618+00:00",
                "updatedBy": 0
            },
            {
                "basinId": 30,
                "basinCode": "555",
                "basinName": "QA Priyanka",
                "path": null,
                "createdOn": "2024-05-22T17:09:49.598+00:00",
                "createdBy": 0,
                "updatedOn": null,
                "updatedBy": null
            },
            {
                "basinId": 29,
                "basinCode": "234",
                "basinName": "Micro Team",
                "path": null,
                "createdOn": "2024-05-22T17:08:54.551+00:00",
                "createdBy": 0,
                "updatedOn": "2024-05-23T17:06:10.261+00:00",
                "updatedBy": 0
            },
            {
                "basinId": 31,
                "basinCode": "124",
                "basinName": "TestN",
                "path": null,
                "createdOn": "2024-05-27T15:37:25.530+00:00",
                "createdBy": 0,
                "updatedOn": null,
                "updatedBy": null
            },
            {
                "basinId": 32,
                "basinCode": "11",
                "basinName": "test",
                "path": null,
                "createdOn": "2024-05-27T16:41:03.048+00:00",
                "createdBy": 0,
                "updatedOn": null,
                "updatedBy": null
            },
            {
                "basinId": 33,
                "basinCode": "988",
                "basinName": "cod",
                "path": null,
                "createdOn": "2024-05-27T16:42:57.880+00:00",
                "createdBy": 0,
                "updatedOn": null,
                "updatedBy": null
            },
            {
                "basinId": 34,
                "basinCode": "21",
                "basinName": "tst",
                "path": null,
                "createdOn": "2024-05-27T16:47:56.805+00:00",
                "createdBy": 0,
                "updatedOn": null,
                "updatedBy": null
            },
            {
                "basinId": 35,
                "basinCode": "564",
                "basinName": "TestP",
                "path": null,
                "createdOn": "2024-05-27T16:48:20.729+00:00",
                "createdBy": 0,
                "updatedOn": null,
                "updatedBy": null
            },
            {
                "basinId": 36,
                "basinCode": "190",
                "basinName": "TestDev",
                "path": null,
                "createdOn": "2024-05-29T11:07:30.569+00:00",
                "createdBy": 0,
                "updatedOn": null,
                "updatedBy": null
            },
            {
                "basinId": 38,
                "basinCode": "111",
                "basinName": "testsatyam",
                "path": null,
                "createdOn": "2024-05-30T19:10:32.299+00:00",
                "createdBy": 0,
                "updatedOn": null,
                "updatedBy": null
            },
            {
                "basinId": 39,
                "basinCode": "100",
                "basinName": "BasinK",
                "path": null,
                "createdOn": "2024-06-04T11:59:49.579+00:00",
                "createdBy": 0,
                "updatedOn": null,
                "updatedBy": null
            },
            {
                "basinId": 26,
                "basinCode": "788",
                "basinName": "KamranTesting",
                "path": "Test123",
                "createdOn": "2024-02-27T06:31:58.691+00:00",
                "createdBy": 0,
                "updatedOn": "2024-02-27T06:31:58.691+00:00",
                "updatedBy": 0
            },
            {
                "basinId": 37,
                "basinCode": "200",
                "basinName": "babi",
                "path": null,
                "createdOn": "2024-05-30T18:20:55.432+00:00",
                "createdBy": 0,
                "updatedOn": "2024-06-14T18:25:31.841+00:00",
                "updatedBy": 0
            },
            {
                "basinId": 40,
                "basinCode": "222",
                "basinName": "TBasin",
                "path": null,
                "createdOn": "2024-06-14T18:26:01.493+00:00",
                "createdBy": 0,
                "updatedOn": null,
                "updatedBy": null
            },
            {
                "basinId": 41,
                "basinCode": "212",
                "basinName": "TB",
                "path": null,
                "createdOn": "2024-06-14T18:31:09.178+00:00",
                "createdBy": 0,
                "updatedOn": "2024-06-14T18:31:45.905+00:00",
                "updatedBy": 0
            },
            {
                "basinId": 42,
                "basinCode": "544",
                "basinName": "TBASIN",
                "path": null,
                "createdOn": "2024-06-14T18:33:52.506+00:00",
                "createdBy": 0,
                "updatedOn": "2024-06-14T18:34:14.530+00:00",
                "updatedBy": 0
            },
            {
                "basinId": 43,
                "basinCode": "23",
                "basinName": "TestBabitaBasin ",
                "path": null,
                "createdOn": "2024-06-15T12:00:27.278+00:00",
                "createdBy": 0,
                "updatedOn": null,
                "updatedBy": null
            }
        ],
        "masterBasinA": [
            {
                "riverId": 18,
                "basinCode": "6",
                "independentRiverName": "Godavari",
                "path": null,
                "createdOn": null,
                "createdBy": null,
                "updatedOn": null,
                "updatedBy": null
            },
            {
                "riverId": 20,
                "basinCode": "7",
                "independentRiverName": "k",
                "path": null,
                "createdOn": null,
                "createdBy": null,
                "updatedOn": null,
                "updatedBy": null
            },
            {
                "riverId": 21,
                "basinCode": "7",
                "independentRiverName": "Krishna",
                "path": null,
                "createdOn": null,
                "createdBy": null,
                "updatedOn": null,
                "updatedBy": null
            },
            {
                "riverId": 114,
                "basinCode": "15",
                "independentRiverName": "Aghanashini",
                "path": null,
                "createdOn": null,
                "createdBy": null,
                "updatedOn": null,
                "updatedBy": null
            },
            {
                "riverId": 115,
                "basinCode": "15",
                "independentRiverName": "Aliyar",
                "path": null,
                "createdOn": null,
                "createdBy": null,
                "updatedOn": null,
                "updatedBy": null
            },
            {
                "riverId": 116,
                "basinCode": "15",
                "independentRiverName": "Amba",
                "path": null,
                "createdOn": null,
                "createdBy": null,
                "updatedOn": null,
                "updatedBy": null
            },
            {
                "riverId": 117,
                "basinCode": "15",
                "independentRiverName": "Ambika",
                "path": null,
                "createdOn": null,
                "createdBy": null,
                "updatedOn": null,
                "updatedBy": null
            },
            {
                "riverId": 118,
                "basinCode": "15",
                "independentRiverName": "Bav",
                "path": null,
                "createdOn": null,
                "createdBy": null,
                "updatedOn": null,
                "updatedBy": null
            },
            {
                "riverId": 119,
                "basinCode": "15",
                "independentRiverName": "Bharathapuzha",
                "path": null,
                "createdOn": null,
                "createdBy": null,
                "updatedOn": null,
                "updatedBy": null
            },
            {
                "riverId": 120,
                "basinCode": "15",
                "independentRiverName": "Bharja",
                "path": null,
                "createdOn": null,
                "createdBy": null,
                "updatedOn": null,
                "updatedBy": null
            },
            {
                "riverId": 121,
                "basinCode": "15",
                "independentRiverName": "Bhogeshwari",
                "path": null,
                "createdOn": null,
                "createdBy": null,
                "updatedOn": null,
                "updatedBy": null
            },
            {
                "riverId": 122,
                "basinCode": "15",
                "independentRiverName": "Chaliyar",
                "path": null,
                "createdOn": null,
                "createdBy": null,
                "updatedOn": null,
                "updatedBy": null
            },
            {
                "riverId": 123,
                "basinCode": "15",
                "independentRiverName": "Daman Ganga",
                "path": null,
                "createdOn": null,
                "createdBy": null,
                "updatedOn": null,
                "updatedBy": null
            },
            {
                "riverId": 124,
                "basinCode": "15",
                "independentRiverName": "Deoghar",
                "path": null,
                "createdOn": null,
                "createdBy": null,
                "updatedOn": null,
                "updatedBy": null
            },
            {
                "riverId": 125,
                "basinCode": "15",
                "independentRiverName": "Gad",
                "path": null,
                "createdOn": null,
                "createdBy": null,
                "updatedOn": null,
                "updatedBy": null
            },
            {
                "riverId": 126,
                "basinCode": "15",
                "independentRiverName": "Gangavali",
                "path": null,
                "createdOn": null,
                "createdBy": null,
                "updatedOn": null,
                "updatedBy": null
            },
            {
                "riverId": 127,
                "basinCode": "15",
                "independentRiverName": "Gurpur",
                "path": null,
                "createdOn": null,
                "createdBy": null,
                "updatedOn": null,
                "updatedBy": null
            },
            {
                "riverId": 128,
                "basinCode": "15",
                "independentRiverName": "Haladi",
                "path": null,
                "createdOn": null,
                "createdBy": null,
                "updatedOn": null,
                "updatedBy": null
            },
            {
                "riverId": 129,
                "basinCode": "15",
                "independentRiverName": "Kadalundi",
                "path": null,
                "createdOn": null,
                "createdBy": null,
                "updatedOn": null,
                "updatedBy": null
            },
            {
                "riverId": 130,
                "basinCode": "15",
                "independentRiverName": "Kajvi",
                "path": null,
                "createdOn": null,
                "createdBy": null,
                "updatedOn": null,
                "updatedBy": null
            },
            {
                "riverId": 131,
                "basinCode": "15",
                "independentRiverName": "Kali",
                "path": null,
                "createdOn": null,
                "createdBy": null,
                "updatedOn": null,
                "updatedBy": null
            },
            {
                "riverId": 132,
                "basinCode": "15",
                "independentRiverName": "Kallada",
                "path": null,
                "createdOn": null,
                "createdBy": null,
                "updatedOn": null,
                "updatedBy": null
            },
            {
                "riverId": 133,
                "basinCode": "15",
                "independentRiverName": "Karli",
                "path": null,
                "createdOn": null,
                "createdBy": null,
                "updatedOn": null,
                "updatedBy": null
            },
            {
                "riverId": 134,
                "basinCode": "15",
                "independentRiverName": "Kodavali",
                "path": null,
                "createdOn": null,
                "createdBy": null,
                "updatedOn": null,
                "updatedBy": null
            },
            {
                "riverId": 135,
                "basinCode": "15",
                "independentRiverName": "Kundalika",
                "path": null,
                "createdOn": null,
                "createdBy": null,
                "updatedOn": null,
                "updatedBy": null
            },
            {
                "riverId": 136,
                "basinCode": "15",
                "independentRiverName": "Kuttyadi",
                "path": null,
                "createdOn": null,
                "createdBy": null,
                "updatedOn": null,
                "updatedBy": null
            },
            {
                "riverId": 137,
                "basinCode": "15",
                "independentRiverName": "Mandovi",
                "path": null,
                "createdOn": null,
                "createdBy": null,
                "updatedOn": null,
                "updatedBy": null
            },
            {
                "riverId": 138,
                "basinCode": "15",
                "independentRiverName": "Mandvi",
                "path": null,
                "createdOn": null,
                "createdBy": null,
                "updatedOn": null,
                "updatedBy": null
            },
            {
                "riverId": 139,
                "basinCode": "15",
                "independentRiverName": "Meenachil",
                "path": null,
                "createdOn": null,
                "createdBy": null,
                "updatedOn": null,
                "updatedBy": null
            },
            {
                "riverId": 140,
                "basinCode": "15",
                "independentRiverName": "Mindhola",
                "path": null,
                "createdOn": null,
                "createdBy": null,
                "updatedOn": null,
                "updatedBy": null
            },
            {
                "riverId": 141,
                "basinCode": "15",
                "independentRiverName": "Muchkundi",
                "path": null,
                "createdOn": null,
                "createdBy": null,
                "updatedOn": null,
                "updatedBy": null
            },
            {
                "riverId": 142,
                "basinCode": "15",
                "independentRiverName": "Muvattupuzha",
                "path": null,
                "createdOn": null,
                "createdBy": null,
                "updatedOn": null,
                "updatedBy": null
            },
            {
                "riverId": 143,
                "basinCode": "15",
                "independentRiverName": "Netravathi",
                "path": null,
                "createdOn": null,
                "createdBy": null,
                "updatedOn": null,
                "updatedBy": null
            },
            {
                "riverId": 144,
                "basinCode": "15",
                "independentRiverName": "Pamba",
                "path": null,
                "createdOn": null,
                "createdBy": null,
                "updatedOn": null,
                "updatedBy": null
            },
            {
                "riverId": 145,
                "basinCode": "15",
                "independentRiverName": "Panvel",
                "path": null,
                "createdOn": null,
                "createdBy": null,
                "updatedOn": null,
                "updatedBy": null
            },
            {
                "riverId": 146,
                "basinCode": "15",
                "independentRiverName": "Par",
                "path": null,
                "createdOn": null,
                "createdBy": null,
                "updatedOn": null,
                "updatedBy": null
            },
            {
                "riverId": 147,
                "basinCode": "15",
                "independentRiverName": "Patalganga",
                "path": null,
                "createdOn": null,
                "createdBy": null,
                "updatedOn": null,
                "updatedBy": null
            },
            {
                "riverId": 148,
                "basinCode": "15",
                "independentRiverName": "Payaswani",
                "path": null,
                "createdOn": null,
                "createdBy": null,
                "updatedOn": null,
                "updatedBy": null
            },
            {
                "riverId": 149,
                "basinCode": "15",
                "independentRiverName": "Pazhayar",
                "path": null,
                "createdOn": null,
                "createdBy": null,
                "updatedOn": null,
                "updatedBy": null
            },
            {
                "riverId": 150,
                "basinCode": "15",
                "independentRiverName": "Periyar",
                "path": null,
                "createdOn": null,
                "createdBy": null,
                "updatedOn": null,
                "updatedBy": null
            },
            {
                "riverId": 151,
                "basinCode": "15",
                "independentRiverName": "Purna",
                "path": null,
                "createdOn": null,
                "createdBy": null,
                "updatedOn": null,
                "updatedBy": null
            },
            {
                "riverId": 152,
                "basinCode": "15",
                "independentRiverName": "Savitri",
                "path": null,
                "createdOn": null,
                "createdBy": null,
                "updatedOn": null,
                "updatedBy": null
            },
            {
                "riverId": 153,
                "basinCode": "15",
                "independentRiverName": "Shastri",
                "path": null,
                "createdOn": null,
                "createdBy": null,
                "updatedOn": null,
                "updatedBy": null
            },
            {
                "riverId": 154,
                "basinCode": "15",
                "independentRiverName": "Sita",
                "path": null,
                "createdOn": null,
                "createdBy": null,
                "updatedOn": null,
                "updatedBy": null
            },
            {
                "riverId": 155,
                "basinCode": "15",
                "independentRiverName": "Swarna",
                "path": null,
                "createdOn": null,
                "createdBy": null,
                "updatedOn": null,
                "updatedBy": null
            },
            {
                "riverId": 156,
                "basinCode": "15",
                "independentRiverName": "Terekhol",
                "path": null,
                "createdOn": null,
                "createdBy": null,
                "updatedOn": null,
                "updatedBy": null
            },
            {
                "riverId": 157,
                "basinCode": "15",
                "independentRiverName": "Tillari",
                "path": null,
                "createdOn": null,
                "createdBy": null,
                "updatedOn": null,
                "updatedBy": null
            },
            {
                "riverId": 158,
                "basinCode": "15",
                "independentRiverName": "Ulhas",
                "path": null,
                "createdOn": null,
                "createdBy": null,
                "updatedOn": null,
                "updatedBy": null
            },
            {
                "riverId": 159,
                "basinCode": "15",
                "independentRiverName": "Vaitarana",
                "path": null,
                "createdOn": null,
                "createdBy": null,
                "updatedOn": null,
                "updatedBy": null
            },
            {
                "riverId": 160,
                "basinCode": "15",
                "independentRiverName": "Vaitarna",
                "path": null,
                "createdOn": null,
                "createdBy": null,
                "updatedOn": null,
                "updatedBy": null
            },
            {
                "riverId": 161,
                "basinCode": "15",
                "independentRiverName": "Valapatnam",
                "path": null,
                "createdOn": null,
                "createdBy": null,
                "updatedOn": null,
                "updatedBy": null
            },
            {
                "riverId": 162,
                "basinCode": "15",
                "independentRiverName": "Vamanapuram",
                "path": null,
                "createdOn": null,
                "createdBy": null,
                "updatedOn": null,
                "updatedBy": null
            },
            {
                "riverId": 163,
                "basinCode": "15",
                "independentRiverName": "Varoli",
                "path": null,
                "createdOn": null,
                "createdBy": null,
                "updatedOn": null,
                "updatedBy": null
            },
            {
                "riverId": 164,
                "basinCode": "15",
                "independentRiverName": "Vashisti",
                "path": null,
                "createdOn": null,
                "createdBy": null,
                "updatedOn": null,
                "updatedBy": null
            },
            {
                "riverId": 165,
                "basinCode": "15",
                "independentRiverName": "Waghotan",
                "path": null,
                "createdOn": null,
                "createdBy": null,
                "updatedOn": null,
                "updatedBy": null
            },
            {
                "riverId": 25,
                "basinCode": "9",
                "independentRiverName": "Cauvery",
                "path": null,
                "createdOn": null,
                "createdBy": null,
                "updatedOn": "2024-04-22T16:04:24.556+00:00",
                "updatedBy": 0
            },
            {
                "riverId": 228,
                "basinCode": "9",
                "independentRiverName": "test",
                "path": null,
                "createdOn": "2024-05-02T04:42:00.600+00:00",
                "createdBy": 0,
                "updatedOn": null,
                "updatedBy": null
            },
            {
                "riverId": 229,
                "basinCode": "6",
                "independentRiverName": "Test River",
                "path": null,
                "createdOn": "2024-05-02T08:42:40.470+00:00",
                "createdBy": 0,
                "updatedOn": null,
                "updatedBy": null
            },
            {
                "riverId": 230,
                "basinCode": "023",
                "independentRiverName": "TestR",
                "path": null,
                "createdOn": "2024-05-02T11:02:53.134+00:00",
                "createdBy": 0,
                "updatedOn": null,
                "updatedBy": null
            },
            {
                "riverId": 231,
                "basinCode": "9",
                "independentRiverName": "testw",
                "path": null,
                "createdOn": "2024-05-02T11:32:05.990+00:00",
                "createdBy": 0,
                "updatedOn": null,
                "updatedBy": null
            },
            {
                "riverId": 232,
                "basinCode": "9",
                "independentRiverName": "testdev",
                "path": null,
                "createdOn": "2024-05-02T11:36:51.775+00:00",
                "createdBy": 0,
                "updatedOn": null,
                "updatedBy": null
            },
            {
                "riverId": 233,
                "basinCode": "023",
                "independentRiverName": "TestRiver",
                "path": null,
                "createdOn": "2024-05-02T12:23:04.213+00:00",
                "createdBy": 0,
                "updatedOn": null,
                "updatedBy": null
            },
            {
                "riverId": 234,
                "basinCode": "023",
                "independentRiverName": "TestN",
                "path": null,
                "createdOn": "2024-05-03T13:06:28.858+00:00",
                "createdBy": 0,
                "updatedOn": null,
                "updatedBy": null
            },
            {
                "riverId": 235,
                "basinCode": "9",
                "independentRiverName": "newtest",
                "path": null,
                "createdOn": "2024-05-07T10:32:06.963+00:00",
                "createdBy": 0,
                "updatedOn": null,
                "updatedBy": null
            },
            {
                "riverId": 225,
                "basinCode": "9",
                "independentRiverName": "demo",
                "path": null,
                "createdOn": "2024-04-22T15:18:22.580+00:00",
                "createdBy": 0,
                "updatedOn": "2024-05-07T10:32:59.995+00:00",
                "updatedBy": 0
            },
            {
                "riverId": 224,
                "basinCode": "6",
                "independentRiverName": "testgodavari",
                "path": null,
                "createdOn": "2024-04-17T17:04:28.433+00:00",
                "createdBy": 0,
                "updatedOn": "2024-05-07T10:33:33.101+00:00",
                "updatedBy": 0
            },
            {
                "riverId": 236,
                "basinCode": "9",
                "independentRiverName": "testdemo",
                "path": null,
                "createdOn": "2024-05-07T10:57:41.859+00:00",
                "createdBy": 0,
                "updatedOn": null,
                "updatedBy": null
            },
            {
                "riverId": 237,
                "basinCode": "555",
                "independentRiverName": "Test Micro Ganga",
                "path": null,
                "createdOn": "2024-05-22T17:14:17.794+00:00",
                "createdBy": 0,
                "updatedOn": "2024-05-22T17:59:45.799+00:00",
                "updatedBy": 0
            },
            {
                "riverId": 238,
                "basinCode": "234",
                "independentRiverName": "Micro Rever",
                "path": null,
                "createdOn": "2024-05-23T17:06:34.432+00:00",
                "createdBy": 0,
                "updatedOn": null,
                "updatedBy": null
            },
            {
                "riverId": 239,
                "basinCode": "555",
                "independentRiverName": "Micro River ",
                "path": null,
                "createdOn": "2024-05-23T17:14:13.563+00:00",
                "createdBy": 0,
                "updatedOn": null,
                "updatedBy": null
            },
            {
                "riverId": 240,
                "basinCode": "124",
                "independentRiverName": "TestRiverN",
                "path": null,
                "createdOn": "2024-05-27T15:38:05.982+00:00",
                "createdBy": 0,
                "updatedOn": null,
                "updatedBy": null
            },
            {
                "riverId": 241,
                "basinCode": "11",
                "independentRiverName": "ganga",
                "path": null,
                "createdOn": "2024-05-27T16:41:47.248+00:00",
                "createdBy": 0,
                "updatedOn": null,
                "updatedBy": null
            },
            {
                "riverId": 243,
                "basinCode": "11",
                "independentRiverName": "adada",
                "path": null,
                "createdOn": "2024-05-27T16:49:40.318+00:00",
                "createdBy": 0,
                "updatedOn": null,
                "updatedBy": null
            },
            {
                "riverId": 244,
                "basinCode": "564",
                "independentRiverName": "peekkh",
                "path": null,
                "createdOn": "2024-05-27T16:51:37.862+00:00",
                "createdBy": 0,
                "updatedOn": "2024-05-27T17:25:07.699+00:00",
                "updatedBy": 0
            },
            {
                "riverId": 245,
                "basinCode": "190",
                "independentRiverName": "Brahmputra",
                "path": null,
                "createdOn": "2024-05-29T11:08:27.858+00:00",
                "createdBy": 0,
                "updatedOn": null,
                "updatedBy": null
            },
            {
                "riverId": 246,
                "basinCode": "200",
                "independentRiverName": "pragya",
                "path": null,
                "createdOn": "2024-05-30T18:23:59.939+00:00",
                "createdBy": 0,
                "updatedOn": null,
                "updatedBy": null
            },
            {
                "riverId": 247,
                "basinCode": "111",
                "independentRiverName": "testganga",
                "path": null,
                "createdOn": "2024-05-30T19:11:32.368+00:00",
                "createdBy": 0,
                "updatedOn": null,
                "updatedBy": null
            },
            {
                "riverId": 248,
                "basinCode": "B79",
                "independentRiverName": "NIL River",
                "path": "Test541",
                "createdOn": "2024-02-27T06:32:28.794+00:00",
                "createdBy": 0,
                "updatedOn": "2024-02-27T06:32:28.794+00:00",
                "updatedBy": 0
            },
            {
                "riverId": 249,
                "basinCode": "212",
                "independentRiverName": "Test",
                "path": null,
                "createdOn": "2024-06-14T18:32:13.192+00:00",
                "createdBy": 0,
                "updatedOn": null,
                "updatedBy": null
            },
            {
                "riverId": 250,
                "basinCode": "23",
                "independentRiverName": "TestBabitaRiver",
                "path": null,
                "createdOn": "2024-06-15T12:02:11.630+00:00",
                "createdBy": 0,
                "updatedOn": null,
                "updatedBy": null
            },
            {
                "riverId": 242,
                "basinCode": "988",
                "independentRiverName": "yam",
                "path": null,
                "createdOn": "2024-05-27T16:43:27.528+00:00",
                "createdBy": 0,
                "updatedOn": "2024-06-17T12:09:53.966+00:00",
                "updatedBy": 0
            }
        ],
        "masterBasinB": [
            {
                "tributaryId": 172,
                "basinCode": "6",
                "riverId": 18,
                "tributary": "Wardha",
                "path": null,
                "createdOn": null,
                "createdBy": null,
                "updatedOn": null,
                "updatedBy": null
            },
            {
                "tributaryId": 171,
                "basinCode": "6",
                "riverId": 18,
                "tributary": "Wainganga",
                "path": null,
                "createdOn": null,
                "createdBy": null,
                "updatedOn": null,
                "updatedBy": null
            },
            {
                "tributaryId": 170,
                "basinCode": "6",
                "riverId": 18,
                "tributary": "Tiryani",
                "path": null,
                "createdOn": null,
                "createdBy": null,
                "updatedOn": null,
                "updatedBy": null
            },
            {
                "tributaryId": 169,
                "basinCode": "6",
                "riverId": 18,
                "tributary": "Taliperu",
                "path": null,
                "createdOn": null,
                "createdBy": null,
                "updatedOn": null,
                "updatedBy": null
            },
            {
                "tributaryId": 168,
                "basinCode": "6",
                "riverId": 18,
                "tributary": "Swarna",
                "path": null,
                "createdOn": null,
                "createdBy": null,
                "updatedOn": null,
                "updatedBy": null
            },
            {
                "tributaryId": 167,
                "basinCode": "6",
                "riverId": 18,
                "tributary": "Suddavagu",
                "path": null,
                "createdOn": null,
                "createdBy": null,
                "updatedOn": null,
                "updatedBy": null
            },
            {
                "tributaryId": 166,
                "basinCode": "6",
                "riverId": 18,
                "tributary": "Sindhphana",
                "path": null,
                "createdOn": null,
                "createdBy": null,
                "updatedOn": null,
                "updatedBy": null
            },
            {
                "tributaryId": 165,
                "basinCode": "6",
                "riverId": 18,
                "tributary": "Siddapur",
                "path": null,
                "createdOn": null,
                "createdBy": null,
                "updatedOn": null,
                "updatedBy": null
            },
            {
                "tributaryId": 164,
                "basinCode": "6",
                "riverId": 18,
                "tributary": "Shivna",
                "path": null,
                "createdOn": null,
                "createdBy": null,
                "updatedOn": null,
                "updatedBy": null
            },
            {
                "tributaryId": 163,
                "basinCode": "6",
                "riverId": 18,
                "tributary": "Seethapalli Vagu",
                "path": null,
                "createdOn": null,
                "createdBy": null,
                "updatedOn": null,
                "updatedBy": null
            },
            {
                "tributaryId": 162,
                "basinCode": "6",
                "riverId": 18,
                "tributary": "Satnala",
                "path": null,
                "createdOn": null,
                "createdBy": null,
                "updatedOn": null,
                "updatedBy": null
            },
            {
                "tributaryId": 161,
                "basinCode": "6",
                "riverId": 18,
                "tributary": "Sabari",
                "path": null,
                "createdOn": null,
                "createdBy": null,
                "updatedOn": null,
                "updatedBy": null
            },
            {
                "tributaryId": 160,
                "basinCode": "6",
                "riverId": 18,
                "tributary": "Rallavagu",
                "path": null,
                "createdOn": null,
                "createdBy": null,
                "updatedOn": null,
                "updatedBy": null
            },
            {
                "tributaryId": 159,
                "basinCode": "6",
                "riverId": 18,
                "tributary": "Purna",
                "path": null,
                "createdOn": null,
                "createdBy": null,
                "updatedOn": null,
                "updatedBy": null
            },
            {
                "tributaryId": 158,
                "basinCode": "6",
                "riverId": 18,
                "tributary": "Pravara",
                "path": null,
                "createdOn": null,
                "createdBy": null,
                "updatedOn": null,
                "updatedBy": null
            },
            {
                "tributaryId": 157,
                "basinCode": "6",
                "riverId": 18,
                "tributary": "Pranhita",
                "path": null,
                "createdOn": null,
                "createdBy": null,
                "updatedOn": null,
                "updatedBy": null
            },
            {
                "tributaryId": 156,
                "basinCode": "6",
                "riverId": 18,
                "tributary": "Poolanvagu",
                "path": null,
                "createdOn": null,
                "createdBy": null,
                "updatedOn": null,
                "updatedBy": null
            },
            {
                "tributaryId": 155,
                "basinCode": "6",
                "riverId": 18,
                "tributary": "Peddavagu",
                "path": null,
                "createdOn": null,
                "createdBy": null,
                "updatedOn": null,
                "updatedBy": null
            },
            {
                "tributaryId": 154,
                "basinCode": "6",
                "riverId": 18,
                "tributary": "Pamuleru",
                "path": null,
                "createdOn": null,
                "createdBy": null,
                "updatedOn": null,
                "updatedBy": null
            },
            {
                "tributaryId": 153,
                "basinCode": "6",
                "riverId": 18,
                "tributary": "Nani",
                "path": null,
                "createdOn": null,
                "createdBy": null,
                "updatedOn": null,
                "updatedBy": null
            },
            {
                "tributaryId": 152,
                "basinCode": "6",
                "riverId": 18,
                "tributary": "Nallavagu",
                "path": null,
                "createdOn": null,
                "createdBy": null,
                "updatedOn": null,
                "updatedBy": null
            },
            {
                "tributaryId": 151,
                "basinCode": "6",
                "riverId": 18,
                "tributary": "Mulavagu",
                "path": null,
                "createdOn": null,
                "createdBy": null,
                "updatedOn": null,
                "updatedBy": null
            },
            {
                "tributaryId": 150,
                "basinCode": "6",
                "riverId": 18,
                "tributary": "Mukkamamidi",
                "path": null,
                "createdOn": null,
                "createdBy": null,
                "updatedOn": null,
                "updatedBy": null
            },
            {
                "tributaryId": 149,
                "basinCode": "6",
                "riverId": 18,
                "tributary": "Masoli",
                "path": null,
                "createdOn": null,
                "createdBy": null,
                "updatedOn": null,
                "updatedBy": null
            },
            {
                "tributaryId": 148,
                "basinCode": "6",
                "riverId": 18,
                "tributary": "Manjira",
                "path": null,
                "createdOn": null,
                "createdBy": null,
                "updatedOn": null,
                "updatedBy": null
            },
            {
                "tributaryId": 147,
                "basinCode": "6",
                "riverId": 18,
                "tributary": "Maner",
                "path": null,
                "createdOn": null,
                "createdBy": null,
                "updatedOn": null,
                "updatedBy": null
            },
            {
                "tributaryId": 146,
                "basinCode": "6",
                "riverId": 18,
                "tributary": "Lakhnavaram Vagu",
                "path": null,
                "createdOn": null,
                "createdBy": null,
                "updatedOn": null,
                "updatedBy": null
            },
            {
                "tributaryId": 145,
                "basinCode": "6",
                "riverId": 18,
                "tributary": "Kovvadakalva",
                "path": null,
                "createdOn": null,
                "createdBy": null,
                "updatedOn": null,
                "updatedBy": null
            },
            {
                "tributaryId": 144,
                "basinCode": "6",
                "riverId": 18,
                "tributary": "Korutlavagu",
                "path": null,
                "createdOn": null,
                "createdBy": null,
                "updatedOn": null,
                "updatedBy": null
            },
            {
                "tributaryId": 143,
                "basinCode": "6",
                "riverId": 18,
                "tributary": "Kinnerasani",
                "path": null,
                "createdOn": null,
                "createdBy": null,
                "updatedOn": null,
                "updatedBy": null
            },
            {
                "tributaryId": 142,
                "basinCode": "6",
                "riverId": 18,
                "tributary": "Karpara",
                "path": null,
                "createdOn": null,
                "createdBy": null,
                "updatedOn": null,
                "updatedBy": null
            },
            {
                "tributaryId": 141,
                "basinCode": "6",
                "riverId": 18,
                "tributary": "Kadwa",
                "path": null,
                "createdOn": null,
                "createdBy": null,
                "updatedOn": null,
                "updatedBy": null
            },
            {
                "tributaryId": 140,
                "basinCode": "6",
                "riverId": 18,
                "tributary": "Kaddam vagu",
                "path": null,
                "createdOn": null,
                "createdBy": null,
                "updatedOn": null,
                "updatedBy": null
            },
            {
                "tributaryId": 139,
                "basinCode": "6",
                "riverId": 18,
                "tributary": "Kaddam",
                "path": null,
                "createdOn": null,
                "createdBy": null,
                "updatedOn": null,
                "updatedBy": null
            },
            {
                "tributaryId": 138,
                "basinCode": "6",
                "riverId": 18,
                "tributary": "Indravathi",
                "path": null,
                "createdOn": null,
                "createdBy": null,
                "updatedOn": null,
                "updatedBy": null
            },
            {
                "tributaryId": 137,
                "basinCode": "6",
                "riverId": 18,
                "tributary": "Haldivagu",
                "path": null,
                "createdOn": null,
                "createdBy": null,
                "updatedOn": null,
                "updatedBy": null
            },
            {
                "tributaryId": 136,
                "basinCode": "6",
                "riverId": 18,
                "tributary": "Gowrarapuvagu",
                "path": null,
                "createdOn": null,
                "createdBy": null,
                "updatedOn": null,
                "updatedBy": null
            },
            {
                "tributaryId": 135,
                "basinCode": "6",
                "riverId": 18,
                "tributary": "Gollavagu",
                "path": null,
                "createdOn": null,
                "createdBy": null,
                "updatedOn": null,
                "updatedBy": null
            },
            {
                "tributaryId": 134,
                "basinCode": "6",
                "riverId": 18,
                "tributary": "Girja",
                "path": null,
                "createdOn": null,
                "createdBy": null,
                "updatedOn": null,
                "updatedBy": null
            },
            {
                "tributaryId": 133,
                "basinCode": "6",
                "riverId": 18,
                "tributary": "Darna",
                "path": null,
                "createdOn": null,
                "createdBy": null,
                "updatedOn": null,
                "updatedBy": null
            },
            {
                "tributaryId": 132,
                "basinCode": "6",
                "riverId": 18,
                "tributary": "Darana",
                "path": null,
                "createdOn": null,
                "createdBy": null,
                "updatedOn": null,
                "updatedBy": null
            },
            {
                "tributaryId": 131,
                "basinCode": "6",
                "riverId": 18,
                "tributary": "Buradakalva",
                "path": null,
                "createdOn": null,
                "createdBy": null,
                "updatedOn": null,
                "updatedBy": null
            },
            {
                "tributaryId": 130,
                "basinCode": "6",
                "riverId": 18,
                "tributary": "Bayyaram Vagu",
                "path": null,
                "createdOn": null,
                "createdBy": null,
                "updatedOn": null,
                "updatedBy": null
            },
            {
                "tributaryId": 129,
                "basinCode": "6",
                "riverId": 18,
                "tributary": "Adhala",
                "path": null,
                "createdOn": null,
                "createdBy": null,
                "updatedOn": null,
                "updatedBy": null
            },
            {
                "tributaryId": 206,
                "basinCode": "7",
                "riverId": 21,
                "tributary": "Yerala",
                "path": null,
                "createdOn": null,
                "createdBy": null,
                "updatedOn": null,
                "updatedBy": null
            },
            {
                "tributaryId": 205,
                "basinCode": "7",
                "riverId": 21,
                "tributary": "Wyra",
                "path": null,
                "createdOn": null,
                "createdBy": null,
                "updatedOn": null,
                "updatedBy": null
            },
            {
                "tributaryId": 204,
                "basinCode": "7",
                "riverId": 21,
                "tributary": "Wasna",
                "path": null,
                "createdOn": null,
                "createdBy": null,
                "updatedOn": null,
                "updatedBy": null
            },
            {
                "tributaryId": 203,
                "basinCode": "7",
                "riverId": 21,
                "tributary": "Warna",
                "path": null,
                "createdOn": null,
                "createdBy": null,
                "updatedOn": null,
                "updatedBy": null
            },
            {
                "tributaryId": 202,
                "basinCode": "7",
                "riverId": 21,
                "tributary": "Wang",
                "path": null,
                "createdOn": null,
                "createdBy": null,
                "updatedOn": null,
                "updatedBy": null
            },
            {
                "tributaryId": 201,
                "basinCode": "7",
                "riverId": 21,
                "tributary": "Urmodi",
                "path": null,
                "createdOn": null,
                "createdBy": null,
                "updatedOn": null,
                "updatedBy": null
            },
            {
                "tributaryId": 200,
                "basinCode": "7",
                "riverId": 21,
                "tributary": "Tungabhadra",
                "path": null,
                "createdOn": null,
                "createdBy": null,
                "updatedOn": null,
                "updatedBy": null
            },
            {
                "tributaryId": 199,
                "basinCode": "7",
                "riverId": 21,
                "tributary": "Tarali",
                "path": null,
                "createdOn": null,
                "createdBy": null,
                "updatedOn": null,
                "updatedBy": null
            },
            {
                "tributaryId": 198,
                "basinCode": "7",
                "riverId": 21,
                "tributary": "Shumbhi",
                "path": null,
                "createdOn": null,
                "createdBy": null,
                "updatedOn": null,
                "updatedBy": null
            },
            {
                "tributaryId": 197,
                "basinCode": "7",
                "riverId": 21,
                "tributary": "Saralasagar Vagu",
                "path": null,
                "createdOn": null,
                "createdBy": null,
                "updatedOn": null,
                "updatedBy": null
            },
            {
                "tributaryId": 196,
                "basinCode": "7",
                "riverId": 21,
                "tributary": "Peddavaru",
                "path": null,
                "createdOn": null,
                "createdBy": null,
                "updatedOn": null,
                "updatedBy": null
            },
            {
                "tributaryId": 195,
                "basinCode": "7",
                "riverId": 21,
                "tributary": "Panchganga",
                "path": null,
                "createdOn": null,
                "createdBy": null,
                "updatedOn": null,
                "updatedBy": null
            },
            {
                "tributaryId": 194,
                "basinCode": "7",
                "riverId": 21,
                "tributary": "Paleru",
                "path": null,
                "createdOn": null,
                "createdBy": null,
                "updatedOn": null,
                "updatedBy": null
            },
            {
                "tributaryId": 193,
                "basinCode": "7",
                "riverId": 21,
                "tributary": "Naguleru",
                "path": null,
                "createdOn": null,
                "createdBy": null,
                "updatedOn": null,
                "updatedBy": null
            },
            {
                "tributaryId": 192,
                "basinCode": "7",
                "riverId": 21,
                "tributary": "Musi",
                "path": null,
                "createdOn": null,
                "createdBy": null,
                "updatedOn": null,
                "updatedBy": null
            },
            {
                "tributaryId": 191,
                "basinCode": "7",
                "riverId": 21,
                "tributary": "Munneru",
                "path": null,
                "createdOn": null,
                "createdBy": null,
                "updatedOn": null,
                "updatedBy": null
            },
            {
                "tributaryId": 190,
                "basinCode": "7",
                "riverId": 21,
                "tributary": "Muniyeru",
                "path": null,
                "createdOn": null,
                "createdBy": null,
                "updatedOn": null,
                "updatedBy": null
            },
            {
                "tributaryId": 189,
                "basinCode": "7",
                "riverId": 21,
                "tributary": "Muner",
                "path": null,
                "createdOn": null,
                "createdBy": null,
                "updatedOn": null,
                "updatedBy": null
            },
            {
                "tributaryId": 188,
                "basinCode": "7",
                "riverId": 21,
                "tributary": "Malaprabha",
                "path": null,
                "createdOn": null,
                "createdBy": null,
                "updatedOn": null,
                "updatedBy": null
            },
            {
                "tributaryId": 187,
                "basinCode": "7",
                "riverId": 21,
                "tributary": "Lower Krishna",
                "path": null,
                "createdOn": null,
                "createdBy": null,
                "updatedOn": null,
                "updatedBy": null
            },
            {
                "tributaryId": 186,
                "basinCode": "7",
                "riverId": 21,
                "tributary": "Lothuvagu",
                "path": null,
                "createdOn": null,
                "createdBy": null,
                "updatedOn": null,
                "updatedBy": null
            },
            {
                "tributaryId": 185,
                "basinCode": "7",
                "riverId": 21,
                "tributary": "Koyna",
                "path": null,
                "createdOn": null,
                "createdBy": null,
                "updatedOn": null,
                "updatedBy": null
            },
            {
                "tributaryId": 184,
                "basinCode": "7",
                "riverId": 21,
                "tributary": "Hundri",
                "path": null,
                "createdOn": null,
                "createdBy": null,
                "updatedOn": null,
                "updatedBy": null
            },
            {
                "tributaryId": 183,
                "basinCode": "7",
                "riverId": 21,
                "tributary": "Halia",
                "path": null,
                "createdOn": null,
                "createdBy": null,
                "updatedOn": null,
                "updatedBy": null
            },
            {
                "tributaryId": 182,
                "basinCode": "7",
                "riverId": 21,
                "tributary": "Ghatprabha",
                "path": null,
                "createdOn": null,
                "createdBy": null,
                "updatedOn": null,
                "updatedBy": null
            },
            {
                "tributaryId": 181,
                "basinCode": "7",
                "riverId": 21,
                "tributary": "Dudhganga",
                "path": null,
                "createdOn": null,
                "createdBy": null,
                "updatedOn": null,
                "updatedBy": null
            },
            {
                "tributaryId": 180,
                "basinCode": "7",
                "riverId": 21,
                "tributary": "Don",
                "path": null,
                "createdOn": null,
                "createdBy": null,
                "updatedOn": null,
                "updatedBy": null
            },
            {
                "tributaryId": 179,
                "basinCode": "7",
                "riverId": 21,
                "tributary": "Dindi",
                "path": null,
                "createdOn": null,
                "createdBy": null,
                "updatedOn": null,
                "updatedBy": null
            },
            {
                "tributaryId": 178,
                "basinCode": "7",
                "riverId": 21,
                "tributary": "Chikotra",
                "path": null,
                "createdOn": null,
                "createdBy": null,
                "updatedOn": null,
                "updatedBy": null
            },
            {
                "tributaryId": 177,
                "basinCode": "7",
                "riverId": 21,
                "tributary": "Bhima",
                "path": null,
                "createdOn": null,
                "createdBy": null,
                "updatedOn": null,
                "updatedBy": null
            },
            {
                "tributaryId": 176,
                "basinCode": "7",
                "riverId": 21,
                "tributary": "Agrani",
                "path": null,
                "createdOn": null,
                "createdBy": null,
                "updatedOn": null,
                "updatedBy": null
            },
            {
                "tributaryId": 248,
                "basinCode": "9",
                "riverId": 25,
                "tributary": "Yagachi",
                "path": null,
                "createdOn": null,
                "createdBy": null,
                "updatedOn": null,
                "updatedBy": null
            },
            {
                "tributaryId": 247,
                "basinCode": "9",
                "riverId": 25,
                "tributary": "Vennar",
                "path": null,
                "createdOn": null,
                "createdBy": null,
                "updatedOn": null,
                "updatedBy": null
            },
            {
                "tributaryId": 246,
                "basinCode": "9",
                "riverId": 25,
                "tributary": "Varathamanadhi",
                "path": null,
                "createdOn": null,
                "createdBy": null,
                "updatedOn": null,
                "updatedBy": null
            },
            {
                "tributaryId": 245,
                "basinCode": "9",
                "riverId": 25,
                "tributary": "Vanjiyar",
                "path": null,
                "createdOn": null,
                "createdBy": null,
                "updatedOn": null,
                "updatedBy": null
            },
            {
                "tributaryId": 244,
                "basinCode": "9",
                "riverId": 25,
                "tributary": "Uppar",
                "path": null,
                "createdOn": null,
                "createdBy": null,
                "updatedOn": null,
                "updatedBy": null
            },
            {
                "tributaryId": 243,
                "basinCode": "9",
                "riverId": 25,
                "tributary": "Thoppaiyar",
                "path": null,
                "createdOn": null,
                "createdBy": null,
                "updatedOn": null,
                "updatedBy": null
            },
            {
                "tributaryId": 242,
                "basinCode": "9",
                "riverId": 25,
                "tributary": "Thirumalairajanar",
                "path": null,
                "createdOn": null,
                "createdBy": null,
                "updatedOn": null,
                "updatedBy": null
            },
            {
                "tributaryId": 241,
                "basinCode": "9",
                "riverId": 25,
                "tributary": "Shimsha",
                "path": null,
                "createdOn": null,
                "createdBy": null,
                "updatedOn": null,
                "updatedBy": null
            },
            {
                "tributaryId": 240,
                "basinCode": "9",
                "riverId": 25,
                "tributary": "Shanmuganadhi",
                "path": null,
                "createdOn": null,
                "createdBy": null,
                "updatedOn": null,
                "updatedBy": null
            },
            {
                "tributaryId": 239,
                "basinCode": "9",
                "riverId": 25,
                "tributary": "Sarabenga",
                "path": null,
                "createdOn": null,
                "createdBy": null,
                "updatedOn": null,
                "updatedBy": null
            },
            {
                "tributaryId": 238,
                "basinCode": "9",
                "riverId": 25,
                "tributary": "Puravadaiyanar",
                "path": null,
                "createdOn": null,
                "createdBy": null,
                "updatedOn": null,
                "updatedBy": null
            },
            {
                "tributaryId": 237,
                "basinCode": "9",
                "riverId": 25,
                "tributary": "Palar",
                "path": null,
                "createdOn": null,
                "createdBy": null,
                "updatedOn": null,
                "updatedBy": null
            },
            {
                "tributaryId": 236,
                "basinCode": "9",
                "riverId": 25,
                "tributary": "Nular",
                "path": null,
                "createdOn": null,
                "createdBy": null,
                "updatedOn": null,
                "updatedBy": null
            },
            {
                "tributaryId": 235,
                "basinCode": "9",
                "riverId": 25,
                "tributary": "Noyyal",
                "path": null,
                "createdOn": null,
                "createdBy": null,
                "updatedOn": null,
                "updatedBy": null
            },
            {
                "tributaryId": 234,
                "basinCode": "9",
                "riverId": 25,
                "tributary": "Nattar",
                "path": null,
                "createdOn": null,
                "createdBy": null,
                "updatedOn": null,
                "updatedBy": null
            },
            {
                "tributaryId": 233,
                "basinCode": "9",
                "riverId": 25,
                "tributary": "Nandalar",
                "path": null,
                "createdOn": null,
                "createdBy": null,
                "updatedOn": null,
                "updatedBy": null
            },
            {
                "tributaryId": 232,
                "basinCode": "9",
                "riverId": 25,
                "tributary": "Nagavathi",
                "path": null,
                "createdOn": null,
                "createdBy": null,
                "updatedOn": null,
                "updatedBy": null
            },
            {
                "tributaryId": 231,
                "basinCode": "9",
                "riverId": 25,
                "tributary": "Marudaiyar",
                "path": null,
                "createdOn": null,
                "createdBy": null,
                "updatedOn": null,
                "updatedBy": null
            },
            {
                "tributaryId": 230,
                "basinCode": "9",
                "riverId": 25,
                "tributary": "Lakshmanthirtha",
                "path": null,
                "createdOn": null,
                "createdBy": null,
                "updatedOn": null,
                "updatedBy": null
            },
            {
                "tributaryId": 229,
                "basinCode": "9",
                "riverId": 25,
                "tributary": "Kundha",
                "path": null,
                "createdOn": null,
                "createdBy": null,
                "updatedOn": null,
                "updatedBy": null
            },
            {
                "tributaryId": 228,
                "basinCode": "9",
                "riverId": 25,
                "tributary": "Kodaganar",
                "path": null,
                "createdOn": null,
                "createdBy": null,
                "updatedOn": null,
                "updatedBy": null
            },
            {
                "tributaryId": 227,
                "basinCode": "9",
                "riverId": 25,
                "tributary": "Kesariguli halla",
                "path": null,
                "createdOn": null,
                "createdBy": null,
                "updatedOn": null,
                "updatedBy": null
            },
            {
                "tributaryId": 226,
                "basinCode": "9",
                "riverId": 25,
                "tributary": "Kabini",
                "path": null,
                "createdOn": null,
                "createdBy": null,
                "updatedOn": null,
                "updatedBy": null
            },
            {
                "tributaryId": 225,
                "basinCode": "9",
                "riverId": 25,
                "tributary": "Hemavathi",
                "path": null,
                "createdOn": null,
                "createdBy": null,
                "updatedOn": null,
                "updatedBy": null
            },
            {
                "tributaryId": 224,
                "basinCode": "9",
                "riverId": 25,
                "tributary": "Coleroon",
                "path": null,
                "createdOn": null,
                "createdBy": null,
                "updatedOn": null,
                "updatedBy": null
            },
            {
                "tributaryId": 223,
                "basinCode": "9",
                "riverId": 25,
                "tributary": "Chittar",
                "path": null,
                "createdOn": null,
                "createdBy": null,
                "updatedOn": null,
                "updatedBy": null
            },
            {
                "tributaryId": 222,
                "basinCode": "9",
                "riverId": 25,
                "tributary": "Chinnar",
                "path": null,
                "createdOn": null,
                "createdBy": null,
                "updatedOn": null,
                "updatedBy": null
            },
            {
                "tributaryId": 221,
                "basinCode": "9",
                "riverId": 25,
                "tributary": "Bhavani",
                "path": null,
                "createdOn": null,
                "createdBy": null,
                "updatedOn": null,
                "updatedBy": null
            },
            {
                "tributaryId": 220,
                "basinCode": "9",
                "riverId": 25,
                "tributary": "Ayyar",
                "path": null,
                "createdOn": null,
                "createdBy": null,
                "updatedOn": null,
                "updatedBy": null
            },
            {
                "tributaryId": 219,
                "basinCode": "9",
                "riverId": 25,
                "tributary": "Ayyan Channel*",
                "path": null,
                "createdOn": null,
                "createdBy": null,
                "updatedOn": null,
                "updatedBy": null
            },
            {
                "tributaryId": 218,
                "basinCode": "9",
                "riverId": 25,
                "tributary": "Arkavathi",
                "path": null,
                "createdOn": null,
                "createdBy": null,
                "updatedOn": null,
                "updatedBy": null
            },
            {
                "tributaryId": 217,
                "basinCode": "9",
                "riverId": 25,
                "tributary": "Ariyar",
                "path": null,
                "createdOn": null,
                "createdBy": null,
                "updatedOn": null,
                "updatedBy": null
            },
            {
                "tributaryId": 216,
                "basinCode": "9",
                "riverId": 25,
                "tributary": "Arasalar",
                "path": null,
                "createdOn": null,
                "createdBy": null,
                "updatedOn": null,
                "updatedBy": null
            },
            {
                "tributaryId": 444,
                "basinCode": "15",
                "riverId": 123,
                "tributary": "Jawhar",
                "path": null,
                "createdOn": null,
                "createdBy": null,
                "updatedOn": null,
                "updatedBy": null
            },
            {
                "tributaryId": 445,
                "basinCode": "15",
                "riverId": 123,
                "tributary": "Sakkartond",
                "path": null,
                "createdOn": null,
                "createdBy": null,
                "updatedOn": null,
                "updatedBy": null
            },
            {
                "tributaryId": 446,
                "basinCode": "15",
                "riverId": 123,
                "tributary": "Wagh",
                "path": null,
                "createdOn": null,
                "createdBy": null,
                "updatedOn": null,
                "updatedBy": null
            },
            {
                "tributaryId": 432,
                "basinCode": "15",
                "riverId": 116,
                "tributary": "Walki",
                "path": null,
                "createdOn": null,
                "createdBy": null,
                "updatedOn": null,
                "updatedBy": null
            },
            {
                "tributaryId": 431,
                "basinCode": "15",
                "riverId": 116,
                "tributary": "Nigade",
                "path": null,
                "createdOn": null,
                "createdBy": null,
                "updatedOn": null,
                "updatedBy": null
            },
            {
                "tributaryId": 439,
                "basinCode": "15",
                "riverId": 119,
                "tributary": "Pulanthodu",
                "path": null,
                "createdOn": null,
                "createdBy": null,
                "updatedOn": null,
                "updatedBy": null
            },
            {
                "tributaryId": 438,
                "basinCode": "15",
                "riverId": 119,
                "tributary": "Palar",
                "path": null,
                "createdOn": null,
                "createdBy": null,
                "updatedOn": null,
                "updatedBy": null
            },
            {
                "tributaryId": 437,
                "basinCode": "15",
                "riverId": 119,
                "tributary": "Kannadipuzha",
                "path": null,
                "createdOn": null,
                "createdBy": null,
                "updatedOn": null,
                "updatedBy": null
            },
            {
                "tributaryId": 436,
                "basinCode": "15",
                "riverId": 119,
                "tributary": "Aliyar",
                "path": null,
                "createdOn": null,
                "createdBy": null,
                "updatedOn": null,
                "updatedBy": null
            },
            {
                "tributaryId": 449,
                "basinCode": "15",
                "riverId": 124,
                "tributary": "Local Nala",
                "path": null,
                "createdOn": null,
                "createdBy": null,
                "updatedOn": null,
                "updatedBy": null
            },
            {
                "tributaryId": 448,
                "basinCode": "15",
                "riverId": 124,
                "tributary": "Kharada",
                "path": null,
                "createdOn": null,
                "createdBy": null,
                "updatedOn": null,
                "updatedBy": null
            },
            {
                "tributaryId": 451,
                "basinCode": "15",
                "riverId": 125,
                "tributary": "Kasal",
                "path": null,
                "createdOn": null,
                "createdBy": null,
                "updatedOn": null,
                "updatedBy": null
            },
            {
                "tributaryId": 457,
                "basinCode": "15",
                "riverId": 130,
                "tributary": "Karanguli",
                "path": null,
                "createdOn": null,
                "createdBy": null,
                "updatedOn": null,
                "updatedBy": null
            },
            {
                "tributaryId": 460,
                "basinCode": "15",
                "riverId": 131,
                "tributary": "Bhagawati",
                "path": null,
                "createdOn": null,
                "createdBy": null,
                "updatedOn": null,
                "updatedBy": null
            },
            {
                "tributaryId": 459,
                "basinCode": "15",
                "riverId": 131,
                "tributary": "Bhagavati",
                "path": null,
                "createdOn": null,
                "createdBy": null,
                "updatedOn": null,
                "updatedBy": null
            },
            {
                "tributaryId": 463,
                "basinCode": "15",
                "riverId": 133,
                "tributary": "Pith Dhaval",
                "path": null,
                "createdOn": null,
                "createdBy": null,
                "updatedOn": null,
                "updatedBy": null
            },
            {
                "tributaryId": 465,
                "basinCode": "15",
                "riverId": 134,
                "tributary": "Arjuna",
                "path": null,
                "createdOn": null,
                "createdBy": null,
                "updatedOn": null,
                "updatedBy": null
            },
            {
                "tributaryId": 468,
                "basinCode": "15",
                "riverId": 135,
                "tributary": "Sambarkund",
                "path": null,
                "createdOn": null,
                "createdBy": null,
                "updatedOn": null,
                "updatedBy": null
            },
            {
                "tributaryId": 467,
                "basinCode": "15",
                "riverId": 135,
                "tributary": "Mhasadi Nala",
                "path": null,
                "createdOn": null,
                "createdBy": null,
                "updatedOn": null,
                "updatedBy": null
            },
            {
                "tributaryId": 471,
                "basinCode": "15",
                "riverId": 137,
                "tributary": "Khandepar",
                "path": null,
                "createdOn": null,
                "createdBy": null,
                "updatedOn": null,
                "updatedBy": null
            },
            {
                "tributaryId": 474,
                "basinCode": "15",
                "riverId": 138,
                "tributary": "Sakindrapad",
                "path": null,
                "createdOn": null,
                "createdBy": null,
                "updatedOn": null,
                "updatedBy": null
            },
            {
                "tributaryId": 473,
                "basinCode": "15",
                "riverId": 138,
                "tributary": "Halther Nala",
                "path": null,
                "createdOn": null,
                "createdBy": null,
                "updatedOn": null,
                "updatedBy": null
            },
            {
                "tributaryId": 478,
                "basinCode": "15",
                "riverId": 141,
                "tributary": "Bhambedi",
                "path": null,
                "createdOn": null,
                "createdBy": null,
                "updatedOn": null,
                "updatedBy": null
            },
            {
                "tributaryId": 480,
                "basinCode": "15",
                "riverId": 142,
                "tributary": "Kaliyar",
                "path": null,
                "createdOn": null,
                "createdBy": null,
                "updatedOn": null,
                "updatedBy": null
            },
            {
                "tributaryId": 484,
                "basinCode": "15",
                "riverId": 144,
                "tributary": "Manimala",
                "path": null,
                "createdOn": null,
                "createdBy": null,
                "updatedOn": null,
                "updatedBy": null
            },
            {
                "tributaryId": 483,
                "basinCode": "15",
                "riverId": 144,
                "tributary": "Achankovil",
                "path": null,
                "createdOn": null,
                "createdBy": null,
                "updatedOn": null,
                "updatedBy": null
            },
            {
                "tributaryId": 487,
                "basinCode": "15",
                "riverId": 145,
                "tributary": "Navdi",
                "path": null,
                "createdOn": null,
                "createdBy": null,
                "updatedOn": null,
                "updatedBy": null
            },
            {
                "tributaryId": 486,
                "basinCode": "15",
                "riverId": 145,
                "tributary": "Kalundri",
                "path": null,
                "createdOn": null,
                "createdBy": null,
                "updatedOn": null,
                "updatedBy": null
            },
            {
                "tributaryId": 489,
                "basinCode": "15",
                "riverId": 146,
                "tributary": "Dholda",
                "path": null,
                "createdOn": null,
                "createdBy": null,
                "updatedOn": null,
                "updatedBy": null
            },
            {
                "tributaryId": 494,
                "basinCode": "15",
                "riverId": 147,
                "tributary": "Ransai",
                "path": null,
                "createdOn": null,
                "createdBy": null,
                "updatedOn": null,
                "updatedBy": null
            },
            {
                "tributaryId": 493,
                "basinCode": "15",
                "riverId": 147,
                "tributary": "Dhavari",
                "path": null,
                "createdOn": null,
                "createdBy": null,
                "updatedOn": null,
                "updatedBy": null
            },
            {
                "tributaryId": 492,
                "basinCode": "15",
                "riverId": 147,
                "tributary": "Bhogeshwari",
                "path": null,
                "createdOn": null,
                "createdBy": null,
                "updatedOn": null,
                "updatedBy": null
            },
            {
                "tributaryId": 491,
                "basinCode": "15",
                "riverId": 147,
                "tributary": "Balganga",
                "path": null,
                "createdOn": null,
                "createdBy": null,
                "updatedOn": null,
                "updatedBy": null
            },
            {
                "tributaryId": 502,
                "basinCode": "15",
                "riverId": 150,
                "tributary": "Sholaiyar",
                "path": null,
                "createdOn": null,
                "createdBy": null,
                "updatedOn": null,
                "updatedBy": null
            },
            {
                "tributaryId": 501,
                "basinCode": "15",
                "riverId": 150,
                "tributary": "Parambikulam",
                "path": null,
                "createdOn": null,
                "createdBy": null,
                "updatedOn": null,
                "updatedBy": null
            },
            {
                "tributaryId": 500,
                "basinCode": "15",
                "riverId": 150,
                "tributary": "Nirar",
                "path": null,
                "createdOn": null,
                "createdBy": null,
                "updatedOn": null,
                "updatedBy": null
            },
            {
                "tributaryId": 499,
                "basinCode": "15",
                "riverId": 150,
                "tributary": "Nallar",
                "path": null,
                "createdOn": null,
                "createdBy": null,
                "updatedOn": null,
                "updatedBy": null
            },
            {
                "tributaryId": 498,
                "basinCode": "15",
                "riverId": 150,
                "tributary": "Chalakudy",
                "path": null,
                "createdOn": null,
                "createdBy": null,
                "updatedOn": null,
                "updatedBy": null
            },
            {
                "tributaryId": 504,
                "basinCode": "15",
                "riverId": 151,
                "tributary": "Zankhari",
                "path": null,
                "createdOn": null,
                "createdBy": null,
                "updatedOn": null,
                "updatedBy": null
            },
            {
                "tributaryId": 509,
                "basinCode": "15",
                "riverId": 152,
                "tributary": "Nageshwari",
                "path": null,
                "createdOn": null,
                "createdBy": null,
                "updatedOn": null,
                "updatedBy": null
            },
            {
                "tributaryId": 508,
                "basinCode": "15",
                "riverId": 152,
                "tributary": "Kotheri nala",
                "path": null,
                "createdOn": null,
                "createdBy": null,
                "updatedOn": null,
                "updatedBy": null
            },
            {
                "tributaryId": 507,
                "basinCode": "15",
                "riverId": 152,
                "tributary": "Kal",
                "path": null,
                "createdOn": null,
                "createdBy": null,
                "updatedOn": null,
                "updatedBy": null
            },
            {
                "tributaryId": 506,
                "basinCode": "15",
                "riverId": 152,
                "tributary": "Gandhari",
                "path": null,
                "createdOn": null,
                "createdBy": null,
                "updatedOn": null,
                "updatedBy": null
            },
            {
                "tributaryId": 512,
                "basinCode": "15",
                "riverId": 153,
                "tributary": "Kapashi",
                "path": null,
                "createdOn": null,
                "createdBy": null,
                "updatedOn": null,
                "updatedBy": null
            },
            {
                "tributaryId": 511,
                "basinCode": "15",
                "riverId": 153,
                "tributary": "Gad",
                "path": null,
                "createdOn": null,
                "createdBy": null,
                "updatedOn": null,
                "updatedBy": null
            },
            {
                "tributaryId": 515,
                "basinCode": "15",
                "riverId": 155,
                "tributary": "Yennehole",
                "path": null,
                "createdOn": null,
                "createdBy": null,
                "updatedOn": null,
                "updatedBy": null
            },
            {
                "tributaryId": 517,
                "basinCode": "15",
                "riverId": 156,
                "tributary": "Dabhil",
                "path": null,
                "createdOn": null,
                "createdBy": null,
                "updatedOn": null,
                "updatedBy": null
            },
            {
                "tributaryId": 527,
                "basinCode": "15",
                "riverId": 158,
                "tributary": "Varna Nala",
                "path": null,
                "createdOn": null,
                "createdBy": null,
                "updatedOn": null,
                "updatedBy": null
            },
            {
                "tributaryId": 526,
                "basinCode": "15",
                "riverId": 158,
                "tributary": "Shilhar",
                "path": null,
                "createdOn": null,
                "createdBy": null,
                "updatedOn": null,
                "updatedBy": null
            },
            {
                "tributaryId": 525,
                "basinCode": "15",
                "riverId": 158,
                "tributary": "Poshir",
                "path": null,
                "createdOn": null,
                "createdBy": null,
                "updatedOn": null,
                "updatedBy": null
            },
            {
                "tributaryId": 524,
                "basinCode": "15",
                "riverId": 158,
                "tributary": "Murbadi",
                "path": null,
                "createdOn": null,
                "createdBy": null,
                "updatedOn": null,
                "updatedBy": null
            },
            {
                "tributaryId": 523,
                "basinCode": "15",
                "riverId": 158,
                "tributary": "Kamvadi",
                "path": null,
                "createdOn": null,
                "createdBy": null,
                "updatedOn": null,
                "updatedBy": null
            },
            {
                "tributaryId": 522,
                "basinCode": "15",
                "riverId": 158,
                "tributary": "Kaman",
                "path": null,
                "createdOn": null,
                "createdBy": null,
                "updatedOn": null,
                "updatedBy": null
            },
            {
                "tributaryId": 521,
                "basinCode": "15",
                "riverId": 158,
                "tributary": "Kalu",
                "path": null,
                "createdOn": null,
                "createdBy": null,
                "updatedOn": null,
                "updatedBy": null
            },
            {
                "tributaryId": 520,
                "basinCode": "15",
                "riverId": 158,
                "tributary": "Bhatsa",
                "path": null,
                "createdOn": null,
                "createdBy": null,
                "updatedOn": null,
                "updatedBy": null
            },
            {
                "tributaryId": 534,
                "basinCode": "15",
                "riverId": 160,
                "tributary": "Tansa",
                "path": null,
                "createdOn": null,
                "createdBy": null,
                "updatedOn": null,
                "updatedBy": null
            },
            {
                "tributaryId": 533,
                "basinCode": "15",
                "riverId": 160,
                "tributary": "Surya",
                "path": null,
                "createdOn": null,
                "createdBy": null,
                "updatedOn": null,
                "updatedBy": null
            },
            {
                "tributaryId": 532,
                "basinCode": "15",
                "riverId": 160,
                "tributary": "Pinjal",
                "path": null,
                "createdOn": null,
                "createdBy": null,
                "updatedOn": null,
                "updatedBy": null
            },
            {
                "tributaryId": 531,
                "basinCode": "15",
                "riverId": 160,
                "tributary": "Dhandela",
                "path": null,
                "createdOn": null,
                "createdBy": null,
                "updatedOn": null,
                "updatedBy": null
            },
            {
                "tributaryId": 530,
                "basinCode": "15",
                "riverId": 160,
                "tributary": "Deherji",
                "path": null,
                "createdOn": null,
                "createdBy": null,
                "updatedOn": null,
                "updatedBy": null
            },
            {
                "tributaryId": 540,
                "basinCode": "15",
                "riverId": 164,
                "tributary": "Nirgudi",
                "path": null,
                "createdOn": null,
                "createdBy": null,
                "updatedOn": null,
                "updatedBy": null
            },
            {
                "tributaryId": 539,
                "basinCode": "15",
                "riverId": 164,
                "tributary": "Jagbudi",
                "path": null,
                "createdOn": null,
                "createdBy": null,
                "updatedOn": null,
                "updatedBy": null
            },
            {
                "tributaryId": 544,
                "basinCode": "15",
                "riverId": 165,
                "tributary": "Sukh",
                "path": null,
                "createdOn": null,
                "createdBy": null,
                "updatedOn": null,
                "updatedBy": null
            },
            {
                "tributaryId": 543,
                "basinCode": "15",
                "riverId": 165,
                "tributary": "Mahadeo Nala",
                "path": null,
                "createdOn": null,
                "createdBy": null,
                "updatedOn": null,
                "updatedBy": null
            },
            {
                "tributaryId": 542,
                "basinCode": "15",
                "riverId": 165,
                "tributary": "Aruna",
                "path": null,
                "createdOn": null,
                "createdBy": null,
                "updatedOn": null,
                "updatedBy": null
            },
            {
                "tributaryId": 215,
                "basinCode": "9",
                "riverId": 25,
                "tributary": "Amaravathi",
                "path": null,
                "createdOn": null,
                "createdBy": null,
                "updatedOn": "2024-04-22T16:04:30.573+00:00",
                "updatedBy": 0
            },
            {
                "tributaryId": 642,
                "basinCode": "7",
                "riverId": 21,
                "tributary": "Agrani",
                "path": null,
                "createdOn": "2024-05-02T12:20:39.268+00:00",
                "createdBy": 0,
                "updatedOn": null,
                "updatedBy": null
            },
            {
                "tributaryId": 643,
                "basinCode": "023",
                "riverId": 233,
                "tributary": "TestTributary",
                "path": null,
                "createdOn": "2024-05-02T12:23:47.720+00:00",
                "createdBy": 0,
                "updatedOn": null,
                "updatedBy": null
            },
            {
                "tributaryId": 641,
                "basinCode": "9",
                "riverId": 25,
                "tributary": "test",
                "path": null,
                "createdOn": "2024-04-22T15:18:32.538+00:00",
                "createdBy": 0,
                "updatedOn": "2024-05-07T13:04:16.803+00:00",
                "updatedBy": 0
            },
            {
                "tributaryId": 644,
                "basinCode": "",
                "riverId": 237,
                "tributary": "  Test Micro Team",
                "path": null,
                "createdOn": "2024-05-22T17:15:53.442+00:00",
                "createdBy": 0,
                "updatedOn": "2024-05-22T18:00:22.505+00:00",
                "updatedBy": 0
            },
            {
                "tributaryId": 645,
                "basinCode": "234",
                "riverId": 238,
                "tributary": "Micro Tributary",
                "path": null,
                "createdOn": "2024-05-23T17:07:26.040+00:00",
                "createdBy": 0,
                "updatedOn": "2024-05-23T17:11:44.990+00:00",
                "updatedBy": 0
            },
            {
                "tributaryId": 646,
                "basinCode": "555",
                "riverId": 239,
                "tributary": "Micro Tributary ",
                "path": null,
                "createdOn": "2024-05-23T17:14:54.088+00:00",
                "createdBy": 0,
                "updatedOn": null,
                "updatedBy": null
            },
            {
                "tributaryId": 647,
                "basinCode": "988",
                "riverId": 242,
                "tributary": "cof",
                "path": null,
                "createdOn": "2024-05-27T16:50:33.288+00:00",
                "createdBy": 0,
                "updatedOn": null,
                "updatedBy": null
            },
            {
                "tributaryId": 648,
                "basinCode": "",
                "riverId": 244,
                "tributary": "peekiijh",
                "path": null,
                "createdOn": "2024-05-27T16:54:39.248+00:00",
                "createdBy": 0,
                "updatedOn": "2024-05-27T17:26:13.694+00:00",
                "updatedBy": 0
            },
            {
                "tributaryId": 649,
                "basinCode": "190",
                "riverId": 245,
                "tributary": "godavari",
                "path": null,
                "createdOn": "2024-05-29T11:09:03.557+00:00",
                "createdBy": 0,
                "updatedOn": null,
                "updatedBy": null
            },
            {
                "tributaryId": 650,
                "basinCode": "200",
                "riverId": 246,
                "tributary": "sun",
                "path": null,
                "createdOn": "2024-05-30T18:24:41.416+00:00",
                "createdBy": 0,
                "updatedOn": "2024-05-30T18:25:03.718+00:00",
                "updatedBy": 0
            },
            {
                "tributaryId": 651,
                "basinCode": "111",
                "riverId": 247,
                "tributary": "testtributry",
                "path": null,
                "createdOn": "2024-05-30T19:11:59.510+00:00",
                "createdBy": 0,
                "updatedOn": null,
                "updatedBy": null
            },
            {
                "tributaryId": 652,
                "basinCode": "C56",
                "riverId": 22,
                "tributary": "Test11",
                "path": "vertex",
                "createdOn": "2024-02-27T06:33:06.999+00:00",
                "createdBy": 0,
                "updatedOn": "2024-02-27T06:33:06.999+00:00",
                "updatedBy": 0
            },
            {
                "tributaryId": 653,
                "basinCode": "23",
                "riverId": 250,
                "tributary": "TestBabitaTributary ",
                "path": null,
                "createdOn": "2024-06-15T12:03:22.031+00:00",
                "createdBy": 0,
                "updatedOn": null,
                "updatedBy": null
            }
        ],
        "masterBasinC": [
            {
                "subTributaryId": 224,
                "basinCode": "6",
                "riverId": 18,
                "tributaryId": 161,
                "subTributary": "Potteru vagu",
                "path": null,
                "createdOn": null,
                "createdBy": null,
                "updatedOn": null,
                "updatedBy": null
            },
            {
                "subTributaryId": 221,
                "basinCode": "6",
                "riverId": 18,
                "tributaryId": 159,
                "subTributary": "Dudhna",
                "path": null,
                "createdOn": null,
                "createdBy": null,
                "updatedOn": null,
                "updatedBy": null
            },
            {
                "subTributaryId": 218,
                "basinCode": "6",
                "riverId": 18,
                "tributaryId": 157,
                "subTributary": "Wardha",
                "path": null,
                "createdOn": null,
                "createdBy": null,
                "updatedOn": null,
                "updatedBy": null
            },
            {
                "subTributaryId": 217,
                "basinCode": "6",
                "riverId": 18,
                "tributaryId": 157,
                "subTributary": "Wainganga",
                "path": null,
                "createdOn": null,
                "createdBy": null,
                "updatedOn": null,
                "updatedBy": null
            },
            {
                "subTributaryId": 207,
                "basinCode": "6",
                "riverId": 18,
                "tributaryId": 148,
                "subTributary": "Lendi",
                "path": null,
                "createdOn": null,
                "createdBy": null,
                "updatedOn": null,
                "updatedBy": null
            },
            {
                "subTributaryId": 201,
                "basinCode": "6",
                "riverId": 18,
                "tributaryId": 143,
                "subTributary": "Murredu",
                "path": null,
                "createdOn": null,
                "createdBy": null,
                "updatedOn": null,
                "updatedBy": null
            },
            {
                "subTributaryId": 195,
                "basinCode": "6",
                "riverId": 18,
                "tributaryId": 138,
                "subTributary": "Narangi",
                "path": null,
                "createdOn": null,
                "createdBy": null,
                "updatedOn": null,
                "updatedBy": null
            },
            {
                "subTributaryId": 194,
                "basinCode": "6",
                "riverId": 18,
                "tributaryId": 138,
                "subTributary": "Markandi",
                "path": null,
                "createdOn": null,
                "createdBy": null,
                "updatedOn": null,
                "updatedBy": null
            },
            {
                "subTributaryId": 193,
                "basinCode": "6",
                "riverId": 18,
                "tributaryId": 138,
                "subTributary": "Journala",
                "path": null,
                "createdOn": null,
                "createdBy": null,
                "updatedOn": null,
                "updatedBy": null
            },
            {
                "subTributaryId": 192,
                "basinCode": "6",
                "riverId": 18,
                "tributaryId": 138,
                "subTributary": "Dantewara",
                "path": null,
                "createdOn": null,
                "createdBy": null,
                "updatedOn": null,
                "updatedBy": null
            },
            {
                "subTributaryId": 191,
                "basinCode": "6",
                "riverId": 18,
                "tributaryId": 138,
                "subTributary": "Bhaskal",
                "path": null,
                "createdOn": null,
                "createdBy": null,
                "updatedOn": null,
                "updatedBy": null
            },
            {
                "subTributaryId": 190,
                "basinCode": "6",
                "riverId": 18,
                "tributaryId": 138,
                "subTributary": "Bawardhi",
                "path": null,
                "createdOn": null,
                "createdBy": null,
                "updatedOn": null,
                "updatedBy": null
            },
            {
                "subTributaryId": 189,
                "basinCode": "6",
                "riverId": 18,
                "tributaryId": 138,
                "subTributary": "Bardha",
                "path": null,
                "createdOn": null,
                "createdBy": null,
                "updatedOn": null,
                "updatedBy": null
            },
            {
                "subTributaryId": 523,
                "basinCode": "15",
                "riverId": 131,
                "tributaryId": 459,
                "subTributary": "Bhagavati",
                "path": null,
                "createdOn": null,
                "createdBy": null,
                "updatedOn": null,
                "updatedBy": null
            },
            {
                "subTributaryId": 704,
                "basinCode": "555",
                "riverId": 237,
                "tributaryId": 644,
                "subTributary": "Test Micro QA",
                "path": null,
                "createdOn": "2024-05-22T17:18:01.548+00:00",
                "createdBy": 0,
                "updatedOn": "2024-05-22T18:14:23.835+00:00",
                "updatedBy": 0
            },
            {
                "subTributaryId": 705,
                "basinCode": "234",
                "riverId": 238,
                "tributaryId": 645,
                "subTributary": "Micro Sub Tributary",
                "path": null,
                "createdOn": "2024-05-23T17:07:47.575+00:00",
                "createdBy": 0,
                "updatedOn": "2024-05-23T17:08:18.666+00:00",
                "updatedBy": 0
            },
            {
                "subTributaryId": 706,
                "basinCode": "555",
                "riverId": 239,
                "tributaryId": 646,
                "subTributary": "Micro Sub Tributary",
                "path": null,
                "createdOn": "2024-05-23T17:15:23.510+00:00",
                "createdBy": 0,
                "updatedOn": null,
                "updatedBy": null
            },
            {
                "subTributaryId": 707,
                "basinCode": "7",
                "riverId": 21,
                "tributaryId": 182,
                "subTributary": "testdev",
                "path": null,
                "createdOn": "2024-05-24T14:39:30.269+00:00",
                "createdBy": 0,
                "updatedOn": null,
                "updatedBy": null
            },
            {
                "subTributaryId": 708,
                "basinCode": "988",
                "riverId": 242,
                "tributaryId": 647,
                "subTributary": "cdf",
                "path": null,
                "createdOn": "2024-05-27T16:52:31.817+00:00",
                "createdBy": 0,
                "updatedOn": null,
                "updatedBy": null
            },
            {
                "subTributaryId": 709,
                "basinCode": "",
                "riverId": 244,
                "tributaryId": 648,
                "subTributary": "perhuhg",
                "path": null,
                "createdOn": "2024-05-27T16:55:08.995+00:00",
                "createdBy": 0,
                "updatedOn": "2024-05-27T17:26:43.761+00:00",
                "updatedBy": 0
            },
            {
                "subTributaryId": 710,
                "basinCode": "190",
                "riverId": 245,
                "tributaryId": 649,
                "subTributary": "gomati",
                "path": null,
                "createdOn": "2024-05-29T11:09:35.988+00:00",
                "createdBy": 0,
                "updatedOn": null,
                "updatedBy": null
            },
            {
                "subTributaryId": 711,
                "basinCode": "",
                "riverId": 246,
                "tributaryId": 650,
                "subTributary": "sun moon",
                "path": null,
                "createdOn": "2024-05-30T18:25:40.684+00:00",
                "createdBy": 0,
                "updatedOn": null,
                "updatedBy": null
            },
            {
                "subTributaryId": 712,
                "basinCode": "111",
                "riverId": 247,
                "tributaryId": 651,
                "subTributary": "testsubtribu",
                "path": null,
                "createdOn": "2024-05-30T19:12:27.046+00:00",
                "createdBy": 0,
                "updatedOn": null,
                "updatedBy": null
            },
            {
                "subTributaryId": 713,
                "basinCode": "B12",
                "riverId": 13,
                "tributaryId": 11,
                "subTributary": "Nil river",
                "path": "Test123",
                "createdOn": "2024-02-28T06:33:34.271+00:00",
                "createdBy": 0,
                "updatedOn": "2024-02-28T06:33:34.271+00:00",
                "updatedBy": 0
            },
            {
                "subTributaryId": 714,
                "basinCode": "B12",
                "riverId": 13,
                "tributaryId": 11,
                "subTributary": "Nil river",
                "path": "Test123",
                "createdOn": "2024-02-28T06:33:34.271+00:00",
                "createdBy": 0,
                "updatedOn": "2024-02-28T06:33:34.271+00:00",
                "updatedBy": 0
            },
            {
                "subTributaryId": 715,
                "basinCode": "23",
                "riverId": 250,
                "tributaryId": 653,
                "subTributary": "TestBabita Sub -Tributar",
                "path": null,
                "createdOn": "2024-06-15T12:04:56.032+00:00",
                "createdBy": 0,
                "updatedOn": null,
                "updatedBy": null
            }
        ],
        "masterBasinD": [
            {
                "subSubTributaryId": 244,
                "basinCode": "6",
                "riverId": 18,
                "tributaryId": 157,
                "subTributaryId": 218,
                "subSubTributary": "Wunna",
                "path": null,
                "createdOn": null,
                "createdBy": null,
                "updatedOn": null,
                "updatedBy": null
            },
            {
                "subSubTributaryId": 243,
                "basinCode": "6",
                "riverId": 18,
                "tributaryId": 157,
                "subTributaryId": 218,
                "subSubTributary": "Penganga",
                "path": null,
                "createdOn": null,
                "createdBy": null,
                "updatedOn": null,
                "updatedBy": null
            },
            {
                "subSubTributaryId": 241,
                "basinCode": "6",
                "riverId": 18,
                "tributaryId": 157,
                "subTributaryId": 217,
                "subSubTributary": "Khobragarhi",
                "path": null,
                "createdOn": null,
                "createdBy": null,
                "updatedOn": null,
                "updatedBy": null
            },
            {
                "subSubTributaryId": 240,
                "basinCode": "6",
                "riverId": 18,
                "tributaryId": 157,
                "subTributaryId": 217,
                "subSubTributary": "Khanan",
                "path": null,
                "createdOn": null,
                "createdBy": null,
                "updatedOn": null,
                "updatedBy": null
            },
            {
                "subSubTributaryId": 239,
                "basinCode": "6",
                "riverId": 18,
                "tributaryId": 157,
                "subTributaryId": 217,
                "subSubTributary": "Chulband",
                "path": null,
                "createdOn": null,
                "createdBy": null,
                "updatedOn": null,
                "updatedBy": null
            },
            {
                "subSubTributaryId": 238,
                "basinCode": "6",
                "riverId": 18,
                "tributaryId": 157,
                "subTributaryId": 217,
                "subSubTributary": "Bagh",
                "path": null,
                "createdOn": null,
                "createdBy": null,
                "updatedOn": null,
                "updatedBy": null
            },
            {
                "subSubTributaryId": 237,
                "basinCode": "6",
                "riverId": 18,
                "tributaryId": 157,
                "subTributaryId": 217,
                "subSubTributary": "Andhari",
                "path": null,
                "createdOn": null,
                "createdBy": null,
                "updatedOn": null,
                "updatedBy": null
            },
            {
                "subSubTributaryId": 550,
                "basinCode": "15",
                "riverId": 131,
                "tributaryId": 459,
                "subTributaryId": 523,
                "subSubTributary": "Bhagavati",
                "path": null,
                "createdOn": null,
                "createdBy": null,
                "updatedOn": null,
                "updatedBy": null
            },
            {
                "subSubTributaryId": 731,
                "basinCode": "555",
                "riverId": 237,
                "tributaryId": 644,
                "subTributaryId": 704,
                "subSubTributary": "Test Micro Members",
                "path": null,
                "createdOn": "2024-05-22T17:18:46.504+00:00",
                "createdBy": 0,
                "updatedOn": "2024-05-22T18:15:05.758+00:00",
                "updatedBy": 0
            },
            {
                "subSubTributaryId": 732,
                "basinCode": "",
                "riverId": 238,
                "tributaryId": 645,
                "subTributaryId": 705,
                "subSubTributary": "Microb Sub sub Tributary ",
                "path": null,
                "createdOn": "2024-05-23T17:08:33.904+00:00",
                "createdBy": 0,
                "updatedOn": null,
                "updatedBy": null
            },
            {
                "subSubTributaryId": 733,
                "basinCode": "555",
                "riverId": 239,
                "tributaryId": 646,
                "subTributaryId": 706,
                "subSubTributary": "Micro Sub Sub Tributary ",
                "path": null,
                "createdOn": "2024-05-23T17:16:06.849+00:00",
                "createdBy": 0,
                "updatedOn": null,
                "updatedBy": null
            },
            {
                "subSubTributaryId": 734,
                "basinCode": "7",
                "riverId": 21,
                "tributaryId": 182,
                "subTributaryId": 707,
                "subSubTributary": "testdev",
                "path": null,
                "createdOn": "2024-05-24T14:39:49.504+00:00",
                "createdBy": 0,
                "updatedOn": null,
                "updatedBy": null
            },
            {
                "subSubTributaryId": 735,
                "basinCode": "",
                "riverId": 244,
                "tributaryId": 648,
                "subTributaryId": 709,
                "subSubTributary": "preeu",
                "path": null,
                "createdOn": "2024-05-27T16:55:50.298+00:00",
                "createdBy": 0,
                "updatedOn": null,
                "updatedBy": null
            },
            {
                "subSubTributaryId": 736,
                "basinCode": "988",
                "riverId": 242,
                "tributaryId": 647,
                "subTributaryId": 708,
                "subSubTributary": "babita yadav",
                "path": null,
                "createdOn": "2024-05-27T16:59:07.547+00:00",
                "createdBy": 0,
                "updatedOn": null,
                "updatedBy": null
            },
            {
                "subSubTributaryId": 737,
                "basinCode": "190",
                "riverId": 245,
                "tributaryId": 649,
                "subTributaryId": 710,
                "subSubTributary": "subgomati",
                "path": null,
                "createdOn": "2024-05-29T11:09:49.560+00:00",
                "createdBy": 0,
                "updatedOn": null,
                "updatedBy": null
            },
            {
                "subSubTributaryId": 739,
                "basinCode": "111",
                "riverId": 247,
                "tributaryId": 651,
                "subTributaryId": 712,
                "subSubTributary": "testsubsubtribu",
                "path": null,
                "createdOn": "2024-05-30T19:12:46.486+00:00",
                "createdBy": 0,
                "updatedOn": null,
                "updatedBy": null
            },
            {
                "subSubTributaryId": 738,
                "basinCode": "",
                "riverId": 246,
                "tributaryId": 650,
                "subTributaryId": 711,
                "subSubTributary": "Dash",
                "path": null,
                "createdOn": "2024-05-30T18:27:47.968+00:00",
                "createdBy": 0,
                "updatedOn": "2024-06-06T10:41:31.327+00:00",
                "updatedBy": 0
            },
            {
                "subSubTributaryId": 740,
                "basinCode": "5B",
                "riverId": 15,
                "tributaryId": 83422,
                "subTributaryId": 12,
                "subSubTributary": "Alluvial river",
                "path": "Test111",
                "createdOn": "2024-02-28T06:33:55.678+00:00",
                "createdBy": 0,
                "updatedOn": "2024-02-28T06:33:55.678+00:00",
                "updatedBy": 0
            },
            {
                "subSubTributaryId": 741,
                "basinCode": "5B",
                "riverId": 15,
                "tributaryId": 83422,
                "subTributaryId": 12,
                "subSubTributary": "Alluvial river",
                "path": "Test111",
                "createdOn": "2024-02-28T06:33:55.678+00:00",
                "createdBy": 0,
                "updatedOn": "2024-02-28T06:33:55.678+00:00",
                "updatedBy": 0
            },
            {
                "subSubTributaryId": 742,
                "basinCode": "23",
                "riverId": 250,
                "tributaryId": 653,
                "subTributaryId": 715,
                "subSubTributary": "TestBabita Sub Sub-Tribut",
                "path": null,
                "createdOn": "2024-06-15T12:05:46.233+00:00",
                "createdBy": 0,
                "updatedOn": null,
                "updatedBy": null
            }
        ],
        "masterBasinE": [
            {
                "localRiverId": 253,
                "basinCode": "6",
                "riverId": 18,
                "tributaryId": 164,
                "subTributaryId": 10001,
                "subSubTributaryId": 10001,
                "localRiver": "Shivna",
                "path": null,
                "createdOn": null,
                "createdBy": null,
                "updatedOn": null,
                "updatedBy": null
            },
            {
                "localRiverId": 254,
                "basinCode": "6",
                "riverId": 18,
                "tributaryId": 165,
                "subTributaryId": 10001,
                "subSubTributaryId": 10001,
                "localRiver": "Siddapur",
                "path": null,
                "createdOn": null,
                "createdBy": null,
                "updatedOn": null,
                "updatedBy": null
            },
            {
                "localRiverId": 256,
                "basinCode": "6",
                "riverId": 18,
                "tributaryId": 167,
                "subTributaryId": 10001,
                "subSubTributaryId": 10001,
                "localRiver": "Suddavagu",
                "path": null,
                "createdOn": null,
                "createdBy": null,
                "updatedOn": null,
                "updatedBy": null
            },
            {
                "localRiverId": 257,
                "basinCode": "6",
                "riverId": 18,
                "tributaryId": 168,
                "subTributaryId": 10001,
                "subSubTributaryId": 10001,
                "localRiver": "Swarna",
                "path": null,
                "createdOn": null,
                "createdBy": null,
                "updatedOn": null,
                "updatedBy": null
            },
            {
                "localRiverId": 258,
                "basinCode": "6",
                "riverId": 18,
                "tributaryId": 169,
                "subTributaryId": 10001,
                "subSubTributaryId": 10001,
                "localRiver": "Taliperu",
                "path": null,
                "createdOn": null,
                "createdBy": null,
                "updatedOn": null,
                "updatedBy": null
            },
            {
                "localRiverId": 259,
                "basinCode": "6",
                "riverId": 18,
                "tributaryId": 170,
                "subTributaryId": 10001,
                "subSubTributaryId": 10001,
                "localRiver": "Tiryani",
                "path": null,
                "createdOn": null,
                "createdBy": null,
                "updatedOn": null,
                "updatedBy": null
            },
            {
                "localRiverId": 260,
                "basinCode": "6",
                "riverId": 18,
                "tributaryId": 171,
                "subTributaryId": 10001,
                "subSubTributaryId": 10001,
                "localRiver": "Wainganga",
                "path": null,
                "createdOn": null,
                "createdBy": null,
                "updatedOn": null,
                "updatedBy": null
            },
            {
                "localRiverId": 261,
                "basinCode": "6",
                "riverId": 18,
                "tributaryId": 172,
                "subTributaryId": 10001,
                "subSubTributaryId": 10001,
                "localRiver": "Wardha",
                "path": null,
                "createdOn": null,
                "createdBy": null,
                "updatedOn": null,
                "updatedBy": null
            },
            {
                "localRiverId": 264,
                "basinCode": "7",
                "riverId": 21,
                "tributaryId": 176,
                "subTributaryId": 10001,
                "subSubTributaryId": 10001,
                "localRiver": "Agrani",
                "path": null,
                "createdOn": null,
                "createdBy": null,
                "updatedOn": null,
                "updatedBy": null
            },
            {
                "localRiverId": 265,
                "basinCode": "7",
                "riverId": 21,
                "tributaryId": 177,
                "subTributaryId": 10001,
                "subSubTributaryId": 10001,
                "localRiver": "Bhima",
                "path": null,
                "createdOn": null,
                "createdBy": null,
                "updatedOn": null,
                "updatedBy": null
            },
            {
                "localRiverId": 266,
                "basinCode": "7",
                "riverId": 21,
                "tributaryId": 178,
                "subTributaryId": 10001,
                "subSubTributaryId": 10001,
                "localRiver": "Chikotra",
                "path": null,
                "createdOn": null,
                "createdBy": null,
                "updatedOn": null,
                "updatedBy": null
            },
            {
                "localRiverId": 267,
                "basinCode": "7",
                "riverId": 21,
                "tributaryId": 179,
                "subTributaryId": 10001,
                "subSubTributaryId": 10001,
                "localRiver": "Dindi",
                "path": null,
                "createdOn": null,
                "createdBy": null,
                "updatedOn": null,
                "updatedBy": null
            },
            {
                "localRiverId": 268,
                "basinCode": "7",
                "riverId": 21,
                "tributaryId": 180,
                "subTributaryId": 10001,
                "subSubTributaryId": 10001,
                "localRiver": "Don",
                "path": null,
                "createdOn": null,
                "createdBy": null,
                "updatedOn": null,
                "updatedBy": null
            },
            {
                "localRiverId": 269,
                "basinCode": "7",
                "riverId": 21,
                "tributaryId": 181,
                "subTributaryId": 10001,
                "subSubTributaryId": 10001,
                "localRiver": "Dudhganga",
                "path": null,
                "createdOn": null,
                "createdBy": null,
                "updatedOn": null,
                "updatedBy": null
            },
            {
                "localRiverId": 270,
                "basinCode": "7",
                "riverId": 21,
                "tributaryId": 182,
                "subTributaryId": 10001,
                "subSubTributaryId": 10001,
                "localRiver": "Ghatprabha",
                "path": null,
                "createdOn": null,
                "createdBy": null,
                "updatedOn": null,
                "updatedBy": null
            },
            {
                "localRiverId": 271,
                "basinCode": "7",
                "riverId": 21,
                "tributaryId": 183,
                "subTributaryId": 10001,
                "subSubTributaryId": 10001,
                "localRiver": "Halia",
                "path": null,
                "createdOn": null,
                "createdBy": null,
                "updatedOn": null,
                "updatedBy": null
            },
            {
                "localRiverId": 272,
                "basinCode": "7",
                "riverId": 21,
                "tributaryId": 184,
                "subTributaryId": 10001,
                "subSubTributaryId": 10001,
                "localRiver": "Hundri",
                "path": null,
                "createdOn": null,
                "createdBy": null,
                "updatedOn": null,
                "updatedBy": null
            },
            {
                "localRiverId": 273,
                "basinCode": "7",
                "riverId": 21,
                "tributaryId": 185,
                "subTributaryId": 10001,
                "subSubTributaryId": 10001,
                "localRiver": "Koyna",
                "path": null,
                "createdOn": null,
                "createdBy": null,
                "updatedOn": null,
                "updatedBy": null
            },
            {
                "localRiverId": 274,
                "basinCode": "7",
                "riverId": 21,
                "tributaryId": 186,
                "subTributaryId": 10001,
                "subSubTributaryId": 10001,
                "localRiver": "Lothuvagu",
                "path": null,
                "createdOn": null,
                "createdBy": null,
                "updatedOn": null,
                "updatedBy": null
            },
            {
                "localRiverId": 275,
                "basinCode": "7",
                "riverId": 21,
                "tributaryId": 187,
                "subTributaryId": 10001,
                "subSubTributaryId": 10001,
                "localRiver": "Lower Krishna",
                "path": null,
                "createdOn": null,
                "createdBy": null,
                "updatedOn": null,
                "updatedBy": null
            },
            {
                "localRiverId": 276,
                "basinCode": "7",
                "riverId": 21,
                "tributaryId": 188,
                "subTributaryId": 10001,
                "subSubTributaryId": 10001,
                "localRiver": "Malaprabha",
                "path": null,
                "createdOn": null,
                "createdBy": null,
                "updatedOn": null,
                "updatedBy": null
            },
            {
                "localRiverId": 277,
                "basinCode": "7",
                "riverId": 21,
                "tributaryId": 189,
                "subTributaryId": 10001,
                "subSubTributaryId": 10001,
                "localRiver": "Muner",
                "path": null,
                "createdOn": null,
                "createdBy": null,
                "updatedOn": null,
                "updatedBy": null
            },
            {
                "localRiverId": 540,
                "basinCode": "15",
                "riverId": 131,
                "tributaryId": 459,
                "subTributaryId": 523,
                "subSubTributaryId": 10001,
                "localRiver": "Bhagavati",
                "path": null,
                "createdOn": null,
                "createdBy": null,
                "updatedOn": null,
                "updatedBy": null
            },
            {
                "localRiverId": 541,
                "basinCode": "15",
                "riverId": 131,
                "tributaryId": 459,
                "subTributaryId": 523,
                "subSubTributaryId": 550,
                "localRiver": "Bhagavati",
                "path": null,
                "createdOn": null,
                "createdBy": null,
                "updatedOn": null,
                "updatedBy": null
            },
            {
                "localRiverId": 278,
                "basinCode": "7",
                "riverId": 21,
                "tributaryId": 190,
                "subTributaryId": 10001,
                "subSubTributaryId": 10001,
                "localRiver": "Muniyeru",
                "path": null,
                "createdOn": null,
                "createdBy": null,
                "updatedOn": null,
                "updatedBy": null
            },
            {
                "localRiverId": 279,
                "basinCode": "7",
                "riverId": 21,
                "tributaryId": 191,
                "subTributaryId": 10001,
                "subSubTributaryId": 10001,
                "localRiver": "Munneru",
                "path": null,
                "createdOn": null,
                "createdBy": null,
                "updatedOn": null,
                "updatedBy": null
            },
            {
                "localRiverId": 280,
                "basinCode": "7",
                "riverId": 21,
                "tributaryId": 192,
                "subTributaryId": 10001,
                "subSubTributaryId": 10001,
                "localRiver": "Musi",
                "path": null,
                "createdOn": null,
                "createdBy": null,
                "updatedOn": null,
                "updatedBy": null
            },
            {
                "localRiverId": 281,
                "basinCode": "7",
                "riverId": 21,
                "tributaryId": 193,
                "subTributaryId": 10001,
                "subSubTributaryId": 10001,
                "localRiver": "Naguleru",
                "path": null,
                "createdOn": null,
                "createdBy": null,
                "updatedOn": null,
                "updatedBy": null
            },
            {
                "localRiverId": 282,
                "basinCode": "7",
                "riverId": 21,
                "tributaryId": 194,
                "subTributaryId": 10001,
                "subSubTributaryId": 10001,
                "localRiver": "Paleru",
                "path": null,
                "createdOn": null,
                "createdBy": null,
                "updatedOn": null,
                "updatedBy": null
            },
            {
                "localRiverId": 320,
                "basinCode": "9",
                "riverId": 25,
                "tributaryId": 234,
                "subTributaryId": 10001,
                "subSubTributaryId": 10001,
                "localRiver": "Nattar",
                "path": null,
                "createdOn": null,
                "createdBy": null,
                "updatedOn": null,
                "updatedBy": null
            },
            {
                "localRiverId": 321,
                "basinCode": "9",
                "riverId": 25,
                "tributaryId": 235,
                "subTributaryId": 10001,
                "subSubTributaryId": 10001,
                "localRiver": "Noyyal",
                "path": null,
                "createdOn": null,
                "createdBy": null,
                "updatedOn": null,
                "updatedBy": null
            },
            {
                "localRiverId": 322,
                "basinCode": "9",
                "riverId": 25,
                "tributaryId": 236,
                "subTributaryId": 10001,
                "subSubTributaryId": 10001,
                "localRiver": "Nular",
                "path": null,
                "createdOn": null,
                "createdBy": null,
                "updatedOn": null,
                "updatedBy": null
            },
            {
                "localRiverId": 323,
                "basinCode": "9",
                "riverId": 25,
                "tributaryId": 237,
                "subTributaryId": 10001,
                "subSubTributaryId": 10001,
                "localRiver": "Palar",
                "path": null,
                "createdOn": null,
                "createdBy": null,
                "updatedOn": null,
                "updatedBy": null
            },
            {
                "localRiverId": 324,
                "basinCode": "9",
                "riverId": 25,
                "tributaryId": 238,
                "subTributaryId": 10001,
                "subSubTributaryId": 10001,
                "localRiver": "Puravadaiyanar",
                "path": null,
                "createdOn": null,
                "createdBy": null,
                "updatedOn": null,
                "updatedBy": null
            },
            {
                "localRiverId": 325,
                "basinCode": "9",
                "riverId": 25,
                "tributaryId": 239,
                "subTributaryId": 10001,
                "subSubTributaryId": 10001,
                "localRiver": "Sarabenga",
                "path": null,
                "createdOn": null,
                "createdBy": null,
                "updatedOn": null,
                "updatedBy": null
            },
            {
                "localRiverId": 326,
                "basinCode": "9",
                "riverId": 25,
                "tributaryId": 240,
                "subTributaryId": 10001,
                "subSubTributaryId": 10001,
                "localRiver": "Shanmuganadhi",
                "path": null,
                "createdOn": null,
                "createdBy": null,
                "updatedOn": null,
                "updatedBy": null
            },
            {
                "localRiverId": 327,
                "basinCode": "9",
                "riverId": 25,
                "tributaryId": 241,
                "subTributaryId": 10001,
                "subSubTributaryId": 10001,
                "localRiver": "Shimsha",
                "path": null,
                "createdOn": null,
                "createdBy": null,
                "updatedOn": null,
                "updatedBy": null
            },
            {
                "localRiverId": 328,
                "basinCode": "9",
                "riverId": 25,
                "tributaryId": 242,
                "subTributaryId": 10001,
                "subSubTributaryId": 10001,
                "localRiver": "Thirumalairajanar",
                "path": null,
                "createdOn": null,
                "createdBy": null,
                "updatedOn": null,
                "updatedBy": null
            },
            {
                "localRiverId": 329,
                "basinCode": "9",
                "riverId": 25,
                "tributaryId": 243,
                "subTributaryId": 10001,
                "subSubTributaryId": 10001,
                "localRiver": "Thoppaiyar",
                "path": null,
                "createdOn": null,
                "createdBy": null,
                "updatedOn": null,
                "updatedBy": null
            },
            {
                "localRiverId": 330,
                "basinCode": "9",
                "riverId": 25,
                "tributaryId": 244,
                "subTributaryId": 10001,
                "subSubTributaryId": 10001,
                "localRiver": "Uppar",
                "path": null,
                "createdOn": null,
                "createdBy": null,
                "updatedOn": null,
                "updatedBy": null
            },
            {
                "localRiverId": 331,
                "basinCode": "9",
                "riverId": 25,
                "tributaryId": 245,
                "subTributaryId": 10001,
                "subSubTributaryId": 10001,
                "localRiver": "Vanjiyar",
                "path": null,
                "createdOn": null,
                "createdBy": null,
                "updatedOn": null,
                "updatedBy": null
            },
            {
                "localRiverId": 332,
                "basinCode": "9",
                "riverId": 25,
                "tributaryId": 246,
                "subTributaryId": 10001,
                "subSubTributaryId": 10001,
                "localRiver": "Varathamanadhi",
                "path": null,
                "createdOn": null,
                "createdBy": null,
                "updatedOn": null,
                "updatedBy": null
            },
            {
                "localRiverId": 333,
                "basinCode": "9",
                "riverId": 25,
                "tributaryId": 247,
                "subTributaryId": 10001,
                "subSubTributaryId": 10001,
                "localRiver": "Vennar",
                "path": null,
                "createdOn": null,
                "createdBy": null,
                "updatedOn": null,
                "updatedBy": null
            },
            {
                "localRiverId": 334,
                "basinCode": "9",
                "riverId": 25,
                "tributaryId": 248,
                "subTributaryId": 10001,
                "subSubTributaryId": 10001,
                "localRiver": "Yagachi",
                "path": null,
                "createdOn": null,
                "createdBy": null,
                "updatedOn": null,
                "updatedBy": null
            },
            {
                "localRiverId": 511,
                "basinCode": "15",
                "riverId": 116,
                "tributaryId": 431,
                "subTributaryId": 10001,
                "subSubTributaryId": 10001,
                "localRiver": "Nigade",
                "path": null,
                "createdOn": null,
                "createdBy": null,
                "updatedOn": null,
                "updatedBy": null
            },
            {
                "localRiverId": 512,
                "basinCode": "15",
                "riverId": 116,
                "tributaryId": 432,
                "subTributaryId": 10001,
                "subSubTributaryId": 10001,
                "localRiver": "Walki",
                "path": null,
                "createdOn": null,
                "createdBy": null,
                "updatedOn": null,
                "updatedBy": null
            },
            {
                "localRiverId": 516,
                "basinCode": "15",
                "riverId": 119,
                "tributaryId": 436,
                "subTributaryId": 10001,
                "subSubTributaryId": 10001,
                "localRiver": "Aliyar",
                "path": null,
                "createdOn": null,
                "createdBy": null,
                "updatedOn": null,
                "updatedBy": null
            },
            {
                "localRiverId": 517,
                "basinCode": "15",
                "riverId": 119,
                "tributaryId": 437,
                "subTributaryId": 10001,
                "subSubTributaryId": 10001,
                "localRiver": "Kannadipuzha",
                "path": null,
                "createdOn": null,
                "createdBy": null,
                "updatedOn": null,
                "updatedBy": null
            },
            {
                "localRiverId": 518,
                "basinCode": "15",
                "riverId": 119,
                "tributaryId": 438,
                "subTributaryId": 10001,
                "subSubTributaryId": 10001,
                "localRiver": "Palar",
                "path": null,
                "createdOn": null,
                "createdBy": null,
                "updatedOn": null,
                "updatedBy": null
            },
            {
                "localRiverId": 519,
                "basinCode": "15",
                "riverId": 119,
                "tributaryId": 439,
                "subTributaryId": 10001,
                "subSubTributaryId": 10001,
                "localRiver": "Pulanthodu",
                "path": null,
                "createdOn": null,
                "createdBy": null,
                "updatedOn": null,
                "updatedBy": null
            },
            {
                "localRiverId": 524,
                "basinCode": "15",
                "riverId": 123,
                "tributaryId": 444,
                "subTributaryId": 10001,
                "subSubTributaryId": 10001,
                "localRiver": "Jawhar",
                "path": null,
                "createdOn": null,
                "createdBy": null,
                "updatedOn": null,
                "updatedBy": null
            },
            {
                "localRiverId": 525,
                "basinCode": "15",
                "riverId": 123,
                "tributaryId": 445,
                "subTributaryId": 10001,
                "subSubTributaryId": 10001,
                "localRiver": "Sakkartond",
                "path": null,
                "createdOn": null,
                "createdBy": null,
                "updatedOn": null,
                "updatedBy": null
            },
            {
                "localRiverId": 526,
                "basinCode": "15",
                "riverId": 123,
                "tributaryId": 446,
                "subTributaryId": 10001,
                "subSubTributaryId": 10001,
                "localRiver": "Wagh",
                "path": null,
                "createdOn": null,
                "createdBy": null,
                "updatedOn": null,
                "updatedBy": null
            },
            {
                "localRiverId": 528,
                "basinCode": "15",
                "riverId": 124,
                "tributaryId": 448,
                "subTributaryId": 10001,
                "subSubTributaryId": 10001,
                "localRiver": "Kharada",
                "path": null,
                "createdOn": null,
                "createdBy": null,
                "updatedOn": null,
                "updatedBy": null
            },
            {
                "localRiverId": 529,
                "basinCode": "15",
                "riverId": 124,
                "tributaryId": 449,
                "subTributaryId": 10001,
                "subSubTributaryId": 10001,
                "localRiver": "Local Nala",
                "path": null,
                "createdOn": null,
                "createdBy": null,
                "updatedOn": null,
                "updatedBy": null
            },
            {
                "localRiverId": 531,
                "basinCode": "15",
                "riverId": 125,
                "tributaryId": 451,
                "subTributaryId": 10001,
                "subSubTributaryId": 10001,
                "localRiver": "Kasal",
                "path": null,
                "createdOn": null,
                "createdBy": null,
                "updatedOn": null,
                "updatedBy": null
            },
            {
                "localRiverId": 537,
                "basinCode": "15",
                "riverId": 130,
                "tributaryId": 457,
                "subTributaryId": 10001,
                "subSubTributaryId": 10001,
                "localRiver": "Karanguli",
                "path": null,
                "createdOn": null,
                "createdBy": null,
                "updatedOn": null,
                "updatedBy": null
            },
            {
                "localRiverId": 539,
                "basinCode": "15",
                "riverId": 131,
                "tributaryId": 459,
                "subTributaryId": 10001,
                "subSubTributaryId": 10001,
                "localRiver": "Bhagavati",
                "path": null,
                "createdOn": null,
                "createdBy": null,
                "updatedOn": null,
                "updatedBy": null
            },
            {
                "localRiverId": 544,
                "basinCode": "15",
                "riverId": 133,
                "tributaryId": 463,
                "subTributaryId": 10001,
                "subSubTributaryId": 10001,
                "localRiver": "Pith Dhaval",
                "path": null,
                "createdOn": null,
                "createdBy": null,
                "updatedOn": null,
                "updatedBy": null
            },
            {
                "localRiverId": 546,
                "basinCode": "15",
                "riverId": 134,
                "tributaryId": 465,
                "subTributaryId": 10001,
                "subSubTributaryId": 10001,
                "localRiver": "Arjuna",
                "path": null,
                "createdOn": null,
                "createdBy": null,
                "updatedOn": null,
                "updatedBy": null
            },
            {
                "localRiverId": 548,
                "basinCode": "15",
                "riverId": 135,
                "tributaryId": 467,
                "subTributaryId": 10001,
                "subSubTributaryId": 10001,
                "localRiver": "Mhasadi Nala",
                "path": null,
                "createdOn": null,
                "createdBy": null,
                "updatedOn": null,
                "updatedBy": null
            },
            {
                "localRiverId": 620,
                "basinCode": "15",
                "riverId": 164,
                "tributaryId": 539,
                "subTributaryId": 10001,
                "subSubTributaryId": 10001,
                "localRiver": "Jagbudi",
                "path": null,
                "createdOn": null,
                "createdBy": null,
                "updatedOn": null,
                "updatedBy": null
            },
            {
                "localRiverId": 621,
                "basinCode": "15",
                "riverId": 164,
                "tributaryId": 540,
                "subTributaryId": 10001,
                "subSubTributaryId": 10001,
                "localRiver": "Nirgudi",
                "path": null,
                "createdOn": null,
                "createdBy": null,
                "updatedOn": null,
                "updatedBy": null
            },
            {
                "localRiverId": 623,
                "basinCode": "15",
                "riverId": 165,
                "tributaryId": 542,
                "subTributaryId": 10001,
                "subSubTributaryId": 10001,
                "localRiver": "Aruna",
                "path": null,
                "createdOn": null,
                "createdBy": null,
                "updatedOn": null,
                "updatedBy": null
            },
            {
                "localRiverId": 624,
                "basinCode": "15",
                "riverId": 165,
                "tributaryId": 543,
                "subTributaryId": 10001,
                "subSubTributaryId": 10001,
                "localRiver": "Mahadeo Nala",
                "path": null,
                "createdOn": null,
                "createdBy": null,
                "updatedOn": null,
                "updatedBy": null
            },
            {
                "localRiverId": 625,
                "basinCode": "15",
                "riverId": 165,
                "tributaryId": 544,
                "subTributaryId": 10001,
                "subSubTributaryId": 10001,
                "localRiver": "Sukh",
                "path": null,
                "createdOn": null,
                "createdBy": null,
                "updatedOn": null,
                "updatedBy": null
            },
            {
                "localRiverId": 509,
                "basinCode": "15",
                "riverId": 115,
                "tributaryId": 10001,
                "subTributaryId": 10001,
                "subSubTributaryId": 10001,
                "localRiver": "Aliyar",
                "path": null,
                "createdOn": null,
                "createdBy": null,
                "updatedOn": null,
                "updatedBy": null
            },
            {
                "localRiverId": 581,
                "basinCode": "15",
                "riverId": 150,
                "tributaryId": 500,
                "subTributaryId": 10001,
                "subSubTributaryId": 10001,
                "localRiver": "Nirar",
                "path": null,
                "createdOn": null,
                "createdBy": null,
                "updatedOn": null,
                "updatedBy": null
            },
            {
                "localRiverId": 582,
                "basinCode": "15",
                "riverId": 150,
                "tributaryId": 501,
                "subTributaryId": 10001,
                "subSubTributaryId": 10001,
                "localRiver": "Parambikulam",
                "path": null,
                "createdOn": null,
                "createdBy": null,
                "updatedOn": null,
                "updatedBy": null
            },
            {
                "localRiverId": 583,
                "basinCode": "15",
                "riverId": 150,
                "tributaryId": 502,
                "subTributaryId": 10001,
                "subSubTributaryId": 10001,
                "localRiver": "Sholaiyar",
                "path": null,
                "createdOn": null,
                "createdBy": null,
                "updatedOn": null,
                "updatedBy": null
            },
            {
                "localRiverId": 585,
                "basinCode": "15",
                "riverId": 151,
                "tributaryId": 504,
                "subTributaryId": 10001,
                "subSubTributaryId": 10001,
                "localRiver": "Zankhari",
                "path": null,
                "createdOn": null,
                "createdBy": null,
                "updatedOn": null,
                "updatedBy": null
            },
            {
                "localRiverId": 587,
                "basinCode": "15",
                "riverId": 152,
                "tributaryId": 506,
                "subTributaryId": 10001,
                "subSubTributaryId": 10001,
                "localRiver": "Gandhari",
                "path": null,
                "createdOn": null,
                "createdBy": null,
                "updatedOn": null,
                "updatedBy": null
            },
            {
                "localRiverId": 588,
                "basinCode": "15",
                "riverId": 152,
                "tributaryId": 507,
                "subTributaryId": 10001,
                "subSubTributaryId": 10001,
                "localRiver": "Kal",
                "path": null,
                "createdOn": null,
                "createdBy": null,
                "updatedOn": null,
                "updatedBy": null
            },
            {
                "localRiverId": 589,
                "basinCode": "15",
                "riverId": 152,
                "tributaryId": 508,
                "subTributaryId": 10001,
                "subSubTributaryId": 10001,
                "localRiver": "Kotheri nala",
                "path": null,
                "createdOn": null,
                "createdBy": null,
                "updatedOn": null,
                "updatedBy": null
            },
            {
                "localRiverId": 590,
                "basinCode": "15",
                "riverId": 152,
                "tributaryId": 509,
                "subTributaryId": 10001,
                "subSubTributaryId": 10001,
                "localRiver": "Nageshwari",
                "path": null,
                "createdOn": null,
                "createdBy": null,
                "updatedOn": null,
                "updatedBy": null
            },
            {
                "localRiverId": 592,
                "basinCode": "15",
                "riverId": 153,
                "tributaryId": 511,
                "subTributaryId": 10001,
                "subSubTributaryId": 10001,
                "localRiver": "Gad",
                "path": null,
                "createdOn": null,
                "createdBy": null,
                "updatedOn": null,
                "updatedBy": null
            },
            {
                "localRiverId": 593,
                "basinCode": "15",
                "riverId": 153,
                "tributaryId": 512,
                "subTributaryId": 10001,
                "subSubTributaryId": 10001,
                "localRiver": "Kapashi",
                "path": null,
                "createdOn": null,
                "createdBy": null,
                "updatedOn": null,
                "updatedBy": null
            },
            {
                "localRiverId": 596,
                "basinCode": "15",
                "riverId": 155,
                "tributaryId": 515,
                "subTributaryId": 10001,
                "subSubTributaryId": 10001,
                "localRiver": "Yennehole",
                "path": null,
                "createdOn": null,
                "createdBy": null,
                "updatedOn": null,
                "updatedBy": null
            },
            {
                "localRiverId": 598,
                "basinCode": "15",
                "riverId": 156,
                "tributaryId": 517,
                "subTributaryId": 10001,
                "subSubTributaryId": 10001,
                "localRiver": "Dabhil",
                "path": null,
                "createdOn": null,
                "createdBy": null,
                "updatedOn": null,
                "updatedBy": null
            },
            {
                "localRiverId": 601,
                "basinCode": "15",
                "riverId": 158,
                "tributaryId": 520,
                "subTributaryId": 10001,
                "subSubTributaryId": 10001,
                "localRiver": "Bhatsa",
                "path": null,
                "createdOn": null,
                "createdBy": null,
                "updatedOn": null,
                "updatedBy": null
            },
            {
                "localRiverId": 602,
                "basinCode": "15",
                "riverId": 158,
                "tributaryId": 521,
                "subTributaryId": 10001,
                "subSubTributaryId": 10001,
                "localRiver": "Kalu",
                "path": null,
                "createdOn": null,
                "createdBy": null,
                "updatedOn": null,
                "updatedBy": null
            },
            {
                "localRiverId": 603,
                "basinCode": "15",
                "riverId": 158,
                "tributaryId": 522,
                "subTributaryId": 10001,
                "subSubTributaryId": 10001,
                "localRiver": "Kaman",
                "path": null,
                "createdOn": null,
                "createdBy": null,
                "updatedOn": null,
                "updatedBy": null
            },
            {
                "localRiverId": 604,
                "basinCode": "15",
                "riverId": 158,
                "tributaryId": 523,
                "subTributaryId": 10001,
                "subSubTributaryId": 10001,
                "localRiver": "Kamvadi",
                "path": null,
                "createdOn": null,
                "createdBy": null,
                "updatedOn": null,
                "updatedBy": null
            },
            {
                "localRiverId": 605,
                "basinCode": "15",
                "riverId": 158,
                "tributaryId": 524,
                "subTributaryId": 10001,
                "subSubTributaryId": 10001,
                "localRiver": "Murbadi",
                "path": null,
                "createdOn": null,
                "createdBy": null,
                "updatedOn": null,
                "updatedBy": null
            },
            {
                "localRiverId": 606,
                "basinCode": "15",
                "riverId": 158,
                "tributaryId": 525,
                "subTributaryId": 10001,
                "subSubTributaryId": 10001,
                "localRiver": "Poshir",
                "path": null,
                "createdOn": null,
                "createdBy": null,
                "updatedOn": null,
                "updatedBy": null
            },
            {
                "localRiverId": 607,
                "basinCode": "15",
                "riverId": 158,
                "tributaryId": 526,
                "subTributaryId": 10001,
                "subSubTributaryId": 10001,
                "localRiver": "Shilhar",
                "path": null,
                "createdOn": null,
                "createdBy": null,
                "updatedOn": null,
                "updatedBy": null
            },
            {
                "localRiverId": 608,
                "basinCode": "15",
                "riverId": 158,
                "tributaryId": 527,
                "subTributaryId": 10001,
                "subSubTributaryId": 10001,
                "localRiver": "Varna Nala",
                "path": null,
                "createdOn": null,
                "createdBy": null,
                "updatedOn": null,
                "updatedBy": null
            },
            {
                "localRiverId": 611,
                "basinCode": "15",
                "riverId": 160,
                "tributaryId": 530,
                "subTributaryId": 10001,
                "subSubTributaryId": 10001,
                "localRiver": "Deherji",
                "path": null,
                "createdOn": null,
                "createdBy": null,
                "updatedOn": null,
                "updatedBy": null
            },
            {
                "localRiverId": 283,
                "basinCode": "7",
                "riverId": 21,
                "tributaryId": 195,
                "subTributaryId": 10001,
                "subSubTributaryId": 10001,
                "localRiver": "Panchganga",
                "path": null,
                "createdOn": null,
                "createdBy": null,
                "updatedOn": null,
                "updatedBy": null
            },
            {
                "localRiverId": 284,
                "basinCode": "7",
                "riverId": 21,
                "tributaryId": 196,
                "subTributaryId": 10001,
                "subSubTributaryId": 10001,
                "localRiver": "Peddavaru",
                "path": null,
                "createdOn": null,
                "createdBy": null,
                "updatedOn": null,
                "updatedBy": null
            },
            {
                "localRiverId": 285,
                "basinCode": "7",
                "riverId": 21,
                "tributaryId": 197,
                "subTributaryId": 10001,
                "subSubTributaryId": 10001,
                "localRiver": "Saralasagar Vagu",
                "path": null,
                "createdOn": null,
                "createdBy": null,
                "updatedOn": null,
                "updatedBy": null
            },
            {
                "localRiverId": 286,
                "basinCode": "7",
                "riverId": 21,
                "tributaryId": 198,
                "subTributaryId": 10001,
                "subSubTributaryId": 10001,
                "localRiver": "Shumbhi",
                "path": null,
                "createdOn": null,
                "createdBy": null,
                "updatedOn": null,
                "updatedBy": null
            },
            {
                "localRiverId": 287,
                "basinCode": "7",
                "riverId": 21,
                "tributaryId": 199,
                "subTributaryId": 10001,
                "subSubTributaryId": 10001,
                "localRiver": "Tarali",
                "path": null,
                "createdOn": null,
                "createdBy": null,
                "updatedOn": null,
                "updatedBy": null
            },
            {
                "localRiverId": 288,
                "basinCode": "7",
                "riverId": 21,
                "tributaryId": 200,
                "subTributaryId": 10001,
                "subSubTributaryId": 10001,
                "localRiver": "Tungabhadra",
                "path": null,
                "createdOn": null,
                "createdBy": null,
                "updatedOn": null,
                "updatedBy": null
            },
            {
                "localRiverId": 289,
                "basinCode": "7",
                "riverId": 21,
                "tributaryId": 201,
                "subTributaryId": 10001,
                "subSubTributaryId": 10001,
                "localRiver": "Urmodi",
                "path": null,
                "createdOn": null,
                "createdBy": null,
                "updatedOn": null,
                "updatedBy": null
            },
            {
                "localRiverId": 290,
                "basinCode": "7",
                "riverId": 21,
                "tributaryId": 202,
                "subTributaryId": 10001,
                "subSubTributaryId": 10001,
                "localRiver": "Wang",
                "path": null,
                "createdOn": null,
                "createdBy": null,
                "updatedOn": null,
                "updatedBy": null
            },
            {
                "localRiverId": 291,
                "basinCode": "7",
                "riverId": 21,
                "tributaryId": 203,
                "subTributaryId": 10001,
                "subSubTributaryId": 10001,
                "localRiver": "Warna",
                "path": null,
                "createdOn": null,
                "createdBy": null,
                "updatedOn": null,
                "updatedBy": null
            },
            {
                "localRiverId": 292,
                "basinCode": "7",
                "riverId": 21,
                "tributaryId": 204,
                "subTributaryId": 10001,
                "subSubTributaryId": 10001,
                "localRiver": "Wasna",
                "path": null,
                "createdOn": null,
                "createdBy": null,
                "updatedOn": null,
                "updatedBy": null
            },
            {
                "localRiverId": 293,
                "basinCode": "7",
                "riverId": 21,
                "tributaryId": 205,
                "subTributaryId": 10001,
                "subSubTributaryId": 10001,
                "localRiver": "Wyra",
                "path": null,
                "createdOn": null,
                "createdBy": null,
                "updatedOn": null,
                "updatedBy": null
            },
            {
                "localRiverId": 294,
                "basinCode": "7",
                "riverId": 21,
                "tributaryId": 206,
                "subTributaryId": 10001,
                "subSubTributaryId": 10001,
                "localRiver": "Yerala",
                "path": null,
                "createdOn": null,
                "createdBy": null,
                "updatedOn": null,
                "updatedBy": null
            },
            {
                "localRiverId": 301,
                "basinCode": "9",
                "riverId": 25,
                "tributaryId": 215,
                "subTributaryId": 10001,
                "subSubTributaryId": 10001,
                "localRiver": "Amaravathi",
                "path": null,
                "createdOn": null,
                "createdBy": null,
                "updatedOn": null,
                "updatedBy": null
            },
            {
                "localRiverId": 302,
                "basinCode": "9",
                "riverId": 25,
                "tributaryId": 216,
                "subTributaryId": 10001,
                "subSubTributaryId": 10001,
                "localRiver": "Arasalar",
                "path": null,
                "createdOn": null,
                "createdBy": null,
                "updatedOn": null,
                "updatedBy": null
            },
            {
                "localRiverId": 303,
                "basinCode": "9",
                "riverId": 25,
                "tributaryId": 217,
                "subTributaryId": 10001,
                "subSubTributaryId": 10001,
                "localRiver": "Ariyar",
                "path": null,
                "createdOn": null,
                "createdBy": null,
                "updatedOn": null,
                "updatedBy": null
            },
            {
                "localRiverId": 304,
                "basinCode": "9",
                "riverId": 25,
                "tributaryId": 218,
                "subTributaryId": 10001,
                "subSubTributaryId": 10001,
                "localRiver": "Arkavathi",
                "path": null,
                "createdOn": null,
                "createdBy": null,
                "updatedOn": null,
                "updatedBy": null
            },
            {
                "localRiverId": 305,
                "basinCode": "9",
                "riverId": 25,
                "tributaryId": 219,
                "subTributaryId": 10001,
                "subSubTributaryId": 10001,
                "localRiver": "Ayyan Channel*",
                "path": null,
                "createdOn": null,
                "createdBy": null,
                "updatedOn": null,
                "updatedBy": null
            },
            {
                "localRiverId": 306,
                "basinCode": "9",
                "riverId": 25,
                "tributaryId": 220,
                "subTributaryId": 10001,
                "subSubTributaryId": 10001,
                "localRiver": "Ayyar",
                "path": null,
                "createdOn": null,
                "createdBy": null,
                "updatedOn": null,
                "updatedBy": null
            },
            {
                "localRiverId": 307,
                "basinCode": "9",
                "riverId": 25,
                "tributaryId": 221,
                "subTributaryId": 10001,
                "subSubTributaryId": 10001,
                "localRiver": "Bhavani",
                "path": null,
                "createdOn": null,
                "createdBy": null,
                "updatedOn": null,
                "updatedBy": null
            },
            {
                "localRiverId": 308,
                "basinCode": "9",
                "riverId": 25,
                "tributaryId": 222,
                "subTributaryId": 10001,
                "subSubTributaryId": 10001,
                "localRiver": "Chinnar",
                "path": null,
                "createdOn": null,
                "createdBy": null,
                "updatedOn": null,
                "updatedBy": null
            },
            {
                "localRiverId": 309,
                "basinCode": "9",
                "riverId": 25,
                "tributaryId": 223,
                "subTributaryId": 10001,
                "subSubTributaryId": 10001,
                "localRiver": "Chittar",
                "path": null,
                "createdOn": null,
                "createdBy": null,
                "updatedOn": null,
                "updatedBy": null
            },
            {
                "localRiverId": 310,
                "basinCode": "9",
                "riverId": 25,
                "tributaryId": 224,
                "subTributaryId": 10001,
                "subSubTributaryId": 10001,
                "localRiver": "Coleroon",
                "path": null,
                "createdOn": null,
                "createdBy": null,
                "updatedOn": null,
                "updatedBy": null
            },
            {
                "localRiverId": 311,
                "basinCode": "9",
                "riverId": 25,
                "tributaryId": 225,
                "subTributaryId": 10001,
                "subSubTributaryId": 10001,
                "localRiver": "Hemavathi",
                "path": null,
                "createdOn": null,
                "createdBy": null,
                "updatedOn": null,
                "updatedBy": null
            },
            {
                "localRiverId": 312,
                "basinCode": "9",
                "riverId": 25,
                "tributaryId": 226,
                "subTributaryId": 10001,
                "subSubTributaryId": 10001,
                "localRiver": "Kabini",
                "path": null,
                "createdOn": null,
                "createdBy": null,
                "updatedOn": null,
                "updatedBy": null
            },
            {
                "localRiverId": 313,
                "basinCode": "9",
                "riverId": 25,
                "tributaryId": 227,
                "subTributaryId": 10001,
                "subSubTributaryId": 10001,
                "localRiver": "Kesariguli halla",
                "path": null,
                "createdOn": null,
                "createdBy": null,
                "updatedOn": null,
                "updatedBy": null
            },
            {
                "localRiverId": 561,
                "basinCode": "15",
                "riverId": 142,
                "tributaryId": 480,
                "subTributaryId": 10001,
                "subSubTributaryId": 10001,
                "localRiver": "Kaliyar",
                "path": null,
                "createdOn": null,
                "createdBy": null,
                "updatedOn": null,
                "updatedBy": null
            },
            {
                "localRiverId": 314,
                "basinCode": "9",
                "riverId": 25,
                "tributaryId": 228,
                "subTributaryId": 10001,
                "subSubTributaryId": 10001,
                "localRiver": "Kodaganar",
                "path": null,
                "createdOn": null,
                "createdBy": null,
                "updatedOn": null,
                "updatedBy": null
            },
            {
                "localRiverId": 315,
                "basinCode": "9",
                "riverId": 25,
                "tributaryId": 229,
                "subTributaryId": 10001,
                "subSubTributaryId": 10001,
                "localRiver": "Kundha",
                "path": null,
                "createdOn": null,
                "createdBy": null,
                "updatedOn": null,
                "updatedBy": null
            },
            {
                "localRiverId": 316,
                "basinCode": "9",
                "riverId": 25,
                "tributaryId": 230,
                "subTributaryId": 10001,
                "subSubTributaryId": 10001,
                "localRiver": "Lakshmanthirtha",
                "path": null,
                "createdOn": null,
                "createdBy": null,
                "updatedOn": null,
                "updatedBy": null
            },
            {
                "localRiverId": 317,
                "basinCode": "9",
                "riverId": 25,
                "tributaryId": 231,
                "subTributaryId": 10001,
                "subSubTributaryId": 10001,
                "localRiver": "Marudaiyar",
                "path": null,
                "createdOn": null,
                "createdBy": null,
                "updatedOn": null,
                "updatedBy": null
            },
            {
                "localRiverId": 318,
                "basinCode": "9",
                "riverId": 25,
                "tributaryId": 232,
                "subTributaryId": 10001,
                "subSubTributaryId": 10001,
                "localRiver": "Nagavathi",
                "path": null,
                "createdOn": null,
                "createdBy": null,
                "updatedOn": null,
                "updatedBy": null
            },
            {
                "localRiverId": 319,
                "basinCode": "9",
                "riverId": 25,
                "tributaryId": 233,
                "subTributaryId": 10001,
                "subSubTributaryId": 10001,
                "localRiver": "Nandalar",
                "path": null,
                "createdOn": null,
                "createdBy": null,
                "updatedOn": null,
                "updatedBy": null
            },
            {
                "localRiverId": 553,
                "basinCode": "15",
                "riverId": 138,
                "tributaryId": 10001,
                "subTributaryId": 10001,
                "subSubTributaryId": 10001,
                "localRiver": "Mandvi",
                "path": null,
                "createdOn": null,
                "createdBy": null,
                "updatedOn": null,
                "updatedBy": null
            },
            {
                "localRiverId": 612,
                "basinCode": "15",
                "riverId": 160,
                "tributaryId": 531,
                "subTributaryId": 10001,
                "subSubTributaryId": 10001,
                "localRiver": "Dhandela",
                "path": null,
                "createdOn": null,
                "createdBy": null,
                "updatedOn": null,
                "updatedBy": null
            },
            {
                "localRiverId": 613,
                "basinCode": "15",
                "riverId": 160,
                "tributaryId": 532,
                "subTributaryId": 10001,
                "subSubTributaryId": 10001,
                "localRiver": "Pinjal",
                "path": null,
                "createdOn": null,
                "createdBy": null,
                "updatedOn": null,
                "updatedBy": null
            },
            {
                "localRiverId": 614,
                "basinCode": "15",
                "riverId": 160,
                "tributaryId": 533,
                "subTributaryId": 10001,
                "subSubTributaryId": 10001,
                "localRiver": "Surya",
                "path": null,
                "createdOn": null,
                "createdBy": null,
                "updatedOn": null,
                "updatedBy": null
            },
            {
                "localRiverId": 615,
                "basinCode": "15",
                "riverId": 160,
                "tributaryId": 534,
                "subTributaryId": 10001,
                "subSubTributaryId": 10001,
                "localRiver": "Tansa",
                "path": null,
                "createdOn": null,
                "createdBy": null,
                "updatedOn": null,
                "updatedBy": null
            },
            {
                "localRiverId": 550,
                "basinCode": "15",
                "riverId": 136,
                "tributaryId": 10001,
                "subTributaryId": 10001,
                "subSubTributaryId": 10001,
                "localRiver": "Kuttyadi",
                "path": null,
                "createdOn": null,
                "createdBy": null,
                "updatedOn": null,
                "updatedBy": null
            },
            {
                "localRiverId": 551,
                "basinCode": "15",
                "riverId": 137,
                "tributaryId": 10001,
                "subTributaryId": 10001,
                "subSubTributaryId": 10001,
                "localRiver": "Mandovi",
                "path": null,
                "createdOn": null,
                "createdBy": null,
                "updatedOn": null,
                "updatedBy": null
            },
            {
                "localRiverId": 556,
                "basinCode": "15",
                "riverId": 139,
                "tributaryId": 10001,
                "subTributaryId": 10001,
                "subSubTributaryId": 10001,
                "localRiver": "Meenachil",
                "path": null,
                "createdOn": null,
                "createdBy": null,
                "updatedOn": null,
                "updatedBy": null
            },
            {
                "localRiverId": 557,
                "basinCode": "15",
                "riverId": 140,
                "tributaryId": 10001,
                "subTributaryId": 10001,
                "subSubTributaryId": 10001,
                "localRiver": "Mindhola",
                "path": null,
                "createdOn": null,
                "createdBy": null,
                "updatedOn": null,
                "updatedBy": null
            },
            {
                "localRiverId": 558,
                "basinCode": "15",
                "riverId": 141,
                "tributaryId": 10001,
                "subTributaryId": 10001,
                "subSubTributaryId": 10001,
                "localRiver": "Muchkundi",
                "path": null,
                "createdOn": null,
                "createdBy": null,
                "updatedOn": null,
                "updatedBy": null
            },
            {
                "localRiverId": 560,
                "basinCode": "15",
                "riverId": 142,
                "tributaryId": 10001,
                "subTributaryId": 10001,
                "subSubTributaryId": 10001,
                "localRiver": "Muvattupuzha",
                "path": null,
                "createdOn": null,
                "createdBy": null,
                "updatedOn": null,
                "updatedBy": null
            },
            {
                "localRiverId": 562,
                "basinCode": "15",
                "riverId": 143,
                "tributaryId": 10001,
                "subTributaryId": 10001,
                "subSubTributaryId": 10001,
                "localRiver": "Netravathi",
                "path": null,
                "createdOn": null,
                "createdBy": null,
                "updatedOn": null,
                "updatedBy": null
            },
            {
                "localRiverId": 563,
                "basinCode": "15",
                "riverId": 144,
                "tributaryId": 10001,
                "subTributaryId": 10001,
                "subSubTributaryId": 10001,
                "localRiver": "Pamba",
                "path": null,
                "createdOn": null,
                "createdBy": null,
                "updatedOn": null,
                "updatedBy": null
            },
            {
                "localRiverId": 566,
                "basinCode": "15",
                "riverId": 145,
                "tributaryId": 10001,
                "subTributaryId": 10001,
                "subSubTributaryId": 10001,
                "localRiver": "Panvel",
                "path": null,
                "createdOn": null,
                "createdBy": null,
                "updatedOn": null,
                "updatedBy": null
            },
            {
                "localRiverId": 569,
                "basinCode": "15",
                "riverId": 146,
                "tributaryId": 10001,
                "subTributaryId": 10001,
                "subSubTributaryId": 10001,
                "localRiver": "Par",
                "path": null,
                "createdOn": null,
                "createdBy": null,
                "updatedOn": null,
                "updatedBy": null
            },
            {
                "localRiverId": 571,
                "basinCode": "15",
                "riverId": 147,
                "tributaryId": 10001,
                "subTributaryId": 10001,
                "subSubTributaryId": 10001,
                "localRiver": "Patalganga",
                "path": null,
                "createdOn": null,
                "createdBy": null,
                "updatedOn": null,
                "updatedBy": null
            },
            {
                "localRiverId": 576,
                "basinCode": "15",
                "riverId": 148,
                "tributaryId": 10001,
                "subTributaryId": 10001,
                "subSubTributaryId": 10001,
                "localRiver": "Payaswani",
                "path": null,
                "createdOn": null,
                "createdBy": null,
                "updatedOn": null,
                "updatedBy": null
            },
            {
                "localRiverId": 577,
                "basinCode": "15",
                "riverId": 149,
                "tributaryId": 10001,
                "subTributaryId": 10001,
                "subSubTributaryId": 10001,
                "localRiver": "Pazhayar",
                "path": null,
                "createdOn": null,
                "createdBy": null,
                "updatedOn": null,
                "updatedBy": null
            },
            {
                "localRiverId": 578,
                "basinCode": "15",
                "riverId": 150,
                "tributaryId": 10001,
                "subTributaryId": 10001,
                "subSubTributaryId": 10001,
                "localRiver": "Periyar",
                "path": null,
                "createdOn": null,
                "createdBy": null,
                "updatedOn": null,
                "updatedBy": null
            },
            {
                "localRiverId": 584,
                "basinCode": "15",
                "riverId": 151,
                "tributaryId": 10001,
                "subTributaryId": 10001,
                "subSubTributaryId": 10001,
                "localRiver": "Purna",
                "path": null,
                "createdOn": null,
                "createdBy": null,
                "updatedOn": null,
                "updatedBy": null
            },
            {
                "localRiverId": 586,
                "basinCode": "15",
                "riverId": 152,
                "tributaryId": 10001,
                "subTributaryId": 10001,
                "subSubTributaryId": 10001,
                "localRiver": "Savitri",
                "path": null,
                "createdOn": null,
                "createdBy": null,
                "updatedOn": null,
                "updatedBy": null
            },
            {
                "localRiverId": 591,
                "basinCode": "15",
                "riverId": 153,
                "tributaryId": 10001,
                "subTributaryId": 10001,
                "subSubTributaryId": 10001,
                "localRiver": "Shastri",
                "path": null,
                "createdOn": null,
                "createdBy": null,
                "updatedOn": null,
                "updatedBy": null
            },
            {
                "localRiverId": 594,
                "basinCode": "15",
                "riverId": 154,
                "tributaryId": 10001,
                "subTributaryId": 10001,
                "subSubTributaryId": 10001,
                "localRiver": "Sita",
                "path": null,
                "createdOn": null,
                "createdBy": null,
                "updatedOn": null,
                "updatedBy": null
            },
            {
                "localRiverId": 595,
                "basinCode": "15",
                "riverId": 155,
                "tributaryId": 10001,
                "subTributaryId": 10001,
                "subSubTributaryId": 10001,
                "localRiver": "Swarna",
                "path": null,
                "createdOn": null,
                "createdBy": null,
                "updatedOn": null,
                "updatedBy": null
            },
            {
                "localRiverId": 597,
                "basinCode": "15",
                "riverId": 156,
                "tributaryId": 10001,
                "subTributaryId": 10001,
                "subSubTributaryId": 10001,
                "localRiver": "Terekhol",
                "path": null,
                "createdOn": null,
                "createdBy": null,
                "updatedOn": null,
                "updatedBy": null
            },
            {
                "localRiverId": 599,
                "basinCode": "15",
                "riverId": 157,
                "tributaryId": 10001,
                "subTributaryId": 10001,
                "subSubTributaryId": 10001,
                "localRiver": "Tillari",
                "path": null,
                "createdOn": null,
                "createdBy": null,
                "updatedOn": null,
                "updatedBy": null
            },
            {
                "localRiverId": 600,
                "basinCode": "15",
                "riverId": 158,
                "tributaryId": 10001,
                "subTributaryId": 10001,
                "subSubTributaryId": 10001,
                "localRiver": "Ulhas",
                "path": null,
                "createdOn": null,
                "createdBy": null,
                "updatedOn": null,
                "updatedBy": null
            },
            {
                "localRiverId": 609,
                "basinCode": "15",
                "riverId": 159,
                "tributaryId": 10001,
                "subTributaryId": 10001,
                "subSubTributaryId": 10001,
                "localRiver": "Vaitarana",
                "path": null,
                "createdOn": null,
                "createdBy": null,
                "updatedOn": null,
                "updatedBy": null
            },
            {
                "localRiverId": 610,
                "basinCode": "15",
                "riverId": 160,
                "tributaryId": 10001,
                "subTributaryId": 10001,
                "subSubTributaryId": 10001,
                "localRiver": "Vaitarna",
                "path": null,
                "createdOn": null,
                "createdBy": null,
                "updatedOn": null,
                "updatedBy": null
            },
            {
                "localRiverId": 616,
                "basinCode": "15",
                "riverId": 161,
                "tributaryId": 10001,
                "subTributaryId": 10001,
                "subSubTributaryId": 10001,
                "localRiver": "Valapatnam",
                "path": null,
                "createdOn": null,
                "createdBy": null,
                "updatedOn": null,
                "updatedBy": null
            },
            {
                "localRiverId": 617,
                "basinCode": "15",
                "riverId": 162,
                "tributaryId": 10001,
                "subTributaryId": 10001,
                "subSubTributaryId": 10001,
                "localRiver": "Vamanapuram",
                "path": null,
                "createdOn": null,
                "createdBy": null,
                "updatedOn": null,
                "updatedBy": null
            },
            {
                "localRiverId": 618,
                "basinCode": "15",
                "riverId": 163,
                "tributaryId": 10001,
                "subTributaryId": 10001,
                "subSubTributaryId": 10001,
                "localRiver": "Varoli",
                "path": null,
                "createdOn": null,
                "createdBy": null,
                "updatedOn": null,
                "updatedBy": null
            },
            {
                "localRiverId": 619,
                "basinCode": "15",
                "riverId": 164,
                "tributaryId": 10001,
                "subTributaryId": 10001,
                "subSubTributaryId": 10001,
                "localRiver": "Vashisti",
                "path": null,
                "createdOn": null,
                "createdBy": null,
                "updatedOn": null,
                "updatedBy": null
            },
            {
                "localRiverId": 622,
                "basinCode": "15",
                "riverId": 165,
                "tributaryId": 10001,
                "subTributaryId": 10001,
                "subSubTributaryId": 10001,
                "localRiver": "Waghotan",
                "path": null,
                "createdOn": null,
                "createdBy": null,
                "updatedOn": null,
                "updatedBy": null
            },
            {
                "localRiverId": 204,
                "basinCode": "6",
                "riverId": 18,
                "tributaryId": 134,
                "subTributaryId": 10001,
                "subSubTributaryId": 10001,
                "localRiver": "Girja",
                "path": null,
                "createdOn": null,
                "createdBy": null,
                "updatedOn": null,
                "updatedBy": null
            },
            {
                "localRiverId": 205,
                "basinCode": "6",
                "riverId": 18,
                "tributaryId": 135,
                "subTributaryId": 10001,
                "subSubTributaryId": 10001,
                "localRiver": "Gollavagu",
                "path": null,
                "createdOn": null,
                "createdBy": null,
                "updatedOn": null,
                "updatedBy": null
            },
            {
                "localRiverId": 206,
                "basinCode": "6",
                "riverId": 18,
                "tributaryId": 136,
                "subTributaryId": 10001,
                "subSubTributaryId": 10001,
                "localRiver": "Gowrarapuvagu",
                "path": null,
                "createdOn": null,
                "createdBy": null,
                "updatedOn": null,
                "updatedBy": null
            },
            {
                "localRiverId": 207,
                "basinCode": "6",
                "riverId": 18,
                "tributaryId": 137,
                "subTributaryId": 10001,
                "subSubTributaryId": 10001,
                "localRiver": "Haldivagu",
                "path": null,
                "createdOn": null,
                "createdBy": null,
                "updatedOn": null,
                "updatedBy": null
            },
            {
                "localRiverId": 208,
                "basinCode": "6",
                "riverId": 18,
                "tributaryId": 138,
                "subTributaryId": 10001,
                "subSubTributaryId": 10001,
                "localRiver": "Indravathi",
                "path": null,
                "createdOn": null,
                "createdBy": null,
                "updatedOn": null,
                "updatedBy": null
            },
            {
                "localRiverId": 216,
                "basinCode": "6",
                "riverId": 18,
                "tributaryId": 139,
                "subTributaryId": 10001,
                "subSubTributaryId": 10001,
                "localRiver": "Kaddam",
                "path": null,
                "createdOn": null,
                "createdBy": null,
                "updatedOn": null,
                "updatedBy": null
            },
            {
                "localRiverId": 217,
                "basinCode": "6",
                "riverId": 18,
                "tributaryId": 140,
                "subTributaryId": 10001,
                "subSubTributaryId": 10001,
                "localRiver": "Kaddam vagu",
                "path": null,
                "createdOn": null,
                "createdBy": null,
                "updatedOn": null,
                "updatedBy": null
            },
            {
                "localRiverId": 209,
                "basinCode": "6",
                "riverId": 18,
                "tributaryId": 138,
                "subTributaryId": 189,
                "subSubTributaryId": 10001,
                "localRiver": "Bardha",
                "path": null,
                "createdOn": null,
                "createdBy": null,
                "updatedOn": null,
                "updatedBy": null
            },
            {
                "localRiverId": 210,
                "basinCode": "6",
                "riverId": 18,
                "tributaryId": 138,
                "subTributaryId": 190,
                "subSubTributaryId": 10001,
                "localRiver": "Bawardhi",
                "path": null,
                "createdOn": null,
                "createdBy": null,
                "updatedOn": null,
                "updatedBy": null
            },
            {
                "localRiverId": 211,
                "basinCode": "6",
                "riverId": 18,
                "tributaryId": 138,
                "subTributaryId": 191,
                "subSubTributaryId": 10001,
                "localRiver": "Bhaskal",
                "path": null,
                "createdOn": null,
                "createdBy": null,
                "updatedOn": null,
                "updatedBy": null
            },
            {
                "localRiverId": 212,
                "basinCode": "6",
                "riverId": 18,
                "tributaryId": 138,
                "subTributaryId": 192,
                "subSubTributaryId": 10001,
                "localRiver": "Dantewara",
                "path": null,
                "createdOn": null,
                "createdBy": null,
                "updatedOn": null,
                "updatedBy": null
            },
            {
                "localRiverId": 213,
                "basinCode": "6",
                "riverId": 18,
                "tributaryId": 138,
                "subTributaryId": 193,
                "subSubTributaryId": 10001,
                "localRiver": "Journala",
                "path": null,
                "createdOn": null,
                "createdBy": null,
                "updatedOn": null,
                "updatedBy": null
            },
            {
                "localRiverId": 214,
                "basinCode": "6",
                "riverId": 18,
                "tributaryId": 138,
                "subTributaryId": 194,
                "subSubTributaryId": 10001,
                "localRiver": "Markandi",
                "path": null,
                "createdOn": null,
                "createdBy": null,
                "updatedOn": null,
                "updatedBy": null
            },
            {
                "localRiverId": 215,
                "basinCode": "6",
                "riverId": 18,
                "tributaryId": 138,
                "subTributaryId": 195,
                "subSubTributaryId": 10001,
                "localRiver": "Narangi",
                "path": null,
                "createdOn": null,
                "createdBy": null,
                "updatedOn": null,
                "updatedBy": null
            },
            {
                "localRiverId": 221,
                "basinCode": "6",
                "riverId": 18,
                "tributaryId": 143,
                "subTributaryId": 201,
                "subSubTributaryId": 10001,
                "localRiver": "Murredu",
                "path": null,
                "createdOn": null,
                "createdBy": null,
                "updatedOn": null,
                "updatedBy": null
            },
            {
                "localRiverId": 227,
                "basinCode": "6",
                "riverId": 18,
                "tributaryId": 148,
                "subTributaryId": 207,
                "subSubTributaryId": 10001,
                "localRiver": "Lendi",
                "path": null,
                "createdOn": null,
                "createdBy": null,
                "updatedOn": null,
                "updatedBy": null
            },
            {
                "localRiverId": 237,
                "basinCode": "6",
                "riverId": 18,
                "tributaryId": 157,
                "subTributaryId": 217,
                "subSubTributaryId": 10001,
                "localRiver": "Wainganga",
                "path": null,
                "createdOn": null,
                "createdBy": null,
                "updatedOn": null,
                "updatedBy": null
            },
            {
                "localRiverId": 243,
                "basinCode": "6",
                "riverId": 18,
                "tributaryId": 157,
                "subTributaryId": 218,
                "subSubTributaryId": 10001,
                "localRiver": "Wardha",
                "path": null,
                "createdOn": null,
                "createdBy": null,
                "updatedOn": null,
                "updatedBy": null
            },
            {
                "localRiverId": 247,
                "basinCode": "6",
                "riverId": 18,
                "tributaryId": 159,
                "subTributaryId": 221,
                "subSubTributaryId": 10001,
                "localRiver": "Dudhna",
                "path": null,
                "createdOn": null,
                "createdBy": null,
                "updatedOn": null,
                "updatedBy": null
            },
            {
                "localRiverId": 250,
                "basinCode": "6",
                "riverId": 18,
                "tributaryId": 161,
                "subTributaryId": 224,
                "subSubTributaryId": 10001,
                "localRiver": "Potteru vagu",
                "path": null,
                "createdOn": null,
                "createdBy": null,
                "updatedOn": null,
                "updatedBy": null
            },
            {
                "localRiverId": 238,
                "basinCode": "6",
                "riverId": 18,
                "tributaryId": 157,
                "subTributaryId": 217,
                "subSubTributaryId": 237,
                "localRiver": "Mul",
                "path": null,
                "createdOn": null,
                "createdBy": null,
                "updatedOn": null,
                "updatedBy": null
            },
            {
                "localRiverId": 239,
                "basinCode": "6",
                "riverId": 18,
                "tributaryId": 157,
                "subTributaryId": 217,
                "subSubTributaryId": 238,
                "localRiver": "Bagh",
                "path": null,
                "createdOn": null,
                "createdBy": null,
                "updatedOn": null,
                "updatedBy": null
            },
            {
                "localRiverId": 240,
                "basinCode": "6",
                "riverId": 18,
                "tributaryId": 157,
                "subTributaryId": 217,
                "subSubTributaryId": 239,
                "localRiver": "Chulband",
                "path": null,
                "createdOn": null,
                "createdBy": null,
                "updatedOn": null,
                "updatedBy": null
            },
            {
                "localRiverId": 241,
                "basinCode": "6",
                "riverId": 18,
                "tributaryId": 157,
                "subTributaryId": 217,
                "subSubTributaryId": 240,
                "localRiver": "Khanan",
                "path": null,
                "createdOn": null,
                "createdBy": null,
                "updatedOn": null,
                "updatedBy": null
            },
            {
                "localRiverId": 242,
                "basinCode": "6",
                "riverId": 18,
                "tributaryId": 157,
                "subTributaryId": 217,
                "subSubTributaryId": 241,
                "localRiver": "Khobragarhi",
                "path": null,
                "createdOn": null,
                "createdBy": null,
                "updatedOn": null,
                "updatedBy": null
            },
            {
                "localRiverId": 244,
                "basinCode": "6",
                "riverId": 18,
                "tributaryId": 157,
                "subTributaryId": 218,
                "subSubTributaryId": 243,
                "localRiver": "Aran",
                "path": null,
                "createdOn": null,
                "createdBy": null,
                "updatedOn": null,
                "updatedBy": null
            },
            {
                "localRiverId": 199,
                "basinCode": "6",
                "riverId": 18,
                "tributaryId": 129,
                "subTributaryId": 10001,
                "subSubTributaryId": 10001,
                "localRiver": "Adhala",
                "path": null,
                "createdOn": null,
                "createdBy": null,
                "updatedOn": null,
                "updatedBy": null
            },
            {
                "localRiverId": 200,
                "basinCode": "6",
                "riverId": 18,
                "tributaryId": 130,
                "subTributaryId": 10001,
                "subSubTributaryId": 10001,
                "localRiver": "Bayyaram Vagu",
                "path": null,
                "createdOn": null,
                "createdBy": null,
                "updatedOn": null,
                "updatedBy": null
            },
            {
                "localRiverId": 201,
                "basinCode": "6",
                "riverId": 18,
                "tributaryId": 131,
                "subTributaryId": 10001,
                "subSubTributaryId": 10001,
                "localRiver": "Buradakalva",
                "path": null,
                "createdOn": null,
                "createdBy": null,
                "updatedOn": null,
                "updatedBy": null
            },
            {
                "localRiverId": 202,
                "basinCode": "6",
                "riverId": 18,
                "tributaryId": 132,
                "subTributaryId": 10001,
                "subSubTributaryId": 10001,
                "localRiver": "Darana",
                "path": null,
                "createdOn": null,
                "createdBy": null,
                "updatedOn": null,
                "updatedBy": null
            },
            {
                "localRiverId": 203,
                "basinCode": "6",
                "riverId": 18,
                "tributaryId": 133,
                "subTributaryId": 10001,
                "subSubTributaryId": 10001,
                "localRiver": "Darna",
                "path": null,
                "createdOn": null,
                "createdBy": null,
                "updatedOn": null,
                "updatedBy": null
            },
            {
                "localRiverId": 218,
                "basinCode": "6",
                "riverId": 18,
                "tributaryId": 141,
                "subTributaryId": 10001,
                "subSubTributaryId": 10001,
                "localRiver": "Kadwa",
                "path": null,
                "createdOn": null,
                "createdBy": null,
                "updatedOn": null,
                "updatedBy": null
            },
            {
                "localRiverId": 219,
                "basinCode": "6",
                "riverId": 18,
                "tributaryId": 142,
                "subTributaryId": 10001,
                "subSubTributaryId": 10001,
                "localRiver": "Karpara",
                "path": null,
                "createdOn": null,
                "createdBy": null,
                "updatedOn": null,
                "updatedBy": null
            },
            {
                "localRiverId": 220,
                "basinCode": "6",
                "riverId": 18,
                "tributaryId": 143,
                "subTributaryId": 10001,
                "subSubTributaryId": 10001,
                "localRiver": "Kinnerasani",
                "path": null,
                "createdOn": null,
                "createdBy": null,
                "updatedOn": null,
                "updatedBy": null
            },
            {
                "localRiverId": 222,
                "basinCode": "6",
                "riverId": 18,
                "tributaryId": 144,
                "subTributaryId": 10001,
                "subSubTributaryId": 10001,
                "localRiver": "Korutlavagu",
                "path": null,
                "createdOn": null,
                "createdBy": null,
                "updatedOn": null,
                "updatedBy": null
            },
            {
                "localRiverId": 223,
                "basinCode": "6",
                "riverId": 18,
                "tributaryId": 145,
                "subTributaryId": 10001,
                "subSubTributaryId": 10001,
                "localRiver": "Kovvadakalva",
                "path": null,
                "createdOn": null,
                "createdBy": null,
                "updatedOn": null,
                "updatedBy": null
            },
            {
                "localRiverId": 224,
                "basinCode": "6",
                "riverId": 18,
                "tributaryId": 146,
                "subTributaryId": 10001,
                "subSubTributaryId": 10001,
                "localRiver": "Lakhnavaram Vagu",
                "path": null,
                "createdOn": null,
                "createdBy": null,
                "updatedOn": null,
                "updatedBy": null
            },
            {
                "localRiverId": 225,
                "basinCode": "6",
                "riverId": 18,
                "tributaryId": 147,
                "subTributaryId": 10001,
                "subSubTributaryId": 10001,
                "localRiver": "Maner",
                "path": null,
                "createdOn": null,
                "createdBy": null,
                "updatedOn": null,
                "updatedBy": null
            },
            {
                "localRiverId": 226,
                "basinCode": "6",
                "riverId": 18,
                "tributaryId": 148,
                "subTributaryId": 10001,
                "subSubTributaryId": 10001,
                "localRiver": "Manjira",
                "path": null,
                "createdOn": null,
                "createdBy": null,
                "updatedOn": null,
                "updatedBy": null
            },
            {
                "localRiverId": 228,
                "basinCode": "6",
                "riverId": 18,
                "tributaryId": 149,
                "subTributaryId": 10001,
                "subSubTributaryId": 10001,
                "localRiver": "Masoli",
                "path": null,
                "createdOn": null,
                "createdBy": null,
                "updatedOn": null,
                "updatedBy": null
            },
            {
                "localRiverId": 229,
                "basinCode": "6",
                "riverId": 18,
                "tributaryId": 150,
                "subTributaryId": 10001,
                "subSubTributaryId": 10001,
                "localRiver": "Mukkamamidi",
                "path": null,
                "createdOn": null,
                "createdBy": null,
                "updatedOn": null,
                "updatedBy": null
            },
            {
                "localRiverId": 230,
                "basinCode": "6",
                "riverId": 18,
                "tributaryId": 151,
                "subTributaryId": 10001,
                "subSubTributaryId": 10001,
                "localRiver": "Mulavagu",
                "path": null,
                "createdOn": null,
                "createdBy": null,
                "updatedOn": null,
                "updatedBy": null
            },
            {
                "localRiverId": 231,
                "basinCode": "6",
                "riverId": 18,
                "tributaryId": 152,
                "subTributaryId": 10001,
                "subSubTributaryId": 10001,
                "localRiver": "Nallavagu",
                "path": null,
                "createdOn": null,
                "createdBy": null,
                "updatedOn": null,
                "updatedBy": null
            },
            {
                "localRiverId": 232,
                "basinCode": "6",
                "riverId": 18,
                "tributaryId": 153,
                "subTributaryId": 10001,
                "subSubTributaryId": 10001,
                "localRiver": "Nani",
                "path": null,
                "createdOn": null,
                "createdBy": null,
                "updatedOn": null,
                "updatedBy": null
            },
            {
                "localRiverId": 233,
                "basinCode": "6",
                "riverId": 18,
                "tributaryId": 154,
                "subTributaryId": 10001,
                "subSubTributaryId": 10001,
                "localRiver": "Pamuleru",
                "path": null,
                "createdOn": null,
                "createdBy": null,
                "updatedOn": null,
                "updatedBy": null
            },
            {
                "localRiverId": 234,
                "basinCode": "6",
                "riverId": 18,
                "tributaryId": 155,
                "subTributaryId": 10001,
                "subSubTributaryId": 10001,
                "localRiver": "Peddavagu",
                "path": null,
                "createdOn": null,
                "createdBy": null,
                "updatedOn": null,
                "updatedBy": null
            },
            {
                "localRiverId": 235,
                "basinCode": "6",
                "riverId": 18,
                "tributaryId": 156,
                "subTributaryId": 10001,
                "subSubTributaryId": 10001,
                "localRiver": "Poolanvagu",
                "path": null,
                "createdOn": null,
                "createdBy": null,
                "updatedOn": null,
                "updatedBy": null
            },
            {
                "localRiverId": 236,
                "basinCode": "6",
                "riverId": 18,
                "tributaryId": 157,
                "subTributaryId": 10001,
                "subSubTributaryId": 10001,
                "localRiver": "Pranhita",
                "path": null,
                "createdOn": null,
                "createdBy": null,
                "updatedOn": null,
                "updatedBy": null
            },
            {
                "localRiverId": 245,
                "basinCode": "6",
                "riverId": 18,
                "tributaryId": 158,
                "subTributaryId": 10001,
                "subSubTributaryId": 10001,
                "localRiver": "Pravara",
                "path": null,
                "createdOn": null,
                "createdBy": null,
                "updatedOn": null,
                "updatedBy": null
            },
            {
                "localRiverId": 246,
                "basinCode": "6",
                "riverId": 18,
                "tributaryId": 159,
                "subTributaryId": 10001,
                "subSubTributaryId": 10001,
                "localRiver": "Purna",
                "path": null,
                "createdOn": null,
                "createdBy": null,
                "updatedOn": null,
                "updatedBy": null
            },
            {
                "localRiverId": 248,
                "basinCode": "6",
                "riverId": 18,
                "tributaryId": 160,
                "subTributaryId": 10001,
                "subSubTributaryId": 10001,
                "localRiver": "Rallavagu",
                "path": null,
                "createdOn": null,
                "createdBy": null,
                "updatedOn": null,
                "updatedBy": null
            },
            {
                "localRiverId": 249,
                "basinCode": "6",
                "riverId": 18,
                "tributaryId": 161,
                "subTributaryId": 10001,
                "subSubTributaryId": 10001,
                "localRiver": "Sabari",
                "path": null,
                "createdOn": null,
                "createdBy": null,
                "updatedOn": null,
                "updatedBy": null
            },
            {
                "localRiverId": 251,
                "basinCode": "6",
                "riverId": 18,
                "tributaryId": 162,
                "subTributaryId": 10001,
                "subSubTributaryId": 10001,
                "localRiver": "Satnala",
                "path": null,
                "createdOn": null,
                "createdBy": null,
                "updatedOn": null,
                "updatedBy": null
            },
            {
                "localRiverId": 252,
                "basinCode": "6",
                "riverId": 18,
                "tributaryId": 163,
                "subTributaryId": 10001,
                "subSubTributaryId": 10001,
                "localRiver": "Seethapalli Vagu",
                "path": null,
                "createdOn": null,
                "createdBy": null,
                "updatedOn": null,
                "updatedBy": null
            },
            {
                "localRiverId": 198,
                "basinCode": "6",
                "riverId": 18,
                "tributaryId": 10001,
                "subTributaryId": 10001,
                "subSubTributaryId": 10001,
                "localRiver": "Godavari",
                "path": null,
                "createdOn": null,
                "createdBy": null,
                "updatedOn": null,
                "updatedBy": null
            },
            {
                "localRiverId": 255,
                "basinCode": "6",
                "riverId": 18,
                "tributaryId": 166,
                "subTributaryId": 10001,
                "subSubTributaryId": 10001,
                "localRiver": "Sindhphana",
                "path": null,
                "createdOn": null,
                "createdBy": null,
                "updatedOn": null,
                "updatedBy": null
            },
            {
                "localRiverId": 262,
                "basinCode": "7",
                "riverId": 20,
                "tributaryId": 10001,
                "subTributaryId": 10001,
                "subSubTributaryId": 10001,
                "localRiver": "k",
                "path": null,
                "createdOn": null,
                "createdBy": null,
                "updatedOn": null,
                "updatedBy": null
            },
            {
                "localRiverId": 263,
                "basinCode": "7",
                "riverId": 21,
                "tributaryId": 10001,
                "subTributaryId": 10001,
                "subSubTributaryId": 10001,
                "localRiver": "Krishna",
                "path": null,
                "createdOn": null,
                "createdBy": null,
                "updatedOn": null,
                "updatedBy": null
            },
            {
                "localRiverId": 300,
                "basinCode": "9",
                "riverId": 25,
                "tributaryId": 10001,
                "subTributaryId": 10001,
                "subSubTributaryId": 10001,
                "localRiver": "Cauvery",
                "path": null,
                "createdOn": null,
                "createdBy": null,
                "updatedOn": null,
                "updatedBy": null
            },
            {
                "localRiverId": 508,
                "basinCode": "15",
                "riverId": 114,
                "tributaryId": 10001,
                "subTributaryId": 10001,
                "subSubTributaryId": 10001,
                "localRiver": "Aghanashini",
                "path": null,
                "createdOn": null,
                "createdBy": null,
                "updatedOn": null,
                "updatedBy": null
            },
            {
                "localRiverId": 510,
                "basinCode": "15",
                "riverId": 116,
                "tributaryId": 10001,
                "subTributaryId": 10001,
                "subSubTributaryId": 10001,
                "localRiver": "Amba",
                "path": null,
                "createdOn": null,
                "createdBy": null,
                "updatedOn": null,
                "updatedBy": null
            },
            {
                "localRiverId": 513,
                "basinCode": "15",
                "riverId": 117,
                "tributaryId": 10001,
                "subTributaryId": 10001,
                "subSubTributaryId": 10001,
                "localRiver": "Ambika",
                "path": null,
                "createdOn": null,
                "createdBy": null,
                "updatedOn": null,
                "updatedBy": null
            },
            {
                "localRiverId": 514,
                "basinCode": "15",
                "riverId": 118,
                "tributaryId": 10001,
                "subTributaryId": 10001,
                "subSubTributaryId": 10001,
                "localRiver": "Bav",
                "path": null,
                "createdOn": null,
                "createdBy": null,
                "updatedOn": null,
                "updatedBy": null
            },
            {
                "localRiverId": 515,
                "basinCode": "15",
                "riverId": 119,
                "tributaryId": 10001,
                "subTributaryId": 10001,
                "subSubTributaryId": 10001,
                "localRiver": "Bharathapuzha",
                "path": null,
                "createdOn": null,
                "createdBy": null,
                "updatedOn": null,
                "updatedBy": null
            },
            {
                "localRiverId": 520,
                "basinCode": "15",
                "riverId": 120,
                "tributaryId": 10001,
                "subTributaryId": 10001,
                "subSubTributaryId": 10001,
                "localRiver": "Bharja",
                "path": null,
                "createdOn": null,
                "createdBy": null,
                "updatedOn": null,
                "updatedBy": null
            },
            {
                "localRiverId": 521,
                "basinCode": "15",
                "riverId": 121,
                "tributaryId": 10001,
                "subTributaryId": 10001,
                "subSubTributaryId": 10001,
                "localRiver": "Bhogeshwari",
                "path": null,
                "createdOn": null,
                "createdBy": null,
                "updatedOn": null,
                "updatedBy": null
            },
            {
                "localRiverId": 522,
                "basinCode": "15",
                "riverId": 122,
                "tributaryId": 10001,
                "subTributaryId": 10001,
                "subSubTributaryId": 10001,
                "localRiver": "Chaliyar",
                "path": null,
                "createdOn": null,
                "createdBy": null,
                "updatedOn": null,
                "updatedBy": null
            },
            {
                "localRiverId": 549,
                "basinCode": "15",
                "riverId": 135,
                "tributaryId": 468,
                "subTributaryId": 10001,
                "subSubTributaryId": 10001,
                "localRiver": "Sambarkund",
                "path": null,
                "createdOn": null,
                "createdBy": null,
                "updatedOn": null,
                "updatedBy": null
            },
            {
                "localRiverId": 552,
                "basinCode": "15",
                "riverId": 137,
                "tributaryId": 471,
                "subTributaryId": 10001,
                "subSubTributaryId": 10001,
                "localRiver": "Khandepar",
                "path": null,
                "createdOn": null,
                "createdBy": null,
                "updatedOn": null,
                "updatedBy": null
            },
            {
                "localRiverId": 554,
                "basinCode": "15",
                "riverId": 138,
                "tributaryId": 473,
                "subTributaryId": 10001,
                "subSubTributaryId": 10001,
                "localRiver": "Halther Nala",
                "path": null,
                "createdOn": null,
                "createdBy": null,
                "updatedOn": null,
                "updatedBy": null
            },
            {
                "localRiverId": 555,
                "basinCode": "15",
                "riverId": 138,
                "tributaryId": 474,
                "subTributaryId": 10001,
                "subSubTributaryId": 10001,
                "localRiver": "Sakindrapad",
                "path": null,
                "createdOn": null,
                "createdBy": null,
                "updatedOn": null,
                "updatedBy": null
            },
            {
                "localRiverId": 559,
                "basinCode": "15",
                "riverId": 141,
                "tributaryId": 478,
                "subTributaryId": 10001,
                "subSubTributaryId": 10001,
                "localRiver": "Bhambedi",
                "path": null,
                "createdOn": null,
                "createdBy": null,
                "updatedOn": null,
                "updatedBy": null
            },
            {
                "localRiverId": 564,
                "basinCode": "15",
                "riverId": 144,
                "tributaryId": 483,
                "subTributaryId": 10001,
                "subSubTributaryId": 10001,
                "localRiver": "Achankovil",
                "path": null,
                "createdOn": null,
                "createdBy": null,
                "updatedOn": null,
                "updatedBy": null
            },
            {
                "localRiverId": 565,
                "basinCode": "15",
                "riverId": 144,
                "tributaryId": 484,
                "subTributaryId": 10001,
                "subSubTributaryId": 10001,
                "localRiver": "Manimala",
                "path": null,
                "createdOn": null,
                "createdBy": null,
                "updatedOn": null,
                "updatedBy": null
            },
            {
                "localRiverId": 567,
                "basinCode": "15",
                "riverId": 145,
                "tributaryId": 486,
                "subTributaryId": 10001,
                "subSubTributaryId": 10001,
                "localRiver": "Kalundri",
                "path": null,
                "createdOn": null,
                "createdBy": null,
                "updatedOn": null,
                "updatedBy": null
            },
            {
                "localRiverId": 568,
                "basinCode": "15",
                "riverId": 145,
                "tributaryId": 487,
                "subTributaryId": 10001,
                "subSubTributaryId": 10001,
                "localRiver": "Navdi",
                "path": null,
                "createdOn": null,
                "createdBy": null,
                "updatedOn": null,
                "updatedBy": null
            },
            {
                "localRiverId": 570,
                "basinCode": "15",
                "riverId": 146,
                "tributaryId": 489,
                "subTributaryId": 10001,
                "subSubTributaryId": 10001,
                "localRiver": "Dholda",
                "path": null,
                "createdOn": null,
                "createdBy": null,
                "updatedOn": null,
                "updatedBy": null
            },
            {
                "localRiverId": 572,
                "basinCode": "15",
                "riverId": 147,
                "tributaryId": 491,
                "subTributaryId": 10001,
                "subSubTributaryId": 10001,
                "localRiver": "Balganga",
                "path": null,
                "createdOn": null,
                "createdBy": null,
                "updatedOn": null,
                "updatedBy": null
            },
            {
                "localRiverId": 573,
                "basinCode": "15",
                "riverId": 147,
                "tributaryId": 492,
                "subTributaryId": 10001,
                "subSubTributaryId": 10001,
                "localRiver": "Bhogeshwari",
                "path": null,
                "createdOn": null,
                "createdBy": null,
                "updatedOn": null,
                "updatedBy": null
            },
            {
                "localRiverId": 574,
                "basinCode": "15",
                "riverId": 147,
                "tributaryId": 493,
                "subTributaryId": 10001,
                "subSubTributaryId": 10001,
                "localRiver": "Dhavari",
                "path": null,
                "createdOn": null,
                "createdBy": null,
                "updatedOn": null,
                "updatedBy": null
            },
            {
                "localRiverId": 575,
                "basinCode": "15",
                "riverId": 147,
                "tributaryId": 494,
                "subTributaryId": 10001,
                "subSubTributaryId": 10001,
                "localRiver": "Ransai",
                "path": null,
                "createdOn": null,
                "createdBy": null,
                "updatedOn": null,
                "updatedBy": null
            },
            {
                "localRiverId": 579,
                "basinCode": "15",
                "riverId": 150,
                "tributaryId": 498,
                "subTributaryId": 10001,
                "subSubTributaryId": 10001,
                "localRiver": "Chalakudy",
                "path": null,
                "createdOn": null,
                "createdBy": null,
                "updatedOn": null,
                "updatedBy": null
            },
            {
                "localRiverId": 580,
                "basinCode": "15",
                "riverId": 150,
                "tributaryId": 499,
                "subTributaryId": 10001,
                "subSubTributaryId": 10001,
                "localRiver": "Nallar",
                "path": null,
                "createdOn": null,
                "createdBy": null,
                "updatedOn": null,
                "updatedBy": null
            },
            {
                "localRiverId": 523,
                "basinCode": "15",
                "riverId": 123,
                "tributaryId": 10001,
                "subTributaryId": 10001,
                "subSubTributaryId": 10001,
                "localRiver": "Daman Ganga",
                "path": null,
                "createdOn": null,
                "createdBy": null,
                "updatedOn": null,
                "updatedBy": null
            },
            {
                "localRiverId": 527,
                "basinCode": "15",
                "riverId": 124,
                "tributaryId": 10001,
                "subTributaryId": 10001,
                "subSubTributaryId": 10001,
                "localRiver": "Deoghar",
                "path": null,
                "createdOn": null,
                "createdBy": null,
                "updatedOn": null,
                "updatedBy": null
            },
            {
                "localRiverId": 530,
                "basinCode": "15",
                "riverId": 125,
                "tributaryId": 10001,
                "subTributaryId": 10001,
                "subSubTributaryId": 10001,
                "localRiver": "Gad",
                "path": null,
                "createdOn": null,
                "createdBy": null,
                "updatedOn": null,
                "updatedBy": null
            },
            {
                "localRiverId": 532,
                "basinCode": "15",
                "riverId": 126,
                "tributaryId": 10001,
                "subTributaryId": 10001,
                "subSubTributaryId": 10001,
                "localRiver": "Gangavali",
                "path": null,
                "createdOn": null,
                "createdBy": null,
                "updatedOn": null,
                "updatedBy": null
            },
            {
                "localRiverId": 533,
                "basinCode": "15",
                "riverId": 127,
                "tributaryId": 10001,
                "subTributaryId": 10001,
                "subSubTributaryId": 10001,
                "localRiver": "Gurpur",
                "path": null,
                "createdOn": null,
                "createdBy": null,
                "updatedOn": null,
                "updatedBy": null
            },
            {
                "localRiverId": 534,
                "basinCode": "15",
                "riverId": 128,
                "tributaryId": 10001,
                "subTributaryId": 10001,
                "subSubTributaryId": 10001,
                "localRiver": "Haladi",
                "path": null,
                "createdOn": null,
                "createdBy": null,
                "updatedOn": null,
                "updatedBy": null
            },
            {
                "localRiverId": 535,
                "basinCode": "15",
                "riverId": 129,
                "tributaryId": 10001,
                "subTributaryId": 10001,
                "subSubTributaryId": 10001,
                "localRiver": "Kadalundi",
                "path": null,
                "createdOn": null,
                "createdBy": null,
                "updatedOn": null,
                "updatedBy": null
            },
            {
                "localRiverId": 536,
                "basinCode": "15",
                "riverId": 130,
                "tributaryId": 10001,
                "subTributaryId": 10001,
                "subSubTributaryId": 10001,
                "localRiver": "Kajvi",
                "path": null,
                "createdOn": null,
                "createdBy": null,
                "updatedOn": null,
                "updatedBy": null
            },
            {
                "localRiverId": 538,
                "basinCode": "15",
                "riverId": 131,
                "tributaryId": 10001,
                "subTributaryId": 10001,
                "subSubTributaryId": 10001,
                "localRiver": "Kali",
                "path": null,
                "createdOn": null,
                "createdBy": null,
                "updatedOn": null,
                "updatedBy": null
            },
            {
                "localRiverId": 542,
                "basinCode": "15",
                "riverId": 132,
                "tributaryId": 10001,
                "subTributaryId": 10001,
                "subSubTributaryId": 10001,
                "localRiver": "Kallada",
                "path": null,
                "createdOn": null,
                "createdBy": null,
                "updatedOn": null,
                "updatedBy": null
            },
            {
                "localRiverId": 543,
                "basinCode": "15",
                "riverId": 133,
                "tributaryId": 10001,
                "subTributaryId": 10001,
                "subSubTributaryId": 10001,
                "localRiver": "Karli",
                "path": null,
                "createdOn": null,
                "createdBy": null,
                "updatedOn": null,
                "updatedBy": null
            },
            {
                "localRiverId": 545,
                "basinCode": "15",
                "riverId": 134,
                "tributaryId": 10001,
                "subTributaryId": 10001,
                "subSubTributaryId": 10001,
                "localRiver": "Kodavali",
                "path": null,
                "createdOn": null,
                "createdBy": null,
                "updatedOn": null,
                "updatedBy": null
            },
            {
                "localRiverId": 547,
                "basinCode": "15",
                "riverId": 135,
                "tributaryId": 10001,
                "subTributaryId": 10001,
                "subSubTributaryId": 10001,
                "localRiver": "Kundalika",
                "path": null,
                "createdOn": null,
                "createdBy": null,
                "updatedOn": null,
                "updatedBy": null
            },
            {
                "localRiverId": 713,
                "basinCode": "555",
                "riverId": 237,
                "tributaryId": 644,
                "subTributaryId": 704,
                "subSubTributaryId": 731,
                "localRiver": " QA micro",
                "path": null,
                "createdOn": "2024-05-22T17:57:57.251+00:00",
                "createdBy": 0,
                "updatedOn": null,
                "updatedBy": null
            },
            {
                "localRiverId": 714,
                "basinCode": "",
                "riverId": 238,
                "tributaryId": 645,
                "subTributaryId": 705,
                "subSubTributaryId": 732,
                "localRiver": "Micro Local River ",
                "path": null,
                "createdOn": "2024-05-23T17:09:44.014+00:00",
                "createdBy": 0,
                "updatedOn": null,
                "updatedBy": null
            },
            {
                "localRiverId": 715,
                "basinCode": "7",
                "riverId": 21,
                "tributaryId": 182,
                "subTributaryId": 707,
                "subSubTributaryId": 734,
                "localRiver": "Ganga",
                "path": null,
                "createdOn": "2024-05-24T14:40:08.891+00:00",
                "createdBy": 0,
                "updatedOn": null,
                "updatedBy": null
            },
            {
                "localRiverId": 716,
                "basinCode": "",
                "riverId": 244,
                "tributaryId": 648,
                "subTributaryId": 709,
                "subSubTributaryId": 735,
                "localRiver": "prachi",
                "path": null,
                "createdOn": "2024-05-27T16:56:21.739+00:00",
                "createdBy": 0,
                "updatedOn": null,
                "updatedBy": null
            },
            {
                "localRiverId": 717,
                "basinCode": "988",
                "riverId": 242,
                "tributaryId": 647,
                "subTributaryId": 708,
                "subSubTributaryId": 736,
                "localRiver": "Anjana Rever",
                "path": null,
                "createdOn": "2024-05-27T16:59:52.982+00:00",
                "createdBy": 0,
                "updatedOn": null,
                "updatedBy": null
            },
            {
                "localRiverId": 718,
                "basinCode": "190",
                "riverId": 245,
                "tributaryId": 649,
                "subTributaryId": 710,
                "subSubTributaryId": 737,
                "localRiver": "local",
                "path": null,
                "createdOn": "2024-05-29T11:10:12.390+00:00",
                "createdBy": 0,
                "updatedOn": null,
                "updatedBy": null
            },
            {
                "localRiverId": 719,
                "basinCode": "",
                "riverId": 246,
                "tributaryId": 650,
                "subTributaryId": 711,
                "subSubTributaryId": 738,
                "localRiver": "abc",
                "path": null,
                "createdOn": "2024-05-30T18:28:41.049+00:00",
                "createdBy": 0,
                "updatedOn": null,
                "updatedBy": null
            },
            {
                "localRiverId": 720,
                "basinCode": "111",
                "riverId": 247,
                "tributaryId": 651,
                "subTributaryId": 712,
                "subSubTributaryId": 739,
                "localRiver": "Local Rever",
                "path": null,
                "createdOn": "2024-06-04T12:01:15.181+00:00",
                "createdBy": 0,
                "updatedOn": null,
                "updatedBy": null
            },
            {
                "localRiverId": 721,
                "basinCode": "555",
                "riverId": 239,
                "tributaryId": 646,
                "subTributaryId": 706,
                "subSubTributaryId": 733,
                "localRiver": "Micro Local River",
                "path": null,
                "createdOn": "2024-06-06T10:42:33.307+00:00",
                "createdBy": 0,
                "updatedOn": null,
                "updatedBy": null
            },
            {
                "localRiverId": 722,
                "basinCode": "3B",
                "riverId": 10,
                "tributaryId": 20,
                "subTributaryId": 23,
                "subSubTributaryId": 45,
                "localRiver": "Ganga river",
                "path": "Tes123",
                "createdOn": "2024-02-28T06:34:22.718+00:00",
                "createdBy": 0,
                "updatedOn": "2024-02-28T06:34:22.718+00:00",
                "updatedBy": 0
            },
            {
                "localRiverId": 723,
                "basinCode": "3B",
                "riverId": 10,
                "tributaryId": 20,
                "subTributaryId": 23,
                "subSubTributaryId": 45,
                "localRiver": "Ganga river",
                "path": "Tes123",
                "createdOn": "2024-02-28T06:34:22.718+00:00",
                "createdBy": 0,
                "updatedOn": "2024-02-28T06:34:22.718+00:00",
                "updatedBy": 0
            },
            {
                "localRiverId": 724,
                "basinCode": "23",
                "riverId": 250,
                "tributaryId": 653,
                "subTributaryId": 715,
                "subSubTributaryId": 742,
                "localRiver": "TestBabitaLocal River",
                "path": null,
                "createdOn": "2024-06-15T12:06:32.619+00:00",
                "createdBy": 0,
                "updatedOn": null,
                "updatedBy": null
            }
        ],
        "masterLookup": [
            {
                "lookupId": 1,
                "lookupFlag": 1,
                "lookupCode": 1001,
                "lookupName": "Gauge",
                "seqNo": 1,
                "isActive": true,
                "hintDetails": "SurfaceWater - Sub Category"
            },
            {
                "lookupId": 2,
                "lookupFlag": 1,
                "lookupCode": 1002,
                "lookupName": "Gauge-Discharge",
                "seqNo": 2,
                "isActive": true,
                "hintDetails": "SurfaceWater - Sub Category"
            },
            {
                "lookupId": 3,
                "lookupFlag": 1,
                "lookupCode": 1003,
                "lookupName": "Gauge-Discharge-Sediment",
                "seqNo": 3,
                "isActive": true,
                "hintDetails": "SurfaceWater - Sub Category"
            },
            {
                "lookupId": 4,
                "lookupFlag": 1,
                "lookupCode": 1004,
                "lookupName": "Hydraulic Structure",
                "seqNo": 4,
                "isActive": true,
                "hintDetails": "SurfaceWater - Sub Category"
            },
            {
                "lookupId": 5,
                "lookupFlag": 1,
                "lookupCode": 1005,
                "lookupName": "Reservoir",
                "seqNo": 5,
                "isActive": true,
                "hintDetails": "SurfaceWater - Sub Category"
            },
            {
                "lookupId": 6,
                "lookupFlag": 1,
                "lookupCode": 1006,
                "lookupName": "Lake",
                "seqNo": 6,
                "isActive": true,
                "hintDetails": "SurfaceWater - Sub Category"
            },
            {
                "lookupId": 7,
                "lookupFlag": 1,
                "lookupCode": 1007,
                "lookupName": "Non-Gauge",
                "seqNo": 7,
                "isActive": true,
                "hintDetails": "SurfaceWater - Sub Category"
            },
            {
                "lookupId": 8,
                "lookupFlag": 1,
                "lookupCode": 1008,
                "lookupName": "Other",
                "seqNo": 8,
                "isActive": true,
                "hintDetails": "SurfaceWater - Sub Category"
            },
            {
                "lookupId": 9,
                "lookupFlag": 2,
                "lookupCode": 2001,
                "lookupName": "HIS (New)",
                "seqNo": 1,
                "isActive": true,
                "hintDetails": "Network Type"
            },
            {
                "lookupId": 10,
                "lookupFlag": 2,
                "lookupCode": 2002,
                "lookupName": "HIS (Upgraded)",
                "seqNo": 2,
                "isActive": true,
                "hintDetails": "Network Type"
            },
            {
                "lookupId": 11,
                "lookupFlag": 2,
                "lookupCode": 2003,
                "lookupName": "HIS (Existing)",
                "seqNo": 3,
                "isActive": true,
                "hintDetails": "Network Type"
            },
            {
                "lookupId": 13,
                "lookupFlag": 3,
                "lookupCode": 3001,
                "lookupName": "CWC",
                "seqNo": 1,
                "isActive": true,
                "hintDetails": "Station Owner"
            },
            {
                "lookupId": 14,
                "lookupFlag": 3,
                "lookupCode": 3002,
                "lookupName": "IMD",
                "seqNo": 2,
                "isActive": true,
                "hintDetails": "Station Owner"
            },
            {
                "lookupId": 15,
                "lookupFlag": 3,
                "lookupCode": 3003,
                "lookupName": "Revenue",
                "seqNo": 3,
                "isActive": true,
                "hintDetails": "Station Owner"
            },
            {
                "lookupId": 16,
                "lookupFlag": 3,
                "lookupCode": 3004,
                "lookupName": "Forest",
                "seqNo": 4,
                "isActive": true,
                "hintDetails": "Station Owner"
            },
            {
                "lookupId": 17,
                "lookupFlag": 3,
                "lookupCode": 3005,
                "lookupName": "Railways",
                "seqNo": 5,
                "isActive": true,
                "hintDetails": "Station Owner"
            },
            {
                "lookupId": 18,
                "lookupFlag": 3,
                "lookupCode": 3006,
                "lookupName": "Irrigation/Water Resources",
                "seqNo": 6,
                "isActive": true,
                "hintDetails": "Station Owner"
            },
            {
                "lookupId": 19,
                "lookupFlag": 3,
                "lookupCode": 3007,
                "lookupName": "Others",
                "seqNo": 7,
                "isActive": true,
                "hintDetails": "Station Owner"
            },
            {
                "lookupId": 20,
                "lookupFlag": 4,
                "lookupCode": 4001,
                "lookupName": "Precipititation(Standard - SRG)",
                "seqNo": 1,
                "isActive": true,
                "hintDetails": "Meterological - Sub Category"
            },
            {
                "lookupId": 21,
                "lookupFlag": 4,
                "lookupCode": 4002,
                "lookupName": "Precipititation(Autographic - ARG)",
                "seqNo": 2,
                "isActive": true,
                "hintDetails": "Meterological - Sub Category"
            },
            {
                "lookupId": 22,
                "lookupFlag": 4,
                "lookupCode": 4003,
                "lookupName": "Precipititation(Digital)",
                "seqNo": 3,
                "isActive": true,
                "hintDetails": "Meterological - Sub Category"
            },
            {
                "lookupId": 23,
                "lookupFlag": 4,
                "lookupCode": 4004,
                "lookupName": "Principle Climatological (Class I)",
                "seqNo": 4,
                "isActive": true,
                "hintDetails": "Meterological - Sub Category"
            },
            {
                "lookupId": 24,
                "lookupFlag": 4,
                "lookupCode": 4005,
                "lookupName": "Ordinary Climatological (Class II - FCS:HP)",
                "seqNo": 5,
                "isActive": true,
                "hintDetails": "Meterological - Sub Category"
            },
            {
                "lookupId": 25,
                "lookupFlag": 4,
                "lookupCode": 4006,
                "lookupName": "Ordinary Climatological (Class III)",
                "seqNo": 6,
                "isActive": true,
                "hintDetails": "Meterological - Sub Category"
            },
            {
                "lookupId": 26,
                "lookupFlag": 4,
                "lookupCode": 4007,
                "lookupName": "Ordinary Climatological (Class IV)",
                "seqNo": 7,
                "isActive": true,
                "hintDetails": "Meterological - Sub Category"
            },
            {
                "lookupId": 27,
                "lookupFlag": 4,
                "lookupCode": 4008,
                "lookupName": "Specific Purpose Climatological (Class VI)",
                "seqNo": 8,
                "isActive": true,
                "hintDetails": "Meterological - Sub Category"
            },
            {
                "lookupId": 28,
                "lookupFlag": 4,
                "lookupCode": 4009,
                "lookupName": "Automatic Weather Station (AWS)",
                "seqNo": 9,
                "isActive": true,
                "hintDetails": "Meterological - Sub Category"
            },
            {
                "lookupId": 29,
                "lookupFlag": 4,
                "lookupCode": 4010,
                "lookupName": "Other",
                "seqNo": 10,
                "isActive": true,
                "hintDetails": "Hint for option 10"
            },
            {
                "lookupId": 30,
                "lookupFlag": 5,
                "lookupCode": 5001,
                "lookupName": "Baseline",
                "seqNo": 1,
                "isActive": true,
                "hintDetails": "Water Quality - Sub Category"
            },
            {
                "lookupId": 31,
                "lookupFlag": 5,
                "lookupCode": 5002,
                "lookupName": "Trend",
                "seqNo": 2,
                "isActive": true,
                "hintDetails": "Water Quality - Sub Category"
            },
            {
                "lookupId": 32,
                "lookupFlag": 5,
                "lookupCode": 5003,
                "lookupName": "Flux",
                "seqNo": 3,
                "isActive": true,
                "hintDetails": "Water Quality - Sub Category"
            },
            {
                "lookupId": 33,
                "lookupFlag": 5,
                "lookupCode": 5004,
                "lookupName": "Surveillance",
                "seqNo": 4,
                "isActive": true,
                "hintDetails": "Water Quality - Sub Category"
            },
            {
                "lookupId": 34,
                "lookupFlag": 5,
                "lookupCode": 5005,
                "lookupName": "Survey",
                "seqNo": 5,
                "isActive": true,
                "hintDetails": "Water Quality - Sub Category"
            },
            {
                "lookupId": 35,
                "lookupFlag": 5,
                "lookupCode": 5006,
                "lookupName": "Other",
                "seqNo": 6,
                "isActive": true,
                "hintDetails": "Water Quality - Sub Category"
            },
            {
                "lookupId": 12,
                "lookupFlag": 2,
                "lookupCode": 2004,
                "lookupName": "Non-HIS",
                "seqNo": 4,
                "isActive": true,
                "hintDetails": "Network Type"
            },
            {
                "lookupId": 36,
                "lookupFlag": 6,
                "lookupCode": 6001,
                "lookupName": "Observed",
                "seqNo": 1,
                "isActive": true,
                "hintDetails": "Observed/Computed"
            },
            {
                "lookupId": 37,
                "lookupFlag": 6,
                "lookupCode": 6002,
                "lookupName": "Computed",
                "seqNo": 2,
                "isActive": true,
                "hintDetails": "Observed/Computed"
            },
            {
                "lookupId": 38,
                "lookupFlag": 6,
                "lookupCode": 6003,
                "lookupName": "Discarded",
                "seqNo": 3,
                "isActive": true,
                "hintDetails": "Observed/Computed"
            },
            {
                "lookupId": 39,
                "lookupFlag": 7,
                "lookupCode": 7001,
                "lookupName": "Wading",
                "seqNo": 1,
                "isActive": true,
                "hintDetails": "Mode of crossing"
            },
            {
                "lookupId": 40,
                "lookupFlag": 7,
                "lookupCode": 7002,
                "lookupName": "Bridge",
                "seqNo": 2,
                "isActive": true,
                "hintDetails": "Mode of crossing"
            },
            {
                "lookupId": 41,
                "lookupFlag": 7,
                "lookupCode": 7003,
                "lookupName": "Boat",
                "seqNo": 3,
                "isActive": true,
                "hintDetails": "Mode of crossing"
            },
            {
                "lookupId": 42,
                "lookupFlag": 7,
                "lookupCode": 7004,
                "lookupName": "Boat with OBE",
                "seqNo": 4,
                "isActive": true,
                "hintDetails": "Mode of crossing"
            },
            {
                "lookupId": 43,
                "lookupFlag": 7,
                "lookupCode": 7005,
                "lookupName": "Boat with IBE",
                "seqNo": 5,
                "isActive": true,
                "hintDetails": "Mode of crossing"
            },
            {
                "lookupId": 44,
                "lookupFlag": 7,
                "lookupCode": 7006,
                "lookupName": "Boat with Cableway",
                "seqNo": 6,
                "isActive": true,
                "hintDetails": "Mode of crossing"
            },
            {
                "lookupId": 45,
                "lookupFlag": 7,
                "lookupCode": 7007,
                "lookupName": "Bank Operated Cableway",
                "seqNo": 7,
                "isActive": true,
                "hintDetails": "Mode of crossing"
            },
            {
                "lookupId": 46,
                "lookupFlag": 7,
                "lookupCode": 7008,
                "lookupName": "Cableway with Trolley",
                "seqNo": 8,
                "isActive": true,
                "hintDetails": "Mode of crossing"
            },
            {
                "lookupId": 47,
                "lookupFlag": 8,
                "lookupCode": 8001,
                "lookupName": "Floats",
                "seqNo": 1,
                "isActive": true,
                "hintDetails": "Method of velocity observation"
            },
            {
                "lookupId": 48,
                "lookupFlag": 8,
                "lookupCode": 8002,
                "lookupName": "Current Meter",
                "seqNo": 2,
                "isActive": true,
                "hintDetails": "Method of velocity observation"
            },
            {
                "lookupId": 49,
                "lookupFlag": 8,
                "lookupCode": 8003,
                "lookupName": "Slope-Area",
                "seqNo": 3,
                "isActive": true,
                "hintDetails": "Method of velocity observation"
            },
            {
                "lookupId": 50,
                "lookupFlag": 8,
                "lookupCode": 8004,
                "lookupName": "Dilution",
                "seqNo": 4,
                "isActive": true,
                "hintDetails": "Method of velocity observation"
            },
            {
                "lookupId": 51,
                "lookupFlag": 8,
                "lookupCode": 8005,
                "lookupName": "Floats w.r.t R.D.s",
                "seqNo": 5,
                "isActive": true,
                "hintDetails": "Method of velocity observation"
            },
            {
                "lookupId": 52,
                "lookupFlag": 9,
                "lookupCode": 9001,
                "lookupName": "Clear sky",
                "seqNo": 1,
                "isActive": true,
                "hintDetails": "Weather Condition"
            },
            {
                "lookupId": 53,
                "lookupFlag": 9,
                "lookupCode": 9002,
                "lookupName": "Slightly Cloudy",
                "seqNo": 2,
                "isActive": true,
                "hintDetails": "Weather Condition"
            },
            {
                "lookupId": 54,
                "lookupFlag": 9,
                "lookupCode": 9003,
                "lookupName": "Heavily Cloudy",
                "seqNo": 3,
                "isActive": true,
                "hintDetails": "Weather Condition"
            },
            {
                "lookupId": 55,
                "lookupFlag": 9,
                "lookupCode": 9004,
                "lookupName": "Drizzling",
                "seqNo": 4,
                "isActive": true,
                "hintDetails": "Weather Condition"
            },
            {
                "lookupId": 56,
                "lookupFlag": 9,
                "lookupCode": 9005,
                "lookupName": "Raining",
                "seqNo": 5,
                "isActive": true,
                "hintDetails": "Weather Condition"
            },
            {
                "lookupId": 57,
                "lookupFlag": 9,
                "lookupCode": 9006,
                "lookupName": "Foggy",
                "seqNo": 6,
                "isActive": true,
                "hintDetails": "Weather Condition"
            },
            {
                "lookupId": 58,
                "lookupFlag": 10,
                "lookupCode": 10001,
                "lookupName": "0",
                "seqNo": 1,
                "isActive": true,
                "hintDetails": "Wind Dir. w.r.t Flow/Current"
            },
            {
                "lookupId": 59,
                "lookupFlag": 10,
                "lookupCode": 10002,
                "lookupName": "22.5",
                "seqNo": 2,
                "isActive": true,
                "hintDetails": "Wind Dir. w.r.t Flow/Current"
            },
            {
                "lookupId": 60,
                "lookupFlag": 10,
                "lookupCode": 10003,
                "lookupName": "45",
                "seqNo": 3,
                "isActive": true,
                "hintDetails": "Wind Dir. w.r.t Flow/Current"
            },
            {
                "lookupId": 61,
                "lookupFlag": 10,
                "lookupCode": 10004,
                "lookupName": "67.5",
                "seqNo": 4,
                "isActive": true,
                "hintDetails": "Wind Dir. w.r.t Flow/Current"
            },
            {
                "lookupId": 62,
                "lookupFlag": 10,
                "lookupCode": 10005,
                "lookupName": "90",
                "seqNo": 5,
                "isActive": true,
                "hintDetails": "Wind Dir. w.r.t Flow/Current"
            },
            {
                "lookupId": 63,
                "lookupFlag": 10,
                "lookupCode": 10006,
                "lookupName": "112.5",
                "seqNo": 6,
                "isActive": true,
                "hintDetails": "Wind Dir. w.r.t Flow/Current"
            },
            {
                "lookupId": 64,
                "lookupFlag": 10,
                "lookupCode": 10007,
                "lookupName": "135",
                "seqNo": 7,
                "isActive": true,
                "hintDetails": "Wind Dir. w.r.t Flow/Current"
            },
            {
                "lookupId": 65,
                "lookupFlag": 10,
                "lookupCode": 10008,
                "lookupName": "157.5",
                "seqNo": 8,
                "isActive": true,
                "hintDetails": "Wind Dir. w.r.t Flow/Current"
            },
            {
                "lookupId": 66,
                "lookupFlag": 10,
                "lookupCode": 10009,
                "lookupName": "180",
                "seqNo": 9,
                "isActive": true,
                "hintDetails": "Wind Dir. w.r.t Flow/Current"
            },
            {
                "lookupId": 67,
                "lookupFlag": 10,
                "lookupCode": 10010,
                "lookupName": "202.5",
                "seqNo": 10,
                "isActive": true,
                "hintDetails": "Wind Dir. w.r.t Flow/Current"
            },
            {
                "lookupId": 68,
                "lookupFlag": 10,
                "lookupCode": 10011,
                "lookupName": "225",
                "seqNo": 11,
                "isActive": true,
                "hintDetails": "Wind Dir. w.r.t Flow/Current"
            },
            {
                "lookupId": 69,
                "lookupFlag": 10,
                "lookupCode": 10012,
                "lookupName": "247.5",
                "seqNo": 12,
                "isActive": true,
                "hintDetails": "Wind Dir. w.r.t Flow/Current"
            },
            {
                "lookupId": 70,
                "lookupFlag": 10,
                "lookupCode": 10013,
                "lookupName": "270",
                "seqNo": 13,
                "isActive": true,
                "hintDetails": "Wind Dir. w.r.t Flow/Current"
            },
            {
                "lookupId": 71,
                "lookupFlag": 10,
                "lookupCode": 10014,
                "lookupName": "292.5",
                "seqNo": 14,
                "isActive": true,
                "hintDetails": "Wind Dir. w.r.t Flow/Current"
            },
            {
                "lookupId": 72,
                "lookupFlag": 10,
                "lookupCode": 10015,
                "lookupName": "315",
                "seqNo": 15,
                "isActive": true,
                "hintDetails": "Wind Dir. w.r.t Flow/Current"
            },
            {
                "lookupId": 73,
                "lookupFlag": 10,
                "lookupCode": 10016,
                "lookupName": "337.5",
                "seqNo": 16,
                "isActive": true,
                "hintDetails": "Wind Dir. w.r.t Flow/Current"
            },
            {
                "lookupId": 74,
                "lookupFlag": 11,
                "lookupCode": 11001,
                "lookupName": "Calm",
                "seqNo": 1,
                "isActive": true,
                "hintDetails": "Strength of Wind"
            },
            {
                "lookupId": 75,
                "lookupFlag": 11,
                "lookupCode": 11002,
                "lookupName": "Slight",
                "seqNo": 2,
                "isActive": true,
                "hintDetails": "Strength of Wind"
            },
            {
                "lookupId": 76,
                "lookupFlag": 11,
                "lookupCode": 11003,
                "lookupName": "Strong",
                "seqNo": 3,
                "isActive": true,
                "hintDetails": "Strength of Wind"
            },
            {
                "lookupId": 77,
                "lookupFlag": 11,
                "lookupCode": 11004,
                "lookupName": "Very Strong",
                "seqNo": 4,
                "isActive": true,
                "hintDetails": "Strength of Wind"
            },
            {
                "lookupId": 78,
                "lookupFlag": 12,
                "lookupCode": 12001,
                "lookupName": "Permanent Site",
                "seqNo": 1,
                "isActive": true,
                "hintDetails": "Location of Discharge Site"
            },
            {
                "lookupId": 79,
                "lookupFlag": 12,
                "lookupCode": 12002,
                "lookupName": "Temporary Site",
                "seqNo": 2,
                "isActive": true,
                "hintDetails": "Location of Discharge Site"
            },
            {
                "lookupId": 80,
                "lookupFlag": 13,
                "lookupCode": 13001,
                "lookupName": "Wading rod",
                "seqNo": 1,
                "isActive": true,
                "hintDetails": "Sounding Taken with"
            },
            {
                "lookupId": 81,
                "lookupFlag": 13,
                "lookupCode": 13002,
                "lookupName": "Sounding pole",
                "seqNo": 2,
                "isActive": true,
                "hintDetails": "Sounding Taken with"
            },
            {
                "lookupId": 82,
                "lookupFlag": 13,
                "lookupCode": 13003,
                "lookupName": "Metallic reel",
                "seqNo": 3,
                "isActive": true,
                "hintDetails": "Sounding Taken with"
            },
            {
                "lookupId": 83,
                "lookupFlag": 13,
                "lookupCode": 13004,
                "lookupName": "Echo-sounder",
                "seqNo": 4,
                "isActive": true,
                "hintDetails": "Sounding Taken with"
            },
            {
                "lookupId": 84,
                "lookupFlag": 13,
                "lookupCode": 13005,
                "lookupName": "from X-Section",
                "seqNo": 5,
                "isActive": true,
                "hintDetails": "Sounding Taken with"
            },
            {
                "lookupId": 85,
                "lookupFlag": 14,
                "lookupCode": 14001,
                "lookupName": "Clear water",
                "seqNo": 1,
                "isActive": true,
                "hintDetails": "Condition of Water"
            },
            {
                "lookupId": 86,
                "lookupFlag": 14,
                "lookupCode": 14002,
                "lookupName": "Slightly silty water",
                "seqNo": 2,
                "isActive": true,
                "hintDetails": "Condition of Water"
            },
            {
                "lookupId": 87,
                "lookupFlag": 14,
                "lookupCode": 14003,
                "lookupName": "Silty Water",
                "seqNo": 3,
                "isActive": true,
                "hintDetails": "Condition of Water"
            },
            {
                "lookupId": 88,
                "lookupFlag": 14,
                "lookupCode": 14004,
                "lookupName": "Heavily silty water",
                "seqNo": 4,
                "isActive": true,
                "hintDetails": "Condition of Water"
            },
            {
                "lookupId": 89,
                "lookupFlag": 15,
                "lookupCode": 15001,
                "lookupName": "10",
                "seqNo": 1,
                "isActive": true,
                "hintDetails": "value of timeperiod in Menu"
            },
            {
                "lookupId": 90,
                "lookupFlag": 15,
                "lookupCode": 15002,
                "lookupName": "15",
                "seqNo": 2,
                "isActive": true,
                "hintDetails": "value of timeperiod in Menu"
            },
            {
                "lookupId": 91,
                "lookupFlag": 15,
                "lookupCode": 15003,
                "lookupName": "20",
                "seqNo": 3,
                "isActive": true,
                "hintDetails": "value of timeperiod in Menu"
            },
            {
                "lookupId": 92,
                "lookupFlag": 15,
                "lookupCode": 15004,
                "lookupName": "25",
                "seqNo": 4,
                "isActive": true,
                "hintDetails": "value of timeperiod in Menu"
            },
            {
                "lookupId": 93,
                "lookupFlag": 15,
                "lookupCode": 15005,
                "lookupName": "30",
                "seqNo": 5,
                "isActive": true,
                "hintDetails": "value of timeperiod in Menu"
            },
            {
                "lookupId": 94,
                "lookupFlag": 15,
                "lookupCode": 15006,
                "lookupName": "45",
                "seqNo": 6,
                "isActive": true,
                "hintDetails": "value of timeperiod in Menu"
            },
            {
                "lookupId": 95,
                "lookupFlag": 15,
                "lookupCode": 15007,
                "lookupName": "60",
                "seqNo": 7,
                "isActive": true,
                "hintDetails": "value of timeperiod in Menu"
            },
            {
                "lookupId": 96,
                "lookupFlag": 15,
                "lookupCode": 15008,
                "lookupName": "120",
                "seqNo": 8,
                "isActive": true,
                "hintDetails": "value of timeperiod in Menu"
            },
            {
                "lookupId": 97,
                "lookupFlag": 15,
                "lookupCode": 15009,
                "lookupName": "180",
                "seqNo": 9,
                "isActive": true,
                "hintDetails": "value of timeperiod in Menu"
            },
            {
                "lookupId": 98,
                "lookupFlag": 16,
                "lookupCode": 16001,
                "lookupName": "U/S",
                "seqNo": 1,
                "isActive": true,
                "hintDetails": "Location of site wrt Permanent Site"
            },
            {
                "lookupId": 99,
                "lookupFlag": 16,
                "lookupCode": 16002,
                "lookupName": "D/S",
                "seqNo": 2,
                "isActive": true,
                "hintDetails": "Location of site wrt Permanent Site"
            },
            {
                "lookupId": 100,
                "lookupFlag": 17,
                "lookupCode": 17001,
                "lookupName": "15lb (6.8Kg)",
                "seqNo": 1,
                "isActive": true,
                "hintDetails": "Sounding weight used"
            },
            {
                "lookupId": 101,
                "lookupFlag": 17,
                "lookupCode": 17002,
                "lookupName": "30lb (13.6Kg)",
                "seqNo": 2,
                "isActive": true,
                "hintDetails": "Sounding weight used"
            },
            {
                "lookupId": 102,
                "lookupFlag": 17,
                "lookupCode": 17003,
                "lookupName": "50lb (22.7Kg)",
                "seqNo": 3,
                "isActive": true,
                "hintDetails": "Sounding weight used"
            },
            {
                "lookupId": 103,
                "lookupFlag": 17,
                "lookupCode": 17004,
                "lookupName": "100lb (45.4Kg)",
                "seqNo": 4,
                "isActive": true,
                "hintDetails": "Sounding weight used"
            },
            {
                "lookupId": 104,
                "lookupFlag": 17,
                "lookupCode": 17005,
                "lookupName": "200lb (90.7Kg)",
                "seqNo": 5,
                "isActive": true,
                "hintDetails": "Sounding weight used"
            },
            {
                "lookupId": 105,
                "lookupFlag": 17,
                "lookupCode": 17006,
                "lookupName": "300lb (136.1kg)",
                "seqNo": 6,
                "isActive": true,
                "hintDetails": "Sounding weight used"
            },
            {
                "lookupId": 106,
                "lookupFlag": 17,
                "lookupCode": 17007,
                "lookupName": "None",
                "seqNo": 7,
                "isActive": true,
                "hintDetails": "Sounding weight used"
            },
            {
                "lookupId": 107,
                "lookupFlag": 17,
                "lookupCode": 17008,
                "lookupName": "10Kg",
                "seqNo": 8,
                "isActive": true,
                "hintDetails": "Sounding weight used"
            },
            {
                "lookupId": 108,
                "lookupFlag": 17,
                "lookupCode": 17009,
                "lookupName": "15Kg",
                "seqNo": 9,
                "isActive": true,
                "hintDetails": "Sounding weight used"
            },
            {
                "lookupId": 109,
                "lookupFlag": 17,
                "lookupCode": 17010,
                "lookupName": "20Kg",
                "seqNo": 10,
                "isActive": true,
                "hintDetails": "Sounding weight used"
            },
            {
                "lookupId": 110,
                "lookupFlag": 17,
                "lookupCode": 17011,
                "lookupName": "25Kg",
                "seqNo": 11,
                "isActive": true,
                "hintDetails": "Sounding weight used"
            },
            {
                "lookupId": 111,
                "lookupFlag": 17,
                "lookupCode": 17012,
                "lookupName": "35Kg",
                "seqNo": 12,
                "isActive": true,
                "hintDetails": "Sounding weight used"
            },
            {
                "lookupId": 112,
                "lookupFlag": 17,
                "lookupCode": 17013,
                "lookupName": "50Kg",
                "seqNo": 13,
                "isActive": true,
                "hintDetails": "Sounding weight used"
            },
            {
                "lookupId": 113,
                "lookupFlag": 17,
                "lookupCode": 17014,
                "lookupName": "100Kg",
                "seqNo": 14,
                "isActive": true,
                "hintDetails": "Sounding weight used"
            },
            {
                "lookupId": 115,
                "lookupFlag": 19,
                "lookupCode": 19001,
                "lookupName": "I",
                "seqNo": 1,
                "isActive": true,
                "hintDetails": "HP-Level"
            },
            {
                "lookupId": 116,
                "lookupFlag": 19,
                "lookupCode": 19002,
                "lookupName": "II",
                "seqNo": 2,
                "isActive": true,
                "hintDetails": "HP-Level"
            },
            {
                "lookupId": 117,
                "lookupFlag": 19,
                "lookupCode": 19003,
                "lookupName": "II+",
                "seqNo": 3,
                "isActive": true,
                "hintDetails": "HP-Level"
            },
            {
                "lookupId": 118,
                "lookupFlag": 20,
                "lookupCode": 20001,
                "lookupName": "CWC",
                "seqNo": 1,
                "isActive": true,
                "hintDetails": "HP Domain"
            },
            {
                "lookupId": 119,
                "lookupFlag": 20,
                "lookupCode": 20002,
                "lookupName": "sSW",
                "seqNo": 2,
                "isActive": true,
                "hintDetails": "HP Domain"
            },
            {
                "lookupId": 120,
                "lookupFlag": 20,
                "lookupCode": 20003,
                "lookupName": "sG&SW",
                "seqNo": 3,
                "isActive": true,
                "hintDetails": "HP Domain"
            },
            {
                "lookupId": 121,
                "lookupFlag": 20,
                "lookupCode": 20004,
                "lookupName": "Non-HP Laboratory",
                "seqNo": 4,
                "isActive": true,
                "hintDetails": "HP Domain"
            },
            {
                "lookupId": 122,
                "lookupFlag": 21,
                "lookupCode": 21001,
                "lookupName": "Physical",
                "seqNo": 1,
                "isActive": true,
                "hintDetails": "Yearbook Category"
            },
            {
                "lookupId": 123,
                "lookupFlag": 21,
                "lookupCode": 21002,
                "lookupName": "Chemical",
                "seqNo": 2,
                "isActive": true,
                "hintDetails": "Yearbook Category"
            },
            {
                "lookupId": 125,
                "lookupFlag": 21,
                "lookupCode": 21004,
                "lookupName": "Trace & Toxic",
                "seqNo": 4,
                "isActive": true,
                "hintDetails": "Yearbook Category"
            },
            {
                "lookupId": 126,
                "lookupFlag": 21,
                "lookupCode": 21005,
                "lookupName": "Chemical Indices",
                "seqNo": 5,
                "isActive": true,
                "hintDetails": "Yearbook Category"
            },
            {
                "lookupId": 127,
                "lookupFlag": 21,
                "lookupCode": 21006,
                "lookupName": "Pesticides",
                "seqNo": 6,
                "isActive": true,
                "hintDetails": "Yearbook Category"
            },
            {
                "lookupId": 128,
                "lookupFlag": 22,
                "lookupCode": 22001,
                "lookupName": "Physical",
                "seqNo": 1,
                "isActive": true,
                "hintDetails": "Category I"
            },
            {
                "lookupId": 129,
                "lookupFlag": 22,
                "lookupCode": 22002,
                "lookupName": "Chemical",
                "seqNo": 2,
                "isActive": true,
                "hintDetails": "Category I"
            },
            {
                "lookupId": 130,
                "lookupFlag": 22,
                "lookupCode": 22003,
                "lookupName": "Biological",
                "seqNo": 3,
                "isActive": true,
                "hintDetails": "Category I"
            },
            {
                "lookupId": 131,
                "lookupFlag": 23,
                "lookupCode": 23001,
                "lookupName": "Salt",
                "seqNo": 1,
                "isActive": true,
                "hintDetails": "Category II"
            },
            {
                "lookupId": 132,
                "lookupFlag": 23,
                "lookupCode": 23002,
                "lookupName": "Solids",
                "seqNo": 2,
                "isActive": true,
                "hintDetails": "Category II"
            },
            {
                "lookupId": 133,
                "lookupFlag": 23,
                "lookupCode": 23003,
                "lookupName": "Gas",
                "seqNo": 3,
                "isActive": true,
                "hintDetails": "Category II"
            },
            {
                "lookupId": 134,
                "lookupFlag": 23,
                "lookupCode": 23004,
                "lookupName": "Organic",
                "seqNo": 4,
                "isActive": true,
                "hintDetails": "Category II"
            },
            {
                "lookupId": 135,
                "lookupFlag": 23,
                "lookupCode": 23005,
                "lookupName": "Bacteria",
                "seqNo": 5,
                "isActive": true,
                "hintDetails": "Category II"
            },
            {
                "lookupId": 136,
                "lookupFlag": 23,
                "lookupCode": 23007,
                "lookupName": "TraceOrganic",
                "seqNo": 7,
                "isActive": true,
                "hintDetails": "Category II"
            },
            {
                "lookupId": 137,
                "lookupFlag": 23,
                "lookupCode": 23006,
                "lookupName": "TraceMetal",
                "seqNo": 6,
                "isActive": true,
                "hintDetails": "Category II"
            },
            {
                "lookupId": 138,
                "lookupFlag": 23,
                "lookupCode": 23008,
                "lookupName": "Toxic",
                "seqNo": 8,
                "isActive": true,
                "hintDetails": "Category II"
            },
            {
                "lookupId": 139,
                "lookupFlag": 23,
                "lookupCode": 23009,
                "lookupName": "Chem Indices",
                "seqNo": 9,
                "isActive": true,
                "hintDetails": "Category II"
            },
            {
                "lookupId": 141,
                "lookupFlag": 24,
                "lookupCode": 24001,
                "lookupName": "Surface Water",
                "seqNo": 1,
                "isActive": true,
                "hintDetails": "SW/GW"
            },
            {
                "lookupId": 142,
                "lookupFlag": 24,
                "lookupCode": 24002,
                "lookupName": "Ground Water",
                "seqNo": 2,
                "isActive": true,
                "hintDetails": "SW/GW"
            },
            {
                "lookupId": 143,
                "lookupFlag": 24,
                "lookupCode": 24003,
                "lookupName": "Both",
                "seqNo": 3,
                "isActive": true,
                "hintDetails": "SW/GW"
            },
            {
                "lookupId": 144,
                "lookupFlag": 25,
                "lookupCode": 25001,
                "lookupName": "mg/L",
                "seqNo": 1,
                "isActive": true,
                "hintDetails": "Unit"
            },
            {
                "lookupId": 145,
                "lookupFlag": 25,
                "lookupCode": 25002,
                "lookupName": "µg/L",
                "seqNo": 2,
                "isActive": true,
                "hintDetails": "Unit"
            },
            {
                "lookupId": 146,
                "lookupFlag": 25,
                "lookupCode": 25003,
                "lookupName": "mgN/L",
                "seqNo": 3,
                "isActive": true,
                "hintDetails": "Unit"
            },
            {
                "lookupId": 147,
                "lookupFlag": 25,
                "lookupCode": 25004,
                "lookupName": "mgP/L",
                "seqNo": 4,
                "isActive": true,
                "hintDetails": "Unit"
            },
            {
                "lookupId": 148,
                "lookupFlag": 25,
                "lookupCode": 25005,
                "lookupName": "mgCaCO3/L",
                "seqNo": 5,
                "isActive": true,
                "hintDetails": "Unit"
            },
            {
                "lookupId": 150,
                "lookupFlag": 25,
                "lookupCode": 25007,
                "lookupName": "pH units",
                "seqNo": 7,
                "isActive": true,
                "hintDetails": "Unit"
            },
            {
                "lookupId": 151,
                "lookupFlag": 25,
                "lookupCode": 25008,
                "lookupName": "mg SiO2/L",
                "seqNo": 8,
                "isActive": true,
                "hintDetails": "Unit"
            },
            {
                "lookupId": 152,
                "lookupFlag": 25,
                "lookupCode": 25009,
                "lookupName": "NTU",
                "seqNo": 9,
                "isActive": true,
                "hintDetails": "Unit"
            },
            {
                "lookupId": 153,
                "lookupFlag": 25,
                "lookupCode": 25010,
                "lookupName": "µmho/cm",
                "seqNo": 10,
                "isActive": true,
                "hintDetails": "Unit"
            },
            {
                "lookupId": 154,
                "lookupFlag": 25,
                "lookupCode": 25011,
                "lookupName": "MPN/100mL",
                "seqNo": 11,
                "isActive": true,
                "hintDetails": "Unit"
            },
            {
                "lookupId": 155,
                "lookupFlag": 25,
                "lookupCode": 25012,
                "lookupName": "no/100mL",
                "seqNo": 12,
                "isActive": true,
                "hintDetails": "Unit"
            },
            {
                "lookupId": 156,
                "lookupFlag": 25,
                "lookupCode": 25013,
                "lookupName": "%",
                "seqNo": 13,
                "isActive": true,
                "hintDetails": "Unit"
            },
            {
                "lookupId": 157,
                "lookupFlag": 25,
                "lookupCode": 25014,
                "lookupName": "m",
                "seqNo": 14,
                "isActive": true,
                "hintDetails": "Unit"
            },
            {
                "lookupId": 158,
                "lookupFlag": 25,
                "lookupCode": 25015,
                "lookupName": "-",
                "seqNo": 15,
                "isActive": true,
                "hintDetails": "Unit"
            },
            {
                "lookupId": 149,
                "lookupFlag": 25,
                "lookupCode": 25006,
                "lookupName": "°C",
                "seqNo": 6,
                "isActive": true,
                "hintDetails": "Unit"
            },
            {
                "lookupId": 159,
                "lookupFlag": 26,
                "lookupCode": 26001,
                "lookupName": "Direct",
                "seqNo": 1,
                "isActive": true,
                "hintDetails": "Analysis Type"
            },
            {
                "lookupId": 160,
                "lookupFlag": 26,
                "lookupCode": 26002,
                "lookupName": "Indirect",
                "seqNo": 2,
                "isActive": true,
                "hintDetails": "Analysis Type"
            },
            {
                "lookupId": 161,
                "lookupFlag": 23,
                "lookupCode": 23011,
                "lookupName": "Nutrients",
                "seqNo": 11,
                "isActive": true,
                "hintDetails": "Category II"
            },
            {
                "lookupId": 140,
                "lookupFlag": 23,
                "lookupCode": 23010,
                "lookupName": "Other",
                "seqNo": 10,
                "isActive": true,
                "hintDetails": "Category II"
            },
            {
                "lookupId": 124,
                "lookupFlag": 21,
                "lookupCode": 21003,
                "lookupName": "Biological/Bacteriological",
                "seqNo": 3,
                "isActive": true,
                "hintDetails": "Yearbook Category"
            },
            {
                "lookupId": 162,
                "lookupFlag": 20,
                "lookupCode": 20005,
                "lookupName": "sGW",
                "seqNo": 5,
                "isActive": true,
                "hintDetails": "HP Domain"
            },
            {
                "lookupId": 163,
                "lookupFlag": 20,
                "lookupCode": 20006,
                "lookupName": "CGWB",
                "seqNo": 6,
                "isActive": true,
                "hintDetails": "HP Domain"
            },
            {
                "lookupId": 114,
                "lookupFlag": 18,
                "lookupCode": 18001,
                "lookupName": "m.s.l",
                "seqNo": 1,
                "isActive": true,
                "hintDetails": "Datum Of Elevation"
            },
            {
                "lookupId": 164,
                "lookupFlag": 27,
                "lookupCode": 27001,
                "lookupName": "Left",
                "seqNo": 1,
                "isActive": true,
                "hintDetails": "Bank Side"
            },
            {
                "lookupId": 165,
                "lookupFlag": 27,
                "lookupCode": 27002,
                "lookupName": "Right",
                "seqNo": 2,
                "isActive": true,
                "hintDetails": "Bank Side"
            }
        ],
        "masterDatatype": [
            {
                "datatypeId": 1,
                "dataType": "HHA",
                "dataTypeDescription": "WL by AWLR (MSL)",
                "units": "m",
                "typeOfMeasurement": "I",
                "original": true,
                "createdOn": null,
                "createdBy": null,
                "updatedOn": null,
                "updatedBy": null
            },
            {
                "datatypeId": 2,
                "dataType": "HHD",
                "dataTypeDescription": "WL by DWLR (MSL)",
                "units": "m",
                "typeOfMeasurement": "I",
                "original": true,
                "createdOn": null,
                "createdBy": null,
                "updatedOn": null,
                "updatedBy": null
            },
            {
                "datatypeId": 3,
                "dataType": "HHS",
                "dataTypeDescription": "WL by Staff Gauge (MSL)",
                "units": "m",
                "typeOfMeasurement": "I",
                "original": true,
                "createdOn": null,
                "createdBy": null,
                "updatedOn": null,
                "updatedBy": null
            },
            {
                "datatypeId": 4,
                "dataType": "HHT",
                "dataTypeDescription": "WL by Telemetry",
                "units": "m",
                "typeOfMeasurement": "I",
                "original": false,
                "createdOn": null,
                "createdBy": null,
                "updatedOn": null,
                "updatedBy": null
            },
            {
                "datatypeId": 5,
                "dataType": "HHX",
                "dataTypeDescription": "Max WL by gauge 1 (MSL)",
                "units": "m",
                "typeOfMeasurement": "I",
                "original": true,
                "createdOn": null,
                "createdBy": null,
                "updatedOn": null,
                "updatedBy": null
            },
            {
                "datatypeId": 6,
                "dataType": "HHY",
                "dataTypeDescription": "Max WL by gauge 2 (MSL)",
                "units": "m",
                "typeOfMeasurement": "I",
                "original": true,
                "createdOn": null,
                "createdBy": null,
                "updatedOn": null,
                "updatedBy": null
            },
            {
                "datatypeId": 7,
                "dataType": "HQC",
                "dataTypeDescription": "Computed Discharge",
                "units": "m³/sec",
                "typeOfMeasurement": "I",
                "original": true,
                "createdOn": null,
                "createdBy": null,
                "updatedOn": null,
                "updatedBy": null
            },
            {
                "datatypeId": 8,
                "dataType": "HQO",
                "dataTypeDescription": "Observed Discharge",
                "units": "m³/sec",
                "typeOfMeasurement": "I",
                "original": true,
                "createdOn": null,
                "createdBy": null,
                "updatedOn": null,
                "updatedBy": null
            },
            {
                "datatypeId": 9,
                "dataType": "HQS",
                "dataTypeDescription": "Simulated Discharge",
                "units": "m³/sec",
                "typeOfMeasurement": "I",
                "original": true,
                "createdOn": null,
                "createdBy": null,
                "updatedOn": null,
                "updatedBy": null
            },
            {
                "datatypeId": 10,
                "dataType": "HRC",
                "dataTypeDescription": "Computed Runoff Volume",
                "units": "Ha-m",
                "typeOfMeasurement": "A",
                "original": true,
                "createdOn": null,
                "createdBy": null,
                "updatedOn": null,
                "updatedBy": null
            },
            {
                "datatypeId": 11,
                "dataType": "HRS",
                "dataTypeDescription": "Simulated Runoff Volume",
                "units": "Ha-m",
                "typeOfMeasurement": "A",
                "original": true,
                "createdOn": null,
                "createdBy": null,
                "updatedOn": null,
                "updatedBy": null
            },
            {
                "datatypeId": 12,
                "dataType": "HTW",
                "dataTypeDescription": "Temperatue of River Water",
                "units": "°C",
                "typeOfMeasurement": "I",
                "original": true,
                "createdOn": null,
                "createdBy": null,
                "updatedOn": null,
                "updatedBy": null
            },
            {
                "datatypeId": 13,
                "dataType": "HZA",
                "dataTypeDescription": "Water Level by AWLR (0)",
                "units": "m",
                "typeOfMeasurement": "I",
                "original": true,
                "createdOn": null,
                "createdBy": null,
                "updatedOn": null,
                "updatedBy": null
            },
            {
                "datatypeId": 14,
                "dataType": "HZD",
                "dataTypeDescription": "Water Level by DWLR (0)",
                "units": "m",
                "typeOfMeasurement": "I",
                "original": true,
                "createdOn": null,
                "createdBy": null,
                "updatedOn": null,
                "updatedBy": null
            },
            {
                "datatypeId": 15,
                "dataType": "HZS",
                "dataTypeDescription": "Water Level by Staff Gauge (0)",
                "units": "m",
                "typeOfMeasurement": "I",
                "original": true,
                "createdOn": null,
                "createdBy": null,
                "updatedOn": null,
                "updatedBy": null
            },
            {
                "datatypeId": 16,
                "dataType": "HZX",
                "dataTypeDescription": "Max.WL by gauge 1 (0)",
                "units": "m",
                "typeOfMeasurement": "I",
                "original": true,
                "createdOn": null,
                "createdBy": null,
                "updatedOn": null,
                "updatedBy": null
            },
            {
                "datatypeId": 17,
                "dataType": "HZY",
                "dataTypeDescription": "Max WL by gauge 2 (0)",
                "units": "m",
                "typeOfMeasurement": "I",
                "original": true,
                "createdOn": null,
                "createdBy": null,
                "updatedOn": null,
                "updatedBy": null
            },
            {
                "datatypeId": 18,
                "dataType": "MBA",
                "dataTypeDescription": "Absolute pressure by Barograph",
                "units": "mb",
                "typeOfMeasurement": "I",
                "original": true,
                "createdOn": null,
                "createdBy": null,
                "updatedOn": null,
                "updatedBy": null
            },
            {
                "datatypeId": 19,
                "dataType": "MBD",
                "dataTypeDescription": "Abs. Pressure (Digital)",
                "units": "mm",
                "typeOfMeasurement": "I",
                "original": true,
                "createdOn": null,
                "createdBy": null,
                "updatedOn": null,
                "updatedBy": null
            },
            {
                "datatypeId": 20,
                "dataType": "MBS",
                "dataTypeDescription": "Absolute pressure by Barometer",
                "units": "mb",
                "typeOfMeasurement": "I",
                "original": true,
                "createdOn": null,
                "createdBy": null,
                "updatedOn": null,
                "updatedBy": null
            },
            {
                "datatypeId": 21,
                "dataType": "MEL",
                "dataTypeDescription": "Actual Potential Evapotransira",
                "units": "mm",
                "typeOfMeasurement": "A",
                "original": true,
                "createdOn": null,
                "createdBy": null,
                "updatedOn": null,
                "updatedBy": null
            },
            {
                "datatypeId": 22,
                "dataType": "MEP",
                "dataTypeDescription": "Pan Evaporation",
                "units": "mm",
                "typeOfMeasurement": "A",
                "original": true,
                "createdOn": null,
                "createdBy": null,
                "updatedOn": null,
                "updatedBy": null
            },
            {
                "datatypeId": 23,
                "dataType": "MET",
                "dataTypeDescription": "Potential Evapotranspiration",
                "units": "mm",
                "typeOfMeasurement": "A",
                "original": true,
                "createdOn": null,
                "createdBy": null,
                "updatedOn": null,
                "updatedBy": null
            },
            {
                "datatypeId": 24,
                "dataType": "MEW",
                "dataTypeDescription": "Potential Evaporation",
                "units": "mm",
                "typeOfMeasurement": "A",
                "original": true,
                "createdOn": null,
                "createdBy": null,
                "updatedOn": null,
                "updatedBy": null
            },
            {
                "datatypeId": 25,
                "dataType": "MHA",
                "dataTypeDescription": "Relative Humdiity by Hygograph",
                "units": "%",
                "typeOfMeasurement": "I",
                "original": true,
                "createdOn": null,
                "createdBy": null,
                "updatedOn": null,
                "updatedBy": null
            },
            {
                "datatypeId": 26,
                "dataType": "MHH",
                "dataTypeDescription": "Humidity by hygrometer",
                "units": "%",
                "typeOfMeasurement": "I",
                "original": true,
                "createdOn": null,
                "createdBy": null,
                "updatedOn": null,
                "updatedBy": null
            },
            {
                "datatypeId": 28,
                "dataType": "MPA",
                "dataTypeDescription": "Rainfall - ARG",
                "units": "mm",
                "typeOfMeasurement": "A",
                "original": true,
                "createdOn": null,
                "createdBy": null,
                "updatedOn": null,
                "updatedBy": null
            },
            {
                "datatypeId": 29,
                "dataType": "MPD",
                "dataTypeDescription": "Rainfall - Digital TBR",
                "units": "mm",
                "typeOfMeasurement": "A",
                "original": true,
                "createdOn": null,
                "createdBy": null,
                "updatedOn": null,
                "updatedBy": null
            },
            {
                "datatypeId": 30,
                "dataType": "MPI",
                "dataTypeDescription": "Rainfall in inches",
                "units": "inch",
                "typeOfMeasurement": "A",
                "original": true,
                "createdOn": null,
                "createdBy": null,
                "updatedOn": null,
                "updatedBy": null
            },
            {
                "datatypeId": 31,
                "dataType": "MPN",
                "dataTypeDescription": "No of rainy days",
                "units": "days",
                "typeOfMeasurement": "A",
                "original": true,
                "createdOn": null,
                "createdBy": null,
                "updatedOn": null,
                "updatedBy": null
            },
            {
                "datatypeId": 32,
                "dataType": "MPS",
                "dataTypeDescription": "Rainfall - SRG",
                "units": "mm",
                "typeOfMeasurement": "A",
                "original": true,
                "createdOn": null,
                "createdBy": null,
                "updatedOn": null,
                "updatedBy": null
            },
            {
                "datatypeId": 33,
                "dataType": "MPT",
                "dataTypeDescription": "Tips of TBR",
                "units": "mm",
                "typeOfMeasurement": "A",
                "original": true,
                "createdOn": null,
                "createdBy": null,
                "updatedOn": null,
                "updatedBy": null
            },
            {
                "datatypeId": 34,
                "dataType": "MSD",
                "dataTypeDescription": "Sunshine Duration",
                "units": "hrs.",
                "typeOfMeasurement": "A",
                "original": true,
                "createdOn": null,
                "createdBy": null,
                "updatedOn": null,
                "updatedBy": null
            },
            {
                "datatypeId": 35,
                "dataType": "MSM",
                "dataTypeDescription": "Sunshine duration in minutes",
                "units": "minute",
                "typeOfMeasurement": "A",
                "original": true,
                "createdOn": null,
                "createdBy": null,
                "updatedOn": null,
                "updatedBy": null
            },
            {
                "datatypeId": 36,
                "dataType": "MSN",
                "dataTypeDescription": "Radiation",
                "units": "watt/m²",
                "typeOfMeasurement": "A",
                "original": true,
                "createdOn": null,
                "createdBy": null,
                "updatedOn": null,
                "updatedBy": null
            },
            {
                "datatypeId": 37,
                "dataType": "MT1",
                "dataTypeDescription": "Temp. of soil at depth 1",
                "units": "°C",
                "typeOfMeasurement": "I",
                "original": true,
                "createdOn": null,
                "createdBy": null,
                "updatedOn": null,
                "updatedBy": null
            },
            {
                "datatypeId": 38,
                "dataType": "MT2",
                "dataTypeDescription": "Temp. of soil at depth 2",
                "units": "°C",
                "typeOfMeasurement": "I",
                "original": true,
                "createdOn": null,
                "createdBy": null,
                "updatedOn": null,
                "updatedBy": null
            },
            {
                "datatypeId": 39,
                "dataType": "MT3",
                "dataTypeDescription": "Temp. of soil at depth 3",
                "units": "°C",
                "typeOfMeasurement": "I",
                "original": true,
                "createdOn": null,
                "createdBy": null,
                "updatedOn": null,
                "updatedBy": null
            },
            {
                "datatypeId": 40,
                "dataType": "MT4",
                "dataTypeDescription": "Temp. of soil at depth 4",
                "units": "°C",
                "typeOfMeasurement": "I",
                "original": true,
                "createdOn": null,
                "createdBy": null,
                "updatedOn": null,
                "updatedBy": null
            },
            {
                "datatypeId": 41,
                "dataType": "MTA",
                "dataTypeDescription": "Temperature by Thermograph",
                "units": "°C",
                "typeOfMeasurement": "I",
                "original": true,
                "createdOn": null,
                "createdBy": null,
                "updatedOn": null,
                "updatedBy": null
            },
            {
                "datatypeId": 42,
                "dataType": "MTD",
                "dataTypeDescription": "Dry bulb temperature",
                "units": "°C",
                "typeOfMeasurement": "I",
                "original": true,
                "createdOn": null,
                "createdBy": null,
                "updatedOn": null,
                "updatedBy": null
            },
            {
                "datatypeId": 43,
                "dataType": "MTN",
                "dataTypeDescription": "Minimum daily temperature",
                "units": "°C",
                "typeOfMeasurement": "I",
                "original": true,
                "createdOn": null,
                "createdBy": null,
                "updatedOn": null,
                "updatedBy": null
            },
            {
                "datatypeId": 44,
                "dataType": "MTP",
                "dataTypeDescription": "Temperature of Pan Water",
                "units": "°C",
                "typeOfMeasurement": "I",
                "original": true,
                "createdOn": null,
                "createdBy": null,
                "updatedOn": null,
                "updatedBy": null
            },
            {
                "datatypeId": 45,
                "dataType": "MTU",
                "dataTypeDescription": "Dew point temperature",
                "units": "°C",
                "typeOfMeasurement": "I",
                "original": true,
                "createdOn": null,
                "createdBy": null,
                "updatedOn": null,
                "updatedBy": null
            },
            {
                "datatypeId": 46,
                "dataType": "MTW",
                "dataTypeDescription": "Wet bulb temperature",
                "units": "°C",
                "typeOfMeasurement": "I",
                "original": true,
                "createdOn": null,
                "createdBy": null,
                "updatedOn": null,
                "updatedBy": null
            },
            {
                "datatypeId": 47,
                "dataType": "MTX",
                "dataTypeDescription": "Maximum daily temperature",
                "units": "°C",
                "typeOfMeasurement": "I",
                "original": true,
                "createdOn": null,
                "createdBy": null,
                "updatedOn": null,
                "updatedBy": null
            },
            {
                "datatypeId": 48,
                "dataType": "MVP",
                "dataTypeDescription": "Vapour Pressure",
                "units": "mb",
                "typeOfMeasurement": "I",
                "original": true,
                "createdOn": null,
                "createdBy": null,
                "updatedOn": null,
                "updatedBy": null
            },
            {
                "datatypeId": 49,
                "dataType": "MVS",
                "dataTypeDescription": "Saturation Vapour Pressure",
                "units": "mb",
                "typeOfMeasurement": "I",
                "original": true,
                "createdOn": null,
                "createdBy": null,
                "updatedOn": null,
                "updatedBy": null
            },
            {
                "datatypeId": 50,
                "dataType": "MW1",
                "dataTypeDescription": "Wind Direction (16pts.Alpha)",
                "units": null,
                "typeOfMeasurement": "I",
                "original": true,
                "createdOn": null,
                "createdBy": null,
                "updatedOn": null,
                "updatedBy": null
            },
            {
                "datatypeId": 51,
                "dataType": "MW2",
                "dataTypeDescription": "Wind Direction (16 pts.Numeric",
                "units": null,
                "typeOfMeasurement": "I",
                "original": true,
                "createdOn": null,
                "createdBy": null,
                "updatedOn": null,
                "updatedBy": null
            },
            {
                "datatypeId": 52,
                "dataType": "MWA",
                "dataTypeDescription": "Wind Speed (Anemograph)",
                "units": "kms/hr",
                "typeOfMeasurement": "I",
                "original": true,
                "createdOn": null,
                "createdBy": null,
                "updatedOn": null,
                "updatedBy": null
            },
            {
                "datatypeId": 53,
                "dataType": "MWD",
                "dataTypeDescription": "Wind Speed (Digital)",
                "units": "kms/hr",
                "typeOfMeasurement": "I",
                "original": true,
                "createdOn": null,
                "createdBy": null,
                "updatedOn": null,
                "updatedBy": null
            },
            {
                "datatypeId": 54,
                "dataType": "MWI",
                "dataTypeDescription": "Wind Speed (Anemometer - Inst)",
                "units": "kms/hr",
                "typeOfMeasurement": "I",
                "original": true,
                "createdOn": null,
                "createdBy": null,
                "updatedOn": null,
                "updatedBy": null
            },
            {
                "datatypeId": 55,
                "dataType": "MWR",
                "dataTypeDescription": "Wind Run",
                "units": "kms/day",
                "typeOfMeasurement": "I",
                "original": true,
                "createdOn": null,
                "createdBy": null,
                "updatedOn": null,
                "updatedBy": null
            },
            {
                "datatypeId": 56,
                "dataType": "MWS",
                "dataTypeDescription": "Wind speed (Anemometer - Avg.)",
                "units": "kms/hr",
                "typeOfMeasurement": "I",
                "original": true,
                "createdOn": null,
                "createdBy": null,
                "updatedOn": null,
                "updatedBy": null
            },
            {
                "datatypeId": 57,
                "dataType": "Q%D",
                "dataTypeDescription": "Dissolved Oxygen Saturation %",
                "units": "%",
                "typeOfMeasurement": "I",
                "original": true,
                "createdOn": null,
                "createdBy": null,
                "updatedOn": null,
                "updatedBy": null
            },
            {
                "datatypeId": 58,
                "dataType": "Q2D",
                "dataTypeDescription": "2,4-D",
                "units": "µg/L",
                "typeOfMeasurement": "I",
                "original": true,
                "createdOn": null,
                "createdBy": null,
                "updatedOn": null,
                "updatedBy": null
            },
            {
                "datatypeId": 59,
                "dataType": "Qad",
                "dataTypeDescription": "Aldrin",
                "units": "µg/L",
                "typeOfMeasurement": "I",
                "original": true,
                "createdOn": null,
                "createdBy": null,
                "updatedOn": null,
                "updatedBy": null
            },
            {
                "datatypeId": 60,
                "dataType": "QAg",
                "dataTypeDescription": "Silver",
                "units": "µg/L",
                "typeOfMeasurement": "I",
                "original": true,
                "createdOn": null,
                "createdBy": null,
                "updatedOn": null,
                "updatedBy": null
            },
            {
                "datatypeId": 61,
                "dataType": "QAl",
                "dataTypeDescription": "Aluminium",
                "units": "mg/L",
                "typeOfMeasurement": "I",
                "original": true,
                "createdOn": null,
                "createdBy": null,
                "updatedOn": null,
                "updatedBy": null
            },
            {
                "datatypeId": 62,
                "dataType": "QAm",
                "dataTypeDescription": "Nitrogen, ammonia",
                "units": "mg N/L",
                "typeOfMeasurement": "I",
                "original": true,
                "createdOn": null,
                "createdBy": null,
                "updatedOn": null,
                "updatedBy": null
            },
            {
                "datatypeId": 63,
                "dataType": "QAP",
                "dataTypeDescription": "Alkalinity, phenolphthalein",
                "units": "mgCaCO3/L",
                "typeOfMeasurement": "I",
                "original": true,
                "createdOn": null,
                "createdBy": null,
                "updatedOn": null,
                "updatedBy": null
            },
            {
                "datatypeId": 64,
                "dataType": "QAR",
                "dataTypeDescription": "Sodium Adsorption Ratio",
                "units": "-",
                "typeOfMeasurement": "I",
                "original": true,
                "createdOn": null,
                "createdBy": null,
                "updatedOn": null,
                "updatedBy": null
            },
            {
                "datatypeId": 65,
                "dataType": "Qas",
                "dataTypeDescription": "Arsenic",
                "units": "µg/L",
                "typeOfMeasurement": "I",
                "original": true,
                "createdOn": null,
                "createdBy": null,
                "updatedOn": null,
                "updatedBy": null
            },
            {
                "datatypeId": 66,
                "dataType": "QAT",
                "dataTypeDescription": "Alkalinity, total",
                "units": "mgCaCO3/L",
                "typeOfMeasurement": "I",
                "original": true,
                "createdOn": null,
                "createdBy": null,
                "updatedOn": null,
                "updatedBy": null
            },
            {
                "datatypeId": 67,
                "dataType": "QB",
                "dataTypeDescription": "Boron",
                "units": "mg/L",
                "typeOfMeasurement": "I",
                "original": true,
                "createdOn": null,
                "createdBy": null,
                "updatedOn": null,
                "updatedBy": null
            },
            {
                "datatypeId": 68,
                "dataType": "QB3",
                "dataTypeDescription": "Biochemical Oxygen demand (3da",
                "units": "mg/L",
                "typeOfMeasurement": "I",
                "original": true,
                "createdOn": null,
                "createdBy": null,
                "updatedOn": null,
                "updatedBy": null
            },
            {
                "datatypeId": 69,
                "dataType": "QBH",
                "dataTypeDescription": "gamma-BHC (Benzene HexaChlorid",
                "units": "µg/L",
                "typeOfMeasurement": "I",
                "original": true,
                "createdOn": null,
                "createdBy": null,
                "updatedOn": null,
                "updatedBy": null
            },
            {
                "datatypeId": 70,
                "dataType": "QC",
                "dataTypeDescription": "Chemical Oxygen Demand",
                "units": "mg/L",
                "typeOfMeasurement": "I",
                "original": true,
                "createdOn": null,
                "createdBy": null,
                "updatedOn": null,
                "updatedBy": null
            },
            {
                "datatypeId": 71,
                "dataType": "QC3",
                "dataTypeDescription": "Carbonate",
                "units": "mg/L",
                "typeOfMeasurement": "I",
                "original": true,
                "createdOn": null,
                "createdBy": null,
                "updatedOn": null,
                "updatedBy": null
            },
            {
                "datatypeId": 72,
                "dataType": "QCa",
                "dataTypeDescription": "Calcium",
                "units": "mg/L",
                "typeOfMeasurement": "I",
                "original": true,
                "createdOn": null,
                "createdBy": null,
                "updatedOn": null,
                "updatedBy": null
            },
            {
                "datatypeId": 73,
                "dataType": "QCd",
                "dataTypeDescription": "Cadmium",
                "units": "µg/L",
                "typeOfMeasurement": "I",
                "original": true,
                "createdOn": null,
                "createdBy": null,
                "updatedOn": null,
                "updatedBy": null
            },
            {
                "datatypeId": 74,
                "dataType": "QCF",
                "dataTypeDescription": "Coliforms, Faecal",
                "units": "MPN/100mL",
                "typeOfMeasurement": "I",
                "original": true,
                "createdOn": null,
                "createdBy": null,
                "updatedOn": null,
                "updatedBy": null
            },
            {
                "datatypeId": 75,
                "dataType": "QCh",
                "dataTypeDescription": "ChlorophyII-a",
                "units": "µg/L",
                "typeOfMeasurement": "I",
                "original": true,
                "createdOn": null,
                "createdBy": null,
                "updatedOn": null,
                "updatedBy": null
            },
            {
                "datatypeId": 76,
                "dataType": "QCl",
                "dataTypeDescription": "Chloride",
                "units": "mg/L",
                "typeOfMeasurement": "I",
                "original": true,
                "createdOn": null,
                "createdBy": null,
                "updatedOn": null,
                "updatedBy": null
            },
            {
                "datatypeId": 77,
                "dataType": "QCN",
                "dataTypeDescription": "Cyanide",
                "units": "µg/L",
                "typeOfMeasurement": "I",
                "original": true,
                "createdOn": null,
                "createdBy": null,
                "updatedOn": null,
                "updatedBy": null
            },
            {
                "datatypeId": 78,
                "dataType": "QCr",
                "dataTypeDescription": "Chromium",
                "units": "µg/L",
                "typeOfMeasurement": "I",
                "original": true,
                "createdOn": null,
                "createdBy": null,
                "updatedOn": null,
                "updatedBy": null
            },
            {
                "datatypeId": 79,
                "dataType": "QCT",
                "dataTypeDescription": "Coliforms, Total",
                "units": "MPN/100mL",
                "typeOfMeasurement": "I",
                "original": true,
                "createdOn": null,
                "createdBy": null,
                "updatedOn": null,
                "updatedBy": null
            },
            {
                "datatypeId": 80,
                "dataType": "QCu",
                "dataTypeDescription": "Copper",
                "units": "µg/L",
                "typeOfMeasurement": "I",
                "original": true,
                "createdOn": null,
                "createdBy": null,
                "updatedOn": null,
                "updatedBy": null
            },
            {
                "datatypeId": 81,
                "dataType": "Qdi",
                "dataTypeDescription": "Dieldrin",
                "units": "µg/L",
                "typeOfMeasurement": "I",
                "original": true,
                "createdOn": null,
                "createdBy": null,
                "updatedOn": null,
                "updatedBy": null
            },
            {
                "datatypeId": 82,
                "dataType": "QDO",
                "dataTypeDescription": "Dissolved oxygen",
                "units": "mg/L",
                "typeOfMeasurement": "I",
                "original": true,
                "createdOn": null,
                "createdBy": null,
                "updatedOn": null,
                "updatedBy": null
            },
            {
                "datatypeId": 83,
                "dataType": "QDS",
                "dataTypeDescription": "Solids, Total Dissolved",
                "units": "mg/L",
                "typeOfMeasurement": "I",
                "original": true,
                "createdOn": null,
                "createdBy": null,
                "updatedOn": null,
                "updatedBy": null
            },
            {
                "datatypeId": 84,
                "dataType": "QDT",
                "dataTypeDescription": "DDT",
                "units": "µg/L",
                "typeOfMeasurement": "I",
                "original": true,
                "createdOn": null,
                "createdBy": null,
                "updatedOn": null,
                "updatedBy": null
            },
            {
                "datatypeId": 85,
                "dataType": "QEC",
                "dataTypeDescription": "Elecrtical Conductivity",
                "units": "µmho/cm",
                "typeOfMeasurement": "I",
                "original": true,
                "createdOn": null,
                "createdBy": null,
                "updatedOn": null,
                "updatedBy": null
            },
            {
                "datatypeId": 86,
                "dataType": "QEF",
                "dataTypeDescription": "Electrical Conductivity_Field",
                "units": "µmho/cm",
                "typeOfMeasurement": "I",
                "original": true,
                "createdOn": null,
                "createdBy": null,
                "updatedOn": null,
                "updatedBy": null
            },
            {
                "datatypeId": 87,
                "dataType": "Qen",
                "dataTypeDescription": "Endosulphan",
                "units": "µg/L",
                "typeOfMeasurement": "I",
                "original": true,
                "createdOn": null,
                "createdBy": null,
                "updatedOn": null,
                "updatedBy": null
            },
            {
                "datatypeId": 88,
                "dataType": "QF",
                "dataTypeDescription": "Fluoride",
                "units": "mg/L",
                "typeOfMeasurement": "I",
                "original": true,
                "createdOn": null,
                "createdBy": null,
                "updatedOn": null,
                "updatedBy": null
            },
            {
                "datatypeId": 89,
                "dataType": "QFe",
                "dataTypeDescription": "Iron",
                "units": "mg/L",
                "typeOfMeasurement": "I",
                "original": true,
                "createdOn": null,
                "createdBy": null,
                "updatedOn": null,
                "updatedBy": null
            },
            {
                "datatypeId": 90,
                "dataType": "Qha",
                "dataTypeDescription": "Hardness, Calcium",
                "units": "mgCaCO3/L",
                "typeOfMeasurement": "I",
                "original": true,
                "createdOn": null,
                "createdBy": null,
                "updatedOn": null,
                "updatedBy": null
            },
            {
                "datatypeId": 91,
                "dataType": "QHC",
                "dataTypeDescription": "Bicarbonate",
                "units": "mg/L",
                "typeOfMeasurement": "I",
                "original": true,
                "createdOn": null,
                "createdBy": null,
                "updatedOn": null,
                "updatedBy": null
            },
            {
                "datatypeId": 92,
                "dataType": "QHg",
                "dataTypeDescription": "Mercury",
                "units": "µg/L",
                "typeOfMeasurement": "I",
                "original": true,
                "createdOn": null,
                "createdBy": null,
                "updatedOn": null,
                "updatedBy": null
            },
            {
                "datatypeId": 93,
                "dataType": "QHt",
                "dataTypeDescription": "Hardness , Total",
                "units": "mgCaCO3/L",
                "typeOfMeasurement": "I",
                "original": true,
                "createdOn": null,
                "createdBy": null,
                "updatedOn": null,
                "updatedBy": null
            },
            {
                "datatypeId": 94,
                "dataType": "QK",
                "dataTypeDescription": "Potassium",
                "units": "mg/L",
                "typeOfMeasurement": "I",
                "original": true,
                "createdOn": null,
                "createdBy": null,
                "updatedOn": null,
                "updatedBy": null
            },
            {
                "datatypeId": 95,
                "dataType": "Qlr",
                "dataTypeDescription": "Colour",
                "units": "-",
                "typeOfMeasurement": "I",
                "original": true,
                "createdOn": null,
                "createdBy": null,
                "updatedOn": null,
                "updatedBy": null
            },
            {
                "datatypeId": 96,
                "dataType": "QMg",
                "dataTypeDescription": "Magnesium",
                "units": "mg/L",
                "typeOfMeasurement": "I",
                "original": true,
                "createdOn": null,
                "createdBy": null,
                "updatedOn": null,
                "updatedBy": null
            },
            {
                "datatypeId": 97,
                "dataType": "QMn",
                "dataTypeDescription": "Manganese",
                "units": "mg/L",
                "typeOfMeasurement": "I",
                "original": true,
                "createdOn": null,
                "createdBy": null,
                "updatedOn": null,
                "updatedBy": null
            },
            {
                "datatypeId": 98,
                "dataType": "QNa",
                "dataTypeDescription": "Sodium",
                "units": "mg/L",
                "typeOfMeasurement": "I",
                "original": true,
                "createdOn": null,
                "createdBy": null,
                "updatedOn": null,
                "updatedBy": null
            },
            {
                "datatypeId": 99,
                "dataType": "QNi",
                "dataTypeDescription": "Nickel",
                "units": "µg/L",
                "typeOfMeasurement": "I",
                "original": true,
                "createdOn": null,
                "createdBy": null,
                "updatedOn": null,
                "updatedBy": null
            },
            {
                "datatypeId": 100,
                "dataType": "QO2",
                "dataTypeDescription": "Nitrogen, Nitrite",
                "units": "mgN/L",
                "typeOfMeasurement": "I",
                "original": true,
                "createdOn": null,
                "createdBy": null,
                "updatedOn": null,
                "updatedBy": null
            },
            {
                "datatypeId": 101,
                "dataType": "QO3",
                "dataTypeDescription": "Nitrogen, Nitrate",
                "units": "mgN/L",
                "typeOfMeasurement": "I",
                "original": true,
                "createdOn": null,
                "createdBy": null,
                "updatedOn": null,
                "updatedBy": null
            },
            {
                "datatypeId": 102,
                "dataType": "QOC",
                "dataTypeDescription": "Total organic carbon",
                "units": "mg/L",
                "typeOfMeasurement": "I",
                "original": true,
                "createdOn": null,
                "createdBy": null,
                "updatedOn": null,
                "updatedBy": null
            },
            {
                "datatypeId": 103,
                "dataType": "Qod",
                "dataTypeDescription": "Odour",
                "units": "-",
                "typeOfMeasurement": "I",
                "original": true,
                "createdOn": null,
                "createdBy": null,
                "updatedOn": null,
                "updatedBy": null
            },
            {
                "datatypeId": 104,
                "dataType": "QoN",
                "dataTypeDescription": "Nitrogen, Organic",
                "units": "mgN/L",
                "typeOfMeasurement": "I",
                "original": true,
                "createdOn": null,
                "createdBy": null,
                "updatedOn": null,
                "updatedBy": null
            },
            {
                "datatypeId": 105,
                "dataType": "QoP",
                "dataTypeDescription": "Phosphorus, ortho-phosphate",
                "units": "mg P/L",
                "typeOfMeasurement": "I",
                "original": true,
                "createdOn": null,
                "createdBy": null,
                "updatedOn": null,
                "updatedBy": null
            },
            {
                "datatypeId": 106,
                "dataType": "Qot",
                "dataTypeDescription": "Nitrogen, Total Oxidised (NO2+",
                "units": "mg N/L",
                "typeOfMeasurement": "I",
                "original": true,
                "createdOn": null,
                "createdBy": null,
                "updatedOn": null,
                "updatedBy": null
            },
            {
                "datatypeId": 107,
                "dataType": "QPb",
                "dataTypeDescription": "Lead",
                "units": "µg/L",
                "typeOfMeasurement": "I",
                "original": true,
                "createdOn": null,
                "createdBy": null,
                "updatedOn": null,
                "updatedBy": null
            },
            {
                "datatypeId": 108,
                "dataType": "QpF",
                "dataTypeDescription": "pH_Field",
                "units": "pH units",
                "typeOfMeasurement": "I",
                "original": true,
                "createdOn": null,
                "createdBy": null,
                "updatedOn": null,
                "updatedBy": null
            },
            {
                "datatypeId": 109,
                "dataType": "QpH",
                "dataTypeDescription": "pH",
                "units": "pH units",
                "typeOfMeasurement": "I",
                "original": true,
                "createdOn": null,
                "createdBy": null,
                "updatedOn": null,
                "updatedBy": null
            },
            {
                "datatypeId": 110,
                "dataType": "QPs",
                "dataTypeDescription": "Percent Sodium",
                "units": "%",
                "typeOfMeasurement": "I",
                "original": true,
                "createdOn": null,
                "createdBy": null,
                "updatedOn": null,
                "updatedBy": null
            },
            {
                "datatypeId": 111,
                "dataType": "QS4",
                "dataTypeDescription": "Sulphate",
                "units": "mg/L",
                "typeOfMeasurement": "I",
                "original": true,
                "createdOn": null,
                "createdBy": null,
                "updatedOn": null,
                "updatedBy": null
            },
            {
                "datatypeId": 112,
                "dataType": "QSC",
                "dataTypeDescription": "Residual Sodium Carbonate",
                "units": "-",
                "typeOfMeasurement": "I",
                "original": true,
                "createdOn": null,
                "createdBy": null,
                "updatedOn": null,
                "updatedBy": null
            },
            {
                "datatypeId": 113,
                "dataType": "Qsd",
                "dataTypeDescription": "Secchi Depth",
                "units": "m",
                "typeOfMeasurement": "I",
                "original": true,
                "createdOn": null,
                "createdBy": null,
                "updatedOn": null,
                "updatedBy": null
            },
            {
                "datatypeId": 114,
                "dataType": "QSe",
                "dataTypeDescription": "Selenium",
                "units": "µg/L",
                "typeOfMeasurement": "I",
                "original": true,
                "createdOn": null,
                "createdBy": null,
                "updatedOn": null,
                "updatedBy": null
            },
            {
                "datatypeId": 115,
                "dataType": "Qsi",
                "dataTypeDescription": "Silicate",
                "units": "SiO2/L",
                "typeOfMeasurement": "I",
                "original": true,
                "createdOn": null,
                "createdBy": null,
                "updatedOn": null,
                "updatedBy": null
            },
            {
                "datatypeId": 116,
                "dataType": "QSS",
                "dataTypeDescription": "Solids, Suspended",
                "units": "mg/L",
                "typeOfMeasurement": "I",
                "original": true,
                "createdOn": null,
                "createdBy": null,
                "updatedOn": null,
                "updatedBy": null
            },
            {
                "datatypeId": 117,
                "dataType": "QTb",
                "dataTypeDescription": "Turbidity",
                "units": "NTU",
                "typeOfMeasurement": "I",
                "original": true,
                "createdOn": null,
                "createdBy": null,
                "updatedOn": null,
                "updatedBy": null
            },
            {
                "datatypeId": 118,
                "dataType": "QtP",
                "dataTypeDescription": "Phosphorus, total",
                "units": "mgP/L",
                "typeOfMeasurement": "I",
                "original": true,
                "createdOn": null,
                "createdBy": null,
                "updatedOn": null,
                "updatedBy": null
            },
            {
                "datatypeId": 119,
                "dataType": "QTS",
                "dataTypeDescription": "Solids, Total",
                "units": "mg/L",
                "typeOfMeasurement": "I",
                "original": true,
                "createdOn": null,
                "createdBy": null,
                "updatedOn": null,
                "updatedBy": null
            },
            {
                "datatypeId": 120,
                "dataType": "QWT",
                "dataTypeDescription": "Temperature",
                "units": "deg C",
                "typeOfMeasurement": "I",
                "original": true,
                "createdOn": null,
                "createdBy": null,
                "updatedOn": null,
                "updatedBy": null
            },
            {
                "datatypeId": 121,
                "dataType": "QX1",
                "dataTypeDescription": "Fluoranthene",
                "units": "µg/L",
                "typeOfMeasurement": "I",
                "original": true,
                "createdOn": null,
                "createdBy": null,
                "updatedOn": null,
                "updatedBy": null
            },
            {
                "datatypeId": 122,
                "dataType": "QX2",
                "dataTypeDescription": "PCB-1242",
                "units": "µg/L",
                "typeOfMeasurement": "I",
                "original": true,
                "createdOn": null,
                "createdBy": null,
                "updatedOn": null,
                "updatedBy": null
            },
            {
                "datatypeId": 123,
                "dataType": "QX3",
                "dataTypeDescription": "Total phenols",
                "units": "µg/L",
                "typeOfMeasurement": "I",
                "original": true,
                "createdOn": null,
                "createdBy": null,
                "updatedOn": null,
                "updatedBy": null
            },
            {
                "datatypeId": 124,
                "dataType": "QZn",
                "dataTypeDescription": "Zinc",
                "units": "µg/L",
                "typeOfMeasurement": "I",
                "original": true,
                "createdOn": null,
                "createdBy": null,
                "updatedOn": null,
                "updatedBy": null
            },
            {
                "datatypeId": 125,
                "dataType": "RC2",
                "dataTypeDescription": "Gross reservoir content (Hist)",
                "units": "Mcft",
                "typeOfMeasurement": "A",
                "original": true,
                "createdOn": null,
                "createdBy": null,
                "updatedOn": null,
                "updatedBy": null
            },
            {
                "datatypeId": 126,
                "dataType": "RC3",
                "dataTypeDescription": "Gross reservoir content (Comp)",
                "units": "Mcft",
                "typeOfMeasurement": "A",
                "original": true,
                "createdOn": null,
                "createdBy": null,
                "updatedOn": null,
                "updatedBy": null
            },
            {
                "datatypeId": 127,
                "dataType": "RCC",
                "dataTypeDescription": "Gross reservoir content (Comp)",
                "units": "Mcum",
                "typeOfMeasurement": "A",
                "original": true,
                "createdOn": null,
                "createdBy": null,
                "updatedOn": null,
                "updatedBy": null
            },
            {
                "datatypeId": 128,
                "dataType": "RCH",
                "dataTypeDescription": "Gross reservoir content (Hist)",
                "units": "Mcum",
                "typeOfMeasurement": "A",
                "original": true,
                "createdOn": null,
                "createdBy": null,
                "updatedOn": null,
                "updatedBy": null
            },
            {
                "datatypeId": 129,
                "dataType": "RE1",
                "dataTypeDescription": "Evaporation depth",
                "units": "ft",
                "typeOfMeasurement": "A",
                "original": true,
                "createdOn": null,
                "createdBy": null,
                "updatedOn": null,
                "updatedBy": null
            },
            {
                "datatypeId": 130,
                "dataType": "RE2",
                "dataTypeDescription": "Evaporation loss (Hist)",
                "units": "Mcft",
                "typeOfMeasurement": "A",
                "original": true,
                "createdOn": null,
                "createdBy": null,
                "updatedOn": null,
                "updatedBy": null
            },
            {
                "datatypeId": 131,
                "dataType": "RE3",
                "dataTypeDescription": "Evaporation loss (Comp)",
                "units": "Mcft",
                "typeOfMeasurement": "A",
                "original": true,
                "createdOn": null,
                "createdBy": null,
                "updatedOn": null,
                "updatedBy": null
            },
            {
                "datatypeId": 132,
                "dataType": "REC",
                "dataTypeDescription": "Evaporation loss (Comp)",
                "units": "Mcum",
                "typeOfMeasurement": "A",
                "original": true,
                "createdOn": null,
                "createdBy": null,
                "updatedOn": null,
                "updatedBy": null
            },
            {
                "datatypeId": 133,
                "dataType": "RED",
                "dataTypeDescription": "Evaporation depth",
                "units": "mm",
                "typeOfMeasurement": "A",
                "original": true,
                "createdOn": null,
                "createdBy": null,
                "updatedOn": null,
                "updatedBy": null
            },
            {
                "datatypeId": 134,
                "dataType": "REH",
                "dataTypeDescription": "Evaporation loss (Hist)",
                "units": "Mcum",
                "typeOfMeasurement": "A",
                "original": true,
                "createdOn": null,
                "createdBy": null,
                "updatedOn": null,
                "updatedBy": null
            },
            {
                "datatypeId": 135,
                "dataType": "RF1",
                "dataTypeDescription": "Contr./Uncontr. Flow in river",
                "units": "cusec",
                "typeOfMeasurement": "I",
                "original": true,
                "createdOn": null,
                "createdBy": null,
                "updatedOn": null,
                "updatedBy": null
            },
            {
                "datatypeId": 136,
                "dataType": "RF2",
                "dataTypeDescription": "Flow through power house",
                "units": "ft",
                "typeOfMeasurement": "I",
                "original": true,
                "createdOn": null,
                "createdBy": null,
                "updatedOn": null,
                "updatedBy": null
            },
            {
                "datatypeId": 137,
                "dataType": "RF3",
                "dataTypeDescription": "Flow through under sluices",
                "units": "cusec",
                "typeOfMeasurement": "I",
                "original": true,
                "createdOn": null,
                "createdBy": null,
                "updatedOn": null,
                "updatedBy": null
            },
            {
                "datatypeId": 138,
                "dataType": "RF4",
                "dataTypeDescription": "Total flow released in river",
                "units": "cusec",
                "typeOfMeasurement": "I",
                "original": true,
                "createdOn": null,
                "createdBy": null,
                "updatedOn": null,
                "updatedBy": null
            },
            {
                "datatypeId": 139,
                "dataType": "RFP",
                "dataTypeDescription": "Flow through power house",
                "units": "m",
                "typeOfMeasurement": "I",
                "original": true,
                "createdOn": null,
                "createdBy": null,
                "updatedOn": null,
                "updatedBy": null
            },
            {
                "datatypeId": 140,
                "dataType": "RFR",
                "dataTypeDescription": "Contr./Uncontr. Flow in river",
                "units": "m³/sec",
                "typeOfMeasurement": "I",
                "original": true,
                "createdOn": null,
                "createdBy": null,
                "updatedOn": null,
                "updatedBy": null
            },
            {
                "datatypeId": 141,
                "dataType": "RFS",
                "dataTypeDescription": "Flow through under sluices",
                "units": "m³/sec",
                "typeOfMeasurement": "I",
                "original": true,
                "createdOn": null,
                "createdBy": null,
                "updatedOn": null,
                "updatedBy": null
            },
            {
                "datatypeId": 142,
                "dataType": "RFT",
                "dataTypeDescription": "Total flow released in river",
                "units": "m³/sec",
                "typeOfMeasurement": "I",
                "original": true,
                "createdOn": null,
                "createdBy": null,
                "updatedOn": null,
                "updatedBy": null
            },
            {
                "datatypeId": 143,
                "dataType": "RH1",
                "dataTypeDescription": "Reservoir water level",
                "units": "ft",
                "typeOfMeasurement": "I",
                "original": true,
                "createdOn": null,
                "createdBy": null,
                "updatedOn": null,
                "updatedBy": null
            },
            {
                "datatypeId": 144,
                "dataType": "RH2",
                "dataTypeDescription": "Tailrace water level",
                "units": "ft",
                "typeOfMeasurement": "I",
                "original": true,
                "createdOn": null,
                "createdBy": null,
                "updatedOn": null,
                "updatedBy": null
            },
            {
                "datatypeId": 145,
                "dataType": "RHR",
                "dataTypeDescription": "Reservoir water level",
                "units": "m",
                "typeOfMeasurement": "I",
                "original": true,
                "createdOn": null,
                "createdBy": null,
                "updatedOn": null,
                "updatedBy": null
            },
            {
                "datatypeId": 146,
                "dataType": "RHT",
                "dataTypeDescription": "Tailrace water level",
                "units": "m",
                "typeOfMeasurement": "I",
                "original": true,
                "createdOn": null,
                "createdBy": null,
                "updatedOn": null,
                "updatedBy": null
            },
            {
                "datatypeId": 147,
                "dataType": "RI1",
                "dataTypeDescription": "Diff. inflow & losses (Comp)",
                "units": "Mcft",
                "typeOfMeasurement": "A",
                "original": true,
                "createdOn": null,
                "createdBy": null,
                "updatedOn": null,
                "updatedBy": null
            },
            {
                "datatypeId": 148,
                "dataType": "RI2",
                "dataTypeDescription": "Diff. inflow & losses (Hist)",
                "units": "Mcft",
                "typeOfMeasurement": "A",
                "original": true,
                "createdOn": null,
                "createdBy": null,
                "updatedOn": null,
                "updatedBy": null
            },
            {
                "datatypeId": 149,
                "dataType": "RIC",
                "dataTypeDescription": "Diff. inflow & losses (Comp)",
                "units": "Mcum",
                "typeOfMeasurement": "A",
                "original": true,
                "createdOn": null,
                "createdBy": null,
                "updatedOn": null,
                "updatedBy": null
            },
            {
                "datatypeId": 150,
                "dataType": "RIH",
                "dataTypeDescription": "Diff. inflow & losses (Hist)",
                "units": "Mcum",
                "typeOfMeasurement": "A",
                "original": true,
                "createdOn": null,
                "createdBy": null,
                "updatedOn": null,
                "updatedBy": null
            },
            {
                "datatypeId": 151,
                "dataType": "RO1",
                "dataTypeDescription": "Flow in offtake 01",
                "units": "cusec",
                "typeOfMeasurement": "I",
                "original": true,
                "createdOn": null,
                "createdBy": null,
                "updatedOn": null,
                "updatedBy": null
            },
            {
                "datatypeId": 152,
                "dataType": "RO2",
                "dataTypeDescription": "Flow in offtake 02",
                "units": "cusec",
                "typeOfMeasurement": "I",
                "original": true,
                "createdOn": null,
                "createdBy": null,
                "updatedOn": null,
                "updatedBy": null
            },
            {
                "datatypeId": 153,
                "dataType": "RO3",
                "dataTypeDescription": "Flow in offtake 03",
                "units": "cusec",
                "typeOfMeasurement": "I",
                "original": true,
                "createdOn": null,
                "createdBy": null,
                "updatedOn": null,
                "updatedBy": null
            },
            {
                "datatypeId": 154,
                "dataType": "RO4",
                "dataTypeDescription": "Flow in offtake 04",
                "units": "cusec",
                "typeOfMeasurement": "I",
                "original": true,
                "createdOn": null,
                "createdBy": null,
                "updatedOn": null,
                "updatedBy": null
            },
            {
                "datatypeId": 155,
                "dataType": "RO5",
                "dataTypeDescription": "Flow in offtake 05",
                "units": "cusec",
                "typeOfMeasurement": "I",
                "original": true,
                "createdOn": null,
                "createdBy": null,
                "updatedOn": null,
                "updatedBy": null
            },
            {
                "datatypeId": 156,
                "dataType": "RO6",
                "dataTypeDescription": "Flow in offtake 06",
                "units": "cusec",
                "typeOfMeasurement": "I",
                "original": true,
                "createdOn": null,
                "createdBy": null,
                "updatedOn": null,
                "updatedBy": null
            },
            {
                "datatypeId": 157,
                "dataType": "RO7",
                "dataTypeDescription": "Flow in offtake 07",
                "units": "cusec",
                "typeOfMeasurement": "I",
                "original": true,
                "createdOn": null,
                "createdBy": null,
                "updatedOn": null,
                "updatedBy": null
            },
            {
                "datatypeId": 158,
                "dataType": "RO8",
                "dataTypeDescription": "Flow in offtake 08",
                "units": "cusec",
                "typeOfMeasurement": "I",
                "original": true,
                "createdOn": null,
                "createdBy": null,
                "updatedOn": null,
                "updatedBy": null
            },
            {
                "datatypeId": 159,
                "dataType": "RO9",
                "dataTypeDescription": "Total flow in various offtakes",
                "units": "cusec",
                "typeOfMeasurement": "I",
                "original": true,
                "createdOn": null,
                "createdBy": null,
                "updatedOn": null,
                "updatedBy": null
            },
            {
                "datatypeId": 160,
                "dataType": "ROA",
                "dataTypeDescription": "Flow in offtake 01",
                "units": "m³/sec",
                "typeOfMeasurement": "I",
                "original": true,
                "createdOn": null,
                "createdBy": null,
                "updatedOn": null,
                "updatedBy": null
            },
            {
                "datatypeId": 161,
                "dataType": "ROB",
                "dataTypeDescription": "Flow in offtake 02",
                "units": "m³/sec",
                "typeOfMeasurement": "I",
                "original": true,
                "createdOn": null,
                "createdBy": null,
                "updatedOn": null,
                "updatedBy": null
            },
            {
                "datatypeId": 162,
                "dataType": "ROC",
                "dataTypeDescription": "Flow in offtake 03",
                "units": "m³/sec",
                "typeOfMeasurement": "I",
                "original": true,
                "createdOn": null,
                "createdBy": null,
                "updatedOn": null,
                "updatedBy": null
            },
            {
                "datatypeId": 163,
                "dataType": "ROD",
                "dataTypeDescription": "Flow in offtake 04",
                "units": "m³/sec",
                "typeOfMeasurement": "I",
                "original": true,
                "createdOn": null,
                "createdBy": null,
                "updatedOn": null,
                "updatedBy": null
            },
            {
                "datatypeId": 164,
                "dataType": "ROE",
                "dataTypeDescription": "Flow in offtake 05",
                "units": "m³/sec",
                "typeOfMeasurement": "I",
                "original": true,
                "createdOn": null,
                "createdBy": null,
                "updatedOn": null,
                "updatedBy": null
            },
            {
                "datatypeId": 165,
                "dataType": "ROF",
                "dataTypeDescription": "Flow in offtake 06",
                "units": "m³/sec",
                "typeOfMeasurement": "I",
                "original": true,
                "createdOn": null,
                "createdBy": null,
                "updatedOn": null,
                "updatedBy": null
            },
            {
                "datatypeId": 166,
                "dataType": "ROG",
                "dataTypeDescription": "Flow in offtake 07",
                "units": "m³/sec",
                "typeOfMeasurement": "I",
                "original": true,
                "createdOn": null,
                "createdBy": null,
                "updatedOn": null,
                "updatedBy": null
            },
            {
                "datatypeId": 167,
                "dataType": "ROH",
                "dataTypeDescription": "Flow in offtake 08",
                "units": "m³/sec",
                "typeOfMeasurement": "I",
                "original": true,
                "createdOn": null,
                "createdBy": null,
                "updatedOn": null,
                "updatedBy": null
            },
            {
                "datatypeId": 168,
                "dataType": "ROT",
                "dataTypeDescription": "Total flow in various offtakes",
                "units": "m³/sec",
                "typeOfMeasurement": "I",
                "original": true,
                "createdOn": null,
                "createdBy": null,
                "updatedOn": null,
                "updatedBy": null
            },
            {
                "datatypeId": 169,
                "dataType": "SB1",
                "dataTypeDescription": "D10 of Bed Load Sediment",
                "units": "mm",
                "typeOfMeasurement": "I",
                "original": true,
                "createdOn": null,
                "createdBy": null,
                "updatedOn": null,
                "updatedBy": null
            },
            {
                "datatypeId": 170,
                "dataType": "SB2",
                "dataTypeDescription": "D16 of Bed Load Sediment",
                "units": "mm",
                "typeOfMeasurement": "I",
                "original": true,
                "createdOn": null,
                "createdBy": null,
                "updatedOn": null,
                "updatedBy": null
            },
            {
                "datatypeId": 171,
                "dataType": "SB3",
                "dataTypeDescription": "D35 of Bed Load Sediment",
                "units": "mm",
                "typeOfMeasurement": "I",
                "original": true,
                "createdOn": null,
                "createdBy": null,
                "updatedOn": null,
                "updatedBy": null
            },
            {
                "datatypeId": 172,
                "dataType": "SB5",
                "dataTypeDescription": "D50 of Bed Load Sediment",
                "units": "mm",
                "typeOfMeasurement": "I",
                "original": true,
                "createdOn": null,
                "createdBy": null,
                "updatedOn": null,
                "updatedBy": null
            },
            {
                "datatypeId": 173,
                "dataType": "SB6",
                "dataTypeDescription": "D65 of Bed Load Sediment",
                "units": "mm",
                "typeOfMeasurement": "I",
                "original": true,
                "createdOn": null,
                "createdBy": null,
                "updatedOn": null,
                "updatedBy": null
            },
            {
                "datatypeId": 174,
                "dataType": "SB8",
                "dataTypeDescription": "D84 of Bed Load Sediment",
                "units": "mm",
                "typeOfMeasurement": "I",
                "original": true,
                "createdOn": null,
                "createdBy": null,
                "updatedOn": null,
                "updatedBy": null
            },
            {
                "datatypeId": 175,
                "dataType": "SB9",
                "dataTypeDescription": "D90 of Bed Load Sediment",
                "units": "mm",
                "typeOfMeasurement": "I",
                "original": true,
                "createdOn": null,
                "createdBy": null,
                "updatedOn": null,
                "updatedBy": null
            },
            {
                "datatypeId": 176,
                "dataType": "SBM",
                "dataTypeDescription": "Mean size of bed load Sed.",
                "units": "mm",
                "typeOfMeasurement": "I",
                "original": true,
                "createdOn": null,
                "createdBy": null,
                "updatedOn": null,
                "updatedBy": null
            },
            {
                "datatypeId": 177,
                "dataType": "SBN",
                "dataTypeDescription": "Min. size of bed load Sed.",
                "units": "mm",
                "typeOfMeasurement": "I",
                "original": true,
                "createdOn": null,
                "createdBy": null,
                "updatedOn": null,
                "updatedBy": null
            },
            {
                "datatypeId": 178,
                "dataType": "SBQ",
                "dataTypeDescription": "Bed Load Transport Rate",
                "units": "Tonne.sec",
                "typeOfMeasurement": "A",
                "original": true,
                "createdOn": null,
                "createdBy": null,
                "updatedOn": null,
                "updatedBy": null
            },
            {
                "datatypeId": 179,
                "dataType": "SBX",
                "dataTypeDescription": "Max.size of Bed Load Sed.",
                "units": "mm",
                "typeOfMeasurement": "I",
                "original": true,
                "createdOn": null,
                "createdBy": null,
                "updatedOn": null,
                "updatedBy": null
            },
            {
                "datatypeId": 180,
                "dataType": "SCC",
                "dataTypeDescription": "Coarse suspended sed. Conc.",
                "units": "g/l",
                "typeOfMeasurement": "I",
                "original": true,
                "createdOn": null,
                "createdBy": null,
                "updatedOn": null,
                "updatedBy": null
            },
            {
                "datatypeId": 181,
                "dataType": "SCF",
                "dataTypeDescription": "Fine suspended sed. Conc.",
                "units": "g/l",
                "typeOfMeasurement": "I",
                "original": true,
                "createdOn": null,
                "createdBy": null,
                "updatedOn": null,
                "updatedBy": null
            },
            {
                "datatypeId": 182,
                "dataType": "SCM",
                "dataTypeDescription": "Med. suspended sed. Conc.",
                "units": "g/l",
                "typeOfMeasurement": "I",
                "original": true,
                "createdOn": null,
                "createdBy": null,
                "updatedOn": null,
                "updatedBy": null
            },
            {
                "datatypeId": 183,
                "dataType": "SCS",
                "dataTypeDescription": "Sand-Silt suspended sed. Conc.",
                "units": "g/l",
                "typeOfMeasurement": "A",
                "original": true,
                "createdOn": null,
                "createdBy": null,
                "updatedOn": null,
                "updatedBy": null
            },
            {
                "datatypeId": 184,
                "dataType": "SCT",
                "dataTypeDescription": "Total suspended sed. Conc.",
                "units": "g/l",
                "typeOfMeasurement": "I",
                "original": true,
                "createdOn": null,
                "createdBy": null,
                "updatedOn": null,
                "updatedBy": null
            },
            {
                "datatypeId": 185,
                "dataType": "SLC",
                "dataTypeDescription": "Coarse suspended sediment load",
                "units": "Tonne",
                "typeOfMeasurement": "A",
                "original": true,
                "createdOn": null,
                "createdBy": null,
                "updatedOn": null,
                "updatedBy": null
            },
            {
                "datatypeId": 186,
                "dataType": "SLF",
                "dataTypeDescription": "Fine suspended sediment load",
                "units": "Tonne",
                "typeOfMeasurement": "A",
                "original": true,
                "createdOn": null,
                "createdBy": null,
                "updatedOn": null,
                "updatedBy": null
            },
            {
                "datatypeId": 187,
                "dataType": "SLM",
                "dataTypeDescription": "Medium suspended sediment load",
                "units": "Tonne",
                "typeOfMeasurement": "A",
                "original": true,
                "createdOn": null,
                "createdBy": null,
                "updatedOn": null,
                "updatedBy": null
            },
            {
                "datatypeId": 188,
                "dataType": "SLS",
                "dataTypeDescription": "Sand-Silt suspended sed. Load",
                "units": "Tonne",
                "typeOfMeasurement": "A",
                "original": true,
                "createdOn": null,
                "createdBy": null,
                "updatedOn": null,
                "updatedBy": null
            },
            {
                "datatypeId": 189,
                "dataType": "SLT",
                "dataTypeDescription": "Total suspended sediment load",
                "units": "Tonne",
                "typeOfMeasurement": "A",
                "original": true,
                "createdOn": null,
                "createdBy": null,
                "updatedOn": null,
                "updatedBy": null
            },
            {
                "datatypeId": 190,
                "dataType": "SLX",
                "dataTypeDescription": "Max. size of bed load Sed.",
                "units": "mm",
                "typeOfMeasurement": "I",
                "original": true,
                "createdOn": null,
                "createdBy": null,
                "updatedOn": null,
                "updatedBy": null
            },
            {
                "datatypeId": 191,
                "dataType": "SM1",
                "dataTypeDescription": "D10 of Bed Material",
                "units": "mm",
                "typeOfMeasurement": "I",
                "original": true,
                "createdOn": null,
                "createdBy": null,
                "updatedOn": null,
                "updatedBy": null
            },
            {
                "datatypeId": 192,
                "dataType": "SM2",
                "dataTypeDescription": "D16 of Bed Material",
                "units": "mm",
                "typeOfMeasurement": "I",
                "original": true,
                "createdOn": null,
                "createdBy": null,
                "updatedOn": null,
                "updatedBy": null
            },
            {
                "datatypeId": 193,
                "dataType": "SM3",
                "dataTypeDescription": "D35 of Bed Material",
                "units": "mm",
                "typeOfMeasurement": "I",
                "original": true,
                "createdOn": null,
                "createdBy": null,
                "updatedOn": null,
                "updatedBy": null
            },
            {
                "datatypeId": 194,
                "dataType": "SM5",
                "dataTypeDescription": "D50 of Bed Material",
                "units": "mm",
                "typeOfMeasurement": "I",
                "original": true,
                "createdOn": null,
                "createdBy": null,
                "updatedOn": null,
                "updatedBy": null
            },
            {
                "datatypeId": 195,
                "dataType": "SM6",
                "dataTypeDescription": "D65 of Bed Material",
                "units": "mm",
                "typeOfMeasurement": "I",
                "original": true,
                "createdOn": null,
                "createdBy": null,
                "updatedOn": null,
                "updatedBy": null
            },
            {
                "datatypeId": 196,
                "dataType": "SM8",
                "dataTypeDescription": "D84 of Bed Material",
                "units": "mm",
                "typeOfMeasurement": "I",
                "original": true,
                "createdOn": null,
                "createdBy": null,
                "updatedOn": null,
                "updatedBy": null
            },
            {
                "datatypeId": 197,
                "dataType": "SM9",
                "dataTypeDescription": "D90 of Bed Material",
                "units": "mm",
                "typeOfMeasurement": "I",
                "original": true,
                "createdOn": null,
                "createdBy": null,
                "updatedOn": null,
                "updatedBy": null
            },
            {
                "datatypeId": 198,
                "dataType": "SMM",
                "dataTypeDescription": "Mean Size Bed Material",
                "units": "mm",
                "typeOfMeasurement": "I",
                "original": true,
                "createdOn": null,
                "createdBy": null,
                "updatedOn": null,
                "updatedBy": null
            },
            {
                "datatypeId": 199,
                "dataType": "SMN",
                "dataTypeDescription": "Min. Size Bed Material",
                "units": "mm",
                "typeOfMeasurement": "I",
                "original": true,
                "createdOn": null,
                "createdBy": null,
                "updatedOn": null,
                "updatedBy": null
            },
            {
                "datatypeId": 200,
                "dataType": "SMU",
                "dataTypeDescription": "Bed material nature",
                "units": null,
                "typeOfMeasurement": "I",
                "original": true,
                "createdOn": null,
                "createdBy": null,
                "updatedOn": null,
                "updatedBy": null
            },
            {
                "datatypeId": 201,
                "dataType": "SMX",
                "dataTypeDescription": "Max. Size Bed Material",
                "units": "mm",
                "typeOfMeasurement": "I",
                "original": true,
                "createdOn": null,
                "createdBy": null,
                "updatedOn": null,
                "updatedBy": null
            },
            {
                "datatypeId": 202,
                "dataType": "SQC",
                "dataTypeDescription": "Coarse suspended sed. tpt.Rate",
                "units": "Tonne/day",
                "typeOfMeasurement": "I",
                "original": true,
                "createdOn": null,
                "createdBy": null,
                "updatedOn": null,
                "updatedBy": null
            },
            {
                "datatypeId": 203,
                "dataType": "SQF",
                "dataTypeDescription": "Fine suspended sed. tpt. Rate",
                "units": "Tonne/day",
                "typeOfMeasurement": "I",
                "original": true,
                "createdOn": null,
                "createdBy": null,
                "updatedOn": null,
                "updatedBy": null
            },
            {
                "datatypeId": 204,
                "dataType": "SQM",
                "dataTypeDescription": "Medium suspended sed. tpt.Rate",
                "units": "Tonne/day",
                "typeOfMeasurement": "I",
                "original": true,
                "createdOn": null,
                "createdBy": null,
                "updatedOn": null,
                "updatedBy": null
            },
            {
                "datatypeId": 205,
                "dataType": "SQS",
                "dataTypeDescription": "SandSlt suspended sed.tpt.Rate",
                "units": "Tonne/day",
                "typeOfMeasurement": "I",
                "original": true,
                "createdOn": null,
                "createdBy": null,
                "updatedOn": null,
                "updatedBy": null
            },
            {
                "datatypeId": 206,
                "dataType": "SQT",
                "dataTypeDescription": "Total suspended sed. tpt.Rate",
                "units": "Tonne/day",
                "typeOfMeasurement": "I",
                "original": true,
                "createdOn": null,
                "createdBy": null,
                "updatedOn": null,
                "updatedBy": null
            },
            {
                "datatypeId": 27,
                "dataType": "MHS",
                "dataTypeDescription": "Relative Humdiity by Thermometer",
                "units": "%",
                "typeOfMeasurement": "I",
                "original": true,
                "createdOn": null,
                "createdBy": null,
                "updatedOn": null,
                "updatedBy": null
            }
        ]
    },
    "message": "Master Data",
    "txnId": "NA"
}
status code is 
200
Response Time is 
112
HTTP/1.1 200 OK
Name of test method sucessfully executed:get_MasterResponseall
]]></system-out>
  </testcase>
  <testcase name="get_findAllSeries" classname="com.swades.master.testCases.GET_findAllSeries" time="0.788">
    <system-out><![CDATA[Name of test method started:get_findAllSeries
[INFO ] 2024-06-18 12:39:18.329 [main] SWADES API Automation Test - get_findAllSeries Test Cases is executed.
Request method:	GET
Request URI:	http://20.198.96.251:9090/MasterApi/v1/findAllSeries
Proxy:			<none>
Request params:	<none>
Query params:	<none>
Form params:	<none>
Path params:	<none>
Headers:		Authorization=Bearer eyJhbGciOiJIUzI1NiJ9.eyJzdWIiOiJRQVRlc3QiLCJpYXQiOjE3MTg2OTQ1NTMsImV4cCI6NTAwMDAxNzE4Njk0NTUzfQ.FiTkn6nPvHOJQqYBIMxSMxeS6CsvgBRT9yseH3gE5Zg
				Accept=*/*
				Content-Type=application/json
Cookies:		<none>
Multiparts:		<none>
Body:			<none>
{
    "data": [
        {
            "stationId": 138,
            "dataTypeId": 8,
            "timeInterval1": 3,
            "timeIntervalPartA": 1,
            "tsType": null,
            "timeIntervalPartB": null,
            "timeInterval2": null,
            "maximum": 100.0,
            "minimum": 0.0,
            "rateOfRise": null,
            "rateOfFall": null,
            "lowerWarningLevel": 60.0,
            "higherWarningLevel": 80.0,
            "missingValue": null,
            "startDate": null,
            "endDate": null,
            "noOfDataPresent": null,
            "remarks": null,
            "timeLabel1": "1900-01-01T09:00:00",
            "timeLabel2": null,
            "timeLabel3": null,
            "timeLabel4": null,
            "timeLabel5": null,
            "timeLabel6": null,
            "createdOn": "2024-06-06T15:33:05.614408",
            "createdBy": null,
            "updatedOn": "2024-06-13T17:38:17.354183",
            "updatedBy": null,
            "isActive": false
        },
        {
            "stationId": 136,
            "dataTypeId": 8,
            "timeInterval1": 3,
            "timeIntervalPartA": 1,
            "tsType": null,
            "timeIntervalPartB": null,
            "timeInterval2": null,
            "maximum": 100.0,
            "minimum": 0.0,
            "rateOfRise": null,
            "rateOfFall": null,
            "lowerWarningLevel": 60.0,
            "higherWarningLevel": 80.0,
            "missingValue": null,
            "startDate": null,
            "endDate": null,
            "noOfDataPresent": null,
            "remarks": null,
            "timeLabel1": "1900-01-01T09:00:00",
            "timeLabel2": null,
            "timeLabel3": null,
            "timeLabel4": null,
            "timeLabel5": null,
            "timeLabel6": null,
            "createdOn": "2024-06-10T16:33:16.526622",
            "createdBy": null,
            "updatedOn": "2024-06-13T10:17:16.41136",
            "updatedBy": null,
            "isActive": false
        },
        {
            "stationId": 136,
            "dataTypeId": 44,
            "timeInterval1": 3,
            "timeIntervalPartA": 2,
            "tsType": null,
            "timeIntervalPartB": null,
            "timeInterval2": null,
            "maximum": 40.0,
            "minimum": 0.0,
            "rateOfRise": null,
            "rateOfFall": null,
            "lowerWarningLevel": 5.0,
            "higherWarningLevel": 30.0,
            "missingValue": null,
            "startDate": null,
            "endDate": null,
            "noOfDataPresent": null,
            "remarks": null,
            "timeLabel1": "1900-01-01T08:30:00",
            "timeLabel2": "1900-01-01T17:30:00",
            "timeLabel3": null,
            "timeLabel4": null,
            "timeLabel5": null,
            "timeLabel6": null,
            "createdOn": "2024-06-10T16:33:16.561856",
            "createdBy": null,
            "updatedOn": "2024-06-13T10:17:16.445755",
            "updatedBy": null,
            "isActive": false
        },
        {
            "stationId": 136,
            "dataTypeId": 46,
            "timeInterval1": 3,
            "timeIntervalPartA": 2,
            "tsType": null,
            "timeIntervalPartB": null,
            "timeInterval2": null,
            "maximum": 80.0,
            "minimum": 0.0,
            "rateOfRise": null,
            "rateOfFall": null,
            "lowerWarningLevel": 20.0,
            "higherWarningLevel": 60.0,
            "missingValue": null,
            "startDate": null,
            "endDate": null,
            "noOfDataPresent": null,
            "remarks": null,
            "timeLabel1": "1900-01-01T08:30:00",
            "timeLabel2": "1900-01-01T17:30:00",
            "timeLabel3": null,
            "timeLabel4": null,
            "timeLabel5": null,
            "timeLabel6": null,
            "createdOn": "2024-06-10T16:33:16.569141",
            "createdBy": null,
            "updatedOn": "2024-06-13T10:17:16.452387",
            "updatedBy": null,
            "isActive": false
        },
        {
            "stationId": 136,
            "dataTypeId": 22,
            "timeInterval1": 3,
            "timeIntervalPartA": 2,
            "tsType": null,
            "timeIntervalPartB": null,
            "timeInterval2": null,
            "maximum": 100.0,
            "minimum": 0.0,
            "rateOfRise": null,
            "rateOfFall": null,
            "lowerWarningLevel": 20.0,
            "higherWarningLevel": 80.0,
            "missingValue": null,
            "startDate": null,
            "endDate": null,
            "noOfDataPresent": null,
            "remarks": null,
            "timeLabel1": "1900-01-01T08:30:00",
            "timeLabel2": "1900-01-01T17:30:00",
            "timeLabel3": null,
            "timeLabel4": null,
            "timeLabel5": null,
            "timeLabel6": null,
            "createdOn": "2024-06-10T16:33:16.530286",
            "createdBy": null,
            "updatedOn": "2024-06-13T10:17:16.414889",
            "updatedBy": null,
            "isActive": false
        },
        {
            "stationId": 136,
            "dataTypeId": 28,
            "timeInterval1": 4,
            "timeIntervalPartA": 1,
            "tsType": null,
            "timeIntervalPartB": null,
            "timeInterval2": null,
            "maximum": 100.0,
            "minimum": 0.0,
            "rateOfRise": null,
            "rateOfFall": null,
            "lowerWarningLevel": 20.0,
            "higherWarningLevel": 90.0,
            "missingValue": null,
            "startDate": null,
            "endDate": null,
            "noOfDataPresent": null,
            "remarks": null,
            "timeLabel1": "1900-01-01T08:30:00",
            "timeLabel2": null,
            "timeLabel3": null,
            "timeLabel4": null,
            "timeLabel5": null,
            "timeLabel6": null,
            "createdOn": "2024-06-10T16:33:16.533885",
            "createdBy": null,
            "updatedOn": "2024-06-13T10:17:16.4181",
            "updatedBy": null,
            "isActive": false
        },
        {
            "stationId": 136,
            "dataTypeId": 32,
            "timeInterval1": 3,
            "timeIntervalPartA": 1,
            "tsType": null,
            "timeIntervalPartB": null,
            "timeInterval2": null,
            "maximum": 210.0,
            "minimum": 0.0,
            "rateOfRise": null,
            "rateOfFall": null,
            "lowerWarningLevel": 50.0,
            "higherWarningLevel": 180.0,
            "missingValue": null,
            "startDate": null,
            "endDate": null,
            "noOfDataPresent": null,
            "remarks": null,
            "timeLabel1": "1900-01-01T08:30:00",
            "timeLabel2": null,
            "timeLabel3": null,
            "timeLabel4": null,
            "timeLabel5": null,
            "timeLabel6": null,
            "createdOn": "2024-06-10T16:33:16.537691",
            "createdBy": null,
            "updatedOn": "2024-06-13T10:17:16.421335",
            "updatedBy": null,
            "isActive": true
        },
        {
            "stationId": 136,
            "dataTypeId": 32,
            "timeInterval1": 3,
            "timeIntervalPartA": 2,
            "tsType": null,
            "timeIntervalPartB": null,
            "timeInterval2": null,
            "maximum": 100.0,
            "minimum": 0.0,
            "rateOfRise": null,
            "rateOfFall": null,
            "lowerWarningLevel": 30.0,
            "higherWarningLevel": 80.0,
            "missingValue": null,
            "startDate": null,
            "endDate": null,
            "noOfDataPresent": null,
            "remarks": null,
            "timeLabel1": "1900-01-01T08:30:00",
            "timeLabel2": "1900-01-01T17:30:00",
            "timeLabel3": null,
            "timeLabel4": null,
            "timeLabel5": null,
            "timeLabel6": null,
            "createdOn": "2024-06-10T16:33:16.541228",
            "createdBy": null,
            "updatedOn": "2024-06-13T10:17:16.424725",
            "updatedBy": null,
            "isActive": true
        },
        {
            "stationId": 136,
            "dataTypeId": 25,
            "timeInterval1": 4,
            "timeIntervalPartA": 1,
            "tsType": null,
            "timeIntervalPartB": null,
            "timeInterval2": null,
            "maximum": 100.0,
            "minimum": 0.0,
            "rateOfRise": null,
            "rateOfFall": null,
            "lowerWarningLevel": 30.0,
            "higherWarningLevel": 90.0,
            "missingValue": null,
            "startDate": null,
            "endDate": null,
            "noOfDataPresent": null,
            "remarks": null,
            "timeLabel1": "1900-01-01T08:30:00",
            "timeLabel2": null,
            "timeLabel3": null,
            "timeLabel4": null,
            "timeLabel5": null,
            "timeLabel6": null,
            "createdOn": "2024-06-10T16:33:16.544678",
            "createdBy": null,
            "updatedOn": "2024-06-13T10:17:16.428232",
            "updatedBy": null,
            "isActive": false
        },
        {
            "stationId": 136,
            "dataTypeId": 27,
            "timeInterval1": 3,
            "timeIntervalPartA": 2,
            "tsType": null,
            "timeIntervalPartB": null,
            "timeInterval2": null,
            "maximum": 500.0,
            "minimum": 0.0,
            "rateOfRise": null,
            "rateOfFall": null,
            "lowerWarningLevel": 50.0,
            "higherWarningLevel": 400.0,
            "missingValue": null,
            "startDate": null,
            "endDate": null,
            "noOfDataPresent": null,
            "remarks": null,
            "timeLabel1": "1900-01-01T08:30:00",
            "timeLabel2": "1900-01-01T17:30:00",
            "timeLabel3": null,
            "timeLabel4": null,
            "timeLabel5": null,
            "timeLabel6": null,
            "createdOn": "2024-06-10T16:33:16.548189",
            "createdBy": null,
            "updatedOn": "2024-06-13T10:17:16.431689",
            "updatedBy": null,
            "isActive": false
        },
        {
            "stationId": 136,
            "dataTypeId": 50,
            "timeInterval1": 3,
            "timeIntervalPartA": 2,
            "tsType": null,
            "timeIntervalPartB": null,
            "timeInterval2": null,
            "maximum": 200.0,
            "minimum": 0.0,
            "rateOfRise": null,
            "rateOfFall": null,
            "lowerWarningLevel": 20.0,
            "higherWarningLevel": 100.0,
            "missingValue": null,
            "startDate": null,
            "endDate": null,
            "noOfDataPresent": null,
            "remarks": null,
            "timeLabel1": "1900-01-01T08:30:00",
            "timeLabel2": "1900-01-01T17:30:00",
            "timeLabel3": null,
            "timeLabel4": null,
            "timeLabel5": null,
            "timeLabel6": null,
            "createdOn": "2024-06-10T16:33:16.572601",
            "createdBy": null,
            "updatedOn": "2024-06-13T10:17:16.455761",
            "updatedBy": null,
            "isActive": false
        },
        {
            "stationId": 136,
            "dataTypeId": 55,
            "timeInterval1": 3,
            "timeIntervalPartA": 2,
            "tsType": null,
            "timeIntervalPartB": null,
            "timeInterval2": null,
            "maximum": 100.0,
            "minimum": 0.0,
            "rateOfRise": null,
            "rateOfFall": null,
            "lowerWarningLevel": 20.0,
            "higherWarningLevel": 80.0,
            "missingValue": null,
            "startDate": null,
            "endDate": null,
            "noOfDataPresent": null,
            "remarks": null,
            "timeLabel1": "1900-01-01T08:30:00",
            "timeLabel2": "1900-01-01T17:30:00",
            "timeLabel3": null,
            "timeLabel4": null,
            "timeLabel5": null,
            "timeLabel6": null,
            "createdOn": "2024-06-10T16:33:16.576229",
            "createdBy": null,
            "updatedOn": "2024-06-13T10:17:16.459208",
            "updatedBy": null,
            "isActive": false
        },
        {
            "stationId": 138,
            "dataTypeId": 22,
            "timeInterval1": 3,
            "timeIntervalPartA": 2,
            "tsType": null,
            "timeIntervalPartB": null,
            "timeInterval2": null,
            "maximum": 100.0,
            "minimum": 0.0,
            "rateOfRise": null,
            "rateOfFall": null,
            "lowerWarningLevel": 20.0,
            "higherWarningLevel": 80.0,
            "missingValue": null,
            "startDate": null,
            "endDate": null,
            "noOfDataPresent": null,
            "remarks": null,
            "timeLabel1": "1900-01-01T08:30:00",
            "timeLabel2": "1900-01-01T17:30:00",
            "timeLabel3": null,
            "timeLabel4": null,
            "timeLabel5": null,
            "timeLabel6": null,
            "createdOn": "2024-06-06T15:33:05.618458",
            "createdBy": null,
            "updatedOn": "2024-06-13T17:38:17.360177",
            "updatedBy": null,
            "isActive": false
        },
        {
            "stationId": 138,
            "dataTypeId": 28,
            "timeInterval1": 4,
            "timeIntervalPartA": 1,
            "tsType": null,
            "timeIntervalPartB": null,
            "timeInterval2": null,
            "maximum": 100.0,
            "minimum": 0.0,
            "rateOfRise": null,
            "rateOfFall": null,
            "lowerWarningLevel": 20.0,
            "higherWarningLevel": 90.0,
            "missingValue": null,
            "startDate": null,
            "endDate": null,
            "noOfDataPresent": null,
            "remarks": null,
            "timeLabel1": "1900-01-01T08:30:00",
            "timeLabel2": null,
            "timeLabel3": null,
            "timeLabel4": null,
            "timeLabel5": null,
            "timeLabel6": null,
            "createdOn": "2024-06-06T15:33:05.622768",
            "createdBy": null,
            "updatedOn": "2024-06-13T17:38:17.368661",
            "updatedBy": null,
            "isActive": false
        },
        {
            "stationId": 138,
            "dataTypeId": 32,
            "timeInterval1": 3,
            "timeIntervalPartA": 1,
            "tsType": null,
            "timeIntervalPartB": null,
            "timeInterval2": null,
            "maximum": 210.0,
            "minimum": 0.0,
            "rateOfRise": null,
            "rateOfFall": null,
            "lowerWarningLevel": 50.0,
            "higherWarningLevel": 180.0,
            "missingValue": null,
            "startDate": null,
            "endDate": null,
            "noOfDataPresent": null,
            "remarks": null,
            "timeLabel1": "1900-01-01T08:30:00",
            "timeLabel2": null,
            "timeLabel3": null,
            "timeLabel4": null,
            "timeLabel5": null,
            "timeLabel6": null,
            "createdOn": "2024-06-06T15:33:05.626574",
            "createdBy": null,
            "updatedOn": "2024-06-13T17:38:17.373425",
            "updatedBy": null,
            "isActive": false
        },
        {
            "stationId": 138,
            "dataTypeId": 32,
            "timeInterval1": 3,
            "timeIntervalPartA": 2,
            "tsType": null,
            "timeIntervalPartB": null,
            "timeInterval2": null,
            "maximum": 100.0,
            "minimum": 0.0,
            "rateOfRise": null,
            "rateOfFall": null,
            "lowerWarningLevel": 30.0,
            "higherWarningLevel": 80.0,
            "missingValue": null,
            "startDate": null,
            "endDate": null,
            "noOfDataPresent": null,
            "remarks": null,
            "timeLabel1": "1900-01-01T08:30:00",
            "timeLabel2": "1900-01-01T17:30:00",
            "timeLabel3": null,
            "timeLabel4": null,
            "timeLabel5": null,
            "timeLabel6": null,
            "createdOn": "2024-06-06T15:33:05.630213",
            "createdBy": null,
            "updatedOn": "2024-06-13T17:38:17.378104",
            "updatedBy": null,
            "isActive": false
        },
        {
            "stationId": 136,
            "dataTypeId": 56,
            "timeInterval1": 3,
            "timeIntervalPartA": 1,
            "tsType": null,
            "timeIntervalPartB": null,
            "timeInterval2": null,
            "maximum": 100.0,
            "minimum": 0.0,
            "rateOfRise": null,
            "rateOfFall": null,
            "lowerWarningLevel": 20.0,
            "higherWarningLevel": 80.0,
            "missingValue": null,
            "startDate": null,
            "endDate": null,
            "noOfDataPresent": null,
            "remarks": null,
            "timeLabel1": "1900-01-01T08:30:00",
            "timeLabel2": null,
            "timeLabel3": null,
            "timeLabel4": null,
            "timeLabel5": null,
            "timeLabel6": null,
            "createdOn": "2024-06-10T16:33:16.579878",
            "createdBy": null,
            "updatedOn": "2024-06-13T10:17:16.462716",
            "updatedBy": null,
            "isActive": false
        },
        {
            "stationId": 136,
            "dataTypeId": 54,
            "timeInterval1": 3,
            "timeIntervalPartA": 2,
            "tsType": null,
            "timeIntervalPartB": null,
            "timeInterval2": null,
            "maximum": 100.0,
            "minimum": 0.0,
            "rateOfRise": null,
            "rateOfFall": null,
            "lowerWarningLevel": 20.0,
            "higherWarningLevel": 80.0,
            "missingValue": null,
            "startDate": null,
            "endDate": null,
            "noOfDataPresent": null,
            "remarks": null,
            "timeLabel1": "1900-01-01T08:30:00",
            "timeLabel2": "1900-01-01T17:30:00",
            "timeLabel3": null,
            "timeLabel4": null,
            "timeLabel5": null,
            "timeLabel6": null,
            "createdOn": "2024-06-10T16:33:16.583318",
            "createdBy": null,
            "updatedOn": "2024-06-13T10:17:16.469092",
            "updatedBy": null,
            "isActive": false
        },
        {
            "stationId": 138,
            "dataTypeId": 25,
            "timeInterval1": 4,
            "timeIntervalPartA": 1,
            "tsType": null,
            "timeIntervalPartB": null,
            "timeInterval2": null,
            "maximum": 100.0,
            "minimum": 0.0,
            "rateOfRise": null,
            "rateOfFall": null,
            "lowerWarningLevel": 30.0,
            "higherWarningLevel": 90.0,
            "missingValue": null,
            "startDate": null,
            "endDate": null,
            "noOfDataPresent": null,
            "remarks": null,
            "timeLabel1": "1900-01-01T08:30:00",
            "timeLabel2": null,
            "timeLabel3": null,
            "timeLabel4": null,
            "timeLabel5": null,
            "timeLabel6": null,
            "createdOn": "2024-06-06T15:33:05.634312",
            "createdBy": null,
            "updatedOn": "2024-06-13T17:38:17.384168",
            "updatedBy": null,
            "isActive": false
        },
        {
            "stationId": 136,
            "dataTypeId": 20,
            "timeInterval1": 4,
            "timeIntervalPartA": 1,
            "tsType": null,
            "timeIntervalPartB": null,
            "timeInterval2": null,
            "maximum": 200.0,
            "minimum": 0.0,
            "rateOfRise": null,
            "rateOfFall": null,
            "lowerWarningLevel": 20.0,
            "higherWarningLevel": 180.0,
            "missingValue": null,
            "startDate": null,
            "endDate": null,
            "noOfDataPresent": null,
            "remarks": null,
            "timeLabel1": "1900-01-01T08:30:00",
            "timeLabel2": null,
            "timeLabel3": null,
            "timeLabel4": null,
            "timeLabel5": null,
            "timeLabel6": null,
            "createdOn": "2024-06-10T16:33:16.50942",
            "createdBy": null,
            "updatedOn": "2024-06-13T10:17:16.396795",
            "updatedBy": null,
            "isActive": true
        },
        {
            "stationId": 136,
            "dataTypeId": 42,
            "timeInterval1": 3,
            "timeIntervalPartA": 2,
            "tsType": null,
            "timeIntervalPartB": null,
            "timeInterval2": null,
            "maximum": 100.0,
            "minimum": 0.0,
            "rateOfRise": null,
            "rateOfFall": null,
            "lowerWarningLevel": 30.0,
            "higherWarningLevel": 90.0,
            "missingValue": null,
            "startDate": null,
            "endDate": null,
            "noOfDataPresent": null,
            "remarks": null,
            "timeLabel1": "1900-01-01T08:30:00",
            "timeLabel2": "1900-01-01T17:30:00",
            "timeLabel3": null,
            "timeLabel4": null,
            "timeLabel5": null,
            "timeLabel6": null,
            "createdOn": "2024-06-10T16:33:16.514889",
            "createdBy": null,
            "updatedOn": "2024-06-13T10:17:16.400429",
            "updatedBy": null,
            "isActive": true
        },
        {
            "stationId": 136,
            "dataTypeId": 47,
            "timeInterval1": 3,
            "timeIntervalPartA": 1,
            "tsType": null,
            "timeIntervalPartB": null,
            "timeInterval2": null,
            "maximum": 60.0,
            "minimum": 0.0,
            "rateOfRise": null,
            "rateOfFall": null,
            "lowerWarningLevel": 20.0,
            "higherWarningLevel": 50.0,
            "missingValue": null,
            "startDate": null,
            "endDate": null,
            "noOfDataPresent": null,
            "remarks": null,
            "timeLabel1": "1900-01-01T08:30:00",
            "timeLabel2": null,
            "timeLabel3": null,
            "timeLabel4": null,
            "timeLabel5": null,
            "timeLabel6": null,
            "createdOn": "2024-06-10T16:33:16.518686",
            "createdBy": null,
            "updatedOn": "2024-06-13T10:17:16.404097",
            "updatedBy": null,
            "isActive": true
        },
        {
            "stationId": 136,
            "dataTypeId": 43,
            "timeInterval1": 3,
            "timeIntervalPartA": 1,
            "tsType": null,
            "timeIntervalPartB": null,
            "timeInterval2": null,
            "maximum": 100.0,
            "minimum": 0.0,
            "rateOfRise": null,
            "rateOfFall": null,
            "lowerWarningLevel": 20.0,
            "higherWarningLevel": 53.0,
            "missingValue": null,
            "startDate": null,
            "endDate": null,
            "noOfDataPresent": null,
            "remarks": null,
            "timeLabel1": "1900-01-01T08:30:00",
            "timeLabel2": null,
            "timeLabel3": null,
            "timeLabel4": null,
            "timeLabel5": null,
            "timeLabel6": null,
            "createdOn": "2024-06-10T16:33:16.522667",
            "createdBy": null,
            "updatedOn": "2024-06-13T10:17:16.407869",
            "updatedBy": null,
            "isActive": true
        },
        {
            "stationId": 136,
            "dataTypeId": 49,
            "timeInterval1": 3,
            "timeIntervalPartA": 2,
            "tsType": null,
            "timeIntervalPartB": null,
            "timeInterval2": null,
            "maximum": 200.0,
            "minimum": 0.0,
            "rateOfRise": null,
            "rateOfFall": null,
            "lowerWarningLevel": 50.0,
            "higherWarningLevel": 180.0,
            "missingValue": null,
            "startDate": null,
            "endDate": null,
            "noOfDataPresent": null,
            "remarks": null,
            "timeLabel1": "1900-01-01T08:30:00",
            "timeLabel2": "1900-01-01T17:30:00",
            "timeLabel3": null,
            "timeLabel4": null,
            "timeLabel5": null,
            "timeLabel6": null,
            "createdOn": "2024-06-10T16:33:16.551334",
            "createdBy": null,
            "updatedOn": "2024-06-13T10:17:16.435027",
            "updatedBy": null,
            "isActive": false
        },
        {
            "stationId": 136,
            "dataTypeId": 34,
            "timeInterval1": 4,
            "timeIntervalPartA": 1,
            "tsType": null,
            "timeIntervalPartB": null,
            "timeInterval2": null,
            "maximum": 200.0,
            "minimum": 0.0,
            "rateOfRise": null,
            "rateOfFall": null,
            "lowerWarningLevel": 120.0,
            "higherWarningLevel": 180.0,
            "missingValue": null,
            "startDate": null,
            "endDate": null,
            "noOfDataPresent": null,
            "remarks": null,
            "timeLabel1": "1900-01-01T05:00:00",
            "timeLabel2": null,
            "timeLabel3": null,
            "timeLabel4": null,
            "timeLabel5": null,
            "timeLabel6": null,
            "createdOn": "2024-06-10T16:33:16.554617",
            "createdBy": null,
            "updatedOn": "2024-06-13T10:17:16.439045",
            "updatedBy": null,
            "isActive": false
        },
        {
            "stationId": 136,
            "dataTypeId": 41,
            "timeInterval1": 4,
            "timeIntervalPartA": 1,
            "tsType": null,
            "timeIntervalPartB": null,
            "timeInterval2": null,
            "maximum": 150.0,
            "minimum": 0.0,
            "rateOfRise": null,
            "rateOfFall": null,
            "lowerWarningLevel": 100.0,
            "higherWarningLevel": 120.0,
            "missingValue": null,
            "startDate": null,
            "endDate": null,
            "noOfDataPresent": null,
            "remarks": null,
            "timeLabel1": "1900-01-01T08:30:00",
            "timeLabel2": null,
            "timeLabel3": null,
            "timeLabel4": null,
            "timeLabel5": null,
            "timeLabel6": null,
            "createdOn": "2024-06-10T16:33:16.558",
            "createdBy": null,
            "updatedOn": "2024-06-13T10:17:16.442509",
            "updatedBy": null,
            "isActive": false
        },
        {
            "stationId": 138,
            "dataTypeId": 20,
            "timeInterval1": 4,
            "timeIntervalPartA": 1,
            "tsType": null,
            "timeIntervalPartB": null,
            "timeInterval2": null,
            "maximum": 200.0,
            "minimum": 0.0,
            "rateOfRise": null,
            "rateOfFall": null,
            "lowerWarningLevel": 20.0,
            "higherWarningLevel": 180.0,
            "missingValue": null,
            "startDate": null,
            "endDate": null,
            "noOfDataPresent": null,
            "remarks": null,
            "timeLabel1": "1900-01-01T08:30:00",
            "timeLabel2": null,
            "timeLabel3": null,
            "timeLabel4": null,
            "timeLabel5": null,
            "timeLabel6": null,
            "createdOn": "2024-06-06T15:33:05.592604",
            "createdBy": null,
            "updatedOn": "2024-06-13T17:38:17.32841",
            "updatedBy": null,
            "isActive": false
        },
        {
            "stationId": 138,
            "dataTypeId": 42,
            "timeInterval1": 3,
            "timeIntervalPartA": 2,
            "tsType": null,
            "timeIntervalPartB": null,
            "timeInterval2": null,
            "maximum": 100.0,
            "minimum": 0.0,
            "rateOfRise": null,
            "rateOfFall": null,
            "lowerWarningLevel": 30.0,
            "higherWarningLevel": 90.0,
            "missingValue": null,
            "startDate": null,
            "endDate": null,
            "noOfDataPresent": null,
            "remarks": null,
            "timeLabel1": "1900-01-01T08:30:00",
            "timeLabel2": "1900-01-01T17:30:00",
            "timeLabel3": null,
            "timeLabel4": null,
            "timeLabel5": null,
            "timeLabel6": null,
            "createdOn": "2024-06-06T15:33:05.602833",
            "createdBy": null,
            "updatedOn": "2024-06-13T17:38:17.337847",
            "updatedBy": null,
            "isActive": false
        },
        {
            "stationId": 138,
            "dataTypeId": 47,
            "timeInterval1": 3,
            "timeIntervalPartA": 1,
            "tsType": null,
            "timeIntervalPartB": null,
            "timeInterval2": null,
            "maximum": 60.0,
            "minimum": 0.0,
            "rateOfRise": null,
            "rateOfFall": null,
            "lowerWarningLevel": 20.0,
            "higherWarningLevel": 50.0,
            "missingValue": null,
            "startDate": null,
            "endDate": null,
            "noOfDataPresent": null,
            "remarks": null,
            "timeLabel1": "1900-01-01T08:30:00",
            "timeLabel2": null,
            "timeLabel3": null,
            "timeLabel4": null,
            "timeLabel5": null,
            "timeLabel6": null,
            "createdOn": "2024-06-06T15:33:05.60692",
            "createdBy": null,
            "updatedOn": "2024-06-13T17:38:17.342979",
            "updatedBy": null,
            "isActive": false
        },
        {
            "stationId": 138,
            "dataTypeId": 43,
            "timeInterval1": 3,
            "timeIntervalPartA": 1,
            "tsType": null,
            "timeIntervalPartB": null,
            "timeInterval2": null,
            "maximum": 100.0,
            "minimum": 0.0,
            "rateOfRise": null,
            "rateOfFall": null,
            "lowerWarningLevel": 20.0,
            "higherWarningLevel": 53.0,
            "missingValue": null,
            "startDate": null,
            "endDate": null,
            "noOfDataPresent": null,
            "remarks": null,
            "timeLabel1": "1900-01-01T08:30:00",
            "timeLabel2": null,
            "timeLabel3": null,
            "timeLabel4": null,
            "timeLabel5": null,
            "timeLabel6": null,
            "createdOn": "2024-06-06T15:33:05.610653",
            "createdBy": null,
            "updatedOn": "2024-06-13T17:38:17.348156",
            "updatedBy": null,
            "isActive": false
        },
        {
            "stationId": 138,
            "dataTypeId": 27,
            "timeInterval1": 3,
            "timeIntervalPartA": 2,
            "tsType": null,
            "timeIntervalPartB": null,
            "timeInterval2": null,
            "maximum": 500.0,
            "minimum": 0.0,
            "rateOfRise": null,
            "rateOfFall": null,
            "lowerWarningLevel": 50.0,
            "higherWarningLevel": 400.0,
            "missingValue": null,
            "startDate": null,
            "endDate": null,
            "noOfDataPresent": null,
            "remarks": null,
            "timeLabel1": "1900-01-01T08:30:00",
            "timeLabel2": "1900-01-01T17:30:00",
            "timeLabel3": null,
            "timeLabel4": null,
            "timeLabel5": null,
            "timeLabel6": null,
            "createdOn": "2024-06-06T15:33:05.637975",
            "createdBy": null,
            "updatedOn": "2024-06-13T17:38:17.389321",
            "updatedBy": null,
            "isActive": false
        },
        {
            "stationId": 138,
            "dataTypeId": 49,
            "timeInterval1": 3,
            "timeIntervalPartA": 2,
            "tsType": null,
            "timeIntervalPartB": null,
            "timeInterval2": null,
            "maximum": 200.0,
            "minimum": 0.0,
            "rateOfRise": null,
            "rateOfFall": null,
            "lowerWarningLevel": 50.0,
            "higherWarningLevel": 180.0,
            "missingValue": null,
            "startDate": null,
            "endDate": null,
            "noOfDataPresent": null,
            "remarks": null,
            "timeLabel1": "1900-01-01T08:30:00",
            "timeLabel2": "1900-01-01T17:30:00",
            "timeLabel3": null,
            "timeLabel4": null,
            "timeLabel5": null,
            "timeLabel6": null,
            "createdOn": "2024-06-06T15:33:05.641976",
            "createdBy": null,
            "updatedOn": "2024-06-13T17:38:17.394536",
            "updatedBy": null,
            "isActive": false
        },
        {
            "stationId": 138,
            "dataTypeId": 34,
            "timeInterval1": 4,
            "timeIntervalPartA": 1,
            "tsType": null,
            "timeIntervalPartB": null,
            "timeInterval2": null,
            "maximum": 200.0,
            "minimum": 0.0,
            "rateOfRise": null,
            "rateOfFall": null,
            "lowerWarningLevel": 120.0,
            "higherWarningLevel": 180.0,
            "missingValue": null,
            "startDate": null,
            "endDate": null,
            "noOfDataPresent": null,
            "remarks": null,
            "timeLabel1": "1900-01-01T05:00:00",
            "timeLabel2": null,
            "timeLabel3": null,
            "timeLabel4": null,
            "timeLabel5": null,
            "timeLabel6": null,
            "createdOn": "2024-06-06T15:33:05.645662",
            "createdBy": null,
            "updatedOn": "2024-06-13T17:38:17.399524",
            "updatedBy": null,
            "isActive": false
        },
        {
            "stationId": 45,
            "dataTypeId": 22,
            "timeInterval1": 3,
            "timeIntervalPartA": 2,
            "tsType": "1",
            "timeIntervalPartB": "C",
            "timeInterval2": null,
            "maximum": null,
            "minimum": null,
            "rateOfRise": null,
            "rateOfFall": null,
            "lowerWarningLevel": null,
            "higherWarningLevel": null,
            "missingValue": 0,
            "startDate": null,
            "endDate": null,
            "noOfDataPresent": 0,
            "remarks": null,
            "timeLabel1": "1900-01-01T08:30:00",
            "timeLabel2": "1900-01-01T17:30:00",
            "timeLabel3": null,
            "timeLabel4": null,
            "timeLabel5": null,
            "timeLabel6": null,
            "createdOn": null,
            "createdBy": null,
            "updatedOn": "2024-06-11T14:37:34.922803",
            "updatedBy": null,
            "isActive": true
        },
        {
            "stationId": 45,
            "dataTypeId": 32,
            "timeInterval1": 3,
            "timeIntervalPartA": 2,
            "tsType": "1",
            "timeIntervalPartB": "C",
            "timeInterval2": null,
            "maximum": 100.0,
            "minimum": 40.0,
            "rateOfRise": null,
            "rateOfFall": null,
            "lowerWarningLevel": 70.8,
            "higherWarningLevel": 150.0,
            "missingValue": 0,
            "startDate": null,
            "endDate": null,
            "noOfDataPresent": 0,
            "remarks": null,
            "timeLabel1": "1900-01-01T08:30:00",
            "timeLabel2": "1900-01-01T17:30:00",
            "timeLabel3": null,
            "timeLabel4": null,
            "timeLabel5": null,
            "timeLabel6": null,
            "createdOn": null,
            "createdBy": null,
            "updatedOn": "2024-06-11T14:37:34.929713",
            "updatedBy": null,
            "isActive": true
        },
        {
            "stationId": 45,
            "dataTypeId": 50,
            "timeInterval1": 3,
            "timeIntervalPartA": 2,
            "tsType": "1",
            "timeIntervalPartB": "C",
            "timeInterval2": null,
            "maximum": null,
            "minimum": null,
            "rateOfRise": null,
            "rateOfFall": null,
            "lowerWarningLevel": null,
            "higherWarningLevel": null,
            "missingValue": 0,
            "startDate": null,
            "endDate": null,
            "noOfDataPresent": 0,
            "remarks": null,
            "timeLabel1": "1900-01-01T08:30:00",
            "timeLabel2": "1900-01-01T17:30:00",
            "timeLabel3": null,
            "timeLabel4": null,
            "timeLabel5": null,
            "timeLabel6": null,
            "createdOn": null,
            "createdBy": null,
            "updatedOn": "2024-06-11T14:37:34.9337",
            "updatedBy": null,
            "isActive": true
        },
        {
            "stationId": 45,
            "dataTypeId": 15,
            "timeInterval1": 3,
            "timeIntervalPartA": 4,
            "tsType": null,
            "timeIntervalPartB": null,
            "timeInterval2": null,
            "maximum": null,
            "minimum": null,
            "rateOfRise": null,
            "rateOfFall": null,
            "lowerWarningLevel": null,
            "higherWarningLevel": null,
            "missingValue": null,
            "startDate": null,
            "endDate": null,
            "noOfDataPresent": null,
            "remarks": null,
            "timeLabel1": "1900-01-01T09:00:00",
            "timeLabel2": "1900-01-01T12:00:00",
            "timeLabel3": "1900-01-01T15:00:00",
            "timeLabel4": "1900-01-01T18:00:00",
            "timeLabel5": null,
            "timeLabel6": null,
            "createdOn": "2024-06-01T10:40:56.551231",
            "createdBy": null,
            "updatedOn": "2024-06-11T14:37:34.937458",
            "updatedBy": null,
            "isActive": false
        },
        {
            "stationId": 138,
            "dataTypeId": 41,
            "timeInterval1": 4,
            "timeIntervalPartA": 1,
            "tsType": null,
            "timeIntervalPartB": null,
            "timeInterval2": null,
            "maximum": 150.0,
            "minimum": 0.0,
            "rateOfRise": null,
            "rateOfFall": null,
            "lowerWarningLevel": 100.0,
            "higherWarningLevel": 120.0,
            "missingValue": null,
            "startDate": null,
            "endDate": null,
            "noOfDataPresent": null,
            "remarks": null,
            "timeLabel1": "1900-01-01T08:30:00",
            "timeLabel2": null,
            "timeLabel3": null,
            "timeLabel4": null,
            "timeLabel5": null,
            "timeLabel6": null,
            "createdOn": "2024-06-06T15:33:05.649401",
            "createdBy": null,
            "updatedOn": "2024-06-13T17:38:17.40492",
            "updatedBy": null,
            "isActive": false
        },
        {
            "stationId": 138,
            "dataTypeId": 44,
            "timeInterval1": 3,
            "timeIntervalPartA": 2,
            "tsType": null,
            "timeIntervalPartB": null,
            "timeInterval2": null,
            "maximum": 40.0,
            "minimum": 0.0,
            "rateOfRise": null,
            "rateOfFall": null,
            "lowerWarningLevel": 5.0,
            "higherWarningLevel": 30.0,
            "missingValue": null,
            "startDate": null,
            "endDate": null,
            "noOfDataPresent": null,
            "remarks": null,
            "timeLabel1": "1900-01-01T08:30:00",
            "timeLabel2": "1900-01-01T17:30:00",
            "timeLabel3": null,
            "timeLabel4": null,
            "timeLabel5": null,
            "timeLabel6": null,
            "createdOn": "2024-06-06T15:33:05.653019",
            "createdBy": null,
            "updatedOn": "2024-06-13T17:38:17.409691",
            "updatedBy": null,
            "isActive": false
        },
        {
            "stationId": 138,
            "dataTypeId": 46,
            "timeInterval1": 3,
            "timeIntervalPartA": 2,
            "tsType": null,
            "timeIntervalPartB": null,
            "timeInterval2": null,
            "maximum": 80.0,
            "minimum": 0.0,
            "rateOfRise": null,
            "rateOfFall": null,
            "lowerWarningLevel": 20.0,
            "higherWarningLevel": 60.0,
            "missingValue": null,
            "startDate": null,
            "endDate": null,
            "noOfDataPresent": null,
            "remarks": null,
            "timeLabel1": "1900-01-01T08:30:00",
            "timeLabel2": "1900-01-01T17:30:00",
            "timeLabel3": null,
            "timeLabel4": null,
            "timeLabel5": null,
            "timeLabel6": null,
            "createdOn": "2024-06-06T15:33:05.660494",
            "createdBy": null,
            "updatedOn": "2024-06-13T17:38:17.41905",
            "updatedBy": null,
            "isActive": false
        },
        {
            "stationId": 138,
            "dataTypeId": 50,
            "timeInterval1": 3,
            "timeIntervalPartA": 2,
            "tsType": null,
            "timeIntervalPartB": null,
            "timeInterval2": null,
            "maximum": 200.0,
            "minimum": 0.0,
            "rateOfRise": null,
            "rateOfFall": null,
            "lowerWarningLevel": 20.0,
            "higherWarningLevel": 100.0,
            "missingValue": null,
            "startDate": null,
            "endDate": null,
            "noOfDataPresent": null,
            "remarks": null,
            "timeLabel1": "1900-01-01T08:30:00",
            "timeLabel2": "1900-01-01T17:30:00",
            "timeLabel3": null,
            "timeLabel4": null,
            "timeLabel5": null,
            "timeLabel6": null,
            "createdOn": "2024-06-06T15:33:05.664189",
            "createdBy": null,
            "updatedOn": "2024-06-13T17:38:17.423499",
            "updatedBy": null,
            "isActive": false
        },
        {
            "stationId": 138,
            "dataTypeId": 55,
            "timeInterval1": 3,
            "timeIntervalPartA": 2,
            "tsType": null,
            "timeIntervalPartB": null,
            "timeInterval2": null,
            "maximum": 100.0,
            "minimum": 0.0,
            "rateOfRise": null,
            "rateOfFall": null,
            "lowerWarningLevel": 20.0,
            "higherWarningLevel": 80.0,
            "missingValue": null,
            "startDate": null,
            "endDate": null,
            "noOfDataPresent": null,
            "remarks": null,
            "timeLabel1": "1900-01-01T08:30:00",
            "timeLabel2": "1900-01-01T17:30:00",
            "timeLabel3": null,
            "timeLabel4": null,
            "timeLabel5": null,
            "timeLabel6": null,
            "createdOn": "2024-06-06T15:33:05.667519",
            "createdBy": null,
            "updatedOn": "2024-06-13T17:38:17.428557",
            "updatedBy": null,
            "isActive": false
        },
        {
            "stationId": 2,
            "dataTypeId": 47,
            "timeInterval1": 3,
            "timeIntervalPartA": 1,
            "tsType": "1",
            "timeIntervalPartB": null,
            "timeInterval2": null,
            "maximum": 60.0,
            "minimum": 10.0,
            "rateOfRise": null,
            "rateOfFall": null,
            "lowerWarningLevel": 0.0,
            "higherWarningLevel": 50.0,
            "missingValue": 0,
            "startDate": null,
            "endDate": null,
            "noOfDataPresent": 0,
            "remarks": null,
            "timeLabel1": "1900-01-01T08:30:00",
            "timeLabel2": null,
            "timeLabel3": null,
            "timeLabel4": null,
            "timeLabel5": null,
            "timeLabel6": null,
            "createdOn": null,
            "createdBy": null,
            "updatedOn": "2024-06-11T10:49:22.969156",
            "updatedBy": null,
            "isActive": true
        },
        {
            "stationId": 2,
            "dataTypeId": 20,
            "timeInterval1": 4,
            "timeIntervalPartA": 1,
            "tsType": null,
            "timeIntervalPartB": null,
            "timeInterval2": null,
            "maximum": 200.0,
            "minimum": 10.0,
            "rateOfRise": null,
            "rateOfFall": null,
            "lowerWarningLevel": 20.0,
            "higherWarningLevel": 180.0,
            "missingValue": null,
            "startDate": null,
            "endDate": null,
            "noOfDataPresent": null,
            "remarks": null,
            "timeLabel1": "1900-01-01T08:30:00",
            "timeLabel2": null,
            "timeLabel3": null,
            "timeLabel4": null,
            "timeLabel5": null,
            "timeLabel6": null,
            "createdOn": "2024-06-04T11:56:36.199825",
            "createdBy": null,
            "updatedOn": "2024-06-11T10:49:22.976486",
            "updatedBy": null,
            "isActive": true
        },
        {
            "stationId": 138,
            "dataTypeId": 56,
            "timeInterval1": 3,
            "timeIntervalPartA": 1,
            "tsType": null,
            "timeIntervalPartB": null,
            "timeInterval2": null,
            "maximum": 100.0,
            "minimum": 0.0,
            "rateOfRise": null,
            "rateOfFall": null,
            "lowerWarningLevel": 20.0,
            "higherWarningLevel": 80.0,
            "missingValue": null,
            "startDate": null,
            "endDate": null,
            "noOfDataPresent": null,
            "remarks": null,
            "timeLabel1": "1900-01-01T08:30:00",
            "timeLabel2": null,
            "timeLabel3": null,
            "timeLabel4": null,
            "timeLabel5": null,
            "timeLabel6": null,
            "createdOn": "2024-06-06T15:33:05.6714",
            "createdBy": null,
            "updatedOn": "2024-06-13T17:38:17.434651",
            "updatedBy": null,
            "isActive": false
        },
        {
            "stationId": 138,
            "dataTypeId": 54,
            "timeInterval1": 3,
            "timeIntervalPartA": 2,
            "tsType": null,
            "timeIntervalPartB": null,
            "timeInterval2": null,
            "maximum": 100.0,
            "minimum": 0.0,
            "rateOfRise": null,
            "rateOfFall": null,
            "lowerWarningLevel": 20.0,
            "higherWarningLevel": 80.0,
            "missingValue": null,
            "startDate": null,
            "endDate": null,
            "noOfDataPresent": null,
            "remarks": null,
            "timeLabel1": "1900-01-01T08:30:00",
            "timeLabel2": "1900-01-01T17:30:00",
            "timeLabel3": null,
            "timeLabel4": null,
            "timeLabel5": null,
            "timeLabel6": null,
            "createdOn": "2024-06-06T15:33:05.674898",
            "createdBy": null,
            "updatedOn": "2024-06-13T17:38:17.439199",
            "updatedBy": null,
            "isActive": false
        },
        {
            "stationId": 3,
            "dataTypeId": 20,
            "timeInterval1": 4,
            "timeIntervalPartA": 1,
            "tsType": null,
            "timeIntervalPartB": null,
            "timeInterval2": null,
            "maximum": 200.0,
            "minimum": 0.0,
            "rateOfRise": null,
            "rateOfFall": null,
            "lowerWarningLevel": 20.0,
            "higherWarningLevel": 180.0,
            "missingValue": null,
            "startDate": null,
            "endDate": null,
            "noOfDataPresent": null,
            "remarks": null,
            "timeLabel1": "1900-01-01T08:30:00",
            "timeLabel2": null,
            "timeLabel3": null,
            "timeLabel4": null,
            "timeLabel5": null,
            "timeLabel6": null,
            "createdOn": "2024-06-03T17:32:27.36132",
            "createdBy": null,
            "updatedOn": "2024-06-15T15:14:06.187614",
            "updatedBy": null,
            "isActive": true
        },
        {
            "stationId": 45,
            "dataTypeId": 49,
            "timeInterval1": 3,
            "timeIntervalPartA": 2,
            "tsType": null,
            "timeIntervalPartB": null,
            "timeInterval2": null,
            "maximum": null,
            "minimum": null,
            "rateOfRise": null,
            "rateOfFall": null,
            "lowerWarningLevel": null,
            "higherWarningLevel": null,
            "missingValue": null,
            "startDate": null,
            "endDate": null,
            "noOfDataPresent": null,
            "remarks": null,
            "timeLabel1": "1900-01-01T08:30:00",
            "timeLabel2": "1900-01-01T17:30:00",
            "timeLabel3": null,
            "timeLabel4": null,
            "timeLabel5": null,
            "timeLabel6": null,
            "createdOn": "2024-06-01T10:40:56.55438",
            "createdBy": null,
            "updatedOn": "2024-06-11T14:37:34.941392",
            "updatedBy": null,
            "isActive": false
        },
        {
            "stationId": 45,
            "dataTypeId": 55,
            "timeInterval1": 3,
            "timeIntervalPartA": 2,
            "tsType": null,
            "timeIntervalPartB": null,
            "timeInterval2": null,
            "maximum": null,
            "minimum": null,
            "rateOfRise": null,
            "rateOfFall": null,
            "lowerWarningLevel": null,
            "higherWarningLevel": null,
            "missingValue": null,
            "startDate": null,
            "endDate": null,
            "noOfDataPresent": null,
            "remarks": null,
            "timeLabel1": "1900-01-01T08:30:00",
            "timeLabel2": "1900-01-01T17:30:00",
            "timeLabel3": null,
            "timeLabel4": null,
            "timeLabel5": null,
            "timeLabel6": null,
            "createdOn": "2024-06-01T10:40:56.557228",
            "createdBy": null,
            "updatedOn": "2024-06-11T14:37:34.948196",
            "updatedBy": null,
            "isActive": false
        },
        {
            "stationId": 45,
            "dataTypeId": 8,
            "timeInterval1": 3,
            "timeIntervalPartA": 1,
            "tsType": null,
            "timeIntervalPartB": null,
            "timeInterval2": null,
            "maximum": null,
            "minimum": null,
            "rateOfRise": null,
            "rateOfFall": null,
            "lowerWarningLevel": null,
            "higherWarningLevel": null,
            "missingValue": null,
            "startDate": null,
            "endDate": null,
            "noOfDataPresent": null,
            "remarks": null,
            "timeLabel1": "1900-01-01T09:00:00",
            "timeLabel2": null,
            "timeLabel3": null,
            "timeLabel4": null,
            "timeLabel5": null,
            "timeLabel6": null,
            "createdOn": "2024-06-01T10:40:56.560875",
            "createdBy": null,
            "updatedOn": "2024-06-11T14:37:34.952537",
            "updatedBy": null,
            "isActive": false
        },
        {
            "stationId": 45,
            "dataTypeId": 42,
            "timeInterval1": 3,
            "timeIntervalPartA": 2,
            "tsType": "1",
            "timeIntervalPartB": "C",
            "timeInterval2": null,
            "maximum": null,
            "minimum": null,
            "rateOfRise": null,
            "rateOfFall": null,
            "lowerWarningLevel": null,
            "higherWarningLevel": null,
            "missingValue": 0,
            "startDate": null,
            "endDate": null,
            "noOfDataPresent": 0,
            "remarks": null,
            "timeLabel1": "1900-01-01T08:30:00",
            "timeLabel2": "1900-01-01T17:30:00",
            "timeLabel3": null,
            "timeLabel4": null,
            "timeLabel5": null,
            "timeLabel6": null,
            "createdOn": null,
            "createdBy": null,
            "updatedOn": "2024-06-11T14:37:34.956717",
            "updatedBy": null,
            "isActive": true
        },
        {
            "stationId": 1,
            "dataTypeId": 20,
            "timeInterval1": 4,
            "timeIntervalPartA": 1,
            "tsType": null,
            "timeIntervalPartB": null,
            "timeInterval2": null,
            "maximum": null,
            "minimum": null,
            "rateOfRise": null,
            "rateOfFall": null,
            "lowerWarningLevel": null,
            "higherWarningLevel": null,
            "missingValue": null,
            "startDate": null,
            "endDate": null,
            "noOfDataPresent": null,
            "remarks": null,
            "timeLabel1": "1900-01-01T08:30:00",
            "timeLabel2": null,
            "timeLabel3": null,
            "timeLabel4": null,
            "timeLabel5": null,
            "timeLabel6": null,
            "createdOn": "2024-06-11T18:22:07.726561",
            "createdBy": null,
            "updatedOn": "2024-06-11T18:22:07.726567",
            "updatedBy": null,
            "isActive": false
        },
        {
            "stationId": 1,
            "dataTypeId": 42,
            "timeInterval1": 3,
            "timeIntervalPartA": 2,
            "tsType": null,
            "timeIntervalPartB": null,
            "timeInterval2": null,
            "maximum": null,
            "minimum": null,
            "rateOfRise": null,
            "rateOfFall": null,
            "lowerWarningLevel": null,
            "higherWarningLevel": null,
            "missingValue": null,
            "startDate": null,
            "endDate": null,
            "noOfDataPresent": null,
            "remarks": null,
            "timeLabel1": "1900-01-01T08:30:00",
            "timeLabel2": "1900-01-01T17:30:00",
            "timeLabel3": null,
            "timeLabel4": null,
            "timeLabel5": null,
            "timeLabel6": null,
            "createdOn": "2024-06-11T18:22:07.73435",
            "createdBy": null,
            "updatedOn": "2024-06-11T18:22:07.734354",
            "updatedBy": null,
            "isActive": false
        },
        {
            "stationId": 1,
            "dataTypeId": 47,
            "timeInterval1": 3,
            "timeIntervalPartA": 1,
            "tsType": null,
            "timeIntervalPartB": null,
            "timeInterval2": null,
            "maximum": null,
            "minimum": null,
            "rateOfRise": null,
            "rateOfFall": null,
            "lowerWarningLevel": null,
            "higherWarningLevel": null,
            "missingValue": null,
            "startDate": null,
            "endDate": null,
            "noOfDataPresent": null,
            "remarks": null,
            "timeLabel1": "1900-01-01T08:30:00",
            "timeLabel2": null,
            "timeLabel3": null,
            "timeLabel4": null,
            "timeLabel5": null,
            "timeLabel6": null,
            "createdOn": "2024-06-11T18:22:07.738846",
            "createdBy": null,
            "updatedOn": "2024-06-11T18:22:07.738849",
            "updatedBy": null,
            "isActive": false
        },
        {
            "stationId": 1,
            "dataTypeId": 43,
            "timeInterval1": 3,
            "timeIntervalPartA": 1,
            "tsType": null,
            "timeIntervalPartB": null,
            "timeInterval2": null,
            "maximum": null,
            "minimum": null,
            "rateOfRise": null,
            "rateOfFall": null,
            "lowerWarningLevel": null,
            "higherWarningLevel": null,
            "missingValue": null,
            "startDate": null,
            "endDate": null,
            "noOfDataPresent": null,
            "remarks": null,
            "timeLabel1": "1900-01-01T08:30:00",
            "timeLabel2": null,
            "timeLabel3": null,
            "timeLabel4": null,
            "timeLabel5": null,
            "timeLabel6": null,
            "createdOn": "2024-06-11T18:22:07.743452",
            "createdBy": null,
            "updatedOn": "2024-06-11T18:22:07.743455",
            "updatedBy": null,
            "isActive": false
        },
        {
            "stationId": 1,
            "dataTypeId": 22,
            "timeInterval1": 3,
            "timeIntervalPartA": 2,
            "tsType": null,
            "timeIntervalPartB": null,
            "timeInterval2": null,
            "maximum": null,
            "minimum": null,
            "rateOfRise": null,
            "rateOfFall": null,
            "lowerWarningLevel": null,
            "higherWarningLevel": null,
            "missingValue": null,
            "startDate": null,
            "endDate": null,
            "noOfDataPresent": null,
            "remarks": null,
            "timeLabel1": "1900-01-01T08:30:00",
            "timeLabel2": "1900-01-01T17:30:00",
            "timeLabel3": null,
            "timeLabel4": null,
            "timeLabel5": null,
            "timeLabel6": null,
            "createdOn": "2024-06-11T18:22:07.751568",
            "createdBy": null,
            "updatedOn": "2024-06-11T18:22:07.751571",
            "updatedBy": null,
            "isActive": false
        },
        {
            "stationId": 1,
            "dataTypeId": 28,
            "timeInterval1": 4,
            "timeIntervalPartA": 1,
            "tsType": null,
            "timeIntervalPartB": null,
            "timeInterval2": null,
            "maximum": null,
            "minimum": null,
            "rateOfRise": null,
            "rateOfFall": null,
            "lowerWarningLevel": null,
            "higherWarningLevel": null,
            "missingValue": null,
            "startDate": null,
            "endDate": null,
            "noOfDataPresent": null,
            "remarks": null,
            "timeLabel1": "1900-01-01T08:30:00",
            "timeLabel2": null,
            "timeLabel3": null,
            "timeLabel4": null,
            "timeLabel5": null,
            "timeLabel6": null,
            "createdOn": "2024-06-11T18:22:07.755973",
            "createdBy": null,
            "updatedOn": "2024-06-11T18:22:07.755976",
            "updatedBy": null,
            "isActive": false
        },
        {
            "stationId": 1,
            "dataTypeId": 32,
            "timeInterval1": 3,
            "timeIntervalPartA": 2,
            "tsType": null,
            "timeIntervalPartB": null,
            "timeInterval2": null,
            "maximum": null,
            "minimum": null,
            "rateOfRise": null,
            "rateOfFall": null,
            "lowerWarningLevel": null,
            "higherWarningLevel": null,
            "missingValue": null,
            "startDate": null,
            "endDate": null,
            "noOfDataPresent": null,
            "remarks": null,
            "timeLabel1": "1900-01-01T08:30:00",
            "timeLabel2": "1900-01-01T17:30:00",
            "timeLabel3": null,
            "timeLabel4": null,
            "timeLabel5": null,
            "timeLabel6": null,
            "createdOn": "2024-06-11T18:22:07.764114",
            "createdBy": null,
            "updatedOn": "2024-06-11T18:22:07.764117",
            "updatedBy": null,
            "isActive": false
        },
        {
            "stationId": 1,
            "dataTypeId": 25,
            "timeInterval1": 4,
            "timeIntervalPartA": 1,
            "tsType": null,
            "timeIntervalPartB": null,
            "timeInterval2": null,
            "maximum": null,
            "minimum": null,
            "rateOfRise": null,
            "rateOfFall": null,
            "lowerWarningLevel": null,
            "higherWarningLevel": null,
            "missingValue": null,
            "startDate": null,
            "endDate": null,
            "noOfDataPresent": null,
            "remarks": null,
            "timeLabel1": "1900-01-01T08:30:00",
            "timeLabel2": null,
            "timeLabel3": null,
            "timeLabel4": null,
            "timeLabel5": null,
            "timeLabel6": null,
            "createdOn": "2024-06-11T18:22:07.76844",
            "createdBy": null,
            "updatedOn": "2024-06-11T18:22:07.768443",
            "updatedBy": null,
            "isActive": false
        },
        {
            "stationId": 1,
            "dataTypeId": 27,
            "timeInterval1": 3,
            "timeIntervalPartA": 2,
            "tsType": null,
            "timeIntervalPartB": null,
            "timeInterval2": null,
            "maximum": null,
            "minimum": null,
            "rateOfRise": null,
            "rateOfFall": null,
            "lowerWarningLevel": null,
            "higherWarningLevel": null,
            "missingValue": null,
            "startDate": null,
            "endDate": null,
            "noOfDataPresent": null,
            "remarks": null,
            "timeLabel1": "1900-01-01T08:30:00",
            "timeLabel2": "1900-01-01T17:30:00",
            "timeLabel3": null,
            "timeLabel4": null,
            "timeLabel5": null,
            "timeLabel6": null,
            "createdOn": "2024-06-11T18:22:07.773122",
            "createdBy": null,
            "updatedOn": "2024-06-11T18:22:07.773125",
            "updatedBy": null,
            "isActive": false
        },
        {
            "stationId": 1,
            "dataTypeId": 49,
            "timeInterval1": 3,
            "timeIntervalPartA": 2,
            "tsType": null,
            "timeIntervalPartB": null,
            "timeInterval2": null,
            "maximum": null,
            "minimum": null,
            "rateOfRise": null,
            "rateOfFall": null,
            "lowerWarningLevel": null,
            "higherWarningLevel": null,
            "missingValue": null,
            "startDate": null,
            "endDate": null,
            "noOfDataPresent": null,
            "remarks": null,
            "timeLabel1": "1900-01-01T08:30:00",
            "timeLabel2": "1900-01-01T17:30:00",
            "timeLabel3": null,
            "timeLabel4": null,
            "timeLabel5": null,
            "timeLabel6": null,
            "createdOn": "2024-06-11T18:22:07.777099",
            "createdBy": null,
            "updatedOn": "2024-06-11T18:22:07.777102",
            "updatedBy": null,
            "isActive": false
        },
        {
            "stationId": 1,
            "dataTypeId": 34,
            "timeInterval1": 4,
            "timeIntervalPartA": 1,
            "tsType": null,
            "timeIntervalPartB": null,
            "timeInterval2": null,
            "maximum": null,
            "minimum": null,
            "rateOfRise": null,
            "rateOfFall": null,
            "lowerWarningLevel": null,
            "higherWarningLevel": null,
            "missingValue": null,
            "startDate": null,
            "endDate": null,
            "noOfDataPresent": null,
            "remarks": null,
            "timeLabel1": "1900-01-01T05:00:00",
            "timeLabel2": null,
            "timeLabel3": null,
            "timeLabel4": null,
            "timeLabel5": null,
            "timeLabel6": null,
            "createdOn": "2024-06-11T18:22:07.780892",
            "createdBy": null,
            "updatedOn": "2024-06-11T18:22:07.780895",
            "updatedBy": null,
            "isActive": false
        },
        {
            "stationId": 1,
            "dataTypeId": 41,
            "timeInterval1": 4,
            "timeIntervalPartA": 1,
            "tsType": null,
            "timeIntervalPartB": null,
            "timeInterval2": null,
            "maximum": 100.0,
            "minimum": 0.0,
            "rateOfRise": null,
            "rateOfFall": null,
            "lowerWarningLevel": 30.0,
            "higherWarningLevel": 80.0,
            "missingValue": null,
            "startDate": null,
            "endDate": null,
            "noOfDataPresent": null,
            "remarks": null,
            "timeLabel1": "1900-01-01T08:30:00",
            "timeLabel2": null,
            "timeLabel3": null,
            "timeLabel4": null,
            "timeLabel5": null,
            "timeLabel6": null,
            "createdOn": "2024-06-11T18:22:07.784953",
            "createdBy": null,
            "updatedOn": "2024-06-11T18:22:07.784956",
            "updatedBy": null,
            "isActive": true
        },
        {
            "stationId": 1,
            "dataTypeId": 44,
            "timeInterval1": 3,
            "timeIntervalPartA": 2,
            "tsType": null,
            "timeIntervalPartB": null,
            "timeInterval2": null,
            "maximum": null,
            "minimum": null,
            "rateOfRise": null,
            "rateOfFall": null,
            "lowerWarningLevel": null,
            "higherWarningLevel": null,
            "missingValue": null,
            "startDate": null,
            "endDate": null,
            "noOfDataPresent": null,
            "remarks": null,
            "timeLabel1": "1900-01-01T08:30:00",
            "timeLabel2": "1900-01-01T17:30:00",
            "timeLabel3": null,
            "timeLabel4": null,
            "timeLabel5": null,
            "timeLabel6": null,
            "createdOn": "2024-06-11T18:22:07.788458",
            "createdBy": null,
            "updatedOn": "2024-06-11T18:22:07.788462",
            "updatedBy": null,
            "isActive": false
        },
        {
            "stationId": 1,
            "dataTypeId": 15,
            "timeInterval1": 3,
            "timeIntervalPartA": 4,
            "tsType": null,
            "timeIntervalPartB": null,
            "timeInterval2": null,
            "maximum": null,
            "minimum": null,
            "rateOfRise": null,
            "rateOfFall": null,
            "lowerWarningLevel": null,
            "higherWarningLevel": null,
            "missingValue": null,
            "startDate": null,
            "endDate": null,
            "noOfDataPresent": null,
            "remarks": null,
            "timeLabel1": "1900-01-01T09:00:00",
            "timeLabel2": "1900-01-01T12:00:00",
            "timeLabel3": "1900-01-01T15:00:00",
            "timeLabel4": "1900-01-01T18:00:00",
            "timeLabel5": null,
            "timeLabel6": null,
            "createdOn": "2024-06-11T18:22:07.792248",
            "createdBy": null,
            "updatedOn": "2024-06-11T18:22:07.792251",
            "updatedBy": null,
            "isActive": false
        },
        {
            "stationId": 1,
            "dataTypeId": 46,
            "timeInterval1": 3,
            "timeIntervalPartA": 2,
            "tsType": null,
            "timeIntervalPartB": null,
            "timeInterval2": null,
            "maximum": null,
            "minimum": null,
            "rateOfRise": null,
            "rateOfFall": null,
            "lowerWarningLevel": null,
            "higherWarningLevel": null,
            "missingValue": null,
            "startDate": null,
            "endDate": null,
            "noOfDataPresent": null,
            "remarks": null,
            "timeLabel1": "1900-01-01T08:30:00",
            "timeLabel2": "1900-01-01T17:30:00",
            "timeLabel3": null,
            "timeLabel4": null,
            "timeLabel5": null,
            "timeLabel6": null,
            "createdOn": "2024-06-11T18:22:07.797551",
            "createdBy": null,
            "updatedOn": "2024-06-11T18:22:07.797553",
            "updatedBy": null,
            "isActive": false
        },
        {
            "stationId": 1,
            "dataTypeId": 50,
            "timeInterval1": 3,
            "timeIntervalPartA": 2,
            "tsType": null,
            "timeIntervalPartB": null,
            "timeInterval2": null,
            "maximum": null,
            "minimum": null,
            "rateOfRise": null,
            "rateOfFall": null,
            "lowerWarningLevel": null,
            "higherWarningLevel": null,
            "missingValue": null,
            "startDate": null,
            "endDate": null,
            "noOfDataPresent": null,
            "remarks": null,
            "timeLabel1": "1900-01-01T08:30:00",
            "timeLabel2": "1900-01-01T17:30:00",
            "timeLabel3": null,
            "timeLabel4": null,
            "timeLabel5": null,
            "timeLabel6": null,
            "createdOn": "2024-06-11T18:22:07.801311",
            "createdBy": null,
            "updatedOn": "2024-06-11T18:22:07.801314",
            "updatedBy": null,
            "isActive": false
        },
        {
            "stationId": 1,
            "dataTypeId": 55,
            "timeInterval1": 3,
            "timeIntervalPartA": 2,
            "tsType": null,
            "timeIntervalPartB": null,
            "timeInterval2": null,
            "maximum": null,
            "minimum": null,
            "rateOfRise": null,
            "rateOfFall": null,
            "lowerWarningLevel": null,
            "higherWarningLevel": null,
            "missingValue": null,
            "startDate": null,
            "endDate": null,
            "noOfDataPresent": null,
            "remarks": null,
            "timeLabel1": "1900-01-01T08:30:00",
            "timeLabel2": "1900-01-01T17:30:00",
            "timeLabel3": null,
            "timeLabel4": null,
            "timeLabel5": null,
            "timeLabel6": null,
            "createdOn": "2024-06-11T18:22:07.805056",
            "createdBy": null,
            "updatedOn": "2024-06-11T18:22:07.80506",
            "updatedBy": null,
            "isActive": false
        },
        {
            "stationId": 1,
            "dataTypeId": 56,
            "timeInterval1": 3,
            "timeIntervalPartA": 1,
            "tsType": null,
            "timeIntervalPartB": null,
            "timeInterval2": null,
            "maximum": null,
            "minimum": null,
            "rateOfRise": null,
            "rateOfFall": null,
            "lowerWarningLevel": null,
            "higherWarningLevel": null,
            "missingValue": null,
            "startDate": null,
            "endDate": null,
            "noOfDataPresent": null,
            "remarks": null,
            "timeLabel1": "1900-01-01T08:30:00",
            "timeLabel2": null,
            "timeLabel3": null,
            "timeLabel4": null,
            "timeLabel5": null,
            "timeLabel6": null,
            "createdOn": "2024-06-11T18:22:07.80885",
            "createdBy": null,
            "updatedOn": "2024-06-11T18:22:07.808853",
            "updatedBy": null,
            "isActive": false
        },
        {
            "stationId": 1,
            "dataTypeId": 54,
            "timeInterval1": 3,
            "timeIntervalPartA": 2,
            "tsType": null,
            "timeIntervalPartB": null,
            "timeInterval2": null,
            "maximum": null,
            "minimum": null,
            "rateOfRise": null,
            "rateOfFall": null,
            "lowerWarningLevel": null,
            "higherWarningLevel": null,
            "missingValue": null,
            "startDate": null,
            "endDate": null,
            "noOfDataPresent": null,
            "remarks": null,
            "timeLabel1": "1900-01-01T08:30:00",
            "timeLabel2": "1900-01-01T17:30:00",
            "timeLabel3": null,
            "timeLabel4": null,
            "timeLabel5": null,
            "timeLabel6": null,
            "createdOn": "2024-06-11T18:22:07.812441",
            "createdBy": null,
            "updatedOn": "2024-06-11T18:22:07.812444",
            "updatedBy": null,
            "isActive": false
        },
        {
            "stationId": 29,
            "dataTypeId": 15,
            "timeInterval1": 3,
            "timeIntervalPartA": 4,
            "tsType": null,
            "timeIntervalPartB": null,
            "timeInterval2": null,
            "maximum": null,
            "minimum": null,
            "rateOfRise": null,
            "rateOfFall": null,
            "lowerWarningLevel": null,
            "higherWarningLevel": null,
            "missingValue": null,
            "startDate": null,
            "endDate": null,
            "noOfDataPresent": null,
            "remarks": null,
            "timeLabel1": null,
            "timeLabel2": null,
            "timeLabel3": null,
            "timeLabel4": null,
            "timeLabel5": null,
            "timeLabel6": null,
            "createdOn": "2024-06-03T10:06:33.768096",
            "createdBy": null,
            "updatedOn": "2024-06-03T10:35:37.284812",
            "updatedBy": null,
            "isActive": false
        },
        {
            "stationId": 29,
            "dataTypeId": 41,
            "timeInterval1": 4,
            "timeIntervalPartA": 1,
            "tsType": null,
            "timeIntervalPartB": null,
            "timeInterval2": null,
            "maximum": null,
            "minimum": null,
            "rateOfRise": null,
            "rateOfFall": null,
            "lowerWarningLevel": null,
            "higherWarningLevel": null,
            "missingValue": null,
            "startDate": null,
            "endDate": null,
            "noOfDataPresent": null,
            "remarks": null,
            "timeLabel1": null,
            "timeLabel2": null,
            "timeLabel3": null,
            "timeLabel4": null,
            "timeLabel5": null,
            "timeLabel6": null,
            "createdOn": "2024-06-03T10:06:33.772178",
            "createdBy": null,
            "updatedOn": "2024-06-03T10:35:37.288751",
            "updatedBy": null,
            "isActive": false
        },
        {
            "stationId": 29,
            "dataTypeId": 8,
            "timeInterval1": 3,
            "timeIntervalPartA": 1,
            "tsType": null,
            "timeIntervalPartB": null,
            "timeInterval2": null,
            "maximum": null,
            "minimum": null,
            "rateOfRise": null,
            "rateOfFall": null,
            "lowerWarningLevel": null,
            "higherWarningLevel": null,
            "missingValue": null,
            "startDate": null,
            "endDate": null,
            "noOfDataPresent": null,
            "remarks": null,
            "timeLabel1": null,
            "timeLabel2": null,
            "timeLabel3": null,
            "timeLabel4": null,
            "timeLabel5": null,
            "timeLabel6": null,
            "createdOn": "2024-06-03T10:06:33.775819",
            "createdBy": null,
            "updatedOn": "2024-06-03T10:35:37.293117",
            "updatedBy": null,
            "isActive": false
        },
        {
            "stationId": 29,
            "dataTypeId": 25,
            "timeInterval1": 4,
            "timeIntervalPartA": 1,
            "tsType": null,
            "timeIntervalPartB": null,
            "timeInterval2": null,
            "maximum": null,
            "minimum": null,
            "rateOfRise": null,
            "rateOfFall": null,
            "lowerWarningLevel": null,
            "higherWarningLevel": null,
            "missingValue": null,
            "startDate": null,
            "endDate": null,
            "noOfDataPresent": null,
            "remarks": null,
            "timeLabel1": null,
            "timeLabel2": null,
            "timeLabel3": null,
            "timeLabel4": null,
            "timeLabel5": null,
            "timeLabel6": null,
            "createdOn": "2024-06-03T10:06:33.779518",
            "createdBy": null,
            "updatedOn": "2024-06-03T10:35:37.296793",
            "updatedBy": null,
            "isActive": false
        },
        {
            "stationId": 2,
            "dataTypeId": 22,
            "timeInterval1": 3,
            "timeIntervalPartA": 2,
            "tsType": "1",
            "timeIntervalPartB": "C",
            "timeInterval2": null,
            "maximum": 100.0,
            "minimum": 10.0,
            "rateOfRise": null,
            "rateOfFall": null,
            "lowerWarningLevel": 20.0,
            "higherWarningLevel": 80.0,
            "missingValue": 0,
            "startDate": null,
            "endDate": null,
            "noOfDataPresent": 0,
            "remarks": null,
            "timeLabel1": "1900-01-01T08:30:00",
            "timeLabel2": "1900-01-01T17:30:00",
            "timeLabel3": null,
            "timeLabel4": null,
            "timeLabel5": null,
            "timeLabel6": null,
            "createdOn": null,
            "createdBy": null,
            "updatedOn": "2024-06-11T10:49:22.9803",
            "updatedBy": null,
            "isActive": true
        },
        {
            "stationId": 2,
            "dataTypeId": 42,
            "timeInterval1": 3,
            "timeIntervalPartA": 2,
            "tsType": "1",
            "timeIntervalPartB": "C",
            "timeInterval2": null,
            "maximum": 200.0,
            "minimum": 10.0,
            "rateOfRise": null,
            "rateOfFall": null,
            "lowerWarningLevel": 30.0,
            "higherWarningLevel": 160.0,
            "missingValue": 0,
            "startDate": null,
            "endDate": null,
            "noOfDataPresent": 0,
            "remarks": null,
            "timeLabel1": "1900-01-01T08:30:00",
            "timeLabel2": "1900-01-01T17:30:00",
            "timeLabel3": null,
            "timeLabel4": null,
            "timeLabel5": null,
            "timeLabel6": null,
            "createdOn": null,
            "createdBy": null,
            "updatedOn": "2024-06-11T10:49:22.984338",
            "updatedBy": null,
            "isActive": true
        },
        {
            "stationId": 2,
            "dataTypeId": 15,
            "timeInterval1": 3,
            "timeIntervalPartA": 4,
            "tsType": null,
            "timeIntervalPartB": null,
            "timeInterval2": null,
            "maximum": 200.0,
            "minimum": 100.0,
            "rateOfRise": null,
            "rateOfFall": null,
            "lowerWarningLevel": 150.0,
            "higherWarningLevel": 180.0,
            "missingValue": null,
            "startDate": null,
            "endDate": null,
            "noOfDataPresent": null,
            "remarks": null,
            "timeLabel1": "1900-01-01T09:00:00",
            "timeLabel2": "1900-01-01T12:00:00",
            "timeLabel3": "1900-01-01T15:00:00",
            "timeLabel4": "1900-01-01T18:00:00",
            "timeLabel5": null,
            "timeLabel6": null,
            "createdOn": "2024-06-01T11:07:16.201669",
            "createdBy": null,
            "updatedOn": "2024-06-11T10:49:22.988",
            "updatedBy": null,
            "isActive": true
        },
        {
            "stationId": 2,
            "dataTypeId": 49,
            "timeInterval1": 3,
            "timeIntervalPartA": 2,
            "tsType": null,
            "timeIntervalPartB": null,
            "timeInterval2": null,
            "maximum": 200.0,
            "minimum": 10.0,
            "rateOfRise": null,
            "rateOfFall": null,
            "lowerWarningLevel": 50.0,
            "higherWarningLevel": 180.0,
            "missingValue": null,
            "startDate": null,
            "endDate": null,
            "noOfDataPresent": null,
            "remarks": null,
            "timeLabel1": "1900-01-01T08:30:00",
            "timeLabel2": "1900-01-01T17:30:00",
            "timeLabel3": null,
            "timeLabel4": null,
            "timeLabel5": null,
            "timeLabel6": null,
            "createdOn": "2024-06-01T11:07:16.204174",
            "createdBy": null,
            "updatedOn": "2024-06-11T10:49:22.991601",
            "updatedBy": null,
            "isActive": true
        },
        {
            "stationId": 2,
            "dataTypeId": 41,
            "timeInterval1": 4,
            "timeIntervalPartA": 1,
            "tsType": null,
            "timeIntervalPartB": null,
            "timeInterval2": null,
            "maximum": 40.0,
            "minimum": 20.0,
            "rateOfRise": null,
            "rateOfFall": null,
            "lowerWarningLevel": 30.0,
            "higherWarningLevel": 30.0,
            "missingValue": null,
            "startDate": null,
            "endDate": null,
            "noOfDataPresent": null,
            "remarks": null,
            "timeLabel1": "1900-01-01T08:30:00",
            "timeLabel2": null,
            "timeLabel3": null,
            "timeLabel4": null,
            "timeLabel5": null,
            "timeLabel6": null,
            "createdOn": "2024-06-01T11:07:16.206886",
            "createdBy": null,
            "updatedOn": "2024-06-11T10:49:22.995107",
            "updatedBy": null,
            "isActive": true
        },
        {
            "stationId": 2,
            "dataTypeId": 55,
            "timeInterval1": 3,
            "timeIntervalPartA": 2,
            "tsType": null,
            "timeIntervalPartB": null,
            "timeInterval2": null,
            "maximum": 100.0,
            "minimum": 10.0,
            "rateOfRise": null,
            "rateOfFall": null,
            "lowerWarningLevel": 5.0,
            "higherWarningLevel": 80.0,
            "missingValue": null,
            "startDate": null,
            "endDate": null,
            "noOfDataPresent": null,
            "remarks": null,
            "timeLabel1": "1900-01-01T08:30:00",
            "timeLabel2": "1900-01-01T17:30:00",
            "timeLabel3": null,
            "timeLabel4": null,
            "timeLabel5": null,
            "timeLabel6": null,
            "createdOn": "2024-06-01T11:07:16.20957",
            "createdBy": null,
            "updatedOn": "2024-06-11T10:49:22.999393",
            "updatedBy": null,
            "isActive": true
        },
        {
            "stationId": 2,
            "dataTypeId": 8,
            "timeInterval1": 3,
            "timeIntervalPartA": 1,
            "tsType": null,
            "timeIntervalPartB": null,
            "timeInterval2": null,
            "maximum": 100.0,
            "minimum": 50.0,
            "rateOfRise": null,
            "rateOfFall": null,
            "lowerWarningLevel": 60.0,
            "higherWarningLevel": 80.0,
            "missingValue": null,
            "startDate": null,
            "endDate": null,
            "noOfDataPresent": null,
            "remarks": null,
            "timeLabel1": "1900-01-01T09:00:00",
            "timeLabel2": null,
            "timeLabel3": null,
            "timeLabel4": null,
            "timeLabel5": null,
            "timeLabel6": null,
            "createdOn": "2024-06-01T11:07:16.212399",
            "createdBy": null,
            "updatedOn": "2024-06-11T10:49:23.003154",
            "updatedBy": null,
            "isActive": true
        },
        {
            "stationId": 2,
            "dataTypeId": 25,
            "timeInterval1": 4,
            "timeIntervalPartA": 1,
            "tsType": null,
            "timeIntervalPartB": null,
            "timeInterval2": null,
            "maximum": 100.0,
            "minimum": 20.0,
            "rateOfRise": null,
            "rateOfFall": null,
            "lowerWarningLevel": 30.0,
            "higherWarningLevel": 90.0,
            "missingValue": null,
            "startDate": null,
            "endDate": null,
            "noOfDataPresent": null,
            "remarks": null,
            "timeLabel1": "1900-01-01T08:30:00",
            "timeLabel2": null,
            "timeLabel3": null,
            "timeLabel4": null,
            "timeLabel5": null,
            "timeLabel6": null,
            "createdOn": "2024-06-01T11:07:16.215416",
            "createdBy": null,
            "updatedOn": "2024-06-11T10:49:23.007227",
            "updatedBy": null,
            "isActive": true
        },
        {
            "stationId": 2,
            "dataTypeId": 32,
            "timeInterval1": 3,
            "timeIntervalPartA": 1,
            "tsType": "1",
            "timeIntervalPartB": null,
            "timeInterval2": null,
            "maximum": 200.0,
            "minimum": 20.0,
            "rateOfRise": null,
            "rateOfFall": null,
            "lowerWarningLevel": 30.0,
            "higherWarningLevel": 180.0,
            "missingValue": 0,
            "startDate": null,
            "endDate": null,
            "noOfDataPresent": 0,
            "remarks": null,
            "timeLabel1": "1900-01-01T08:30:00",
            "timeLabel2": null,
            "timeLabel3": null,
            "timeLabel4": null,
            "timeLabel5": null,
            "timeLabel6": null,
            "createdOn": null,
            "createdBy": null,
            "updatedOn": "2024-06-11T10:49:23.010544",
            "updatedBy": null,
            "isActive": true
        },
        {
            "stationId": 45,
            "dataTypeId": 43,
            "timeInterval1": 3,
            "timeIntervalPartA": 1,
            "tsType": "1",
            "timeIntervalPartB": null,
            "timeInterval2": null,
            "maximum": null,
            "minimum": null,
            "rateOfRise": null,
            "rateOfFall": null,
            "lowerWarningLevel": null,
            "higherWarningLevel": null,
            "missingValue": 0,
            "startDate": null,
            "endDate": null,
            "noOfDataPresent": 0,
            "remarks": null,
            "timeLabel1": "1900-01-01T08:30:00",
            "timeLabel2": null,
            "timeLabel3": null,
            "timeLabel4": null,
            "timeLabel5": null,
            "timeLabel6": null,
            "createdOn": null,
            "createdBy": null,
            "updatedOn": "2024-06-11T14:37:34.960929",
            "updatedBy": null,
            "isActive": true
        },
        {
            "stationId": 45,
            "dataTypeId": 28,
            "timeInterval1": 4,
            "timeIntervalPartA": 1,
            "tsType": "1",
            "timeIntervalPartB": null,
            "timeInterval2": null,
            "maximum": 100.0,
            "minimum": 0.0,
            "rateOfRise": null,
            "rateOfFall": null,
            "lowerWarningLevel": 10.0,
            "higherWarningLevel": 90.0,
            "missingValue": 0,
            "startDate": null,
            "endDate": null,
            "noOfDataPresent": 0,
            "remarks": null,
            "timeLabel1": "1900-01-01T08:30:00",
            "timeLabel2": null,
            "timeLabel3": null,
            "timeLabel4": null,
            "timeLabel5": null,
            "timeLabel6": null,
            "createdOn": null,
            "createdBy": null,
            "updatedOn": "2024-06-11T14:37:34.965107",
            "updatedBy": null,
            "isActive": true
        },
        {
            "stationId": 45,
            "dataTypeId": 32,
            "timeInterval1": 3,
            "timeIntervalPartA": 1,
            "tsType": "1",
            "timeIntervalPartB": null,
            "timeInterval2": null,
            "maximum": 100.0,
            "minimum": 0.0,
            "rateOfRise": null,
            "rateOfFall": null,
            "lowerWarningLevel": 10.0,
            "higherWarningLevel": 85.0,
            "missingValue": 0,
            "startDate": null,
            "endDate": null,
            "noOfDataPresent": 0,
            "remarks": null,
            "timeLabel1": "1900-01-01T08:30:00",
            "timeLabel2": null,
            "timeLabel3": null,
            "timeLabel4": null,
            "timeLabel5": null,
            "timeLabel6": null,
            "createdOn": null,
            "createdBy": null,
            "updatedOn": "2024-06-11T14:37:34.968998",
            "updatedBy": null,
            "isActive": true
        },
        {
            "stationId": 45,
            "dataTypeId": 25,
            "timeInterval1": 4,
            "timeIntervalPartA": 1,
            "tsType": "1",
            "timeIntervalPartB": null,
            "timeInterval2": null,
            "maximum": null,
            "minimum": null,
            "rateOfRise": null,
            "rateOfFall": null,
            "lowerWarningLevel": null,
            "higherWarningLevel": null,
            "missingValue": 0,
            "startDate": null,
            "endDate": null,
            "noOfDataPresent": 0,
            "remarks": null,
            "timeLabel1": "1900-01-01T08:30:00",
            "timeLabel2": null,
            "timeLabel3": null,
            "timeLabel4": null,
            "timeLabel5": null,
            "timeLabel6": null,
            "createdOn": null,
            "createdBy": null,
            "updatedOn": "2024-06-11T14:37:34.973757",
            "updatedBy": null,
            "isActive": true
        },
        {
            "stationId": 45,
            "dataTypeId": 27,
            "timeInterval1": 3,
            "timeIntervalPartA": 2,
            "tsType": "1",
            "timeIntervalPartB": "C",
            "timeInterval2": null,
            "maximum": null,
            "minimum": null,
            "rateOfRise": null,
            "rateOfFall": null,
            "lowerWarningLevel": null,
            "higherWarningLevel": null,
            "missingValue": 0,
            "startDate": null,
            "endDate": null,
            "noOfDataPresent": 0,
            "remarks": null,
            "timeLabel1": "1900-01-01T08:30:00",
            "timeLabel2": "1900-01-01T17:30:00",
            "timeLabel3": null,
            "timeLabel4": null,
            "timeLabel5": null,
            "timeLabel6": null,
            "createdOn": null,
            "createdBy": null,
            "updatedOn": "2024-06-11T14:37:34.978264",
            "updatedBy": null,
            "isActive": true
        },
        {
            "stationId": 45,
            "dataTypeId": 41,
            "timeInterval1": 4,
            "timeIntervalPartA": 1,
            "tsType": "1",
            "timeIntervalPartB": null,
            "timeInterval2": null,
            "maximum": 100.0,
            "minimum": 0.0,
            "rateOfRise": null,
            "rateOfFall": null,
            "lowerWarningLevel": 70.0,
            "higherWarningLevel": 90.0,
            "missingValue": 0,
            "startDate": null,
            "endDate": null,
            "noOfDataPresent": 0,
            "remarks": null,
            "timeLabel1": "1900-01-01T08:30:00",
            "timeLabel2": null,
            "timeLabel3": null,
            "timeLabel4": null,
            "timeLabel5": null,
            "timeLabel6": null,
            "createdOn": null,
            "createdBy": null,
            "updatedOn": "2024-06-11T14:37:34.981764",
            "updatedBy": null,
            "isActive": true
        },
        {
            "stationId": 45,
            "dataTypeId": 44,
            "timeInterval1": 3,
            "timeIntervalPartA": 2,
            "tsType": "1",
            "timeIntervalPartB": "C",
            "timeInterval2": null,
            "maximum": null,
            "minimum": null,
            "rateOfRise": null,
            "rateOfFall": null,
            "lowerWarningLevel": null,
            "higherWarningLevel": null,
            "missingValue": 0,
            "startDate": null,
            "endDate": null,
            "noOfDataPresent": 0,
            "remarks": null,
            "timeLabel1": "1900-01-01T08:30:00",
            "timeLabel2": "1900-01-01T17:30:00",
            "timeLabel3": null,
            "timeLabel4": null,
            "timeLabel5": null,
            "timeLabel6": null,
            "createdOn": null,
            "createdBy": null,
            "updatedOn": "2024-06-11T14:37:34.985438",
            "updatedBy": null,
            "isActive": true
        },
        {
            "stationId": 45,
            "dataTypeId": 46,
            "timeInterval1": 3,
            "timeIntervalPartA": 2,
            "tsType": "1",
            "timeIntervalPartB": "C",
            "timeInterval2": null,
            "maximum": null,
            "minimum": null,
            "rateOfRise": null,
            "rateOfFall": null,
            "lowerWarningLevel": null,
            "higherWarningLevel": null,
            "missingValue": 0,
            "startDate": null,
            "endDate": null,
            "noOfDataPresent": 0,
            "remarks": null,
            "timeLabel1": "1900-01-01T08:30:00",
            "timeLabel2": "1900-01-01T17:30:00",
            "timeLabel3": null,
            "timeLabel4": null,
            "timeLabel5": null,
            "timeLabel6": null,
            "createdOn": null,
            "createdBy": null,
            "updatedOn": "2024-06-11T14:37:34.989136",
            "updatedBy": null,
            "isActive": true
        },
        {
            "stationId": 165,
            "dataTypeId": 32,
            "timeInterval1": 3,
            "timeIntervalPartA": 1,
            "tsType": null,
            "timeIntervalPartB": null,
            "timeInterval2": null,
            "maximum": 210.0,
            "minimum": 0.0,
            "rateOfRise": null,
            "rateOfFall": null,
            "lowerWarningLevel": 50.0,
            "higherWarningLevel": 180.0,
            "missingValue": null,
            "startDate": null,
            "endDate": null,
            "noOfDataPresent": null,
            "remarks": null,
            "timeLabel1": "1900-01-01T08:30:00",
            "timeLabel2": null,
            "timeLabel3": null,
            "timeLabel4": null,
            "timeLabel5": null,
            "timeLabel6": null,
            "createdOn": "2024-06-15T15:54:11.91373",
            "createdBy": null,
            "updatedOn": "2024-06-15T17:46:41.90377",
            "updatedBy": null,
            "isActive": true
        },
        {
            "stationId": 165,
            "dataTypeId": 50,
            "timeInterval1": 3,
            "timeIntervalPartA": 2,
            "tsType": null,
            "timeIntervalPartB": null,
            "timeInterval2": null,
            "maximum": 200.0,
            "minimum": 0.0,
            "rateOfRise": null,
            "rateOfFall": null,
            "lowerWarningLevel": 20.0,
            "higherWarningLevel": 100.0,
            "missingValue": null,
            "startDate": null,
            "endDate": null,
            "noOfDataPresent": null,
            "remarks": null,
            "timeLabel1": "1900-01-01T08:30:00",
            "timeLabel2": "1900-01-01T17:30:00",
            "timeLabel3": null,
            "timeLabel4": null,
            "timeLabel5": null,
            "timeLabel6": null,
            "createdOn": "2024-06-15T15:54:11.960652",
            "createdBy": null,
            "updatedOn": "2024-06-15T17:46:41.954401",
            "updatedBy": null,
            "isActive": false
        },
        {
            "stationId": 166,
            "dataTypeId": 20,
            "timeInterval1": 4,
            "timeIntervalPartA": 1,
            "tsType": null,
            "timeIntervalPartB": null,
            "timeInterval2": null,
            "maximum": 200.0,
            "minimum": 0.0,
            "rateOfRise": null,
            "rateOfFall": null,
            "lowerWarningLevel": 20.0,
            "higherWarningLevel": 180.0,
            "missingValue": null,
            "startDate": null,
            "endDate": null,
            "noOfDataPresent": null,
            "remarks": null,
            "timeLabel1": "1900-01-01T08:30:00",
            "timeLabel2": null,
            "timeLabel3": null,
            "timeLabel4": null,
            "timeLabel5": null,
            "timeLabel6": null,
            "createdOn": "2024-06-15T17:39:38.890098",
            "createdBy": null,
            "updatedOn": "2024-06-17T10:03:35.079339",
            "updatedBy": null,
            "isActive": false
        },
        {
            "stationId": 166,
            "dataTypeId": 42,
            "timeInterval1": 3,
            "timeIntervalPartA": 2,
            "tsType": null,
            "timeIntervalPartB": null,
            "timeInterval2": null,
            "maximum": 100.0,
            "minimum": 0.0,
            "rateOfRise": null,
            "rateOfFall": null,
            "lowerWarningLevel": 30.0,
            "higherWarningLevel": 90.0,
            "missingValue": null,
            "startDate": null,
            "endDate": null,
            "noOfDataPresent": null,
            "remarks": null,
            "timeLabel1": "1900-01-01T08:30:00",
            "timeLabel2": "1900-01-01T17:30:00",
            "timeLabel3": null,
            "timeLabel4": null,
            "timeLabel5": null,
            "timeLabel6": null,
            "createdOn": "2024-06-15T17:39:38.902361",
            "createdBy": null,
            "updatedOn": "2024-06-17T10:03:35.087057",
            "updatedBy": null,
            "isActive": false
        },
        {
            "stationId": 166,
            "dataTypeId": 47,
            "timeInterval1": 3,
            "timeIntervalPartA": 1,
            "tsType": null,
            "timeIntervalPartB": null,
            "timeInterval2": null,
            "maximum": 60.0,
            "minimum": 0.0,
            "rateOfRise": null,
            "rateOfFall": null,
            "lowerWarningLevel": 20.0,
            "higherWarningLevel": 50.0,
            "missingValue": null,
            "startDate": null,
            "endDate": null,
            "noOfDataPresent": null,
            "remarks": null,
            "timeLabel1": "1900-01-01T08:30:00",
            "timeLabel2": null,
            "timeLabel3": null,
            "timeLabel4": null,
            "timeLabel5": null,
            "timeLabel6": null,
            "createdOn": "2024-06-15T17:39:38.908528",
            "createdBy": null,
            "updatedOn": "2024-06-17T10:03:35.091889",
            "updatedBy": null,
            "isActive": false
        },
        {
            "stationId": 45,
            "dataTypeId": 56,
            "timeInterval1": 3,
            "timeIntervalPartA": 1,
            "tsType": "1",
            "timeIntervalPartB": null,
            "timeInterval2": null,
            "maximum": null,
            "minimum": null,
            "rateOfRise": null,
            "rateOfFall": null,
            "lowerWarningLevel": null,
            "higherWarningLevel": null,
            "missingValue": 0,
            "startDate": null,
            "endDate": null,
            "noOfDataPresent": 0,
            "remarks": null,
            "timeLabel1": "1900-01-01T08:30:00",
            "timeLabel2": null,
            "timeLabel3": null,
            "timeLabel4": null,
            "timeLabel5": null,
            "timeLabel6": null,
            "createdOn": null,
            "createdBy": null,
            "updatedOn": "2024-06-11T14:37:34.993229",
            "updatedBy": null,
            "isActive": true
        },
        {
            "stationId": 166,
            "dataTypeId": 43,
            "timeInterval1": 3,
            "timeIntervalPartA": 1,
            "tsType": null,
            "timeIntervalPartB": null,
            "timeInterval2": null,
            "maximum": 100.0,
            "minimum": 0.0,
            "rateOfRise": null,
            "rateOfFall": null,
            "lowerWarningLevel": 20.0,
            "higherWarningLevel": 53.0,
            "missingValue": null,
            "startDate": null,
            "endDate": null,
            "noOfDataPresent": null,
            "remarks": null,
            "timeLabel1": "1900-01-01T08:30:00",
            "timeLabel2": null,
            "timeLabel3": null,
            "timeLabel4": null,
            "timeLabel5": null,
            "timeLabel6": null,
            "createdOn": "2024-06-15T17:39:38.915564",
            "createdBy": null,
            "updatedOn": "2024-06-17T10:03:35.096465",
            "updatedBy": null,
            "isActive": false
        },
        {
            "stationId": 45,
            "dataTypeId": 54,
            "timeInterval1": 3,
            "timeIntervalPartA": 2,
            "tsType": "1",
            "timeIntervalPartB": "C",
            "timeInterval2": null,
            "maximum": null,
            "minimum": null,
            "rateOfRise": null,
            "rateOfFall": null,
            "lowerWarningLevel": null,
            "higherWarningLevel": null,
            "missingValue": 0,
            "startDate": null,
            "endDate": null,
            "noOfDataPresent": 0,
            "remarks": null,
            "timeLabel1": "1900-01-01T08:30:00",
            "timeLabel2": "1900-01-01T17:30:00",
            "timeLabel3": null,
            "timeLabel4": null,
            "timeLabel5": null,
            "timeLabel6": null,
            "createdOn": null,
            "createdBy": null,
            "updatedOn": "2024-06-11T14:37:34.996934",
            "updatedBy": null,
            "isActive": true
        },
        {
            "stationId": 166,
            "dataTypeId": 8,
            "timeInterval1": 3,
            "timeIntervalPartA": 1,
            "tsType": null,
            "timeIntervalPartB": null,
            "timeInterval2": null,
            "maximum": 100.0,
            "minimum": 0.0,
            "rateOfRise": null,
            "rateOfFall": null,
            "lowerWarningLevel": 60.0,
            "higherWarningLevel": 80.0,
            "missingValue": null,
            "startDate": null,
            "endDate": null,
            "noOfDataPresent": null,
            "remarks": null,
            "timeLabel1": "1900-01-01T09:00:00",
            "timeLabel2": null,
            "timeLabel3": null,
            "timeLabel4": null,
            "timeLabel5": null,
            "timeLabel6": null,
            "createdOn": "2024-06-15T17:39:38.922234",
            "createdBy": null,
            "updatedOn": "2024-06-17T10:03:35.101229",
            "updatedBy": null,
            "isActive": false
        },
        {
            "stationId": 166,
            "dataTypeId": 22,
            "timeInterval1": 3,
            "timeIntervalPartA": 2,
            "tsType": null,
            "timeIntervalPartB": null,
            "timeInterval2": null,
            "maximum": 100.0,
            "minimum": 0.0,
            "rateOfRise": null,
            "rateOfFall": null,
            "lowerWarningLevel": 20.0,
            "higherWarningLevel": 80.0,
            "missingValue": null,
            "startDate": null,
            "endDate": null,
            "noOfDataPresent": null,
            "remarks": null,
            "timeLabel1": "1900-01-01T08:30:00",
            "timeLabel2": "1900-01-01T17:30:00",
            "timeLabel3": null,
            "timeLabel4": null,
            "timeLabel5": null,
            "timeLabel6": null,
            "createdOn": "2024-06-15T17:39:38.928494",
            "createdBy": null,
            "updatedOn": "2024-06-17T10:03:35.107228",
            "updatedBy": null,
            "isActive": false
        },
        {
            "stationId": 166,
            "dataTypeId": 28,
            "timeInterval1": 4,
            "timeIntervalPartA": 1,
            "tsType": null,
            "timeIntervalPartB": null,
            "timeInterval2": null,
            "maximum": 100.0,
            "minimum": 0.0,
            "rateOfRise": null,
            "rateOfFall": null,
            "lowerWarningLevel": 20.0,
            "higherWarningLevel": 90.0,
            "missingValue": null,
            "startDate": null,
            "endDate": null,
            "noOfDataPresent": null,
            "remarks": null,
            "timeLabel1": "1900-01-01T08:30:00",
            "timeLabel2": null,
            "timeLabel3": null,
            "timeLabel4": null,
            "timeLabel5": null,
            "timeLabel6": null,
            "createdOn": "2024-06-15T17:39:38.934265",
            "createdBy": null,
            "updatedOn": "2024-06-17T10:03:35.113032",
            "updatedBy": null,
            "isActive": true
        },
        {
            "stationId": 166,
            "dataTypeId": 32,
            "timeInterval1": 3,
            "timeIntervalPartA": 1,
            "tsType": null,
            "timeIntervalPartB": null,
            "timeInterval2": null,
            "maximum": 210.0,
            "minimum": 0.0,
            "rateOfRise": null,
            "rateOfFall": null,
            "lowerWarningLevel": 50.0,
            "higherWarningLevel": 180.0,
            "missingValue": null,
            "startDate": null,
            "endDate": null,
            "noOfDataPresent": null,
            "remarks": null,
            "timeLabel1": "1900-01-01T08:30:00",
            "timeLabel2": null,
            "timeLabel3": null,
            "timeLabel4": null,
            "timeLabel5": null,
            "timeLabel6": null,
            "createdOn": "2024-06-15T17:39:38.941215",
            "createdBy": null,
            "updatedOn": "2024-06-17T10:03:35.117781",
            "updatedBy": null,
            "isActive": true
        },
        {
            "stationId": 166,
            "dataTypeId": 32,
            "timeInterval1": 3,
            "timeIntervalPartA": 2,
            "tsType": null,
            "timeIntervalPartB": null,
            "timeInterval2": null,
            "maximum": 100.0,
            "minimum": 0.0,
            "rateOfRise": null,
            "rateOfFall": null,
            "lowerWarningLevel": 30.0,
            "higherWarningLevel": 80.0,
            "missingValue": null,
            "startDate": null,
            "endDate": null,
            "noOfDataPresent": null,
            "remarks": null,
            "timeLabel1": "1900-01-01T08:30:00",
            "timeLabel2": "1900-01-01T17:30:00",
            "timeLabel3": null,
            "timeLabel4": null,
            "timeLabel5": null,
            "timeLabel6": null,
            "createdOn": "2024-06-15T17:39:38.946986",
            "createdBy": null,
            "updatedOn": "2024-06-17T10:03:35.122421",
            "updatedBy": null,
            "isActive": true
        },
        {
            "stationId": 166,
            "dataTypeId": 25,
            "timeInterval1": 4,
            "timeIntervalPartA": 1,
            "tsType": null,
            "timeIntervalPartB": null,
            "timeInterval2": null,
            "maximum": 100.0,
            "minimum": 0.0,
            "rateOfRise": null,
            "rateOfFall": null,
            "lowerWarningLevel": 30.0,
            "higherWarningLevel": 90.0,
            "missingValue": null,
            "startDate": null,
            "endDate": null,
            "noOfDataPresent": null,
            "remarks": null,
            "timeLabel1": "1900-01-01T08:30:00",
            "timeLabel2": null,
            "timeLabel3": null,
            "timeLabel4": null,
            "timeLabel5": null,
            "timeLabel6": null,
            "createdOn": "2024-06-15T17:39:38.95303",
            "createdBy": null,
            "updatedOn": "2024-06-17T10:03:35.127067",
            "updatedBy": null,
            "isActive": false
        },
        {
            "stationId": 166,
            "dataTypeId": 27,
            "timeInterval1": 3,
            "timeIntervalPartA": 2,
            "tsType": null,
            "timeIntervalPartB": null,
            "timeInterval2": null,
            "maximum": 500.0,
            "minimum": 0.0,
            "rateOfRise": null,
            "rateOfFall": null,
            "lowerWarningLevel": 50.0,
            "higherWarningLevel": 400.0,
            "missingValue": null,
            "startDate": null,
            "endDate": null,
            "noOfDataPresent": null,
            "remarks": null,
            "timeLabel1": "1900-01-01T08:30:00",
            "timeLabel2": "1900-01-01T17:30:00",
            "timeLabel3": null,
            "timeLabel4": null,
            "timeLabel5": null,
            "timeLabel6": null,
            "createdOn": "2024-06-15T17:39:38.958702",
            "createdBy": null,
            "updatedOn": "2024-06-17T10:03:35.135239",
            "updatedBy": null,
            "isActive": false
        },
        {
            "stationId": 166,
            "dataTypeId": 49,
            "timeInterval1": 3,
            "timeIntervalPartA": 2,
            "tsType": null,
            "timeIntervalPartB": null,
            "timeInterval2": null,
            "maximum": 200.0,
            "minimum": 0.0,
            "rateOfRise": null,
            "rateOfFall": null,
            "lowerWarningLevel": 50.0,
            "higherWarningLevel": 180.0,
            "missingValue": null,
            "startDate": null,
            "endDate": null,
            "noOfDataPresent": null,
            "remarks": null,
            "timeLabel1": "1900-01-01T08:30:00",
            "timeLabel2": "1900-01-01T17:30:00",
            "timeLabel3": null,
            "timeLabel4": null,
            "timeLabel5": null,
            "timeLabel6": null,
            "createdOn": "2024-06-15T17:39:38.964299",
            "createdBy": null,
            "updatedOn": "2024-06-17T10:03:35.139871",
            "updatedBy": null,
            "isActive": false
        },
        {
            "stationId": 166,
            "dataTypeId": 34,
            "timeInterval1": 4,
            "timeIntervalPartA": 1,
            "tsType": null,
            "timeIntervalPartB": null,
            "timeInterval2": null,
            "maximum": 200.0,
            "minimum": 0.0,
            "rateOfRise": null,
            "rateOfFall": null,
            "lowerWarningLevel": 120.0,
            "higherWarningLevel": 180.0,
            "missingValue": null,
            "startDate": null,
            "endDate": null,
            "noOfDataPresent": null,
            "remarks": null,
            "timeLabel1": "1900-01-01T05:00:00",
            "timeLabel2": null,
            "timeLabel3": null,
            "timeLabel4": null,
            "timeLabel5": null,
            "timeLabel6": null,
            "createdOn": "2024-06-15T17:39:38.969653",
            "createdBy": null,
            "updatedOn": "2024-06-17T10:03:35.144378",
            "updatedBy": null,
            "isActive": false
        },
        {
            "stationId": 166,
            "dataTypeId": 41,
            "timeInterval1": 4,
            "timeIntervalPartA": 1,
            "tsType": null,
            "timeIntervalPartB": null,
            "timeInterval2": null,
            "maximum": 150.0,
            "minimum": 0.0,
            "rateOfRise": null,
            "rateOfFall": null,
            "lowerWarningLevel": 100.0,
            "higherWarningLevel": 120.0,
            "missingValue": null,
            "startDate": null,
            "endDate": null,
            "noOfDataPresent": null,
            "remarks": null,
            "timeLabel1": "1900-01-01T08:30:00",
            "timeLabel2": null,
            "timeLabel3": null,
            "timeLabel4": null,
            "timeLabel5": null,
            "timeLabel6": null,
            "createdOn": "2024-06-15T17:39:38.975452",
            "createdBy": null,
            "updatedOn": "2024-06-17T10:03:35.148905",
            "updatedBy": null,
            "isActive": false
        },
        {
            "stationId": 166,
            "dataTypeId": 44,
            "timeInterval1": 3,
            "timeIntervalPartA": 2,
            "tsType": null,
            "timeIntervalPartB": null,
            "timeInterval2": null,
            "maximum": 40.0,
            "minimum": 0.0,
            "rateOfRise": null,
            "rateOfFall": null,
            "lowerWarningLevel": 5.0,
            "higherWarningLevel": 30.0,
            "missingValue": null,
            "startDate": null,
            "endDate": null,
            "noOfDataPresent": null,
            "remarks": null,
            "timeLabel1": "1900-01-01T08:30:00",
            "timeLabel2": "1900-01-01T17:30:00",
            "timeLabel3": null,
            "timeLabel4": null,
            "timeLabel5": null,
            "timeLabel6": null,
            "createdOn": "2024-06-15T17:39:38.980787",
            "createdBy": null,
            "updatedOn": "2024-06-17T10:03:35.153183",
            "updatedBy": null,
            "isActive": false
        },
        {
            "stationId": 166,
            "dataTypeId": 15,
            "timeInterval1": 3,
            "timeIntervalPartA": 4,
            "tsType": null,
            "timeIntervalPartB": null,
            "timeInterval2": null,
            "maximum": 200.0,
            "minimum": 0.0,
            "rateOfRise": null,
            "rateOfFall": null,
            "lowerWarningLevel": 150.0,
            "higherWarningLevel": 180.0,
            "missingValue": null,
            "startDate": null,
            "endDate": null,
            "noOfDataPresent": null,
            "remarks": null,
            "timeLabel1": "1900-01-01T09:00:00",
            "timeLabel2": "1900-01-01T12:00:00",
            "timeLabel3": "1900-01-01T15:00:00",
            "timeLabel4": "1900-01-01T18:00:00",
            "timeLabel5": null,
            "timeLabel6": null,
            "createdOn": "2024-06-15T17:39:38.986739",
            "createdBy": null,
            "updatedOn": "2024-06-17T10:03:35.15772",
            "updatedBy": null,
            "isActive": false
        },
        {
            "stationId": 166,
            "dataTypeId": 46,
            "timeInterval1": 3,
            "timeIntervalPartA": 2,
            "tsType": null,
            "timeIntervalPartB": null,
            "timeInterval2": null,
            "maximum": 80.0,
            "minimum": 0.0,
            "rateOfRise": null,
            "rateOfFall": null,
            "lowerWarningLevel": 20.0,
            "higherWarningLevel": 60.0,
            "missingValue": null,
            "startDate": null,
            "endDate": null,
            "noOfDataPresent": null,
            "remarks": null,
            "timeLabel1": "1900-01-01T08:30:00",
            "timeLabel2": "1900-01-01T17:30:00",
            "timeLabel3": null,
            "timeLabel4": null,
            "timeLabel5": null,
            "timeLabel6": null,
            "createdOn": "2024-06-15T17:39:38.991829",
            "createdBy": null,
            "updatedOn": "2024-06-17T10:03:35.162478",
            "updatedBy": null,
            "isActive": false
        },
        {
            "stationId": 166,
            "dataTypeId": 50,
            "timeInterval1": 3,
            "timeIntervalPartA": 2,
            "tsType": null,
            "timeIntervalPartB": null,
            "timeInterval2": null,
            "maximum": 200.0,
            "minimum": 0.0,
            "rateOfRise": null,
            "rateOfFall": null,
            "lowerWarningLevel": 20.0,
            "higherWarningLevel": 100.0,
            "missingValue": null,
            "startDate": null,
            "endDate": null,
            "noOfDataPresent": null,
            "remarks": null,
            "timeLabel1": "1900-01-01T08:30:00",
            "timeLabel2": "1900-01-01T17:30:00",
            "timeLabel3": null,
            "timeLabel4": null,
            "timeLabel5": null,
            "timeLabel6": null,
            "createdOn": "2024-06-15T17:39:38.996683",
            "createdBy": null,
            "updatedOn": "2024-06-17T10:03:35.167138",
            "updatedBy": null,
            "isActive": false
        },
        {
            "stationId": 166,
            "dataTypeId": 55,
            "timeInterval1": 3,
            "timeIntervalPartA": 2,
            "tsType": null,
            "timeIntervalPartB": null,
            "timeInterval2": null,
            "maximum": 100.0,
            "minimum": 0.0,
            "rateOfRise": null,
            "rateOfFall": null,
            "lowerWarningLevel": 20.0,
            "higherWarningLevel": 80.0,
            "missingValue": null,
            "startDate": null,
            "endDate": null,
            "noOfDataPresent": null,
            "remarks": null,
            "timeLabel1": "1900-01-01T08:30:00",
            "timeLabel2": "1900-01-01T17:30:00",
            "timeLabel3": null,
            "timeLabel4": null,
            "timeLabel5": null,
            "timeLabel6": null,
            "createdOn": "2024-06-15T17:39:39.00165",
            "createdBy": null,
            "updatedOn": "2024-06-17T10:03:35.171508",
            "updatedBy": null,
            "isActive": false
        },
        {
            "stationId": 166,
            "dataTypeId": 56,
            "timeInterval1": 3,
            "timeIntervalPartA": 1,
            "tsType": null,
            "timeIntervalPartB": null,
            "timeInterval2": null,
            "maximum": 100.0,
            "minimum": 0.0,
            "rateOfRise": null,
            "rateOfFall": null,
            "lowerWarningLevel": 20.0,
            "higherWarningLevel": 80.0,
            "missingValue": null,
            "startDate": null,
            "endDate": null,
            "noOfDataPresent": null,
            "remarks": null,
            "timeLabel1": "1900-01-01T08:30:00",
            "timeLabel2": null,
            "timeLabel3": null,
            "timeLabel4": null,
            "timeLabel5": null,
            "timeLabel6": null,
            "createdOn": "2024-06-15T17:39:39.007053",
            "createdBy": null,
            "updatedOn": "2024-06-17T10:03:35.177932",
            "updatedBy": null,
            "isActive": false
        },
        {
            "stationId": 166,
            "dataTypeId": 54,
            "timeInterval1": 3,
            "timeIntervalPartA": 2,
            "tsType": null,
            "timeIntervalPartB": null,
            "timeInterval2": null,
            "maximum": 100.0,
            "minimum": 0.0,
            "rateOfRise": null,
            "rateOfFall": null,
            "lowerWarningLevel": 20.0,
            "higherWarningLevel": 80.0,
            "missingValue": null,
            "startDate": null,
            "endDate": null,
            "noOfDataPresent": null,
            "remarks": null,
            "timeLabel1": "1900-01-01T08:30:00",
            "timeLabel2": "1900-01-01T17:30:00",
            "timeLabel3": null,
            "timeLabel4": null,
            "timeLabel5": null,
            "timeLabel6": null,
            "createdOn": "2024-06-15T17:39:39.012274",
            "createdBy": null,
            "updatedOn": "2024-06-17T10:03:35.183485",
            "updatedBy": null,
            "isActive": false
        },
        {
            "stationId": 4,
            "dataTypeId": 32,
            "timeInterval1": 3,
            "timeIntervalPartA": 1,
            "tsType": "1",
            "timeIntervalPartB": null,
            "timeInterval2": null,
            "maximum": 7.0,
            "minimum": null,
            "rateOfRise": null,
            "rateOfFall": null,
            "lowerWarningLevel": null,
            "higherWarningLevel": null,
            "missingValue": 0,
            "startDate": null,
            "endDate": null,
            "noOfDataPresent": 0,
            "remarks": null,
            "timeLabel1": "1900-01-01T08:30:00",
            "timeLabel2": null,
            "timeLabel3": null,
            "timeLabel4": null,
            "timeLabel5": null,
            "timeLabel6": null,
            "createdOn": null,
            "createdBy": null,
            "updatedOn": "2024-06-01T12:44:38.015117",
            "updatedBy": null,
            "isActive": true
        },
        {
            "stationId": 4,
            "dataTypeId": 27,
            "timeInterval1": 3,
            "timeIntervalPartA": 2,
            "tsType": null,
            "timeIntervalPartB": null,
            "timeInterval2": null,
            "maximum": null,
            "minimum": null,
            "rateOfRise": null,
            "rateOfFall": null,
            "lowerWarningLevel": null,
            "higherWarningLevel": null,
            "missingValue": null,
            "startDate": null,
            "endDate": null,
            "noOfDataPresent": null,
            "remarks": null,
            "timeLabel1": null,
            "timeLabel2": null,
            "timeLabel3": null,
            "timeLabel4": null,
            "timeLabel5": null,
            "timeLabel6": null,
            "createdOn": "2024-06-01T12:44:38.018431",
            "createdBy": null,
            "updatedOn": "2024-06-01T12:44:38.018433",
            "updatedBy": null,
            "isActive": false
        },
        {
            "stationId": 4,
            "dataTypeId": 43,
            "timeInterval1": 3,
            "timeIntervalPartA": 1,
            "tsType": null,
            "timeIntervalPartB": null,
            "timeInterval2": null,
            "maximum": null,
            "minimum": null,
            "rateOfRise": null,
            "rateOfFall": null,
            "lowerWarningLevel": null,
            "higherWarningLevel": null,
            "missingValue": null,
            "startDate": null,
            "endDate": null,
            "noOfDataPresent": null,
            "remarks": null,
            "timeLabel1": null,
            "timeLabel2": null,
            "timeLabel3": null,
            "timeLabel4": null,
            "timeLabel5": null,
            "timeLabel6": null,
            "createdOn": "2024-06-01T12:44:38.02145",
            "createdBy": null,
            "updatedOn": "2024-06-01T12:44:38.021451",
            "updatedBy": null,
            "isActive": false
        },
        {
            "stationId": 4,
            "dataTypeId": 56,
            "timeInterval1": 3,
            "timeIntervalPartA": 1,
            "tsType": null,
            "timeIntervalPartB": null,
            "timeInterval2": null,
            "maximum": null,
            "minimum": null,
            "rateOfRise": null,
            "rateOfFall": null,
            "lowerWarningLevel": null,
            "higherWarningLevel": null,
            "missingValue": null,
            "startDate": null,
            "endDate": null,
            "noOfDataPresent": null,
            "remarks": null,
            "timeLabel1": null,
            "timeLabel2": null,
            "timeLabel3": null,
            "timeLabel4": null,
            "timeLabel5": null,
            "timeLabel6": null,
            "createdOn": "2024-06-01T12:44:38.023912",
            "createdBy": null,
            "updatedOn": "2024-06-01T12:44:38.023913",
            "updatedBy": null,
            "isActive": false
        },
        {
            "stationId": 4,
            "dataTypeId": 42,
            "timeInterval1": 3,
            "timeIntervalPartA": 2,
            "tsType": null,
            "timeIntervalPartB": null,
            "timeInterval2": null,
            "maximum": null,
            "minimum": null,
            "rateOfRise": null,
            "rateOfFall": null,
            "lowerWarningLevel": null,
            "higherWarningLevel": null,
            "missingValue": null,
            "startDate": null,
            "endDate": null,
            "noOfDataPresent": null,
            "remarks": null,
            "timeLabel1": null,
            "timeLabel2": null,
            "timeLabel3": null,
            "timeLabel4": null,
            "timeLabel5": null,
            "timeLabel6": null,
            "createdOn": "2024-06-01T12:44:38.026592",
            "createdBy": null,
            "updatedOn": "2024-06-01T12:44:38.026593",
            "updatedBy": null,
            "isActive": false
        },
        {
            "stationId": 4,
            "dataTypeId": 15,
            "timeInterval1": 3,
            "timeIntervalPartA": 4,
            "tsType": null,
            "timeIntervalPartB": null,
            "timeInterval2": null,
            "maximum": null,
            "minimum": null,
            "rateOfRise": null,
            "rateOfFall": null,
            "lowerWarningLevel": null,
            "higherWarningLevel": null,
            "missingValue": null,
            "startDate": null,
            "endDate": null,
            "noOfDataPresent": null,
            "remarks": null,
            "timeLabel1": null,
            "timeLabel2": null,
            "timeLabel3": null,
            "timeLabel4": null,
            "timeLabel5": null,
            "timeLabel6": null,
            "createdOn": "2024-06-01T12:44:38.029098",
            "createdBy": null,
            "updatedOn": "2024-06-01T12:44:38.0291",
            "updatedBy": null,
            "isActive": false
        },
        {
            "stationId": 4,
            "dataTypeId": 47,
            "timeInterval1": 3,
            "timeIntervalPartA": 1,
            "tsType": null,
            "timeIntervalPartB": null,
            "timeInterval2": null,
            "maximum": null,
            "minimum": null,
            "rateOfRise": null,
            "rateOfFall": null,
            "lowerWarningLevel": null,
            "higherWarningLevel": null,
            "missingValue": null,
            "startDate": null,
            "endDate": null,
            "noOfDataPresent": null,
            "remarks": null,
            "timeLabel1": null,
            "timeLabel2": null,
            "timeLabel3": null,
            "timeLabel4": null,
            "timeLabel5": null,
            "timeLabel6": null,
            "createdOn": "2024-06-01T12:44:38.03245",
            "createdBy": null,
            "updatedOn": "2024-06-01T12:44:38.032454",
            "updatedBy": null,
            "isActive": false
        },
        {
            "stationId": 4,
            "dataTypeId": 50,
            "timeInterval1": 3,
            "timeIntervalPartA": 2,
            "tsType": null,
            "timeIntervalPartB": null,
            "timeInterval2": null,
            "maximum": null,
            "minimum": null,
            "rateOfRise": null,
            "rateOfFall": null,
            "lowerWarningLevel": null,
            "higherWarningLevel": null,
            "missingValue": null,
            "startDate": null,
            "endDate": null,
            "noOfDataPresent": null,
            "remarks": null,
            "timeLabel1": null,
            "timeLabel2": null,
            "timeLabel3": null,
            "timeLabel4": null,
            "timeLabel5": null,
            "timeLabel6": null,
            "createdOn": "2024-06-01T12:44:38.034814",
            "createdBy": null,
            "updatedOn": "2024-06-01T12:44:38.034817",
            "updatedBy": null,
            "isActive": false
        },
        {
            "stationId": 4,
            "dataTypeId": 22,
            "timeInterval1": 3,
            "timeIntervalPartA": 2,
            "tsType": null,
            "timeIntervalPartB": null,
            "timeInterval2": null,
            "maximum": null,
            "minimum": null,
            "rateOfRise": null,
            "rateOfFall": null,
            "lowerWarningLevel": null,
            "higherWarningLevel": null,
            "missingValue": null,
            "startDate": null,
            "endDate": null,
            "noOfDataPresent": null,
            "remarks": null,
            "timeLabel1": null,
            "timeLabel2": null,
            "timeLabel3": null,
            "timeLabel4": null,
            "timeLabel5": null,
            "timeLabel6": null,
            "createdOn": "2024-06-01T12:44:38.037339",
            "createdBy": null,
            "updatedOn": "2024-06-01T12:44:38.03734",
            "updatedBy": null,
            "isActive": false
        },
        {
            "stationId": 4,
            "dataTypeId": 49,
            "timeInterval1": 3,
            "timeIntervalPartA": 2,
            "tsType": null,
            "timeIntervalPartB": null,
            "timeInterval2": null,
            "maximum": null,
            "minimum": null,
            "rateOfRise": null,
            "rateOfFall": null,
            "lowerWarningLevel": null,
            "higherWarningLevel": null,
            "missingValue": null,
            "startDate": null,
            "endDate": null,
            "noOfDataPresent": null,
            "remarks": null,
            "timeLabel1": null,
            "timeLabel2": null,
            "timeLabel3": null,
            "timeLabel4": null,
            "timeLabel5": null,
            "timeLabel6": null,
            "createdOn": "2024-06-01T12:44:38.039588",
            "createdBy": null,
            "updatedOn": "2024-06-01T12:44:38.03959",
            "updatedBy": null,
            "isActive": false
        },
        {
            "stationId": 4,
            "dataTypeId": 44,
            "timeInterval1": 3,
            "timeIntervalPartA": 2,
            "tsType": null,
            "timeIntervalPartB": null,
            "timeInterval2": null,
            "maximum": null,
            "minimum": null,
            "rateOfRise": null,
            "rateOfFall": null,
            "lowerWarningLevel": null,
            "higherWarningLevel": null,
            "missingValue": null,
            "startDate": null,
            "endDate": null,
            "noOfDataPresent": null,
            "remarks": null,
            "timeLabel1": null,
            "timeLabel2": null,
            "timeLabel3": null,
            "timeLabel4": null,
            "timeLabel5": null,
            "timeLabel6": null,
            "createdOn": "2024-06-01T12:44:38.041816",
            "createdBy": null,
            "updatedOn": "2024-06-01T12:44:38.041817",
            "updatedBy": null,
            "isActive": false
        },
        {
            "stationId": 4,
            "dataTypeId": 46,
            "timeInterval1": 3,
            "timeIntervalPartA": 2,
            "tsType": null,
            "timeIntervalPartB": null,
            "timeInterval2": null,
            "maximum": null,
            "minimum": null,
            "rateOfRise": null,
            "rateOfFall": null,
            "lowerWarningLevel": null,
            "higherWarningLevel": null,
            "missingValue": null,
            "startDate": null,
            "endDate": null,
            "noOfDataPresent": null,
            "remarks": null,
            "timeLabel1": null,
            "timeLabel2": null,
            "timeLabel3": null,
            "timeLabel4": null,
            "timeLabel5": null,
            "timeLabel6": null,
            "createdOn": "2024-06-01T12:44:38.044384",
            "createdBy": null,
            "updatedOn": "2024-06-01T12:44:38.044385",
            "updatedBy": null,
            "isActive": false
        },
        {
            "stationId": 4,
            "dataTypeId": 41,
            "timeInterval1": 4,
            "timeIntervalPartA": 1,
            "tsType": null,
            "timeIntervalPartB": null,
            "timeInterval2": null,
            "maximum": null,
            "minimum": null,
            "rateOfRise": null,
            "rateOfFall": null,
            "lowerWarningLevel": null,
            "higherWarningLevel": null,
            "missingValue": null,
            "startDate": null,
            "endDate": null,
            "noOfDataPresent": null,
            "remarks": null,
            "timeLabel1": null,
            "timeLabel2": null,
            "timeLabel3": null,
            "timeLabel4": null,
            "timeLabel5": null,
            "timeLabel6": null,
            "createdOn": "2024-06-01T12:44:38.046698",
            "createdBy": null,
            "updatedOn": "2024-06-01T12:44:38.046699",
            "updatedBy": null,
            "isActive": false
        },
        {
            "stationId": 4,
            "dataTypeId": 34,
            "timeInterval1": 4,
            "timeIntervalPartA": 1,
            "tsType": null,
            "timeIntervalPartB": null,
            "timeInterval2": null,
            "maximum": null,
            "minimum": null,
            "rateOfRise": null,
            "rateOfFall": null,
            "lowerWarningLevel": null,
            "higherWarningLevel": null,
            "missingValue": null,
            "startDate": null,
            "endDate": null,
            "noOfDataPresent": null,
            "remarks": null,
            "timeLabel1": null,
            "timeLabel2": null,
            "timeLabel3": null,
            "timeLabel4": null,
            "timeLabel5": null,
            "timeLabel6": null,
            "createdOn": "2024-06-01T12:44:38.049209",
            "createdBy": null,
            "updatedOn": "2024-06-01T12:44:38.04921",
            "updatedBy": null,
            "isActive": false
        },
        {
            "stationId": 4,
            "dataTypeId": 54,
            "timeInterval1": 3,
            "timeIntervalPartA": 2,
            "tsType": null,
            "timeIntervalPartB": null,
            "timeInterval2": null,
            "maximum": null,
            "minimum": null,
            "rateOfRise": null,
            "rateOfFall": null,
            "lowerWarningLevel": null,
            "higherWarningLevel": null,
            "missingValue": null,
            "startDate": null,
            "endDate": null,
            "noOfDataPresent": null,
            "remarks": null,
            "timeLabel1": null,
            "timeLabel2": null,
            "timeLabel3": null,
            "timeLabel4": null,
            "timeLabel5": null,
            "timeLabel6": null,
            "createdOn": "2024-06-01T12:44:38.051636",
            "createdBy": null,
            "updatedOn": "2024-06-01T12:44:38.051637",
            "updatedBy": null,
            "isActive": false
        },
        {
            "stationId": 4,
            "dataTypeId": 28,
            "timeInterval1": 4,
            "timeIntervalPartA": 1,
            "tsType": null,
            "timeIntervalPartB": null,
            "timeInterval2": null,
            "maximum": null,
            "minimum": null,
            "rateOfRise": null,
            "rateOfFall": null,
            "lowerWarningLevel": null,
            "higherWarningLevel": null,
            "missingValue": null,
            "startDate": null,
            "endDate": null,
            "noOfDataPresent": null,
            "remarks": null,
            "timeLabel1": null,
            "timeLabel2": null,
            "timeLabel3": null,
            "timeLabel4": null,
            "timeLabel5": null,
            "timeLabel6": null,
            "createdOn": "2024-06-01T12:44:38.054387",
            "createdBy": null,
            "updatedOn": "2024-06-01T12:44:38.054391",
            "updatedBy": null,
            "isActive": false
        },
        {
            "stationId": 4,
            "dataTypeId": 55,
            "timeInterval1": 3,
            "timeIntervalPartA": 2,
            "tsType": null,
            "timeIntervalPartB": null,
            "timeInterval2": null,
            "maximum": null,
            "minimum": null,
            "rateOfRise": null,
            "rateOfFall": null,
            "lowerWarningLevel": null,
            "higherWarningLevel": null,
            "missingValue": null,
            "startDate": null,
            "endDate": null,
            "noOfDataPresent": null,
            "remarks": null,
            "timeLabel1": null,
            "timeLabel2": null,
            "timeLabel3": null,
            "timeLabel4": null,
            "timeLabel5": null,
            "timeLabel6": null,
            "createdOn": "2024-06-01T12:44:38.05658",
            "createdBy": null,
            "updatedOn": "2024-06-01T12:44:38.056581",
            "updatedBy": null,
            "isActive": false
        },
        {
            "stationId": 4,
            "dataTypeId": 8,
            "timeInterval1": 3,
            "timeIntervalPartA": 1,
            "tsType": null,
            "timeIntervalPartB": null,
            "timeInterval2": null,
            "maximum": null,
            "minimum": null,
            "rateOfRise": null,
            "rateOfFall": null,
            "lowerWarningLevel": null,
            "higherWarningLevel": null,
            "missingValue": null,
            "startDate": null,
            "endDate": null,
            "noOfDataPresent": null,
            "remarks": null,
            "timeLabel1": null,
            "timeLabel2": null,
            "timeLabel3": null,
            "timeLabel4": null,
            "timeLabel5": null,
            "timeLabel6": null,
            "createdOn": "2024-06-01T12:44:38.059772",
            "createdBy": null,
            "updatedOn": "2024-06-01T12:44:38.059773",
            "updatedBy": null,
            "isActive": false
        },
        {
            "stationId": 4,
            "dataTypeId": 32,
            "timeInterval1": 3,
            "timeIntervalPartA": 2,
            "tsType": null,
            "timeIntervalPartB": null,
            "timeInterval2": null,
            "maximum": null,
            "minimum": null,
            "rateOfRise": null,
            "rateOfFall": null,
            "lowerWarningLevel": null,
            "higherWarningLevel": null,
            "missingValue": null,
            "startDate": null,
            "endDate": null,
            "noOfDataPresent": null,
            "remarks": null,
            "timeLabel1": null,
            "timeLabel2": null,
            "timeLabel3": null,
            "timeLabel4": null,
            "timeLabel5": null,
            "timeLabel6": null,
            "createdOn": "2024-06-01T12:44:38.062319",
            "createdBy": null,
            "updatedOn": "2024-06-01T12:44:38.062321",
            "updatedBy": null,
            "isActive": false
        },
        {
            "stationId": 4,
            "dataTypeId": 25,
            "timeInterval1": 4,
            "timeIntervalPartA": 1,
            "tsType": null,
            "timeIntervalPartB": null,
            "timeInterval2": null,
            "maximum": null,
            "minimum": null,
            "rateOfRise": null,
            "rateOfFall": null,
            "lowerWarningLevel": null,
            "higherWarningLevel": null,
            "missingValue": null,
            "startDate": null,
            "endDate": null,
            "noOfDataPresent": null,
            "remarks": null,
            "timeLabel1": null,
            "timeLabel2": null,
            "timeLabel3": null,
            "timeLabel4": null,
            "timeLabel5": null,
            "timeLabel6": null,
            "createdOn": "2024-06-01T12:44:38.064959",
            "createdBy": null,
            "updatedOn": "2024-06-01T12:44:38.064961",
            "updatedBy": null,
            "isActive": false
        },
        {
            "stationId": 29,
            "dataTypeId": 43,
            "timeInterval1": 3,
            "timeIntervalPartA": 1,
            "tsType": "1",
            "timeIntervalPartB": null,
            "timeInterval2": null,
            "maximum": 100.0,
            "minimum": 10.0,
            "rateOfRise": null,
            "rateOfFall": null,
            "lowerWarningLevel": 20.0,
            "higherWarningLevel": 53.0,
            "missingValue": 0,
            "startDate": null,
            "endDate": null,
            "noOfDataPresent": 0,
            "remarks": null,
            "timeLabel1": "1900-01-01T08:30:00",
            "timeLabel2": null,
            "timeLabel3": null,
            "timeLabel4": null,
            "timeLabel5": null,
            "timeLabel6": null,
            "createdOn": null,
            "createdBy": null,
            "updatedOn": "2024-06-03T10:35:37.32366",
            "updatedBy": null,
            "isActive": true
        },
        {
            "stationId": 29,
            "dataTypeId": 50,
            "timeInterval1": 3,
            "timeIntervalPartA": 2,
            "tsType": "1",
            "timeIntervalPartB": "C",
            "timeInterval2": null,
            "maximum": 11.0,
            "minimum": 23.0,
            "rateOfRise": null,
            "rateOfFall": null,
            "lowerWarningLevel": null,
            "higherWarningLevel": null,
            "missingValue": 0,
            "startDate": null,
            "endDate": null,
            "noOfDataPresent": 0,
            "remarks": null,
            "timeLabel1": "1900-01-01T08:30:00",
            "timeLabel2": "1900-01-01T08:30:00",
            "timeLabel3": null,
            "timeLabel4": null,
            "timeLabel5": null,
            "timeLabel6": null,
            "createdOn": null,
            "createdBy": null,
            "updatedOn": "2024-06-03T10:35:37.33805",
            "updatedBy": null,
            "isActive": true
        },
        {
            "stationId": 141,
            "dataTypeId": 28,
            "timeInterval1": 4,
            "timeIntervalPartA": 1,
            "tsType": null,
            "timeIntervalPartB": null,
            "timeInterval2": null,
            "maximum": 100.0,
            "minimum": 0.0,
            "rateOfRise": null,
            "rateOfFall": null,
            "lowerWarningLevel": 20.0,
            "higherWarningLevel": 90.0,
            "missingValue": null,
            "startDate": null,
            "endDate": null,
            "noOfDataPresent": null,
            "remarks": null,
            "timeLabel1": "1900-01-01T08:30:00",
            "timeLabel2": null,
            "timeLabel3": null,
            "timeLabel4": null,
            "timeLabel5": null,
            "timeLabel6": null,
            "createdOn": "2024-06-11T19:28:05.515159",
            "createdBy": null,
            "updatedOn": "2024-06-11T19:43:01.020452",
            "updatedBy": null,
            "isActive": true
        },
        {
            "stationId": 141,
            "dataTypeId": 32,
            "timeInterval1": 3,
            "timeIntervalPartA": 1,
            "tsType": null,
            "timeIntervalPartB": null,
            "timeInterval2": null,
            "maximum": 210.0,
            "minimum": 0.0,
            "rateOfRise": null,
            "rateOfFall": null,
            "lowerWarningLevel": 50.0,
            "higherWarningLevel": 180.0,
            "missingValue": null,
            "startDate": null,
            "endDate": null,
            "noOfDataPresent": null,
            "remarks": null,
            "timeLabel1": "1900-01-01T08:30:00",
            "timeLabel2": null,
            "timeLabel3": null,
            "timeLabel4": null,
            "timeLabel5": null,
            "timeLabel6": null,
            "createdOn": "2024-06-11T19:28:05.521871",
            "createdBy": null,
            "updatedOn": "2024-06-11T19:43:01.029773",
            "updatedBy": null,
            "isActive": true
        },
        {
            "stationId": 141,
            "dataTypeId": 32,
            "timeInterval1": 3,
            "timeIntervalPartA": 2,
            "tsType": null,
            "timeIntervalPartB": null,
            "timeInterval2": null,
            "maximum": 100.0,
            "minimum": 0.0,
            "rateOfRise": null,
            "rateOfFall": null,
            "lowerWarningLevel": 30.0,
            "higherWarningLevel": 80.0,
            "missingValue": null,
            "startDate": null,
            "endDate": null,
            "noOfDataPresent": null,
            "remarks": null,
            "timeLabel1": "1900-01-01T08:30:00",
            "timeLabel2": "1900-01-01T17:30:00",
            "timeLabel3": null,
            "timeLabel4": null,
            "timeLabel5": null,
            "timeLabel6": null,
            "createdOn": "2024-06-11T19:28:05.529261",
            "createdBy": null,
            "updatedOn": "2024-06-11T19:43:01.034216",
            "updatedBy": null,
            "isActive": true
        },
        {
            "stationId": 141,
            "dataTypeId": 25,
            "timeInterval1": 4,
            "timeIntervalPartA": 1,
            "tsType": null,
            "timeIntervalPartB": null,
            "timeInterval2": null,
            "maximum": 100.0,
            "minimum": 0.0,
            "rateOfRise": null,
            "rateOfFall": null,
            "lowerWarningLevel": 30.0,
            "higherWarningLevel": 90.0,
            "missingValue": null,
            "startDate": null,
            "endDate": null,
            "noOfDataPresent": null,
            "remarks": null,
            "timeLabel1": "1900-01-01T08:30:00",
            "timeLabel2": null,
            "timeLabel3": null,
            "timeLabel4": null,
            "timeLabel5": null,
            "timeLabel6": null,
            "createdOn": "2024-06-11T19:28:05.53665",
            "createdBy": null,
            "updatedOn": "2024-06-11T19:43:01.038625",
            "updatedBy": null,
            "isActive": true
        },
        {
            "stationId": 141,
            "dataTypeId": 27,
            "timeInterval1": 3,
            "timeIntervalPartA": 2,
            "tsType": null,
            "timeIntervalPartB": null,
            "timeInterval2": null,
            "maximum": 500.0,
            "minimum": 0.0,
            "rateOfRise": null,
            "rateOfFall": null,
            "lowerWarningLevel": 50.0,
            "higherWarningLevel": 400.0,
            "missingValue": null,
            "startDate": null,
            "endDate": null,
            "noOfDataPresent": null,
            "remarks": null,
            "timeLabel1": "1900-01-01T08:30:00",
            "timeLabel2": "1900-01-01T17:30:00",
            "timeLabel3": null,
            "timeLabel4": null,
            "timeLabel5": null,
            "timeLabel6": null,
            "createdOn": "2024-06-11T19:28:05.54503",
            "createdBy": null,
            "updatedOn": "2024-06-11T19:43:01.04313",
            "updatedBy": null,
            "isActive": true
        },
        {
            "stationId": 141,
            "dataTypeId": 49,
            "timeInterval1": 3,
            "timeIntervalPartA": 2,
            "tsType": null,
            "timeIntervalPartB": null,
            "timeInterval2": null,
            "maximum": 200.0,
            "minimum": 0.0,
            "rateOfRise": null,
            "rateOfFall": null,
            "lowerWarningLevel": 50.0,
            "higherWarningLevel": 180.0,
            "missingValue": null,
            "startDate": null,
            "endDate": null,
            "noOfDataPresent": null,
            "remarks": null,
            "timeLabel1": "1900-01-01T08:30:00",
            "timeLabel2": "1900-01-01T17:30:00",
            "timeLabel3": null,
            "timeLabel4": null,
            "timeLabel5": null,
            "timeLabel6": null,
            "createdOn": "2024-06-11T19:28:05.552516",
            "createdBy": null,
            "updatedOn": "2024-06-11T19:43:01.047737",
            "updatedBy": null,
            "isActive": true
        },
        {
            "stationId": 141,
            "dataTypeId": 34,
            "timeInterval1": 4,
            "timeIntervalPartA": 1,
            "tsType": null,
            "timeIntervalPartB": null,
            "timeInterval2": null,
            "maximum": 200.0,
            "minimum": 0.0,
            "rateOfRise": null,
            "rateOfFall": null,
            "lowerWarningLevel": 120.0,
            "higherWarningLevel": 180.0,
            "missingValue": null,
            "startDate": null,
            "endDate": null,
            "noOfDataPresent": null,
            "remarks": null,
            "timeLabel1": "1900-01-01T05:00:00",
            "timeLabel2": null,
            "timeLabel3": null,
            "timeLabel4": null,
            "timeLabel5": null,
            "timeLabel6": null,
            "createdOn": "2024-06-11T19:28:05.559515",
            "createdBy": null,
            "updatedOn": "2024-06-11T19:43:01.05205",
            "updatedBy": null,
            "isActive": true
        },
        {
            "stationId": 141,
            "dataTypeId": 41,
            "timeInterval1": 4,
            "timeIntervalPartA": 1,
            "tsType": null,
            "timeIntervalPartB": null,
            "timeInterval2": null,
            "maximum": 150.0,
            "minimum": 0.0,
            "rateOfRise": null,
            "rateOfFall": null,
            "lowerWarningLevel": 100.0,
            "higherWarningLevel": 120.0,
            "missingValue": null,
            "startDate": null,
            "endDate": null,
            "noOfDataPresent": null,
            "remarks": null,
            "timeLabel1": "1900-01-01T08:30:00",
            "timeLabel2": null,
            "timeLabel3": null,
            "timeLabel4": null,
            "timeLabel5": null,
            "timeLabel6": null,
            "createdOn": "2024-06-11T19:28:05.567034",
            "createdBy": null,
            "updatedOn": "2024-06-11T19:43:01.056476",
            "updatedBy": null,
            "isActive": true
        },
        {
            "stationId": 141,
            "dataTypeId": 44,
            "timeInterval1": 3,
            "timeIntervalPartA": 2,
            "tsType": null,
            "timeIntervalPartB": null,
            "timeInterval2": null,
            "maximum": 40.0,
            "minimum": 0.0,
            "rateOfRise": null,
            "rateOfFall": null,
            "lowerWarningLevel": 5.0,
            "higherWarningLevel": 30.0,
            "missingValue": null,
            "startDate": null,
            "endDate": null,
            "noOfDataPresent": null,
            "remarks": null,
            "timeLabel1": "1900-01-01T08:30:00",
            "timeLabel2": "1900-01-01T17:30:00",
            "timeLabel3": null,
            "timeLabel4": null,
            "timeLabel5": null,
            "timeLabel6": null,
            "createdOn": "2024-06-11T19:28:05.573737",
            "createdBy": null,
            "updatedOn": "2024-06-11T19:43:01.060956",
            "updatedBy": null,
            "isActive": true
        },
        {
            "stationId": 141,
            "dataTypeId": 46,
            "timeInterval1": 3,
            "timeIntervalPartA": 2,
            "tsType": null,
            "timeIntervalPartB": null,
            "timeInterval2": null,
            "maximum": 80.0,
            "minimum": 0.0,
            "rateOfRise": null,
            "rateOfFall": null,
            "lowerWarningLevel": 20.0,
            "higherWarningLevel": 60.0,
            "missingValue": null,
            "startDate": null,
            "endDate": null,
            "noOfDataPresent": null,
            "remarks": null,
            "timeLabel1": "1900-01-01T08:30:00",
            "timeLabel2": "1900-01-01T17:30:00",
            "timeLabel3": null,
            "timeLabel4": null,
            "timeLabel5": null,
            "timeLabel6": null,
            "createdOn": "2024-06-11T19:28:05.59794",
            "createdBy": null,
            "updatedOn": "2024-06-11T19:43:01.070019",
            "updatedBy": null,
            "isActive": true
        },
        {
            "stationId": 141,
            "dataTypeId": 50,
            "timeInterval1": 3,
            "timeIntervalPartA": 2,
            "tsType": null,
            "timeIntervalPartB": null,
            "timeInterval2": null,
            "maximum": 200.0,
            "minimum": 0.0,
            "rateOfRise": null,
            "rateOfFall": null,
            "lowerWarningLevel": 20.0,
            "higherWarningLevel": 100.0,
            "missingValue": null,
            "startDate": null,
            "endDate": null,
            "noOfDataPresent": null,
            "remarks": null,
            "timeLabel1": "1900-01-01T08:30:00",
            "timeLabel2": "1900-01-01T17:30:00",
            "timeLabel3": null,
            "timeLabel4": null,
            "timeLabel5": null,
            "timeLabel6": null,
            "createdOn": "2024-06-11T19:28:05.604343",
            "createdBy": null,
            "updatedOn": "2024-06-11T19:43:01.074307",
            "updatedBy": null,
            "isActive": true
        },
        {
            "stationId": 141,
            "dataTypeId": 55,
            "timeInterval1": 3,
            "timeIntervalPartA": 2,
            "tsType": null,
            "timeIntervalPartB": null,
            "timeInterval2": null,
            "maximum": 100.0,
            "minimum": 0.0,
            "rateOfRise": null,
            "rateOfFall": null,
            "lowerWarningLevel": 20.0,
            "higherWarningLevel": 80.0,
            "missingValue": null,
            "startDate": null,
            "endDate": null,
            "noOfDataPresent": null,
            "remarks": null,
            "timeLabel1": "1900-01-01T08:30:00",
            "timeLabel2": "1900-01-01T17:30:00",
            "timeLabel3": null,
            "timeLabel4": null,
            "timeLabel5": null,
            "timeLabel6": null,
            "createdOn": "2024-06-11T19:28:05.612582",
            "createdBy": null,
            "updatedOn": "2024-06-11T19:43:01.078635",
            "updatedBy": null,
            "isActive": true
        },
        {
            "stationId": 141,
            "dataTypeId": 56,
            "timeInterval1": 3,
            "timeIntervalPartA": 1,
            "tsType": null,
            "timeIntervalPartB": null,
            "timeInterval2": null,
            "maximum": 100.0,
            "minimum": 0.0,
            "rateOfRise": null,
            "rateOfFall": null,
            "lowerWarningLevel": 20.0,
            "higherWarningLevel": 80.0,
            "missingValue": null,
            "startDate": null,
            "endDate": null,
            "noOfDataPresent": null,
            "remarks": null,
            "timeLabel1": "1900-01-01T08:30:00",
            "timeLabel2": null,
            "timeLabel3": null,
            "timeLabel4": null,
            "timeLabel5": null,
            "timeLabel6": null,
            "createdOn": "2024-06-11T19:28:05.620432",
            "createdBy": null,
            "updatedOn": "2024-06-11T19:43:01.083831",
            "updatedBy": null,
            "isActive": true
        },
        {
            "stationId": 141,
            "dataTypeId": 54,
            "timeInterval1": 3,
            "timeIntervalPartA": 2,
            "tsType": null,
            "timeIntervalPartB": null,
            "timeInterval2": null,
            "maximum": 100.0,
            "minimum": 0.0,
            "rateOfRise": null,
            "rateOfFall": null,
            "lowerWarningLevel": 20.0,
            "higherWarningLevel": 80.0,
            "missingValue": null,
            "startDate": null,
            "endDate": null,
            "noOfDataPresent": null,
            "remarks": null,
            "timeLabel1": "1900-01-01T08:30:00",
            "timeLabel2": "1900-01-01T17:30:00",
            "timeLabel3": null,
            "timeLabel4": null,
            "timeLabel5": null,
            "timeLabel6": null,
            "createdOn": "2024-06-11T19:28:05.626356",
            "createdBy": null,
            "updatedOn": "2024-06-11T19:43:01.088145",
            "updatedBy": null,
            "isActive": true
        },
        {
            "stationId": 3,
            "dataTypeId": 34,
            "timeInterval1": 4,
            "timeIntervalPartA": 1,
            "tsType": "1",
            "timeIntervalPartB": null,
            "timeInterval2": null,
            "maximum": 200.0,
            "minimum": 0.0,
            "rateOfRise": null,
            "rateOfFall": null,
            "lowerWarningLevel": 120.0,
            "higherWarningLevel": 180.0,
            "missingValue": 0,
            "startDate": null,
            "endDate": null,
            "noOfDataPresent": 0,
            "remarks": null,
            "timeLabel1": "1900-01-01T05:00:00",
            "timeLabel2": null,
            "timeLabel3": null,
            "timeLabel4": null,
            "timeLabel5": null,
            "timeLabel6": null,
            "createdOn": null,
            "createdBy": null,
            "updatedOn": "2024-06-15T15:14:06.248767",
            "updatedBy": null,
            "isActive": true
        },
        {
            "stationId": 3,
            "dataTypeId": 54,
            "timeInterval1": 3,
            "timeIntervalPartA": 2,
            "tsType": "1",
            "timeIntervalPartB": "C",
            "timeInterval2": null,
            "maximum": 100.0,
            "minimum": 0.0,
            "rateOfRise": null,
            "rateOfFall": null,
            "lowerWarningLevel": 20.0,
            "higherWarningLevel": 80.0,
            "missingValue": 0,
            "startDate": null,
            "endDate": null,
            "noOfDataPresent": 0,
            "remarks": null,
            "timeLabel1": "1900-01-01T08:30:00",
            "timeLabel2": "1900-01-01T17:30:00",
            "timeLabel3": null,
            "timeLabel4": null,
            "timeLabel5": null,
            "timeLabel6": null,
            "createdOn": null,
            "createdBy": null,
            "updatedOn": "2024-06-15T15:14:06.283877",
            "updatedBy": null,
            "isActive": true
        },
        {
            "stationId": 167,
            "dataTypeId": 20,
            "timeInterval1": 4,
            "timeIntervalPartA": 1,
            "tsType": null,
            "timeIntervalPartB": null,
            "timeInterval2": null,
            "maximum": 200.0,
            "minimum": 0.0,
            "rateOfRise": null,
            "rateOfFall": null,
            "lowerWarningLevel": 20.0,
            "higherWarningLevel": 180.0,
            "missingValue": null,
            "startDate": null,
            "endDate": null,
            "noOfDataPresent": null,
            "remarks": null,
            "timeLabel1": "1900-01-01T08:30:00",
            "timeLabel2": null,
            "timeLabel3": null,
            "timeLabel4": null,
            "timeLabel5": null,
            "timeLabel6": null,
            "createdOn": "2024-06-17T11:04:33.628643",
            "createdBy": null,
            "updatedOn": "2024-06-17T11:04:33.628648",
            "updatedBy": null,
            "isActive": false
        },
        {
            "stationId": 167,
            "dataTypeId": 42,
            "timeInterval1": 3,
            "timeIntervalPartA": 2,
            "tsType": null,
            "timeIntervalPartB": null,
            "timeInterval2": null,
            "maximum": 100.0,
            "minimum": 0.0,
            "rateOfRise": null,
            "rateOfFall": null,
            "lowerWarningLevel": 30.0,
            "higherWarningLevel": 90.0,
            "missingValue": null,
            "startDate": null,
            "endDate": null,
            "noOfDataPresent": null,
            "remarks": null,
            "timeLabel1": "1900-01-01T08:30:00",
            "timeLabel2": "1900-01-01T17:30:00",
            "timeLabel3": null,
            "timeLabel4": null,
            "timeLabel5": null,
            "timeLabel6": null,
            "createdOn": "2024-06-17T11:04:33.633448",
            "createdBy": null,
            "updatedOn": "2024-06-17T11:04:33.633451",
            "updatedBy": null,
            "isActive": false
        },
        {
            "stationId": 2,
            "dataTypeId": 32,
            "timeInterval1": 3,
            "timeIntervalPartA": 2,
            "tsType": "1",
            "timeIntervalPartB": "C",
            "timeInterval2": null,
            "maximum": 100.0,
            "minimum": 20.0,
            "rateOfRise": null,
            "rateOfFall": null,
            "lowerWarningLevel": 30.0,
            "higherWarningLevel": 90.0,
            "missingValue": 0,
            "startDate": null,
            "endDate": null,
            "noOfDataPresent": 0,
            "remarks": null,
            "timeLabel1": "1900-01-01T08:30:00",
            "timeLabel2": "1900-01-01T17:30:00",
            "timeLabel3": null,
            "timeLabel4": null,
            "timeLabel5": null,
            "timeLabel6": null,
            "createdOn": null,
            "createdBy": null,
            "updatedOn": "2024-06-11T10:49:23.013884",
            "updatedBy": null,
            "isActive": true
        },
        {
            "stationId": 45,
            "dataTypeId": 47,
            "timeInterval1": 3,
            "timeIntervalPartA": 1,
            "tsType": "1",
            "timeIntervalPartB": null,
            "timeInterval2": null,
            "maximum": null,
            "minimum": null,
            "rateOfRise": null,
            "rateOfFall": null,
            "lowerWarningLevel": null,
            "higherWarningLevel": null,
            "missingValue": 0,
            "startDate": null,
            "endDate": null,
            "noOfDataPresent": 0,
            "remarks": null,
            "timeLabel1": "1900-01-01T08:30:00",
            "timeLabel2": null,
            "timeLabel3": null,
            "timeLabel4": null,
            "timeLabel5": null,
            "timeLabel6": null,
            "createdOn": null,
            "createdBy": null,
            "updatedOn": "2024-06-11T14:37:35.000776",
            "updatedBy": null,
            "isActive": true
        },
        {
            "stationId": 141,
            "dataTypeId": 20,
            "timeInterval1": 4,
            "timeIntervalPartA": 1,
            "tsType": null,
            "timeIntervalPartB": null,
            "timeInterval2": null,
            "maximum": 200.0,
            "minimum": 0.0,
            "rateOfRise": null,
            "rateOfFall": null,
            "lowerWarningLevel": 20.0,
            "higherWarningLevel": 180.0,
            "missingValue": null,
            "startDate": null,
            "endDate": null,
            "noOfDataPresent": null,
            "remarks": null,
            "timeLabel1": "1900-01-01T08:30:00",
            "timeLabel2": null,
            "timeLabel3": null,
            "timeLabel4": null,
            "timeLabel5": null,
            "timeLabel6": null,
            "createdOn": "2024-06-11T19:28:05.418701",
            "createdBy": null,
            "updatedOn": "2024-06-11T19:43:00.990172",
            "updatedBy": null,
            "isActive": true
        },
        {
            "stationId": 141,
            "dataTypeId": 42,
            "timeInterval1": 3,
            "timeIntervalPartA": 2,
            "tsType": null,
            "timeIntervalPartB": null,
            "timeInterval2": null,
            "maximum": 100.0,
            "minimum": 0.0,
            "rateOfRise": null,
            "rateOfFall": null,
            "lowerWarningLevel": 30.0,
            "higherWarningLevel": 90.0,
            "missingValue": null,
            "startDate": null,
            "endDate": null,
            "noOfDataPresent": null,
            "remarks": null,
            "timeLabel1": "1900-01-01T08:30:00",
            "timeLabel2": "1900-01-01T17:30:00",
            "timeLabel3": null,
            "timeLabel4": null,
            "timeLabel5": null,
            "timeLabel6": null,
            "createdOn": "2024-06-11T19:28:05.470823",
            "createdBy": null,
            "updatedOn": "2024-06-11T19:43:00.995699",
            "updatedBy": null,
            "isActive": true
        },
        {
            "stationId": 141,
            "dataTypeId": 47,
            "timeInterval1": 3,
            "timeIntervalPartA": 1,
            "tsType": null,
            "timeIntervalPartB": null,
            "timeInterval2": null,
            "maximum": 60.0,
            "minimum": 0.0,
            "rateOfRise": null,
            "rateOfFall": null,
            "lowerWarningLevel": 20.0,
            "higherWarningLevel": 50.0,
            "missingValue": null,
            "startDate": null,
            "endDate": null,
            "noOfDataPresent": null,
            "remarks": null,
            "timeLabel1": "1900-01-01T08:30:00",
            "timeLabel2": null,
            "timeLabel3": null,
            "timeLabel4": null,
            "timeLabel5": null,
            "timeLabel6": null,
            "createdOn": "2024-06-11T19:28:05.48611",
            "createdBy": null,
            "updatedOn": "2024-06-11T19:43:01.000425",
            "updatedBy": null,
            "isActive": true
        },
        {
            "stationId": 141,
            "dataTypeId": 43,
            "timeInterval1": 3,
            "timeIntervalPartA": 1,
            "tsType": null,
            "timeIntervalPartB": null,
            "timeInterval2": null,
            "maximum": 100.0,
            "minimum": 0.0,
            "rateOfRise": null,
            "rateOfFall": null,
            "lowerWarningLevel": 20.0,
            "higherWarningLevel": 53.0,
            "missingValue": null,
            "startDate": null,
            "endDate": null,
            "noOfDataPresent": null,
            "remarks": null,
            "timeLabel1": "1900-01-01T08:30:00",
            "timeLabel2": null,
            "timeLabel3": null,
            "timeLabel4": null,
            "timeLabel5": null,
            "timeLabel6": null,
            "createdOn": "2024-06-11T19:28:05.493255",
            "createdBy": null,
            "updatedOn": "2024-06-11T19:43:01.005329",
            "updatedBy": null,
            "isActive": true
        },
        {
            "stationId": 141,
            "dataTypeId": 8,
            "timeInterval1": 3,
            "timeIntervalPartA": 1,
            "tsType": null,
            "timeIntervalPartB": null,
            "timeInterval2": null,
            "maximum": 100.0,
            "minimum": 0.0,
            "rateOfRise": null,
            "rateOfFall": null,
            "lowerWarningLevel": 60.0,
            "higherWarningLevel": 80.0,
            "missingValue": null,
            "startDate": null,
            "endDate": null,
            "noOfDataPresent": null,
            "remarks": null,
            "timeLabel1": "1900-01-01T09:00:00",
            "timeLabel2": null,
            "timeLabel3": null,
            "timeLabel4": null,
            "timeLabel5": null,
            "timeLabel6": null,
            "createdOn": "2024-06-11T19:28:05.500002",
            "createdBy": null,
            "updatedOn": "2024-06-11T19:43:01.010383",
            "updatedBy": null,
            "isActive": true
        },
        {
            "stationId": 141,
            "dataTypeId": 22,
            "timeInterval1": 3,
            "timeIntervalPartA": 2,
            "tsType": null,
            "timeIntervalPartB": null,
            "timeInterval2": null,
            "maximum": 100.0,
            "minimum": 0.0,
            "rateOfRise": null,
            "rateOfFall": null,
            "lowerWarningLevel": 20.0,
            "higherWarningLevel": 80.0,
            "missingValue": null,
            "startDate": null,
            "endDate": null,
            "noOfDataPresent": null,
            "remarks": null,
            "timeLabel1": "1900-01-01T08:30:00",
            "timeLabel2": "1900-01-01T17:30:00",
            "timeLabel3": null,
            "timeLabel4": null,
            "timeLabel5": null,
            "timeLabel6": null,
            "createdOn": "2024-06-11T19:28:05.50769",
            "createdBy": null,
            "updatedOn": "2024-06-11T19:43:01.015751",
            "updatedBy": null,
            "isActive": true
        },
        {
            "stationId": 167,
            "dataTypeId": 47,
            "timeInterval1": 3,
            "timeIntervalPartA": 1,
            "tsType": null,
            "timeIntervalPartB": null,
            "timeInterval2": null,
            "maximum": 60.0,
            "minimum": 0.0,
            "rateOfRise": null,
            "rateOfFall": null,
            "lowerWarningLevel": 20.0,
            "higherWarningLevel": 50.0,
            "missingValue": null,
            "startDate": null,
            "endDate": null,
            "noOfDataPresent": null,
            "remarks": null,
            "timeLabel1": "1900-01-01T08:30:00",
            "timeLabel2": null,
            "timeLabel3": null,
            "timeLabel4": null,
            "timeLabel5": null,
            "timeLabel6": null,
            "createdOn": "2024-06-17T11:04:33.638033",
            "createdBy": null,
            "updatedOn": "2024-06-17T11:04:33.638036",
            "updatedBy": null,
            "isActive": false
        },
        {
            "stationId": 167,
            "dataTypeId": 43,
            "timeInterval1": 3,
            "timeIntervalPartA": 1,
            "tsType": null,
            "timeIntervalPartB": null,
            "timeInterval2": null,
            "maximum": 100.0,
            "minimum": 0.0,
            "rateOfRise": null,
            "rateOfFall": null,
            "lowerWarningLevel": 20.0,
            "higherWarningLevel": 53.0,
            "missingValue": null,
            "startDate": null,
            "endDate": null,
            "noOfDataPresent": null,
            "remarks": null,
            "timeLabel1": "1900-01-01T08:30:00",
            "timeLabel2": null,
            "timeLabel3": null,
            "timeLabel4": null,
            "timeLabel5": null,
            "timeLabel6": null,
            "createdOn": "2024-06-17T11:04:33.642993",
            "createdBy": null,
            "updatedOn": "2024-06-17T11:04:33.642995",
            "updatedBy": null,
            "isActive": false
        },
        {
            "stationId": 167,
            "dataTypeId": 8,
            "timeInterval1": 3,
            "timeIntervalPartA": 1,
            "tsType": null,
            "timeIntervalPartB": null,
            "timeInterval2": null,
            "maximum": 100.0,
            "minimum": 0.0,
            "rateOfRise": null,
            "rateOfFall": null,
            "lowerWarningLevel": 60.0,
            "higherWarningLevel": 80.0,
            "missingValue": null,
            "startDate": null,
            "endDate": null,
            "noOfDataPresent": null,
            "remarks": null,
            "timeLabel1": "1900-01-01T09:00:00",
            "timeLabel2": null,
            "timeLabel3": null,
            "timeLabel4": null,
            "timeLabel5": null,
            "timeLabel6": null,
            "createdOn": "2024-06-17T11:04:33.648164",
            "createdBy": null,
            "updatedOn": "2024-06-17T11:04:33.648167",
            "updatedBy": null,
            "isActive": false
        },
        {
            "stationId": 167,
            "dataTypeId": 22,
            "timeInterval1": 3,
            "timeIntervalPartA": 2,
            "tsType": null,
            "timeIntervalPartB": null,
            "timeInterval2": null,
            "maximum": 100.0,
            "minimum": 0.0,
            "rateOfRise": null,
            "rateOfFall": null,
            "lowerWarningLevel": 20.0,
            "higherWarningLevel": 80.0,
            "missingValue": null,
            "startDate": null,
            "endDate": null,
            "noOfDataPresent": null,
            "remarks": null,
            "timeLabel1": "1900-01-01T08:30:00",
            "timeLabel2": "1900-01-01T17:30:00",
            "timeLabel3": null,
            "timeLabel4": null,
            "timeLabel5": null,
            "timeLabel6": null,
            "createdOn": "2024-06-17T11:04:33.653326",
            "createdBy": null,
            "updatedOn": "2024-06-17T11:04:33.653329",
            "updatedBy": null,
            "isActive": false
        },
        {
            "stationId": 167,
            "dataTypeId": 28,
            "timeInterval1": 4,
            "timeIntervalPartA": 1,
            "tsType": null,
            "timeIntervalPartB": null,
            "timeInterval2": null,
            "maximum": 100.0,
            "minimum": 0.0,
            "rateOfRise": null,
            "rateOfFall": null,
            "lowerWarningLevel": 20.0,
            "higherWarningLevel": 90.0,
            "missingValue": null,
            "startDate": null,
            "endDate": null,
            "noOfDataPresent": null,
            "remarks": null,
            "timeLabel1": "1900-01-01T08:30:00",
            "timeLabel2": null,
            "timeLabel3": null,
            "timeLabel4": null,
            "timeLabel5": null,
            "timeLabel6": null,
            "createdOn": "2024-06-17T11:04:33.658464",
            "createdBy": null,
            "updatedOn": "2024-06-17T11:04:33.658468",
            "updatedBy": null,
            "isActive": true
        },
        {
            "stationId": 167,
            "dataTypeId": 32,
            "timeInterval1": 3,
            "timeIntervalPartA": 1,
            "tsType": null,
            "timeIntervalPartB": null,
            "timeInterval2": null,
            "maximum": 210.0,
            "minimum": 0.0,
            "rateOfRise": null,
            "rateOfFall": null,
            "lowerWarningLevel": 50.0,
            "higherWarningLevel": 180.0,
            "missingValue": null,
            "startDate": null,
            "endDate": null,
            "noOfDataPresent": null,
            "remarks": null,
            "timeLabel1": "1900-01-01T08:30:00",
            "timeLabel2": null,
            "timeLabel3": null,
            "timeLabel4": null,
            "timeLabel5": null,
            "timeLabel6": null,
            "createdOn": "2024-06-17T11:04:33.663198",
            "createdBy": null,
            "updatedOn": "2024-06-17T11:04:33.663203",
            "updatedBy": null,
            "isActive": true
        },
        {
            "stationId": 167,
            "dataTypeId": 32,
            "timeInterval1": 3,
            "timeIntervalPartA": 2,
            "tsType": null,
            "timeIntervalPartB": null,
            "timeInterval2": null,
            "maximum": 100.0,
            "minimum": 0.0,
            "rateOfRise": null,
            "rateOfFall": null,
            "lowerWarningLevel": 30.0,
            "higherWarningLevel": 80.0,
            "missingValue": null,
            "startDate": null,
            "endDate": null,
            "noOfDataPresent": null,
            "remarks": null,
            "timeLabel1": "1900-01-01T08:30:00",
            "timeLabel2": "1900-01-01T17:30:00",
            "timeLabel3": null,
            "timeLabel4": null,
            "timeLabel5": null,
            "timeLabel6": null,
            "createdOn": "2024-06-17T11:04:33.668069",
            "createdBy": null,
            "updatedOn": "2024-06-17T11:04:33.668083",
            "updatedBy": null,
            "isActive": true
        },
        {
            "stationId": 167,
            "dataTypeId": 25,
            "timeInterval1": 4,
            "timeIntervalPartA": 1,
            "tsType": null,
            "timeIntervalPartB": null,
            "timeInterval2": null,
            "maximum": 100.0,
            "minimum": 0.0,
            "rateOfRise": null,
            "rateOfFall": null,
            "lowerWarningLevel": 30.0,
            "higherWarningLevel": 90.0,
            "missingValue": null,
            "startDate": null,
            "endDate": null,
            "noOfDataPresent": null,
            "remarks": null,
            "timeLabel1": "1900-01-01T08:30:00",
            "timeLabel2": null,
            "timeLabel3": null,
            "timeLabel4": null,
            "timeLabel5": null,
            "timeLabel6": null,
            "createdOn": "2024-06-17T11:04:33.673097",
            "createdBy": null,
            "updatedOn": "2024-06-17T11:04:33.673101",
            "updatedBy": null,
            "isActive": false
        },
        {
            "stationId": 167,
            "dataTypeId": 27,
            "timeInterval1": 3,
            "timeIntervalPartA": 2,
            "tsType": null,
            "timeIntervalPartB": null,
            "timeInterval2": null,
            "maximum": 500.0,
            "minimum": 0.0,
            "rateOfRise": null,
            "rateOfFall": null,
            "lowerWarningLevel": 50.0,
            "higherWarningLevel": 400.0,
            "missingValue": null,
            "startDate": null,
            "endDate": null,
            "noOfDataPresent": null,
            "remarks": null,
            "timeLabel1": "1900-01-01T08:30:00",
            "timeLabel2": "1900-01-01T17:30:00",
            "timeLabel3": null,
            "timeLabel4": null,
            "timeLabel5": null,
            "timeLabel6": null,
            "createdOn": "2024-06-17T11:04:33.678158",
            "createdBy": null,
            "updatedOn": "2024-06-17T11:04:33.678162",
            "updatedBy": null,
            "isActive": false
        },
        {
            "stationId": 167,
            "dataTypeId": 49,
            "timeInterval1": 3,
            "timeIntervalPartA": 2,
            "tsType": null,
            "timeIntervalPartB": null,
            "timeInterval2": null,
            "maximum": 200.0,
            "minimum": 0.0,
            "rateOfRise": null,
            "rateOfFall": null,
            "lowerWarningLevel": 50.0,
            "higherWarningLevel": 180.0,
            "missingValue": null,
            "startDate": null,
            "endDate": null,
            "noOfDataPresent": null,
            "remarks": null,
            "timeLabel1": "1900-01-01T08:30:00",
            "timeLabel2": "1900-01-01T17:30:00",
            "timeLabel3": null,
            "timeLabel4": null,
            "timeLabel5": null,
            "timeLabel6": null,
            "createdOn": "2024-06-17T11:04:33.683013",
            "createdBy": null,
            "updatedOn": "2024-06-17T11:04:33.683017",
            "updatedBy": null,
            "isActive": false
        },
        {
            "stationId": 167,
            "dataTypeId": 34,
            "timeInterval1": 4,
            "timeIntervalPartA": 1,
            "tsType": null,
            "timeIntervalPartB": null,
            "timeInterval2": null,
            "maximum": 200.0,
            "minimum": 0.0,
            "rateOfRise": null,
            "rateOfFall": null,
            "lowerWarningLevel": 120.0,
            "higherWarningLevel": 180.0,
            "missingValue": null,
            "startDate": null,
            "endDate": null,
            "noOfDataPresent": null,
            "remarks": null,
            "timeLabel1": "1900-01-01T05:00:00",
            "timeLabel2": null,
            "timeLabel3": null,
            "timeLabel4": null,
            "timeLabel5": null,
            "timeLabel6": null,
            "createdOn": "2024-06-17T11:04:33.688215",
            "createdBy": null,
            "updatedOn": "2024-06-17T11:04:33.688218",
            "updatedBy": null,
            "isActive": false
        },
        {
            "stationId": 167,
            "dataTypeId": 41,
            "timeInterval1": 4,
            "timeIntervalPartA": 1,
            "tsType": null,
            "timeIntervalPartB": null,
            "timeInterval2": null,
            "maximum": 150.0,
            "minimum": 0.0,
            "rateOfRise": null,
            "rateOfFall": null,
            "lowerWarningLevel": 100.0,
            "higherWarningLevel": 120.0,
            "missingValue": null,
            "startDate": null,
            "endDate": null,
            "noOfDataPresent": null,
            "remarks": null,
            "timeLabel1": "1900-01-01T08:30:00",
            "timeLabel2": null,
            "timeLabel3": null,
            "timeLabel4": null,
            "timeLabel5": null,
            "timeLabel6": null,
            "createdOn": "2024-06-17T11:04:33.692902",
            "createdBy": null,
            "updatedOn": "2024-06-17T11:04:33.692906",
            "updatedBy": null,
            "isActive": false
        },
        {
            "stationId": 165,
            "dataTypeId": 20,
            "timeInterval1": 4,
            "timeIntervalPartA": 1,
            "tsType": null,
            "timeIntervalPartB": null,
            "timeInterval2": null,
            "maximum": 200.0,
            "minimum": 0.0,
            "rateOfRise": null,
            "rateOfFall": null,
            "lowerWarningLevel": 20.0,
            "higherWarningLevel": 180.0,
            "missingValue": null,
            "startDate": null,
            "endDate": null,
            "noOfDataPresent": null,
            "remarks": null,
            "timeLabel1": "1900-01-01T08:30:00",
            "timeLabel2": null,
            "timeLabel3": null,
            "timeLabel4": null,
            "timeLabel5": null,
            "timeLabel6": null,
            "createdOn": "2024-06-15T15:54:11.87335",
            "createdBy": null,
            "updatedOn": "2024-06-15T17:46:41.869391",
            "updatedBy": null,
            "isActive": false
        },
        {
            "stationId": 165,
            "dataTypeId": 42,
            "timeInterval1": 3,
            "timeIntervalPartA": 2,
            "tsType": null,
            "timeIntervalPartB": null,
            "timeInterval2": null,
            "maximum": 100.0,
            "minimum": 0.0,
            "rateOfRise": null,
            "rateOfFall": null,
            "lowerWarningLevel": 30.0,
            "higherWarningLevel": 90.0,
            "missingValue": null,
            "startDate": null,
            "endDate": null,
            "noOfDataPresent": null,
            "remarks": null,
            "timeLabel1": "1900-01-01T08:30:00",
            "timeLabel2": "1900-01-01T17:30:00",
            "timeLabel3": null,
            "timeLabel4": null,
            "timeLabel5": null,
            "timeLabel6": null,
            "createdOn": "2024-06-15T15:54:11.883038",
            "createdBy": null,
            "updatedOn": "2024-06-15T17:46:41.875017",
            "updatedBy": null,
            "isActive": false
        },
        {
            "stationId": 165,
            "dataTypeId": 47,
            "timeInterval1": 3,
            "timeIntervalPartA": 1,
            "tsType": null,
            "timeIntervalPartB": null,
            "timeInterval2": null,
            "maximum": 60.0,
            "minimum": 0.0,
            "rateOfRise": null,
            "rateOfFall": null,
            "lowerWarningLevel": 20.0,
            "higherWarningLevel": 50.0,
            "missingValue": null,
            "startDate": null,
            "endDate": null,
            "noOfDataPresent": null,
            "remarks": null,
            "timeLabel1": "1900-01-01T08:30:00",
            "timeLabel2": null,
            "timeLabel3": null,
            "timeLabel4": null,
            "timeLabel5": null,
            "timeLabel6": null,
            "createdOn": "2024-06-15T15:54:11.887863",
            "createdBy": null,
            "updatedOn": "2024-06-15T17:46:41.880047",
            "updatedBy": null,
            "isActive": false
        },
        {
            "stationId": 165,
            "dataTypeId": 43,
            "timeInterval1": 3,
            "timeIntervalPartA": 1,
            "tsType": null,
            "timeIntervalPartB": null,
            "timeInterval2": null,
            "maximum": 100.0,
            "minimum": 0.0,
            "rateOfRise": null,
            "rateOfFall": null,
            "lowerWarningLevel": 20.0,
            "higherWarningLevel": 53.0,
            "missingValue": null,
            "startDate": null,
            "endDate": null,
            "noOfDataPresent": null,
            "remarks": null,
            "timeLabel1": "1900-01-01T08:30:00",
            "timeLabel2": null,
            "timeLabel3": null,
            "timeLabel4": null,
            "timeLabel5": null,
            "timeLabel6": null,
            "createdOn": "2024-06-15T15:54:11.892673",
            "createdBy": null,
            "updatedOn": "2024-06-15T17:46:41.884702",
            "updatedBy": null,
            "isActive": false
        },
        {
            "stationId": 165,
            "dataTypeId": 8,
            "timeInterval1": 3,
            "timeIntervalPartA": 1,
            "tsType": null,
            "timeIntervalPartB": null,
            "timeInterval2": null,
            "maximum": 100.0,
            "minimum": 0.0,
            "rateOfRise": null,
            "rateOfFall": null,
            "lowerWarningLevel": 60.0,
            "higherWarningLevel": 80.0,
            "missingValue": null,
            "startDate": null,
            "endDate": null,
            "noOfDataPresent": null,
            "remarks": null,
            "timeLabel1": "1900-01-01T09:00:00",
            "timeLabel2": null,
            "timeLabel3": null,
            "timeLabel4": null,
            "timeLabel5": null,
            "timeLabel6": null,
            "createdOn": "2024-06-15T15:54:11.897625",
            "createdBy": null,
            "updatedOn": "2024-06-15T17:46:41.889529",
            "updatedBy": null,
            "isActive": false
        },
        {
            "stationId": 165,
            "dataTypeId": 22,
            "timeInterval1": 3,
            "timeIntervalPartA": 2,
            "tsType": null,
            "timeIntervalPartB": null,
            "timeInterval2": null,
            "maximum": 100.0,
            "minimum": 0.0,
            "rateOfRise": null,
            "rateOfFall": null,
            "lowerWarningLevel": 20.0,
            "higherWarningLevel": 80.0,
            "missingValue": null,
            "startDate": null,
            "endDate": null,
            "noOfDataPresent": null,
            "remarks": null,
            "timeLabel1": "1900-01-01T08:30:00",
            "timeLabel2": "1900-01-01T17:30:00",
            "timeLabel3": null,
            "timeLabel4": null,
            "timeLabel5": null,
            "timeLabel6": null,
            "createdOn": "2024-06-15T15:54:11.903111",
            "createdBy": null,
            "updatedOn": "2024-06-15T17:46:41.894015",
            "updatedBy": null,
            "isActive": false
        },
        {
            "stationId": 165,
            "dataTypeId": 28,
            "timeInterval1": 4,
            "timeIntervalPartA": 1,
            "tsType": null,
            "timeIntervalPartB": null,
            "timeInterval2": null,
            "maximum": 100.0,
            "minimum": 0.0,
            "rateOfRise": null,
            "rateOfFall": null,
            "lowerWarningLevel": 20.0,
            "higherWarningLevel": 90.0,
            "missingValue": null,
            "startDate": null,
            "endDate": null,
            "noOfDataPresent": null,
            "remarks": null,
            "timeLabel1": "1900-01-01T08:30:00",
            "timeLabel2": null,
            "timeLabel3": null,
            "timeLabel4": null,
            "timeLabel5": null,
            "timeLabel6": null,
            "createdOn": "2024-06-15T15:54:11.908837",
            "createdBy": null,
            "updatedOn": "2024-06-15T17:46:41.898737",
            "updatedBy": null,
            "isActive": false
        },
        {
            "stationId": 2,
            "dataTypeId": 54,
            "timeInterval1": 3,
            "timeIntervalPartA": 2,
            "tsType": "1",
            "timeIntervalPartB": "C",
            "timeInterval2": null,
            "maximum": 1000.0,
            "minimum": 0.0,
            "rateOfRise": null,
            "rateOfFall": null,
            "lowerWarningLevel": 10.0,
            "higherWarningLevel": 900.0,
            "missingValue": 0,
            "startDate": null,
            "endDate": null,
            "noOfDataPresent": 0,
            "remarks": null,
            "timeLabel1": "1900-01-01T08:30:00",
            "timeLabel2": "1900-01-01T17:30:00",
            "timeLabel3": null,
            "timeLabel4": null,
            "timeLabel5": null,
            "timeLabel6": null,
            "createdOn": null,
            "createdBy": null,
            "updatedOn": "2024-06-11T10:49:23.017815",
            "updatedBy": null,
            "isActive": true
        },
        {
            "stationId": 3,
            "dataTypeId": 8,
            "timeInterval1": 3,
            "timeIntervalPartA": 1,
            "tsType": null,
            "timeIntervalPartB": null,
            "timeInterval2": null,
            "maximum": 100.0,
            "minimum": 0.0,
            "rateOfRise": null,
            "rateOfFall": null,
            "lowerWarningLevel": 60.0,
            "higherWarningLevel": 80.0,
            "missingValue": null,
            "startDate": null,
            "endDate": null,
            "noOfDataPresent": null,
            "remarks": null,
            "timeLabel1": "1900-01-01T09:00:00",
            "timeLabel2": null,
            "timeLabel3": null,
            "timeLabel4": null,
            "timeLabel5": null,
            "timeLabel6": null,
            "createdOn": "2024-06-01T14:14:57.649565",
            "createdBy": null,
            "updatedOn": "2024-06-15T15:14:06.21139",
            "updatedBy": null,
            "isActive": false
        },
        {
            "stationId": 3,
            "dataTypeId": 25,
            "timeInterval1": 4,
            "timeIntervalPartA": 1,
            "tsType": null,
            "timeIntervalPartB": null,
            "timeInterval2": null,
            "maximum": 100.0,
            "minimum": 0.0,
            "rateOfRise": null,
            "rateOfFall": null,
            "lowerWarningLevel": 30.0,
            "higherWarningLevel": 90.0,
            "missingValue": null,
            "startDate": null,
            "endDate": null,
            "noOfDataPresent": null,
            "remarks": null,
            "timeLabel1": "1900-01-01T08:30:00",
            "timeLabel2": null,
            "timeLabel3": null,
            "timeLabel4": null,
            "timeLabel5": null,
            "timeLabel6": null,
            "createdOn": "2024-06-01T14:14:57.652528",
            "createdBy": null,
            "updatedOn": "2024-06-15T15:14:06.234936",
            "updatedBy": null,
            "isActive": false
        },
        {
            "stationId": 3,
            "dataTypeId": 49,
            "timeInterval1": 3,
            "timeIntervalPartA": 2,
            "tsType": null,
            "timeIntervalPartB": null,
            "timeInterval2": null,
            "maximum": 200.0,
            "minimum": 0.0,
            "rateOfRise": null,
            "rateOfFall": null,
            "lowerWarningLevel": 50.0,
            "higherWarningLevel": 180.0,
            "missingValue": null,
            "startDate": null,
            "endDate": null,
            "noOfDataPresent": null,
            "remarks": null,
            "timeLabel1": "1900-01-01T08:30:00",
            "timeLabel2": "1900-01-01T17:30:00",
            "timeLabel3": null,
            "timeLabel4": null,
            "timeLabel5": null,
            "timeLabel6": null,
            "createdOn": "2024-06-01T14:14:57.640876",
            "createdBy": null,
            "updatedOn": "2024-06-15T15:14:06.244409",
            "updatedBy": null,
            "isActive": false
        },
        {
            "stationId": 3,
            "dataTypeId": 41,
            "timeInterval1": 4,
            "timeIntervalPartA": 1,
            "tsType": null,
            "timeIntervalPartB": null,
            "timeInterval2": null,
            "maximum": 150.0,
            "minimum": 0.0,
            "rateOfRise": null,
            "rateOfFall": null,
            "lowerWarningLevel": 100.0,
            "higherWarningLevel": 120.0,
            "missingValue": null,
            "startDate": null,
            "endDate": null,
            "noOfDataPresent": null,
            "remarks": null,
            "timeLabel1": "1900-01-01T08:30:00",
            "timeLabel2": null,
            "timeLabel3": null,
            "timeLabel4": null,
            "timeLabel5": null,
            "timeLabel6": null,
            "createdOn": "2024-06-01T14:14:57.644267",
            "createdBy": null,
            "updatedOn": "2024-06-15T15:14:06.2532",
            "updatedBy": null,
            "isActive": false
        },
        {
            "stationId": 3,
            "dataTypeId": 44,
            "timeInterval1": 3,
            "timeIntervalPartA": 2,
            "tsType": "1",
            "timeIntervalPartB": "C",
            "timeInterval2": null,
            "maximum": 40.0,
            "minimum": 0.0,
            "rateOfRise": null,
            "rateOfFall": null,
            "lowerWarningLevel": 5.0,
            "higherWarningLevel": 30.0,
            "missingValue": 0,
            "startDate": null,
            "endDate": null,
            "noOfDataPresent": 0,
            "remarks": null,
            "timeLabel1": "1900-01-01T08:30:00",
            "timeLabel2": "1900-01-01T17:30:00",
            "timeLabel3": null,
            "timeLabel4": null,
            "timeLabel5": null,
            "timeLabel6": null,
            "createdOn": null,
            "createdBy": null,
            "updatedOn": "2024-06-15T15:14:06.257492",
            "updatedBy": null,
            "isActive": true
        },
        {
            "stationId": 3,
            "dataTypeId": 15,
            "timeInterval1": 3,
            "timeIntervalPartA": 4,
            "tsType": null,
            "timeIntervalPartB": null,
            "timeInterval2": null,
            "maximum": 200.0,
            "minimum": 0.0,
            "rateOfRise": null,
            "rateOfFall": null,
            "lowerWarningLevel": 150.0,
            "higherWarningLevel": 180.0,
            "missingValue": null,
            "startDate": null,
            "endDate": null,
            "noOfDataPresent": null,
            "remarks": null,
            "timeLabel1": "1900-01-01T09:00:00",
            "timeLabel2": "1900-01-01T12:00:00",
            "timeLabel3": "1900-01-01T15:00:00",
            "timeLabel4": "1900-01-01T18:00:00",
            "timeLabel5": null,
            "timeLabel6": null,
            "createdOn": "2024-06-01T14:14:57.637936",
            "createdBy": null,
            "updatedOn": "2024-06-15T15:14:06.261969",
            "updatedBy": null,
            "isActive": false
        },
        {
            "stationId": 3,
            "dataTypeId": 55,
            "timeInterval1": 3,
            "timeIntervalPartA": 2,
            "tsType": null,
            "timeIntervalPartB": null,
            "timeInterval2": null,
            "maximum": 100.0,
            "minimum": 0.0,
            "rateOfRise": null,
            "rateOfFall": null,
            "lowerWarningLevel": 20.0,
            "higherWarningLevel": 80.0,
            "missingValue": null,
            "startDate": null,
            "endDate": null,
            "noOfDataPresent": null,
            "remarks": null,
            "timeLabel1": "1900-01-01T08:30:00",
            "timeLabel2": "1900-01-01T17:30:00",
            "timeLabel3": null,
            "timeLabel4": null,
            "timeLabel5": null,
            "timeLabel6": null,
            "createdOn": "2024-06-01T14:14:57.646875",
            "createdBy": null,
            "updatedOn": "2024-06-15T15:14:06.275097",
            "updatedBy": null,
            "isActive": false
        },
        {
            "stationId": 11,
            "dataTypeId": 28,
            "timeInterval1": 4,
            "timeIntervalPartA": 1,
            "tsType": "1",
            "timeIntervalPartB": null,
            "timeInterval2": null,
            "maximum": null,
            "minimum": null,
            "rateOfRise": null,
            "rateOfFall": null,
            "lowerWarningLevel": null,
            "higherWarningLevel": null,
            "missingValue": 0,
            "startDate": null,
            "endDate": null,
            "noOfDataPresent": 0,
            "remarks": null,
            "timeLabel1": "1900-01-01T08:30:00",
            "timeLabel2": null,
            "timeLabel3": null,
            "timeLabel4": null,
            "timeLabel5": null,
            "timeLabel6": null,
            "createdOn": null,
            "createdBy": null,
            "updatedOn": null,
            "updatedBy": null,
            "isActive": true
        },
        {
            "stationId": 11,
            "dataTypeId": 32,
            "timeInterval1": 3,
            "timeIntervalPartA": 1,
            "tsType": "1",
            "timeIntervalPartB": null,
            "timeInterval2": null,
            "maximum": 180.0,
            "minimum": 0.0,
            "rateOfRise": null,
            "rateOfFall": null,
            "lowerWarningLevel": null,
            "higherWarningLevel": 160.0,
            "missingValue": 0,
            "startDate": null,
            "endDate": null,
            "noOfDataPresent": 0,
            "remarks": null,
            "timeLabel1": "1900-01-01T08:30:00",
            "timeLabel2": null,
            "timeLabel3": null,
            "timeLabel4": null,
            "timeLabel5": null,
            "timeLabel6": null,
            "createdOn": null,
            "createdBy": null,
            "updatedOn": null,
            "updatedBy": null,
            "isActive": true
        },
        {
            "stationId": 12,
            "dataTypeId": 32,
            "timeInterval1": 3,
            "timeIntervalPartA": 1,
            "tsType": "1",
            "timeIntervalPartB": null,
            "timeInterval2": null,
            "maximum": null,
            "minimum": null,
            "rateOfRise": null,
            "rateOfFall": null,
            "lowerWarningLevel": null,
            "higherWarningLevel": null,
            "missingValue": 0,
            "startDate": null,
            "endDate": null,
            "noOfDataPresent": 0,
            "remarks": null,
            "timeLabel1": "1900-01-01T08:30:00",
            "timeLabel2": null,
            "timeLabel3": null,
            "timeLabel4": null,
            "timeLabel5": null,
            "timeLabel6": null,
            "createdOn": null,
            "createdBy": null,
            "updatedOn": null,
            "updatedBy": null,
            "isActive": true
        },
        {
            "stationId": 13,
            "dataTypeId": 28,
            "timeInterval1": 4,
            "timeIntervalPartA": 1,
            "tsType": "1",
            "timeIntervalPartB": null,
            "timeInterval2": null,
            "maximum": null,
            "minimum": null,
            "rateOfRise": null,
            "rateOfFall": null,
            "lowerWarningLevel": null,
            "higherWarningLevel": null,
            "missingValue": 0,
            "startDate": null,
            "endDate": null,
            "noOfDataPresent": 0,
            "remarks": null,
            "timeLabel1": "1900-01-01T08:30:00",
            "timeLabel2": null,
            "timeLabel3": null,
            "timeLabel4": null,
            "timeLabel5": null,
            "timeLabel6": null,
            "createdOn": null,
            "createdBy": null,
            "updatedOn": null,
            "updatedBy": null,
            "isActive": true
        },
        {
            "stationId": 13,
            "dataTypeId": 32,
            "timeInterval1": 3,
            "timeIntervalPartA": 1,
            "tsType": "1",
            "timeIntervalPartB": null,
            "timeInterval2": null,
            "maximum": null,
            "minimum": null,
            "rateOfRise": null,
            "rateOfFall": null,
            "lowerWarningLevel": null,
            "higherWarningLevel": null,
            "missingValue": 0,
            "startDate": null,
            "endDate": null,
            "noOfDataPresent": 0,
            "remarks": null,
            "timeLabel1": "1900-01-01T08:30:00",
            "timeLabel2": null,
            "timeLabel3": null,
            "timeLabel4": null,
            "timeLabel5": null,
            "timeLabel6": null,
            "createdOn": null,
            "createdBy": null,
            "updatedOn": null,
            "updatedBy": null,
            "isActive": true
        },
        {
            "stationId": 14,
            "dataTypeId": 32,
            "timeInterval1": 3,
            "timeIntervalPartA": 1,
            "tsType": "1",
            "timeIntervalPartB": null,
            "timeInterval2": null,
            "maximum": null,
            "minimum": null,
            "rateOfRise": null,
            "rateOfFall": null,
            "lowerWarningLevel": null,
            "higherWarningLevel": null,
            "missingValue": 0,
            "startDate": null,
            "endDate": null,
            "noOfDataPresent": 0,
            "remarks": null,
            "timeLabel1": "1900-01-01T08:30:00",
            "timeLabel2": null,
            "timeLabel3": null,
            "timeLabel4": null,
            "timeLabel5": null,
            "timeLabel6": null,
            "createdOn": null,
            "createdBy": null,
            "updatedOn": null,
            "updatedBy": null,
            "isActive": true
        },
        {
            "stationId": 15,
            "dataTypeId": 22,
            "timeInterval1": 3,
            "timeIntervalPartA": 2,
            "tsType": "1",
            "timeIntervalPartB": "C",
            "timeInterval2": null,
            "maximum": null,
            "minimum": null,
            "rateOfRise": null,
            "rateOfFall": null,
            "lowerWarningLevel": null,
            "higherWarningLevel": null,
            "missingValue": 0,
            "startDate": null,
            "endDate": null,
            "noOfDataPresent": 0,
            "remarks": null,
            "timeLabel1": "1900-01-01T08:30:00",
            "timeLabel2": "1900-01-01T17:30:00",
            "timeLabel3": null,
            "timeLabel4": null,
            "timeLabel5": null,
            "timeLabel6": null,
            "createdOn": null,
            "createdBy": null,
            "updatedOn": null,
            "updatedBy": null,
            "isActive": true
        },
        {
            "stationId": 15,
            "dataTypeId": 27,
            "timeInterval1": 3,
            "timeIntervalPartA": 2,
            "tsType": "1",
            "timeIntervalPartB": "C",
            "timeInterval2": null,
            "maximum": null,
            "minimum": null,
            "rateOfRise": null,
            "rateOfFall": null,
            "lowerWarningLevel": null,
            "higherWarningLevel": null,
            "missingValue": 0,
            "startDate": null,
            "endDate": null,
            "noOfDataPresent": 0,
            "remarks": null,
            "timeLabel1": "1900-01-01T08:30:00",
            "timeLabel2": "1900-01-01T17:30:00",
            "timeLabel3": null,
            "timeLabel4": null,
            "timeLabel5": null,
            "timeLabel6": null,
            "createdOn": null,
            "createdBy": null,
            "updatedOn": null,
            "updatedBy": null,
            "isActive": true
        },
        {
            "stationId": 15,
            "dataTypeId": 28,
            "timeInterval1": 4,
            "timeIntervalPartA": 1,
            "tsType": "1",
            "timeIntervalPartB": null,
            "timeInterval2": null,
            "maximum": null,
            "minimum": null,
            "rateOfRise": null,
            "rateOfFall": null,
            "lowerWarningLevel": null,
            "higherWarningLevel": null,
            "missingValue": 0,
            "startDate": null,
            "endDate": null,
            "noOfDataPresent": 0,
            "remarks": null,
            "timeLabel1": "1900-01-01T08:30:00",
            "timeLabel2": null,
            "timeLabel3": null,
            "timeLabel4": null,
            "timeLabel5": null,
            "timeLabel6": null,
            "createdOn": null,
            "createdBy": null,
            "updatedOn": null,
            "updatedBy": null,
            "isActive": true
        },
        {
            "stationId": 15,
            "dataTypeId": 32,
            "timeInterval1": 3,
            "timeIntervalPartA": 1,
            "tsType": "1",
            "timeIntervalPartB": null,
            "timeInterval2": null,
            "maximum": null,
            "minimum": null,
            "rateOfRise": null,
            "rateOfFall": null,
            "lowerWarningLevel": null,
            "higherWarningLevel": null,
            "missingValue": 0,
            "startDate": null,
            "endDate": null,
            "noOfDataPresent": 0,
            "remarks": null,
            "timeLabel1": "1900-01-01T08:30:00",
            "timeLabel2": null,
            "timeLabel3": null,
            "timeLabel4": null,
            "timeLabel5": null,
            "timeLabel6": null,
            "createdOn": null,
            "createdBy": null,
            "updatedOn": null,
            "updatedBy": null,
            "isActive": true
        },
        {
            "stationId": 15,
            "dataTypeId": 32,
            "timeInterval1": 3,
            "timeIntervalPartA": 2,
            "tsType": "1",
            "timeIntervalPartB": "C",
            "timeInterval2": null,
            "maximum": null,
            "minimum": null,
            "rateOfRise": null,
            "rateOfFall": null,
            "lowerWarningLevel": null,
            "higherWarningLevel": null,
            "missingValue": 0,
            "startDate": null,
            "endDate": null,
            "noOfDataPresent": 0,
            "remarks": null,
            "timeLabel1": "1900-01-01T08:30:00",
            "timeLabel2": "1900-01-01T17:30:00",
            "timeLabel3": null,
            "timeLabel4": null,
            "timeLabel5": null,
            "timeLabel6": null,
            "createdOn": null,
            "createdBy": null,
            "updatedOn": null,
            "updatedBy": null,
            "isActive": true
        },
        {
            "stationId": 15,
            "dataTypeId": 34,
            "timeInterval1": 4,
            "timeIntervalPartA": 1,
            "tsType": "1",
            "timeIntervalPartB": null,
            "timeInterval2": null,
            "maximum": null,
            "minimum": null,
            "rateOfRise": null,
            "rateOfFall": null,
            "lowerWarningLevel": null,
            "higherWarningLevel": null,
            "missingValue": 0,
            "startDate": null,
            "endDate": null,
            "noOfDataPresent": 0,
            "remarks": null,
            "timeLabel1": "1900-01-01T05:00:00",
            "timeLabel2": null,
            "timeLabel3": null,
            "timeLabel4": null,
            "timeLabel5": null,
            "timeLabel6": null,
            "createdOn": null,
            "createdBy": null,
            "updatedOn": null,
            "updatedBy": null,
            "isActive": true
        },
        {
            "stationId": 15,
            "dataTypeId": 42,
            "timeInterval1": 3,
            "timeIntervalPartA": 2,
            "tsType": "1",
            "timeIntervalPartB": "C",
            "timeInterval2": null,
            "maximum": null,
            "minimum": null,
            "rateOfRise": null,
            "rateOfFall": null,
            "lowerWarningLevel": null,
            "higherWarningLevel": null,
            "missingValue": 0,
            "startDate": null,
            "endDate": null,
            "noOfDataPresent": 0,
            "remarks": null,
            "timeLabel1": "1900-01-01T08:30:00",
            "timeLabel2": "1900-01-01T17:30:00",
            "timeLabel3": null,
            "timeLabel4": null,
            "timeLabel5": null,
            "timeLabel6": null,
            "createdOn": null,
            "createdBy": null,
            "updatedOn": null,
            "updatedBy": null,
            "isActive": true
        },
        {
            "stationId": 15,
            "dataTypeId": 43,
            "timeInterval1": 3,
            "timeIntervalPartA": 1,
            "tsType": "1",
            "timeIntervalPartB": null,
            "timeInterval2": null,
            "maximum": null,
            "minimum": null,
            "rateOfRise": null,
            "rateOfFall": null,
            "lowerWarningLevel": null,
            "higherWarningLevel": null,
            "missingValue": 0,
            "startDate": null,
            "endDate": null,
            "noOfDataPresent": 0,
            "remarks": null,
            "timeLabel1": "1900-01-01T08:30:00",
            "timeLabel2": null,
            "timeLabel3": null,
            "timeLabel4": null,
            "timeLabel5": null,
            "timeLabel6": null,
            "createdOn": null,
            "createdBy": null,
            "updatedOn": null,
            "updatedBy": null,
            "isActive": true
        },
        {
            "stationId": 15,
            "dataTypeId": 44,
            "timeInterval1": 3,
            "timeIntervalPartA": 2,
            "tsType": "1",
            "timeIntervalPartB": "C",
            "timeInterval2": null,
            "maximum": null,
            "minimum": null,
            "rateOfRise": null,
            "rateOfFall": null,
            "lowerWarningLevel": null,
            "higherWarningLevel": null,
            "missingValue": 0,
            "startDate": null,
            "endDate": null,
            "noOfDataPresent": 0,
            "remarks": null,
            "timeLabel1": "1900-01-01T08:30:00",
            "timeLabel2": "1900-01-01T17:30:00",
            "timeLabel3": null,
            "timeLabel4": null,
            "timeLabel5": null,
            "timeLabel6": null,
            "createdOn": null,
            "createdBy": null,
            "updatedOn": null,
            "updatedBy": null,
            "isActive": true
        },
        {
            "stationId": 15,
            "dataTypeId": 46,
            "timeInterval1": 3,
            "timeIntervalPartA": 2,
            "tsType": "1",
            "timeIntervalPartB": "C",
            "timeInterval2": null,
            "maximum": null,
            "minimum": null,
            "rateOfRise": null,
            "rateOfFall": null,
            "lowerWarningLevel": null,
            "higherWarningLevel": null,
            "missingValue": 0,
            "startDate": null,
            "endDate": null,
            "noOfDataPresent": 0,
            "remarks": null,
            "timeLabel1": "1900-01-01T08:30:00",
            "timeLabel2": "1900-01-01T17:30:00",
            "timeLabel3": null,
            "timeLabel4": null,
            "timeLabel5": null,
            "timeLabel6": null,
            "createdOn": null,
            "createdBy": null,
            "updatedOn": null,
            "updatedBy": null,
            "isActive": true
        },
        {
            "stationId": 15,
            "dataTypeId": 47,
            "timeInterval1": 3,
            "timeIntervalPartA": 1,
            "tsType": "1",
            "timeIntervalPartB": null,
            "timeInterval2": null,
            "maximum": null,
            "minimum": null,
            "rateOfRise": null,
            "rateOfFall": null,
            "lowerWarningLevel": null,
            "higherWarningLevel": null,
            "missingValue": 0,
            "startDate": null,
            "endDate": null,
            "noOfDataPresent": 0,
            "remarks": null,
            "timeLabel1": "1900-01-01T08:30:00",
            "timeLabel2": null,
            "timeLabel3": null,
            "timeLabel4": null,
            "timeLabel5": null,
            "timeLabel6": null,
            "createdOn": null,
            "createdBy": null,
            "updatedOn": null,
            "updatedBy": null,
            "isActive": true
        },
        {
            "stationId": 15,
            "dataTypeId": 50,
            "timeInterval1": 3,
            "timeIntervalPartA": 2,
            "tsType": "1",
            "timeIntervalPartB": "C",
            "timeInterval2": null,
            "maximum": null,
            "minimum": null,
            "rateOfRise": null,
            "rateOfFall": null,
            "lowerWarningLevel": null,
            "higherWarningLevel": null,
            "missingValue": 0,
            "startDate": null,
            "endDate": null,
            "noOfDataPresent": 0,
            "remarks": null,
            "timeLabel1": "1900-01-01T08:30:00",
            "timeLabel2": "1900-01-01T17:30:00",
            "timeLabel3": null,
            "timeLabel4": null,
            "timeLabel5": null,
            "timeLabel6": null,
            "createdOn": null,
            "createdBy": null,
            "updatedOn": null,
            "updatedBy": null,
            "isActive": true
        },
        {
            "stationId": 15,
            "dataTypeId": 54,
            "timeInterval1": 3,
            "timeIntervalPartA": 2,
            "tsType": "1",
            "timeIntervalPartB": "C",
            "timeInterval2": null,
            "maximum": null,
            "minimum": null,
            "rateOfRise": null,
            "rateOfFall": null,
            "lowerWarningLevel": null,
            "higherWarningLevel": null,
            "missingValue": 0,
            "startDate": null,
            "endDate": null,
            "noOfDataPresent": 0,
            "remarks": null,
            "timeLabel1": "1900-01-01T08:30:00",
            "timeLabel2": "1900-01-01T17:30:00",
            "timeLabel3": null,
            "timeLabel4": null,
            "timeLabel5": null,
            "timeLabel6": null,
            "createdOn": null,
            "createdBy": null,
            "updatedOn": null,
            "updatedBy": null,
            "isActive": true
        },
        {
            "stationId": 15,
            "dataTypeId": 56,
            "timeInterval1": 3,
            "timeIntervalPartA": 1,
            "tsType": "1",
            "timeIntervalPartB": null,
            "timeInterval2": null,
            "maximum": null,
            "minimum": null,
            "rateOfRise": null,
            "rateOfFall": null,
            "lowerWarningLevel": null,
            "higherWarningLevel": null,
            "missingValue": 0,
            "startDate": null,
            "endDate": null,
            "noOfDataPresent": 0,
            "remarks": null,
            "timeLabel1": "1900-01-01T08:30:00",
            "timeLabel2": null,
            "timeLabel3": null,
            "timeLabel4": null,
            "timeLabel5": null,
            "timeLabel6": null,
            "createdOn": null,
            "createdBy": null,
            "updatedOn": null,
            "updatedBy": null,
            "isActive": true
        },
        {
            "stationId": 16,
            "dataTypeId": 32,
            "timeInterval1": 3,
            "timeIntervalPartA": 1,
            "tsType": "1",
            "timeIntervalPartB": null,
            "timeInterval2": null,
            "maximum": null,
            "minimum": 0.0,
            "rateOfRise": null,
            "rateOfFall": null,
            "lowerWarningLevel": null,
            "higherWarningLevel": null,
            "missingValue": 0,
            "startDate": null,
            "endDate": null,
            "noOfDataPresent": 0,
            "remarks": null,
            "timeLabel1": "1900-01-01T08:30:00",
            "timeLabel2": null,
            "timeLabel3": null,
            "timeLabel4": null,
            "timeLabel5": null,
            "timeLabel6": null,
            "createdOn": null,
            "createdBy": null,
            "updatedOn": null,
            "updatedBy": null,
            "isActive": true
        },
        {
            "stationId": 17,
            "dataTypeId": 28,
            "timeInterval1": 4,
            "timeIntervalPartA": 1,
            "tsType": "1",
            "timeIntervalPartB": null,
            "timeInterval2": null,
            "maximum": null,
            "minimum": null,
            "rateOfRise": null,
            "rateOfFall": null,
            "lowerWarningLevel": null,
            "higherWarningLevel": null,
            "missingValue": 0,
            "startDate": null,
            "endDate": null,
            "noOfDataPresent": 0,
            "remarks": null,
            "timeLabel1": "1900-01-01T08:30:00",
            "timeLabel2": null,
            "timeLabel3": null,
            "timeLabel4": null,
            "timeLabel5": null,
            "timeLabel6": null,
            "createdOn": null,
            "createdBy": null,
            "updatedOn": null,
            "updatedBy": null,
            "isActive": true
        },
        {
            "stationId": 17,
            "dataTypeId": 32,
            "timeInterval1": 3,
            "timeIntervalPartA": 1,
            "tsType": "1",
            "timeIntervalPartB": null,
            "timeInterval2": null,
            "maximum": null,
            "minimum": null,
            "rateOfRise": null,
            "rateOfFall": null,
            "lowerWarningLevel": null,
            "higherWarningLevel": null,
            "missingValue": 0,
            "startDate": null,
            "endDate": null,
            "noOfDataPresent": 0,
            "remarks": null,
            "timeLabel1": "1900-01-01T08:30:00",
            "timeLabel2": null,
            "timeLabel3": null,
            "timeLabel4": null,
            "timeLabel5": null,
            "timeLabel6": null,
            "createdOn": null,
            "createdBy": null,
            "updatedOn": null,
            "updatedBy": null,
            "isActive": true
        },
        {
            "stationId": 18,
            "dataTypeId": 28,
            "timeInterval1": 4,
            "timeIntervalPartA": 1,
            "tsType": "1",
            "timeIntervalPartB": null,
            "timeInterval2": null,
            "maximum": null,
            "minimum": null,
            "rateOfRise": null,
            "rateOfFall": null,
            "lowerWarningLevel": null,
            "higherWarningLevel": null,
            "missingValue": 0,
            "startDate": null,
            "endDate": null,
            "noOfDataPresent": 0,
            "remarks": null,
            "timeLabel1": "1900-01-01T08:30:00",
            "timeLabel2": null,
            "timeLabel3": null,
            "timeLabel4": null,
            "timeLabel5": null,
            "timeLabel6": null,
            "createdOn": null,
            "createdBy": null,
            "updatedOn": null,
            "updatedBy": null,
            "isActive": true
        },
        {
            "stationId": 18,
            "dataTypeId": 32,
            "timeInterval1": 3,
            "timeIntervalPartA": 1,
            "tsType": "1",
            "timeIntervalPartB": null,
            "timeInterval2": null,
            "maximum": null,
            "minimum": null,
            "rateOfRise": null,
            "rateOfFall": null,
            "lowerWarningLevel": null,
            "higherWarningLevel": null,
            "missingValue": 0,
            "startDate": null,
            "endDate": null,
            "noOfDataPresent": 0,
            "remarks": null,
            "timeLabel1": "1900-01-01T08:30:00",
            "timeLabel2": null,
            "timeLabel3": null,
            "timeLabel4": null,
            "timeLabel5": null,
            "timeLabel6": null,
            "createdOn": null,
            "createdBy": null,
            "updatedOn": null,
            "updatedBy": null,
            "isActive": true
        },
        {
            "stationId": 19,
            "dataTypeId": 32,
            "timeInterval1": 3,
            "timeIntervalPartA": 1,
            "tsType": "1",
            "timeIntervalPartB": null,
            "timeInterval2": null,
            "maximum": null,
            "minimum": 0.0,
            "rateOfRise": null,
            "rateOfFall": null,
            "lowerWarningLevel": null,
            "higherWarningLevel": null,
            "missingValue": 0,
            "startDate": null,
            "endDate": null,
            "noOfDataPresent": 0,
            "remarks": null,
            "timeLabel1": "1900-01-01T08:30:00",
            "timeLabel2": null,
            "timeLabel3": null,
            "timeLabel4": null,
            "timeLabel5": null,
            "timeLabel6": null,
            "createdOn": null,
            "createdBy": null,
            "updatedOn": null,
            "updatedBy": null,
            "isActive": true
        },
        {
            "stationId": 20,
            "dataTypeId": 32,
            "timeInterval1": 3,
            "timeIntervalPartA": 1,
            "tsType": "1",
            "timeIntervalPartB": null,
            "timeInterval2": null,
            "maximum": null,
            "minimum": null,
            "rateOfRise": null,
            "rateOfFall": null,
            "lowerWarningLevel": null,
            "higherWarningLevel": null,
            "missingValue": 0,
            "startDate": null,
            "endDate": null,
            "noOfDataPresent": 0,
            "remarks": null,
            "timeLabel1": "1900-01-01T08:30:00",
            "timeLabel2": null,
            "timeLabel3": null,
            "timeLabel4": null,
            "timeLabel5": null,
            "timeLabel6": null,
            "createdOn": null,
            "createdBy": null,
            "updatedOn": null,
            "updatedBy": null,
            "isActive": true
        },
        {
            "stationId": 21,
            "dataTypeId": 32,
            "timeInterval1": 3,
            "timeIntervalPartA": 1,
            "tsType": "1",
            "timeIntervalPartB": null,
            "timeInterval2": null,
            "maximum": null,
            "minimum": 0.0,
            "rateOfRise": null,
            "rateOfFall": null,
            "lowerWarningLevel": null,
            "higherWarningLevel": null,
            "missingValue": 0,
            "startDate": null,
            "endDate": null,
            "noOfDataPresent": 0,
            "remarks": null,
            "timeLabel1": "1900-01-01T08:30:00",
            "timeLabel2": null,
            "timeLabel3": null,
            "timeLabel4": null,
            "timeLabel5": null,
            "timeLabel6": null,
            "createdOn": null,
            "createdBy": null,
            "updatedOn": null,
            "updatedBy": null,
            "isActive": true
        },
        {
            "stationId": 115,
            "dataTypeId": 32,
            "timeInterval1": 3,
            "timeIntervalPartA": 1,
            "tsType": "1",
            "timeIntervalPartB": null,
            "timeInterval2": null,
            "maximum": null,
            "minimum": null,
            "rateOfRise": null,
            "rateOfFall": null,
            "lowerWarningLevel": null,
            "higherWarningLevel": null,
            "missingValue": 0,
            "startDate": null,
            "endDate": null,
            "noOfDataPresent": 0,
            "remarks": null,
            "timeLabel1": "1900-01-01T08:30:00",
            "timeLabel2": null,
            "timeLabel3": null,
            "timeLabel4": null,
            "timeLabel5": null,
            "timeLabel6": null,
            "createdOn": null,
            "createdBy": null,
            "updatedOn": null,
            "updatedBy": null,
            "isActive": true
        },
        {
            "stationId": 22,
            "dataTypeId": 32,
            "timeInterval1": 3,
            "timeIntervalPartA": 1,
            "tsType": "1",
            "timeIntervalPartB": null,
            "timeInterval2": null,
            "maximum": null,
            "minimum": 0.0,
            "rateOfRise": null,
            "rateOfFall": null,
            "lowerWarningLevel": null,
            "higherWarningLevel": null,
            "missingValue": 0,
            "startDate": null,
            "endDate": null,
            "noOfDataPresent": 0,
            "remarks": null,
            "timeLabel1": "1900-01-01T08:30:00",
            "timeLabel2": null,
            "timeLabel3": null,
            "timeLabel4": null,
            "timeLabel5": null,
            "timeLabel6": null,
            "createdOn": null,
            "createdBy": null,
            "updatedOn": null,
            "updatedBy": null,
            "isActive": true
        },
        {
            "stationId": 23,
            "dataTypeId": 32,
            "timeInterval1": 3,
            "timeIntervalPartA": 1,
            "tsType": "1",
            "timeIntervalPartB": null,
            "timeInterval2": null,
            "maximum": null,
            "minimum": null,
            "rateOfRise": null,
            "rateOfFall": null,
            "lowerWarningLevel": null,
            "higherWarningLevel": null,
            "missingValue": 0,
            "startDate": null,
            "endDate": null,
            "noOfDataPresent": 0,
            "remarks": null,
            "timeLabel1": "1900-01-01T08:30:00",
            "timeLabel2": null,
            "timeLabel3": null,
            "timeLabel4": null,
            "timeLabel5": null,
            "timeLabel6": null,
            "createdOn": null,
            "createdBy": null,
            "updatedOn": null,
            "updatedBy": null,
            "isActive": true
        },
        {
            "stationId": 24,
            "dataTypeId": 32,
            "timeInterval1": 3,
            "timeIntervalPartA": 1,
            "tsType": "1",
            "timeIntervalPartB": null,
            "timeInterval2": null,
            "maximum": null,
            "minimum": 0.0,
            "rateOfRise": null,
            "rateOfFall": null,
            "lowerWarningLevel": null,
            "higherWarningLevel": null,
            "missingValue": 0,
            "startDate": null,
            "endDate": null,
            "noOfDataPresent": 0,
            "remarks": null,
            "timeLabel1": "1900-01-01T08:30:00",
            "timeLabel2": null,
            "timeLabel3": null,
            "timeLabel4": null,
            "timeLabel5": null,
            "timeLabel6": null,
            "createdOn": null,
            "createdBy": null,
            "updatedOn": null,
            "updatedBy": null,
            "isActive": true
        },
        {
            "stationId": 25,
            "dataTypeId": 32,
            "timeInterval1": 3,
            "timeIntervalPartA": 1,
            "tsType": "1",
            "timeIntervalPartB": null,
            "timeInterval2": null,
            "maximum": null,
            "minimum": null,
            "rateOfRise": null,
            "rateOfFall": null,
            "lowerWarningLevel": null,
            "higherWarningLevel": null,
            "missingValue": 0,
            "startDate": null,
            "endDate": null,
            "noOfDataPresent": 0,
            "remarks": null,
            "timeLabel1": "1900-01-01T08:30:00",
            "timeLabel2": null,
            "timeLabel3": null,
            "timeLabel4": null,
            "timeLabel5": null,
            "timeLabel6": null,
            "createdOn": null,
            "createdBy": null,
            "updatedOn": null,
            "updatedBy": null,
            "isActive": true
        },
        {
            "stationId": 26,
            "dataTypeId": 32,
            "timeInterval1": 3,
            "timeIntervalPartA": 1,
            "tsType": "1",
            "timeIntervalPartB": null,
            "timeInterval2": null,
            "maximum": null,
            "minimum": null,
            "rateOfRise": null,
            "rateOfFall": null,
            "lowerWarningLevel": null,
            "higherWarningLevel": null,
            "missingValue": 0,
            "startDate": null,
            "endDate": null,
            "noOfDataPresent": 0,
            "remarks": null,
            "timeLabel1": "1900-01-01T08:30:00",
            "timeLabel2": null,
            "timeLabel3": null,
            "timeLabel4": null,
            "timeLabel5": null,
            "timeLabel6": null,
            "createdOn": null,
            "createdBy": null,
            "updatedOn": null,
            "updatedBy": null,
            "isActive": true
        },
        {
            "stationId": 27,
            "dataTypeId": 32,
            "timeInterval1": 3,
            "timeIntervalPartA": 1,
            "tsType": "1",
            "timeIntervalPartB": null,
            "timeInterval2": null,
            "maximum": null,
            "minimum": null,
            "rateOfRise": null,
            "rateOfFall": null,
            "lowerWarningLevel": null,
            "higherWarningLevel": null,
            "missingValue": 0,
            "startDate": null,
            "endDate": null,
            "noOfDataPresent": 0,
            "remarks": null,
            "timeLabel1": "1900-01-01T08:30:00",
            "timeLabel2": null,
            "timeLabel3": null,
            "timeLabel4": null,
            "timeLabel5": null,
            "timeLabel6": null,
            "createdOn": null,
            "createdBy": null,
            "updatedOn": null,
            "updatedBy": null,
            "isActive": true
        },
        {
            "stationId": 28,
            "dataTypeId": 22,
            "timeInterval1": 3,
            "timeIntervalPartA": 2,
            "tsType": "1",
            "timeIntervalPartB": "C",
            "timeInterval2": null,
            "maximum": null,
            "minimum": null,
            "rateOfRise": null,
            "rateOfFall": null,
            "lowerWarningLevel": null,
            "higherWarningLevel": null,
            "missingValue": 0,
            "startDate": null,
            "endDate": null,
            "noOfDataPresent": 0,
            "remarks": null,
            "timeLabel1": "1900-01-01T08:30:00",
            "timeLabel2": "1900-01-01T17:30:00",
            "timeLabel3": null,
            "timeLabel4": null,
            "timeLabel5": null,
            "timeLabel6": null,
            "createdOn": null,
            "createdBy": null,
            "updatedOn": null,
            "updatedBy": null,
            "isActive": true
        },
        {
            "stationId": 28,
            "dataTypeId": 27,
            "timeInterval1": 3,
            "timeIntervalPartA": 2,
            "tsType": "1",
            "timeIntervalPartB": "C",
            "timeInterval2": null,
            "maximum": null,
            "minimum": null,
            "rateOfRise": null,
            "rateOfFall": null,
            "lowerWarningLevel": null,
            "higherWarningLevel": null,
            "missingValue": 0,
            "startDate": null,
            "endDate": null,
            "noOfDataPresent": 0,
            "remarks": null,
            "timeLabel1": "1900-01-01T08:30:00",
            "timeLabel2": "1900-01-01T17:30:00",
            "timeLabel3": null,
            "timeLabel4": null,
            "timeLabel5": null,
            "timeLabel6": null,
            "createdOn": null,
            "createdBy": null,
            "updatedOn": null,
            "updatedBy": null,
            "isActive": true
        },
        {
            "stationId": 28,
            "dataTypeId": 28,
            "timeInterval1": 4,
            "timeIntervalPartA": 1,
            "tsType": "1",
            "timeIntervalPartB": null,
            "timeInterval2": null,
            "maximum": null,
            "minimum": null,
            "rateOfRise": null,
            "rateOfFall": null,
            "lowerWarningLevel": null,
            "higherWarningLevel": null,
            "missingValue": 0,
            "startDate": null,
            "endDate": null,
            "noOfDataPresent": 0,
            "remarks": null,
            "timeLabel1": "1900-01-01T08:30:00",
            "timeLabel2": null,
            "timeLabel3": null,
            "timeLabel4": null,
            "timeLabel5": null,
            "timeLabel6": null,
            "createdOn": null,
            "createdBy": null,
            "updatedOn": null,
            "updatedBy": null,
            "isActive": true
        },
        {
            "stationId": 28,
            "dataTypeId": 32,
            "timeInterval1": 3,
            "timeIntervalPartA": 1,
            "tsType": "1",
            "timeIntervalPartB": null,
            "timeInterval2": null,
            "maximum": null,
            "minimum": null,
            "rateOfRise": null,
            "rateOfFall": null,
            "lowerWarningLevel": null,
            "higherWarningLevel": null,
            "missingValue": 0,
            "startDate": null,
            "endDate": null,
            "noOfDataPresent": 0,
            "remarks": null,
            "timeLabel1": "1900-01-01T08:30:00",
            "timeLabel2": null,
            "timeLabel3": null,
            "timeLabel4": null,
            "timeLabel5": null,
            "timeLabel6": null,
            "createdOn": null,
            "createdBy": null,
            "updatedOn": null,
            "updatedBy": null,
            "isActive": true
        },
        {
            "stationId": 28,
            "dataTypeId": 32,
            "timeInterval1": 3,
            "timeIntervalPartA": 2,
            "tsType": "1",
            "timeIntervalPartB": "C",
            "timeInterval2": null,
            "maximum": null,
            "minimum": null,
            "rateOfRise": null,
            "rateOfFall": null,
            "lowerWarningLevel": null,
            "higherWarningLevel": null,
            "missingValue": 0,
            "startDate": null,
            "endDate": null,
            "noOfDataPresent": 0,
            "remarks": null,
            "timeLabel1": "1900-01-01T08:30:00",
            "timeLabel2": "1900-01-01T17:30:00",
            "timeLabel3": null,
            "timeLabel4": null,
            "timeLabel5": null,
            "timeLabel6": null,
            "createdOn": null,
            "createdBy": null,
            "updatedOn": null,
            "updatedBy": null,
            "isActive": true
        },
        {
            "stationId": 28,
            "dataTypeId": 34,
            "timeInterval1": 4,
            "timeIntervalPartA": 1,
            "tsType": "1",
            "timeIntervalPartB": null,
            "timeInterval2": null,
            "maximum": null,
            "minimum": null,
            "rateOfRise": null,
            "rateOfFall": null,
            "lowerWarningLevel": null,
            "higherWarningLevel": null,
            "missingValue": 0,
            "startDate": null,
            "endDate": null,
            "noOfDataPresent": 0,
            "remarks": null,
            "timeLabel1": "1900-01-01T05:00:00",
            "timeLabel2": null,
            "timeLabel3": null,
            "timeLabel4": null,
            "timeLabel5": null,
            "timeLabel6": null,
            "createdOn": null,
            "createdBy": null,
            "updatedOn": null,
            "updatedBy": null,
            "isActive": true
        },
        {
            "stationId": 28,
            "dataTypeId": 42,
            "timeInterval1": 3,
            "timeIntervalPartA": 2,
            "tsType": "1",
            "timeIntervalPartB": "C",
            "timeInterval2": null,
            "maximum": null,
            "minimum": null,
            "rateOfRise": null,
            "rateOfFall": null,
            "lowerWarningLevel": null,
            "higherWarningLevel": null,
            "missingValue": 0,
            "startDate": null,
            "endDate": null,
            "noOfDataPresent": 0,
            "remarks": null,
            "timeLabel1": "1900-01-01T08:30:00",
            "timeLabel2": "1900-01-01T17:30:00",
            "timeLabel3": null,
            "timeLabel4": null,
            "timeLabel5": null,
            "timeLabel6": null,
            "createdOn": null,
            "createdBy": null,
            "updatedOn": null,
            "updatedBy": null,
            "isActive": true
        },
        {
            "stationId": 28,
            "dataTypeId": 43,
            "timeInterval1": 3,
            "timeIntervalPartA": 1,
            "tsType": "1",
            "timeIntervalPartB": null,
            "timeInterval2": null,
            "maximum": null,
            "minimum": null,
            "rateOfRise": null,
            "rateOfFall": null,
            "lowerWarningLevel": null,
            "higherWarningLevel": null,
            "missingValue": 0,
            "startDate": null,
            "endDate": null,
            "noOfDataPresent": 0,
            "remarks": null,
            "timeLabel1": "1900-01-01T08:30:00",
            "timeLabel2": null,
            "timeLabel3": null,
            "timeLabel4": null,
            "timeLabel5": null,
            "timeLabel6": null,
            "createdOn": null,
            "createdBy": null,
            "updatedOn": null,
            "updatedBy": null,
            "isActive": true
        },
        {
            "stationId": 28,
            "dataTypeId": 44,
            "timeInterval1": 3,
            "timeIntervalPartA": 2,
            "tsType": "1",
            "timeIntervalPartB": "C",
            "timeInterval2": null,
            "maximum": null,
            "minimum": null,
            "rateOfRise": null,
            "rateOfFall": null,
            "lowerWarningLevel": null,
            "higherWarningLevel": null,
            "missingValue": 0,
            "startDate": null,
            "endDate": null,
            "noOfDataPresent": 0,
            "remarks": null,
            "timeLabel1": "1900-01-01T08:30:00",
            "timeLabel2": "1900-01-01T17:30:00",
            "timeLabel3": null,
            "timeLabel4": null,
            "timeLabel5": null,
            "timeLabel6": null,
            "createdOn": null,
            "createdBy": null,
            "updatedOn": null,
            "updatedBy": null,
            "isActive": true
        },
        {
            "stationId": 28,
            "dataTypeId": 46,
            "timeInterval1": 3,
            "timeIntervalPartA": 2,
            "tsType": "1",
            "timeIntervalPartB": "C",
            "timeInterval2": null,
            "maximum": null,
            "minimum": null,
            "rateOfRise": null,
            "rateOfFall": null,
            "lowerWarningLevel": null,
            "higherWarningLevel": null,
            "missingValue": 0,
            "startDate": null,
            "endDate": null,
            "noOfDataPresent": 0,
            "remarks": null,
            "timeLabel1": "1900-01-01T08:30:00",
            "timeLabel2": "1900-01-01T17:30:00",
            "timeLabel3": null,
            "timeLabel4": null,
            "timeLabel5": null,
            "timeLabel6": null,
            "createdOn": null,
            "createdBy": null,
            "updatedOn": null,
            "updatedBy": null,
            "isActive": true
        },
        {
            "stationId": 28,
            "dataTypeId": 47,
            "timeInterval1": 3,
            "timeIntervalPartA": 1,
            "tsType": "1",
            "timeIntervalPartB": null,
            "timeInterval2": null,
            "maximum": null,
            "minimum": null,
            "rateOfRise": null,
            "rateOfFall": null,
            "lowerWarningLevel": null,
            "higherWarningLevel": null,
            "missingValue": 0,
            "startDate": null,
            "endDate": null,
            "noOfDataPresent": 0,
            "remarks": null,
            "timeLabel1": "1900-01-01T08:30:00",
            "timeLabel2": null,
            "timeLabel3": null,
            "timeLabel4": null,
            "timeLabel5": null,
            "timeLabel6": null,
            "createdOn": null,
            "createdBy": null,
            "updatedOn": null,
            "updatedBy": null,
            "isActive": true
        },
        {
            "stationId": 28,
            "dataTypeId": 50,
            "timeInterval1": 3,
            "timeIntervalPartA": 2,
            "tsType": "1",
            "timeIntervalPartB": "C",
            "timeInterval2": null,
            "maximum": null,
            "minimum": null,
            "rateOfRise": null,
            "rateOfFall": null,
            "lowerWarningLevel": null,
            "higherWarningLevel": null,
            "missingValue": 0,
            "startDate": null,
            "endDate": null,
            "noOfDataPresent": 0,
            "remarks": null,
            "timeLabel1": "1900-01-01T08:30:00",
            "timeLabel2": "1900-01-01T17:30:00",
            "timeLabel3": null,
            "timeLabel4": null,
            "timeLabel5": null,
            "timeLabel6": null,
            "createdOn": null,
            "createdBy": null,
            "updatedOn": null,
            "updatedBy": null,
            "isActive": true
        },
        {
            "stationId": 28,
            "dataTypeId": 54,
            "timeInterval1": 3,
            "timeIntervalPartA": 2,
            "tsType": "1",
            "timeIntervalPartB": "C",
            "timeInterval2": null,
            "maximum": null,
            "minimum": null,
            "rateOfRise": null,
            "rateOfFall": null,
            "lowerWarningLevel": null,
            "higherWarningLevel": null,
            "missingValue": 0,
            "startDate": null,
            "endDate": null,
            "noOfDataPresent": 0,
            "remarks": null,
            "timeLabel1": "1900-01-01T08:30:00",
            "timeLabel2": "1900-01-01T17:30:00",
            "timeLabel3": null,
            "timeLabel4": null,
            "timeLabel5": null,
            "timeLabel6": null,
            "createdOn": null,
            "createdBy": null,
            "updatedOn": null,
            "updatedBy": null,
            "isActive": true
        },
        {
            "stationId": 28,
            "dataTypeId": 56,
            "timeInterval1": 3,
            "timeIntervalPartA": 1,
            "tsType": "1",
            "timeIntervalPartB": null,
            "timeInterval2": null,
            "maximum": null,
            "minimum": null,
            "rateOfRise": null,
            "rateOfFall": null,
            "lowerWarningLevel": null,
            "higherWarningLevel": null,
            "missingValue": 0,
            "startDate": null,
            "endDate": null,
            "noOfDataPresent": 0,
            "remarks": null,
            "timeLabel1": "1900-01-01T08:30:00",
            "timeLabel2": null,
            "timeLabel3": null,
            "timeLabel4": null,
            "timeLabel5": null,
            "timeLabel6": null,
            "createdOn": null,
            "createdBy": null,
            "updatedOn": null,
            "updatedBy": null,
            "isActive": true
        },
        {
            "stationId": 30,
            "dataTypeId": 32,
            "timeInterval1": 3,
            "timeIntervalPartA": 1,
            "tsType": "1",
            "timeIntervalPartB": null,
            "timeInterval2": null,
            "maximum": null,
            "minimum": null,
            "rateOfRise": null,
            "rateOfFall": null,
            "lowerWarningLevel": null,
            "higherWarningLevel": null,
            "missingValue": 0,
            "startDate": null,
            "endDate": null,
            "noOfDataPresent": 0,
            "remarks": null,
            "timeLabel1": "1900-01-01T08:30:00",
            "timeLabel2": null,
            "timeLabel3": null,
            "timeLabel4": null,
            "timeLabel5": null,
            "timeLabel6": null,
            "createdOn": null,
            "createdBy": null,
            "updatedOn": null,
            "updatedBy": null,
            "isActive": true
        },
        {
            "stationId": 31,
            "dataTypeId": 32,
            "timeInterval1": 3,
            "timeIntervalPartA": 1,
            "tsType": "1",
            "timeIntervalPartB": null,
            "timeInterval2": null,
            "maximum": null,
            "minimum": null,
            "rateOfRise": null,
            "rateOfFall": null,
            "lowerWarningLevel": null,
            "higherWarningLevel": null,
            "missingValue": 0,
            "startDate": null,
            "endDate": null,
            "noOfDataPresent": 0,
            "remarks": null,
            "timeLabel1": "1900-01-01T08:30:00",
            "timeLabel2": null,
            "timeLabel3": null,
            "timeLabel4": null,
            "timeLabel5": null,
            "timeLabel6": null,
            "createdOn": null,
            "createdBy": null,
            "updatedOn": null,
            "updatedBy": null,
            "isActive": true
        },
        {
            "stationId": 32,
            "dataTypeId": 32,
            "timeInterval1": 3,
            "timeIntervalPartA": 1,
            "tsType": "1",
            "timeIntervalPartB": null,
            "timeInterval2": null,
            "maximum": null,
            "minimum": 0.0,
            "rateOfRise": null,
            "rateOfFall": null,
            "lowerWarningLevel": null,
            "higherWarningLevel": null,
            "missingValue": 0,
            "startDate": null,
            "endDate": null,
            "noOfDataPresent": 0,
            "remarks": null,
            "timeLabel1": "1900-01-01T08:30:00",
            "timeLabel2": null,
            "timeLabel3": null,
            "timeLabel4": null,
            "timeLabel5": null,
            "timeLabel6": null,
            "createdOn": null,
            "createdBy": null,
            "updatedOn": null,
            "updatedBy": null,
            "isActive": true
        },
        {
            "stationId": 33,
            "dataTypeId": 32,
            "timeInterval1": 3,
            "timeIntervalPartA": 1,
            "tsType": "1",
            "timeIntervalPartB": null,
            "timeInterval2": null,
            "maximum": null,
            "minimum": null,
            "rateOfRise": null,
            "rateOfFall": null,
            "lowerWarningLevel": null,
            "higherWarningLevel": null,
            "missingValue": 0,
            "startDate": null,
            "endDate": null,
            "noOfDataPresent": 0,
            "remarks": null,
            "timeLabel1": "1900-01-01T08:30:00",
            "timeLabel2": null,
            "timeLabel3": null,
            "timeLabel4": null,
            "timeLabel5": null,
            "timeLabel6": null,
            "createdOn": null,
            "createdBy": null,
            "updatedOn": null,
            "updatedBy": null,
            "isActive": true
        },
        {
            "stationId": 34,
            "dataTypeId": 32,
            "timeInterval1": 3,
            "timeIntervalPartA": 1,
            "tsType": "1",
            "timeIntervalPartB": null,
            "timeInterval2": null,
            "maximum": null,
            "minimum": null,
            "rateOfRise": null,
            "rateOfFall": null,
            "lowerWarningLevel": null,
            "higherWarningLevel": null,
            "missingValue": 0,
            "startDate": null,
            "endDate": null,
            "noOfDataPresent": 0,
            "remarks": null,
            "timeLabel1": "1900-01-01T08:30:00",
            "timeLabel2": null,
            "timeLabel3": null,
            "timeLabel4": null,
            "timeLabel5": null,
            "timeLabel6": null,
            "createdOn": null,
            "createdBy": null,
            "updatedOn": null,
            "updatedBy": null,
            "isActive": true
        },
        {
            "stationId": 35,
            "dataTypeId": 32,
            "timeInterval1": 3,
            "timeIntervalPartA": 1,
            "tsType": "1",
            "timeIntervalPartB": null,
            "timeInterval2": null,
            "maximum": null,
            "minimum": null,
            "rateOfRise": null,
            "rateOfFall": null,
            "lowerWarningLevel": null,
            "higherWarningLevel": null,
            "missingValue": 0,
            "startDate": null,
            "endDate": null,
            "noOfDataPresent": 0,
            "remarks": null,
            "timeLabel1": "1900-01-01T08:30:00",
            "timeLabel2": null,
            "timeLabel3": null,
            "timeLabel4": null,
            "timeLabel5": null,
            "timeLabel6": null,
            "createdOn": null,
            "createdBy": null,
            "updatedOn": null,
            "updatedBy": null,
            "isActive": true
        },
        {
            "stationId": 36,
            "dataTypeId": 28,
            "timeInterval1": 4,
            "timeIntervalPartA": 1,
            "tsType": "1",
            "timeIntervalPartB": null,
            "timeInterval2": null,
            "maximum": null,
            "minimum": null,
            "rateOfRise": null,
            "rateOfFall": null,
            "lowerWarningLevel": null,
            "higherWarningLevel": null,
            "missingValue": 0,
            "startDate": null,
            "endDate": null,
            "noOfDataPresent": 0,
            "remarks": null,
            "timeLabel1": "1900-01-01T08:30:00",
            "timeLabel2": null,
            "timeLabel3": null,
            "timeLabel4": null,
            "timeLabel5": null,
            "timeLabel6": null,
            "createdOn": null,
            "createdBy": null,
            "updatedOn": null,
            "updatedBy": null,
            "isActive": true
        },
        {
            "stationId": 36,
            "dataTypeId": 32,
            "timeInterval1": 3,
            "timeIntervalPartA": 1,
            "tsType": "1",
            "timeIntervalPartB": null,
            "timeInterval2": null,
            "maximum": null,
            "minimum": null,
            "rateOfRise": null,
            "rateOfFall": null,
            "lowerWarningLevel": null,
            "higherWarningLevel": null,
            "missingValue": 0,
            "startDate": null,
            "endDate": null,
            "noOfDataPresent": 0,
            "remarks": null,
            "timeLabel1": "1900-01-01T08:30:00",
            "timeLabel2": null,
            "timeLabel3": null,
            "timeLabel4": null,
            "timeLabel5": null,
            "timeLabel6": null,
            "createdOn": null,
            "createdBy": null,
            "updatedOn": null,
            "updatedBy": null,
            "isActive": true
        },
        {
            "stationId": 37,
            "dataTypeId": 32,
            "timeInterval1": 3,
            "timeIntervalPartA": 1,
            "tsType": "1",
            "timeIntervalPartB": null,
            "timeInterval2": null,
            "maximum": null,
            "minimum": 0.0,
            "rateOfRise": null,
            "rateOfFall": null,
            "lowerWarningLevel": null,
            "higherWarningLevel": null,
            "missingValue": 0,
            "startDate": null,
            "endDate": null,
            "noOfDataPresent": 0,
            "remarks": null,
            "timeLabel1": "1900-01-01T08:30:00",
            "timeLabel2": null,
            "timeLabel3": null,
            "timeLabel4": null,
            "timeLabel5": null,
            "timeLabel6": null,
            "createdOn": null,
            "createdBy": null,
            "updatedOn": null,
            "updatedBy": null,
            "isActive": true
        },
        {
            "stationId": 38,
            "dataTypeId": 32,
            "timeInterval1": 3,
            "timeIntervalPartA": 1,
            "tsType": "1",
            "timeIntervalPartB": null,
            "timeInterval2": null,
            "maximum": null,
            "minimum": 0.0,
            "rateOfRise": null,
            "rateOfFall": null,
            "lowerWarningLevel": null,
            "higherWarningLevel": null,
            "missingValue": 0,
            "startDate": null,
            "endDate": null,
            "noOfDataPresent": 0,
            "remarks": null,
            "timeLabel1": "1900-01-01T08:30:00",
            "timeLabel2": null,
            "timeLabel3": null,
            "timeLabel4": null,
            "timeLabel5": null,
            "timeLabel6": null,
            "createdOn": null,
            "createdBy": null,
            "updatedOn": null,
            "updatedBy": null,
            "isActive": true
        },
        {
            "stationId": 39,
            "dataTypeId": 32,
            "timeInterval1": 3,
            "timeIntervalPartA": 1,
            "tsType": "1",
            "timeIntervalPartB": null,
            "timeInterval2": null,
            "maximum": null,
            "minimum": null,
            "rateOfRise": null,
            "rateOfFall": null,
            "lowerWarningLevel": null,
            "higherWarningLevel": null,
            "missingValue": 0,
            "startDate": null,
            "endDate": null,
            "noOfDataPresent": 0,
            "remarks": null,
            "timeLabel1": "1900-01-01T08:30:00",
            "timeLabel2": null,
            "timeLabel3": null,
            "timeLabel4": null,
            "timeLabel5": null,
            "timeLabel6": null,
            "createdOn": null,
            "createdBy": null,
            "updatedOn": null,
            "updatedBy": null,
            "isActive": true
        },
        {
            "stationId": 40,
            "dataTypeId": 32,
            "timeInterval1": 3,
            "timeIntervalPartA": 1,
            "tsType": "1",
            "timeIntervalPartB": null,
            "timeInterval2": null,
            "maximum": null,
            "minimum": 0.0,
            "rateOfRise": null,
            "rateOfFall": null,
            "lowerWarningLevel": null,
            "higherWarningLevel": null,
            "missingValue": 0,
            "startDate": null,
            "endDate": null,
            "noOfDataPresent": 0,
            "remarks": null,
            "timeLabel1": "1900-01-01T08:30:00",
            "timeLabel2": null,
            "timeLabel3": null,
            "timeLabel4": null,
            "timeLabel5": null,
            "timeLabel6": null,
            "createdOn": null,
            "createdBy": null,
            "updatedOn": null,
            "updatedBy": null,
            "isActive": true
        },
        {
            "stationId": 41,
            "dataTypeId": 32,
            "timeInterval1": 3,
            "timeIntervalPartA": 1,
            "tsType": "1",
            "timeIntervalPartB": null,
            "timeInterval2": null,
            "maximum": null,
            "minimum": 0.0,
            "rateOfRise": null,
            "rateOfFall": null,
            "lowerWarningLevel": null,
            "higherWarningLevel": null,
            "missingValue": 0,
            "startDate": null,
            "endDate": null,
            "noOfDataPresent": 0,
            "remarks": null,
            "timeLabel1": "1900-01-01T08:30:00",
            "timeLabel2": null,
            "timeLabel3": null,
            "timeLabel4": null,
            "timeLabel5": null,
            "timeLabel6": null,
            "createdOn": null,
            "createdBy": null,
            "updatedOn": null,
            "updatedBy": null,
            "isActive": true
        },
        {
            "stationId": 42,
            "dataTypeId": 32,
            "timeInterval1": 3,
            "timeIntervalPartA": 1,
            "tsType": "1",
            "timeIntervalPartB": null,
            "timeInterval2": null,
            "maximum": null,
            "minimum": null,
            "rateOfRise": null,
            "rateOfFall": null,
            "lowerWarningLevel": null,
            "higherWarningLevel": null,
            "missingValue": 0,
            "startDate": null,
            "endDate": null,
            "noOfDataPresent": 0,
            "remarks": null,
            "timeLabel1": "1900-01-01T08:30:00",
            "timeLabel2": null,
            "timeLabel3": null,
            "timeLabel4": null,
            "timeLabel5": null,
            "timeLabel6": null,
            "createdOn": null,
            "createdBy": null,
            "updatedOn": null,
            "updatedBy": null,
            "isActive": true
        },
        {
            "stationId": 43,
            "dataTypeId": 32,
            "timeInterval1": 3,
            "timeIntervalPartA": 1,
            "tsType": "1",
            "timeIntervalPartB": null,
            "timeInterval2": null,
            "maximum": null,
            "minimum": null,
            "rateOfRise": null,
            "rateOfFall": null,
            "lowerWarningLevel": null,
            "higherWarningLevel": null,
            "missingValue": 0,
            "startDate": null,
            "endDate": null,
            "noOfDataPresent": 0,
            "remarks": null,
            "timeLabel1": "1900-01-01T08:30:00",
            "timeLabel2": null,
            "timeLabel3": null,
            "timeLabel4": null,
            "timeLabel5": null,
            "timeLabel6": null,
            "createdOn": null,
            "createdBy": null,
            "updatedOn": null,
            "updatedBy": null,
            "isActive": true
        },
        {
            "stationId": 44,
            "dataTypeId": 32,
            "timeInterval1": 3,
            "timeIntervalPartA": 1,
            "tsType": "1",
            "timeIntervalPartB": null,
            "timeInterval2": null,
            "maximum": null,
            "minimum": null,
            "rateOfRise": null,
            "rateOfFall": null,
            "lowerWarningLevel": null,
            "higherWarningLevel": null,
            "missingValue": 0,
            "startDate": null,
            "endDate": null,
            "noOfDataPresent": 0,
            "remarks": null,
            "timeLabel1": "1900-01-01T08:30:00",
            "timeLabel2": null,
            "timeLabel3": null,
            "timeLabel4": null,
            "timeLabel5": null,
            "timeLabel6": null,
            "createdOn": null,
            "createdBy": null,
            "updatedOn": null,
            "updatedBy": null,
            "isActive": true
        },
        {
            "stationId": 165,
            "dataTypeId": 25,
            "timeInterval1": 4,
            "timeIntervalPartA": 1,
            "tsType": null,
            "timeIntervalPartB": null,
            "timeInterval2": null,
            "maximum": 100.0,
            "minimum": 0.0,
            "rateOfRise": null,
            "rateOfFall": null,
            "lowerWarningLevel": 30.0,
            "higherWarningLevel": 90.0,
            "missingValue": null,
            "startDate": null,
            "endDate": null,
            "noOfDataPresent": null,
            "remarks": null,
            "timeLabel1": "1900-01-01T08:30:00",
            "timeLabel2": null,
            "timeLabel3": null,
            "timeLabel4": null,
            "timeLabel5": null,
            "timeLabel6": null,
            "createdOn": "2024-06-15T15:54:11.923511",
            "createdBy": null,
            "updatedOn": "2024-06-15T17:46:41.914026",
            "updatedBy": null,
            "isActive": false
        },
        {
            "stationId": 165,
            "dataTypeId": 27,
            "timeInterval1": 3,
            "timeIntervalPartA": 2,
            "tsType": null,
            "timeIntervalPartB": null,
            "timeInterval2": null,
            "maximum": 500.0,
            "minimum": 0.0,
            "rateOfRise": null,
            "rateOfFall": null,
            "lowerWarningLevel": 50.0,
            "higherWarningLevel": 400.0,
            "missingValue": null,
            "startDate": null,
            "endDate": null,
            "noOfDataPresent": null,
            "remarks": null,
            "timeLabel1": "1900-01-01T08:30:00",
            "timeLabel2": "1900-01-01T17:30:00",
            "timeLabel3": null,
            "timeLabel4": null,
            "timeLabel5": null,
            "timeLabel6": null,
            "createdOn": "2024-06-15T15:54:11.928247",
            "createdBy": null,
            "updatedOn": "2024-06-15T17:46:41.921373",
            "updatedBy": null,
            "isActive": false
        },
        {
            "stationId": 165,
            "dataTypeId": 49,
            "timeInterval1": 3,
            "timeIntervalPartA": 2,
            "tsType": null,
            "timeIntervalPartB": null,
            "timeInterval2": null,
            "maximum": 200.0,
            "minimum": 0.0,
            "rateOfRise": null,
            "rateOfFall": null,
            "lowerWarningLevel": 50.0,
            "higherWarningLevel": 180.0,
            "missingValue": null,
            "startDate": null,
            "endDate": null,
            "noOfDataPresent": null,
            "remarks": null,
            "timeLabel1": "1900-01-01T08:30:00",
            "timeLabel2": "1900-01-01T17:30:00",
            "timeLabel3": null,
            "timeLabel4": null,
            "timeLabel5": null,
            "timeLabel6": null,
            "createdOn": "2024-06-15T15:54:11.932671",
            "createdBy": null,
            "updatedOn": "2024-06-15T17:46:41.926122",
            "updatedBy": null,
            "isActive": false
        },
        {
            "stationId": 165,
            "dataTypeId": 34,
            "timeInterval1": 4,
            "timeIntervalPartA": 1,
            "tsType": null,
            "timeIntervalPartB": null,
            "timeInterval2": null,
            "maximum": 200.0,
            "minimum": 0.0,
            "rateOfRise": null,
            "rateOfFall": null,
            "lowerWarningLevel": 120.0,
            "higherWarningLevel": 180.0,
            "missingValue": null,
            "startDate": null,
            "endDate": null,
            "noOfDataPresent": null,
            "remarks": null,
            "timeLabel1": "1900-01-01T05:00:00",
            "timeLabel2": null,
            "timeLabel3": null,
            "timeLabel4": null,
            "timeLabel5": null,
            "timeLabel6": null,
            "createdOn": "2024-06-15T15:54:11.937302",
            "createdBy": null,
            "updatedOn": "2024-06-15T17:46:41.930646",
            "updatedBy": null,
            "isActive": false
        },
        {
            "stationId": 165,
            "dataTypeId": 41,
            "timeInterval1": 4,
            "timeIntervalPartA": 1,
            "tsType": null,
            "timeIntervalPartB": null,
            "timeInterval2": null,
            "maximum": 150.0,
            "minimum": 0.0,
            "rateOfRise": null,
            "rateOfFall": null,
            "lowerWarningLevel": 100.0,
            "higherWarningLevel": 120.0,
            "missingValue": null,
            "startDate": null,
            "endDate": null,
            "noOfDataPresent": null,
            "remarks": null,
            "timeLabel1": "1900-01-01T08:30:00",
            "timeLabel2": null,
            "timeLabel3": null,
            "timeLabel4": null,
            "timeLabel5": null,
            "timeLabel6": null,
            "createdOn": "2024-06-15T15:54:11.942588",
            "createdBy": null,
            "updatedOn": "2024-06-15T17:46:41.935435",
            "updatedBy": null,
            "isActive": false
        },
        {
            "stationId": 46,
            "dataTypeId": 32,
            "timeInterval1": 3,
            "timeIntervalPartA": 1,
            "tsType": "1",
            "timeIntervalPartB": null,
            "timeInterval2": null,
            "maximum": null,
            "minimum": null,
            "rateOfRise": null,
            "rateOfFall": null,
            "lowerWarningLevel": null,
            "higherWarningLevel": null,
            "missingValue": 0,
            "startDate": null,
            "endDate": null,
            "noOfDataPresent": 0,
            "remarks": null,
            "timeLabel1": "1900-01-01T08:30:00",
            "timeLabel2": null,
            "timeLabel3": null,
            "timeLabel4": null,
            "timeLabel5": null,
            "timeLabel6": null,
            "createdOn": null,
            "createdBy": null,
            "updatedOn": null,
            "updatedBy": null,
            "isActive": true
        },
        {
            "stationId": 47,
            "dataTypeId": 32,
            "timeInterval1": 3,
            "timeIntervalPartA": 1,
            "tsType": "1",
            "timeIntervalPartB": null,
            "timeInterval2": null,
            "maximum": null,
            "minimum": null,
            "rateOfRise": null,
            "rateOfFall": null,
            "lowerWarningLevel": null,
            "higherWarningLevel": null,
            "missingValue": 0,
            "startDate": null,
            "endDate": null,
            "noOfDataPresent": 0,
            "remarks": null,
            "timeLabel1": "1900-01-01T08:30:00",
            "timeLabel2": null,
            "timeLabel3": null,
            "timeLabel4": null,
            "timeLabel5": null,
            "timeLabel6": null,
            "createdOn": null,
            "createdBy": null,
            "updatedOn": null,
            "updatedBy": null,
            "isActive": true
        },
        {
            "stationId": 48,
            "dataTypeId": 32,
            "timeInterval1": 3,
            "timeIntervalPartA": 1,
            "tsType": "1",
            "timeIntervalPartB": null,
            "timeInterval2": null,
            "maximum": null,
            "minimum": null,
            "rateOfRise": null,
            "rateOfFall": null,
            "lowerWarningLevel": null,
            "higherWarningLevel": null,
            "missingValue": 0,
            "startDate": null,
            "endDate": null,
            "noOfDataPresent": 0,
            "remarks": null,
            "timeLabel1": "1900-01-01T08:30:00",
            "timeLabel2": null,
            "timeLabel3": null,
            "timeLabel4": null,
            "timeLabel5": null,
            "timeLabel6": null,
            "createdOn": null,
            "createdBy": null,
            "updatedOn": null,
            "updatedBy": null,
            "isActive": true
        },
        {
            "stationId": 49,
            "dataTypeId": 32,
            "timeInterval1": 3,
            "timeIntervalPartA": 1,
            "tsType": "1",
            "timeIntervalPartB": null,
            "timeInterval2": null,
            "maximum": null,
            "minimum": 0.0,
            "rateOfRise": null,
            "rateOfFall": null,
            "lowerWarningLevel": null,
            "higherWarningLevel": null,
            "missingValue": 0,
            "startDate": null,
            "endDate": null,
            "noOfDataPresent": 0,
            "remarks": null,
            "timeLabel1": "1900-01-01T08:30:00",
            "timeLabel2": null,
            "timeLabel3": null,
            "timeLabel4": null,
            "timeLabel5": null,
            "timeLabel6": null,
            "createdOn": null,
            "createdBy": null,
            "updatedOn": null,
            "updatedBy": null,
            "isActive": true
        },
        {
            "stationId": 50,
            "dataTypeId": 28,
            "timeInterval1": 4,
            "timeIntervalPartA": 1,
            "tsType": "1",
            "timeIntervalPartB": null,
            "timeInterval2": null,
            "maximum": null,
            "minimum": null,
            "rateOfRise": null,
            "rateOfFall": null,
            "lowerWarningLevel": null,
            "higherWarningLevel": null,
            "missingValue": 0,
            "startDate": null,
            "endDate": null,
            "noOfDataPresent": 0,
            "remarks": null,
            "timeLabel1": "1900-01-01T08:30:00",
            "timeLabel2": null,
            "timeLabel3": null,
            "timeLabel4": null,
            "timeLabel5": null,
            "timeLabel6": null,
            "createdOn": null,
            "createdBy": null,
            "updatedOn": null,
            "updatedBy": null,
            "isActive": true
        },
        {
            "stationId": 50,
            "dataTypeId": 32,
            "timeInterval1": 3,
            "timeIntervalPartA": 1,
            "tsType": "1",
            "timeIntervalPartB": null,
            "timeInterval2": null,
            "maximum": null,
            "minimum": null,
            "rateOfRise": null,
            "rateOfFall": null,
            "lowerWarningLevel": null,
            "higherWarningLevel": null,
            "missingValue": 0,
            "startDate": null,
            "endDate": null,
            "noOfDataPresent": 0,
            "remarks": null,
            "timeLabel1": "1900-01-01T08:30:00",
            "timeLabel2": null,
            "timeLabel3": null,
            "timeLabel4": null,
            "timeLabel5": null,
            "timeLabel6": null,
            "createdOn": null,
            "createdBy": null,
            "updatedOn": null,
            "updatedBy": null,
            "isActive": true
        },
        {
            "stationId": 165,
            "dataTypeId": 44,
            "timeInterval1": 3,
            "timeIntervalPartA": 2,
            "tsType": null,
            "timeIntervalPartB": null,
            "timeInterval2": null,
            "maximum": 40.0,
            "minimum": 0.0,
            "rateOfRise": null,
            "rateOfFall": null,
            "lowerWarningLevel": 5.0,
            "higherWarningLevel": 30.0,
            "missingValue": null,
            "startDate": null,
            "endDate": null,
            "noOfDataPresent": null,
            "remarks": null,
            "timeLabel1": "1900-01-01T08:30:00",
            "timeLabel2": "1900-01-01T17:30:00",
            "timeLabel3": null,
            "timeLabel4": null,
            "timeLabel5": null,
            "timeLabel6": null,
            "createdOn": "2024-06-15T15:54:11.947452",
            "createdBy": null,
            "updatedOn": "2024-06-15T17:46:41.940814",
            "updatedBy": null,
            "isActive": false
        },
        {
            "stationId": 165,
            "dataTypeId": 15,
            "timeInterval1": 3,
            "timeIntervalPartA": 4,
            "tsType": null,
            "timeIntervalPartB": null,
            "timeInterval2": null,
            "maximum": 200.0,
            "minimum": 0.0,
            "rateOfRise": null,
            "rateOfFall": null,
            "lowerWarningLevel": 150.0,
            "higherWarningLevel": 180.0,
            "missingValue": null,
            "startDate": null,
            "endDate": null,
            "noOfDataPresent": null,
            "remarks": null,
            "timeLabel1": "1900-01-01T09:00:00",
            "timeLabel2": "1900-01-01T12:00:00",
            "timeLabel3": "1900-01-01T15:00:00",
            "timeLabel4": "1900-01-01T18:00:00",
            "timeLabel5": null,
            "timeLabel6": null,
            "createdOn": "2024-06-15T15:54:11.951878",
            "createdBy": null,
            "updatedOn": "2024-06-15T17:46:41.94556",
            "updatedBy": null,
            "isActive": false
        },
        {
            "stationId": 51,
            "dataTypeId": 32,
            "timeInterval1": 3,
            "timeIntervalPartA": 1,
            "tsType": "1",
            "timeIntervalPartB": null,
            "timeInterval2": null,
            "maximum": null,
            "minimum": null,
            "rateOfRise": null,
            "rateOfFall": null,
            "lowerWarningLevel": null,
            "higherWarningLevel": null,
            "missingValue": 0,
            "startDate": null,
            "endDate": null,
            "noOfDataPresent": 0,
            "remarks": null,
            "timeLabel1": "1900-01-01T08:30:00",
            "timeLabel2": null,
            "timeLabel3": null,
            "timeLabel4": null,
            "timeLabel5": null,
            "timeLabel6": null,
            "createdOn": null,
            "createdBy": null,
            "updatedOn": null,
            "updatedBy": null,
            "isActive": true
        },
        {
            "stationId": 52,
            "dataTypeId": 32,
            "timeInterval1": 3,
            "timeIntervalPartA": 1,
            "tsType": "1",
            "timeIntervalPartB": null,
            "timeInterval2": null,
            "maximum": null,
            "minimum": null,
            "rateOfRise": null,
            "rateOfFall": null,
            "lowerWarningLevel": null,
            "higherWarningLevel": null,
            "missingValue": 0,
            "startDate": null,
            "endDate": null,
            "noOfDataPresent": 0,
            "remarks": null,
            "timeLabel1": "1900-01-01T08:30:00",
            "timeLabel2": null,
            "timeLabel3": null,
            "timeLabel4": null,
            "timeLabel5": null,
            "timeLabel6": null,
            "createdOn": null,
            "createdBy": null,
            "updatedOn": null,
            "updatedBy": null,
            "isActive": true
        },
        {
            "stationId": 53,
            "dataTypeId": 22,
            "timeInterval1": 3,
            "timeIntervalPartA": 2,
            "tsType": "1",
            "timeIntervalPartB": "C",
            "timeInterval2": null,
            "maximum": null,
            "minimum": null,
            "rateOfRise": null,
            "rateOfFall": null,
            "lowerWarningLevel": null,
            "higherWarningLevel": null,
            "missingValue": 0,
            "startDate": null,
            "endDate": null,
            "noOfDataPresent": 0,
            "remarks": null,
            "timeLabel1": "1900-01-01T08:30:00",
            "timeLabel2": "1900-01-01T17:30:00",
            "timeLabel3": null,
            "timeLabel4": null,
            "timeLabel5": null,
            "timeLabel6": null,
            "createdOn": null,
            "createdBy": null,
            "updatedOn": null,
            "updatedBy": null,
            "isActive": true
        },
        {
            "stationId": 53,
            "dataTypeId": 27,
            "timeInterval1": 3,
            "timeIntervalPartA": 2,
            "tsType": "1",
            "timeIntervalPartB": "C",
            "timeInterval2": null,
            "maximum": null,
            "minimum": null,
            "rateOfRise": null,
            "rateOfFall": null,
            "lowerWarningLevel": null,
            "higherWarningLevel": null,
            "missingValue": 0,
            "startDate": null,
            "endDate": null,
            "noOfDataPresent": 0,
            "remarks": null,
            "timeLabel1": "1900-01-01T08:30:00",
            "timeLabel2": "1900-01-01T17:30:00",
            "timeLabel3": null,
            "timeLabel4": null,
            "timeLabel5": null,
            "timeLabel6": null,
            "createdOn": null,
            "createdBy": null,
            "updatedOn": null,
            "updatedBy": null,
            "isActive": true
        },
        {
            "stationId": 53,
            "dataTypeId": 28,
            "timeInterval1": 4,
            "timeIntervalPartA": 1,
            "tsType": "1",
            "timeIntervalPartB": null,
            "timeInterval2": null,
            "maximum": null,
            "minimum": null,
            "rateOfRise": null,
            "rateOfFall": null,
            "lowerWarningLevel": null,
            "higherWarningLevel": null,
            "missingValue": 0,
            "startDate": null,
            "endDate": null,
            "noOfDataPresent": 0,
            "remarks": null,
            "timeLabel1": "1900-01-01T08:30:00",
            "timeLabel2": null,
            "timeLabel3": null,
            "timeLabel4": null,
            "timeLabel5": null,
            "timeLabel6": null,
            "createdOn": null,
            "createdBy": null,
            "updatedOn": null,
            "updatedBy": null,
            "isActive": true
        },
        {
            "stationId": 53,
            "dataTypeId": 32,
            "timeInterval1": 3,
            "timeIntervalPartA": 1,
            "tsType": "1",
            "timeIntervalPartB": null,
            "timeInterval2": null,
            "maximum": null,
            "minimum": null,
            "rateOfRise": null,
            "rateOfFall": null,
            "lowerWarningLevel": null,
            "higherWarningLevel": null,
            "missingValue": 0,
            "startDate": null,
            "endDate": null,
            "noOfDataPresent": 0,
            "remarks": null,
            "timeLabel1": "1900-01-01T08:30:00",
            "timeLabel2": null,
            "timeLabel3": null,
            "timeLabel4": null,
            "timeLabel5": null,
            "timeLabel6": null,
            "createdOn": null,
            "createdBy": null,
            "updatedOn": null,
            "updatedBy": null,
            "isActive": true
        },
        {
            "stationId": 53,
            "dataTypeId": 32,
            "timeInterval1": 3,
            "timeIntervalPartA": 2,
            "tsType": "1",
            "timeIntervalPartB": "C",
            "timeInterval2": null,
            "maximum": null,
            "minimum": null,
            "rateOfRise": null,
            "rateOfFall": null,
            "lowerWarningLevel": null,
            "higherWarningLevel": null,
            "missingValue": 0,
            "startDate": null,
            "endDate": null,
            "noOfDataPresent": 0,
            "remarks": null,
            "timeLabel1": "1900-01-01T08:30:00",
            "timeLabel2": "1900-01-01T17:30:00",
            "timeLabel3": null,
            "timeLabel4": null,
            "timeLabel5": null,
            "timeLabel6": null,
            "createdOn": null,
            "createdBy": null,
            "updatedOn": null,
            "updatedBy": null,
            "isActive": true
        },
        {
            "stationId": 53,
            "dataTypeId": 34,
            "timeInterval1": 4,
            "timeIntervalPartA": 1,
            "tsType": "1",
            "timeIntervalPartB": null,
            "timeInterval2": null,
            "maximum": null,
            "minimum": null,
            "rateOfRise": null,
            "rateOfFall": null,
            "lowerWarningLevel": null,
            "higherWarningLevel": null,
            "missingValue": 0,
            "startDate": null,
            "endDate": null,
            "noOfDataPresent": 0,
            "remarks": null,
            "timeLabel1": "1900-01-01T05:00:00",
            "timeLabel2": null,
            "timeLabel3": null,
            "timeLabel4": null,
            "timeLabel5": null,
            "timeLabel6": null,
            "createdOn": null,
            "createdBy": null,
            "updatedOn": null,
            "updatedBy": null,
            "isActive": true
        },
        {
            "stationId": 53,
            "dataTypeId": 42,
            "timeInterval1": 3,
            "timeIntervalPartA": 2,
            "tsType": "1",
            "timeIntervalPartB": "C",
            "timeInterval2": null,
            "maximum": null,
            "minimum": null,
            "rateOfRise": null,
            "rateOfFall": null,
            "lowerWarningLevel": null,
            "higherWarningLevel": null,
            "missingValue": 0,
            "startDate": null,
            "endDate": null,
            "noOfDataPresent": 0,
            "remarks": null,
            "timeLabel1": "1900-01-01T08:30:00",
            "timeLabel2": "1900-01-01T17:30:00",
            "timeLabel3": null,
            "timeLabel4": null,
            "timeLabel5": null,
            "timeLabel6": null,
            "createdOn": null,
            "createdBy": null,
            "updatedOn": null,
            "updatedBy": null,
            "isActive": true
        },
        {
            "stationId": 53,
            "dataTypeId": 43,
            "timeInterval1": 3,
            "timeIntervalPartA": 1,
            "tsType": "1",
            "timeIntervalPartB": null,
            "timeInterval2": null,
            "maximum": null,
            "minimum": null,
            "rateOfRise": null,
            "rateOfFall": null,
            "lowerWarningLevel": null,
            "higherWarningLevel": null,
            "missingValue": 0,
            "startDate": null,
            "endDate": null,
            "noOfDataPresent": 0,
            "remarks": null,
            "timeLabel1": "1900-01-01T08:30:00",
            "timeLabel2": null,
            "timeLabel3": null,
            "timeLabel4": null,
            "timeLabel5": null,
            "timeLabel6": null,
            "createdOn": null,
            "createdBy": null,
            "updatedOn": null,
            "updatedBy": null,
            "isActive": true
        },
        {
            "stationId": 53,
            "dataTypeId": 44,
            "timeInterval1": 3,
            "timeIntervalPartA": 2,
            "tsType": "1",
            "timeIntervalPartB": "C",
            "timeInterval2": null,
            "maximum": null,
            "minimum": null,
            "rateOfRise": null,
            "rateOfFall": null,
            "lowerWarningLevel": null,
            "higherWarningLevel": null,
            "missingValue": 0,
            "startDate": null,
            "endDate": null,
            "noOfDataPresent": 0,
            "remarks": null,
            "timeLabel1": "1900-01-01T08:30:00",
            "timeLabel2": "1900-01-01T17:30:00",
            "timeLabel3": null,
            "timeLabel4": null,
            "timeLabel5": null,
            "timeLabel6": null,
            "createdOn": null,
            "createdBy": null,
            "updatedOn": null,
            "updatedBy": null,
            "isActive": true
        },
        {
            "stationId": 53,
            "dataTypeId": 46,
            "timeInterval1": 3,
            "timeIntervalPartA": 2,
            "tsType": "1",
            "timeIntervalPartB": "C",
            "timeInterval2": null,
            "maximum": null,
            "minimum": null,
            "rateOfRise": null,
            "rateOfFall": null,
            "lowerWarningLevel": null,
            "higherWarningLevel": null,
            "missingValue": 0,
            "startDate": null,
            "endDate": null,
            "noOfDataPresent": 0,
            "remarks": null,
            "timeLabel1": "1900-01-01T08:30:00",
            "timeLabel2": "1900-01-01T17:30:00",
            "timeLabel3": null,
            "timeLabel4": null,
            "timeLabel5": null,
            "timeLabel6": null,
            "createdOn": null,
            "createdBy": null,
            "updatedOn": null,
            "updatedBy": null,
            "isActive": true
        },
        {
            "stationId": 53,
            "dataTypeId": 47,
            "timeInterval1": 3,
            "timeIntervalPartA": 1,
            "tsType": "1",
            "timeIntervalPartB": null,
            "timeInterval2": null,
            "maximum": null,
            "minimum": null,
            "rateOfRise": null,
            "rateOfFall": null,
            "lowerWarningLevel": null,
            "higherWarningLevel": null,
            "missingValue": 0,
            "startDate": null,
            "endDate": null,
            "noOfDataPresent": 0,
            "remarks": null,
            "timeLabel1": "1900-01-01T08:30:00",
            "timeLabel2": null,
            "timeLabel3": null,
            "timeLabel4": null,
            "timeLabel5": null,
            "timeLabel6": null,
            "createdOn": null,
            "createdBy": null,
            "updatedOn": null,
            "updatedBy": null,
            "isActive": true
        },
        {
            "stationId": 53,
            "dataTypeId": 50,
            "timeInterval1": 3,
            "timeIntervalPartA": 2,
            "tsType": "1",
            "timeIntervalPartB": "C",
            "timeInterval2": null,
            "maximum": null,
            "minimum": null,
            "rateOfRise": null,
            "rateOfFall": null,
            "lowerWarningLevel": null,
            "higherWarningLevel": null,
            "missingValue": 0,
            "startDate": null,
            "endDate": null,
            "noOfDataPresent": 0,
            "remarks": null,
            "timeLabel1": "1900-01-01T08:30:00",
            "timeLabel2": "1900-01-01T17:30:00",
            "timeLabel3": null,
            "timeLabel4": null,
            "timeLabel5": null,
            "timeLabel6": null,
            "createdOn": null,
            "createdBy": null,
            "updatedOn": null,
            "updatedBy": null,
            "isActive": true
        },
        {
            "stationId": 53,
            "dataTypeId": 54,
            "timeInterval1": 3,
            "timeIntervalPartA": 2,
            "tsType": "1",
            "timeIntervalPartB": "C",
            "timeInterval2": null,
            "maximum": null,
            "minimum": null,
            "rateOfRise": null,
            "rateOfFall": null,
            "lowerWarningLevel": null,
            "higherWarningLevel": null,
            "missingValue": 0,
            "startDate": null,
            "endDate": null,
            "noOfDataPresent": 0,
            "remarks": null,
            "timeLabel1": "1900-01-01T08:30:00",
            "timeLabel2": "1900-01-01T17:30:00",
            "timeLabel3": null,
            "timeLabel4": null,
            "timeLabel5": null,
            "timeLabel6": null,
            "createdOn": null,
            "createdBy": null,
            "updatedOn": null,
            "updatedBy": null,
            "isActive": true
        },
        {
            "stationId": 53,
            "dataTypeId": 56,
            "timeInterval1": 3,
            "timeIntervalPartA": 1,
            "tsType": "1",
            "timeIntervalPartB": null,
            "timeInterval2": null,
            "maximum": null,
            "minimum": null,
            "rateOfRise": null,
            "rateOfFall": null,
            "lowerWarningLevel": null,
            "higherWarningLevel": null,
            "missingValue": 0,
            "startDate": null,
            "endDate": null,
            "noOfDataPresent": 0,
            "remarks": null,
            "timeLabel1": "1900-01-01T08:30:00",
            "timeLabel2": null,
            "timeLabel3": null,
            "timeLabel4": null,
            "timeLabel5": null,
            "timeLabel6": null,
            "createdOn": null,
            "createdBy": null,
            "updatedOn": null,
            "updatedBy": null,
            "isActive": true
        },
        {
            "stationId": 54,
            "dataTypeId": 32,
            "timeInterval1": 3,
            "timeIntervalPartA": 1,
            "tsType": "1",
            "timeIntervalPartB": null,
            "timeInterval2": null,
            "maximum": null,
            "minimum": null,
            "rateOfRise": null,
            "rateOfFall": null,
            "lowerWarningLevel": null,
            "higherWarningLevel": null,
            "missingValue": 0,
            "startDate": null,
            "endDate": null,
            "noOfDataPresent": 0,
            "remarks": null,
            "timeLabel1": "1900-01-01T08:30:00",
            "timeLabel2": null,
            "timeLabel3": null,
            "timeLabel4": null,
            "timeLabel5": null,
            "timeLabel6": null,
            "createdOn": null,
            "createdBy": null,
            "updatedOn": null,
            "updatedBy": null,
            "isActive": true
        },
        {
            "stationId": 55,
            "dataTypeId": 28,
            "timeInterval1": 4,
            "timeIntervalPartA": 1,
            "tsType": "1",
            "timeIntervalPartB": null,
            "timeInterval2": null,
            "maximum": null,
            "minimum": null,
            "rateOfRise": null,
            "rateOfFall": null,
            "lowerWarningLevel": null,
            "higherWarningLevel": null,
            "missingValue": 0,
            "startDate": null,
            "endDate": null,
            "noOfDataPresent": 0,
            "remarks": null,
            "timeLabel1": "1900-01-01T08:30:00",
            "timeLabel2": null,
            "timeLabel3": null,
            "timeLabel4": null,
            "timeLabel5": null,
            "timeLabel6": null,
            "createdOn": null,
            "createdBy": null,
            "updatedOn": null,
            "updatedBy": null,
            "isActive": true
        },
        {
            "stationId": 55,
            "dataTypeId": 32,
            "timeInterval1": 3,
            "timeIntervalPartA": 1,
            "tsType": "1",
            "timeIntervalPartB": null,
            "timeInterval2": null,
            "maximum": null,
            "minimum": null,
            "rateOfRise": null,
            "rateOfFall": null,
            "lowerWarningLevel": null,
            "higherWarningLevel": null,
            "missingValue": 0,
            "startDate": null,
            "endDate": null,
            "noOfDataPresent": 0,
            "remarks": null,
            "timeLabel1": "1900-01-01T08:30:00",
            "timeLabel2": null,
            "timeLabel3": null,
            "timeLabel4": null,
            "timeLabel5": null,
            "timeLabel6": null,
            "createdOn": null,
            "createdBy": null,
            "updatedOn": null,
            "updatedBy": null,
            "isActive": true
        },
        {
            "stationId": 56,
            "dataTypeId": 28,
            "timeInterval1": 4,
            "timeIntervalPartA": 1,
            "tsType": "1",
            "timeIntervalPartB": null,
            "timeInterval2": null,
            "maximum": null,
            "minimum": null,
            "rateOfRise": null,
            "rateOfFall": null,
            "lowerWarningLevel": null,
            "higherWarningLevel": null,
            "missingValue": 0,
            "startDate": null,
            "endDate": null,
            "noOfDataPresent": 0,
            "remarks": null,
            "timeLabel1": "1900-01-01T08:30:00",
            "timeLabel2": null,
            "timeLabel3": null,
            "timeLabel4": null,
            "timeLabel5": null,
            "timeLabel6": null,
            "createdOn": null,
            "createdBy": null,
            "updatedOn": null,
            "updatedBy": null,
            "isActive": true
        },
        {
            "stationId": 56,
            "dataTypeId": 32,
            "timeInterval1": 3,
            "timeIntervalPartA": 1,
            "tsType": "1",
            "timeIntervalPartB": null,
            "timeInterval2": null,
            "maximum": null,
            "minimum": null,
            "rateOfRise": null,
            "rateOfFall": null,
            "lowerWarningLevel": null,
            "higherWarningLevel": null,
            "missingValue": 0,
            "startDate": null,
            "endDate": null,
            "noOfDataPresent": 0,
            "remarks": null,
            "timeLabel1": "1900-01-01T08:30:00",
            "timeLabel2": null,
            "timeLabel3": null,
            "timeLabel4": null,
            "timeLabel5": null,
            "timeLabel6": null,
            "createdOn": null,
            "createdBy": null,
            "updatedOn": null,
            "updatedBy": null,
            "isActive": true
        },
        {
            "stationId": 57,
            "dataTypeId": 32,
            "timeInterval1": 3,
            "timeIntervalPartA": 1,
            "tsType": "1",
            "timeIntervalPartB": null,
            "timeInterval2": null,
            "maximum": null,
            "minimum": null,
            "rateOfRise": null,
            "rateOfFall": null,
            "lowerWarningLevel": null,
            "higherWarningLevel": null,
            "missingValue": 0,
            "startDate": null,
            "endDate": null,
            "noOfDataPresent": 0,
            "remarks": null,
            "timeLabel1": "1900-01-01T08:30:00",
            "timeLabel2": null,
            "timeLabel3": null,
            "timeLabel4": null,
            "timeLabel5": null,
            "timeLabel6": null,
            "createdOn": null,
            "createdBy": null,
            "updatedOn": null,
            "updatedBy": null,
            "isActive": true
        },
        {
            "stationId": 58,
            "dataTypeId": 32,
            "timeInterval1": 3,
            "timeIntervalPartA": 1,
            "tsType": "1",
            "timeIntervalPartB": null,
            "timeInterval2": null,
            "maximum": null,
            "minimum": null,
            "rateOfRise": null,
            "rateOfFall": null,
            "lowerWarningLevel": null,
            "higherWarningLevel": null,
            "missingValue": 0,
            "startDate": null,
            "endDate": null,
            "noOfDataPresent": 0,
            "remarks": null,
            "timeLabel1": "1900-01-01T08:30:00",
            "timeLabel2": null,
            "timeLabel3": null,
            "timeLabel4": null,
            "timeLabel5": null,
            "timeLabel6": null,
            "createdOn": null,
            "createdBy": null,
            "updatedOn": null,
            "updatedBy": null,
            "isActive": true
        },
        {
            "stationId": 59,
            "dataTypeId": 32,
            "timeInterval1": 3,
            "timeIntervalPartA": 1,
            "tsType": "1",
            "timeIntervalPartB": null,
            "timeInterval2": null,
            "maximum": null,
            "minimum": null,
            "rateOfRise": null,
            "rateOfFall": null,
            "lowerWarningLevel": null,
            "higherWarningLevel": null,
            "missingValue": 0,
            "startDate": null,
            "endDate": null,
            "noOfDataPresent": 0,
            "remarks": null,
            "timeLabel1": "1900-01-01T08:30:00",
            "timeLabel2": null,
            "timeLabel3": null,
            "timeLabel4": null,
            "timeLabel5": null,
            "timeLabel6": null,
            "createdOn": null,
            "createdBy": null,
            "updatedOn": null,
            "updatedBy": null,
            "isActive": true
        },
        {
            "stationId": 60,
            "dataTypeId": 32,
            "timeInterval1": 3,
            "timeIntervalPartA": 1,
            "tsType": "1",
            "timeIntervalPartB": null,
            "timeInterval2": null,
            "maximum": null,
            "minimum": null,
            "rateOfRise": null,
            "rateOfFall": null,
            "lowerWarningLevel": null,
            "higherWarningLevel": null,
            "missingValue": 0,
            "startDate": null,
            "endDate": null,
            "noOfDataPresent": 0,
            "remarks": null,
            "timeLabel1": "1900-01-01T08:30:00",
            "timeLabel2": null,
            "timeLabel3": null,
            "timeLabel4": null,
            "timeLabel5": null,
            "timeLabel6": null,
            "createdOn": null,
            "createdBy": null,
            "updatedOn": null,
            "updatedBy": null,
            "isActive": true
        },
        {
            "stationId": 61,
            "dataTypeId": 32,
            "timeInterval1": 3,
            "timeIntervalPartA": 1,
            "tsType": "1",
            "timeIntervalPartB": null,
            "timeInterval2": null,
            "maximum": null,
            "minimum": 0.0,
            "rateOfRise": null,
            "rateOfFall": null,
            "lowerWarningLevel": null,
            "higherWarningLevel": null,
            "missingValue": 0,
            "startDate": null,
            "endDate": null,
            "noOfDataPresent": 0,
            "remarks": null,
            "timeLabel1": "1900-01-01T08:30:00",
            "timeLabel2": null,
            "timeLabel3": null,
            "timeLabel4": null,
            "timeLabel5": null,
            "timeLabel6": null,
            "createdOn": null,
            "createdBy": null,
            "updatedOn": null,
            "updatedBy": null,
            "isActive": true
        },
        {
            "stationId": 62,
            "dataTypeId": 32,
            "timeInterval1": 3,
            "timeIntervalPartA": 1,
            "tsType": "1",
            "timeIntervalPartB": null,
            "timeInterval2": null,
            "maximum": null,
            "minimum": null,
            "rateOfRise": null,
            "rateOfFall": null,
            "lowerWarningLevel": null,
            "higherWarningLevel": null,
            "missingValue": 0,
            "startDate": null,
            "endDate": null,
            "noOfDataPresent": 0,
            "remarks": null,
            "timeLabel1": "1900-01-01T08:30:00",
            "timeLabel2": null,
            "timeLabel3": null,
            "timeLabel4": null,
            "timeLabel5": null,
            "timeLabel6": null,
            "createdOn": null,
            "createdBy": null,
            "updatedOn": null,
            "updatedBy": null,
            "isActive": true
        },
        {
            "stationId": 63,
            "dataTypeId": 32,
            "timeInterval1": 3,
            "timeIntervalPartA": 1,
            "tsType": "1",
            "timeIntervalPartB": null,
            "timeInterval2": null,
            "maximum": null,
            "minimum": null,
            "rateOfRise": null,
            "rateOfFall": null,
            "lowerWarningLevel": null,
            "higherWarningLevel": null,
            "missingValue": 0,
            "startDate": null,
            "endDate": null,
            "noOfDataPresent": 0,
            "remarks": null,
            "timeLabel1": "1900-01-01T08:30:00",
            "timeLabel2": null,
            "timeLabel3": null,
            "timeLabel4": null,
            "timeLabel5": null,
            "timeLabel6": null,
            "createdOn": null,
            "createdBy": null,
            "updatedOn": null,
            "updatedBy": null,
            "isActive": true
        },
        {
            "stationId": 64,
            "dataTypeId": 32,
            "timeInterval1": 3,
            "timeIntervalPartA": 1,
            "tsType": "1",
            "timeIntervalPartB": null,
            "timeInterval2": null,
            "maximum": null,
            "minimum": null,
            "rateOfRise": null,
            "rateOfFall": null,
            "lowerWarningLevel": null,
            "higherWarningLevel": null,
            "missingValue": 0,
            "startDate": null,
            "endDate": null,
            "noOfDataPresent": 0,
            "remarks": null,
            "timeLabel1": "1900-01-01T08:30:00",
            "timeLabel2": null,
            "timeLabel3": null,
            "timeLabel4": null,
            "timeLabel5": null,
            "timeLabel6": null,
            "createdOn": null,
            "createdBy": null,
            "updatedOn": null,
            "updatedBy": null,
            "isActive": true
        },
        {
            "stationId": 65,
            "dataTypeId": 32,
            "timeInterval1": 3,
            "timeIntervalPartA": 1,
            "tsType": "1",
            "timeIntervalPartB": null,
            "timeInterval2": null,
            "maximum": null,
            "minimum": null,
            "rateOfRise": null,
            "rateOfFall": null,
            "lowerWarningLevel": null,
            "higherWarningLevel": null,
            "missingValue": 0,
            "startDate": null,
            "endDate": null,
            "noOfDataPresent": 0,
            "remarks": null,
            "timeLabel1": "1900-01-01T08:30:00",
            "timeLabel2": null,
            "timeLabel3": null,
            "timeLabel4": null,
            "timeLabel5": null,
            "timeLabel6": null,
            "createdOn": null,
            "createdBy": null,
            "updatedOn": null,
            "updatedBy": null,
            "isActive": true
        },
        {
            "stationId": 66,
            "dataTypeId": 32,
            "timeInterval1": 3,
            "timeIntervalPartA": 1,
            "tsType": "1",
            "timeIntervalPartB": null,
            "timeInterval2": null,
            "maximum": null,
            "minimum": null,
            "rateOfRise": null,
            "rateOfFall": null,
            "lowerWarningLevel": null,
            "higherWarningLevel": null,
            "missingValue": 0,
            "startDate": null,
            "endDate": null,
            "noOfDataPresent": 0,
            "remarks": null,
            "timeLabel1": "1900-01-01T08:30:00",
            "timeLabel2": null,
            "timeLabel3": null,
            "timeLabel4": null,
            "timeLabel5": null,
            "timeLabel6": null,
            "createdOn": null,
            "createdBy": null,
            "updatedOn": null,
            "updatedBy": null,
            "isActive": true
        },
        {
            "stationId": 67,
            "dataTypeId": 32,
            "timeInterval1": 3,
            "timeIntervalPartA": 1,
            "tsType": "1",
            "timeIntervalPartB": null,
            "timeInterval2": null,
            "maximum": null,
            "minimum": 0.0,
            "rateOfRise": null,
            "rateOfFall": null,
            "lowerWarningLevel": null,
            "higherWarningLevel": null,
            "missingValue": 0,
            "startDate": null,
            "endDate": null,
            "noOfDataPresent": 0,
            "remarks": null,
            "timeLabel1": "1900-01-01T08:30:00",
            "timeLabel2": null,
            "timeLabel3": null,
            "timeLabel4": null,
            "timeLabel5": null,
            "timeLabel6": null,
            "createdOn": null,
            "createdBy": null,
            "updatedOn": null,
            "updatedBy": null,
            "isActive": true
        },
        {
            "stationId": 68,
            "dataTypeId": 32,
            "timeInterval1": 3,
            "timeIntervalPartA": 1,
            "tsType": "1",
            "timeIntervalPartB": null,
            "timeInterval2": null,
            "maximum": null,
            "minimum": 0.0,
            "rateOfRise": null,
            "rateOfFall": null,
            "lowerWarningLevel": null,
            "higherWarningLevel": null,
            "missingValue": 0,
            "startDate": null,
            "endDate": null,
            "noOfDataPresent": 0,
            "remarks": null,
            "timeLabel1": "1900-01-01T08:30:00",
            "timeLabel2": null,
            "timeLabel3": null,
            "timeLabel4": null,
            "timeLabel5": null,
            "timeLabel6": null,
            "createdOn": null,
            "createdBy": null,
            "updatedOn": null,
            "updatedBy": null,
            "isActive": true
        },
        {
            "stationId": 165,
            "dataTypeId": 46,
            "timeInterval1": 3,
            "timeIntervalPartA": 2,
            "tsType": null,
            "timeIntervalPartB": null,
            "timeInterval2": null,
            "maximum": 80.0,
            "minimum": 0.0,
            "rateOfRise": null,
            "rateOfFall": null,
            "lowerWarningLevel": 20.0,
            "higherWarningLevel": 60.0,
            "missingValue": null,
            "startDate": null,
            "endDate": null,
            "noOfDataPresent": null,
            "remarks": null,
            "timeLabel1": "1900-01-01T08:30:00",
            "timeLabel2": "1900-01-01T17:30:00",
            "timeLabel3": null,
            "timeLabel4": null,
            "timeLabel5": null,
            "timeLabel6": null,
            "createdOn": "2024-06-15T15:54:11.956234",
            "createdBy": null,
            "updatedOn": "2024-06-15T17:46:41.949935",
            "updatedBy": null,
            "isActive": false
        },
        {
            "stationId": 165,
            "dataTypeId": 32,
            "timeInterval1": 3,
            "timeIntervalPartA": 2,
            "tsType": null,
            "timeIntervalPartB": null,
            "timeInterval2": null,
            "maximum": 100.0,
            "minimum": 0.0,
            "rateOfRise": null,
            "rateOfFall": null,
            "lowerWarningLevel": 30.0,
            "higherWarningLevel": 80.0,
            "missingValue": null,
            "startDate": null,
            "endDate": null,
            "noOfDataPresent": null,
            "remarks": null,
            "timeLabel1": "1900-01-01T08:30:00",
            "timeLabel2": "1900-01-01T17:30:00",
            "timeLabel3": null,
            "timeLabel4": null,
            "timeLabel5": null,
            "timeLabel6": null,
            "createdOn": "2024-06-15T15:54:11.918681",
            "createdBy": null,
            "updatedOn": "2024-06-15T17:46:41.909027",
            "updatedBy": null,
            "isActive": false
        },
        {
            "stationId": 29,
            "dataTypeId": 27,
            "timeInterval1": 3,
            "timeIntervalPartA": 2,
            "tsType": "1",
            "timeIntervalPartB": "C",
            "timeInterval2": null,
            "maximum": null,
            "minimum": null,
            "rateOfRise": null,
            "rateOfFall": null,
            "lowerWarningLevel": null,
            "higherWarningLevel": null,
            "missingValue": 0,
            "startDate": null,
            "endDate": null,
            "noOfDataPresent": 0,
            "remarks": null,
            "timeLabel1": "1900-01-01T08:30:00",
            "timeLabel2": "1900-01-01T08:30:00",
            "timeLabel3": null,
            "timeLabel4": null,
            "timeLabel5": null,
            "timeLabel6": null,
            "createdOn": null,
            "createdBy": null,
            "updatedOn": "2024-06-03T10:35:37.303721",
            "updatedBy": null,
            "isActive": true
        },
        {
            "stationId": 29,
            "dataTypeId": 28,
            "timeInterval1": 4,
            "timeIntervalPartA": 1,
            "tsType": "1",
            "timeIntervalPartB": null,
            "timeInterval2": null,
            "maximum": null,
            "minimum": null,
            "rateOfRise": null,
            "rateOfFall": null,
            "lowerWarningLevel": null,
            "higherWarningLevel": null,
            "missingValue": 0,
            "startDate": null,
            "endDate": null,
            "noOfDataPresent": 0,
            "remarks": null,
            "timeLabel1": "1900-01-01T08:30:00",
            "timeLabel2": null,
            "timeLabel3": null,
            "timeLabel4": null,
            "timeLabel5": null,
            "timeLabel6": null,
            "createdOn": null,
            "createdBy": null,
            "updatedOn": "2024-06-03T10:35:37.309789",
            "updatedBy": null,
            "isActive": true
        },
        {
            "stationId": 29,
            "dataTypeId": 32,
            "timeInterval1": 3,
            "timeIntervalPartA": 1,
            "tsType": "1",
            "timeIntervalPartB": null,
            "timeInterval2": null,
            "maximum": null,
            "minimum": null,
            "rateOfRise": null,
            "rateOfFall": null,
            "lowerWarningLevel": null,
            "higherWarningLevel": null,
            "missingValue": 0,
            "startDate": null,
            "endDate": null,
            "noOfDataPresent": 0,
            "remarks": null,
            "timeLabel1": "1900-01-01T08:30:00",
            "timeLabel2": null,
            "timeLabel3": null,
            "timeLabel4": null,
            "timeLabel5": null,
            "timeLabel6": null,
            "createdOn": null,
            "createdBy": null,
            "updatedOn": "2024-06-03T10:35:37.313747",
            "updatedBy": null,
            "isActive": true
        },
        {
            "stationId": 29,
            "dataTypeId": 42,
            "timeInterval1": 3,
            "timeIntervalPartA": 2,
            "tsType": "1",
            "timeIntervalPartB": "C",
            "timeInterval2": null,
            "maximum": 100.0,
            "minimum": 10.0,
            "rateOfRise": null,
            "rateOfFall": null,
            "lowerWarningLevel": 30.0,
            "higherWarningLevel": 90.0,
            "missingValue": 0,
            "startDate": null,
            "endDate": null,
            "noOfDataPresent": 0,
            "remarks": null,
            "timeLabel1": "1900-01-01T08:30:00",
            "timeLabel2": "1900-01-01T08:30:00",
            "timeLabel3": null,
            "timeLabel4": null,
            "timeLabel5": null,
            "timeLabel6": null,
            "createdOn": null,
            "createdBy": null,
            "updatedOn": "2024-06-03T10:35:37.318885",
            "updatedBy": null,
            "isActive": true
        },
        {
            "stationId": 29,
            "dataTypeId": 44,
            "timeInterval1": 3,
            "timeIntervalPartA": 2,
            "tsType": "1",
            "timeIntervalPartB": "C",
            "timeInterval2": null,
            "maximum": 90.0,
            "minimum": 10.0,
            "rateOfRise": null,
            "rateOfFall": null,
            "lowerWarningLevel": 12.0,
            "higherWarningLevel": 89.5,
            "missingValue": 0,
            "startDate": null,
            "endDate": null,
            "noOfDataPresent": 0,
            "remarks": null,
            "timeLabel1": "1900-01-01T08:30:00",
            "timeLabel2": "1900-01-01T08:30:00",
            "timeLabel3": null,
            "timeLabel4": null,
            "timeLabel5": null,
            "timeLabel6": null,
            "createdOn": null,
            "createdBy": null,
            "updatedOn": "2024-06-03T10:35:37.327387",
            "updatedBy": null,
            "isActive": true
        },
        {
            "stationId": 29,
            "dataTypeId": 46,
            "timeInterval1": 3,
            "timeIntervalPartA": 2,
            "tsType": "1",
            "timeIntervalPartB": "C",
            "timeInterval2": null,
            "maximum": 80.0,
            "minimum": 10.0,
            "rateOfRise": null,
            "rateOfFall": null,
            "lowerWarningLevel": 9.0,
            "higherWarningLevel": 88.9,
            "missingValue": 0,
            "startDate": null,
            "endDate": null,
            "noOfDataPresent": 0,
            "remarks": null,
            "timeLabel1": "1900-01-01T08:30:00",
            "timeLabel2": "1900-01-01T08:30:00",
            "timeLabel3": null,
            "timeLabel4": null,
            "timeLabel5": null,
            "timeLabel6": null,
            "createdOn": null,
            "createdBy": null,
            "updatedOn": "2024-06-03T10:35:37.330671",
            "updatedBy": null,
            "isActive": true
        },
        {
            "stationId": 29,
            "dataTypeId": 47,
            "timeInterval1": 3,
            "timeIntervalPartA": 1,
            "tsType": "1",
            "timeIntervalPartB": null,
            "timeInterval2": null,
            "maximum": 50.0,
            "minimum": 40.0,
            "rateOfRise": null,
            "rateOfFall": null,
            "lowerWarningLevel": 2.0,
            "higherWarningLevel": 8.0,
            "missingValue": 0,
            "startDate": null,
            "endDate": null,
            "noOfDataPresent": 0,
            "remarks": null,
            "timeLabel1": "1900-01-01T08:30:00",
            "timeLabel2": null,
            "timeLabel3": null,
            "timeLabel4": null,
            "timeLabel5": null,
            "timeLabel6": null,
            "createdOn": null,
            "createdBy": null,
            "updatedOn": "2024-06-03T10:35:37.334128",
            "updatedBy": null,
            "isActive": true
        },
        {
            "stationId": 29,
            "dataTypeId": 55,
            "timeInterval1": 3,
            "timeIntervalPartA": 2,
            "tsType": "1",
            "timeIntervalPartB": "C",
            "timeInterval2": null,
            "maximum": null,
            "minimum": null,
            "rateOfRise": null,
            "rateOfFall": null,
            "lowerWarningLevel": null,
            "higherWarningLevel": null,
            "missingValue": 0,
            "startDate": null,
            "endDate": null,
            "noOfDataPresent": 0,
            "remarks": null,
            "timeLabel1": "1900-01-01T08:30:00",
            "timeLabel2": "1900-01-01T08:30:00",
            "timeLabel3": null,
            "timeLabel4": null,
            "timeLabel5": null,
            "timeLabel6": null,
            "createdOn": null,
            "createdBy": null,
            "updatedOn": "2024-06-03T10:35:37.342665",
            "updatedBy": null,
            "isActive": true
        },
        {
            "stationId": 29,
            "dataTypeId": 56,
            "timeInterval1": 3,
            "timeIntervalPartA": 1,
            "tsType": "1",
            "timeIntervalPartB": null,
            "timeInterval2": null,
            "maximum": null,
            "minimum": null,
            "rateOfRise": null,
            "rateOfFall": null,
            "lowerWarningLevel": null,
            "higherWarningLevel": null,
            "missingValue": 0,
            "startDate": null,
            "endDate": null,
            "noOfDataPresent": 0,
            "remarks": null,
            "timeLabel1": "1900-01-01T08:30:00",
            "timeLabel2": null,
            "timeLabel3": null,
            "timeLabel4": null,
            "timeLabel5": null,
            "timeLabel6": null,
            "createdOn": null,
            "createdBy": null,
            "updatedOn": "2024-06-03T10:35:37.346262",
            "updatedBy": null,
            "isActive": true
        },
        {
            "stationId": 29,
            "dataTypeId": 54,
            "timeInterval1": 3,
            "timeIntervalPartA": 2,
            "tsType": "1",
            "timeIntervalPartB": "C",
            "timeInterval2": null,
            "maximum": null,
            "minimum": null,
            "rateOfRise": null,
            "rateOfFall": null,
            "lowerWarningLevel": null,
            "higherWarningLevel": null,
            "missingValue": 0,
            "startDate": null,
            "endDate": null,
            "noOfDataPresent": 0,
            "remarks": null,
            "timeLabel1": "1900-01-01T08:30:00",
            "timeLabel2": "1900-01-01T08:30:00",
            "timeLabel3": null,
            "timeLabel4": null,
            "timeLabel5": null,
            "timeLabel6": null,
            "createdOn": null,
            "createdBy": null,
            "updatedOn": "2024-06-03T10:35:37.351576",
            "updatedBy": null,
            "isActive": true
        },
        {
            "stationId": 29,
            "dataTypeId": 32,
            "timeInterval1": 3,
            "timeIntervalPartA": 2,
            "tsType": "1",
            "timeIntervalPartB": "C",
            "timeInterval2": null,
            "maximum": null,
            "minimum": null,
            "rateOfRise": null,
            "rateOfFall": null,
            "lowerWarningLevel": null,
            "higherWarningLevel": null,
            "missingValue": 0,
            "startDate": null,
            "endDate": null,
            "noOfDataPresent": 0,
            "remarks": null,
            "timeLabel1": "1900-01-01T08:30:00",
            "timeLabel2": "1900-01-01T17:30:00",
            "timeLabel3": null,
            "timeLabel4": null,
            "timeLabel5": null,
            "timeLabel6": null,
            "createdOn": null,
            "createdBy": null,
            "updatedOn": "2024-06-03T10:35:37.300164",
            "updatedBy": null,
            "isActive": true
        },
        {
            "stationId": 69,
            "dataTypeId": 32,
            "timeInterval1": 3,
            "timeIntervalPartA": 1,
            "tsType": "1",
            "timeIntervalPartB": null,
            "timeInterval2": null,
            "maximum": null,
            "minimum": null,
            "rateOfRise": null,
            "rateOfFall": null,
            "lowerWarningLevel": null,
            "higherWarningLevel": null,
            "missingValue": 0,
            "startDate": null,
            "endDate": null,
            "noOfDataPresent": 0,
            "remarks": null,
            "timeLabel1": "1900-01-01T08:30:00",
            "timeLabel2": null,
            "timeLabel3": null,
            "timeLabel4": null,
            "timeLabel5": null,
            "timeLabel6": null,
            "createdOn": null,
            "createdBy": null,
            "updatedOn": null,
            "updatedBy": null,
            "isActive": true
        },
        {
            "stationId": 70,
            "dataTypeId": 32,
            "timeInterval1": 3,
            "timeIntervalPartA": 1,
            "tsType": "1",
            "timeIntervalPartB": null,
            "timeInterval2": null,
            "maximum": null,
            "minimum": null,
            "rateOfRise": null,
            "rateOfFall": null,
            "lowerWarningLevel": null,
            "higherWarningLevel": null,
            "missingValue": 0,
            "startDate": null,
            "endDate": null,
            "noOfDataPresent": 0,
            "remarks": null,
            "timeLabel1": "1900-01-01T08:30:00",
            "timeLabel2": null,
            "timeLabel3": null,
            "timeLabel4": null,
            "timeLabel5": null,
            "timeLabel6": null,
            "createdOn": null,
            "createdBy": null,
            "updatedOn": null,
            "updatedBy": null,
            "isActive": true
        },
        {
            "stationId": 71,
            "dataTypeId": 32,
            "timeInterval1": 3,
            "timeIntervalPartA": 1,
            "tsType": "1",
            "timeIntervalPartB": null,
            "timeInterval2": null,
            "maximum": null,
            "minimum": 0.0,
            "rateOfRise": null,
            "rateOfFall": null,
            "lowerWarningLevel": null,
            "higherWarningLevel": null,
            "missingValue": 0,
            "startDate": null,
            "endDate": null,
            "noOfDataPresent": 0,
            "remarks": null,
            "timeLabel1": "1900-01-01T08:30:00",
            "timeLabel2": null,
            "timeLabel3": null,
            "timeLabel4": null,
            "timeLabel5": null,
            "timeLabel6": null,
            "createdOn": null,
            "createdBy": null,
            "updatedOn": null,
            "updatedBy": null,
            "isActive": true
        },
        {
            "stationId": 72,
            "dataTypeId": 8,
            "timeInterval1": 3,
            "timeIntervalPartA": 1,
            "tsType": "1",
            "timeIntervalPartB": null,
            "timeInterval2": null,
            "maximum": null,
            "minimum": null,
            "rateOfRise": null,
            "rateOfFall": null,
            "lowerWarningLevel": null,
            "higherWarningLevel": null,
            "missingValue": 0,
            "startDate": null,
            "endDate": null,
            "noOfDataPresent": 0,
            "remarks": null,
            "timeLabel1": "1900-01-01T09:00:00",
            "timeLabel2": null,
            "timeLabel3": null,
            "timeLabel4": null,
            "timeLabel5": null,
            "timeLabel6": null,
            "createdOn": null,
            "createdBy": null,
            "updatedOn": null,
            "updatedBy": null,
            "isActive": true
        },
        {
            "stationId": 72,
            "dataTypeId": 15,
            "timeInterval1": 3,
            "timeIntervalPartA": 4,
            "tsType": "1",
            "timeIntervalPartB": "C",
            "timeInterval2": null,
            "maximum": 8.6,
            "minimum": 0.0,
            "rateOfRise": null,
            "rateOfFall": null,
            "lowerWarningLevel": 0.0,
            "higherWarningLevel": 7.5,
            "missingValue": 0,
            "startDate": null,
            "endDate": null,
            "noOfDataPresent": 0,
            "remarks": null,
            "timeLabel1": "1900-01-01T09:00:00",
            "timeLabel2": "1900-01-01T12:00:00",
            "timeLabel3": "1900-01-01T15:00:00",
            "timeLabel4": "1900-01-01T18:00:00",
            "timeLabel5": null,
            "timeLabel6": null,
            "createdOn": null,
            "createdBy": null,
            "updatedOn": null,
            "updatedBy": null,
            "isActive": true
        },
        {
            "stationId": 72,
            "dataTypeId": 22,
            "timeInterval1": 3,
            "timeIntervalPartA": 2,
            "tsType": "1",
            "timeIntervalPartB": "C",
            "timeInterval2": null,
            "maximum": null,
            "minimum": null,
            "rateOfRise": null,
            "rateOfFall": null,
            "lowerWarningLevel": null,
            "higherWarningLevel": null,
            "missingValue": 0,
            "startDate": null,
            "endDate": null,
            "noOfDataPresent": 0,
            "remarks": null,
            "timeLabel1": "1900-01-01T08:30:00",
            "timeLabel2": "1900-01-01T17:30:00",
            "timeLabel3": null,
            "timeLabel4": null,
            "timeLabel5": null,
            "timeLabel6": null,
            "createdOn": null,
            "createdBy": null,
            "updatedOn": null,
            "updatedBy": null,
            "isActive": true
        },
        {
            "stationId": 72,
            "dataTypeId": 27,
            "timeInterval1": 3,
            "timeIntervalPartA": 2,
            "tsType": "1",
            "timeIntervalPartB": "C",
            "timeInterval2": null,
            "maximum": null,
            "minimum": null,
            "rateOfRise": null,
            "rateOfFall": null,
            "lowerWarningLevel": null,
            "higherWarningLevel": null,
            "missingValue": 0,
            "startDate": null,
            "endDate": null,
            "noOfDataPresent": 0,
            "remarks": null,
            "timeLabel1": "1900-01-01T08:30:00",
            "timeLabel2": "1900-01-01T17:30:00",
            "timeLabel3": null,
            "timeLabel4": null,
            "timeLabel5": null,
            "timeLabel6": null,
            "createdOn": null,
            "createdBy": null,
            "updatedOn": null,
            "updatedBy": null,
            "isActive": true
        },
        {
            "stationId": 72,
            "dataTypeId": 28,
            "timeInterval1": 4,
            "timeIntervalPartA": 1,
            "tsType": "1",
            "timeIntervalPartB": null,
            "timeInterval2": null,
            "maximum": null,
            "minimum": null,
            "rateOfRise": null,
            "rateOfFall": null,
            "lowerWarningLevel": null,
            "higherWarningLevel": null,
            "missingValue": 0,
            "startDate": null,
            "endDate": null,
            "noOfDataPresent": 0,
            "remarks": null,
            "timeLabel1": "1900-01-01T08:30:00",
            "timeLabel2": null,
            "timeLabel3": null,
            "timeLabel4": null,
            "timeLabel5": null,
            "timeLabel6": null,
            "createdOn": null,
            "createdBy": null,
            "updatedOn": null,
            "updatedBy": null,
            "isActive": true
        },
        {
            "stationId": 72,
            "dataTypeId": 32,
            "timeInterval1": 3,
            "timeIntervalPartA": 1,
            "tsType": "1",
            "timeIntervalPartB": null,
            "timeInterval2": null,
            "maximum": null,
            "minimum": null,
            "rateOfRise": null,
            "rateOfFall": null,
            "lowerWarningLevel": null,
            "higherWarningLevel": null,
            "missingValue": 0,
            "startDate": null,
            "endDate": null,
            "noOfDataPresent": 0,
            "remarks": null,
            "timeLabel1": "1900-01-01T08:30:00",
            "timeLabel2": null,
            "timeLabel3": null,
            "timeLabel4": null,
            "timeLabel5": null,
            "timeLabel6": null,
            "createdOn": null,
            "createdBy": null,
            "updatedOn": null,
            "updatedBy": null,
            "isActive": true
        },
        {
            "stationId": 72,
            "dataTypeId": 32,
            "timeInterval1": 3,
            "timeIntervalPartA": 2,
            "tsType": "1",
            "timeIntervalPartB": "C",
            "timeInterval2": null,
            "maximum": 296.5,
            "minimum": null,
            "rateOfRise": null,
            "rateOfFall": null,
            "lowerWarningLevel": null,
            "higherWarningLevel": 127.0,
            "missingValue": 0,
            "startDate": null,
            "endDate": null,
            "noOfDataPresent": 0,
            "remarks": null,
            "timeLabel1": "1900-01-01T08:30:00",
            "timeLabel2": "1900-01-01T17:30:00",
            "timeLabel3": null,
            "timeLabel4": null,
            "timeLabel5": null,
            "timeLabel6": null,
            "createdOn": null,
            "createdBy": null,
            "updatedOn": null,
            "updatedBy": null,
            "isActive": true
        },
        {
            "stationId": 72,
            "dataTypeId": 34,
            "timeInterval1": 4,
            "timeIntervalPartA": 1,
            "tsType": "1",
            "timeIntervalPartB": null,
            "timeInterval2": null,
            "maximum": null,
            "minimum": null,
            "rateOfRise": null,
            "rateOfFall": null,
            "lowerWarningLevel": null,
            "higherWarningLevel": null,
            "missingValue": 0,
            "startDate": null,
            "endDate": null,
            "noOfDataPresent": 0,
            "remarks": null,
            "timeLabel1": "1900-01-01T05:00:00",
            "timeLabel2": null,
            "timeLabel3": null,
            "timeLabel4": null,
            "timeLabel5": null,
            "timeLabel6": null,
            "createdOn": null,
            "createdBy": null,
            "updatedOn": null,
            "updatedBy": null,
            "isActive": true
        },
        {
            "stationId": 72,
            "dataTypeId": 42,
            "timeInterval1": 3,
            "timeIntervalPartA": 2,
            "tsType": "1",
            "timeIntervalPartB": "C",
            "timeInterval2": null,
            "maximum": null,
            "minimum": null,
            "rateOfRise": null,
            "rateOfFall": null,
            "lowerWarningLevel": null,
            "higherWarningLevel": null,
            "missingValue": 0,
            "startDate": null,
            "endDate": null,
            "noOfDataPresent": 0,
            "remarks": null,
            "timeLabel1": "1900-01-01T08:30:00",
            "timeLabel2": "1900-01-01T17:30:00",
            "timeLabel3": null,
            "timeLabel4": null,
            "timeLabel5": null,
            "timeLabel6": null,
            "createdOn": null,
            "createdBy": null,
            "updatedOn": null,
            "updatedBy": null,
            "isActive": true
        },
        {
            "stationId": 72,
            "dataTypeId": 43,
            "timeInterval1": 3,
            "timeIntervalPartA": 1,
            "tsType": "1",
            "timeIntervalPartB": null,
            "timeInterval2": null,
            "maximum": null,
            "minimum": null,
            "rateOfRise": null,
            "rateOfFall": null,
            "lowerWarningLevel": null,
            "higherWarningLevel": null,
            "missingValue": 0,
            "startDate": null,
            "endDate": null,
            "noOfDataPresent": 0,
            "remarks": null,
            "timeLabel1": "1900-01-01T08:30:00",
            "timeLabel2": null,
            "timeLabel3": null,
            "timeLabel4": null,
            "timeLabel5": null,
            "timeLabel6": null,
            "createdOn": null,
            "createdBy": null,
            "updatedOn": null,
            "updatedBy": null,
            "isActive": true
        },
        {
            "stationId": 72,
            "dataTypeId": 44,
            "timeInterval1": 3,
            "timeIntervalPartA": 2,
            "tsType": "1",
            "timeIntervalPartB": "C",
            "timeInterval2": null,
            "maximum": null,
            "minimum": null,
            "rateOfRise": null,
            "rateOfFall": null,
            "lowerWarningLevel": null,
            "higherWarningLevel": null,
            "missingValue": 0,
            "startDate": null,
            "endDate": null,
            "noOfDataPresent": 0,
            "remarks": null,
            "timeLabel1": "1900-01-01T08:30:00",
            "timeLabel2": "1900-01-01T17:30:00",
            "timeLabel3": null,
            "timeLabel4": null,
            "timeLabel5": null,
            "timeLabel6": null,
            "createdOn": null,
            "createdBy": null,
            "updatedOn": null,
            "updatedBy": null,
            "isActive": true
        },
        {
            "stationId": 72,
            "dataTypeId": 46,
            "timeInterval1": 3,
            "timeIntervalPartA": 2,
            "tsType": "1",
            "timeIntervalPartB": "C",
            "timeInterval2": null,
            "maximum": null,
            "minimum": null,
            "rateOfRise": null,
            "rateOfFall": null,
            "lowerWarningLevel": null,
            "higherWarningLevel": null,
            "missingValue": 0,
            "startDate": null,
            "endDate": null,
            "noOfDataPresent": 0,
            "remarks": null,
            "timeLabel1": "1900-01-01T08:30:00",
            "timeLabel2": "1900-01-01T17:30:00",
            "timeLabel3": null,
            "timeLabel4": null,
            "timeLabel5": null,
            "timeLabel6": null,
            "createdOn": null,
            "createdBy": null,
            "updatedOn": null,
            "updatedBy": null,
            "isActive": true
        },
        {
            "stationId": 72,
            "dataTypeId": 47,
            "timeInterval1": 3,
            "timeIntervalPartA": 1,
            "tsType": "1",
            "timeIntervalPartB": null,
            "timeInterval2": null,
            "maximum": null,
            "minimum": null,
            "rateOfRise": null,
            "rateOfFall": null,
            "lowerWarningLevel": null,
            "higherWarningLevel": null,
            "missingValue": 0,
            "startDate": null,
            "endDate": null,
            "noOfDataPresent": 0,
            "remarks": null,
            "timeLabel1": "1900-01-01T08:30:00",
            "timeLabel2": null,
            "timeLabel3": null,
            "timeLabel4": null,
            "timeLabel5": null,
            "timeLabel6": null,
            "createdOn": null,
            "createdBy": null,
            "updatedOn": null,
            "updatedBy": null,
            "isActive": true
        },
        {
            "stationId": 72,
            "dataTypeId": 50,
            "timeInterval1": 3,
            "timeIntervalPartA": 2,
            "tsType": "1",
            "timeIntervalPartB": "C",
            "timeInterval2": null,
            "maximum": null,
            "minimum": null,
            "rateOfRise": null,
            "rateOfFall": null,
            "lowerWarningLevel": null,
            "higherWarningLevel": null,
            "missingValue": 0,
            "startDate": null,
            "endDate": null,
            "noOfDataPresent": 0,
            "remarks": null,
            "timeLabel1": "1900-01-01T08:30:00",
            "timeLabel2": "1900-01-01T17:30:00",
            "timeLabel3": null,
            "timeLabel4": null,
            "timeLabel5": null,
            "timeLabel6": null,
            "createdOn": null,
            "createdBy": null,
            "updatedOn": null,
            "updatedBy": null,
            "isActive": true
        },
        {
            "stationId": 72,
            "dataTypeId": 54,
            "timeInterval1": 3,
            "timeIntervalPartA": 2,
            "tsType": "1",
            "timeIntervalPartB": "C",
            "timeInterval2": null,
            "maximum": null,
            "minimum": null,
            "rateOfRise": null,
            "rateOfFall": null,
            "lowerWarningLevel": null,
            "higherWarningLevel": null,
            "missingValue": 0,
            "startDate": null,
            "endDate": null,
            "noOfDataPresent": 0,
            "remarks": null,
            "timeLabel1": "1900-01-01T08:30:00",
            "timeLabel2": "1900-01-01T17:30:00",
            "timeLabel3": null,
            "timeLabel4": null,
            "timeLabel5": null,
            "timeLabel6": null,
            "createdOn": null,
            "createdBy": null,
            "updatedOn": null,
            "updatedBy": null,
            "isActive": true
        },
        {
            "stationId": 72,
            "dataTypeId": 56,
            "timeInterval1": 3,
            "timeIntervalPartA": 1,
            "tsType": "1",
            "timeIntervalPartB": null,
            "timeInterval2": null,
            "maximum": null,
            "minimum": null,
            "rateOfRise": null,
            "rateOfFall": null,
            "lowerWarningLevel": null,
            "higherWarningLevel": null,
            "missingValue": 0,
            "startDate": null,
            "endDate": null,
            "noOfDataPresent": 0,
            "remarks": null,
            "timeLabel1": "1900-01-01T08:30:00",
            "timeLabel2": null,
            "timeLabel3": null,
            "timeLabel4": null,
            "timeLabel5": null,
            "timeLabel6": null,
            "createdOn": null,
            "createdBy": null,
            "updatedOn": null,
            "updatedBy": null,
            "isActive": true
        },
        {
            "stationId": 73,
            "dataTypeId": 32,
            "timeInterval1": 3,
            "timeIntervalPartA": 1,
            "tsType": "1",
            "timeIntervalPartB": null,
            "timeInterval2": null,
            "maximum": null,
            "minimum": 0.0,
            "rateOfRise": null,
            "rateOfFall": null,
            "lowerWarningLevel": null,
            "higherWarningLevel": null,
            "missingValue": 0,
            "startDate": null,
            "endDate": null,
            "noOfDataPresent": 0,
            "remarks": null,
            "timeLabel1": "1900-01-01T08:30:00",
            "timeLabel2": null,
            "timeLabel3": null,
            "timeLabel4": null,
            "timeLabel5": null,
            "timeLabel6": null,
            "createdOn": null,
            "createdBy": null,
            "updatedOn": null,
            "updatedBy": null,
            "isActive": true
        },
        {
            "stationId": 74,
            "dataTypeId": 32,
            "timeInterval1": 3,
            "timeIntervalPartA": 1,
            "tsType": "1",
            "timeIntervalPartB": null,
            "timeInterval2": null,
            "maximum": null,
            "minimum": null,
            "rateOfRise": null,
            "rateOfFall": null,
            "lowerWarningLevel": null,
            "higherWarningLevel": null,
            "missingValue": 0,
            "startDate": null,
            "endDate": null,
            "noOfDataPresent": 0,
            "remarks": null,
            "timeLabel1": "1900-01-01T08:30:00",
            "timeLabel2": null,
            "timeLabel3": null,
            "timeLabel4": null,
            "timeLabel5": null,
            "timeLabel6": null,
            "createdOn": null,
            "createdBy": null,
            "updatedOn": null,
            "updatedBy": null,
            "isActive": true
        },
        {
            "stationId": 75,
            "dataTypeId": 32,
            "timeInterval1": 3,
            "timeIntervalPartA": 1,
            "tsType": "1",
            "timeIntervalPartB": null,
            "timeInterval2": null,
            "maximum": null,
            "minimum": 0.0,
            "rateOfRise": null,
            "rateOfFall": null,
            "lowerWarningLevel": null,
            "higherWarningLevel": null,
            "missingValue": 0,
            "startDate": null,
            "endDate": null,
            "noOfDataPresent": 0,
            "remarks": null,
            "timeLabel1": "1900-01-01T08:30:00",
            "timeLabel2": null,
            "timeLabel3": null,
            "timeLabel4": null,
            "timeLabel5": null,
            "timeLabel6": null,
            "createdOn": null,
            "createdBy": null,
            "updatedOn": null,
            "updatedBy": null,
            "isActive": true
        },
        {
            "stationId": 76,
            "dataTypeId": 22,
            "timeInterval1": 3,
            "timeIntervalPartA": 2,
            "tsType": "1",
            "timeIntervalPartB": "C",
            "timeInterval2": null,
            "maximum": null,
            "minimum": null,
            "rateOfRise": null,
            "rateOfFall": null,
            "lowerWarningLevel": null,
            "higherWarningLevel": null,
            "missingValue": 0,
            "startDate": null,
            "endDate": null,
            "noOfDataPresent": 0,
            "remarks": null,
            "timeLabel1": "1900-01-01T08:30:00",
            "timeLabel2": "1900-01-01T17:30:00",
            "timeLabel3": null,
            "timeLabel4": null,
            "timeLabel5": null,
            "timeLabel6": null,
            "createdOn": null,
            "createdBy": null,
            "updatedOn": null,
            "updatedBy": null,
            "isActive": true
        },
        {
            "stationId": 76,
            "dataTypeId": 27,
            "timeInterval1": 3,
            "timeIntervalPartA": 2,
            "tsType": "1",
            "timeIntervalPartB": "C",
            "timeInterval2": null,
            "maximum": null,
            "minimum": null,
            "rateOfRise": null,
            "rateOfFall": null,
            "lowerWarningLevel": null,
            "higherWarningLevel": null,
            "missingValue": 0,
            "startDate": null,
            "endDate": null,
            "noOfDataPresent": 0,
            "remarks": null,
            "timeLabel1": "1900-01-01T08:30:00",
            "timeLabel2": "1900-01-01T17:30:00",
            "timeLabel3": null,
            "timeLabel4": null,
            "timeLabel5": null,
            "timeLabel6": null,
            "createdOn": null,
            "createdBy": null,
            "updatedOn": null,
            "updatedBy": null,
            "isActive": true
        },
        {
            "stationId": 76,
            "dataTypeId": 28,
            "timeInterval1": 4,
            "timeIntervalPartA": 1,
            "tsType": "1",
            "timeIntervalPartB": null,
            "timeInterval2": null,
            "maximum": null,
            "minimum": null,
            "rateOfRise": null,
            "rateOfFall": null,
            "lowerWarningLevel": null,
            "higherWarningLevel": null,
            "missingValue": 0,
            "startDate": null,
            "endDate": null,
            "noOfDataPresent": 0,
            "remarks": null,
            "timeLabel1": "1900-01-01T08:30:00",
            "timeLabel2": null,
            "timeLabel3": null,
            "timeLabel4": null,
            "timeLabel5": null,
            "timeLabel6": null,
            "createdOn": null,
            "createdBy": null,
            "updatedOn": null,
            "updatedBy": null,
            "isActive": true
        },
        {
            "stationId": 76,
            "dataTypeId": 32,
            "timeInterval1": 3,
            "timeIntervalPartA": 1,
            "tsType": "1",
            "timeIntervalPartB": null,
            "timeInterval2": null,
            "maximum": null,
            "minimum": null,
            "rateOfRise": null,
            "rateOfFall": null,
            "lowerWarningLevel": null,
            "higherWarningLevel": null,
            "missingValue": 0,
            "startDate": null,
            "endDate": null,
            "noOfDataPresent": 0,
            "remarks": null,
            "timeLabel1": "1900-01-01T08:30:00",
            "timeLabel2": null,
            "timeLabel3": null,
            "timeLabel4": null,
            "timeLabel5": null,
            "timeLabel6": null,
            "createdOn": null,
            "createdBy": null,
            "updatedOn": null,
            "updatedBy": null,
            "isActive": true
        },
        {
            "stationId": 76,
            "dataTypeId": 32,
            "timeInterval1": 3,
            "timeIntervalPartA": 2,
            "tsType": "1",
            "timeIntervalPartB": "C",
            "timeInterval2": null,
            "maximum": null,
            "minimum": null,
            "rateOfRise": null,
            "rateOfFall": null,
            "lowerWarningLevel": null,
            "higherWarningLevel": null,
            "missingValue": 0,
            "startDate": null,
            "endDate": null,
            "noOfDataPresent": 0,
            "remarks": null,
            "timeLabel1": "1900-01-01T08:30:00",
            "timeLabel2": "1900-01-01T17:30:00",
            "timeLabel3": null,
            "timeLabel4": null,
            "timeLabel5": null,
            "timeLabel6": null,
            "createdOn": null,
            "createdBy": null,
            "updatedOn": null,
            "updatedBy": null,
            "isActive": true
        },
        {
            "stationId": 76,
            "dataTypeId": 34,
            "timeInterval1": 4,
            "timeIntervalPartA": 1,
            "tsType": "1",
            "timeIntervalPartB": null,
            "timeInterval2": null,
            "maximum": null,
            "minimum": null,
            "rateOfRise": null,
            "rateOfFall": null,
            "lowerWarningLevel": null,
            "higherWarningLevel": null,
            "missingValue": 0,
            "startDate": null,
            "endDate": null,
            "noOfDataPresent": 0,
            "remarks": null,
            "timeLabel1": "1900-01-01T05:00:00",
            "timeLabel2": null,
            "timeLabel3": null,
            "timeLabel4": null,
            "timeLabel5": null,
            "timeLabel6": null,
            "createdOn": null,
            "createdBy": null,
            "updatedOn": null,
            "updatedBy": null,
            "isActive": true
        },
        {
            "stationId": 76,
            "dataTypeId": 42,
            "timeInterval1": 3,
            "timeIntervalPartA": 2,
            "tsType": "1",
            "timeIntervalPartB": "C",
            "timeInterval2": null,
            "maximum": null,
            "minimum": null,
            "rateOfRise": null,
            "rateOfFall": null,
            "lowerWarningLevel": null,
            "higherWarningLevel": null,
            "missingValue": 0,
            "startDate": null,
            "endDate": null,
            "noOfDataPresent": 0,
            "remarks": null,
            "timeLabel1": "1900-01-01T08:30:00",
            "timeLabel2": "1900-01-01T17:30:00",
            "timeLabel3": null,
            "timeLabel4": null,
            "timeLabel5": null,
            "timeLabel6": null,
            "createdOn": null,
            "createdBy": null,
            "updatedOn": null,
            "updatedBy": null,
            "isActive": true
        },
        {
            "stationId": 76,
            "dataTypeId": 43,
            "timeInterval1": 3,
            "timeIntervalPartA": 1,
            "tsType": "1",
            "timeIntervalPartB": null,
            "timeInterval2": null,
            "maximum": null,
            "minimum": null,
            "rateOfRise": null,
            "rateOfFall": null,
            "lowerWarningLevel": null,
            "higherWarningLevel": null,
            "missingValue": 0,
            "startDate": null,
            "endDate": null,
            "noOfDataPresent": 0,
            "remarks": null,
            "timeLabel1": "1900-01-01T08:30:00",
            "timeLabel2": null,
            "timeLabel3": null,
            "timeLabel4": null,
            "timeLabel5": null,
            "timeLabel6": null,
            "createdOn": null,
            "createdBy": null,
            "updatedOn": null,
            "updatedBy": null,
            "isActive": true
        },
        {
            "stationId": 76,
            "dataTypeId": 44,
            "timeInterval1": 3,
            "timeIntervalPartA": 2,
            "tsType": "1",
            "timeIntervalPartB": "C",
            "timeInterval2": null,
            "maximum": null,
            "minimum": null,
            "rateOfRise": null,
            "rateOfFall": null,
            "lowerWarningLevel": null,
            "higherWarningLevel": null,
            "missingValue": 0,
            "startDate": null,
            "endDate": null,
            "noOfDataPresent": 0,
            "remarks": null,
            "timeLabel1": "1900-01-01T08:30:00",
            "timeLabel2": "1900-01-01T17:30:00",
            "timeLabel3": null,
            "timeLabel4": null,
            "timeLabel5": null,
            "timeLabel6": null,
            "createdOn": null,
            "createdBy": null,
            "updatedOn": null,
            "updatedBy": null,
            "isActive": true
        },
        {
            "stationId": 76,
            "dataTypeId": 46,
            "timeInterval1": 3,
            "timeIntervalPartA": 2,
            "tsType": "1",
            "timeIntervalPartB": "C",
            "timeInterval2": null,
            "maximum": null,
            "minimum": null,
            "rateOfRise": null,
            "rateOfFall": null,
            "lowerWarningLevel": null,
            "higherWarningLevel": null,
            "missingValue": 0,
            "startDate": null,
            "endDate": null,
            "noOfDataPresent": 0,
            "remarks": null,
            "timeLabel1": "1900-01-01T08:30:00",
            "timeLabel2": "1900-01-01T17:30:00",
            "timeLabel3": null,
            "timeLabel4": null,
            "timeLabel5": null,
            "timeLabel6": null,
            "createdOn": null,
            "createdBy": null,
            "updatedOn": null,
            "updatedBy": null,
            "isActive": true
        },
        {
            "stationId": 76,
            "dataTypeId": 47,
            "timeInterval1": 3,
            "timeIntervalPartA": 1,
            "tsType": "1",
            "timeIntervalPartB": null,
            "timeInterval2": null,
            "maximum": null,
            "minimum": null,
            "rateOfRise": null,
            "rateOfFall": null,
            "lowerWarningLevel": null,
            "higherWarningLevel": null,
            "missingValue": 0,
            "startDate": null,
            "endDate": null,
            "noOfDataPresent": 0,
            "remarks": null,
            "timeLabel1": "1900-01-01T08:30:00",
            "timeLabel2": null,
            "timeLabel3": null,
            "timeLabel4": null,
            "timeLabel5": null,
            "timeLabel6": null,
            "createdOn": null,
            "createdBy": null,
            "updatedOn": null,
            "updatedBy": null,
            "isActive": true
        },
        {
            "stationId": 76,
            "dataTypeId": 50,
            "timeInterval1": 3,
            "timeIntervalPartA": 2,
            "tsType": "1",
            "timeIntervalPartB": "C",
            "timeInterval2": null,
            "maximum": null,
            "minimum": null,
            "rateOfRise": null,
            "rateOfFall": null,
            "lowerWarningLevel": null,
            "higherWarningLevel": null,
            "missingValue": 0,
            "startDate": null,
            "endDate": null,
            "noOfDataPresent": 0,
            "remarks": null,
            "timeLabel1": "1900-01-01T08:30:00",
            "timeLabel2": "1900-01-01T17:30:00",
            "timeLabel3": null,
            "timeLabel4": null,
            "timeLabel5": null,
            "timeLabel6": null,
            "createdOn": null,
            "createdBy": null,
            "updatedOn": null,
            "updatedBy": null,
            "isActive": true
        },
        {
            "stationId": 76,
            "dataTypeId": 54,
            "timeInterval1": 3,
            "timeIntervalPartA": 2,
            "tsType": "1",
            "timeIntervalPartB": "C",
            "timeInterval2": null,
            "maximum": null,
            "minimum": null,
            "rateOfRise": null,
            "rateOfFall": null,
            "lowerWarningLevel": null,
            "higherWarningLevel": null,
            "missingValue": 0,
            "startDate": null,
            "endDate": null,
            "noOfDataPresent": 0,
            "remarks": null,
            "timeLabel1": "1900-01-01T08:30:00",
            "timeLabel2": "1900-01-01T17:30:00",
            "timeLabel3": null,
            "timeLabel4": null,
            "timeLabel5": null,
            "timeLabel6": null,
            "createdOn": null,
            "createdBy": null,
            "updatedOn": null,
            "updatedBy": null,
            "isActive": true
        },
        {
            "stationId": 76,
            "dataTypeId": 56,
            "timeInterval1": 3,
            "timeIntervalPartA": 1,
            "tsType": "1",
            "timeIntervalPartB": null,
            "timeInterval2": null,
            "maximum": null,
            "minimum": null,
            "rateOfRise": null,
            "rateOfFall": null,
            "lowerWarningLevel": null,
            "higherWarningLevel": null,
            "missingValue": 0,
            "startDate": null,
            "endDate": null,
            "noOfDataPresent": 0,
            "remarks": null,
            "timeLabel1": "1900-01-01T08:30:00",
            "timeLabel2": null,
            "timeLabel3": null,
            "timeLabel4": null,
            "timeLabel5": null,
            "timeLabel6": null,
            "createdOn": null,
            "createdBy": null,
            "updatedOn": null,
            "updatedBy": null,
            "isActive": true
        },
        {
            "stationId": 77,
            "dataTypeId": 32,
            "timeInterval1": 3,
            "timeIntervalPartA": 1,
            "tsType": "1",
            "timeIntervalPartB": null,
            "timeInterval2": null,
            "maximum": null,
            "minimum": null,
            "rateOfRise": null,
            "rateOfFall": null,
            "lowerWarningLevel": null,
            "higherWarningLevel": null,
            "missingValue": 0,
            "startDate": null,
            "endDate": null,
            "noOfDataPresent": 0,
            "remarks": null,
            "timeLabel1": "1900-01-01T08:30:00",
            "timeLabel2": null,
            "timeLabel3": null,
            "timeLabel4": null,
            "timeLabel5": null,
            "timeLabel6": null,
            "createdOn": null,
            "createdBy": null,
            "updatedOn": null,
            "updatedBy": null,
            "isActive": true
        },
        {
            "stationId": 78,
            "dataTypeId": 32,
            "timeInterval1": 3,
            "timeIntervalPartA": 1,
            "tsType": "1",
            "timeIntervalPartB": null,
            "timeInterval2": null,
            "maximum": null,
            "minimum": 0.0,
            "rateOfRise": null,
            "rateOfFall": null,
            "lowerWarningLevel": null,
            "higherWarningLevel": null,
            "missingValue": 0,
            "startDate": null,
            "endDate": null,
            "noOfDataPresent": 0,
            "remarks": null,
            "timeLabel1": "1900-01-01T08:30:00",
            "timeLabel2": null,
            "timeLabel3": null,
            "timeLabel4": null,
            "timeLabel5": null,
            "timeLabel6": null,
            "createdOn": null,
            "createdBy": null,
            "updatedOn": null,
            "updatedBy": null,
            "isActive": true
        },
        {
            "stationId": 79,
            "dataTypeId": 32,
            "timeInterval1": 3,
            "timeIntervalPartA": 1,
            "tsType": "1",
            "timeIntervalPartB": null,
            "timeInterval2": null,
            "maximum": null,
            "minimum": null,
            "rateOfRise": null,
            "rateOfFall": null,
            "lowerWarningLevel": null,
            "higherWarningLevel": null,
            "missingValue": 0,
            "startDate": null,
            "endDate": null,
            "noOfDataPresent": 0,
            "remarks": null,
            "timeLabel1": "1900-01-01T08:30:00",
            "timeLabel2": null,
            "timeLabel3": null,
            "timeLabel4": null,
            "timeLabel5": null,
            "timeLabel6": null,
            "createdOn": null,
            "createdBy": null,
            "updatedOn": null,
            "updatedBy": null,
            "isActive": true
        },
        {
            "stationId": 80,
            "dataTypeId": 32,
            "timeInterval1": 3,
            "timeIntervalPartA": 1,
            "tsType": "1",
            "timeIntervalPartB": null,
            "timeInterval2": null,
            "maximum": null,
            "minimum": 0.0,
            "rateOfRise": null,
            "rateOfFall": null,
            "lowerWarningLevel": null,
            "higherWarningLevel": null,
            "missingValue": 0,
            "startDate": null,
            "endDate": null,
            "noOfDataPresent": 0,
            "remarks": null,
            "timeLabel1": "1900-01-01T08:30:00",
            "timeLabel2": null,
            "timeLabel3": null,
            "timeLabel4": null,
            "timeLabel5": null,
            "timeLabel6": null,
            "createdOn": null,
            "createdBy": null,
            "updatedOn": null,
            "updatedBy": null,
            "isActive": true
        },
        {
            "stationId": 81,
            "dataTypeId": 32,
            "timeInterval1": 3,
            "timeIntervalPartA": 1,
            "tsType": "1",
            "timeIntervalPartB": null,
            "timeInterval2": null,
            "maximum": null,
            "minimum": null,
            "rateOfRise": null,
            "rateOfFall": null,
            "lowerWarningLevel": null,
            "higherWarningLevel": null,
            "missingValue": 0,
            "startDate": null,
            "endDate": null,
            "noOfDataPresent": 0,
            "remarks": null,
            "timeLabel1": "1900-01-01T08:30:00",
            "timeLabel2": null,
            "timeLabel3": null,
            "timeLabel4": null,
            "timeLabel5": null,
            "timeLabel6": null,
            "createdOn": null,
            "createdBy": null,
            "updatedOn": null,
            "updatedBy": null,
            "isActive": true
        },
        {
            "stationId": 82,
            "dataTypeId": 32,
            "timeInterval1": 3,
            "timeIntervalPartA": 1,
            "tsType": "1",
            "timeIntervalPartB": null,
            "timeInterval2": null,
            "maximum": null,
            "minimum": null,
            "rateOfRise": null,
            "rateOfFall": null,
            "lowerWarningLevel": null,
            "higherWarningLevel": null,
            "missingValue": 0,
            "startDate": null,
            "endDate": null,
            "noOfDataPresent": 0,
            "remarks": null,
            "timeLabel1": "1900-01-01T08:30:00",
            "timeLabel2": null,
            "timeLabel3": null,
            "timeLabel4": null,
            "timeLabel5": null,
            "timeLabel6": null,
            "createdOn": null,
            "createdBy": null,
            "updatedOn": null,
            "updatedBy": null,
            "isActive": true
        },
        {
            "stationId": 83,
            "dataTypeId": 32,
            "timeInterval1": 3,
            "timeIntervalPartA": 1,
            "tsType": "1",
            "timeIntervalPartB": null,
            "timeInterval2": null,
            "maximum": null,
            "minimum": null,
            "rateOfRise": null,
            "rateOfFall": null,
            "lowerWarningLevel": null,
            "higherWarningLevel": null,
            "missingValue": 0,
            "startDate": null,
            "endDate": null,
            "noOfDataPresent": 0,
            "remarks": null,
            "timeLabel1": "1900-01-01T08:30:00",
            "timeLabel2": null,
            "timeLabel3": null,
            "timeLabel4": null,
            "timeLabel5": null,
            "timeLabel6": null,
            "createdOn": null,
            "createdBy": null,
            "updatedOn": null,
            "updatedBy": null,
            "isActive": true
        },
        {
            "stationId": 84,
            "dataTypeId": 32,
            "timeInterval1": 3,
            "timeIntervalPartA": 1,
            "tsType": "1",
            "timeIntervalPartB": null,
            "timeInterval2": null,
            "maximum": null,
            "minimum": null,
            "rateOfRise": null,
            "rateOfFall": null,
            "lowerWarningLevel": null,
            "higherWarningLevel": null,
            "missingValue": 0,
            "startDate": null,
            "endDate": null,
            "noOfDataPresent": 0,
            "remarks": null,
            "timeLabel1": "1900-01-01T08:30:00",
            "timeLabel2": null,
            "timeLabel3": null,
            "timeLabel4": null,
            "timeLabel5": null,
            "timeLabel6": null,
            "createdOn": null,
            "createdBy": null,
            "updatedOn": null,
            "updatedBy": null,
            "isActive": true
        },
        {
            "stationId": 85,
            "dataTypeId": 32,
            "timeInterval1": 3,
            "timeIntervalPartA": 1,
            "tsType": "1",
            "timeIntervalPartB": null,
            "timeInterval2": null,
            "maximum": null,
            "minimum": 0.0,
            "rateOfRise": null,
            "rateOfFall": null,
            "lowerWarningLevel": null,
            "higherWarningLevel": null,
            "missingValue": 0,
            "startDate": null,
            "endDate": null,
            "noOfDataPresent": 0,
            "remarks": null,
            "timeLabel1": "1900-01-01T08:30:00",
            "timeLabel2": null,
            "timeLabel3": null,
            "timeLabel4": null,
            "timeLabel5": null,
            "timeLabel6": null,
            "createdOn": null,
            "createdBy": null,
            "updatedOn": null,
            "updatedBy": null,
            "isActive": true
        },
        {
            "stationId": 134,
            "dataTypeId": 32,
            "timeInterval1": 3,
            "timeIntervalPartA": 1,
            "tsType": "1",
            "timeIntervalPartB": null,
            "timeInterval2": null,
            "maximum": null,
            "minimum": null,
            "rateOfRise": null,
            "rateOfFall": null,
            "lowerWarningLevel": null,
            "higherWarningLevel": null,
            "missingValue": 0,
            "startDate": null,
            "endDate": null,
            "noOfDataPresent": 0,
            "remarks": null,
            "timeLabel1": "1900-01-01T08:30:00",
            "timeLabel2": null,
            "timeLabel3": null,
            "timeLabel4": null,
            "timeLabel5": null,
            "timeLabel6": null,
            "createdOn": null,
            "createdBy": null,
            "updatedOn": null,
            "updatedBy": null,
            "isActive": true
        },
        {
            "stationId": 86,
            "dataTypeId": 22,
            "timeInterval1": 3,
            "timeIntervalPartA": 2,
            "tsType": "1",
            "timeIntervalPartB": "C",
            "timeInterval2": null,
            "maximum": null,
            "minimum": null,
            "rateOfRise": null,
            "rateOfFall": null,
            "lowerWarningLevel": null,
            "higherWarningLevel": null,
            "missingValue": 0,
            "startDate": null,
            "endDate": null,
            "noOfDataPresent": 0,
            "remarks": null,
            "timeLabel1": "1900-01-01T08:30:00",
            "timeLabel2": "1900-01-01T17:30:00",
            "timeLabel3": null,
            "timeLabel4": null,
            "timeLabel5": null,
            "timeLabel6": null,
            "createdOn": null,
            "createdBy": null,
            "updatedOn": null,
            "updatedBy": null,
            "isActive": true
        },
        {
            "stationId": 86,
            "dataTypeId": 27,
            "timeInterval1": 3,
            "timeIntervalPartA": 2,
            "tsType": "1",
            "timeIntervalPartB": "C",
            "timeInterval2": null,
            "maximum": null,
            "minimum": null,
            "rateOfRise": null,
            "rateOfFall": null,
            "lowerWarningLevel": null,
            "higherWarningLevel": null,
            "missingValue": 0,
            "startDate": null,
            "endDate": null,
            "noOfDataPresent": 0,
            "remarks": null,
            "timeLabel1": "1900-01-01T08:30:00",
            "timeLabel2": "1900-01-01T17:30:00",
            "timeLabel3": null,
            "timeLabel4": null,
            "timeLabel5": null,
            "timeLabel6": null,
            "createdOn": null,
            "createdBy": null,
            "updatedOn": null,
            "updatedBy": null,
            "isActive": true
        },
        {
            "stationId": 86,
            "dataTypeId": 28,
            "timeInterval1": 4,
            "timeIntervalPartA": 1,
            "tsType": "1",
            "timeIntervalPartB": null,
            "timeInterval2": null,
            "maximum": null,
            "minimum": null,
            "rateOfRise": null,
            "rateOfFall": null,
            "lowerWarningLevel": null,
            "higherWarningLevel": null,
            "missingValue": 0,
            "startDate": null,
            "endDate": null,
            "noOfDataPresent": 0,
            "remarks": null,
            "timeLabel1": "1900-01-01T08:30:00",
            "timeLabel2": null,
            "timeLabel3": null,
            "timeLabel4": null,
            "timeLabel5": null,
            "timeLabel6": null,
            "createdOn": null,
            "createdBy": null,
            "updatedOn": null,
            "updatedBy": null,
            "isActive": true
        },
        {
            "stationId": 86,
            "dataTypeId": 32,
            "timeInterval1": 3,
            "timeIntervalPartA": 1,
            "tsType": "1",
            "timeIntervalPartB": null,
            "timeInterval2": null,
            "maximum": null,
            "minimum": null,
            "rateOfRise": null,
            "rateOfFall": null,
            "lowerWarningLevel": null,
            "higherWarningLevel": null,
            "missingValue": 0,
            "startDate": null,
            "endDate": null,
            "noOfDataPresent": 0,
            "remarks": null,
            "timeLabel1": "1900-01-01T08:30:00",
            "timeLabel2": null,
            "timeLabel3": null,
            "timeLabel4": null,
            "timeLabel5": null,
            "timeLabel6": null,
            "createdOn": null,
            "createdBy": null,
            "updatedOn": null,
            "updatedBy": null,
            "isActive": true
        },
        {
            "stationId": 86,
            "dataTypeId": 32,
            "timeInterval1": 3,
            "timeIntervalPartA": 2,
            "tsType": "1",
            "timeIntervalPartB": "C",
            "timeInterval2": null,
            "maximum": null,
            "minimum": null,
            "rateOfRise": null,
            "rateOfFall": null,
            "lowerWarningLevel": null,
            "higherWarningLevel": null,
            "missingValue": 0,
            "startDate": null,
            "endDate": null,
            "noOfDataPresent": 0,
            "remarks": null,
            "timeLabel1": "1900-01-01T08:30:00",
            "timeLabel2": "1900-01-01T17:30:00",
            "timeLabel3": null,
            "timeLabel4": null,
            "timeLabel5": null,
            "timeLabel6": null,
            "createdOn": null,
            "createdBy": null,
            "updatedOn": null,
            "updatedBy": null,
            "isActive": true
        },
        {
            "stationId": 86,
            "dataTypeId": 34,
            "timeInterval1": 4,
            "timeIntervalPartA": 1,
            "tsType": "1",
            "timeIntervalPartB": null,
            "timeInterval2": null,
            "maximum": null,
            "minimum": null,
            "rateOfRise": null,
            "rateOfFall": null,
            "lowerWarningLevel": null,
            "higherWarningLevel": null,
            "missingValue": 0,
            "startDate": null,
            "endDate": null,
            "noOfDataPresent": 0,
            "remarks": null,
            "timeLabel1": "1900-01-01T05:00:00",
            "timeLabel2": null,
            "timeLabel3": null,
            "timeLabel4": null,
            "timeLabel5": null,
            "timeLabel6": null,
            "createdOn": null,
            "createdBy": null,
            "updatedOn": null,
            "updatedBy": null,
            "isActive": true
        },
        {
            "stationId": 86,
            "dataTypeId": 42,
            "timeInterval1": 3,
            "timeIntervalPartA": 2,
            "tsType": "1",
            "timeIntervalPartB": "C",
            "timeInterval2": null,
            "maximum": null,
            "minimum": null,
            "rateOfRise": null,
            "rateOfFall": null,
            "lowerWarningLevel": null,
            "higherWarningLevel": null,
            "missingValue": 0,
            "startDate": null,
            "endDate": null,
            "noOfDataPresent": 0,
            "remarks": null,
            "timeLabel1": "1900-01-01T08:30:00",
            "timeLabel2": "1900-01-01T17:30:00",
            "timeLabel3": null,
            "timeLabel4": null,
            "timeLabel5": null,
            "timeLabel6": null,
            "createdOn": null,
            "createdBy": null,
            "updatedOn": null,
            "updatedBy": null,
            "isActive": true
        },
        {
            "stationId": 86,
            "dataTypeId": 43,
            "timeInterval1": 3,
            "timeIntervalPartA": 1,
            "tsType": "1",
            "timeIntervalPartB": null,
            "timeInterval2": null,
            "maximum": null,
            "minimum": null,
            "rateOfRise": null,
            "rateOfFall": null,
            "lowerWarningLevel": null,
            "higherWarningLevel": null,
            "missingValue": 0,
            "startDate": null,
            "endDate": null,
            "noOfDataPresent": 0,
            "remarks": null,
            "timeLabel1": "1900-01-01T08:30:00",
            "timeLabel2": null,
            "timeLabel3": null,
            "timeLabel4": null,
            "timeLabel5": null,
            "timeLabel6": null,
            "createdOn": null,
            "createdBy": null,
            "updatedOn": null,
            "updatedBy": null,
            "isActive": true
        },
        {
            "stationId": 86,
            "dataTypeId": 44,
            "timeInterval1": 3,
            "timeIntervalPartA": 2,
            "tsType": "1",
            "timeIntervalPartB": "C",
            "timeInterval2": null,
            "maximum": null,
            "minimum": null,
            "rateOfRise": null,
            "rateOfFall": null,
            "lowerWarningLevel": null,
            "higherWarningLevel": null,
            "missingValue": 0,
            "startDate": null,
            "endDate": null,
            "noOfDataPresent": 0,
            "remarks": null,
            "timeLabel1": "1900-01-01T08:30:00",
            "timeLabel2": "1900-01-01T17:30:00",
            "timeLabel3": null,
            "timeLabel4": null,
            "timeLabel5": null,
            "timeLabel6": null,
            "createdOn": null,
            "createdBy": null,
            "updatedOn": null,
            "updatedBy": null,
            "isActive": true
        },
        {
            "stationId": 86,
            "dataTypeId": 46,
            "timeInterval1": 3,
            "timeIntervalPartA": 2,
            "tsType": "1",
            "timeIntervalPartB": "C",
            "timeInterval2": null,
            "maximum": null,
            "minimum": null,
            "rateOfRise": null,
            "rateOfFall": null,
            "lowerWarningLevel": null,
            "higherWarningLevel": null,
            "missingValue": 0,
            "startDate": null,
            "endDate": null,
            "noOfDataPresent": 0,
            "remarks": null,
            "timeLabel1": "1900-01-01T08:30:00",
            "timeLabel2": "1900-01-01T17:30:00",
            "timeLabel3": null,
            "timeLabel4": null,
            "timeLabel5": null,
            "timeLabel6": null,
            "createdOn": null,
            "createdBy": null,
            "updatedOn": null,
            "updatedBy": null,
            "isActive": true
        },
        {
            "stationId": 86,
            "dataTypeId": 47,
            "timeInterval1": 3,
            "timeIntervalPartA": 1,
            "tsType": "1",
            "timeIntervalPartB": null,
            "timeInterval2": null,
            "maximum": null,
            "minimum": null,
            "rateOfRise": null,
            "rateOfFall": null,
            "lowerWarningLevel": null,
            "higherWarningLevel": null,
            "missingValue": 0,
            "startDate": null,
            "endDate": null,
            "noOfDataPresent": 0,
            "remarks": null,
            "timeLabel1": "1900-01-01T08:30:00",
            "timeLabel2": null,
            "timeLabel3": null,
            "timeLabel4": null,
            "timeLabel5": null,
            "timeLabel6": null,
            "createdOn": null,
            "createdBy": null,
            "updatedOn": null,
            "updatedBy": null,
            "isActive": true
        },
        {
            "stationId": 86,
            "dataTypeId": 50,
            "timeInterval1": 3,
            "timeIntervalPartA": 2,
            "tsType": "1",
            "timeIntervalPartB": "C",
            "timeInterval2": null,
            "maximum": null,
            "minimum": null,
            "rateOfRise": null,
            "rateOfFall": null,
            "lowerWarningLevel": null,
            "higherWarningLevel": null,
            "missingValue": 0,
            "startDate": null,
            "endDate": null,
            "noOfDataPresent": 0,
            "remarks": null,
            "timeLabel1": "1900-01-01T08:30:00",
            "timeLabel2": "1900-01-01T17:30:00",
            "timeLabel3": null,
            "timeLabel4": null,
            "timeLabel5": null,
            "timeLabel6": null,
            "createdOn": null,
            "createdBy": null,
            "updatedOn": null,
            "updatedBy": null,
            "isActive": true
        },
        {
            "stationId": 86,
            "dataTypeId": 54,
            "timeInterval1": 3,
            "timeIntervalPartA": 2,
            "tsType": "1",
            "timeIntervalPartB": "C",
            "timeInterval2": null,
            "maximum": null,
            "minimum": null,
            "rateOfRise": null,
            "rateOfFall": null,
            "lowerWarningLevel": null,
            "higherWarningLevel": null,
            "missingValue": 0,
            "startDate": null,
            "endDate": null,
            "noOfDataPresent": 0,
            "remarks": null,
            "timeLabel1": "1900-01-01T08:30:00",
            "timeLabel2": "1900-01-01T17:30:00",
            "timeLabel3": null,
            "timeLabel4": null,
            "timeLabel5": null,
            "timeLabel6": null,
            "createdOn": null,
            "createdBy": null,
            "updatedOn": null,
            "updatedBy": null,
            "isActive": true
        },
        {
            "stationId": 86,
            "dataTypeId": 56,
            "timeInterval1": 3,
            "timeIntervalPartA": 1,
            "tsType": "1",
            "timeIntervalPartB": null,
            "timeInterval2": null,
            "maximum": null,
            "minimum": null,
            "rateOfRise": null,
            "rateOfFall": null,
            "lowerWarningLevel": null,
            "higherWarningLevel": null,
            "missingValue": 0,
            "startDate": null,
            "endDate": null,
            "noOfDataPresent": 0,
            "remarks": null,
            "timeLabel1": "1900-01-01T08:30:00",
            "timeLabel2": null,
            "timeLabel3": null,
            "timeLabel4": null,
            "timeLabel5": null,
            "timeLabel6": null,
            "createdOn": null,
            "createdBy": null,
            "updatedOn": null,
            "updatedBy": null,
            "isActive": true
        },
        {
            "stationId": 87,
            "dataTypeId": 32,
            "timeInterval1": 3,
            "timeIntervalPartA": 1,
            "tsType": "1",
            "timeIntervalPartB": null,
            "timeInterval2": null,
            "maximum": null,
            "minimum": 0.0,
            "rateOfRise": null,
            "rateOfFall": null,
            "lowerWarningLevel": null,
            "higherWarningLevel": null,
            "missingValue": 0,
            "startDate": null,
            "endDate": null,
            "noOfDataPresent": 0,
            "remarks": null,
            "timeLabel1": "1900-01-01T08:30:00",
            "timeLabel2": null,
            "timeLabel3": null,
            "timeLabel4": null,
            "timeLabel5": null,
            "timeLabel6": null,
            "createdOn": null,
            "createdBy": null,
            "updatedOn": null,
            "updatedBy": null,
            "isActive": true
        },
        {
            "stationId": 88,
            "dataTypeId": 32,
            "timeInterval1": 3,
            "timeIntervalPartA": 1,
            "tsType": "1",
            "timeIntervalPartB": null,
            "timeInterval2": null,
            "maximum": null,
            "minimum": 0.0,
            "rateOfRise": null,
            "rateOfFall": null,
            "lowerWarningLevel": null,
            "higherWarningLevel": null,
            "missingValue": 0,
            "startDate": null,
            "endDate": null,
            "noOfDataPresent": 0,
            "remarks": null,
            "timeLabel1": "1900-01-01T08:30:00",
            "timeLabel2": null,
            "timeLabel3": null,
            "timeLabel4": null,
            "timeLabel5": null,
            "timeLabel6": null,
            "createdOn": null,
            "createdBy": null,
            "updatedOn": null,
            "updatedBy": null,
            "isActive": true
        },
        {
            "stationId": 89,
            "dataTypeId": 32,
            "timeInterval1": 3,
            "timeIntervalPartA": 1,
            "tsType": "1",
            "timeIntervalPartB": null,
            "timeInterval2": null,
            "maximum": null,
            "minimum": null,
            "rateOfRise": null,
            "rateOfFall": null,
            "lowerWarningLevel": null,
            "higherWarningLevel": null,
            "missingValue": 0,
            "startDate": null,
            "endDate": null,
            "noOfDataPresent": 0,
            "remarks": null,
            "timeLabel1": "1900-01-01T08:30:00",
            "timeLabel2": null,
            "timeLabel3": null,
            "timeLabel4": null,
            "timeLabel5": null,
            "timeLabel6": null,
            "createdOn": null,
            "createdBy": null,
            "updatedOn": null,
            "updatedBy": null,
            "isActive": true
        },
        {
            "stationId": 90,
            "dataTypeId": 32,
            "timeInterval1": 3,
            "timeIntervalPartA": 1,
            "tsType": "1",
            "timeIntervalPartB": null,
            "timeInterval2": null,
            "maximum": null,
            "minimum": 0.0,
            "rateOfRise": null,
            "rateOfFall": null,
            "lowerWarningLevel": null,
            "higherWarningLevel": null,
            "missingValue": 0,
            "startDate": null,
            "endDate": null,
            "noOfDataPresent": 0,
            "remarks": null,
            "timeLabel1": "1900-01-01T08:30:00",
            "timeLabel2": null,
            "timeLabel3": null,
            "timeLabel4": null,
            "timeLabel5": null,
            "timeLabel6": null,
            "createdOn": null,
            "createdBy": null,
            "updatedOn": null,
            "updatedBy": null,
            "isActive": true
        },
        {
            "stationId": 91,
            "dataTypeId": 32,
            "timeInterval1": 3,
            "timeIntervalPartA": 1,
            "tsType": "1",
            "timeIntervalPartB": null,
            "timeInterval2": null,
            "maximum": null,
            "minimum": null,
            "rateOfRise": null,
            "rateOfFall": null,
            "lowerWarningLevel": null,
            "higherWarningLevel": null,
            "missingValue": 0,
            "startDate": null,
            "endDate": null,
            "noOfDataPresent": 0,
            "remarks": null,
            "timeLabel1": "1900-01-01T08:30:00",
            "timeLabel2": null,
            "timeLabel3": null,
            "timeLabel4": null,
            "timeLabel5": null,
            "timeLabel6": null,
            "createdOn": null,
            "createdBy": null,
            "updatedOn": null,
            "updatedBy": null,
            "isActive": true
        },
        {
            "stationId": 92,
            "dataTypeId": 28,
            "timeInterval1": 4,
            "timeIntervalPartA": 1,
            "tsType": "1",
            "timeIntervalPartB": null,
            "timeInterval2": null,
            "maximum": null,
            "minimum": null,
            "rateOfRise": null,
            "rateOfFall": null,
            "lowerWarningLevel": null,
            "higherWarningLevel": null,
            "missingValue": 0,
            "startDate": null,
            "endDate": null,
            "noOfDataPresent": 0,
            "remarks": null,
            "timeLabel1": "1900-01-01T08:30:00",
            "timeLabel2": null,
            "timeLabel3": null,
            "timeLabel4": null,
            "timeLabel5": null,
            "timeLabel6": null,
            "createdOn": null,
            "createdBy": null,
            "updatedOn": null,
            "updatedBy": null,
            "isActive": true
        },
        {
            "stationId": 92,
            "dataTypeId": 32,
            "timeInterval1": 3,
            "timeIntervalPartA": 1,
            "tsType": "1",
            "timeIntervalPartB": null,
            "timeInterval2": null,
            "maximum": null,
            "minimum": null,
            "rateOfRise": null,
            "rateOfFall": null,
            "lowerWarningLevel": null,
            "higherWarningLevel": null,
            "missingValue": 0,
            "startDate": null,
            "endDate": null,
            "noOfDataPresent": 0,
            "remarks": null,
            "timeLabel1": "1900-01-01T08:30:00",
            "timeLabel2": null,
            "timeLabel3": null,
            "timeLabel4": null,
            "timeLabel5": null,
            "timeLabel6": null,
            "createdOn": null,
            "createdBy": null,
            "updatedOn": null,
            "updatedBy": null,
            "isActive": true
        },
        {
            "stationId": 93,
            "dataTypeId": 28,
            "timeInterval1": 4,
            "timeIntervalPartA": 1,
            "tsType": "1",
            "timeIntervalPartB": null,
            "timeInterval2": null,
            "maximum": null,
            "minimum": null,
            "rateOfRise": null,
            "rateOfFall": null,
            "lowerWarningLevel": null,
            "higherWarningLevel": null,
            "missingValue": 0,
            "startDate": null,
            "endDate": null,
            "noOfDataPresent": 0,
            "remarks": null,
            "timeLabel1": "1900-01-01T08:30:00",
            "timeLabel2": null,
            "timeLabel3": null,
            "timeLabel4": null,
            "timeLabel5": null,
            "timeLabel6": null,
            "createdOn": null,
            "createdBy": null,
            "updatedOn": null,
            "updatedBy": null,
            "isActive": true
        },
        {
            "stationId": 93,
            "dataTypeId": 32,
            "timeInterval1": 3,
            "timeIntervalPartA": 1,
            "tsType": "1",
            "timeIntervalPartB": null,
            "timeInterval2": null,
            "maximum": null,
            "minimum": null,
            "rateOfRise": null,
            "rateOfFall": null,
            "lowerWarningLevel": null,
            "higherWarningLevel": null,
            "missingValue": 0,
            "startDate": null,
            "endDate": null,
            "noOfDataPresent": 0,
            "remarks": null,
            "timeLabel1": "1900-01-01T08:30:00",
            "timeLabel2": null,
            "timeLabel3": null,
            "timeLabel4": null,
            "timeLabel5": null,
            "timeLabel6": null,
            "createdOn": null,
            "createdBy": null,
            "updatedOn": null,
            "updatedBy": null,
            "isActive": true
        },
        {
            "stationId": 135,
            "dataTypeId": 32,
            "timeInterval1": 3,
            "timeIntervalPartA": 1,
            "tsType": "1",
            "timeIntervalPartB": null,
            "timeInterval2": null,
            "maximum": null,
            "minimum": null,
            "rateOfRise": null,
            "rateOfFall": null,
            "lowerWarningLevel": null,
            "higherWarningLevel": null,
            "missingValue": 0,
            "startDate": null,
            "endDate": null,
            "noOfDataPresent": 0,
            "remarks": null,
            "timeLabel1": "1900-01-01T08:30:00",
            "timeLabel2": null,
            "timeLabel3": null,
            "timeLabel4": null,
            "timeLabel5": null,
            "timeLabel6": null,
            "createdOn": null,
            "createdBy": null,
            "updatedOn": null,
            "updatedBy": null,
            "isActive": true
        },
        {
            "stationId": 94,
            "dataTypeId": 32,
            "timeInterval1": 3,
            "timeIntervalPartA": 1,
            "tsType": "1",
            "timeIntervalPartB": null,
            "timeInterval2": null,
            "maximum": null,
            "minimum": null,
            "rateOfRise": null,
            "rateOfFall": null,
            "lowerWarningLevel": null,
            "higherWarningLevel": null,
            "missingValue": 0,
            "startDate": null,
            "endDate": null,
            "noOfDataPresent": 0,
            "remarks": null,
            "timeLabel1": "1900-01-01T08:30:00",
            "timeLabel2": null,
            "timeLabel3": null,
            "timeLabel4": null,
            "timeLabel5": null,
            "timeLabel6": null,
            "createdOn": null,
            "createdBy": null,
            "updatedOn": null,
            "updatedBy": null,
            "isActive": true
        },
        {
            "stationId": 95,
            "dataTypeId": 32,
            "timeInterval1": 3,
            "timeIntervalPartA": 1,
            "tsType": "1",
            "timeIntervalPartB": null,
            "timeInterval2": null,
            "maximum": null,
            "minimum": 0.0,
            "rateOfRise": null,
            "rateOfFall": null,
            "lowerWarningLevel": null,
            "higherWarningLevel": null,
            "missingValue": 0,
            "startDate": null,
            "endDate": null,
            "noOfDataPresent": 0,
            "remarks": null,
            "timeLabel1": "1900-01-01T08:30:00",
            "timeLabel2": null,
            "timeLabel3": null,
            "timeLabel4": null,
            "timeLabel5": null,
            "timeLabel6": null,
            "createdOn": null,
            "createdBy": null,
            "updatedOn": null,
            "updatedBy": null,
            "isActive": true
        },
        {
            "stationId": 96,
            "dataTypeId": 32,
            "timeInterval1": 3,
            "timeIntervalPartA": 1,
            "tsType": "1",
            "timeIntervalPartB": null,
            "timeInterval2": null,
            "maximum": null,
            "minimum": null,
            "rateOfRise": null,
            "rateOfFall": null,
            "lowerWarningLevel": null,
            "higherWarningLevel": null,
            "missingValue": 0,
            "startDate": null,
            "endDate": null,
            "noOfDataPresent": 0,
            "remarks": null,
            "timeLabel1": "1900-01-01T08:30:00",
            "timeLabel2": null,
            "timeLabel3": null,
            "timeLabel4": null,
            "timeLabel5": null,
            "timeLabel6": null,
            "createdOn": null,
            "createdBy": null,
            "updatedOn": null,
            "updatedBy": null,
            "isActive": true
        },
        {
            "stationId": 97,
            "dataTypeId": 32,
            "timeInterval1": 3,
            "timeIntervalPartA": 1,
            "tsType": "1",
            "timeIntervalPartB": null,
            "timeInterval2": null,
            "maximum": null,
            "minimum": null,
            "rateOfRise": null,
            "rateOfFall": null,
            "lowerWarningLevel": null,
            "higherWarningLevel": null,
            "missingValue": 0,
            "startDate": null,
            "endDate": null,
            "noOfDataPresent": 0,
            "remarks": null,
            "timeLabel1": "1900-01-01T08:30:00",
            "timeLabel2": null,
            "timeLabel3": null,
            "timeLabel4": null,
            "timeLabel5": null,
            "timeLabel6": null,
            "createdOn": null,
            "createdBy": null,
            "updatedOn": null,
            "updatedBy": null,
            "isActive": true
        },
        {
            "stationId": 98,
            "dataTypeId": 32,
            "timeInterval1": 3,
            "timeIntervalPartA": 1,
            "tsType": "1",
            "timeIntervalPartB": null,
            "timeInterval2": null,
            "maximum": null,
            "minimum": null,
            "rateOfRise": null,
            "rateOfFall": null,
            "lowerWarningLevel": null,
            "higherWarningLevel": null,
            "missingValue": 0,
            "startDate": null,
            "endDate": null,
            "noOfDataPresent": 0,
            "remarks": null,
            "timeLabel1": "1900-01-01T08:30:00",
            "timeLabel2": null,
            "timeLabel3": null,
            "timeLabel4": null,
            "timeLabel5": null,
            "timeLabel6": null,
            "createdOn": null,
            "createdBy": null,
            "updatedOn": null,
            "updatedBy": null,
            "isActive": true
        },
        {
            "stationId": 99,
            "dataTypeId": 32,
            "timeInterval1": 3,
            "timeIntervalPartA": 1,
            "tsType": "1",
            "timeIntervalPartB": null,
            "timeInterval2": null,
            "maximum": null,
            "minimum": null,
            "rateOfRise": null,
            "rateOfFall": null,
            "lowerWarningLevel": null,
            "higherWarningLevel": null,
            "missingValue": 0,
            "startDate": null,
            "endDate": null,
            "noOfDataPresent": 0,
            "remarks": null,
            "timeLabel1": "1900-01-01T08:30:00",
            "timeLabel2": null,
            "timeLabel3": null,
            "timeLabel4": null,
            "timeLabel5": null,
            "timeLabel6": null,
            "createdOn": null,
            "createdBy": null,
            "updatedOn": null,
            "updatedBy": null,
            "isActive": true
        },
        {
            "stationId": 100,
            "dataTypeId": 22,
            "timeInterval1": 3,
            "timeIntervalPartA": 2,
            "tsType": "1",
            "timeIntervalPartB": "C",
            "timeInterval2": null,
            "maximum": null,
            "minimum": null,
            "rateOfRise": null,
            "rateOfFall": null,
            "lowerWarningLevel": null,
            "higherWarningLevel": null,
            "missingValue": 0,
            "startDate": null,
            "endDate": null,
            "noOfDataPresent": 0,
            "remarks": null,
            "timeLabel1": "1900-01-01T08:30:00",
            "timeLabel2": "1900-01-01T17:30:00",
            "timeLabel3": null,
            "timeLabel4": null,
            "timeLabel5": null,
            "timeLabel6": null,
            "createdOn": null,
            "createdBy": null,
            "updatedOn": null,
            "updatedBy": null,
            "isActive": true
        },
        {
            "stationId": 100,
            "dataTypeId": 27,
            "timeInterval1": 3,
            "timeIntervalPartA": 2,
            "tsType": "1",
            "timeIntervalPartB": "C",
            "timeInterval2": null,
            "maximum": null,
            "minimum": null,
            "rateOfRise": null,
            "rateOfFall": null,
            "lowerWarningLevel": null,
            "higherWarningLevel": null,
            "missingValue": 0,
            "startDate": null,
            "endDate": null,
            "noOfDataPresent": 0,
            "remarks": null,
            "timeLabel1": "1900-01-01T08:30:00",
            "timeLabel2": "1900-01-01T17:30:00",
            "timeLabel3": null,
            "timeLabel4": null,
            "timeLabel5": null,
            "timeLabel6": null,
            "createdOn": null,
            "createdBy": null,
            "updatedOn": null,
            "updatedBy": null,
            "isActive": true
        },
        {
            "stationId": 100,
            "dataTypeId": 28,
            "timeInterval1": 4,
            "timeIntervalPartA": 1,
            "tsType": "1",
            "timeIntervalPartB": null,
            "timeInterval2": null,
            "maximum": null,
            "minimum": null,
            "rateOfRise": null,
            "rateOfFall": null,
            "lowerWarningLevel": null,
            "higherWarningLevel": null,
            "missingValue": 0,
            "startDate": null,
            "endDate": null,
            "noOfDataPresent": 0,
            "remarks": null,
            "timeLabel1": "1900-01-01T08:30:00",
            "timeLabel2": null,
            "timeLabel3": null,
            "timeLabel4": null,
            "timeLabel5": null,
            "timeLabel6": null,
            "createdOn": null,
            "createdBy": null,
            "updatedOn": null,
            "updatedBy": null,
            "isActive": true
        },
        {
            "stationId": 100,
            "dataTypeId": 32,
            "timeInterval1": 3,
            "timeIntervalPartA": 1,
            "tsType": "1",
            "timeIntervalPartB": null,
            "timeInterval2": null,
            "maximum": null,
            "minimum": null,
            "rateOfRise": null,
            "rateOfFall": null,
            "lowerWarningLevel": null,
            "higherWarningLevel": null,
            "missingValue": 0,
            "startDate": null,
            "endDate": null,
            "noOfDataPresent": 0,
            "remarks": null,
            "timeLabel1": "1900-01-01T08:30:00",
            "timeLabel2": null,
            "timeLabel3": null,
            "timeLabel4": null,
            "timeLabel5": null,
            "timeLabel6": null,
            "createdOn": null,
            "createdBy": null,
            "updatedOn": null,
            "updatedBy": null,
            "isActive": true
        },
        {
            "stationId": 100,
            "dataTypeId": 32,
            "timeInterval1": 3,
            "timeIntervalPartA": 2,
            "tsType": "1",
            "timeIntervalPartB": "C",
            "timeInterval2": null,
            "maximum": null,
            "minimum": null,
            "rateOfRise": null,
            "rateOfFall": null,
            "lowerWarningLevel": null,
            "higherWarningLevel": null,
            "missingValue": 0,
            "startDate": null,
            "endDate": null,
            "noOfDataPresent": 0,
            "remarks": null,
            "timeLabel1": "1900-01-01T08:30:00",
            "timeLabel2": "1900-01-01T17:30:00",
            "timeLabel3": null,
            "timeLabel4": null,
            "timeLabel5": null,
            "timeLabel6": null,
            "createdOn": null,
            "createdBy": null,
            "updatedOn": null,
            "updatedBy": null,
            "isActive": true
        },
        {
            "stationId": 100,
            "dataTypeId": 42,
            "timeInterval1": 3,
            "timeIntervalPartA": 2,
            "tsType": "1",
            "timeIntervalPartB": "C",
            "timeInterval2": null,
            "maximum": null,
            "minimum": null,
            "rateOfRise": null,
            "rateOfFall": null,
            "lowerWarningLevel": null,
            "higherWarningLevel": null,
            "missingValue": 0,
            "startDate": null,
            "endDate": null,
            "noOfDataPresent": 0,
            "remarks": null,
            "timeLabel1": "1900-01-01T08:30:00",
            "timeLabel2": "1900-01-01T17:30:00",
            "timeLabel3": null,
            "timeLabel4": null,
            "timeLabel5": null,
            "timeLabel6": null,
            "createdOn": null,
            "createdBy": null,
            "updatedOn": null,
            "updatedBy": null,
            "isActive": true
        },
        {
            "stationId": 100,
            "dataTypeId": 43,
            "timeInterval1": 3,
            "timeIntervalPartA": 1,
            "tsType": "1",
            "timeIntervalPartB": null,
            "timeInterval2": null,
            "maximum": null,
            "minimum": null,
            "rateOfRise": null,
            "rateOfFall": null,
            "lowerWarningLevel": null,
            "higherWarningLevel": null,
            "missingValue": 0,
            "startDate": null,
            "endDate": null,
            "noOfDataPresent": 0,
            "remarks": null,
            "timeLabel1": "1900-01-01T08:30:00",
            "timeLabel2": null,
            "timeLabel3": null,
            "timeLabel4": null,
            "timeLabel5": null,
            "timeLabel6": null,
            "createdOn": null,
            "createdBy": null,
            "updatedOn": null,
            "updatedBy": null,
            "isActive": true
        },
        {
            "stationId": 100,
            "dataTypeId": 44,
            "timeInterval1": 3,
            "timeIntervalPartA": 2,
            "tsType": "1",
            "timeIntervalPartB": "C",
            "timeInterval2": null,
            "maximum": null,
            "minimum": null,
            "rateOfRise": null,
            "rateOfFall": null,
            "lowerWarningLevel": null,
            "higherWarningLevel": null,
            "missingValue": 0,
            "startDate": null,
            "endDate": null,
            "noOfDataPresent": 0,
            "remarks": null,
            "timeLabel1": "1900-01-01T08:30:00",
            "timeLabel2": "1900-01-01T17:30:00",
            "timeLabel3": null,
            "timeLabel4": null,
            "timeLabel5": null,
            "timeLabel6": null,
            "createdOn": null,
            "createdBy": null,
            "updatedOn": null,
            "updatedBy": null,
            "isActive": true
        },
        {
            "stationId": 100,
            "dataTypeId": 46,
            "timeInterval1": 3,
            "timeIntervalPartA": 2,
            "tsType": "1",
            "timeIntervalPartB": "C",
            "timeInterval2": null,
            "maximum": null,
            "minimum": null,
            "rateOfRise": null,
            "rateOfFall": null,
            "lowerWarningLevel": null,
            "higherWarningLevel": null,
            "missingValue": 0,
            "startDate": null,
            "endDate": null,
            "noOfDataPresent": 0,
            "remarks": null,
            "timeLabel1": "1900-01-01T08:30:00",
            "timeLabel2": "1900-01-01T17:30:00",
            "timeLabel3": null,
            "timeLabel4": null,
            "timeLabel5": null,
            "timeLabel6": null,
            "createdOn": null,
            "createdBy": null,
            "updatedOn": null,
            "updatedBy": null,
            "isActive": true
        },
        {
            "stationId": 100,
            "dataTypeId": 47,
            "timeInterval1": 3,
            "timeIntervalPartA": 1,
            "tsType": "1",
            "timeIntervalPartB": null,
            "timeInterval2": null,
            "maximum": null,
            "minimum": null,
            "rateOfRise": null,
            "rateOfFall": null,
            "lowerWarningLevel": null,
            "higherWarningLevel": null,
            "missingValue": 0,
            "startDate": null,
            "endDate": null,
            "noOfDataPresent": 0,
            "remarks": null,
            "timeLabel1": "1900-01-01T08:30:00",
            "timeLabel2": null,
            "timeLabel3": null,
            "timeLabel4": null,
            "timeLabel5": null,
            "timeLabel6": null,
            "createdOn": null,
            "createdBy": null,
            "updatedOn": null,
            "updatedBy": null,
            "isActive": true
        },
        {
            "stationId": 100,
            "dataTypeId": 50,
            "timeInterval1": 3,
            "timeIntervalPartA": 2,
            "tsType": "1",
            "timeIntervalPartB": "C",
            "timeInterval2": null,
            "maximum": null,
            "minimum": null,
            "rateOfRise": null,
            "rateOfFall": null,
            "lowerWarningLevel": null,
            "higherWarningLevel": null,
            "missingValue": 0,
            "startDate": null,
            "endDate": null,
            "noOfDataPresent": 0,
            "remarks": null,
            "timeLabel1": "1900-01-01T08:30:00",
            "timeLabel2": "1900-01-01T17:30:00",
            "timeLabel3": null,
            "timeLabel4": null,
            "timeLabel5": null,
            "timeLabel6": null,
            "createdOn": null,
            "createdBy": null,
            "updatedOn": null,
            "updatedBy": null,
            "isActive": true
        },
        {
            "stationId": 100,
            "dataTypeId": 54,
            "timeInterval1": 3,
            "timeIntervalPartA": 2,
            "tsType": "1",
            "timeIntervalPartB": "C",
            "timeInterval2": null,
            "maximum": null,
            "minimum": null,
            "rateOfRise": null,
            "rateOfFall": null,
            "lowerWarningLevel": null,
            "higherWarningLevel": null,
            "missingValue": 0,
            "startDate": null,
            "endDate": null,
            "noOfDataPresent": 0,
            "remarks": null,
            "timeLabel1": "1900-01-01T08:30:00",
            "timeLabel2": "1900-01-01T17:30:00",
            "timeLabel3": null,
            "timeLabel4": null,
            "timeLabel5": null,
            "timeLabel6": null,
            "createdOn": null,
            "createdBy": null,
            "updatedOn": null,
            "updatedBy": null,
            "isActive": true
        },
        {
            "stationId": 100,
            "dataTypeId": 56,
            "timeInterval1": 3,
            "timeIntervalPartA": 1,
            "tsType": "1",
            "timeIntervalPartB": null,
            "timeInterval2": null,
            "maximum": null,
            "minimum": null,
            "rateOfRise": null,
            "rateOfFall": null,
            "lowerWarningLevel": null,
            "higherWarningLevel": null,
            "missingValue": 0,
            "startDate": null,
            "endDate": null,
            "noOfDataPresent": 0,
            "remarks": null,
            "timeLabel1": "1900-01-01T08:30:00",
            "timeLabel2": null,
            "timeLabel3": null,
            "timeLabel4": null,
            "timeLabel5": null,
            "timeLabel6": null,
            "createdOn": null,
            "createdBy": null,
            "updatedOn": null,
            "updatedBy": null,
            "isActive": true
        },
        {
            "stationId": 101,
            "dataTypeId": 32,
            "timeInterval1": 3,
            "timeIntervalPartA": 1,
            "tsType": "1",
            "timeIntervalPartB": null,
            "timeInterval2": null,
            "maximum": null,
            "minimum": null,
            "rateOfRise": null,
            "rateOfFall": null,
            "lowerWarningLevel": null,
            "higherWarningLevel": null,
            "missingValue": 0,
            "startDate": null,
            "endDate": null,
            "noOfDataPresent": 0,
            "remarks": null,
            "timeLabel1": "1900-01-01T08:30:00",
            "timeLabel2": null,
            "timeLabel3": null,
            "timeLabel4": null,
            "timeLabel5": null,
            "timeLabel6": null,
            "createdOn": null,
            "createdBy": null,
            "updatedOn": null,
            "updatedBy": null,
            "isActive": true
        },
        {
            "stationId": 102,
            "dataTypeId": 32,
            "timeInterval1": 3,
            "timeIntervalPartA": 1,
            "tsType": "1",
            "timeIntervalPartB": null,
            "timeInterval2": null,
            "maximum": null,
            "minimum": null,
            "rateOfRise": null,
            "rateOfFall": null,
            "lowerWarningLevel": null,
            "higherWarningLevel": null,
            "missingValue": 0,
            "startDate": null,
            "endDate": null,
            "noOfDataPresent": 0,
            "remarks": null,
            "timeLabel1": "1900-01-01T08:30:00",
            "timeLabel2": null,
            "timeLabel3": null,
            "timeLabel4": null,
            "timeLabel5": null,
            "timeLabel6": null,
            "createdOn": null,
            "createdBy": null,
            "updatedOn": null,
            "updatedBy": null,
            "isActive": true
        },
        {
            "stationId": 103,
            "dataTypeId": 32,
            "timeInterval1": 3,
            "timeIntervalPartA": 1,
            "tsType": "1",
            "timeIntervalPartB": null,
            "timeInterval2": null,
            "maximum": null,
            "minimum": null,
            "rateOfRise": null,
            "rateOfFall": null,
            "lowerWarningLevel": null,
            "higherWarningLevel": null,
            "missingValue": 0,
            "startDate": null,
            "endDate": null,
            "noOfDataPresent": 0,
            "remarks": null,
            "timeLabel1": "1900-01-01T08:30:00",
            "timeLabel2": null,
            "timeLabel3": null,
            "timeLabel4": null,
            "timeLabel5": null,
            "timeLabel6": null,
            "createdOn": null,
            "createdBy": null,
            "updatedOn": null,
            "updatedBy": null,
            "isActive": true
        },
        {
            "stationId": 104,
            "dataTypeId": 32,
            "timeInterval1": 3,
            "timeIntervalPartA": 1,
            "tsType": "1",
            "timeIntervalPartB": null,
            "timeInterval2": null,
            "maximum": null,
            "minimum": null,
            "rateOfRise": null,
            "rateOfFall": null,
            "lowerWarningLevel": null,
            "higherWarningLevel": null,
            "missingValue": 0,
            "startDate": null,
            "endDate": null,
            "noOfDataPresent": 0,
            "remarks": null,
            "timeLabel1": "1900-01-01T08:30:00",
            "timeLabel2": null,
            "timeLabel3": null,
            "timeLabel4": null,
            "timeLabel5": null,
            "timeLabel6": null,
            "createdOn": null,
            "createdBy": null,
            "updatedOn": null,
            "updatedBy": null,
            "isActive": true
        },
        {
            "stationId": 106,
            "dataTypeId": 28,
            "timeInterval1": 4,
            "timeIntervalPartA": 1,
            "tsType": "1",
            "timeIntervalPartB": null,
            "timeInterval2": null,
            "maximum": null,
            "minimum": null,
            "rateOfRise": null,
            "rateOfFall": null,
            "lowerWarningLevel": null,
            "higherWarningLevel": null,
            "missingValue": 0,
            "startDate": null,
            "endDate": null,
            "noOfDataPresent": 0,
            "remarks": null,
            "timeLabel1": "1900-01-01T08:30:00",
            "timeLabel2": null,
            "timeLabel3": null,
            "timeLabel4": null,
            "timeLabel5": null,
            "timeLabel6": null,
            "createdOn": null,
            "createdBy": null,
            "updatedOn": null,
            "updatedBy": null,
            "isActive": true
        },
        {
            "stationId": 106,
            "dataTypeId": 32,
            "timeInterval1": 3,
            "timeIntervalPartA": 1,
            "tsType": "1",
            "timeIntervalPartB": null,
            "timeInterval2": null,
            "maximum": null,
            "minimum": null,
            "rateOfRise": null,
            "rateOfFall": null,
            "lowerWarningLevel": null,
            "higherWarningLevel": null,
            "missingValue": 0,
            "startDate": null,
            "endDate": null,
            "noOfDataPresent": 0,
            "remarks": null,
            "timeLabel1": "1900-01-01T08:30:00",
            "timeLabel2": null,
            "timeLabel3": null,
            "timeLabel4": null,
            "timeLabel5": null,
            "timeLabel6": null,
            "createdOn": null,
            "createdBy": null,
            "updatedOn": null,
            "updatedBy": null,
            "isActive": true
        },
        {
            "stationId": 133,
            "dataTypeId": 44,
            "timeInterval1": 3,
            "timeIntervalPartA": 2,
            "tsType": "1",
            "timeIntervalPartB": "C",
            "timeInterval2": null,
            "maximum": null,
            "minimum": null,
            "rateOfRise": null,
            "rateOfFall": null,
            "lowerWarningLevel": null,
            "higherWarningLevel": null,
            "missingValue": 0,
            "startDate": null,
            "endDate": null,
            "noOfDataPresent": 0,
            "remarks": null,
            "timeLabel1": "1900-01-01T08:30:00",
            "timeLabel2": "1900-01-01T17:30:00",
            "timeLabel3": null,
            "timeLabel4": null,
            "timeLabel5": null,
            "timeLabel6": null,
            "createdOn": null,
            "createdBy": null,
            "updatedOn": null,
            "updatedBy": null,
            "isActive": true
        },
        {
            "stationId": 133,
            "dataTypeId": 46,
            "timeInterval1": 3,
            "timeIntervalPartA": 2,
            "tsType": "1",
            "timeIntervalPartB": "C",
            "timeInterval2": null,
            "maximum": null,
            "minimum": null,
            "rateOfRise": null,
            "rateOfFall": null,
            "lowerWarningLevel": null,
            "higherWarningLevel": null,
            "missingValue": 0,
            "startDate": null,
            "endDate": null,
            "noOfDataPresent": 0,
            "remarks": null,
            "timeLabel1": "1900-01-01T08:30:00",
            "timeLabel2": "1900-01-01T17:30:00",
            "timeLabel3": null,
            "timeLabel4": null,
            "timeLabel5": null,
            "timeLabel6": null,
            "createdOn": null,
            "createdBy": null,
            "updatedOn": null,
            "updatedBy": null,
            "isActive": true
        },
        {
            "stationId": 133,
            "dataTypeId": 47,
            "timeInterval1": 3,
            "timeIntervalPartA": 1,
            "tsType": "1",
            "timeIntervalPartB": null,
            "timeInterval2": null,
            "maximum": null,
            "minimum": null,
            "rateOfRise": null,
            "rateOfFall": null,
            "lowerWarningLevel": null,
            "higherWarningLevel": null,
            "missingValue": 0,
            "startDate": null,
            "endDate": null,
            "noOfDataPresent": 0,
            "remarks": null,
            "timeLabel1": "1900-01-01T08:30:00",
            "timeLabel2": null,
            "timeLabel3": null,
            "timeLabel4": null,
            "timeLabel5": null,
            "timeLabel6": null,
            "createdOn": null,
            "createdBy": null,
            "updatedOn": null,
            "updatedBy": null,
            "isActive": true
        },
        {
            "stationId": 133,
            "dataTypeId": 50,
            "timeInterval1": 3,
            "timeIntervalPartA": 2,
            "tsType": "1",
            "timeIntervalPartB": "C",
            "timeInterval2": null,
            "maximum": null,
            "minimum": null,
            "rateOfRise": null,
            "rateOfFall": null,
            "lowerWarningLevel": null,
            "higherWarningLevel": null,
            "missingValue": 0,
            "startDate": null,
            "endDate": null,
            "noOfDataPresent": 0,
            "remarks": null,
            "timeLabel1": "1900-01-01T08:30:00",
            "timeLabel2": "1900-01-01T17:30:00",
            "timeLabel3": null,
            "timeLabel4": null,
            "timeLabel5": null,
            "timeLabel6": null,
            "createdOn": null,
            "createdBy": null,
            "updatedOn": null,
            "updatedBy": null,
            "isActive": true
        },
        {
            "stationId": 133,
            "dataTypeId": 54,
            "timeInterval1": 3,
            "timeIntervalPartA": 2,
            "tsType": "1",
            "timeIntervalPartB": "C",
            "timeInterval2": null,
            "maximum": null,
            "minimum": null,
            "rateOfRise": null,
            "rateOfFall": null,
            "lowerWarningLevel": null,
            "higherWarningLevel": null,
            "missingValue": 0,
            "startDate": null,
            "endDate": null,
            "noOfDataPresent": 0,
            "remarks": null,
            "timeLabel1": "1900-01-01T08:30:00",
            "timeLabel2": "1900-01-01T17:30:00",
            "timeLabel3": null,
            "timeLabel4": null,
            "timeLabel5": null,
            "timeLabel6": null,
            "createdOn": null,
            "createdBy": null,
            "updatedOn": null,
            "updatedBy": null,
            "isActive": true
        },
        {
            "stationId": 133,
            "dataTypeId": 56,
            "timeInterval1": 3,
            "timeIntervalPartA": 1,
            "tsType": "1",
            "timeIntervalPartB": null,
            "timeInterval2": null,
            "maximum": null,
            "minimum": null,
            "rateOfRise": null,
            "rateOfFall": null,
            "lowerWarningLevel": null,
            "higherWarningLevel": null,
            "missingValue": 0,
            "startDate": null,
            "endDate": null,
            "noOfDataPresent": 0,
            "remarks": null,
            "timeLabel1": "1900-01-01T08:30:00",
            "timeLabel2": null,
            "timeLabel3": null,
            "timeLabel4": null,
            "timeLabel5": null,
            "timeLabel6": null,
            "createdOn": null,
            "createdBy": null,
            "updatedOn": null,
            "updatedBy": null,
            "isActive": true
        },
        {
            "stationId": 3,
            "dataTypeId": 46,
            "timeInterval1": 3,
            "timeIntervalPartA": 2,
            "tsType": "1",
            "timeIntervalPartB": "C",
            "timeInterval2": null,
            "maximum": 80.0,
            "minimum": 0.0,
            "rateOfRise": null,
            "rateOfFall": null,
            "lowerWarningLevel": 20.0,
            "higherWarningLevel": 60.0,
            "missingValue": 0,
            "startDate": null,
            "endDate": null,
            "noOfDataPresent": 0,
            "remarks": null,
            "timeLabel1": "1900-01-01T08:30:00",
            "timeLabel2": "1900-01-01T17:30:00",
            "timeLabel3": null,
            "timeLabel4": null,
            "timeLabel5": null,
            "timeLabel6": null,
            "createdOn": null,
            "createdBy": null,
            "updatedOn": "2024-06-15T15:14:06.26644",
            "updatedBy": null,
            "isActive": true
        },
        {
            "stationId": 3,
            "dataTypeId": 50,
            "timeInterval1": 3,
            "timeIntervalPartA": 2,
            "tsType": "1",
            "timeIntervalPartB": "C",
            "timeInterval2": null,
            "maximum": 200.0,
            "minimum": 0.0,
            "rateOfRise": null,
            "rateOfFall": null,
            "lowerWarningLevel": 20.0,
            "higherWarningLevel": 100.0,
            "missingValue": 0,
            "startDate": null,
            "endDate": null,
            "noOfDataPresent": 0,
            "remarks": null,
            "timeLabel1": "1900-01-01T08:30:00",
            "timeLabel2": "1900-01-01T17:30:00",
            "timeLabel3": null,
            "timeLabel4": null,
            "timeLabel5": null,
            "timeLabel6": null,
            "createdOn": null,
            "createdBy": null,
            "updatedOn": "2024-06-15T15:14:06.270725",
            "updatedBy": null,
            "isActive": true
        },
        {
            "stationId": 3,
            "dataTypeId": 56,
            "timeInterval1": 3,
            "timeIntervalPartA": 1,
            "tsType": "1",
            "timeIntervalPartB": null,
            "timeInterval2": null,
            "maximum": 100.0,
            "minimum": 0.0,
            "rateOfRise": null,
            "rateOfFall": null,
            "lowerWarningLevel": 20.0,
            "higherWarningLevel": 80.0,
            "missingValue": 0,
            "startDate": null,
            "endDate": null,
            "noOfDataPresent": 0,
            "remarks": null,
            "timeLabel1": "1900-01-01T08:30:00",
            "timeLabel2": null,
            "timeLabel3": null,
            "timeLabel4": null,
            "timeLabel5": null,
            "timeLabel6": null,
            "createdOn": null,
            "createdBy": null,
            "updatedOn": "2024-06-15T15:14:06.279646",
            "updatedBy": null,
            "isActive": true
        },
        {
            "stationId": 5,
            "dataTypeId": 32,
            "timeInterval1": 3,
            "timeIntervalPartA": 1,
            "tsType": "1",
            "timeIntervalPartB": null,
            "timeInterval2": null,
            "maximum": null,
            "minimum": null,
            "rateOfRise": null,
            "rateOfFall": null,
            "lowerWarningLevel": null,
            "higherWarningLevel": null,
            "missingValue": 0,
            "startDate": null,
            "endDate": null,
            "noOfDataPresent": 0,
            "remarks": null,
            "timeLabel1": "1900-01-01T08:30:00",
            "timeLabel2": null,
            "timeLabel3": null,
            "timeLabel4": null,
            "timeLabel5": null,
            "timeLabel6": null,
            "createdOn": null,
            "createdBy": null,
            "updatedOn": null,
            "updatedBy": null,
            "isActive": true
        },
        {
            "stationId": 6,
            "dataTypeId": 32,
            "timeInterval1": 3,
            "timeIntervalPartA": 1,
            "tsType": "1",
            "timeIntervalPartB": null,
            "timeInterval2": null,
            "maximum": null,
            "minimum": null,
            "rateOfRise": null,
            "rateOfFall": null,
            "lowerWarningLevel": null,
            "higherWarningLevel": null,
            "missingValue": 0,
            "startDate": null,
            "endDate": null,
            "noOfDataPresent": 0,
            "remarks": null,
            "timeLabel1": "1900-01-01T08:30:00",
            "timeLabel2": null,
            "timeLabel3": null,
            "timeLabel4": null,
            "timeLabel5": null,
            "timeLabel6": null,
            "createdOn": null,
            "createdBy": null,
            "updatedOn": null,
            "updatedBy": null,
            "isActive": true
        },
        {
            "stationId": 7,
            "dataTypeId": 32,
            "timeInterval1": 3,
            "timeIntervalPartA": 1,
            "tsType": "1",
            "timeIntervalPartB": null,
            "timeInterval2": null,
            "maximum": null,
            "minimum": null,
            "rateOfRise": null,
            "rateOfFall": null,
            "lowerWarningLevel": null,
            "higherWarningLevel": null,
            "missingValue": 0,
            "startDate": null,
            "endDate": null,
            "noOfDataPresent": 0,
            "remarks": null,
            "timeLabel1": "1900-01-01T08:30:00",
            "timeLabel2": null,
            "timeLabel3": null,
            "timeLabel4": null,
            "timeLabel5": null,
            "timeLabel6": null,
            "createdOn": null,
            "createdBy": null,
            "updatedOn": null,
            "updatedBy": null,
            "isActive": true
        },
        {
            "stationId": 8,
            "dataTypeId": 32,
            "timeInterval1": 3,
            "timeIntervalPartA": 1,
            "tsType": "1",
            "timeIntervalPartB": null,
            "timeInterval2": null,
            "maximum": null,
            "minimum": null,
            "rateOfRise": null,
            "rateOfFall": null,
            "lowerWarningLevel": null,
            "higherWarningLevel": null,
            "missingValue": 0,
            "startDate": null,
            "endDate": null,
            "noOfDataPresent": 0,
            "remarks": null,
            "timeLabel1": "1900-01-01T08:30:00",
            "timeLabel2": null,
            "timeLabel3": null,
            "timeLabel4": null,
            "timeLabel5": null,
            "timeLabel6": null,
            "createdOn": null,
            "createdBy": null,
            "updatedOn": null,
            "updatedBy": null,
            "isActive": true
        },
        {
            "stationId": 9,
            "dataTypeId": 32,
            "timeInterval1": 3,
            "timeIntervalPartA": 1,
            "tsType": "1",
            "timeIntervalPartB": null,
            "timeInterval2": null,
            "maximum": null,
            "minimum": 0.0,
            "rateOfRise": null,
            "rateOfFall": null,
            "lowerWarningLevel": null,
            "higherWarningLevel": null,
            "missingValue": 0,
            "startDate": null,
            "endDate": null,
            "noOfDataPresent": 0,
            "remarks": null,
            "timeLabel1": "1900-01-01T08:30:00",
            "timeLabel2": null,
            "timeLabel3": null,
            "timeLabel4": null,
            "timeLabel5": null,
            "timeLabel6": null,
            "createdOn": null,
            "createdBy": null,
            "updatedOn": null,
            "updatedBy": null,
            "isActive": true
        },
        {
            "stationId": 10,
            "dataTypeId": 32,
            "timeInterval1": 3,
            "timeIntervalPartA": 1,
            "tsType": "1",
            "timeIntervalPartB": null,
            "timeInterval2": null,
            "maximum": null,
            "minimum": null,
            "rateOfRise": null,
            "rateOfFall": null,
            "lowerWarningLevel": null,
            "higherWarningLevel": null,
            "missingValue": 0,
            "startDate": null,
            "endDate": null,
            "noOfDataPresent": 0,
            "remarks": null,
            "timeLabel1": "1900-01-01T08:30:00",
            "timeLabel2": null,
            "timeLabel3": null,
            "timeLabel4": null,
            "timeLabel5": null,
            "timeLabel6": null,
            "createdOn": null,
            "createdBy": null,
            "updatedOn": null,
            "updatedBy": null,
            "isActive": true
        },
        {
            "stationId": 107,
            "dataTypeId": 32,
            "timeInterval1": 3,
            "timeIntervalPartA": 1,
            "tsType": "1",
            "timeIntervalPartB": null,
            "timeInterval2": null,
            "maximum": null,
            "minimum": null,
            "rateOfRise": null,
            "rateOfFall": null,
            "lowerWarningLevel": null,
            "higherWarningLevel": null,
            "missingValue": 0,
            "startDate": null,
            "endDate": null,
            "noOfDataPresent": 0,
            "remarks": null,
            "timeLabel1": "1900-01-01T08:30:00",
            "timeLabel2": null,
            "timeLabel3": null,
            "timeLabel4": null,
            "timeLabel5": null,
            "timeLabel6": null,
            "createdOn": null,
            "createdBy": null,
            "updatedOn": null,
            "updatedBy": null,
            "isActive": true
        },
        {
            "stationId": 108,
            "dataTypeId": 32,
            "timeInterval1": 3,
            "timeIntervalPartA": 1,
            "tsType": "1",
            "timeIntervalPartB": null,
            "timeInterval2": null,
            "maximum": null,
            "minimum": 0.0,
            "rateOfRise": null,
            "rateOfFall": null,
            "lowerWarningLevel": null,
            "higherWarningLevel": null,
            "missingValue": 0,
            "startDate": null,
            "endDate": null,
            "noOfDataPresent": 0,
            "remarks": null,
            "timeLabel1": "1900-01-01T08:30:00",
            "timeLabel2": null,
            "timeLabel3": null,
            "timeLabel4": null,
            "timeLabel5": null,
            "timeLabel6": null,
            "createdOn": null,
            "createdBy": null,
            "updatedOn": null,
            "updatedBy": null,
            "isActive": true
        },
        {
            "stationId": 109,
            "dataTypeId": 32,
            "timeInterval1": 3,
            "timeIntervalPartA": 1,
            "tsType": "1",
            "timeIntervalPartB": null,
            "timeInterval2": null,
            "maximum": null,
            "minimum": null,
            "rateOfRise": null,
            "rateOfFall": null,
            "lowerWarningLevel": null,
            "higherWarningLevel": null,
            "missingValue": 0,
            "startDate": null,
            "endDate": null,
            "noOfDataPresent": 0,
            "remarks": null,
            "timeLabel1": "1900-01-01T08:30:00",
            "timeLabel2": null,
            "timeLabel3": null,
            "timeLabel4": null,
            "timeLabel5": null,
            "timeLabel6": null,
            "createdOn": null,
            "createdBy": null,
            "updatedOn": null,
            "updatedBy": null,
            "isActive": true
        },
        {
            "stationId": 110,
            "dataTypeId": 32,
            "timeInterval1": 3,
            "timeIntervalPartA": 1,
            "tsType": "1",
            "timeIntervalPartB": null,
            "timeInterval2": null,
            "maximum": null,
            "minimum": null,
            "rateOfRise": null,
            "rateOfFall": null,
            "lowerWarningLevel": null,
            "higherWarningLevel": null,
            "missingValue": 0,
            "startDate": null,
            "endDate": null,
            "noOfDataPresent": 0,
            "remarks": null,
            "timeLabel1": "1900-01-01T08:30:00",
            "timeLabel2": null,
            "timeLabel3": null,
            "timeLabel4": null,
            "timeLabel5": null,
            "timeLabel6": null,
            "createdOn": null,
            "createdBy": null,
            "updatedOn": null,
            "updatedBy": null,
            "isActive": true
        },
        {
            "stationId": 111,
            "dataTypeId": 22,
            "timeInterval1": 3,
            "timeIntervalPartA": 2,
            "tsType": "1",
            "timeIntervalPartB": "C",
            "timeInterval2": null,
            "maximum": null,
            "minimum": null,
            "rateOfRise": null,
            "rateOfFall": null,
            "lowerWarningLevel": null,
            "higherWarningLevel": null,
            "missingValue": 0,
            "startDate": null,
            "endDate": null,
            "noOfDataPresent": 0,
            "remarks": null,
            "timeLabel1": "1900-01-01T08:30:00",
            "timeLabel2": "1900-01-01T17:30:00",
            "timeLabel3": null,
            "timeLabel4": null,
            "timeLabel5": null,
            "timeLabel6": null,
            "createdOn": null,
            "createdBy": null,
            "updatedOn": null,
            "updatedBy": null,
            "isActive": true
        },
        {
            "stationId": 111,
            "dataTypeId": 27,
            "timeInterval1": 3,
            "timeIntervalPartA": 2,
            "tsType": "1",
            "timeIntervalPartB": "C",
            "timeInterval2": null,
            "maximum": null,
            "minimum": null,
            "rateOfRise": null,
            "rateOfFall": null,
            "lowerWarningLevel": null,
            "higherWarningLevel": null,
            "missingValue": 0,
            "startDate": null,
            "endDate": null,
            "noOfDataPresent": 0,
            "remarks": null,
            "timeLabel1": "1900-01-01T08:30:00",
            "timeLabel2": "1900-01-01T17:30:00",
            "timeLabel3": null,
            "timeLabel4": null,
            "timeLabel5": null,
            "timeLabel6": null,
            "createdOn": null,
            "createdBy": null,
            "updatedOn": null,
            "updatedBy": null,
            "isActive": true
        },
        {
            "stationId": 111,
            "dataTypeId": 28,
            "timeInterval1": 4,
            "timeIntervalPartA": 1,
            "tsType": "1",
            "timeIntervalPartB": null,
            "timeInterval2": null,
            "maximum": 210.0,
            "minimum": null,
            "rateOfRise": null,
            "rateOfFall": null,
            "lowerWarningLevel": null,
            "higherWarningLevel": 85.0,
            "missingValue": 0,
            "startDate": null,
            "endDate": null,
            "noOfDataPresent": 0,
            "remarks": null,
            "timeLabel1": "1900-01-01T08:30:00",
            "timeLabel2": null,
            "timeLabel3": null,
            "timeLabel4": null,
            "timeLabel5": null,
            "timeLabel6": null,
            "createdOn": null,
            "createdBy": null,
            "updatedOn": null,
            "updatedBy": null,
            "isActive": true
        },
        {
            "stationId": 111,
            "dataTypeId": 32,
            "timeInterval1": 3,
            "timeIntervalPartA": 1,
            "tsType": "1",
            "timeIntervalPartB": null,
            "timeInterval2": null,
            "maximum": 210.0,
            "minimum": null,
            "rateOfRise": null,
            "rateOfFall": null,
            "lowerWarningLevel": null,
            "higherWarningLevel": 85.0,
            "missingValue": 0,
            "startDate": null,
            "endDate": null,
            "noOfDataPresent": 0,
            "remarks": null,
            "timeLabel1": "1900-01-01T08:30:00",
            "timeLabel2": null,
            "timeLabel3": null,
            "timeLabel4": null,
            "timeLabel5": null,
            "timeLabel6": null,
            "createdOn": null,
            "createdBy": null,
            "updatedOn": null,
            "updatedBy": null,
            "isActive": true
        },
        {
            "stationId": 111,
            "dataTypeId": 32,
            "timeInterval1": 3,
            "timeIntervalPartA": 2,
            "tsType": "1",
            "timeIntervalPartB": "C",
            "timeInterval2": null,
            "maximum": null,
            "minimum": null,
            "rateOfRise": null,
            "rateOfFall": null,
            "lowerWarningLevel": null,
            "higherWarningLevel": null,
            "missingValue": 0,
            "startDate": null,
            "endDate": null,
            "noOfDataPresent": 0,
            "remarks": null,
            "timeLabel1": "1900-01-01T08:30:00",
            "timeLabel2": "1900-01-01T17:30:00",
            "timeLabel3": null,
            "timeLabel4": null,
            "timeLabel5": null,
            "timeLabel6": null,
            "createdOn": null,
            "createdBy": null,
            "updatedOn": null,
            "updatedBy": null,
            "isActive": true
        },
        {
            "stationId": 111,
            "dataTypeId": 34,
            "timeInterval1": 4,
            "timeIntervalPartA": 1,
            "tsType": "1",
            "timeIntervalPartB": null,
            "timeInterval2": null,
            "maximum": null,
            "minimum": null,
            "rateOfRise": null,
            "rateOfFall": null,
            "lowerWarningLevel": null,
            "higherWarningLevel": null,
            "missingValue": 0,
            "startDate": null,
            "endDate": null,
            "noOfDataPresent": 0,
            "remarks": null,
            "timeLabel1": "1900-01-01T05:00:00",
            "timeLabel2": null,
            "timeLabel3": null,
            "timeLabel4": null,
            "timeLabel5": null,
            "timeLabel6": null,
            "createdOn": null,
            "createdBy": null,
            "updatedOn": null,
            "updatedBy": null,
            "isActive": true
        },
        {
            "stationId": 111,
            "dataTypeId": 42,
            "timeInterval1": 3,
            "timeIntervalPartA": 2,
            "tsType": "1",
            "timeIntervalPartB": "C",
            "timeInterval2": null,
            "maximum": null,
            "minimum": null,
            "rateOfRise": null,
            "rateOfFall": null,
            "lowerWarningLevel": null,
            "higherWarningLevel": null,
            "missingValue": 0,
            "startDate": null,
            "endDate": null,
            "noOfDataPresent": 0,
            "remarks": null,
            "timeLabel1": "1900-01-01T08:30:00",
            "timeLabel2": "1900-01-01T17:30:00",
            "timeLabel3": null,
            "timeLabel4": null,
            "timeLabel5": null,
            "timeLabel6": null,
            "createdOn": null,
            "createdBy": null,
            "updatedOn": null,
            "updatedBy": null,
            "isActive": true
        },
        {
            "stationId": 111,
            "dataTypeId": 43,
            "timeInterval1": 3,
            "timeIntervalPartA": 1,
            "tsType": "1",
            "timeIntervalPartB": null,
            "timeInterval2": null,
            "maximum": null,
            "minimum": null,
            "rateOfRise": null,
            "rateOfFall": null,
            "lowerWarningLevel": null,
            "higherWarningLevel": null,
            "missingValue": 0,
            "startDate": null,
            "endDate": null,
            "noOfDataPresent": 0,
            "remarks": null,
            "timeLabel1": "1900-01-01T08:30:00",
            "timeLabel2": null,
            "timeLabel3": null,
            "timeLabel4": null,
            "timeLabel5": null,
            "timeLabel6": null,
            "createdOn": null,
            "createdBy": null,
            "updatedOn": null,
            "updatedBy": null,
            "isActive": true
        },
        {
            "stationId": 111,
            "dataTypeId": 44,
            "timeInterval1": 3,
            "timeIntervalPartA": 2,
            "tsType": "1",
            "timeIntervalPartB": "C",
            "timeInterval2": null,
            "maximum": null,
            "minimum": null,
            "rateOfRise": null,
            "rateOfFall": null,
            "lowerWarningLevel": null,
            "higherWarningLevel": null,
            "missingValue": 0,
            "startDate": null,
            "endDate": null,
            "noOfDataPresent": 0,
            "remarks": null,
            "timeLabel1": "1900-01-01T08:30:00",
            "timeLabel2": "1900-01-01T17:30:00",
            "timeLabel3": null,
            "timeLabel4": null,
            "timeLabel5": null,
            "timeLabel6": null,
            "createdOn": null,
            "createdBy": null,
            "updatedOn": null,
            "updatedBy": null,
            "isActive": true
        },
        {
            "stationId": 111,
            "dataTypeId": 46,
            "timeInterval1": 3,
            "timeIntervalPartA": 2,
            "tsType": "1",
            "timeIntervalPartB": "C",
            "timeInterval2": null,
            "maximum": null,
            "minimum": null,
            "rateOfRise": null,
            "rateOfFall": null,
            "lowerWarningLevel": null,
            "higherWarningLevel": null,
            "missingValue": 0,
            "startDate": null,
            "endDate": null,
            "noOfDataPresent": 0,
            "remarks": null,
            "timeLabel1": "1900-01-01T08:30:00",
            "timeLabel2": "1900-01-01T17:30:00",
            "timeLabel3": null,
            "timeLabel4": null,
            "timeLabel5": null,
            "timeLabel6": null,
            "createdOn": null,
            "createdBy": null,
            "updatedOn": null,
            "updatedBy": null,
            "isActive": true
        },
        {
            "stationId": 111,
            "dataTypeId": 47,
            "timeInterval1": 3,
            "timeIntervalPartA": 1,
            "tsType": "1",
            "timeIntervalPartB": null,
            "timeInterval2": null,
            "maximum": null,
            "minimum": null,
            "rateOfRise": null,
            "rateOfFall": null,
            "lowerWarningLevel": null,
            "higherWarningLevel": null,
            "missingValue": 0,
            "startDate": null,
            "endDate": null,
            "noOfDataPresent": 0,
            "remarks": null,
            "timeLabel1": "1900-01-01T08:30:00",
            "timeLabel2": null,
            "timeLabel3": null,
            "timeLabel4": null,
            "timeLabel5": null,
            "timeLabel6": null,
            "createdOn": null,
            "createdBy": null,
            "updatedOn": null,
            "updatedBy": null,
            "isActive": true
        },
        {
            "stationId": 111,
            "dataTypeId": 50,
            "timeInterval1": 3,
            "timeIntervalPartA": 2,
            "tsType": "1",
            "timeIntervalPartB": "C",
            "timeInterval2": null,
            "maximum": null,
            "minimum": null,
            "rateOfRise": null,
            "rateOfFall": null,
            "lowerWarningLevel": null,
            "higherWarningLevel": null,
            "missingValue": 0,
            "startDate": null,
            "endDate": null,
            "noOfDataPresent": 0,
            "remarks": null,
            "timeLabel1": "1900-01-01T08:30:00",
            "timeLabel2": "1900-01-01T17:30:00",
            "timeLabel3": null,
            "timeLabel4": null,
            "timeLabel5": null,
            "timeLabel6": null,
            "createdOn": null,
            "createdBy": null,
            "updatedOn": null,
            "updatedBy": null,
            "isActive": true
        },
        {
            "stationId": 111,
            "dataTypeId": 54,
            "timeInterval1": 3,
            "timeIntervalPartA": 2,
            "tsType": "1",
            "timeIntervalPartB": "C",
            "timeInterval2": null,
            "maximum": null,
            "minimum": null,
            "rateOfRise": null,
            "rateOfFall": null,
            "lowerWarningLevel": null,
            "higherWarningLevel": null,
            "missingValue": 0,
            "startDate": null,
            "endDate": null,
            "noOfDataPresent": 0,
            "remarks": null,
            "timeLabel1": "1900-01-01T08:30:00",
            "timeLabel2": "1900-01-01T17:30:00",
            "timeLabel3": null,
            "timeLabel4": null,
            "timeLabel5": null,
            "timeLabel6": null,
            "createdOn": null,
            "createdBy": null,
            "updatedOn": null,
            "updatedBy": null,
            "isActive": true
        },
        {
            "stationId": 111,
            "dataTypeId": 56,
            "timeInterval1": 3,
            "timeIntervalPartA": 1,
            "tsType": "1",
            "timeIntervalPartB": null,
            "timeInterval2": null,
            "maximum": null,
            "minimum": null,
            "rateOfRise": null,
            "rateOfFall": null,
            "lowerWarningLevel": null,
            "higherWarningLevel": null,
            "missingValue": 0,
            "startDate": null,
            "endDate": null,
            "noOfDataPresent": 0,
            "remarks": null,
            "timeLabel1": "1900-01-01T08:30:00",
            "timeLabel2": null,
            "timeLabel3": null,
            "timeLabel4": null,
            "timeLabel5": null,
            "timeLabel6": null,
            "createdOn": null,
            "createdBy": null,
            "updatedOn": null,
            "updatedBy": null,
            "isActive": true
        },
        {
            "stationId": 112,
            "dataTypeId": 32,
            "timeInterval1": 3,
            "timeIntervalPartA": 1,
            "tsType": "1",
            "timeIntervalPartB": null,
            "timeInterval2": null,
            "maximum": null,
            "minimum": null,
            "rateOfRise": null,
            "rateOfFall": null,
            "lowerWarningLevel": null,
            "higherWarningLevel": null,
            "missingValue": 0,
            "startDate": null,
            "endDate": null,
            "noOfDataPresent": 0,
            "remarks": null,
            "timeLabel1": "1900-01-01T08:30:00",
            "timeLabel2": null,
            "timeLabel3": null,
            "timeLabel4": null,
            "timeLabel5": null,
            "timeLabel6": null,
            "createdOn": null,
            "createdBy": null,
            "updatedOn": null,
            "updatedBy": null,
            "isActive": true
        },
        {
            "stationId": 113,
            "dataTypeId": 32,
            "timeInterval1": 3,
            "timeIntervalPartA": 1,
            "tsType": "1",
            "timeIntervalPartB": null,
            "timeInterval2": null,
            "maximum": null,
            "minimum": 0.0,
            "rateOfRise": null,
            "rateOfFall": null,
            "lowerWarningLevel": null,
            "higherWarningLevel": null,
            "missingValue": 0,
            "startDate": null,
            "endDate": null,
            "noOfDataPresent": 0,
            "remarks": null,
            "timeLabel1": "1900-01-01T08:30:00",
            "timeLabel2": null,
            "timeLabel3": null,
            "timeLabel4": null,
            "timeLabel5": null,
            "timeLabel6": null,
            "createdOn": null,
            "createdBy": null,
            "updatedOn": null,
            "updatedBy": null,
            "isActive": true
        },
        {
            "stationId": 114,
            "dataTypeId": 32,
            "timeInterval1": 3,
            "timeIntervalPartA": 1,
            "tsType": "1",
            "timeIntervalPartB": null,
            "timeInterval2": null,
            "maximum": null,
            "minimum": 0.0,
            "rateOfRise": null,
            "rateOfFall": null,
            "lowerWarningLevel": null,
            "higherWarningLevel": null,
            "missingValue": 0,
            "startDate": null,
            "endDate": null,
            "noOfDataPresent": 0,
            "remarks": null,
            "timeLabel1": "1900-01-01T08:30:00",
            "timeLabel2": null,
            "timeLabel3": null,
            "timeLabel4": null,
            "timeLabel5": null,
            "timeLabel6": null,
            "createdOn": null,
            "createdBy": null,
            "updatedOn": null,
            "updatedBy": null,
            "isActive": true
        },
        {
            "stationId": 116,
            "dataTypeId": 32,
            "timeInterval1": 3,
            "timeIntervalPartA": 1,
            "tsType": "1",
            "timeIntervalPartB": null,
            "timeInterval2": null,
            "maximum": null,
            "minimum": null,
            "rateOfRise": null,
            "rateOfFall": null,
            "lowerWarningLevel": null,
            "higherWarningLevel": null,
            "missingValue": 0,
            "startDate": null,
            "endDate": null,
            "noOfDataPresent": 0,
            "remarks": null,
            "timeLabel1": "1900-01-01T08:30:00",
            "timeLabel2": null,
            "timeLabel3": null,
            "timeLabel4": null,
            "timeLabel5": null,
            "timeLabel6": null,
            "createdOn": null,
            "createdBy": null,
            "updatedOn": null,
            "updatedBy": null,
            "isActive": true
        },
        {
            "stationId": 117,
            "dataTypeId": 32,
            "timeInterval1": 3,
            "timeIntervalPartA": 1,
            "tsType": "1",
            "timeIntervalPartB": null,
            "timeInterval2": null,
            "maximum": null,
            "minimum": null,
            "rateOfRise": null,
            "rateOfFall": null,
            "lowerWarningLevel": null,
            "higherWarningLevel": null,
            "missingValue": 0,
            "startDate": null,
            "endDate": null,
            "noOfDataPresent": 0,
            "remarks": null,
            "timeLabel1": "1900-01-01T08:30:00",
            "timeLabel2": null,
            "timeLabel3": null,
            "timeLabel4": null,
            "timeLabel5": null,
            "timeLabel6": null,
            "createdOn": null,
            "createdBy": null,
            "updatedOn": null,
            "updatedBy": null,
            "isActive": true
        },
        {
            "stationId": 118,
            "dataTypeId": 28,
            "timeInterval1": 4,
            "timeIntervalPartA": 1,
            "tsType": "1",
            "timeIntervalPartB": null,
            "timeInterval2": null,
            "maximum": null,
            "minimum": null,
            "rateOfRise": null,
            "rateOfFall": null,
            "lowerWarningLevel": null,
            "higherWarningLevel": null,
            "missingValue": 0,
            "startDate": null,
            "endDate": null,
            "noOfDataPresent": 0,
            "remarks": null,
            "timeLabel1": "1900-01-01T08:30:00",
            "timeLabel2": null,
            "timeLabel3": null,
            "timeLabel4": null,
            "timeLabel5": null,
            "timeLabel6": null,
            "createdOn": null,
            "createdBy": null,
            "updatedOn": null,
            "updatedBy": null,
            "isActive": true
        },
        {
            "stationId": 118,
            "dataTypeId": 32,
            "timeInterval1": 3,
            "timeIntervalPartA": 1,
            "tsType": "1",
            "timeIntervalPartB": null,
            "timeInterval2": null,
            "maximum": null,
            "minimum": null,
            "rateOfRise": null,
            "rateOfFall": null,
            "lowerWarningLevel": null,
            "higherWarningLevel": null,
            "missingValue": 0,
            "startDate": null,
            "endDate": null,
            "noOfDataPresent": 0,
            "remarks": null,
            "timeLabel1": "1900-01-01T08:30:00",
            "timeLabel2": null,
            "timeLabel3": null,
            "timeLabel4": null,
            "timeLabel5": null,
            "timeLabel6": null,
            "createdOn": null,
            "createdBy": null,
            "updatedOn": null,
            "updatedBy": null,
            "isActive": true
        },
        {
            "stationId": 119,
            "dataTypeId": 28,
            "timeInterval1": 4,
            "timeIntervalPartA": 1,
            "tsType": "1",
            "timeIntervalPartB": null,
            "timeInterval2": null,
            "maximum": null,
            "minimum": null,
            "rateOfRise": null,
            "rateOfFall": null,
            "lowerWarningLevel": null,
            "higherWarningLevel": null,
            "missingValue": 0,
            "startDate": null,
            "endDate": null,
            "noOfDataPresent": 0,
            "remarks": null,
            "timeLabel1": "1900-01-01T08:30:00",
            "timeLabel2": null,
            "timeLabel3": null,
            "timeLabel4": null,
            "timeLabel5": null,
            "timeLabel6": null,
            "createdOn": null,
            "createdBy": null,
            "updatedOn": null,
            "updatedBy": null,
            "isActive": true
        },
        {
            "stationId": 119,
            "dataTypeId": 32,
            "timeInterval1": 3,
            "timeIntervalPartA": 1,
            "tsType": "1",
            "timeIntervalPartB": null,
            "timeInterval2": null,
            "maximum": 90.0,
            "minimum": 0.0,
            "rateOfRise": null,
            "rateOfFall": null,
            "lowerWarningLevel": null,
            "higherWarningLevel": 60.0,
            "missingValue": 0,
            "startDate": null,
            "endDate": null,
            "noOfDataPresent": 0,
            "remarks": null,
            "timeLabel1": "1900-01-01T08:30:00",
            "timeLabel2": null,
            "timeLabel3": null,
            "timeLabel4": null,
            "timeLabel5": null,
            "timeLabel6": null,
            "createdOn": null,
            "createdBy": null,
            "updatedOn": null,
            "updatedBy": null,
            "isActive": true
        },
        {
            "stationId": 120,
            "dataTypeId": 32,
            "timeInterval1": 3,
            "timeIntervalPartA": 1,
            "tsType": "1",
            "timeIntervalPartB": null,
            "timeInterval2": null,
            "maximum": null,
            "minimum": null,
            "rateOfRise": null,
            "rateOfFall": null,
            "lowerWarningLevel": null,
            "higherWarningLevel": null,
            "missingValue": 0,
            "startDate": null,
            "endDate": null,
            "noOfDataPresent": 0,
            "remarks": null,
            "timeLabel1": "1900-01-01T08:30:00",
            "timeLabel2": null,
            "timeLabel3": null,
            "timeLabel4": null,
            "timeLabel5": null,
            "timeLabel6": null,
            "createdOn": null,
            "createdBy": null,
            "updatedOn": null,
            "updatedBy": null,
            "isActive": true
        },
        {
            "stationId": 121,
            "dataTypeId": 32,
            "timeInterval1": 3,
            "timeIntervalPartA": 1,
            "tsType": "1",
            "timeIntervalPartB": null,
            "timeInterval2": null,
            "maximum": null,
            "minimum": null,
            "rateOfRise": null,
            "rateOfFall": null,
            "lowerWarningLevel": null,
            "higherWarningLevel": null,
            "missingValue": 0,
            "startDate": null,
            "endDate": null,
            "noOfDataPresent": 0,
            "remarks": null,
            "timeLabel1": "1900-01-01T08:30:00",
            "timeLabel2": null,
            "timeLabel3": null,
            "timeLabel4": null,
            "timeLabel5": null,
            "timeLabel6": null,
            "createdOn": null,
            "createdBy": null,
            "updatedOn": null,
            "updatedBy": null,
            "isActive": true
        },
        {
            "stationId": 122,
            "dataTypeId": 32,
            "timeInterval1": 3,
            "timeIntervalPartA": 1,
            "tsType": "1",
            "timeIntervalPartB": null,
            "timeInterval2": null,
            "maximum": null,
            "minimum": null,
            "rateOfRise": null,
            "rateOfFall": null,
            "lowerWarningLevel": null,
            "higherWarningLevel": null,
            "missingValue": 0,
            "startDate": null,
            "endDate": null,
            "noOfDataPresent": 0,
            "remarks": null,
            "timeLabel1": "1900-01-01T08:30:00",
            "timeLabel2": null,
            "timeLabel3": null,
            "timeLabel4": null,
            "timeLabel5": null,
            "timeLabel6": null,
            "createdOn": null,
            "createdBy": null,
            "updatedOn": null,
            "updatedBy": null,
            "isActive": true
        },
        {
            "stationId": 123,
            "dataTypeId": 32,
            "timeInterval1": 3,
            "timeIntervalPartA": 1,
            "tsType": "1",
            "timeIntervalPartB": null,
            "timeInterval2": null,
            "maximum": null,
            "minimum": 0.0,
            "rateOfRise": null,
            "rateOfFall": null,
            "lowerWarningLevel": null,
            "higherWarningLevel": null,
            "missingValue": 0,
            "startDate": null,
            "endDate": null,
            "noOfDataPresent": 0,
            "remarks": null,
            "timeLabel1": "1900-01-01T08:30:00",
            "timeLabel2": null,
            "timeLabel3": null,
            "timeLabel4": null,
            "timeLabel5": null,
            "timeLabel6": null,
            "createdOn": null,
            "createdBy": null,
            "updatedOn": null,
            "updatedBy": null,
            "isActive": true
        },
        {
            "stationId": 124,
            "dataTypeId": 32,
            "timeInterval1": 3,
            "timeIntervalPartA": 1,
            "tsType": "1",
            "timeIntervalPartB": null,
            "timeInterval2": null,
            "maximum": null,
            "minimum": null,
            "rateOfRise": null,
            "rateOfFall": null,
            "lowerWarningLevel": null,
            "higherWarningLevel": null,
            "missingValue": 0,
            "startDate": null,
            "endDate": null,
            "noOfDataPresent": 0,
            "remarks": null,
            "timeLabel1": "1900-01-01T08:30:00",
            "timeLabel2": null,
            "timeLabel3": null,
            "timeLabel4": null,
            "timeLabel5": null,
            "timeLabel6": null,
            "createdOn": null,
            "createdBy": null,
            "updatedOn": null,
            "updatedBy": null,
            "isActive": true
        },
        {
            "stationId": 125,
            "dataTypeId": 32,
            "timeInterval1": 3,
            "timeIntervalPartA": 1,
            "tsType": "1",
            "timeIntervalPartB": null,
            "timeInterval2": null,
            "maximum": null,
            "minimum": 0.0,
            "rateOfRise": null,
            "rateOfFall": null,
            "lowerWarningLevel": null,
            "higherWarningLevel": null,
            "missingValue": 0,
            "startDate": null,
            "endDate": null,
            "noOfDataPresent": 0,
            "remarks": null,
            "timeLabel1": "1900-01-01T08:30:00",
            "timeLabel2": null,
            "timeLabel3": null,
            "timeLabel4": null,
            "timeLabel5": null,
            "timeLabel6": null,
            "createdOn": null,
            "createdBy": null,
            "updatedOn": null,
            "updatedBy": null,
            "isActive": true
        },
        {
            "stationId": 126,
            "dataTypeId": 32,
            "timeInterval1": 3,
            "timeIntervalPartA": 1,
            "tsType": "1",
            "timeIntervalPartB": null,
            "timeInterval2": null,
            "maximum": null,
            "minimum": null,
            "rateOfRise": null,
            "rateOfFall": null,
            "lowerWarningLevel": null,
            "higherWarningLevel": null,
            "missingValue": 0,
            "startDate": null,
            "endDate": null,
            "noOfDataPresent": 0,
            "remarks": null,
            "timeLabel1": "1900-01-01T08:30:00",
            "timeLabel2": null,
            "timeLabel3": null,
            "timeLabel4": null,
            "timeLabel5": null,
            "timeLabel6": null,
            "createdOn": null,
            "createdBy": null,
            "updatedOn": null,
            "updatedBy": null,
            "isActive": true
        },
        {
            "stationId": 127,
            "dataTypeId": 32,
            "timeInterval1": 3,
            "timeIntervalPartA": 1,
            "tsType": "1",
            "timeIntervalPartB": null,
            "timeInterval2": null,
            "maximum": null,
            "minimum": null,
            "rateOfRise": null,
            "rateOfFall": null,
            "lowerWarningLevel": null,
            "higherWarningLevel": null,
            "missingValue": 0,
            "startDate": null,
            "endDate": null,
            "noOfDataPresent": 0,
            "remarks": null,
            "timeLabel1": "1900-01-01T08:30:00",
            "timeLabel2": null,
            "timeLabel3": null,
            "timeLabel4": null,
            "timeLabel5": null,
            "timeLabel6": null,
            "createdOn": null,
            "createdBy": null,
            "updatedOn": null,
            "updatedBy": null,
            "isActive": true
        },
        {
            "stationId": 128,
            "dataTypeId": 32,
            "timeInterval1": 3,
            "timeIntervalPartA": 1,
            "tsType": "1",
            "timeIntervalPartB": null,
            "timeInterval2": null,
            "maximum": null,
            "minimum": null,
            "rateOfRise": null,
            "rateOfFall": null,
            "lowerWarningLevel": null,
            "higherWarningLevel": null,
            "missingValue": 0,
            "startDate": null,
            "endDate": null,
            "noOfDataPresent": 0,
            "remarks": null,
            "timeLabel1": "1900-01-01T08:30:00",
            "timeLabel2": null,
            "timeLabel3": null,
            "timeLabel4": null,
            "timeLabel5": null,
            "timeLabel6": null,
            "createdOn": null,
            "createdBy": null,
            "updatedOn": null,
            "updatedBy": null,
            "isActive": true
        },
        {
            "stationId": 129,
            "dataTypeId": 32,
            "timeInterval1": 3,
            "timeIntervalPartA": 1,
            "tsType": "1",
            "timeIntervalPartB": null,
            "timeInterval2": null,
            "maximum": null,
            "minimum": null,
            "rateOfRise": null,
            "rateOfFall": null,
            "lowerWarningLevel": null,
            "higherWarningLevel": null,
            "missingValue": 0,
            "startDate": null,
            "endDate": null,
            "noOfDataPresent": 0,
            "remarks": null,
            "timeLabel1": "1900-01-01T08:30:00",
            "timeLabel2": null,
            "timeLabel3": null,
            "timeLabel4": null,
            "timeLabel5": null,
            "timeLabel6": null,
            "createdOn": null,
            "createdBy": null,
            "updatedOn": null,
            "updatedBy": null,
            "isActive": true
        },
        {
            "stationId": 130,
            "dataTypeId": 32,
            "timeInterval1": 3,
            "timeIntervalPartA": 1,
            "tsType": "1",
            "timeIntervalPartB": null,
            "timeInterval2": null,
            "maximum": null,
            "minimum": null,
            "rateOfRise": null,
            "rateOfFall": null,
            "lowerWarningLevel": null,
            "higherWarningLevel": null,
            "missingValue": 0,
            "startDate": null,
            "endDate": null,
            "noOfDataPresent": 0,
            "remarks": null,
            "timeLabel1": "1900-01-01T08:30:00",
            "timeLabel2": null,
            "timeLabel3": null,
            "timeLabel4": null,
            "timeLabel5": null,
            "timeLabel6": null,
            "createdOn": null,
            "createdBy": null,
            "updatedOn": null,
            "updatedBy": null,
            "isActive": true
        },
        {
            "stationId": 131,
            "dataTypeId": 32,
            "timeInterval1": 3,
            "timeIntervalPartA": 1,
            "tsType": "1",
            "timeIntervalPartB": null,
            "timeInterval2": null,
            "maximum": null,
            "minimum": null,
            "rateOfRise": null,
            "rateOfFall": null,
            "lowerWarningLevel": null,
            "higherWarningLevel": null,
            "missingValue": 0,
            "startDate": null,
            "endDate": null,
            "noOfDataPresent": 0,
            "remarks": null,
            "timeLabel1": "1900-01-01T08:30:00",
            "timeLabel2": null,
            "timeLabel3": null,
            "timeLabel4": null,
            "timeLabel5": null,
            "timeLabel6": null,
            "createdOn": null,
            "createdBy": null,
            "updatedOn": null,
            "updatedBy": null,
            "isActive": true
        },
        {
            "stationId": 132,
            "dataTypeId": 32,
            "timeInterval1": 3,
            "timeIntervalPartA": 1,
            "tsType": "1",
            "timeIntervalPartB": null,
            "timeInterval2": null,
            "maximum": null,
            "minimum": null,
            "rateOfRise": null,
            "rateOfFall": null,
            "lowerWarningLevel": null,
            "higherWarningLevel": null,
            "missingValue": 0,
            "startDate": null,
            "endDate": null,
            "noOfDataPresent": 0,
            "remarks": null,
            "timeLabel1": "1900-01-01T08:30:00",
            "timeLabel2": null,
            "timeLabel3": null,
            "timeLabel4": null,
            "timeLabel5": null,
            "timeLabel6": null,
            "createdOn": null,
            "createdBy": null,
            "updatedOn": null,
            "updatedBy": null,
            "isActive": true
        },
        {
            "stationId": 133,
            "dataTypeId": 22,
            "timeInterval1": 3,
            "timeIntervalPartA": 2,
            "tsType": "1",
            "timeIntervalPartB": "C",
            "timeInterval2": null,
            "maximum": null,
            "minimum": null,
            "rateOfRise": null,
            "rateOfFall": null,
            "lowerWarningLevel": null,
            "higherWarningLevel": null,
            "missingValue": 0,
            "startDate": null,
            "endDate": null,
            "noOfDataPresent": 0,
            "remarks": null,
            "timeLabel1": "1900-01-01T08:30:00",
            "timeLabel2": "1900-01-01T17:30:00",
            "timeLabel3": null,
            "timeLabel4": null,
            "timeLabel5": null,
            "timeLabel6": null,
            "createdOn": null,
            "createdBy": null,
            "updatedOn": null,
            "updatedBy": null,
            "isActive": true
        },
        {
            "stationId": 133,
            "dataTypeId": 27,
            "timeInterval1": 3,
            "timeIntervalPartA": 2,
            "tsType": "1",
            "timeIntervalPartB": "C",
            "timeInterval2": null,
            "maximum": null,
            "minimum": null,
            "rateOfRise": null,
            "rateOfFall": null,
            "lowerWarningLevel": null,
            "higherWarningLevel": null,
            "missingValue": 0,
            "startDate": null,
            "endDate": null,
            "noOfDataPresent": 0,
            "remarks": null,
            "timeLabel1": "1900-01-01T08:30:00",
            "timeLabel2": "1900-01-01T17:30:00",
            "timeLabel3": null,
            "timeLabel4": null,
            "timeLabel5": null,
            "timeLabel6": null,
            "createdOn": null,
            "createdBy": null,
            "updatedOn": null,
            "updatedBy": null,
            "isActive": true
        },
        {
            "stationId": 133,
            "dataTypeId": 28,
            "timeInterval1": 4,
            "timeIntervalPartA": 1,
            "tsType": "1",
            "timeIntervalPartB": null,
            "timeInterval2": null,
            "maximum": null,
            "minimum": null,
            "rateOfRise": null,
            "rateOfFall": null,
            "lowerWarningLevel": null,
            "higherWarningLevel": null,
            "missingValue": 0,
            "startDate": null,
            "endDate": null,
            "noOfDataPresent": 0,
            "remarks": null,
            "timeLabel1": "1900-01-01T08:30:00",
            "timeLabel2": null,
            "timeLabel3": null,
            "timeLabel4": null,
            "timeLabel5": null,
            "timeLabel6": null,
            "createdOn": null,
            "createdBy": null,
            "updatedOn": null,
            "updatedBy": null,
            "isActive": true
        },
        {
            "stationId": 133,
            "dataTypeId": 32,
            "timeInterval1": 3,
            "timeIntervalPartA": 1,
            "tsType": "1",
            "timeIntervalPartB": null,
            "timeInterval2": null,
            "maximum": null,
            "minimum": null,
            "rateOfRise": null,
            "rateOfFall": null,
            "lowerWarningLevel": null,
            "higherWarningLevel": null,
            "missingValue": 0,
            "startDate": null,
            "endDate": null,
            "noOfDataPresent": 0,
            "remarks": null,
            "timeLabel1": "1900-01-01T08:30:00",
            "timeLabel2": null,
            "timeLabel3": null,
            "timeLabel4": null,
            "timeLabel5": null,
            "timeLabel6": null,
            "createdOn": null,
            "createdBy": null,
            "updatedOn": null,
            "updatedBy": null,
            "isActive": true
        },
        {
            "stationId": 133,
            "dataTypeId": 32,
            "timeInterval1": 3,
            "timeIntervalPartA": 2,
            "tsType": "1",
            "timeIntervalPartB": "C",
            "timeInterval2": null,
            "maximum": null,
            "minimum": null,
            "rateOfRise": null,
            "rateOfFall": null,
            "lowerWarningLevel": null,
            "higherWarningLevel": null,
            "missingValue": 0,
            "startDate": null,
            "endDate": null,
            "noOfDataPresent": 0,
            "remarks": null,
            "timeLabel1": "1900-01-01T08:30:00",
            "timeLabel2": "1900-01-01T17:30:00",
            "timeLabel3": null,
            "timeLabel4": null,
            "timeLabel5": null,
            "timeLabel6": null,
            "createdOn": null,
            "createdBy": null,
            "updatedOn": null,
            "updatedBy": null,
            "isActive": true
        },
        {
            "stationId": 133,
            "dataTypeId": 34,
            "timeInterval1": 4,
            "timeIntervalPartA": 1,
            "tsType": "1",
            "timeIntervalPartB": null,
            "timeInterval2": null,
            "maximum": null,
            "minimum": null,
            "rateOfRise": null,
            "rateOfFall": null,
            "lowerWarningLevel": null,
            "higherWarningLevel": null,
            "missingValue": 0,
            "startDate": null,
            "endDate": null,
            "noOfDataPresent": 0,
            "remarks": null,
            "timeLabel1": "1900-01-01T05:00:00",
            "timeLabel2": null,
            "timeLabel3": null,
            "timeLabel4": null,
            "timeLabel5": null,
            "timeLabel6": null,
            "createdOn": null,
            "createdBy": null,
            "updatedOn": null,
            "updatedBy": null,
            "isActive": true
        },
        {
            "stationId": 133,
            "dataTypeId": 42,
            "timeInterval1": 3,
            "timeIntervalPartA": 2,
            "tsType": "1",
            "timeIntervalPartB": "C",
            "timeInterval2": null,
            "maximum": null,
            "minimum": null,
            "rateOfRise": null,
            "rateOfFall": null,
            "lowerWarningLevel": null,
            "higherWarningLevel": null,
            "missingValue": 0,
            "startDate": null,
            "endDate": null,
            "noOfDataPresent": 0,
            "remarks": null,
            "timeLabel1": "1900-01-01T08:30:00",
            "timeLabel2": "1900-01-01T17:30:00",
            "timeLabel3": null,
            "timeLabel4": null,
            "timeLabel5": null,
            "timeLabel6": null,
            "createdOn": null,
            "createdBy": null,
            "updatedOn": null,
            "updatedBy": null,
            "isActive": true
        },
        {
            "stationId": 133,
            "dataTypeId": 43,
            "timeInterval1": 3,
            "timeIntervalPartA": 1,
            "tsType": "1",
            "timeIntervalPartB": null,
            "timeInterval2": null,
            "maximum": null,
            "minimum": null,
            "rateOfRise": null,
            "rateOfFall": null,
            "lowerWarningLevel": null,
            "higherWarningLevel": null,
            "missingValue": 0,
            "startDate": null,
            "endDate": null,
            "noOfDataPresent": 0,
            "remarks": null,
            "timeLabel1": "1900-01-01T08:30:00",
            "timeLabel2": null,
            "timeLabel3": null,
            "timeLabel4": null,
            "timeLabel5": null,
            "timeLabel6": null,
            "createdOn": null,
            "createdBy": null,
            "updatedOn": null,
            "updatedBy": null,
            "isActive": true
        },
        {
            "stationId": 3,
            "dataTypeId": 43,
            "timeInterval1": 3,
            "timeIntervalPartA": 1,
            "tsType": "1",
            "timeIntervalPartB": null,
            "timeInterval2": null,
            "maximum": 100.0,
            "minimum": 0.0,
            "rateOfRise": null,
            "rateOfFall": null,
            "lowerWarningLevel": 20.0,
            "higherWarningLevel": 53.0,
            "missingValue": 0,
            "startDate": null,
            "endDate": null,
            "noOfDataPresent": 0,
            "remarks": null,
            "timeLabel1": "1900-01-01T08:30:00",
            "timeLabel2": null,
            "timeLabel3": null,
            "timeLabel4": null,
            "timeLabel5": null,
            "timeLabel6": null,
            "createdOn": null,
            "createdBy": null,
            "updatedOn": "2024-06-15T15:14:06.206431",
            "updatedBy": null,
            "isActive": true
        },
        {
            "stationId": 2,
            "dataTypeId": 43,
            "timeInterval1": 3,
            "timeIntervalPartA": 1,
            "tsType": "1",
            "timeIntervalPartB": null,
            "timeInterval2": null,
            "maximum": 10.0,
            "minimum": 2.0,
            "rateOfRise": null,
            "rateOfFall": null,
            "lowerWarningLevel": 5.0,
            "higherWarningLevel": 10.0,
            "missingValue": 0,
            "startDate": null,
            "endDate": null,
            "noOfDataPresent": 0,
            "remarks": null,
            "timeLabel1": "1900-01-01T08:30:00",
            "timeLabel2": null,
            "timeLabel3": null,
            "timeLabel4": null,
            "timeLabel5": null,
            "timeLabel6": null,
            "createdOn": null,
            "createdBy": null,
            "updatedOn": "2024-06-11T10:49:23.032513",
            "updatedBy": null,
            "isActive": true
        },
        {
            "stationId": 2,
            "dataTypeId": 56,
            "timeInterval1": 3,
            "timeIntervalPartA": 1,
            "tsType": "1",
            "timeIntervalPartB": null,
            "timeInterval2": null,
            "maximum": 1000.0,
            "minimum": 10.0,
            "rateOfRise": null,
            "rateOfFall": null,
            "lowerWarningLevel": 0.0,
            "higherWarningLevel": 800.0,
            "missingValue": 0,
            "startDate": null,
            "endDate": null,
            "noOfDataPresent": 0,
            "remarks": null,
            "timeLabel1": "1900-01-01T08:30:00",
            "timeLabel2": null,
            "timeLabel3": null,
            "timeLabel4": null,
            "timeLabel5": null,
            "timeLabel6": null,
            "createdOn": null,
            "createdBy": null,
            "updatedOn": "2024-06-11T10:49:23.048209",
            "updatedBy": null,
            "isActive": true
        },
        {
            "stationId": 3,
            "dataTypeId": 28,
            "timeInterval1": 4,
            "timeIntervalPartA": 1,
            "tsType": "1",
            "timeIntervalPartB": null,
            "timeInterval2": null,
            "maximum": 100.0,
            "minimum": 0.0,
            "rateOfRise": null,
            "rateOfFall": null,
            "lowerWarningLevel": 20.0,
            "higherWarningLevel": 90.0,
            "missingValue": 0,
            "startDate": null,
            "endDate": null,
            "noOfDataPresent": 0,
            "remarks": null,
            "timeLabel1": "1900-01-01T08:30:00",
            "timeLabel2": null,
            "timeLabel3": null,
            "timeLabel4": null,
            "timeLabel5": null,
            "timeLabel6": null,
            "createdOn": null,
            "createdBy": null,
            "updatedOn": "2024-06-15T15:14:06.220568",
            "updatedBy": null,
            "isActive": true
        },
        {
            "stationId": 3,
            "dataTypeId": 32,
            "timeInterval1": 3,
            "timeIntervalPartA": 1,
            "tsType": "1",
            "timeIntervalPartB": null,
            "timeInterval2": null,
            "maximum": 210.0,
            "minimum": 0.0,
            "rateOfRise": null,
            "rateOfFall": null,
            "lowerWarningLevel": 50.0,
            "higherWarningLevel": 180.0,
            "missingValue": 0,
            "startDate": null,
            "endDate": null,
            "noOfDataPresent": 0,
            "remarks": null,
            "timeLabel1": "1900-01-01T08:30:00",
            "timeLabel2": null,
            "timeLabel3": null,
            "timeLabel4": null,
            "timeLabel5": null,
            "timeLabel6": null,
            "createdOn": null,
            "createdBy": null,
            "updatedOn": "2024-06-15T15:14:06.225077",
            "updatedBy": null,
            "isActive": true
        },
        {
            "stationId": 2,
            "dataTypeId": 50,
            "timeInterval1": 3,
            "timeIntervalPartA": 2,
            "tsType": "1",
            "timeIntervalPartB": "C",
            "timeInterval2": null,
            "maximum": 200.0,
            "minimum": 40.0,
            "rateOfRise": null,
            "rateOfFall": null,
            "lowerWarningLevel": 20.0,
            "higherWarningLevel": 100.0,
            "missingValue": 0,
            "startDate": null,
            "endDate": null,
            "noOfDataPresent": 0,
            "remarks": null,
            "timeLabel1": "1900-01-01T08:30:00",
            "timeLabel2": "1900-01-01T17:30:00",
            "timeLabel3": null,
            "timeLabel4": null,
            "timeLabel5": null,
            "timeLabel6": null,
            "createdOn": null,
            "createdBy": null,
            "updatedOn": "2024-06-11T10:49:23.043935",
            "updatedBy": null,
            "isActive": true
        },
        {
            "stationId": 3,
            "dataTypeId": 42,
            "timeInterval1": 3,
            "timeIntervalPartA": 2,
            "tsType": "1",
            "timeIntervalPartB": "C",
            "timeInterval2": null,
            "maximum": 100.0,
            "minimum": 0.0,
            "rateOfRise": null,
            "rateOfFall": null,
            "lowerWarningLevel": 30.0,
            "higherWarningLevel": 90.0,
            "missingValue": 0,
            "startDate": null,
            "endDate": null,
            "noOfDataPresent": 0,
            "remarks": null,
            "timeLabel1": "1900-01-01T08:30:00",
            "timeLabel2": "1900-01-01T17:30:00",
            "timeLabel3": null,
            "timeLabel4": null,
            "timeLabel5": null,
            "timeLabel6": null,
            "createdOn": null,
            "createdBy": null,
            "updatedOn": "2024-06-15T15:14:06.194774",
            "updatedBy": null,
            "isActive": true
        },
        {
            "stationId": 2,
            "dataTypeId": 34,
            "timeInterval1": 4,
            "timeIntervalPartA": 1,
            "tsType": "1",
            "timeIntervalPartB": null,
            "timeInterval2": null,
            "maximum": 0.8,
            "minimum": 0.0,
            "rateOfRise": null,
            "rateOfFall": null,
            "lowerWarningLevel": null,
            "higherWarningLevel": null,
            "missingValue": 0,
            "startDate": null,
            "endDate": null,
            "noOfDataPresent": 0,
            "remarks": null,
            "timeLabel1": "1900-01-01T05:00:00",
            "timeLabel2": null,
            "timeLabel3": null,
            "timeLabel4": null,
            "timeLabel5": null,
            "timeLabel6": null,
            "createdOn": null,
            "createdBy": null,
            "updatedOn": "2024-06-11T10:49:23.027104",
            "updatedBy": null,
            "isActive": true
        },
        {
            "stationId": 2,
            "dataTypeId": 27,
            "timeInterval1": 3,
            "timeIntervalPartA": 2,
            "tsType": "1",
            "timeIntervalPartB": "C",
            "timeInterval2": null,
            "maximum": 500.0,
            "minimum": 100.0,
            "rateOfRise": null,
            "rateOfFall": null,
            "lowerWarningLevel": 50.0,
            "higherWarningLevel": 400.0,
            "missingValue": 0,
            "startDate": null,
            "endDate": null,
            "noOfDataPresent": 0,
            "remarks": null,
            "timeLabel1": "1900-01-01T08:30:00",
            "timeLabel2": "1900-01-01T17:30:00",
            "timeLabel3": null,
            "timeLabel4": null,
            "timeLabel5": null,
            "timeLabel6": null,
            "createdOn": null,
            "createdBy": null,
            "updatedOn": "2024-06-11T10:49:23.022207",
            "updatedBy": null,
            "isActive": true
        },
        {
            "stationId": 2,
            "dataTypeId": 44,
            "timeInterval1": 3,
            "timeIntervalPartA": 2,
            "tsType": "1",
            "timeIntervalPartB": "C",
            "timeInterval2": null,
            "maximum": 40.0,
            "minimum": 10.0,
            "rateOfRise": null,
            "rateOfFall": null,
            "lowerWarningLevel": 5.0,
            "higherWarningLevel": 30.0,
            "missingValue": 0,
            "startDate": null,
            "endDate": null,
            "noOfDataPresent": 0,
            "remarks": null,
            "timeLabel1": "1900-01-01T08:30:00",
            "timeLabel2": "1900-01-01T17:30:00",
            "timeLabel3": null,
            "timeLabel4": null,
            "timeLabel5": null,
            "timeLabel6": null,
            "createdOn": null,
            "createdBy": null,
            "updatedOn": "2024-06-11T10:49:23.036134",
            "updatedBy": null,
            "isActive": true
        },
        {
            "stationId": 3,
            "dataTypeId": 22,
            "timeInterval1": 3,
            "timeIntervalPartA": 2,
            "tsType": "1",
            "timeIntervalPartB": "C",
            "timeInterval2": null,
            "maximum": 100.0,
            "minimum": 0.0,
            "rateOfRise": null,
            "rateOfFall": null,
            "lowerWarningLevel": 20.0,
            "higherWarningLevel": 80.0,
            "missingValue": 0,
            "startDate": null,
            "endDate": null,
            "noOfDataPresent": 0,
            "remarks": null,
            "timeLabel1": "1900-01-01T08:30:00",
            "timeLabel2": "1900-01-01T17:30:00",
            "timeLabel3": null,
            "timeLabel4": null,
            "timeLabel5": null,
            "timeLabel6": null,
            "createdOn": null,
            "createdBy": null,
            "updatedOn": "2024-06-15T15:14:06.216137",
            "updatedBy": null,
            "isActive": true
        },
        {
            "stationId": 3,
            "dataTypeId": 27,
            "timeInterval1": 3,
            "timeIntervalPartA": 2,
            "tsType": "1",
            "timeIntervalPartB": "C",
            "timeInterval2": null,
            "maximum": 500.0,
            "minimum": 0.0,
            "rateOfRise": null,
            "rateOfFall": null,
            "lowerWarningLevel": 50.0,
            "higherWarningLevel": 400.0,
            "missingValue": 0,
            "startDate": null,
            "endDate": null,
            "noOfDataPresent": 0,
            "remarks": null,
            "timeLabel1": "1900-01-01T08:30:00",
            "timeLabel2": "1900-01-01T17:30:00",
            "timeLabel3": null,
            "timeLabel4": null,
            "timeLabel5": null,
            "timeLabel6": null,
            "createdOn": null,
            "createdBy": null,
            "updatedOn": "2024-06-15T15:14:06.239994",
            "updatedBy": null,
            "isActive": true
        },
        {
            "stationId": 3,
            "dataTypeId": 47,
            "timeInterval1": 3,
            "timeIntervalPartA": 1,
            "tsType": "1",
            "timeIntervalPartB": null,
            "timeInterval2": null,
            "maximum": 60.0,
            "minimum": 0.0,
            "rateOfRise": null,
            "rateOfFall": null,
            "lowerWarningLevel": 20.0,
            "higherWarningLevel": 50.0,
            "missingValue": 0,
            "startDate": null,
            "endDate": null,
            "noOfDataPresent": 0,
            "remarks": null,
            "timeLabel1": "1900-01-01T08:30:00",
            "timeLabel2": null,
            "timeLabel3": null,
            "timeLabel4": null,
            "timeLabel5": null,
            "timeLabel6": null,
            "createdOn": null,
            "createdBy": null,
            "updatedOn": "2024-06-15T15:14:06.199507",
            "updatedBy": null,
            "isActive": true
        },
        {
            "stationId": 3,
            "dataTypeId": 32,
            "timeInterval1": 3,
            "timeIntervalPartA": 2,
            "tsType": "1",
            "timeIntervalPartB": "C",
            "timeInterval2": null,
            "maximum": 100.0,
            "minimum": 0.0,
            "rateOfRise": null,
            "rateOfFall": null,
            "lowerWarningLevel": 30.0,
            "higherWarningLevel": 80.0,
            "missingValue": 0,
            "startDate": null,
            "endDate": null,
            "noOfDataPresent": 0,
            "remarks": null,
            "timeLabel1": "1900-01-01T08:30:00",
            "timeLabel2": "1900-01-01T17:30:00",
            "timeLabel3": null,
            "timeLabel4": null,
            "timeLabel5": null,
            "timeLabel6": null,
            "createdOn": null,
            "createdBy": null,
            "updatedOn": "2024-06-15T15:14:06.23049",
            "updatedBy": null,
            "isActive": true
        },
        {
            "stationId": 2,
            "dataTypeId": 46,
            "timeInterval1": 3,
            "timeIntervalPartA": 2,
            "tsType": "1",
            "timeIntervalPartB": "C",
            "timeInterval2": null,
            "maximum": 200.0,
            "minimum": 0.0,
            "rateOfRise": null,
            "rateOfFall": null,
            "lowerWarningLevel": 5.0,
            "higherWarningLevel": 180.0,
            "missingValue": 0,
            "startDate": null,
            "endDate": null,
            "noOfDataPresent": 0,
            "remarks": null,
            "timeLabel1": "1900-01-01T08:30:00",
            "timeLabel2": "1900-01-01T17:30:00",
            "timeLabel3": null,
            "timeLabel4": null,
            "timeLabel5": null,
            "timeLabel6": null,
            "createdOn": null,
            "createdBy": null,
            "updatedOn": "2024-06-11T10:49:23.039501",
            "updatedBy": null,
            "isActive": true
        },
        {
            "stationId": 140,
            "dataTypeId": 15,
            "timeInterval1": 3,
            "timeIntervalPartA": 4,
            "tsType": "1",
            "timeIntervalPartB": "C",
            "timeInterval2": null,
            "maximum": null,
            "minimum": null,
            "rateOfRise": null,
            "rateOfFall": null,
            "lowerWarningLevel": null,
            "higherWarningLevel": null,
            "missingValue": 0,
            "startDate": null,
            "endDate": null,
            "noOfDataPresent": 0,
            "remarks": null,
            "timeLabel1": "1900-01-01T09:00:00",
            "timeLabel2": "1900-01-01T12:00:00",
            "timeLabel3": "1900-01-01T15:00:00",
            "timeLabel4": "1900-01-01T18:00:00",
            "timeLabel5": null,
            "timeLabel6": null,
            "createdOn": null,
            "createdBy": null,
            "updatedOn": null,
            "updatedBy": null,
            "isActive": true
        },
        {
            "stationId": 139,
            "dataTypeId": 15,
            "timeInterval1": 3,
            "timeIntervalPartA": 4,
            "tsType": "1",
            "timeIntervalPartB": "C",
            "timeInterval2": null,
            "maximum": null,
            "minimum": null,
            "rateOfRise": null,
            "rateOfFall": null,
            "lowerWarningLevel": null,
            "higherWarningLevel": null,
            "missingValue": 0,
            "startDate": null,
            "endDate": null,
            "noOfDataPresent": 0,
            "remarks": null,
            "timeLabel1": "1900-01-01T09:00:00",
            "timeLabel2": "1900-01-01T12:00:00",
            "timeLabel3": "1900-01-01T15:00:00",
            "timeLabel4": "1900-01-01T18:00:00",
            "timeLabel5": null,
            "timeLabel6": null,
            "createdOn": null,
            "createdBy": null,
            "updatedOn": null,
            "updatedBy": null,
            "isActive": true
        },
        {
            "stationId": 137,
            "dataTypeId": 15,
            "timeInterval1": 3,
            "timeIntervalPartA": 4,
            "tsType": "1",
            "timeIntervalPartB": "C",
            "timeInterval2": null,
            "maximum": null,
            "minimum": null,
            "rateOfRise": null,
            "rateOfFall": null,
            "lowerWarningLevel": null,
            "higherWarningLevel": null,
            "missingValue": 0,
            "startDate": null,
            "endDate": null,
            "noOfDataPresent": 0,
            "remarks": null,
            "timeLabel1": "1900-01-01T08:00:00",
            "timeLabel2": "1900-01-01T12:00:00",
            "timeLabel3": "1900-01-01T15:00:00",
            "timeLabel4": "1900-01-01T18:00:00",
            "timeLabel5": null,
            "timeLabel6": null,
            "createdOn": null,
            "createdBy": null,
            "updatedOn": null,
            "updatedBy": null,
            "isActive": true
        },
        {
            "stationId": 0,
            "dataTypeId": 1,
            "timeInterval1": 2,
            "timeIntervalPartA": 3,
            "tsType": "1",
            "timeIntervalPartB": "2",
            "timeInterval2": 3,
            "maximum": 0.0,
            "minimum": 0.0,
            "rateOfRise": 10.0,
            "rateOfFall": 10.0,
            "lowerWarningLevel": 10.0,
            "higherWarningLevel": 10.0,
            "missingValue": 10,
            "startDate": "2024-04-17T12:13:58.248",
            "endDate": "2024-04-17T12:13:58.248",
            "noOfDataPresent": 10,
            "remarks": "Testing",
            "timeLabel1": "2024-04-17T12:13:58.248",
            "timeLabel2": "2024-04-17T12:13:58.248",
            "timeLabel3": "2024-04-17T12:13:58.248",
            "timeLabel4": "2024-04-17T12:13:58.248",
            "timeLabel5": "2024-04-17T12:13:58.248",
            "timeLabel6": "2024-04-17T12:13:58.248",
            "createdOn": "2024-04-19T11:58:41.284281",
            "createdBy": 0,
            "updatedOn": "2024-04-25T17:34:01.460791",
            "updatedBy": 0,
            "isActive": true
        },
        {
            "stationId": 10,
            "dataTypeId": 1,
            "timeInterval1": 2,
            "timeIntervalPartA": 3,
            "tsType": "1",
            "timeIntervalPartB": "2",
            "timeInterval2": 3,
            "maximum": 0.0,
            "minimum": 0.0,
            "rateOfRise": 10.0,
            "rateOfFall": 10.0,
            "lowerWarningLevel": 10.0,
            "higherWarningLevel": 10.0,
            "missingValue": 10,
            "startDate": "2024-04-17T12:13:58.248",
            "endDate": "2024-04-17T12:13:58.248",
            "noOfDataPresent": 10,
            "remarks": "Testing",
            "timeLabel1": "2024-04-17T12:13:58.248",
            "timeLabel2": "2024-04-17T12:13:58.248",
            "timeLabel3": "2024-04-17T12:13:58.248",
            "timeLabel4": "2024-04-17T12:13:58.248",
            "timeLabel5": "2024-04-17T12:13:58.248",
            "timeLabel6": "2024-04-17T12:13:58.248",
            "createdOn": "2024-04-25T17:34:47.724411",
            "createdBy": 0,
            "updatedOn": "2024-05-01T11:41:52.176335",
            "updatedBy": 0,
            "isActive": true
        },
        {
            "stationId": 11,
            "dataTypeId": 1,
            "timeInterval1": 2,
            "timeIntervalPartA": 3,
            "tsType": "1",
            "timeIntervalPartB": "2",
            "timeInterval2": 3,
            "maximum": 0.0,
            "minimum": 0.0,
            "rateOfRise": 10.0,
            "rateOfFall": 10.0,
            "lowerWarningLevel": 10.0,
            "higherWarningLevel": 10.0,
            "missingValue": 10,
            "startDate": "2024-05-01T12:13:58.248",
            "endDate": "2024-05-01T12:13:58.248",
            "noOfDataPresent": 10,
            "remarks": "Testing123",
            "timeLabel1": "2024-05-01T12:13:58.248",
            "timeLabel2": "2024-05-01T12:13:58.248",
            "timeLabel3": "2024-05-01T12:13:58.248",
            "timeLabel4": "2024-05-01T12:13:58.248",
            "timeLabel5": "2024-05-01T12:13:58.248",
            "timeLabel6": "2024-05-01T12:13:58.248",
            "createdOn": "2024-05-01T11:48:27.147107",
            "createdBy": 0,
            "updatedOn": "2024-05-02T06:00:22.21964",
            "updatedBy": 0,
            "isActive": true
        },
        {
            "stationId": 4,
            "dataTypeId": 206,
            "timeInterval1": 4,
            "timeIntervalPartA": 1,
            "tsType": null,
            "timeIntervalPartB": null,
            "timeInterval2": null,
            "maximum": null,
            "minimum": null,
            "rateOfRise": null,
            "rateOfFall": null,
            "lowerWarningLevel": null,
            "higherWarningLevel": null,
            "missingValue": null,
            "startDate": null,
            "endDate": null,
            "noOfDataPresent": null,
            "remarks": null,
            "timeLabel1": null,
            "timeLabel2": null,
            "timeLabel3": null,
            "timeLabel4": null,
            "timeLabel5": null,
            "timeLabel6": null,
            "createdOn": "2024-05-02T12:37:15.805553",
            "createdBy": null,
            "updatedOn": "2024-05-02T12:37:15.805566",
            "updatedBy": null,
            "isActive": true
        },
        {
            "stationId": 5,
            "dataTypeId": 206,
            "timeInterval1": 3,
            "timeIntervalPartA": 1,
            "tsType": "1",
            "timeIntervalPartB": null,
            "timeInterval2": null,
            "maximum": null,
            "minimum": null,
            "rateOfRise": null,
            "rateOfFall": null,
            "lowerWarningLevel": null,
            "higherWarningLevel": null,
            "missingValue": 0,
            "startDate": null,
            "endDate": null,
            "noOfDataPresent": 0,
            "remarks": null,
            "timeLabel1": "1900-01-01T08:30:00",
            "timeLabel2": null,
            "timeLabel3": null,
            "timeLabel4": null,
            "timeLabel5": null,
            "timeLabel6": null,
            "createdOn": "2024-05-02T12:42:55.55089",
            "createdBy": null,
            "updatedOn": "2024-05-02T12:44:04.874984",
            "updatedBy": null,
            "isActive": true
        },
        {
            "stationId": 5,
            "dataTypeId": 206,
            "timeInterval1": 3,
            "timeIntervalPartA": 2,
            "tsType": null,
            "timeIntervalPartB": null,
            "timeInterval2": null,
            "maximum": null,
            "minimum": null,
            "rateOfRise": null,
            "rateOfFall": null,
            "lowerWarningLevel": null,
            "higherWarningLevel": null,
            "missingValue": null,
            "startDate": null,
            "endDate": null,
            "noOfDataPresent": null,
            "remarks": null,
            "timeLabel1": null,
            "timeLabel2": null,
            "timeLabel3": null,
            "timeLabel4": null,
            "timeLabel5": null,
            "timeLabel6": null,
            "createdOn": "2024-05-02T12:42:55.5564",
            "createdBy": null,
            "updatedOn": "2024-05-02T12:44:04.878139",
            "updatedBy": null,
            "isActive": true
        },
        {
            "stationId": 2,
            "dataTypeId": 206,
            "timeInterval1": 4,
            "timeIntervalPartA": 1,
            "tsType": "1",
            "timeIntervalPartB": null,
            "timeInterval2": null,
            "maximum": null,
            "minimum": null,
            "rateOfRise": null,
            "rateOfFall": null,
            "lowerWarningLevel": null,
            "higherWarningLevel": null,
            "missingValue": 0,
            "startDate": null,
            "endDate": null,
            "noOfDataPresent": 0,
            "remarks": null,
            "timeLabel1": "1900-01-01T05:00:00",
            "timeLabel2": null,
            "timeLabel3": null,
            "timeLabel4": null,
            "timeLabel5": null,
            "timeLabel6": null,
            "createdOn": "2024-05-02T12:47:01.940299",
            "createdBy": null,
            "updatedOn": "2024-05-02T12:47:01.951209",
            "updatedBy": null,
            "isActive": true
        },
        {
            "stationId": 2,
            "dataTypeId": 206,
            "timeInterval1": 3,
            "timeIntervalPartA": 2,
            "tsType": "1",
            "timeIntervalPartB": "C",
            "timeInterval2": null,
            "maximum": null,
            "minimum": null,
            "rateOfRise": null,
            "rateOfFall": null,
            "lowerWarningLevel": null,
            "higherWarningLevel": null,
            "missingValue": 0,
            "startDate": null,
            "endDate": null,
            "noOfDataPresent": 0,
            "remarks": null,
            "timeLabel1": "1900-01-01T08:30:00",
            "timeLabel2": "1900-01-01T17:30:00",
            "timeLabel3": null,
            "timeLabel4": null,
            "timeLabel5": null,
            "timeLabel6": null,
            "createdOn": "2024-05-02T12:47:01.930536",
            "createdBy": null,
            "updatedOn": "2024-05-02T12:47:01.972258",
            "updatedBy": null,
            "isActive": true
        },
        {
            "stationId": 2,
            "dataTypeId": 206,
            "timeInterval1": 3,
            "timeIntervalPartA": 1,
            "tsType": "1",
            "timeIntervalPartB": null,
            "timeInterval2": null,
            "maximum": null,
            "minimum": null,
            "rateOfRise": null,
            "rateOfFall": null,
            "lowerWarningLevel": null,
            "higherWarningLevel": null,
            "missingValue": 0,
            "startDate": null,
            "endDate": null,
            "noOfDataPresent": 0,
            "remarks": null,
            "timeLabel1": "1900-01-01T08:30:00",
            "timeLabel2": null,
            "timeLabel3": null,
            "timeLabel4": null,
            "timeLabel5": null,
            "timeLabel6": null,
            "createdOn": "2024-05-02T12:47:01.943695",
            "createdBy": null,
            "updatedOn": "2024-05-02T12:47:01.975393",
            "updatedBy": null,
            "isActive": true
        },
        {
            "stationId": 2,
            "dataTypeId": 206,
            "timeInterval1": 3,
            "timeIntervalPartA": 4,
            "tsType": null,
            "timeIntervalPartB": null,
            "timeInterval2": null,
            "maximum": null,
            "minimum": null,
            "rateOfRise": null,
            "rateOfFall": null,
            "lowerWarningLevel": null,
            "higherWarningLevel": null,
            "missingValue": null,
            "startDate": null,
            "endDate": null,
            "noOfDataPresent": null,
            "remarks": null,
            "timeLabel1": null,
            "timeLabel2": null,
            "timeLabel3": null,
            "timeLabel4": null,
            "timeLabel5": null,
            "timeLabel6": null,
            "createdOn": "2024-05-02T12:47:01.978939",
            "createdBy": null,
            "updatedOn": "2024-05-02T12:47:01.978947",
            "updatedBy": null,
            "isActive": true
        },
        {
            "stationId": 4,
            "dataTypeId": 206,
            "timeInterval1": 3,
            "timeIntervalPartA": 1,
            "tsType": "1",
            "timeIntervalPartB": null,
            "timeInterval2": null,
            "maximum": null,
            "minimum": null,
            "rateOfRise": null,
            "rateOfFall": null,
            "lowerWarningLevel": null,
            "higherWarningLevel": null,
            "missingValue": 0,
            "startDate": null,
            "endDate": null,
            "noOfDataPresent": 0,
            "remarks": null,
            "timeLabel1": "1900-01-01T08:30:00",
            "timeLabel2": null,
            "timeLabel3": null,
            "timeLabel4": null,
            "timeLabel5": null,
            "timeLabel6": null,
            "createdOn": "2024-05-02T12:37:15.81164",
            "createdBy": null,
            "updatedOn": "2024-05-02T12:54:24.547752",
            "updatedBy": null,
            "isActive": true
        },
        {
            "stationId": 4,
            "dataTypeId": 206,
            "timeInterval1": 3,
            "timeIntervalPartA": 2,
            "tsType": null,
            "timeIntervalPartB": null,
            "timeInterval2": null,
            "maximum": null,
            "minimum": null,
            "rateOfRise": null,
            "rateOfFall": null,
            "lowerWarningLevel": null,
            "higherWarningLevel": null,
            "missingValue": null,
            "startDate": null,
            "endDate": null,
            "noOfDataPresent": null,
            "remarks": null,
            "timeLabel1": null,
            "timeLabel2": null,
            "timeLabel3": null,
            "timeLabel4": null,
            "timeLabel5": null,
            "timeLabel6": null,
            "createdOn": "2024-05-02T12:49:25.269301",
            "createdBy": null,
            "updatedOn": "2024-05-02T12:54:24.553299",
            "updatedBy": null,
            "isActive": true
        },
        {
            "stationId": 100,
            "dataTypeId": 34,
            "timeInterval1": 4,
            "timeIntervalPartA": 1,
            "tsType": "1",
            "timeIntervalPartB": null,
            "timeInterval2": null,
            "maximum": null,
            "minimum": null,
            "rateOfRise": null,
            "rateOfFall": null,
            "lowerWarningLevel": null,
            "higherWarningLevel": null,
            "missingValue": 0,
            "startDate": null,
            "endDate": null,
            "noOfDataPresent": 0,
            "remarks": null,
            "timeLabel1": "1900-01-01T05:00:00",
            "timeLabel2": null,
            "timeLabel3": null,
            "timeLabel4": null,
            "timeLabel5": null,
            "timeLabel6": null,
            "createdOn": null,
            "createdBy": null,
            "updatedOn": null,
            "updatedBy": null,
            "isActive": true
        },
        {
            "stationId": 142,
            "dataTypeId": 8,
            "timeInterval1": 3,
            "timeIntervalPartA": 1,
            "tsType": null,
            "timeIntervalPartB": null,
            "timeInterval2": null,
            "maximum": null,
            "minimum": null,
            "rateOfRise": null,
            "rateOfFall": null,
            "lowerWarningLevel": null,
            "higherWarningLevel": null,
            "missingValue": null,
            "startDate": null,
            "endDate": null,
            "noOfDataPresent": null,
            "remarks": null,
            "timeLabel1": null,
            "timeLabel2": null,
            "timeLabel3": null,
            "timeLabel4": null,
            "timeLabel5": null,
            "timeLabel6": null,
            "createdOn": "2024-05-04T09:05:34.265287",
            "createdBy": null,
            "updatedOn": "2024-05-04T09:05:34.265301",
            "updatedBy": null,
            "isActive": true
        },
        {
            "stationId": 142,
            "dataTypeId": 15,
            "timeInterval1": 3,
            "timeIntervalPartA": 4,
            "tsType": null,
            "timeIntervalPartB": null,
            "timeInterval2": null,
            "maximum": null,
            "minimum": null,
            "rateOfRise": null,
            "rateOfFall": null,
            "lowerWarningLevel": null,
            "higherWarningLevel": null,
            "missingValue": null,
            "startDate": null,
            "endDate": null,
            "noOfDataPresent": null,
            "remarks": null,
            "timeLabel1": null,
            "timeLabel2": null,
            "timeLabel3": null,
            "timeLabel4": null,
            "timeLabel5": null,
            "timeLabel6": null,
            "createdOn": "2024-05-04T09:05:34.282187",
            "createdBy": null,
            "updatedOn": "2024-05-04T09:05:34.282193",
            "updatedBy": null,
            "isActive": true
        },
        {
            "stationId": 142,
            "dataTypeId": 22,
            "timeInterval1": 3,
            "timeIntervalPartA": 2,
            "tsType": null,
            "timeIntervalPartB": null,
            "timeInterval2": null,
            "maximum": null,
            "minimum": null,
            "rateOfRise": null,
            "rateOfFall": null,
            "lowerWarningLevel": null,
            "higherWarningLevel": null,
            "missingValue": null,
            "startDate": null,
            "endDate": null,
            "noOfDataPresent": null,
            "remarks": null,
            "timeLabel1": null,
            "timeLabel2": null,
            "timeLabel3": null,
            "timeLabel4": null,
            "timeLabel5": null,
            "timeLabel6": null,
            "createdOn": "2024-05-04T09:05:34.286707",
            "createdBy": null,
            "updatedOn": "2024-05-04T09:05:34.286712",
            "updatedBy": null,
            "isActive": true
        },
        {
            "stationId": 142,
            "dataTypeId": 25,
            "timeInterval1": 4,
            "timeIntervalPartA": 1,
            "tsType": null,
            "timeIntervalPartB": null,
            "timeInterval2": null,
            "maximum": null,
            "minimum": null,
            "rateOfRise": null,
            "rateOfFall": null,
            "lowerWarningLevel": null,
            "higherWarningLevel": null,
            "missingValue": null,
            "startDate": null,
            "endDate": null,
            "noOfDataPresent": null,
            "remarks": null,
            "timeLabel1": null,
            "timeLabel2": null,
            "timeLabel3": null,
            "timeLabel4": null,
            "timeLabel5": null,
            "timeLabel6": null,
            "createdOn": "2024-05-04T09:05:34.291391",
            "createdBy": null,
            "updatedOn": "2024-05-04T09:05:34.291394",
            "updatedBy": null,
            "isActive": true
        },
        {
            "stationId": 142,
            "dataTypeId": 27,
            "timeInterval1": 3,
            "timeIntervalPartA": 2,
            "tsType": null,
            "timeIntervalPartB": null,
            "timeInterval2": null,
            "maximum": null,
            "minimum": null,
            "rateOfRise": null,
            "rateOfFall": null,
            "lowerWarningLevel": null,
            "higherWarningLevel": null,
            "missingValue": null,
            "startDate": null,
            "endDate": null,
            "noOfDataPresent": null,
            "remarks": null,
            "timeLabel1": null,
            "timeLabel2": null,
            "timeLabel3": null,
            "timeLabel4": null,
            "timeLabel5": null,
            "timeLabel6": null,
            "createdOn": "2024-05-04T09:05:34.302038",
            "createdBy": null,
            "updatedOn": "2024-05-04T09:05:34.302043",
            "updatedBy": null,
            "isActive": true
        },
        {
            "stationId": 142,
            "dataTypeId": 28,
            "timeInterval1": 4,
            "timeIntervalPartA": 1,
            "tsType": null,
            "timeIntervalPartB": null,
            "timeInterval2": null,
            "maximum": null,
            "minimum": null,
            "rateOfRise": null,
            "rateOfFall": null,
            "lowerWarningLevel": null,
            "higherWarningLevel": null,
            "missingValue": null,
            "startDate": null,
            "endDate": null,
            "noOfDataPresent": null,
            "remarks": null,
            "timeLabel1": null,
            "timeLabel2": null,
            "timeLabel3": null,
            "timeLabel4": null,
            "timeLabel5": null,
            "timeLabel6": null,
            "createdOn": "2024-05-04T09:05:34.308773",
            "createdBy": null,
            "updatedOn": "2024-05-04T09:05:34.308777",
            "updatedBy": null,
            "isActive": true
        },
        {
            "stationId": 142,
            "dataTypeId": 32,
            "timeInterval1": 3,
            "timeIntervalPartA": 1,
            "tsType": null,
            "timeIntervalPartB": null,
            "timeInterval2": null,
            "maximum": null,
            "minimum": null,
            "rateOfRise": null,
            "rateOfFall": null,
            "lowerWarningLevel": null,
            "higherWarningLevel": null,
            "missingValue": null,
            "startDate": null,
            "endDate": null,
            "noOfDataPresent": null,
            "remarks": null,
            "timeLabel1": null,
            "timeLabel2": null,
            "timeLabel3": null,
            "timeLabel4": null,
            "timeLabel5": null,
            "timeLabel6": null,
            "createdOn": "2024-05-04T09:05:34.318203",
            "createdBy": null,
            "updatedOn": "2024-05-04T09:05:34.318206",
            "updatedBy": null,
            "isActive": true
        },
        {
            "stationId": 142,
            "dataTypeId": 32,
            "timeInterval1": 3,
            "timeIntervalPartA": 2,
            "tsType": null,
            "timeIntervalPartB": null,
            "timeInterval2": null,
            "maximum": null,
            "minimum": null,
            "rateOfRise": null,
            "rateOfFall": null,
            "lowerWarningLevel": null,
            "higherWarningLevel": null,
            "missingValue": null,
            "startDate": null,
            "endDate": null,
            "noOfDataPresent": null,
            "remarks": null,
            "timeLabel1": null,
            "timeLabel2": null,
            "timeLabel3": null,
            "timeLabel4": null,
            "timeLabel5": null,
            "timeLabel6": null,
            "createdOn": "2024-05-04T09:05:34.322741",
            "createdBy": null,
            "updatedOn": "2024-05-04T09:05:34.322745",
            "updatedBy": null,
            "isActive": true
        },
        {
            "stationId": 142,
            "dataTypeId": 34,
            "timeInterval1": 4,
            "timeIntervalPartA": 1,
            "tsType": null,
            "timeIntervalPartB": null,
            "timeInterval2": null,
            "maximum": null,
            "minimum": null,
            "rateOfRise": null,
            "rateOfFall": null,
            "lowerWarningLevel": null,
            "higherWarningLevel": null,
            "missingValue": null,
            "startDate": null,
            "endDate": null,
            "noOfDataPresent": null,
            "remarks": null,
            "timeLabel1": null,
            "timeLabel2": null,
            "timeLabel3": null,
            "timeLabel4": null,
            "timeLabel5": null,
            "timeLabel6": null,
            "createdOn": "2024-05-04T09:05:34.328418",
            "createdBy": null,
            "updatedOn": "2024-05-04T09:05:34.328422",
            "updatedBy": null,
            "isActive": true
        },
        {
            "stationId": 105,
            "dataTypeId": 28,
            "timeInterval1": 4,
            "timeIntervalPartA": 1,
            "tsType": "1",
            "timeIntervalPartB": null,
            "timeInterval2": null,
            "maximum": null,
            "minimum": null,
            "rateOfRise": null,
            "rateOfFall": null,
            "lowerWarningLevel": null,
            "higherWarningLevel": null,
            "missingValue": 0,
            "startDate": null,
            "endDate": null,
            "noOfDataPresent": 0,
            "remarks": null,
            "timeLabel1": "1900-01-01T07:30:00",
            "timeLabel2": null,
            "timeLabel3": null,
            "timeLabel4": null,
            "timeLabel5": null,
            "timeLabel6": null,
            "createdOn": null,
            "createdBy": null,
            "updatedOn": "2024-05-23T19:26:27.101963",
            "updatedBy": null,
            "isActive": true
        },
        {
            "stationId": 105,
            "dataTypeId": 32,
            "timeInterval1": 3,
            "timeIntervalPartA": 1,
            "tsType": "1",
            "timeIntervalPartB": null,
            "timeInterval2": null,
            "maximum": 60.0,
            "minimum": 40.0,
            "rateOfRise": null,
            "rateOfFall": null,
            "lowerWarningLevel": 100.0,
            "higherWarningLevel": 200.0,
            "missingValue": 0,
            "startDate": null,
            "endDate": null,
            "noOfDataPresent": 0,
            "remarks": null,
            "timeLabel1": "1900-01-01T08:30:00",
            "timeLabel2": null,
            "timeLabel3": null,
            "timeLabel4": null,
            "timeLabel5": null,
            "timeLabel6": null,
            "createdOn": null,
            "createdBy": null,
            "updatedOn": "2024-05-23T19:26:27.106741",
            "updatedBy": null,
            "isActive": true
        },
        {
            "stationId": 12,
            "dataTypeId": 28,
            "timeInterval1": 4,
            "timeIntervalPartA": 1,
            "tsType": "1",
            "timeIntervalPartB": "2",
            "timeInterval2": 3,
            "maximum": 10.0,
            "minimum": 10.0,
            "rateOfRise": 10.0,
            "rateOfFall": 10.0,
            "lowerWarningLevel": 10.0,
            "higherWarningLevel": 10.0,
            "missingValue": 10,
            "startDate": "2024-05-01T12:13:58.248",
            "endDate": "2024-05-01T12:13:58.248",
            "noOfDataPresent": 10,
            "remarks": "Testing123",
            "timeLabel1": "2024-05-01T12:13:58.248",
            "timeLabel2": "2024-05-01T12:13:58.248",
            "timeLabel3": "2024-05-01T12:13:58.248",
            "timeLabel4": "2024-05-01T12:13:58.248",
            "timeLabel5": "2024-05-01T12:13:58.248",
            "timeLabel6": "2024-05-01T12:13:58.248",
            "createdOn": "2024-05-02T17:08:23.764668",
            "createdBy": 0,
            "updatedOn": "2024-06-07T10:37:15.208209",
            "updatedBy": 0,
            "isActive": null
        },
        {
            "stationId": 165,
            "dataTypeId": 55,
            "timeInterval1": 3,
            "timeIntervalPartA": 2,
            "tsType": null,
            "timeIntervalPartB": null,
            "timeInterval2": null,
            "maximum": 100.0,
            "minimum": 0.0,
            "rateOfRise": null,
            "rateOfFall": null,
            "lowerWarningLevel": 20.0,
            "higherWarningLevel": 80.0,
            "missingValue": null,
            "startDate": null,
            "endDate": null,
            "noOfDataPresent": null,
            "remarks": null,
            "timeLabel1": "1900-01-01T08:30:00",
            "timeLabel2": "1900-01-01T17:30:00",
            "timeLabel3": null,
            "timeLabel4": null,
            "timeLabel5": null,
            "timeLabel6": null,
            "createdOn": "2024-06-15T15:54:11.965206",
            "createdBy": null,
            "updatedOn": "2024-06-15T17:46:41.958972",
            "updatedBy": null,
            "isActive": false
        },
        {
            "stationId": 165,
            "dataTypeId": 56,
            "timeInterval1": 3,
            "timeIntervalPartA": 1,
            "tsType": null,
            "timeIntervalPartB": null,
            "timeInterval2": null,
            "maximum": 100.0,
            "minimum": 0.0,
            "rateOfRise": null,
            "rateOfFall": null,
            "lowerWarningLevel": 20.0,
            "higherWarningLevel": 80.0,
            "missingValue": null,
            "startDate": null,
            "endDate": null,
            "noOfDataPresent": null,
            "remarks": null,
            "timeLabel1": "1900-01-01T08:30:00",
            "timeLabel2": null,
            "timeLabel3": null,
            "timeLabel4": null,
            "timeLabel5": null,
            "timeLabel6": null,
            "createdOn": "2024-06-15T15:54:11.96969",
            "createdBy": null,
            "updatedOn": "2024-06-15T17:46:41.96416",
            "updatedBy": null,
            "isActive": false
        },
        {
            "stationId": 165,
            "dataTypeId": 54,
            "timeInterval1": 3,
            "timeIntervalPartA": 2,
            "tsType": null,
            "timeIntervalPartB": null,
            "timeInterval2": null,
            "maximum": 100.0,
            "minimum": 0.0,
            "rateOfRise": null,
            "rateOfFall": null,
            "lowerWarningLevel": 20.0,
            "higherWarningLevel": 80.0,
            "missingValue": null,
            "startDate": null,
            "endDate": null,
            "noOfDataPresent": null,
            "remarks": null,
            "timeLabel1": "1900-01-01T08:30:00",
            "timeLabel2": "1900-01-01T17:30:00",
            "timeLabel3": null,
            "timeLabel4": null,
            "timeLabel5": null,
            "timeLabel6": null,
            "createdOn": "2024-06-15T15:54:11.976218",
            "createdBy": null,
            "updatedOn": "2024-06-15T17:46:41.969256",
            "updatedBy": null,
            "isActive": false
        },
        {
            "stationId": 167,
            "dataTypeId": 44,
            "timeInterval1": 3,
            "timeIntervalPartA": 2,
            "tsType": null,
            "timeIntervalPartB": null,
            "timeInterval2": null,
            "maximum": 40.0,
            "minimum": 0.0,
            "rateOfRise": null,
            "rateOfFall": null,
            "lowerWarningLevel": 5.0,
            "higherWarningLevel": 30.0,
            "missingValue": null,
            "startDate": null,
            "endDate": null,
            "noOfDataPresent": null,
            "remarks": null,
            "timeLabel1": "1900-01-01T08:30:00",
            "timeLabel2": "1900-01-01T17:30:00",
            "timeLabel3": null,
            "timeLabel4": null,
            "timeLabel5": null,
            "timeLabel6": null,
            "createdOn": "2024-06-17T11:04:33.697716",
            "createdBy": null,
            "updatedOn": "2024-06-17T11:04:33.69772",
            "updatedBy": null,
            "isActive": false
        },
        {
            "stationId": 167,
            "dataTypeId": 15,
            "timeInterval1": 3,
            "timeIntervalPartA": 4,
            "tsType": null,
            "timeIntervalPartB": null,
            "timeInterval2": null,
            "maximum": 200.0,
            "minimum": 0.0,
            "rateOfRise": null,
            "rateOfFall": null,
            "lowerWarningLevel": 150.0,
            "higherWarningLevel": 180.0,
            "missingValue": null,
            "startDate": null,
            "endDate": null,
            "noOfDataPresent": null,
            "remarks": null,
            "timeLabel1": "1900-01-01T09:00:00",
            "timeLabel2": "1900-01-01T12:00:00",
            "timeLabel3": "1900-01-01T15:00:00",
            "timeLabel4": "1900-01-01T18:00:00",
            "timeLabel5": null,
            "timeLabel6": null,
            "createdOn": "2024-06-17T11:04:33.702412",
            "createdBy": null,
            "updatedOn": "2024-06-17T11:04:33.702416",
            "updatedBy": null,
            "isActive": false
        },
        {
            "stationId": 167,
            "dataTypeId": 46,
            "timeInterval1": 3,
            "timeIntervalPartA": 2,
            "tsType": null,
            "timeIntervalPartB": null,
            "timeInterval2": null,
            "maximum": 80.0,
            "minimum": 0.0,
            "rateOfRise": null,
            "rateOfFall": null,
            "lowerWarningLevel": 20.0,
            "higherWarningLevel": 60.0,
            "missingValue": null,
            "startDate": null,
            "endDate": null,
            "noOfDataPresent": null,
            "remarks": null,
            "timeLabel1": "1900-01-01T08:30:00",
            "timeLabel2": "1900-01-01T17:30:00",
            "timeLabel3": null,
            "timeLabel4": null,
            "timeLabel5": null,
            "timeLabel6": null,
            "createdOn": "2024-06-17T11:04:33.707875",
            "createdBy": null,
            "updatedOn": "2024-06-17T11:04:33.707879",
            "updatedBy": null,
            "isActive": false
        },
        {
            "stationId": 29,
            "dataTypeId": 22,
            "timeInterval1": 3,
            "timeIntervalPartA": 2,
            "tsType": "1",
            "timeIntervalPartB": "C",
            "timeInterval2": null,
            "maximum": 100.0,
            "minimum": 20.0,
            "rateOfRise": null,
            "rateOfFall": null,
            "lowerWarningLevel": 15.0,
            "higherWarningLevel": 80.0,
            "missingValue": 0,
            "startDate": null,
            "endDate": null,
            "noOfDataPresent": 0,
            "remarks": null,
            "timeLabel1": "1900-01-01T08:30:00",
            "timeLabel2": "1900-01-01T08:30:00",
            "timeLabel3": null,
            "timeLabel4": null,
            "timeLabel5": null,
            "timeLabel6": null,
            "createdOn": null,
            "createdBy": null,
            "updatedOn": "2024-06-03T10:35:37.355271",
            "updatedBy": null,
            "isActive": true
        },
        {
            "stationId": 29,
            "dataTypeId": 34,
            "timeInterval1": 4,
            "timeIntervalPartA": 1,
            "tsType": "1",
            "timeIntervalPartB": null,
            "timeInterval2": null,
            "maximum": null,
            "minimum": null,
            "rateOfRise": null,
            "rateOfFall": null,
            "lowerWarningLevel": null,
            "higherWarningLevel": null,
            "missingValue": 0,
            "startDate": null,
            "endDate": null,
            "noOfDataPresent": 0,
            "remarks": null,
            "timeLabel1": "1900-01-01T05:00:00",
            "timeLabel2": null,
            "timeLabel3": null,
            "timeLabel4": null,
            "timeLabel5": null,
            "timeLabel6": null,
            "createdOn": null,
            "createdBy": null,
            "updatedOn": "2024-06-03T10:35:37.358986",
            "updatedBy": null,
            "isActive": true
        },
        {
            "stationId": 29,
            "dataTypeId": 49,
            "timeInterval1": 3,
            "timeIntervalPartA": 2,
            "tsType": "1",
            "timeIntervalPartB": "C",
            "timeInterval2": null,
            "maximum": null,
            "minimum": null,
            "rateOfRise": null,
            "rateOfFall": null,
            "lowerWarningLevel": null,
            "higherWarningLevel": null,
            "missingValue": 0,
            "startDate": null,
            "endDate": null,
            "noOfDataPresent": 0,
            "remarks": null,
            "timeLabel1": "1900-01-01T08:30:00",
            "timeLabel2": "1900-01-01T08:30:00",
            "timeLabel3": null,
            "timeLabel4": null,
            "timeLabel5": null,
            "timeLabel6": null,
            "createdOn": null,
            "createdBy": null,
            "updatedOn": "2024-06-03T10:35:37.362719",
            "updatedBy": null,
            "isActive": true
        },
        {
            "stationId": 2,
            "dataTypeId": 28,
            "timeInterval1": 4,
            "timeIntervalPartA": 1,
            "tsType": "1",
            "timeIntervalPartB": null,
            "timeInterval2": null,
            "maximum": 100.0,
            "minimum": 10.0,
            "rateOfRise": null,
            "rateOfFall": null,
            "lowerWarningLevel": 20.0,
            "higherWarningLevel": 90.0,
            "missingValue": 0,
            "startDate": null,
            "endDate": null,
            "noOfDataPresent": 0,
            "remarks": null,
            "timeLabel1": "1900-01-01T08:30:00",
            "timeLabel2": null,
            "timeLabel3": null,
            "timeLabel4": null,
            "timeLabel5": null,
            "timeLabel6": null,
            "createdOn": null,
            "createdBy": null,
            "updatedOn": "2024-06-11T10:49:23.052818",
            "updatedBy": null,
            "isActive": true
        },
        {
            "stationId": 167,
            "dataTypeId": 50,
            "timeInterval1": 3,
            "timeIntervalPartA": 2,
            "tsType": null,
            "timeIntervalPartB": null,
            "timeInterval2": null,
            "maximum": 200.0,
            "minimum": 0.0,
            "rateOfRise": null,
            "rateOfFall": null,
            "lowerWarningLevel": 20.0,
            "higherWarningLevel": 100.0,
            "missingValue": null,
            "startDate": null,
            "endDate": null,
            "noOfDataPresent": null,
            "remarks": null,
            "timeLabel1": "1900-01-01T08:30:00",
            "timeLabel2": "1900-01-01T17:30:00",
            "timeLabel3": null,
            "timeLabel4": null,
            "timeLabel5": null,
            "timeLabel6": null,
            "createdOn": "2024-06-17T11:04:33.712432",
            "createdBy": null,
            "updatedOn": "2024-06-17T11:04:33.712435",
            "updatedBy": null,
            "isActive": false
        },
        {
            "stationId": 45,
            "dataTypeId": 34,
            "timeInterval1": 4,
            "timeIntervalPartA": 1,
            "tsType": "1",
            "timeIntervalPartB": null,
            "timeInterval2": null,
            "maximum": 100.0,
            "minimum": 20.0,
            "rateOfRise": null,
            "rateOfFall": null,
            "lowerWarningLevel": 70.4,
            "higherWarningLevel": 80.0,
            "missingValue": 0,
            "startDate": null,
            "endDate": null,
            "noOfDataPresent": 0,
            "remarks": null,
            "timeLabel1": "1900-01-01T05:00:00",
            "timeLabel2": null,
            "timeLabel3": null,
            "timeLabel4": null,
            "timeLabel5": null,
            "timeLabel6": null,
            "createdOn": null,
            "createdBy": null,
            "updatedOn": "2024-06-11T14:37:35.004724",
            "updatedBy": null,
            "isActive": true
        },
        {
            "stationId": 45,
            "dataTypeId": 20,
            "timeInterval1": 4,
            "timeIntervalPartA": 1,
            "tsType": null,
            "timeIntervalPartB": null,
            "timeInterval2": null,
            "maximum": null,
            "minimum": null,
            "rateOfRise": null,
            "rateOfFall": null,
            "lowerWarningLevel": null,
            "higherWarningLevel": null,
            "missingValue": null,
            "startDate": null,
            "endDate": null,
            "noOfDataPresent": null,
            "remarks": null,
            "timeLabel1": "1900-01-01T08:30:00",
            "timeLabel2": null,
            "timeLabel3": null,
            "timeLabel4": null,
            "timeLabel5": null,
            "timeLabel6": null,
            "createdOn": "2024-06-03T13:14:00.620394",
            "createdBy": null,
            "updatedOn": "2024-06-11T14:37:35.008291",
            "updatedBy": null,
            "isActive": false
        },
        {
            "stationId": 1,
            "dataTypeId": 8,
            "timeInterval1": 3,
            "timeIntervalPartA": 1,
            "tsType": null,
            "timeIntervalPartB": null,
            "timeInterval2": null,
            "maximum": 47.0,
            "minimum": 11.0,
            "rateOfRise": null,
            "rateOfFall": null,
            "lowerWarningLevel": 70.0,
            "higherWarningLevel": 90.0,
            "missingValue": null,
            "startDate": null,
            "endDate": null,
            "noOfDataPresent": null,
            "remarks": null,
            "timeLabel1": "1900-01-01T09:00:00",
            "timeLabel2": null,
            "timeLabel3": null,
            "timeLabel4": null,
            "timeLabel5": null,
            "timeLabel6": null,
            "createdOn": "2024-05-14T17:01:52.792003",
            "createdBy": null,
            "updatedOn": "2024-06-11T18:22:07.747705",
            "updatedBy": null,
            "isActive": true
        },
        {
            "stationId": 1,
            "dataTypeId": 32,
            "timeInterval1": 3,
            "timeIntervalPartA": 1,
            "tsType": "1",
            "timeIntervalPartB": null,
            "timeInterval2": null,
            "maximum": null,
            "minimum": 0.0,
            "rateOfRise": null,
            "rateOfFall": null,
            "lowerWarningLevel": null,
            "higherWarningLevel": null,
            "missingValue": 0,
            "startDate": null,
            "endDate": null,
            "noOfDataPresent": 0,
            "remarks": null,
            "timeLabel1": "1900-01-01T08:30:00",
            "timeLabel2": null,
            "timeLabel3": null,
            "timeLabel4": null,
            "timeLabel5": null,
            "timeLabel6": null,
            "createdOn": null,
            "createdBy": null,
            "updatedOn": "2024-06-11T18:22:07.760305",
            "updatedBy": null,
            "isActive": true
        },
        {
            "stationId": 167,
            "dataTypeId": 55,
            "timeInterval1": 3,
            "timeIntervalPartA": 2,
            "tsType": null,
            "timeIntervalPartB": null,
            "timeInterval2": null,
            "maximum": 100.0,
            "minimum": 0.0,
            "rateOfRise": null,
            "rateOfFall": null,
            "lowerWarningLevel": 20.0,
            "higherWarningLevel": 80.0,
            "missingValue": null,
            "startDate": null,
            "endDate": null,
            "noOfDataPresent": null,
            "remarks": null,
            "timeLabel1": "1900-01-01T08:30:00",
            "timeLabel2": "1900-01-01T17:30:00",
            "timeLabel3": null,
            "timeLabel4": null,
            "timeLabel5": null,
            "timeLabel6": null,
            "createdOn": "2024-06-17T11:04:33.717028",
            "createdBy": null,
            "updatedOn": "2024-06-17T11:04:33.717032",
            "updatedBy": null,
            "isActive": false
        },
        {
            "stationId": 167,
            "dataTypeId": 56,
            "timeInterval1": 3,
            "timeIntervalPartA": 1,
            "tsType": null,
            "timeIntervalPartB": null,
            "timeInterval2": null,
            "maximum": 100.0,
            "minimum": 0.0,
            "rateOfRise": null,
            "rateOfFall": null,
            "lowerWarningLevel": 20.0,
            "higherWarningLevel": 80.0,
            "missingValue": null,
            "startDate": null,
            "endDate": null,
            "noOfDataPresent": null,
            "remarks": null,
            "timeLabel1": "1900-01-01T08:30:00",
            "timeLabel2": null,
            "timeLabel3": null,
            "timeLabel4": null,
            "timeLabel5": null,
            "timeLabel6": null,
            "createdOn": "2024-06-17T11:04:33.721713",
            "createdBy": null,
            "updatedOn": "2024-06-17T11:04:33.721717",
            "updatedBy": null,
            "isActive": false
        },
        {
            "stationId": 167,
            "dataTypeId": 54,
            "timeInterval1": 3,
            "timeIntervalPartA": 2,
            "tsType": null,
            "timeIntervalPartB": null,
            "timeInterval2": null,
            "maximum": 100.0,
            "minimum": 0.0,
            "rateOfRise": null,
            "rateOfFall": null,
            "lowerWarningLevel": 20.0,
            "higherWarningLevel": 80.0,
            "missingValue": null,
            "startDate": null,
            "endDate": null,
            "noOfDataPresent": null,
            "remarks": null,
            "timeLabel1": "1900-01-01T08:30:00",
            "timeLabel2": "1900-01-01T17:30:00",
            "timeLabel3": null,
            "timeLabel4": null,
            "timeLabel5": null,
            "timeLabel6": null,
            "createdOn": "2024-06-17T11:04:33.72947",
            "createdBy": null,
            "updatedOn": "2024-06-17T11:04:33.729473",
            "updatedBy": null,
            "isActive": false
        },
        {
            "stationId": 141,
            "dataTypeId": 15,
            "timeInterval1": 3,
            "timeIntervalPartA": 4,
            "tsType": "1",
            "timeIntervalPartB": "C",
            "timeInterval2": null,
            "maximum": 200.0,
            "minimum": 0.0,
            "rateOfRise": null,
            "rateOfFall": null,
            "lowerWarningLevel": 150.0,
            "higherWarningLevel": 180.0,
            "missingValue": 0,
            "startDate": null,
            "endDate": null,
            "noOfDataPresent": 0,
            "remarks": null,
            "timeLabel1": "1900-01-01T09:00:00",
            "timeLabel2": "1900-01-01T12:00:00",
            "timeLabel3": "1900-01-01T15:00:00",
            "timeLabel4": "1900-01-01T18:00:00",
            "timeLabel5": null,
            "timeLabel6": null,
            "createdOn": null,
            "createdBy": null,
            "updatedOn": "2024-06-11T19:43:01.06529",
            "updatedBy": null,
            "isActive": true
        },
        {
            "stationId": 136,
            "dataTypeId": 15,
            "timeInterval1": 3,
            "timeIntervalPartA": 4,
            "tsType": "1",
            "timeIntervalPartB": "C",
            "timeInterval2": null,
            "maximum": 200.0,
            "minimum": 0.0,
            "rateOfRise": null,
            "rateOfFall": null,
            "lowerWarningLevel": 150.0,
            "higherWarningLevel": 180.0,
            "missingValue": 0,
            "startDate": null,
            "endDate": null,
            "noOfDataPresent": 0,
            "remarks": null,
            "timeLabel1": "1900-01-01T09:00:00",
            "timeLabel2": "1900-01-01T12:00:00",
            "timeLabel3": "1900-01-01T15:00:00",
            "timeLabel4": "1900-01-01T18:00:00",
            "timeLabel5": null,
            "timeLabel6": null,
            "createdOn": null,
            "createdBy": null,
            "updatedOn": "2024-06-13T10:17:16.449092",
            "updatedBy": null,
            "isActive": true
        },
        {
            "stationId": 138,
            "dataTypeId": 15,
            "timeInterval1": 3,
            "timeIntervalPartA": 4,
            "tsType": "1",
            "timeIntervalPartB": "C",
            "timeInterval2": null,
            "maximum": 100.0,
            "minimum": 0.0,
            "rateOfRise": null,
            "rateOfFall": null,
            "lowerWarningLevel": 50.0,
            "higherWarningLevel": 80.0,
            "missingValue": 0,
            "startDate": null,
            "endDate": null,
            "noOfDataPresent": 0,
            "remarks": null,
            "timeLabel1": "1900-01-01T09:00:00",
            "timeLabel2": "1900-01-01T12:00:00",
            "timeLabel3": "1900-01-01T15:00:00",
            "timeLabel4": "1900-01-01T18:00:00",
            "timeLabel5": null,
            "timeLabel6": null,
            "createdOn": null,
            "createdBy": null,
            "updatedOn": "2024-06-13T17:38:17.414584",
            "updatedBy": null,
            "isActive": true
        }
    ],
    "message": "Master Series Data",
    "txnId": "NA"
}
status code is 
200
Response Time is 
111
HTTP/1.1 200 OK
transfer-encoding=chunked
X-Content-Type-Options=nosniff
X-XSS-Protection=0
Cache-Control=no-cache, no-store, max-age=0, must-revalidate
Pragma=no-cache
Expires=0
X-Frame-Options=DENY
Content-Type=application/json
Date=Tue, 18 Jun 2024 07:09:18 GMT
Name of test method sucessfully executed:get_findAllSeries
]]></system-out>
  </testcase>
</testsuite>