<?xml version="1.0" encoding="UTF-8"?>
<!-- Generated by org.testng.reporters.JUnitReportReporter -->
<testsuite hostname="LAPTOP-FIGT9D78" failures="0" tests="1" name="com.swades.rainFall.testCases.GET_ge_sum_sqs_data" time="0.147" errors="0" timestamp="2024-06-13T15:28:29 IST" skipped="0">
  <testcase classname="com.swades.rainFall.testCases.GET_ge_sum_sqs_data" name="get_sum_sqs_data" time="0.147"/>
  <system-out/>
</testsuite> <!-- com.swades.rainFall.testCases.GET_ge_sum_sqs_data -->
