<?xml version="1.0" encoding="UTF-8"?>
<!-- Generated by org.testng.reporters.JUnitReportReporter -->
<testsuite hostname="LAPTOP-FIGT9D78" failures="0" tests="1" name="com.swades.master.testCases.GET_MasterResponseall" time="0.524" errors="0" timestamp="2024-06-16T00:25:12 IST" skipped="0">
  <testcase classname="com.swades.master.testCases.GET_MasterResponseall" name="get_MasterResponseall" time="0.524"/>
  <system-out/>
</testsuite> <!-- com.swades.master.testCases.GET_MasterResponseall -->
