<?xml version="1.0" encoding="UTF-8"?>
<!-- Generated by org.testng.reporters.JUnitReportReporter -->
<testsuite hostname="LAPTOP-FIGT9D78" failures="0" tests="1" name="com.swades.rainFall.testCases.GET_getobsdata" time="0.303" errors="0" timestamp="2024-06-13T17:34:19 IST" skipped="0">
  <testcase classname="com.swades.rainFall.testCases.GET_getobsdata" name="getobsdata" time="0.303"/>
  <system-out/>
</testsuite> <!-- com.swades.rainFall.testCases.GET_getobsdata -->
