<?xml version="1.0" encoding="UTF-8"?>
<!-- Generated by org.testng.reporters.JUnitReportReporter -->
<testsuite hostname="LAPTOP-FIGT9D78" failures="0" tests="1" name="com.swades.rainFall.testCases.GEt_getfpshrlydata" time="0.288" errors="0" timestamp="2024-05-20T20:24:57 IST" skipped="0">
  <testcase classname="com.swades.rainFall.testCases.GEt_getfpshrlydata" name="get_climaticall" time="0.288"/>
  <system-out/>
</testsuite> <!-- com.swades.rainFall.testCases.GEt_getfpshrlydata -->
