<?xml version="1.0" encoding="UTF-8"?>
<!-- Generated by org.testng.reporters.JUnitReportReporter -->
<testsuite hostname="LAPTOP-FIGT9D78" failures="0" tests="1" name="com.swades.rainFall.testCases.GET_getsumsqsdata" time="0.530" errors="0" timestamp="2024-05-18T19:54:48 IST" skipped="0">
  <testcase classname="com.swades.rainFall.testCases.GET_getsumsqsdata" name="get_climaticall" time="0.530"/>
  <system-out/>
</testsuite> <!-- com.swades.rainFall.testCases.GET_getsumsqsdata -->
