<?xml version="1.0" encoding="UTF-8"?>
<!-- Generated by org.testng.reporters.JUnitReportReporter -->
<testsuite hostname="LAPTOP-FIGT9D78" failures="0" tests="1" name="com.swades.testCases.GET_MasterStationAll" time="0.568" errors="0" timestamp="2024-04-30T19:05:25 IST" skipped="0">
  <testcase classname="com.swades.testCases.GET_MasterStationAll" name="get_DownloadMasterDetails" time="0.568"/>
  <system-out/>
</testsuite> <!-- com.swades.testCases.GET_MasterStationAll -->
