<?xml version="1.0" encoding="UTF-8"?>
<!-- Generated by org.testng.reporters.JUnitReportReporter -->
<testsuite hostname="LAPTOP-FIGT9D78" failures="0" tests="1" name="com.swades.testCases.GET_reportsargandsrgdata" time="0.145" errors="0" timestamp="2024-04-30T19:05:25 IST" skipped="0">
  <testcase classname="com.swades.testCases.GET_reportsargandsrgdata" name="get_reportsargandsrgdata" time="0.145"/>
  <system-out/>
</testsuite> <!-- com.swades.testCases.GET_reportsargandsrgdata -->
