<?xml version="1.0" encoding="UTF-8"?>
<!-- Generated by org.testng.reporters.JUnitReportReporter -->
<testsuite hostname="LAPTOP-FIGT9D78" failures="0" tests="1" name="com.swades.tokenAuthentication.GenerateToken" time="2.797" errors="0" timestamp="2024-04-30T11:55:45 IST" skipped="0">
  <testcase classname="com.swades.tokenAuthentication.GenerateToken" name="getAccessToken" time="2.797"/>
  <system-out/>
</testsuite> <!-- com.swades.tokenAuthentication.GenerateToken -->
