<?xml version="1.0" encoding="UTF-8"?>
<!-- Generated by org.testng.reporters.JUnitReportReporter -->
<testsuite hostname="LAPTOP-FIGT9D78" failures="0" tests="1" name="com.swades.master.testCases.GET_findAllSeries" time="1.137" errors="0" timestamp="2024-06-18T12:38:42 IST" skipped="0">
  <testcase classname="com.swades.master.testCases.GET_findAllSeries" name="get_findAllSeries" time="1.137"/>
  <system-out/>
</testsuite> <!-- com.swades.master.testCases.GET_findAllSeries -->
