<?xml version="1.0" encoding="UTF-8"?>
<!-- Generated by org.testng.reporters.JUnitReportReporter -->
<testsuite hostname="LAPTOP-FIGT9D78" failures="0" tests="1" name="com.swades.rainFall.testCases.GET_getmetric__hrly_data" time="0.270" errors="0" timestamp="2024-05-20T20:29:58 IST" skipped="0">
  <testcase classname="com.swades.rainFall.testCases.GET_getmetric__hrly_data" name="getmetric__hrly_data" time="0.270"/>
  <system-out/>
</testsuite> <!-- com.swades.rainFall.testCases.GET_getmetric__hrly_data -->
