<?xml version="1.0" encoding="UTF-8"?>
<!-- Generated by org.testng.reporters.JUnitReportReporter -->
<testsuite hostname="LAPTOP-FIGT9D78" failures="0" tests="1" name="com.swades.rainFall.testCases.GET_reportsargandsrgdata" time="0.414" errors="0" timestamp="2024-06-16T00:25:12 IST" skipped="0">
  <testcase classname="com.swades.rainFall.testCases.GET_reportsargandsrgdata" name="get_reportsargandsrgdata" time="0.414"/>
  <system-out/>
</testsuite> <!-- com.swades.rainFall.testCases.GET_reportsargandsrgdata -->
