<?xml version="1.0" encoding="UTF-8"?>
<!-- Generated by org.testng.reporters.JUnitReportReporter -->
<testsuite skipped="0" hostname="LAPTOP-FIGT9D78" name="com.swades.rainFall.testCases.GET_ObsDataHRall" tests="1" failures="0" timestamp="2024-06-18T12:39:19 IST" time="0.311" errors="0">
  <testcase name="get_ObsDataHRall" time="0.311" classname="com.swades.rainFall.testCases.GET_ObsDataHRall"/>
  <system-out/>
</testsuite> <!-- com.swades.rainFall.testCases.GET_ObsDataHRall -->
