<?xml version="1.0" encoding="UTF-8"?>
<!-- Generated by org.testng.reporters.JUnitReportReporter -->
<testsuite skipped="0" hostname="LAPTOP-FIGT9D78" name="com.swades.rainFall.testCases.GET_reportsargtdandsrgdata" tests="1" failures="0" timestamp="2024-06-18T12:39:19 IST" time="0.101" errors="0">
  <testcase name="get_reportsargtdandsrgdata" time="0.101" classname="com.swades.rainFall.testCases.GET_reportsargtdandsrgdata"/>
  <system-out/>
</testsuite> <!-- com.swades.rainFall.testCases.GET_reportsargtdandsrgdata -->
