<?xml version="1.0" encoding="UTF-8"?>
<!-- Generated by org.testng.reporters.JUnitReportReporter -->
<testsuite skipped="0" hostname="LAPTOP-FIGT9D78" name="com.swades.rainFall.testCases.GET_get_fps_hrly_data" tests="1" failures="0" timestamp="2024-06-18T12:39:19 IST" time="0.095" errors="0">
  <testcase name="get_fps_hrly_data" time="0.095" classname="com.swades.rainFall.testCases.GET_get_fps_hrly_data"/>
  <system-out/>
</testsuite> <!-- com.swades.rainFall.testCases.GET_get_fps_hrly_data -->
