<?xml version="1.0" encoding="UTF-8"?>
<!-- Generated by org.testng.reporters.JUnitReportReporter -->
<testsuite skipped="0" hostname="LAPTOP-FIGT9D78" name="com.swades.rainFall.testCases.GET_reportsargandsrgdata" tests="1" failures="0" timestamp="2024-06-18T12:39:19 IST" time="0.425" errors="0">
  <testcase name="get_reportsargandsrgdata" time="0.425" classname="com.swades.rainFall.testCases.GET_reportsargandsrgdata"/>
  <system-out/>
</testsuite> <!-- com.swades.rainFall.testCases.GET_reportsargandsrgdata -->
