<?xml version="1.0" encoding="UTF-8"?>
<!-- Generated by org.testng.reporters.JUnitReportReporter -->
<testsuite skipped="0" hostname="LAPTOP-FIGT9D78" name="com.swades.master.testCases.GET_MasterStationAll" tests="1" failures="0" timestamp="2024-06-18T12:39:19 IST" time="0.558" errors="0">
  <testcase name="get_DownloadMasterDetails" time="0.558" classname="com.swades.master.testCases.GET_MasterStationAll"/>
  <system-out/>
</testsuite> <!-- com.swades.master.testCases.GET_MasterStationAll -->
