<?xml version="1.0" encoding="UTF-8"?>
<!-- Generated by org.testng.reporters.JUnitReportReporter -->
<testsuite skipped="0" hostname="LAPTOP-FIGT9D78" name="com.swades.rainFall.testCases.GET_reportsrainfallReport" tests="1" failures="0" timestamp="2024-06-18T12:39:19 IST" time="0.271" errors="0">
  <testcase name="get_reportsrainfallReport" time="0.271" classname="com.swades.rainFall.testCases.GET_reportsrainfallReport"/>
  <system-out/>
</testsuite> <!-- com.swades.rainFall.testCases.GET_reportsrainfallReport -->
